#auto generated file!
12.0;34;53;66;50;44;53
18.0;33;53;65;51;45;53
24.0;33;53;66;50;45;53
30.0;33;53;66;50;45;53
36.0;33;53;66;50;45;53
42.0;33;53;66;50;45;53
48.0;33;53;66;51;45;52
54.0;33;53;66;51;46;51
60.0;33;53;66;50;47;51
66.0;34;53;66;50;47;50
72.0;34;53;66;50;47;50
78.0;35;53;66;50;47;49
84.0;35;53;66;50;47;49
90.0;35;52;67;50;47;49
96.0;35;52;67;49;48;49
102.0;34;53;67;49;48;49
108.0;34;53;67;49;48;49
114.0;34;53;67;49;48;49
120.0;34;53;67;49;48;49
126.0;34;53;67;49;48;49
132.0;34;53;67;49;48;49
138.0;34;53;68;48;48;49
144.0;34;53;68;48;48;49
150.0;34;53;68;50;48;47
156.0;34;54;67;50;48;47
162.0;33;55;67;49;49;47
168.0;33;55;68;48;49;47
174.0;33;55;68;48;49;47
180.0;33;55;68;48;48;48
186.0;33;55;68;48;48;48
192.0;33;55;68;48;48;48
198.0;33;56;67;48;48;48
204.0;33;56;67;49;47;48
210.0;33;56;67;49;47;48
216.0;33;56;67;49;48;47
222.0;33;56;67;49;48;47
228.0;33;56;67;49;48;47
234.0;33;56;68;48;49;46
240.0;33;56;68;48;49;46
246.0;32;56;68;49;49;46
252.0;32;56;68;50;49;45
258.0;32;56;68;50;49;45
264.0;32;56;68;50;49;45
270.0;32;56;67;50;49;46
276.0;32;56;67;50;49;46
282.0;32;56;67;50;49;46
288.0;31;58;67;49;49;46
294.0;31;57;67;49;50;46
300.0;30;57;67;49;50;47
306.0;30;57;66;50;50;47
312.0;30;57;66;50;50;47
318.0;30;58;66;49;50;47
324.0;29;58;66;49;50;48
330.0;29;58;66;49;50;48
336.0;29;58;66;49;50;48
342.0;28;59;66;49;50;48
348.0;28;59;66;48;51;48
354.0;28;59;66;48;51;48
360.0;28;59;66;48;51;48
366.0;28;59;67;47;51;48
372.0;28;59;67;47;51;48
378.0;28;59;67;47;51;48
384.0;27;58;68;47;51;49
390.0;28;57;68;47;51;49
396.0;28;56;67;49;51;49
402.0;28;56;67;49;51;49
408.0;28;56;67;49;51;49
414.0;28;56;67;49;51;49
420.0;29;56;67;48;51;49
426.0;29;56;67;48;51;49
432.0;29;56;67;48;51;49
438.0;29;56;67;48;51;49
444.0;29;56;67;48;51;49
450.0;29;56;67;48;51;49
456.0;29;56;67;48;51;49
462.0;29;56;66;48;52;49
468.0;29;56;66;48;52;49
474.0;29;55;66;48;52;50
480.0;29;55;66;48;52;50
486.0;29;54;66;48;53;50
492.0;29;53;66;48;53;51
498.0;29;54;66;47;53;51
504.0;29;53;66;47;54;51
510.0;29;53;67;46;54;51
516.0;29;52;67;47;55;50
522.0;29;51;67;47;56;50
528.0;29;51;67;47;56;50
534.0;29;51;67;47;55;51
540.0;28;51;67;47;56;51
546.0;29;51;67;47;56;50
552.0;29;51;67;47;56;50
558.0;29;51;67;47;56;50
564.0;29;51;67;47;56;50
570.0;29;51;67;47;56;50
576.0;29;51;67;47;56;50
582.0;28;51;67;47;56;51
588.0;28;51;67;47;56;51
594.0;28;51;67;47;56;51
600.0;28;51;67;47;56;51
606.0;28;51;67;47;56;51
612.0;28;50;67;48;56;51
618.0;28;50;67;48;56;51
624.0;28;51;67;47;56;51
630.0;28;51;66;47;57;51
636.0;28;51;66;47;57;51
642.0;28;51;66;47;57;51
648.0;28;51;65;47;57;52
654.0;28;51;65;47;57;52
660.0;28;51;65;47;57;52
666.0;28;51;65;47;57;52
672.0;28;51;65;47;57;52
678.0;28;51;65;47;57;52
684.0;28;50;65;46;57;54
690.0;29;49;65;46;57;54
696.0;29;49;65;46;57;54
702.0;29;49;65;47;56;54
708.0;29;49;65;47;56;54
714.0;28;50;65;47;56;54
720.0;28;50;65;47;56;54
726.0;28;49;65;47;58;53
732.0;28;49;65;47;58;53
738.0;28;50;65;46;58;53
744.0;28;50;65;46;58;53
750.0;28;50;65;46;58;53
756.0;28;49;65;46;58;54
762.0;29;49;65;46;58;53
768.0;29;49;65;47;57;53
774.0;30;49;65;47;56;53
780.0;29;49;66;47;56;53
786.0;29;49;66;47;56;53
792.0;29;49;66;47;56;53
798.0;30;49;65;47;56;53
804.0;30;50;65;47;55;53
810.0;31;50;65;47;54;53
816.0;32;50;65;46;54;53
822.0;32;50;65;46;54;53
828.0;32;50;65;46;54;53
834.0;34;49;64;46;54;53
840.0;34;49;64;46;54;53
846.0;34;49;64;46;54;53
852.0;34;49;64;46;54;53
858.0;34;49;65;45;55;52
864.0;34;49;65;45;55;52
870.0;34;49;65;45;55;52
876.0;34;49;65;45;55;52
882.0;34;49;65;45;55;52
888.0;34;49;65;45;55;52
894.0;34;49;65;45;55;52
900.0;34;49;65;44;56;52
906.0;34;49;65;44;56;52
912.0;34;49;65;44;56;52
918.0;34;49;66;44;56;51
924.0;34;49;66;44;56;51
930.0;34;49;66;44;56;51
936.0;33;49;66;44;57;51
942.0;33;49;66;44;57;51
948.0;33;48;66;44;57;52
954.0;33;48;66;44;57;52
960.0;34;48;66;44;57;51
966.0;34;48;66;43;58;51
972.0;33;49;66;43;58;51
978.0;33;48;67;42;58;52
984.0;33;48;67;42;58;52
990.0;34;47;67;42;58;52
996.0;34;47;67;42;58;52
1002.0;34;46;67;43;58;52
1008.0;34;46;67;43;58;52
1014.0;33;46;67;43;58;53
1020.0;33;46;67;43;58;53
1026.0;32;46;67;43;58;54
1032.0;31;46;67;43;59;54
1038.0;32;47;67;42;59;53
1044.0;31;47;67;42;59;54
1050.0;31;47;67;42;59;54
1056.0;32;47;66;42;59;54
1062.0;32;47;66;42;59;54
1068.0;32;47;66;42;59;54
1074.0;32;48;66;42;59;53
1080.0;32;49;65;42;59;53
1086.0;32;49;65;42;59;53
1092.0;32;50;65;41;59;53
1098.0;32;50;65;41;59;53
1104.0;32;50;65;41;59;53
1110.0;32;50;65;41;59;53
1116.0;32;50;64;41;60;53
1122.0;32;50;64;41;60;53
1128.0;33;49;64;41;61;52
1134.0;33;49;64;41;61;52
1140.0;33;48;64;41;62;52
1146.0;33;47;64;40;62;54
1152.0;33;47;64;40;62;54
1158.0;33;48;64;40;62;53
1164.0;34;47;63;41;62;53
1170.0;34;47;63;41;62;53
1176.0;34;47;63;41;62;53
1182.0;34;47;63;41;63;52
1188.0;34;47;65;41;62;51
1194.0;34;47;65;41;62;51
1200.0;33;47;67;41;62;50
1206.0;33;47;67;41;62;50
1212.0;33;47;67;41;62;50
1218.0;32;47;67;40;63;51
1224.0;32;46;68;40;63;51
1230.0;31;45;69;40;64;51
1236.0;31;44;70;40;64;51
1242.0;31;44;70;40;64;51
1248.0;31;44;71;39;64;51
1254.0;31;44;70;40;64;51
1260.0;31;44;70;40;64;51
1266.0;31;44;70;40;64;51
1272.0;31;44;70;40;64;51
1278.0;31;44;70;41;64;50
1284.0;31;44;70;41;64;50
1290.0;31;44;70;41;64;50
1296.0;31;44;70;41;64;50
1302.0;31;44;70;41;64;50
1308.0;32;45;69;41;64;49
1314.0;31;46;69;41;64;49
1320.0;31;46;69;41;64;49
1326.0;30;46;69;41;65;49
1332.0;30;46;68;41;66;49
1338.0;30;46;68;40;67;49
1344.0;30;46;67;40;67;50
1350.0;30;46;67;40;67;50
1356.0;30;45;67;41;67;50
1362.0;30;45;66;42;67;50
1368.0;30;45;66;42;67;50
1374.0;30;45;66;42;67;50
1380.0;30;45;66;42;67;50
1386.0;32;45;64;42;67;50
1392.0;32;44;67;43;66;48
1398.0;32;44;67;43;66;48
1404.0;31;44;68;43;66;48
1410.0;31;45;67;43;66;48
1416.0;31;45;67;43;66;48
1422.0;31;45;67;43;66;48
1428.0;31;45;67;43;66;48
1434.0;30;45;68;43;66;48
1440.0;29;45;68;43;66;49
1446.0;28;45;68;43;67;49
1452.0;28;45;69;42;67;49
1458.0;28;45;69;42;67;49
1464.0;28;46;68;42;67;49
1470.0;28;46;68;42;67;49
1476.0;28;46;68;42;67;49
1482.0;28;46;68;42;67;49
1488.0;28;46;68;42;67;49
1494.0;28;45;69;42;67;49
1500.0;28;45;68;42;66;51
1506.0;28;45;68;42;66;51
1512.0;28;44;70;42;65;51
1518.0;28;44;70;42;65;51
1524.0;27;44;70;43;65;51
1530.0;27;44;70;43;65;51
1536.0;26;45;70;44;64;51
1542.0;27;45;69;44;64;51
1548.0;26;46;69;45;63;51
1554.0;27;46;69;44;63;51
1560.0;27;46;69;44;63;51
1566.0;27;47;69;43;62;52
1572.0;27;47;68;43;62;53
1578.0;27;47;68;43;62;53
1584.0;26;46;69;44;62;53
1590.0;26;46;69;44;62;53
1596.0;26;46;69;44;62;53
1602.0;26;47;68;44;62;53
1608.0;26;48;69;43;61;53
1614.0;26;48;69;43;61;53
1620.0;26;48;69;43;61;53
1626.0;26;48;68;43;62;53
1632.0;26;48;69;42;62;53
1638.0;26;48;70;42;61;53
1644.0;25;48;70;42;62;53
1650.0;25;48;70;42;62;53
1656.0;24;48;70;43;62;53
1662.0;24;48;70;43;63;52
1668.0;23;48;70;43;64;52
1674.0;23;48;70;43;64;52
1680.0;24;49;70;43;63;51
1686.0;24;49;70;43;63;51
1692.0;24;49;70;43;63;51
1698.0;24;49;70;43;63;51
1704.0;24;49;70;43;63;51
1710.0;24;49;70;43;63;51
1716.0;24;49;70;43;64;50
1722.0;23;49;70;43;64;51
1728.0;23;48;70;43;65;51
1734.0;23;48;69;43;65;52
1740.0;23;48;69;42;66;52
1746.0;23;48;69;42;66;52
1752.0;23;48;69;42;66;52
1758.0;23;48;70;42;65;52
1764.0;24;48;70;42;65;51
1770.0;24;48;70;42;65;51
1776.0;24;48;70;42;65;51
1782.0;24;48;70;42;65;51
1788.0;24;48;69;42;66;51
1794.0;24;47;69;42;66;52
1800.0;24;48;69;42;66;51
1806.0;24;47;69;42;67;51
1812.0;23;47;69;42;68;51
1818.0;22;47;69;42;68;52
1824.0;22;47;69;42;68;52
1830.0;22;47;70;41;68;52
1836.0;22;47;70;41;68;52
1842.0;22;47;70;41;68;52
1848.0;22;47;70;41;68;52
1854.0;22;47;70;41;68;52
1860.0;22;47;70;41;68;52
1866.0;22;47;70;41;68;52
1872.0;22;47;70;41;68;52
1878.0;22;47;70;41;68;52
1884.0;23;47;70;41;68;51
1890.0;23;47;71;40;68;51
1896.0;23;47;71;40;68;51
1902.0;24;47;71;40;67;51
1908.0;24;46;70;40;68;52
1914.0;23;46;69;40;68;54
1920.0;23;46;69;40;68;54
1926.0;23;46;69;40;68;54
1932.0;23;46;69;40;68;54
1938.0;23;46;69;40;68;54
1944.0;24;45;70;40;68;53
1950.0;25;45;69;40;68;53
1956.0;25;44;70;40;68;53
1962.0;25;44;70;40;68;53
1968.0;25;44;70;40;68;53
1974.0;26;43;70;40;68;53
1980.0;27;43;70;39;68;53
1986.0;27;43;69;40;68;53
1992.0;27;43;69;40;68;53
1998.0;27;43;69;39;69;53
2004.0;27;42;70;40;69;52
2010.0;27;42;71;40;69;51
2016.0;27;42;72;40;68;51
2022.0;27;42;72;40;68;51
2028.0;27;42;72;40;68;51
2034.0;27;42;72;40;68;51
2040.0;27;42;72;40;68;51
2046.0;26;42;72;40;69;51
2052.0;26;42;72;39;69;52
2058.0;26;43;72;39;68;52
2064.0;26;43;72;39;68;52
2070.0;26;43;72;39;68;52
2076.0;25;43;73;39;69;51
2082.0;25;44;72;39;69;51
2088.0;26;43;72;39;68;52
2094.0;26;43;72;39;68;52
2100.0;26;45;71;39;67;52
2106.0;26;45;71;38;68;52
2112.0;26;45;71;38;68;52
2118.0;26;45;71;37;68;53
2124.0;26;45;71;37;68;53
2130.0;26;46;70;37;68;53
2136.0;27;46;69;37;68;53
2142.0;27;46;70;37;67;53
2148.0;26;47;70;37;67;53
2154.0;26;47;69;38;67;53
2160.0;26;47;68;40;66;53
2166.0;26;47;69;40;66;52
2172.0;26;46;70;40;66;52
2178.0;27;45;71;39;66;52
2184.0;27;46;70;39;66;52
2190.0;27;46;70;39;66;52
2196.0;27;46;70;39;66;52
2202.0;26;47;70;38;67;52
2208.0;26;48;69;38;67;52
2214.0;26;49;69;38;66;52
2220.0;26;47;69;38;66;54
2226.0;26;47;69;38;66;54
2232.0;26;47;69;38;66;54
2238.0;26;47;69;38;66;54
2244.0;26;47;69;38;66;54
2250.0;26;47;67;39;67;54
2256.0;26;47;67;39;67;54
2262.0;27;47;67;38;67;54
2268.0;28;47;66;38;67;54
2274.0;27;47;67;38;68;53
2280.0;27;47;67;38;68;53
2286.0;27;47;67;38;67;54
2292.0;27;46;67;39;67;54
2298.0;26;46;66;39;67;56
2304.0;26;46;66;40;67;55
2310.0;26;46;65;40;67;56
2316.0;26;46;65;40;67;56
2322.0;26;46;65;40;67;56
2328.0;26;46;65;40;67;56
2334.0;27;46;64;40;67;56
2340.0;27;47;63;40;67;56
2346.0;28;47;62;40;67;56
2352.0;28;47;62;40;67;56
2358.0;28;46;63;40;67;56
2364.0;28;46;63;40;67;56
2370.0;28;47;63;40;67;55
2376.0;28;46;63;42;67;54
2382.0;27;46;64;42;67;54
2388.0;27;45;64;43;67;54
2394.0;27;46;64;43;67;53
2400.0;26;46;64;43;67;54
2406.0;27;46;64;43;66;54
2412.0;27;46;64;43;66;54
2418.0;27;46;64;43;66;54
2424.0;27;46;64;43;66;54
2430.0;28;46;63;43;66;54
2436.0;28;46;63;43;66;54
2442.0;29;46;63;42;66;54
2448.0;29;46;63;42;66;54
2454.0;29;45;64;42;66;54
2460.0;29;45;64;42;66;54
2466.0;29;45;64;41;66;55
2472.0;29;45;64;41;66;55
2478.0;29;45;63;41;67;55
2484.0;29;45;63;41;67;55
2490.0;29;46;63;40;67;55
2496.0;29;46;63;40;67;55
2502.0;29;46;64;40;66;55
2508.0;30;47;63;40;66;54
2514.0;30;48;63;40;66;53
2520.0;30;48;62;40;66;54
2526.0;30;47;62;40;67;54
2532.0;30;47;62;40;67;54
2538.0;30;47;62;40;66;55
2544.0;30;47;62;40;66;55
2550.0;30;47;62;41;65;55
2556.0;29;47;62;41;66;55
2562.0;28;47;62;40;66;57
2568.0;27;47;62;41;66;57
2574.0;27;47;62;41;66;57
2580.0;27;47;62;41;66;57
2586.0;27;46;62;42;66;57
2592.0;26;47;61;42;67;57
2598.0;27;46;61;43;66;57
2604.0;27;46;61;43;66;57
2610.0;27;47;61;43;66;56
2616.0;26;49;61;43;65;56
2622.0;26;50;61;43;65;55
2628.0;25;50;61;44;65;55
2634.0;26;49;61;44;65;55
2640.0;27;49;62;43;64;55
2646.0;27;50;62;42;64;55
2652.0;27;50;63;41;64;55
2658.0;27;51;62;41;65;54
2664.0;27;51;62;41;65;54
2670.0;27;51;62;41;65;54
2676.0;27;51;62;41;65;54
2682.0;26;51;62;42;65;54
2688.0;26;51;62;43;65;53
2694.0;26;51;62;43;65;53
2700.0;26;51;62;43;65;53
2706.0;26;51;61;44;65;53
2712.0;26;51;61;44;65;53
2718.0;26;51;61;44;65;53
2724.0;26;51;61;44;65;53
2730.0;26;51;61;44;65;53
2736.0;26;51;61;44;65;53
2742.0;26;51;61;44;65;53
2748.0;25;51;60;45;66;53
2754.0;25;51;60;45;66;53
2760.0;25;51;60;45;66;53
2766.0;25;50;61;45;66;53
2772.0;24;49;61;45;67;54
2778.0;24;49;61;45;67;54
2784.0;24;49;62;45;67;53
2790.0;24;49;62;46;66;53
2796.0;24;49;62;46;66;53
2802.0;24;49;62;46;66;53
2808.0;25;49;63;46;66;51
2814.0;24;49;63;47;67;50
2820.0;24;49;63;47;67;50
2826.0;24;49;63;47;67;50
2832.0;24;49;63;47;67;50
2838.0;24;49;63;47;68;49
2844.0;24;48;63;47;68;50
2850.0;24;48;63;47;68;50
2856.0;24;48;63;48;67;50
2862.0;24;48;63;48;67;50
2868.0;24;48;63;48;67;50
2874.0;24;48;63;48;67;50
2880.0;24;48;62;49;67;50
2886.0;23;48;62;50;67;50
2892.0;25;48;62;50;66;49
2898.0;25;48;63;50;66;48
2904.0;25;48;63;50;66;48
2910.0;24;48;63;50;67;48
2916.0;24;47;63;50;68;48
2922.0;24;47;63;50;68;48
2928.0;24;47;63;49;68;49
2934.0;25;46;63;49;68;49
2940.0;25;46;63;49;68;49
2946.0;25;45;64;49;68;49
2952.0;25;45;65;49;67;49
2958.0;25;44;65;49;68;49
2964.0;26;44;64;49;68;49
2970.0;26;44;64;49;68;49
2976.0;26;43;65;49;68;49
2982.0;25;43;65;49;68;50
2988.0;25;43;65;49;68;50
2994.0;25;43;65;49;68;50
3000.0;25;43;65;49;68;50
3006.0;25;43;65;49;68;50
3012.0;25;43;65;49;68;50
3018.0;25;43;65;49;68;50
3024.0;25;42;66;49;68;50
3030.0;25;42;66;49;68;50
3036.0;25;43;66;48;68;50
3042.0;25;43;66;48;68;50
3048.0;26;43;65;48;68;50
3054.0;26;43;65;48;68;50
3060.0;27;43;64;48;68;50
3066.0;27;43;64;48;68;50
3072.0;27;43;64;48;68;50
3078.0;27;43;63;48;69;50
3084.0;28;43;62;48;69;50
3090.0;28;43;62;48;69;50
3096.0;28;43;62;48;69;50
3102.0;28;43;62;48;69;50
3108.0;28;43;62;48;69;50
3114.0;28;43;62;48;69;50
3120.0;26;43;63;48;69;51
3126.0;26;43;63;48;69;51
3132.0;26;43;63;48;69;51
3138.0;26;43;63;48;69;51
3144.0;25;42;63;48;70;52
3150.0;24;42;64;48;70;52
3156.0;24;42;64;48;69;53
3162.0;24;43;63;48;69;53
3168.0;24;43;63;48;69;53
3174.0;24;44;63;48;69;52
3180.0;23;42;64;48;71;52
3186.0;23;41;65;48;71;52
3192.0;23;41;65;48;71;52
3198.0;23;41;65;48;71;52
3204.0;23;41;65;48;71;52
3210.0;23;43;64;48;71;51
3216.0;23;43;64;48;71;51
3222.0;23;43;64;48;71;51
3228.0;23;43;65;47;71;51
3234.0;23;43;65;47;71;51
3240.0;23;43;65;47;71;51
3246.0;23;44;65;47;71;50
3252.0;23;43;66;47;71;50
3258.0;23;43;66;47;71;50
3264.0;23;43;66;47;71;50
3270.0;23;43;66;47;71;50
3276.0;23;43;66;47;71;50
3282.0;22;43;66;47;72;50
3288.0;22;43;66;47;72;50
3294.0;21;43;66;48;72;50
3300.0;21;43;66;48;72;50
3306.0;21;43;66;48;72;50
3312.0;22;43;66;47;72;50
3318.0;23;43;66;46;72;50
3324.0;23;43;66;46;72;50
3330.0;23;43;65;46;72;51
3336.0;23;44;65;45;72;51
3342.0;23;44;65;45;72;51
3348.0;23;44;65;45;72;51
3354.0;23;44;65;45;72;51
3360.0;23;44;65;45;72;51
3366.0;24;44;64;44;71;53
3372.0;25;44;64;43;71;53
3378.0;25;43;64;43;72;53
3384.0;26;43;64;42;72;53
3390.0;25;43;64;43;72;53
3396.0;25;43;64;43;72;53
3402.0;25;43;64;43;72;53
3408.0;26;43;64;42;72;53
3414.0;26;43;64;42;72;53
3420.0;26;43;64;42;72;53
3426.0;26;42;64;41;73;54
3432.0;27;42;63;42;72;54
3438.0;27;42;63;42;73;53
3444.0;27;41;63;42;73;54
3450.0;27;41;63;43;73;53
3456.0;27;41;63;43;73;53
3462.0;26;41;63;43;73;54
3468.0;26;41;63;43;73;54
3474.0;26;41;63;43;73;54
3480.0;26;41;63;43;73;54
3486.0;26;41;62;42;74;55
3492.0;26;41;62;42;74;55
3498.0;26;41;62;42;74;55
3504.0;26;41;62;42;74;55
3510.0;26;41;62;42;74;55
3516.0;26;41;62;42;74;55
3522.0;26;41;62;42;74;55
3528.0;26;42;62;42;74;54
3534.0;25;42;63;42;74;54
3540.0;25;42;63;42;74;54
3546.0;25;41;63;43;74;54
3552.0;25;40;63;44;73;55
3558.0;25;40;63;44;73;55
3564.0;26;40;63;44;73;54
3570.0;25;40;63;44;73;55
3576.0;25;40;63;44;73;55
3582.0;25;40;63;44;73;55
3588.0;25;40;63;44;73;55
3594.0;25;41;64;44;72;54
3600.0;24;41;64;44;72;55
3606.0;24;41;64;44;72;55
3612.0;24;41;64;44;72;55
3618.0;24;41;64;44;72;55
3624.0;24;41;64;44;72;55
3630.0;24;40;64;44;72;56
3636.0;24;40;64;45;71;56
3642.0;24;40;64;45;71;56
3648.0;24;40;64;45;71;56
3654.0;25;40;64;45;70;56
3660.0;25;40;64;45;70;56
3666.0;25;40;64;45;70;56
3672.0;25;40;64;45;70;56
3678.0;25;40;65;45;69;56
3684.0;25;40;65;45;69;56
3690.0;25;40;65;45;69;56
3696.0;25;40;65;45;69;56
3702.0;25;40;66;45;68;56
3708.0;25;40;66;45;68;56
3714.0;25;40;66;45;68;56
3720.0;25;40;66;45;68;56
3726.0;26;40;65;45;68;56
3732.0;26;40;65;45;68;56
3738.0;26;42;66;44;66;56
3744.0;26;42;66;44;66;56
3750.0;26;42;66;44;66;56
3756.0;26;42;66;45;66;55
3762.0;26;42;66;45;66;55
3768.0;26;42;66;45;66;55
3774.0;26;41;66;45;66;56
3780.0;26;40;67;45;66;56
3786.0;26;40;67;45;66;56
3792.0;26;40;67;45;66;56
3798.0;26;41;67;44;66;56
3804.0;26;41;67;44;66;56
3810.0;27;41;67;44;65;56
3816.0;27;41;67;44;65;56
3822.0;27;41;67;44;65;56
3828.0;27;39;67;45;66;56
3834.0;27;39;67;45;66;56
3840.0;27;39;67;45;66;56
3846.0;27;38;67;46;66;56
3852.0;27;38;67;46;66;56
3858.0;27;38;67;46;66;56
3864.0;27;38;67;46;66;56
3870.0;27;38;67;46;66;56
3876.0;27;38;68;46;65;56
3882.0;27;38;68;46;65;56
3888.0;27;37;68;47;65;56
3894.0;26;37;68;48;65;56
3900.0;26;37;68;48;65;56
3906.0;26;37;68;47;65;57
3912.0;26;37;68;48;66;55
3918.0;27;36;68;48;66;55
3924.0;28;36;68;47;66;55
3930.0;27;37;68;47;67;54
3936.0;27;37;68;48;66;54
3942.0;27;37;67;48;66;55
3948.0;27;37;68;48;65;55
3954.0;26;37;68;49;65;55
3960.0;27;36;68;49;65;55
3966.0;27;36;68;49;65;55
3972.0;26;37;67;49;65;56
3978.0;26;38;67;49;65;55
3984.0;27;38;67;48;65;55
3990.0;28;39;66;48;65;54
3996.0;29;40;65;47;65;54
4002.0;29;40;66;47;64;54
4008.0;29;40;67;47;63;54
4014.0;29;40;67;47;63;54
4020.0;29;40;67;47;63;54
4026.0;29;40;67;47;63;54
4032.0;30;40;66;47;63;54
4038.0;30;40;66;47;63;54
4044.0;30;40;65;47;63;55
4050.0;30;39;66;47;63;55
4056.0;29;39;66;47;63;56
4062.0;27;39;67;46;65;56
4068.0;26;40;67;46;65;56
4074.0;26;40;66;46;66;56
4080.0;25;41;66;45;67;56
4086.0;26;40;66;45;67;56
4092.0;26;40;66;45;67;56
4098.0;26;40;66;45;67;56
4104.0;25;40;66;45;67;57
4110.0;25;40;66;45;67;57
4116.0;25;40;66;45;67;57
4122.0;25;40;66;45;67;57
4128.0;25;40;66;45;67;57
4134.0;25;40;66;45;67;57
4140.0;25;40;66;44;68;57
4146.0;25;40;66;43;69;57
4152.0;25;40;65;43;70;57
4158.0;25;40;65;43;70;57
4164.0;25;40;65;43;70;57
4170.0;25;40;66;43;69;57
4176.0;25;40;66;43;69;57
4182.0;24;40;66;43;69;58
4188.0;24;40;66;43;69;58
4194.0;25;40;66;43;68;58
4200.0;25;40;66;43;68;58
4206.0;25;40;66;42;68;59
4212.0;25;40;66;42;68;59
4218.0;25;40;66;42;68;59
4224.0;25;40;65;42;68;60
4230.0;25;41;65;42;68;59
4236.0;26;41;64;42;68;59
4242.0;26;41;64;42;68;59
4248.0;26;41;64;42;68;59
4254.0;26;41;64;42;68;59
4260.0;26;41;64;42;68;59
4266.0;27;41;64;43;66;59
4272.0;27;41;64;43;66;59
4278.0;27;41;64;43;66;59
4284.0;27;41;64;43;66;59
4290.0;27;41;64;43;66;59
4296.0;27;41;64;43;66;59
4302.0;27;41;64;43;66;59
4308.0;27;41;64;43;66;59
4314.0;27;41;65;42;65;60
4320.0;27;41;65;42;65;60
4326.0;27;41;64;42;64;62
4332.0;28;40;65;42;63;62
4338.0;28;40;65;42;63;62
4344.0;28;41;65;42;63;61
4350.0;28;41;65;42;63;61
4356.0;28;41;65;42;63;61
4362.0;28;41;65;43;62;61
4368.0;28;41;65;43;62;61
4374.0;28;41;65;43;62;61
4380.0;28;41;65;43;62;61
4386.0;28;40;65;42;64;61
4392.0;28;40;64;43;64;61
4398.0;28;40;64;43;64;61
4404.0;29;40;63;43;64;61
4410.0;29;40;63;43;64;61
4416.0;30;40;63;43;63;61
4422.0;30;40;63;43;63;61
4428.0;30;40;63;43;63;61
4434.0;30;41;63;42;63;61
4440.0;30;41;63;42;63;61
4446.0;30;41;63;42;63;61
4452.0;30;40;64;42;64;60
4458.0;29;40;65;42;64;60
4464.0;29;40;65;42;64;60
4470.0;29;40;65;42;64;60
4476.0;29;40;65;42;64;60
4482.0;29;40;66;42;64;59
4488.0;29;40;66;42;64;59
4494.0;29;39;66;43;64;59
4500.0;29;39;66;43;64;59
4506.0;30;38;66;43;64;59
4512.0;30;38;65;44;64;59
4518.0;30;39;65;44;64;58
4524.0;29;39;65;44;64;59
4530.0;29;39;65;44;64;59
4536.0;29;39;64;45;64;59
4542.0;29;38;64;45;64;60
4548.0;29;38;63;45;64;61
4554.0;29;38;63;45;64;61
4560.0;29;38;65;45;64;59
4566.0;28;37;66;45;65;59
4572.0;28;37;66;45;65;59
4578.0;28;38;67;45;63;59
4584.0;28;38;67;45;63;59
4590.0;28;39;68;45;63;57
4596.0;28;39;68;45;63;57
4602.0;28;39;68;45;63;57
4608.0;28;39;68;45;63;57
4614.0;28;39;68;45;63;57
4620.0;28;39;68;45;63;57
4626.0;28;40;68;44;63;57
4632.0;28;40;68;44;63;57
4638.0;28;40;68;44;63;57
4644.0;28;40;68;43;63;58
4650.0;28;40;69;42;63;58
4656.0;28;41;68;42;63;58
4662.0;28;41;68;42;63;58
4668.0;28;41;68;42;63;58
4674.0;27;42;68;42;64;57
4680.0;28;42;67;42;64;57
4686.0;28;42;67;42;64;57
4692.0;29;41;67;43;64;56
4698.0;29;41;67;43;64;56
4704.0;29;41;68;43;63;56
4710.0;29;41;68;43;63;56
4716.0;29;41;68;43;63;56
4722.0;29;42;67;43;64;55
4728.0;29;42;67;43;64;55
4734.0;28;42;67;43;64;56
4740.0;28;41;67;43;65;56
4746.0;28;41;67;43;65;56
4752.0;28;42;67;43;64;56
4758.0;28;42;67;43;64;56
4764.0;28;42;67;44;63;56
4770.0;28;42;67;44;63;56
4776.0;28;42;67;44;63;56
4782.0;28;41;67;44;63;57
4788.0;28;42;67;44;63;56
4794.0;28;42;67;44;63;56
4800.0;28;42;67;45;63;55
4806.0;28;43;67;45;63;54
4812.0;28;43;66;45;64;54
4818.0;28;43;66;45;64;54
4824.0;28;43;65;45;65;54
4830.0;27;44;66;45;65;53
4836.0;27;45;65;44;65;54
4842.0;28;45;64;44;65;54
4848.0;29;44;63;44;65;55
4854.0;29;44;63;44;65;55
4860.0;29;43;63;44;66;55
4866.0;29;43;63;44;66;55
4872.0;29;42;63;45;66;55
4878.0;29;42;63;45;66;55
4884.0;28;42;62;46;67;55
4890.0;27;42;62;46;67;56
4896.0;27;42;62;46;67;56
4902.0;29;42;61;46;67;55
4908.0;29;42;61;46;67;55
4914.0;28;42;60;47;68;55
4920.0;28;42;60;47;68;55
4926.0;29;42;59;47;68;55
4932.0;28;42;59;47;68;56
4938.0;28;42;59;47;68;56
4944.0;28;42;59;47;68;56
4950.0;28;43;59;46;68;56
4956.0;28;43;59;46;67;57
4962.0;28;43;59;46;67;57
4968.0;28;43;59;45;67;58
4974.0;28;43;59;45;67;58
4980.0;28;42;60;45;67;58
4986.0;29;42;59;45;67;58
4992.0;28;42;59;46;67;58
4998.0;28;42;59;46;67;58
5004.0;28;42;59;46;67;58
5010.0;28;42;59;46;67;58
5016.0;28;42;60;46;67;57
5022.0;27;42;60;46;68;57
5028.0;27;42;59;46;69;57
5034.0;26;42;59;46;70;57
5040.0;26;41;59;47;71;56
5046.0;26;41;60;46;71;56
5052.0;26;41;59;46;71;57
5058.0;27;41;59;45;71;57
5064.0;27;41;59;45;71;57
5070.0;27;41;59;45;71;57
5076.0;26;41;59;45;71;58
5082.0;26;41;59;45;71;58
5088.0;25;42;60;45;71;57
5094.0;25;43;60;45;71;56
5100.0;25;43;60;45;71;56
5106.0;26;42;60;45;71;56
5112.0;25;42;60;45;71;57
5118.0;25;42;60;45;71;57
5124.0;25;42;60;45;71;57
5130.0;25;42;60;46;70;57
5136.0;25;42;60;46;70;57
5142.0;25;42;60;46;70;57
5148.0;25;41;61;46;70;57
5154.0;25;41;61;46;70;57
5160.0;25;41;61;46;70;57
5166.0;25;41;61;46;70;57
5172.0;25;41;61;46;70;57
5178.0;25;41;61;46;70;57
5184.0;25;41;61;46;70;57
5190.0;25;41;61;46;70;57
5196.0;25;41;62;45;70;57
5202.0;24;41;62;46;70;57
5208.0;24;41;62;46;70;57
5214.0;24;41;63;45;70;57
5220.0;23;41;64;45;70;57
5226.0;23;41;64;45;70;57
5232.0;23;41;65;44;70;57
5238.0;22;42;65;44;70;57
5244.0;22;42;65;44;70;57
5250.0;22;42;65;45;69;57
5256.0;22;42;65;45;69;57
5262.0;21;43;65;45;69;57
5268.0;21;43;65;45;69;57
5274.0;21;43;65;45;69;57
5280.0;21;43;65;45;69;57
5286.0;21;43;65;45;69;57
5292.0;21;43;65;45;69;57
5298.0;21;43;64;43;69;60
5304.0;21;43;64;43;69;60
5310.0;21;43;64;43;69;60
5316.0;21;43;64;43;69;60
5322.0;21;43;64;43;69;60
5328.0;22;43;64;43;69;59
5334.0;22;43;64;43;69;59
5340.0;21;44;64;43;68;60
5346.0;21;44;64;43;68;60
5352.0;22;44;64;43;67;60
5358.0;21;45;64;42;67;61
5364.0;20;45;63;43;67;62
5370.0;20;45;63;43;67;62
5376.0;20;45;63;44;68;60
5382.0;20;45;63;44;68;60
5388.0;21;44;63;44;68;60
5394.0;21;43;63;44;69;60
5400.0;21;43;63;44;69;60
5406.0;21;43;63;44;69;60
5412.0;21;43;63;44;68;61
5418.0;21;43;62;44;69;61
5424.0;21;43;62;44;69;61
5430.0;20;43;62;44;69;62
5436.0;20;43;62;44;69;62
5442.0;20;44;62;45;69;60
5448.0;20;44;62;45;69;60
5454.0;20;44;62;45;69;60
5460.0;20;44;63;45;69;59
5466.0;20;45;63;44;69;59
5472.0;20;45;63;43;69;60
5478.0;20;45;63;43;69;60
5484.0;20;45;63;41;71;60
5490.0;20;44;63;42;71;60
5496.0;20;44;63;42;72;59
5502.0;20;44;63;42;72;59
5508.0;20;43;63;43;72;59
5514.0;20;43;63;43;72;59
5520.0;20;44;62;43;72;59
5526.0;20;44;62;43;72;59
5532.0;20;44;62;43;72;59
5538.0;21;43;62;42;73;59
5544.0;21;43;62;42;73;59
5550.0;21;43;62;42;73;59
5556.0;21;42;61;42;74;60
5562.0;21;42;61;42;74;60
5568.0;22;41;60;43;75;59
5574.0;23;41;60;43;74;59
5580.0;23;41;60;43;74;59
5586.0;23;41;60;43;75;58
5592.0;23;41;61;43;75;57
5598.0;23;41;62;43;74;57
5604.0;23;41;62;43;74;57
5610.0;23;41;62;43;74;57
5616.0;23;41;62;43;74;57
5622.0;23;41;62;43;74;57
5628.0;23;41;62;43;74;57
5634.0;23;41;62;43;74;57
5640.0;24;40;62;43;74;57
5646.0;24;40;62;43;74;57
5652.0;24;40;62;43;74;57
5658.0;24;39;63;42;75;57
5664.0;24;39;63;42;75;57
5670.0;24;39;63;42;75;57
5676.0;24;38;64;42;75;57
5682.0;25;38;64;42;74;57
5688.0;25;38;63;41;75;58
5694.0;25;38;63;41;75;58
5700.0;25;38;63;40;76;58
5706.0;25;38;64;40;76;57
5712.0;25;38;64;40;76;57
5718.0;25;38;64;40;76;57
5724.0;25;38;63;40;78;56
5730.0;25;38;64;40;78;55
5736.0;25;39;64;39;78;55
5742.0;25;39;64;39;78;55
5748.0;25;39;64;39;78;55
5754.0;26;39;64;39;77;55
5760.0;26;39;64;39;78;54
5766.0;26;39;64;39;78;54
5772.0;25;39;64;39;79;54
5778.0;26;38;63;39;79;55
5784.0;26;39;63;39;79;54
5790.0;26;39;63;40;78;54
5796.0;26;40;63;40;76;55
5802.0;27;40;62;40;77;54
5808.0;27;40;62;40;77;54
5814.0;28;39;62;40;77;54
5820.0;27;39;63;41;76;54
5826.0;26;40;63;41;76;54
5832.0;25;40;63;41;76;55
5838.0;25;40;63;41;76;55
5844.0;25;40;63;41;76;55
5850.0;24;39;63;41;77;56
5856.0;24;39;63;40;78;56
5862.0;24;39;63;41;78;55
5868.0;25;40;62;41;77;55
5874.0;25;40;62;41;77;55
5880.0;25;40;62;41;77;55
5886.0;25;40;62;42;76;55
5892.0;25;42;62;42;74;55
5898.0;25;42;62;42;74;55
5904.0;24;43;63;42;73;55
5910.0;24;44;63;41;72;56
5916.0;24;44;63;41;72;56
5922.0;24;44;61;41;73;57
5928.0;24;44;61;41;73;57
5934.0;24;45;61;41;73;56
5940.0;24;44;61;40;75;56
5946.0;24;44;61;40;75;56
5952.0;24;44;60;40;76;56
5958.0;24;44;60;40;76;56
5964.0;23;44;60;40;76;57
5970.0;23;44;60;40;76;57
5976.0;22;44;60;40;77;57
5982.0;23;44;59;40;77;57
5988.0;24;44;59;39;77;57
5994.0;24;45;59;39;76;57
6000.0;24;45;59;40;75;57
6006.0;24;44;59;41;74;58
6012.0;23;44;60;41;74;58
6018.0;23;43;60;42;74;58
6024.0;22;43;61;42;74;58
6030.0;22;42;61;42;75;58
6036.0;21;42;62;42;75;58
6042.0;22;42;62;42;75;57
6048.0;22;42;62;42;75;57
6054.0;22;42;62;42;76;56
6060.0;22;42;62;42;76;56
6066.0;23;42;62;41;76;56
6072.0;23;42;62;41;76;56
6078.0;23;42;62;42;76;55
6084.0;23;42;62;42;76;55
6090.0;23;42;62;42;76;55
6096.0;23;42;62;42;76;55
6102.0;24;42;62;42;75;55
6108.0;24;42;62;42;75;55
6114.0;24;42;62;42;75;55
6120.0;24;42;62;41;75;56
6126.0;24;43;62;41;75;55
6132.0;24;43;62;41;75;55
6138.0;24;44;62;41;74;55
6144.0;24;44;62;41;73;56
6150.0;24;44;62;41;73;56
6156.0;24;44;62;41;73;56
6162.0;24;44;62;41;73;56
6168.0;24;45;61;41;73;56
6174.0;25;45;61;41;73;55
6180.0;25;45;61;41;73;55
6186.0;25;45;61;41;73;55
6192.0;25;45;61;41;73;55
6198.0;25;45;61;41;73;55
6204.0;25;45;61;41;73;55
6210.0;25;45;61;40;73;56
6216.0;25;45;61;40;73;56
6222.0;25;45;61;40;73;56
6228.0;25;45;60;42;72;56
6234.0;25;45;60;42;72;56
6240.0;24;46;59;42;72;57
6246.0;24;46;58;43;72;57
6252.0;24;46;58;43;72;57
6258.0;24;45;59;43;72;57
6264.0;24;44;59;43;73;57
6270.0;24;44;59;43;73;57
6276.0;24;44;58;44;73;57
6282.0;24;44;58;44;73;57
6288.0;25;44;58;43;73;57
6294.0;25;45;57;43;73;57
6300.0;25;45;57;44;73;56
6306.0;25;44;58;44;73;56
6312.0;25;44;58;44;73;56
6318.0;25;44;59;44;72;56
6324.0;25;44;59;44;72;56
6330.0;25;44;59;44;72;56
6336.0;24;44;59;44;73;56
6342.0;24;44;59;44;73;56
6348.0;24;43;60;44;73;56
6354.0;24;42;60;45;73;56
6360.0;24;42;60;44;73;57
6366.0;24;42;60;44;73;57
6372.0;24;42;60;44;73;57
6378.0;24;42;60;44;73;57
6384.0;24;42;61;42;73;58
6390.0;24;42;61;42;73;58
6396.0;24;42;61;42;74;57
6402.0;24;42;60;43;74;57
6408.0;25;42;59;43;74;57
6414.0;25;42;59;43;74;57
6420.0;25;42;59;43;74;57
6426.0;25;42;59;44;74;56
6432.0;25;42;59;44;74;56
6438.0;25;42;59;44;74;56
6444.0;24;42;59;44;75;56
6450.0;24;42;59;44;75;56
6456.0;24;42;58;44;76;56
6462.0;24;42;58;44;76;56
6468.0;24;42;58;44;76;56
6474.0;24;42;58;44;76;56
6480.0;24;42;58;44;76;56
6486.0;24;42;58;44;75;57
6492.0;24;42;58;44;75;57
6498.0;23;42;59;44;74;58
6504.0;24;42;59;44;73;58
6510.0;24;42;59;44;73;58
6516.0;24;43;59;43;73;58
6522.0;24;43;59;42;73;59
6528.0;22;43;60;43;73;59
6534.0;22;43;61;43;71;60
6540.0;22;43;61;43;71;60
6546.0;22;42;60;44;72;60
6552.0;22;42;60;44;72;60
6558.0;21;43;60;44;72;60
6564.0;21;43;60;44;72;60
6570.0;22;42;60;44;72;60
6576.0;23;41;60;43;72;61
6582.0;23;41;60;43;72;61
6588.0;23;41;60;43;72;61
6594.0;23;41;60;43;72;61
6600.0;23;42;60;43;72;60
6606.0;23;43;59;43;72;60
6612.0;23;43;59;43;72;60
6618.0;23;43;59;43;72;60
6624.0;23;43;60;41;73;60
6630.0;23;43;60;42;72;60
6636.0;23;43;61;42;72;59
6642.0;23;43;61;42;72;59
6648.0;23;43;61;42;72;59
6654.0;23;43;61;42;72;59
6660.0;23;43;61;42;72;59
6666.0;23;43;61;42;72;59
6672.0;23;43;61;42;72;59
6678.0;22;43;60;42;72;61
6684.0;22;43;60;42;72;61
6690.0;22;43;60;42;72;61
6696.0;22;43;60;42;72;61
6702.0;22;43;60;42;72;61
6708.0;23;43;59;42;73;60
6714.0;23;43;59;42;73;60
6720.0;23;43;59;42;73;60
6726.0;23;43;58;43;73;60
6732.0;23;43;58;43;73;60
6738.0;23;42;58;44;73;60
6744.0;23;42;58;44;73;60
6750.0;23;42;58;43;74;60
6756.0;23;42;58;43;73;61
6762.0;22;42;58;44;73;61
6768.0;22;42;58;44;73;61
6774.0;22;42;57;45;73;61
6780.0;22;42;57;45;73;61
6786.0;22;42;57;45;73;61
6792.0;22;42;57;44;73;62
6798.0;22;43;57;42;74;62
6804.0;21;44;57;42;74;62
6810.0;21;44;57;42;74;62
6816.0;21;45;57;42;73;62
6822.0;21;45;57;42;73;62
6828.0;21;45;57;42;73;62
6834.0;21;45;57;42;73;62
6840.0;23;44;56;42;73;62
6846.0;23;44;57;42;73;61
6852.0;23;44;57;42;73;61
6858.0;23;44;57;42;73;61
6864.0;23;44;56;42;73;62
6870.0;23;44;55;42;74;62
6876.0;23;44;55;43;73;62
6882.0;23;44;55;43;73;62
6888.0;23;44;55;44;72;62
6894.0;23;44;55;44;72;62
6900.0;24;44;54;44;72;62
6906.0;24;44;54;44;72;62
6912.0;24;44;54;44;72;62
6918.0;25;44;53;43;73;62
6924.0;26;43;53;43;73;62
6930.0;26;43;53;43;73;62
6936.0;27;43;53;43;73;61
6942.0;27;42;53;43;74;61
6948.0;27;41;53;43;75;61
6954.0;26;41;54;43;75;61
6960.0;26;41;53;43;75;62
6966.0;26;41;53;43;75;62
6972.0;26;41;54;43;73;63
6978.0;26;41;54;43;73;63
6984.0;26;42;54;43;73;62
6990.0;26;42;54;43;73;62
6996.0;26;42;54;43;73;62
7002.0;26;43;55;43;71;62
7008.0;26;43;55;43;71;62
7014.0;26;43;55;43;71;62
7020.0;25;43;55;44;71;62
7026.0;25;43;55;44;71;62
7032.0;25;43;56;43;71;62
7038.0;25;43;56;43;71;62
7044.0;24;45;56;43;70;62
7050.0;25;45;56;43;70;61
7056.0;25;45;56;43;70;61
7062.0;25;45;57;43;69;61
7068.0;24;45;57;44;69;61
7074.0;23;45;58;44;69;61
7080.0;22;45;59;44;69;61
7086.0;22;46;59;43;69;61
7092.0;22;47;59;43;68;61
7098.0;23;47;59;43;67;61
7104.0;23;48;59;42;67;61
7110.0;23;48;59;42;67;61
7116.0;23;49;59;42;67;60
7122.0;22;50;59;42;67;60
7128.0;22;50;59;42;67;60
7134.0;22;50;59;42;67;60
7140.0;22;50;58;42;67;61
7146.0;22;50;58;42;67;61
7152.0;22;51;58;42;67;60
7158.0;23;51;57;42;67;60
7164.0;23;51;56;43;67;60
7170.0;23;51;56;43;67;60
7176.0;23;51;56;43;67;60
7182.0;23;51;56;43;67;60
7188.0;23;51;56;43;67;60
7194.0;24;50;54;44;67;61
7200.0;24;49;55;43;67;62
7206.0;24;48;55;43;68;62
7212.0;24;48;56;43;67;62
7218.0;24;49;56;43;67;61
7224.0;24;49;56;43;67;61
7230.0;24;49;56;43;68;60
7236.0;24;49;56;43;68;60
7242.0;24;49;56;43;68;60
7248.0;25;49;55;43;68;60
7254.0;25;49;55;43;68;60
7260.0;24;51;55;43;67;60
7266.0;24;51;55;43;66;61
7272.0;24;52;55;43;66;60
7278.0;24;52;55;43;66;60
7284.0;24;51;55;42;66;62
7290.0;24;52;55;42;66;61
7296.0;24;52;55;42;66;61
7302.0;24;52;55;42;66;61
7308.0;24;52;55;42;66;61
7314.0;23;52;55;42;67;61
7320.0;23;52;55;42;67;61
7326.0;23;53;54;43;67;60
7332.0;22;53;54;44;67;60
7338.0;22;53;54;44;67;60
7344.0;22;53;53;45;67;60
7350.0;21;53;53;45;68;60
7356.0;21;54;53;45;68;59
7362.0;21;54;53;45;68;59
7368.0;20;56;53;45;68;58
7374.0;20;56;53;45;68;58
7380.0;20;56;53;45;68;58
7386.0;20;56;53;45;68;58
7392.0;20;56;53;45;67;59
7398.0;20;57;53;44;67;59
7404.0;21;57;53;43;67;59
7410.0;21;57;52;43;67;60
7416.0;21;57;52;43;67;60
7422.0;21;57;52;43;67;60
7428.0;21;57;52;43;67;60
7434.0;21;57;52;42;66;62
7440.0;21;57;52;42;66;62
7446.0;21;56;52;43;66;62
7452.0;22;55;52;43;66;62
7458.0;22;55;52;43;67;61
7464.0;22;55;51;43;68;61
7470.0;22;55;51;43;68;61
7476.0;22;54;51;43;68;62
7482.0;21;54;52;42;69;62
7488.0;21;54;52;42;69;62
7494.0;21;54;52;42;69;62
7500.0;21;54;52;42;69;62
7506.0;21;54;53;42;69;61
7512.0;21;54;53;42;69;61
7518.0;22;53;53;42;69;61
7524.0;21;53;54;42;69;61
7530.0;21;53;54;43;68;61
7536.0;21;52;54;44;68;61
7542.0;22;52;55;43;67;61
7548.0;22;52;55;43;67;61
7554.0;21;52;55;43;68;61
7560.0;21;52;55;43;68;61
7566.0;21;52;55;43;68;61
7572.0;20;53;55;43;68;61
7578.0;20;53;55;43;68;61
7584.0;20;53;55;43;68;61
7590.0;20;52;56;42;69;61
7596.0;19;52;56;42;70;61
7602.0;19;53;56;42;68;62
7608.0;18;52;56;43;69;62
7614.0;17;53;56;42;70;62
7620.0;17;52;56;42;70;63
7626.0;17;52;56;41;71;63
7632.0;17;52;57;40;71;63
7638.0;17;51;56;40;71;65
7644.0;17;51;57;40;70;65
7650.0;17;52;56;40;70;65
7656.0;17;54;55;40;70;64
7662.0;17;54;55;40;70;64
7668.0;18;54;54;39;71;64
7674.0;18;54;54;39;71;64
7680.0;19;54;53;39;71;64
7686.0;19;53;53;39;71;65
7692.0;18;52;53;39;72;66
7698.0;18;52;53;39;72;66
7704.0;18;52;53;40;71;66
7710.0;18;52;53;40;71;66
7716.0;18;52;53;40;71;66
7722.0;18;52;53;41;71;65
7728.0;17;52;53;41;72;65
7734.0;17;52;53;41;72;65
7740.0;18;51;53;41;72;65
7746.0;18;50;53;42;72;65
7752.0;19;50;53;43;71;64
7758.0;19;50;53;43;71;64
7764.0;19;49;54;43;71;64
7770.0;19;49;54;43;70;65
7776.0;18;50;54;44;69;65
7782.0;18;50;55;44;69;64
7788.0;18;50;55;45;69;63
7794.0;18;50;55;45;69;63
7800.0;19;50;55;45;68;63
7806.0;19;50;55;45;68;63
7812.0;18;50;56;44;68;64
7818.0;18;49;57;44;68;64
7824.0;18;49;56;44;68;65
7830.0;18;49;56;44;68;65
7836.0;19;48;56;44;67;66
7842.0;19;47;56;44;67;67
7848.0;19;46;56;44;68;67
7854.0;19;46;56;44;68;67
7860.0;20;46;55;44;69;66
7866.0;20;46;55;44;69;66
7872.0;20;46;55;44;69;66
7878.0;20;46;55;44;69;66
7884.0;20;47;55;45;68;65
7890.0;19;47;56;45;68;65
7896.0;19;47;56;45;68;65
7902.0;19;46;56;47;68;64
7908.0;20;46;57;47;67;63
7914.0;21;45;58;47;67;62
7920.0;21;45;58;47;67;62
7926.0;21;45;58;46;68;62
7932.0;22;45;57;46;68;62
7938.0;22;45;57;46;68;62
7944.0;22;45;57;46;68;62
7950.0;21;45;57;47;67;63
7956.0;21;45;57;47;67;63
7962.0;22;45;56;47;67;63
7968.0;22;45;56;47;67;63
7974.0;22;45;56;47;67;63
7980.0;23;44;56;47;67;63
7986.0;23;45;56;46;67;63
7992.0;24;44;56;46;67;63
7998.0;24;43;56;46;67;64
8004.0;24;43;56;46;67;64
8010.0;24;43;56;46;67;64
8016.0;24;43;56;46;67;64
8022.0;24;43;56;46;67;64
8028.0;24;43;56;47;67;63
8034.0;24;43;56;47;67;63
8040.0;24;43;56;47;67;63
8046.0;24;43;56;48;67;62
8052.0;24;43;56;48;67;62
8058.0;24;43;56;47;67;63
8064.0;24;43;56;48;66;63
8070.0;25;44;56;48;65;62
8076.0;25;44;55;48;65;63
8082.0;25;44;54;48;66;63
8088.0;25;44;55;48;66;62
8094.0;25;44;55;47;66;63
8100.0;24;44;55;47;67;63
8106.0;24;44;55;47;67;63
8112.0;24;44;55;46;67;64
8118.0;24;44;55;45;67;65
8124.0;24;44;55;45;67;65
8130.0;24;43;55;44;68;66
8136.0;24;43;55;44;68;66
8142.0;23;44;55;44;68;66
8148.0;23;43;56;45;67;66
8154.0;23;44;56;45;66;66
8160.0;23;44;56;45;66;66
8166.0;24;44;55;45;66;66
8172.0;24;45;55;45;65;66
8178.0;24;45;55;45;65;66
8184.0;24;45;55;45;65;66
8190.0;24;45;55;45;65;66
8196.0;24;45;55;45;65;66
8202.0;24;46;54;45;65;66
8208.0;25;46;53;44;65;67
8214.0;25;46;53;44;65;67
8220.0;25;46;52;44;66;67
8226.0;25;45;52;44;66;68
8232.0;22;46;53;44;67;68
8238.0;22;46;53;44;67;68
8244.0;22;45;54;44;67;68
8250.0;22;45;54;44;67;68
8256.0;22;45;54;44;67;68
8262.0;22;45;54;44;67;68
8268.0;21;45;54;44;68;68
8274.0;21;45;54;44;68;68
8280.0;21;45;54;45;68;67
8286.0;21;45;54;45;68;67
8292.0;21;45;54;45;68;67
8298.0;21;45;54;45;68;67
8304.0;21;45;54;45;68;67
8310.0;21;46;52;45;68;68
8316.0;21;46;52;45;68;68
8322.0;21;47;51;45;68;68
8328.0;21;47;51;45;68;68
8334.0;21;47;51;46;68;67
8340.0;21;47;51;46;68;67
8346.0;21;46;51;48;68;66
8352.0;21;46;51;48;68;66
8358.0;21;46;51;48;68;66
8364.0;21;46;51;48;68;66
8370.0;21;45;51;49;68;66
8376.0;21;44;51;49;68;67
8382.0;21;44;51;49;68;67
8388.0;21;44;51;50;68;66
8394.0;21;44;51;50;68;66
8400.0;21;43;51;51;68;66
8406.0;21;43;51;50;68;67
8412.0;21;43;51;50;68;67
8418.0;21;42;51;50;69;67
8424.0;21;42;51;50;69;67
8430.0;21;42;52;50;68;67
8436.0;21;42;52;50;68;67
8442.0;22;42;52;50;68;66
8448.0;22;42;52;50;68;66
8454.0;23;42;51;49;69;66
8460.0;23;43;51;48;69;66
8466.0;23;43;51;48;70;65
8472.0;23;43;51;48;70;65
8478.0;22;43;52;48;70;65
8484.0;22;43;53;47;70;65
8490.0;22;43;53;46;70;66
8496.0;22;43;53;46;70;66
8502.0;22;43;54;47;70;64
8508.0;22;43;54;47;70;64
8514.0;23;43;53;47;70;64
8520.0;23;42;54;47;70;64
8526.0;23;42;54;47;70;64
8532.0;23;42;54;47;70;64
8538.0;23;42;53;47;71;64
8544.0;23;42;53;47;71;64
8550.0;23;42;53;47;71;64
8556.0;24;41;53;48;70;64
8562.0;23;41;54;48;70;64
8568.0;24;41;54;47;70;64
8574.0;24;41;54;47;70;64
8580.0;24;41;54;47;70;64
8586.0;24;41;54;47;70;64
8592.0;24;41;54;47;71;63
8598.0;24;41;54;48;70;63
8604.0;24;41;54;47;70;64
8610.0;24;41;55;47;69;64
8616.0;24;41;57;47;68;63
8622.0;24;41;57;47;68;63
8628.0;24;41;57;47;68;63
8634.0;24;41;57;47;68;63
8640.0;24;42;57;48;68;61
8646.0;24;42;57;48;68;61
8652.0;24;42;57;48;68;61
8658.0;24;42;56;48;69;61
8664.0;24;42;56;48;69;61
8670.0;24;42;56;48;69;61
8676.0;24;42;56;48;69;61
8682.0;23;43;56;48;69;61
8688.0;23;43;56;48;69;61
8694.0;22;44;56;48;69;61
8700.0;22;44;56;48;69;61
8706.0;22;44;56;48;69;61
8712.0;22;44;56;48;69;61
8718.0;22;44;56;49;68;61
8724.0;22;44;56;49;68;61
8730.0;21;43;57;49;69;61
8736.0;21;43;57;49;69;61
8742.0;21;44;57;49;68;61
8748.0;21;44;57;50;67;61
8754.0;21;44;57;49;68;61
8760.0;21;44;57;49;68;61
8766.0;21;44;57;49;68;61
8772.0;21;42;57;50;69;61
8778.0;21;42;57;50;69;61
8784.0;24;42;55;49;69;61
8790.0;24;43;55;48;69;61
8796.0;24;43;55;48;69;61
8802.0;24;43;55;48;69;61
8808.0;24;44;55;48;68;61
8814.0;24;44;55;48;68;61
8820.0;25;44;54;48;68;61
8826.0;25;44;54;49;68;60
8832.0;25;44;54;49;68;60
8838.0;25;44;55;48;68;60
8844.0;25;44;55;48;68;60
8850.0;25;44;55;48;68;60
8856.0;25;44;55;48;68;60
8862.0;25;44;55;48;68;60
8868.0;24;44;55;48;69;60
8874.0;24;44;55;48;69;60
8880.0;25;43;55;48;69;60
8886.0;25;43;54;49;69;60
8892.0;24;43;55;49;69;60
8898.0;25;43;55;48;69;60
8904.0;25;43;54;49;69;60
8910.0;25;43;54;49;69;60
8916.0;24;43;54;50;69;60
8922.0;24;43;54;50;70;59
8928.0;24;43;54;50;70;59
8934.0;24;43;54;50;70;59
8940.0;24;44;54;50;69;59
8946.0;24;43;54;50;70;59
8952.0;24;43;54;50;70;59
8958.0;24;43;54;49;71;59
8964.0;24;43;54;49;71;59
8970.0;24;44;54;49;70;59
8976.0;24;44;54;49;70;59
8982.0;24;44;53;50;70;59
8988.0;24;44;53;50;70;59
8994.0;24;44;53;50;70;59
9000.0;24;44;53;50;70;59
9006.0;25;43;53;50;70;59
9012.0;25;43;53;50;70;59
9018.0;25;43;53;50;70;59
9024.0;25;43;53;50;70;59
9030.0;25;43;53;50;70;59
9036.0;25;43;52;52;69;59
9042.0;25;43;52;52;69;59
9048.0;25;44;52;52;69;58
9054.0;24;45;52;52;69;58
9060.0;24;45;52;52;69;58
9066.0;25;45;52;52;68;58
9072.0;25;45;52;52;68;58
9078.0;26;45;51;52;68;58
9084.0;26;46;51;52;67;58
9090.0;26;45;51;52;67;59
9096.0;26;45;51;52;67;59
9102.0;26;45;51;52;67;59
9108.0;26;45;52;51;67;59
9114.0;25;45;52;51;68;59
9120.0;25;45;52;51;68;59
9126.0;25;44;52;52;68;59
9132.0;25;43;52;52;70;58
9138.0;25;44;51;51;70;59
9144.0;25;44;51;51;70;59
9150.0;25;44;51;51;70;59
9156.0;25;44;50;52;70;59
9162.0;25;44;50;52;70;59
9168.0;25;44;50;52;70;59
9174.0;25;43;51;52;70;59
9180.0;26;44;50;52;70;58
9186.0;25;45;50;52;70;58
9192.0;25;45;50;52;70;58
9198.0;25;45;50;52;70;58
9204.0;25;45;50;52;70;58
9210.0;23;45;51;53;70;58
9216.0;23;45;51;53;70;58
9222.0;23;45;51;53;70;58
9228.0;23;45;51;53;70;58
9234.0;23;45;51;54;69;58
9240.0;24;45;51;53;69;58
9246.0;24;45;51;53;69;58
9252.0;24;45;51;53;69;58
9258.0;24;45;52;52;69;58
9264.0;24;45;52;52;69;58
9270.0;26;45;51;52;68;58
9276.0;26;45;51;52;68;58
9282.0;26;45;51;51;68;59
9288.0;26;46;50;51;67;60
9294.0;26;46;50;51;67;60
9300.0;26;46;50;51;67;60
9306.0;26;46;51;50;67;60
9312.0;26;45;50;52;67;60
9318.0;26;45;50;52;67;60
9324.0;26;45;50;52;67;60
9330.0;25;45;50;52;68;60
9336.0;25;45;50;52;68;60
9342.0;25;45;50;52;68;60
9348.0;26;45;50;52;67;60
9354.0;26;46;50;52;66;60
9360.0;26;46;50;52;66;60
9366.0;27;46;50;51;66;60
9372.0;27;47;50;51;65;60
9378.0;27;47;50;51;65;60
9384.0;27;47;50;51;65;60
9390.0;27;47;50;51;65;60
9396.0;27;47;50;50;65;61
9402.0;27;47;50;50;64;62
9408.0;27;47;50;50;65;61
9414.0;27;47;50;50;65;61
9420.0;28;47;50;49;65;61
9426.0;28;47;50;49;65;61
9432.0;28;47;50;49;65;61
9438.0;28;47;50;49;65;61
9444.0;28;47;50;49;65;61
9450.0;28;47;50;49;65;61
9456.0;28;48;49;49;65;61
9462.0;28;48;49;49;65;61
9468.0;28;48;49;49;65;61
9474.0;28;49;49;49;64;61
9480.0;28;49;49;49;64;61
9486.0;28;49;49;49;64;61
9492.0;28;49;47;50;65;61
9498.0;28;49;47;51;65;60
9504.0;28;49;47;52;65;59
9510.0;27;49;48;52;65;59
9516.0;27;49;48;52;65;59
9522.0;27;49;49;51;65;59
9528.0;27;49;49;51;65;59
9534.0;27;50;49;51;64;59
9540.0;27;50;49;51;64;59
9546.0;27;50;49;51;64;59
9552.0;27;50;49;51;64;59
9558.0;27;50;49;51;64;59
9564.0;27;50;50;50;64;59
9570.0;27;50;51;50;63;59
9576.0;27;50;51;50;63;59
9582.0;27;50;50;50;63;60
9588.0;27;51;50;50;62;60
9594.0;27;50;50;51;62;60
9600.0;27;49;50;51;63;60
9606.0;27;49;50;51;63;60
9612.0;27;48;50;51;63;61
9618.0;27;49;49;51;63;61
9624.0;27;49;49;51;63;61
9630.0;27;48;50;51;63;61
9636.0;27;48;50;51;63;61
9642.0;27;48;50;51;63;61
9648.0;27;49;50;50;63;61
9654.0;27;49;50;50;63;61
9660.0;26;49;50;50;64;61
9666.0;26;49;50;50;65;60
9672.0;25;49;50;50;66;60
9678.0;25;49;50;50;66;60
9684.0;25;49;50;50;66;60
9690.0;25;49;50;50;66;60
9696.0;25;49;50;50;66;60
9702.0;25;49;50;50;66;60
9708.0;25;49;50;50;66;60
9714.0;26;49;50;49;66;60
9720.0;24;49;50;49;66;62
9726.0;24;49;51;48;66;62
9732.0;24;50;51;48;66;61
9738.0;23;50;51;49;66;61
9744.0;23;51;51;49;66;60
9750.0;23;51;51;49;66;60
9756.0;23;51;51;49;66;60
9762.0;23;51;51;49;66;60
9768.0;23;51;51;49;66;60
9774.0;22;51;52;48;66;61
9780.0;21;51;52;48;66;62
9786.0;22;50;52;49;65;62
9792.0;22;50;53;48;65;62
9798.0;23;51;53;48;65;60
9804.0;23;53;52;48;65;59
9810.0;23;53;52;48;65;59
9816.0;23;54;52;47;65;59
9822.0;23;54;52;47;64;60
9828.0;23;54;52;47;64;60
9834.0;23;55;52;46;64;60
9840.0;23;56;52;45;64;60
9846.0;23;56;52;45;64;60
9852.0;23;56;52;45;64;60
9858.0;24;56;52;45;63;60
9864.0;24;56;52;45;63;60
9870.0;25;56;52;44;63;60
9876.0;25;56;52;44;63;60
9882.0;24;56;52;44;63;61
9888.0;24;56;52;44;63;61
9894.0;24;56;52;44;63;61
9900.0;24;56;52;44;63;61
9906.0;24;56;52;44;63;61
9912.0;24;55;53;44;63;61
9918.0;24;55;53;44;63;61
9924.0;24;55;53;44;63;61
9930.0;25;54;53;44;63;61
9936.0;25;54;53;45;63;60
9942.0;25;55;52;45;63;60
9948.0;25;55;53;45;62;60
9954.0;25;55;53;45;62;60
9960.0;25;54;53;45;62;61
9966.0;24;55;53;45;62;61
9972.0;24;55;52;45;62;62
9978.0;24;55;52;45;62;62
9984.0;24;55;52;45;62;62
9990.0;24;55;52;45;62;62
9996.0;24;55;52;45;62;62
10002.0;24;55;52;45;62;62
10008.0;23;55;52;45;63;62
10014.0;23;55;52;45;63;62
10020.0;23;54;53;44;64;62
10026.0;23;54;53;44;64;62
10032.0;24;54;52;44;64;62
10038.0;24;54;52;44;64;62
10044.0;25;52;53;44;64;62
10050.0;25;52;53;44;64;62
10056.0;25;52;53;44;64;62
10062.0;25;52;53;44;64;62
10068.0;26;52;52;44;64;62
10074.0;26;51;52;45;64;62
10080.0;26;51;53;44;64;62
10086.0;26;51;53;44;64;62
10092.0;26;51;52;44;65;62
10098.0;26;51;52;44;65;62
10104.0;26;51;52;44;65;62
10110.0;26;51;52;44;65;62
10116.0;26;51;52;44;65;62
10122.0;26;51;52;44;65;62
10128.0;26;51;51;45;65;62
10134.0;26;51;51;45;65;62
10140.0;26;51;51;45;65;62
10146.0;26;51;51;44;65;63
10152.0;26;51;51;44;65;63
10158.0;25;51;51;45;65;63
10164.0;24;50;51;45;66;64
10170.0;24;49;52;45;66;64
10176.0;24;51;51;44;66;64
10182.0;24;51;51;44;65;65
10188.0;25;51;50;44;65;65
10194.0;25;53;49;44;65;64
10200.0;25;53;49;44;65;64
10206.0;26;53;49;43;65;64
10212.0;27;53;49;42;65;64
10218.0;28;53;49;42;64;64
10224.0;28;54;49;41;65;63
10230.0;29;53;49;41;65;63
10236.0;29;53;49;41;65;63
10242.0;29;53;49;41;65;63
10248.0;29;53;49;41;65;63
10254.0;29;53;49;41;65;63
10260.0;29;54;49;41;64;63
10266.0;28;54;50;41;64;63
10272.0;29;54;50;42;62;63
10278.0;29;55;50;42;62;62
10284.0;29;55;50;42;62;62
10290.0;29;56;51;41;62;61
10296.0;30;55;51;41;62;61
10302.0;30;55;50;41;61;63
10308.0;30;55;50;40;61;64
10314.0;30;55;50;40;61;64
10320.0;30;55;50;40;61;64
10326.0;30;55;50;40;61;64
10332.0;30;54;51;40;61;64
10338.0;29;54;53;40;61;63
10344.0;30;53;53;40;61;63
10350.0;29;53;53;41;61;63
10356.0;29;54;52;41;61;63
10362.0;29;54;51;42;61;63
10368.0;29;54;51;42;61;63
10374.0;29;54;51;42;61;63
10380.0;29;53;51;43;61;63
10386.0;28;53;51;43;61;64
10392.0;28;53;51;43;61;64
10398.0;28;53;50;44;61;64
10404.0;27;53;51;44;61;64
10410.0;27;53;51;44;61;64
10416.0;27;53;51;44;61;64
10422.0;27;53;51;44;61;64
10428.0;27;53;51;44;61;64
10434.0;27;53;51;44;61;64
10440.0;27;53;51;42;62;65
10446.0;27;53;51;42;62;65
10452.0;27;52;51;42;63;65
10458.0;27;52;51;42;63;65
10464.0;27;52;51;42;63;65
10470.0;27;53;52;44;60;64
10476.0;27;52;52;46;60;63
10482.0;27;52;52;46;60;63
10488.0;27;52;52;46;60;63
10494.0;27;52;50;46;62;63
10500.0;26;52;51;45;62;64
10506.0;26;52;51;45;62;64
10512.0;26;51;50;46;63;64
10518.0;27;51;50;46;62;64
10524.0;26;52;50;46;62;64
10530.0;26;52;50;46;62;64
10536.0;26;52;51;46;61;64
10542.0;26;51;51;47;61;64
10548.0;26;51;51;47;61;64
10554.0;27;50;51;49;60;63
10560.0;27;50;51;49;60;63
10566.0;27;51;51;48;60;63
10572.0;27;51;51;48;60;63
10578.0;27;51;51;49;59;63
10584.0;27;51;51;49;59;63
10590.0;27;51;51;49;59;63
10596.0;27;50;52;49;59;63
10602.0;27;50;52;49;59;63
10608.0;27;50;52;49;59;63
10614.0;27;50;52;49;59;63
10620.0;27;50;52;49;59;63
10626.0;27;50;51;49;60;63
10632.0;27;50;51;49;60;63
10638.0;27;50;51;49;60;63
10644.0;28;50;51;48;60;63
10650.0;28;50;51;48;60;63
10656.0;28;50;52;47;60;63
10662.0;28;50;51;48;60;63
10668.0;28;49;51;49;60;63
10674.0;28;50;51;49;60;62
10680.0;28;50;51;49;60;62
10686.0;29;50;50;49;60;62
10692.0;29;51;49;50;59;62
10698.0;29;51;50;49;60;61
10704.0;28;51;50;49;60;62
10710.0;28;51;49;49;60;63
10716.0;28;50;50;50;60;62
10722.0;28;50;50;50;60;62
10728.0;29;48;50;50;61;62
10734.0;28;48;50;50;62;62
10740.0;28;48;50;50;61;63
10746.0;28;48;50;50;61;63
10752.0;28;48;50;50;61;63
10758.0;27;48;50;50;62;63
10764.0;27;48;50;50;62;63
10770.0;26;49;50;51;61;63
10776.0;26;49;50;51;61;63
10782.0;26;49;50;51;61;63
10788.0;24;49;51;52;61;63
10794.0;24;49;51;52;61;63
