#auto generated file!
12.0;248;270;267;267;233;239
18.0;249;269;269;267;232;238
24.0;248;270;268;268;230;240
30.0;249;271;267;268;229;240
36.0;248;271;267;266;230;242
42.0;246;270;267;266;232;243
48.0;244;272;265;268;231;244
54.0;242;272;266;267;234;243
60.0;243;270;267;267;234;243
66.0;245;269;267;266;234;243
72.0;243;269;268;266;235;243
78.0;244;267;267;266;237;243
84.0;243;266;268;267;237;243
90.0;240;266;270;267;237;244
96.0;240;266;269;268;238;243
102.0;237;268;268;268;240;243
108.0;237;267;268;269;239;244
114.0;237;268;270;268;239;242
120.0;236;268;271;269;240;240
126.0;231;270;273;268;239;243
132.0;231;270;274;267;241;241
138.0;229;271;274;266;243;241
144.0;230;273;271;263;245;242
150.0;227;272;270;265;245;245
156.0;223;274;268;266;246;247
162.0;223;273;268;266;246;248
168.0;220;275;268;267;246;248
174.0;220;273;268;265;247;251
180.0;221;272;269;264;247;251
186.0;223;271;268;264;246;252
192.0;223;272;268;264;246;251
198.0;223;272;268;265;246;250
204.0;224;271;268;264;246;251
210.0;223;268;269;265;248;251
216.0;223;268;269;264;248;252
222.0;221;268;268;264;249;254
228.0;220;268;268;263;249;256
234.0;220;268;268;263;249;256
240.0;220;268;268;262;249;257
246.0;221;268;268;261;250;256
252.0;222;269;268;258;251;256
258.0;223;268;268;258;251;256
264.0;220;270;268;257;250;259
270.0;220;269;269;256;250;260
276.0;219;269;269;257;251;259
282.0;219;270;270;256;252;257
288.0;220;268;270;257;251;258
294.0;220;268;271;254;252;259
300.0;220;268;271;252;252;261
306.0;220;268;271;252;253;260
312.0;220;269;271;252;253;259
318.0;219;269;271;252;253;260
324.0;217;269;270;252;254;262
330.0;213;269;271;253;255;263
336.0;213;269;271;253;254;264
342.0;214;268;270;254;253;265
348.0;211;268;271;254;254;266
354.0;212;271;272;252;252;265
360.0;211;270;274;250;253;266
366.0;213;270;274;247;254;266
372.0;213;271;274;249;253;264
378.0;215;271;275;248;252;263
384.0;213;271;275;249;252;264
390.0;215;271;276;246;251;265
396.0;217;269;277;246;251;264
402.0;216;268;277;247;251;265
408.0;215;267;277;247;252;266
414.0;214;266;278;247;254;265
420.0;216;265;277;248;253;265
426.0;217;265;278;248;251;265
432.0;215;268;277;247;252;265
438.0;214;268;278;248;251;265
444.0;215;266;278;248;253;264
450.0;213;264;280;249;252;266
456.0;213;265;279;249;252;266
462.0;212;266;280;249;252;265
468.0;213;265;279;249;253;265
474.0;213;264;279;249;253;266
480.0;214;264;279;248;252;267
486.0;213;265;278;249;253;266
492.0;210;266;277;250;255;266
498.0;211;268;275;250;255;265
504.0;215;265;274;249;256;265
510.0;216;265;273;249;256;265
516.0;216;262;275;250;255;266
522.0;214;262;278;248;258;264
528.0;213;262;279;249;259;262
534.0;213;264;277;249;259;262
540.0;213;263;278;249;259;262
546.0;214;261;278;252;258;261
552.0;215;259;278;253;258;261
558.0;214;259;278;253;258;262
564.0;217;260;277;252;257;261
570.0;218;260;277;250;257;262
576.0;218;260;278;249;259;260
582.0;216;261;279;249;259;260
588.0;217;259;280;249;259;260
594.0;216;260;280;248;259;261
600.0;214;260;281;245;262;262
606.0;215;260;281;245;261;262
612.0;216;261;279;245;260;263
618.0;216;261;279;245;259;264
624.0;216;262;279;244;258;265
630.0;214;263;280;243;257;267
636.0;214;261;281;244;257;267
642.0;212;261;283;244;259;265
648.0;212;262;283;244;259;264
654.0;213;262;283;243;260;263
660.0;215;261;282;244;260;262
666.0;215;261;283;244;259;262
672.0;217;261;282;244;259;261
678.0;216;264;282;243;260;259
684.0;216;263;282;243;260;260
690.0;216;261;283;244;260;260
696.0;215;260;285;245;259;260
702.0;214;260;284;248;259;259
708.0;214;259;285;248;258;260
714.0;211;258;285;249;259;262
720.0;211;260;285;248;259;261
726.0;211;260;285;249;258;261
732.0;210;262;286;248;258;260
738.0;210;264;285;248;256;261
744.0;211;262;286;248;256;261
750.0;213;261;286;248;256;260
756.0;214;261;284;248;257;260
762.0;213;260;283;248;258;262
768.0;211;261;281;249;259;263
774.0;208;263;279;249;259;266
780.0;208;261;279;249;260;267
786.0;208;261;279;250;259;267
792.0;206;262;281;249;260;266
798.0;208;260;279;250;260;267
804.0;208;260;280;251;259;266
810.0;207;259;280;251;259;268
816.0;206;261;278;249;260;270
822.0;206;261;278;250;259;270
828.0;205;259;279;252;259;270
834.0;205;258;281;252;258;270
840.0;203;258;281;253;259;270
846.0;204;257;280;253;260;270
852.0;206;258;278;251;260;271
858.0;206;258;278;251;260;271
864.0;206;259;277;251;258;273
870.0;203;260;276;252;258;275
876.0;204;260;272;251;261;276
882.0;202;261;274;250;261;276
888.0;201;262;274;249;261;277
894.0;200;261;274;249;261;279
900.0;198;260;276;250;261;279
906.0;197;262;276;249;262;278
912.0;197;262;276;249;262;278
918.0;197;262;277;248;262;278
924.0;197;262;277;247;263;278
930.0;197;261;276;248;263;279
936.0;196;261;277;247;263;280
942.0;197;261;278;244;265;279
948.0;195;262;279;242;265;281
954.0;195;263;281;241;265;279
960.0;194;261;283;242;265;279
966.0;195;260;283;241;265;280
972.0;194;260;284;240;265;281
978.0;194;259;285;241;265;280
984.0;193;259;285;241;266;280
990.0;194;260;284;239;266;281
996.0;192;261;283;239;267;282
1002.0;192;260;284;238;268;282
1008.0;192;259;285;238;267;283
1014.0;191;260;285;237;267;284
1020.0;190;260;284;237;269;284
1026.0;190;259;284;236;270;285
1032.0;189;258;285;236;270;286
1038.0;189;258;286;234;271;286
1044.0;190;257;288;235;269;285
1050.0;189;258;287;237;270;283
1056.0;189;258;287;237;269;284
1062.0;190;258;285;237;269;285
1068.0;189;260;284;237;270;284
1074.0;189;259;284;237;270;285
1080.0;189;261;284;238;267;285
1086.0;189;262;283;238;266;286
1092.0;189;262;283;238;266;286
1098.0;187;263;284;236;266;288
1104.0;185;264;287;236;264;288
1110.0;185;265;288;236;262;288
1116.0;182;267;287;236;261;291
1122.0;181;268;286;236;259;294
1128.0;181;266;287;236;260;294
1134.0;180;266;287;236;260;295
1140.0;179;267;288;236;258;296
1146.0;177;269;286;237;260;295
1152.0;178;270;286;236;259;295
1158.0;177;271;286;235;260;295
1164.0;177;270;286;235;260;296
1170.0;176;271;286;236;259;296
1176.0;174;271;287;235;259;298
1182.0;175;271;286;234;260;298
1188.0;172;274;286;233;260;299
1194.0;174;275;283;234;261;297
1200.0;172;278;283;234;261;296
1206.0;173;277;283;235;261;295
1212.0;173;277;284;235;261;294
1218.0;172;276;284;235;263;294
1224.0;171;275;285;236;263;294
1230.0;171;275;285;236;263;294
1236.0;168;275;286;235;265;295
1242.0;167;276;287;235;264;295
1248.0;168;275;288;235;263;295
1254.0;169;272;288;235;265;295
1260.0;170;273;288;234;266;293
1266.0;168;273;288;234;268;293
1272.0;169;274;287;234;268;292
1278.0;169;274;288;234;267;292
1284.0;169;273;288;234;269;291
1290.0;170;273;288;234;269;290
1296.0;171;272;290;233;268;290
1302.0;172;272;291;233;266;290
1308.0;171;271;293;234;267;288
1314.0;171;270;294;234;268;287
1320.0;172;269;294;234;268;287
1326.0;172;267;294;235;268;288
1332.0;171;266;294;237;267;289
1338.0;171;263;296;238;267;289
1344.0;171;263;298;237;266;289
1350.0;171;261;297;237;266;292
1356.0;173;261;295;237;266;292
1362.0;175;261;293;238;266;291
1368.0;175;261;293;238;267;290
1374.0;174;260;294;238;267;291
1380.0;175;258;295;237;268;291
1386.0;174;257;296;237;270;290
1392.0;174;258;295;237;271;289
1398.0;176;260;294;235;270;289
1404.0;176;262;294;234;269;289
1410.0;178;263;295;232;269;287
1416.0;178;262;294;231;272;287
1422.0;179;261;293;232;273;286
1428.0;177;261;295;232;272;287
1434.0;177;259;292;235;273;288
1440.0;177;259;292;235;273;288
1446.0;176;262;290;234;274;288
1452.0;174;261;292;235;274;288
1458.0;170;260;293;237;273;291
1464.0;171;261;291;238;273;290
1470.0;171;261;292;239;272;289
1476.0;172;261;293;239;272;287
1482.0;173;258;293;241;271;288
1488.0;170;260;292;245;270;287
1494.0;169;260;293;244;270;288
1500.0;170;259;292;243;272;288
1506.0;170;260;291;243;271;289
1512.0;169;260;291;243;273;288
1518.0;169;259;290;244;273;289
1524.0;168;258;290;245;273;290
1530.0;169;258;288;245;274;290
1536.0;168;258;286;246;273;293
1542.0;168;258;286;246;274;292
1548.0;167;259;287;246;274;291
1554.0;169;258;287;247;273;290
1560.0;167;262;287;249;272;287
1566.0;166;261;287;251;272;287
1572.0;166;261;287;251;272;287
1578.0;168;261;288;252;270;285
1584.0;166;262;288;253;269;286
1590.0;166;263;288;253;267;287
1596.0;166;262;287;255;267;287
1602.0;169;261;286;253;269;286
1608.0;169;261;286;254;268;286
1614.0;169;260;286;253;269;287
1620.0;168;261;286;254;270;285
1626.0;168;261;286;253;270;286
1632.0;167;262;286;253;270;286
1638.0;168;262;287;252;270;285
1644.0;170;261;288;251;271;283
1650.0;169;262;287;249;273;284
1656.0;169;261;287;250;272;285
1662.0;169;261;287;250;272;285
1668.0;170;260;287;250;272;285
1674.0;170;258;288;251;271;286
1680.0;168;257;288;254;271;286
1686.0;167;257;289;254;271;286
1692.0;165;257;290;255;271;286
1698.0;164;256;290;254;272;288
1704.0;163;256;290;255;271;289
1710.0;162;255;289;255;273;290
1716.0;164;256;289;254;272;289
1722.0;164;257;289;253;272;289
1728.0;165;257;291;251;271;289
1734.0;164;256;290;252;271;291
1740.0;163;255;290;254;271;291
1746.0;163;255;289;255;271;291
1752.0;163;255;288;255;271;292
1758.0;163;255;288;256;271;291
1764.0;164;254;289;256;270;291
1770.0;163;255;289;256;270;291
1776.0;163;253;289;256;271;292
1782.0;158;251;288;256;271;300
1788.0;158;253;288;256;270;299
1794.0;158;251;288;258;269;300
1800.0;159;252;287;258;270;298
1806.0;158;252;286;259;270;299
1812.0;158;251;286;261;269;299
1818.0;157;251;287;261;269;299
1824.0;156;249;287;262;271;299
1830.0;156;247;288;261;272;300
1836.0;156;247;288;260;272;301
1842.0;157;247;288;261;271;300
1848.0;155;243;290;261;276;299
1854.0;154;244;291;260;274;301
1860.0;154;246;288;261;275;300
1866.0;155;245;288;261;275;300
1872.0;155;244;289;262;274;300
1878.0;155;244;288;263;275;299
1884.0;153;245;287;263;276;300
1890.0;153;244;286;264;277;300
1896.0;152;244;286;265;277;300
1902.0;152;242;286;265;276;303
1908.0;152;240;288;266;275;303
1914.0;152;241;289;265;273;304
1920.0;151;238;289;267;273;306
1926.0;150;236;289;269;273;307
1932.0;150;234;290;267;274;309
1938.0;149;233;291;267;275;309
1944.0;147;234;292;267;275;309
1950.0;147;233;292;267;276;309
1956.0;147;233;293;266;276;309
1962.0;147;233;291;267;278;308
1968.0;148;233;290;268;279;306
1974.0;148;234;291;269;278;304
1980.0;148;234;291;270;277;304
1986.0;149;233;290;270;277;305
1992.0;149;232;290;269;278;306
1998.0;150;235;288;268;277;306
2004.0;147;233;289;268;279;308
2010.0;148;232;290;269;279;306
2016.0;149;230;292;267;280;306
2022.0;148;230;293;267;280;306
2028.0;150;228;292;266;283;305
2034.0;150;228;292;266;282;306
2040.0;147;228;294;266;282;307
2046.0;144;227;296;268;283;306
2052.0;144;228;296;267;282;307
2058.0;145;227;296;267;282;307
2064.0;144;228;296;266;283;307
2070.0;143;227;297;266;285;306
2076.0;143;227;296;266;286;306
2082.0;142;229;296;265;287;305
2088.0;140;229;297;265;287;306
2094.0;141;228;296;266;288;305
2100.0;140;228;295;266;290;305
2106.0;140;228;295;266;290;305
2112.0;140;229;295;265;291;304
2118.0;137;231;294;266;291;305
2124.0;136;232;294;266;290;306
2130.0;134;233;294;265;291;307
2136.0;134;233;295;264;291;307
2142.0;135;231;296;264;291;307
2148.0;137;229;295;266;291;306
2154.0;136;229;295;265;292;307
2160.0;135;229;297;265;293;305
2166.0;136;227;297;265;294;305
2172.0;135;229;296;266;294;304
2178.0;136;227;295;268;294;304
2184.0;137;226;296;268;292;305
2190.0;137;228;294;270;291;304
2196.0;138;228;295;268;290;305
2202.0;138;228;296;264;292;306
2208.0;138;229;297;263;292;305
2214.0;139;227;299;262;290;307
2220.0;141;226;298;261;291;307
2226.0;139;229;297;262;290;307
2232.0;139;229;295;262;291;308
2238.0;138;229;295;262;292;308
2244.0;138;229;298;260;291;308
2250.0;137;230;298;260;289;310
2256.0;137;229;299;261;289;309
2262.0;137;228;298;261;290;310
2268.0;138;227;298;260;290;311
2274.0;137;227;298;260;290;312
2280.0;137;227;298;260;289;313
2286.0;138;226;299;259;289;313
2292.0;137;226;300;259;288;314
2298.0;138;228;300;256;289;313
2304.0;139;230;298;256;289;312
2310.0;138;232;298;256;287;313
2316.0;137;231;298;257;289;312
2322.0;136;231;298;258;289;312
2328.0;138;232;297;258;288;311
2334.0;138;232;296;258;288;312
2340.0;139;233;295;257;290;310
2346.0;138;232;295;256;292;311
2352.0;136;232;294;256;294;312
2358.0;135;233;296;256;292;312
2364.0;135;233;294;258;292;312
2370.0;136;233;294;257;292;312
2376.0;137;232;293;258;293;311
2382.0;135;232;293;258;294;312
2388.0;135;233;290;257;295;314
2394.0;134;234;290;257;295;314
2400.0;135;234;291;256;295;313
2406.0;136;235;290;256;295;312
2412.0;137;233;290;256;297;311
2418.0;137;232;290;258;297;310
2424.0;138;230;289;258;297;312
2430.0;135;230;289;259;297;314
2436.0;135;229;289;260;297;314
2442.0;137;228;289;259;297;314
2448.0;138;228;290;258;297;313
2454.0;138;228;290;258;297;313
2460.0;139;228;289;258;297;313
2466.0;138;229;289;258;297;313
2472.0;137;229;290;258;297;313
2478.0;138;230;288;259;297;312
2484.0;136;230;289;259;297;313
2490.0;137;229;290;260;297;311
2496.0;137;228;290;260;298;311
2502.0;136;230;289;261;297;311
2508.0;136;230;288;261;296;313
2514.0;136;229;289;261;296;313
2520.0;138;229;290;261;297;309
2526.0;138;228;291;260;297;310
2532.0;139;228;289;259;298;311
2538.0;137;227;291;259;298;312
2544.0;138;226;292;257;299;312
2550.0;137;224;293;257;299;314
2556.0;138;223;293;257;299;314
2562.0;138;224;294;255;299;314
2568.0;138;224;294;255;299;314
2574.0;140;222;294;254;300;314
2580.0;140;221;294;254;300;315
2586.0;140;220;294;256;299;315
2592.0;140;221;294;256;298;315
2598.0;141;221;294;254;298;316
2604.0;141;223;294;253;297;316
2610.0;141;224;295;251;298;315
2616.0;140;224;294;249;299;318
2622.0;139;225;291;250;300;319
2628.0;139;227;291;249;299;319
2634.0;139;226;292;249;300;318
2640.0;138;227;293;247;301;318
2646.0;137;227;293;247;301;319
2652.0;137;227;293;248;301;318
2658.0;137;227;294;247;301;318
2664.0;137;226;294;246;302;319
2670.0;138;226;295;246;302;317
2676.0;137;226;296;246;303;316
2682.0;137;224;297;247;305;314
2688.0;139;223;297;245;306;314
2694.0;140;223;297;245;305;314
2700.0;140;223;299;244;304;314
2706.0;138;225;299;245;303;314
2712.0;140;226;297;244;301;316
2718.0;140;227;298;241;301;317
2724.0;141;228;297;241;301;316
2730.0;141;228;296;242;300;317
2736.0;145;226;294;241;301;317
2742.0;146;228;293;239;300;318
2748.0;146;228;295;237;300;318
2754.0;144;228;297;238;298;319
2760.0;142;227;297;241;299;318
2766.0;143;228;296;241;298;318
2772.0;143;228;297;238;297;321
2778.0;142;225;298;241;298;320
2784.0;145;226;298;240;296;319
2790.0;144;227;296;241;297;319
2796.0;144;228;297;240;296;319
2802.0;144;228;298;239;295;320
2808.0;143;227;299;238;295;322
2814.0;143;227;300;237;296;321
2820.0;141;227;302;238;295;321
2826.0;140;227;302;239;295;321
2832.0;140;227;303;238;295;321
2838.0;143;228;302;238;294;319
2844.0;143;228;301;238;294;320
2850.0;143;228;301;237;294;321
2856.0;143;228;302;236;294;321
2862.0;143;227;302;237;294;321
2868.0;145;227;301;236;294;321
2874.0;145;227;300;237;294;321
2880.0;145;227;301;236;294;321
2886.0;144;227;302;236;294;321
2892.0;144;227;302;238;294;319
2898.0;145;226;303;237;294;319
2904.0;146;227;302;237;294;318
2910.0;146;227;302;238;294;317
2916.0;146;227;301;238;295;317
2922.0;145;227;301;238;295;318
2928.0;146;225;302;237;297;317
2934.0;148;225;302;236;297;316
2940.0;148;224;303;235;297;317
2946.0;147;223;302;236;297;319
2952.0;145;227;303;233;296;320
2958.0;144;227;304;233;297;319
2964.0;142;228;304;231;298;321
2970.0;142;227;304;230;299;322
2976.0;140;227;305;230;299;323
2982.0;140;227;306;230;298;323
2988.0;140;227;305;231;297;324
2994.0;139;227;306;231;297;324
3000.0;138;226;305;231;300;324
3006.0;138;223;309;229;300;325
3012.0;138;223;310;229;300;324
3018.0;138;222;310;229;301;324
3024.0;139;222;311;227;301;324
3030.0;139;223;310;227;301;324
3036.0;140;223;310;227;302;322
3042.0;139;224;309;228;302;322
3048.0;139;225;309;228;301;322
3054.0;139;225;306;232;300;322
3060.0;141;224;307;231;300;321
3066.0;141;224;307;230;300;322
3072.0;139;225;306;230;302;322
3078.0;138;225;306;232;300;323
3084.0;136;226;307;232;299;324
3090.0;135;228;308;230;298;325
3096.0;134;228;308;230;299;325
3102.0;134;227;311;229;298;325
3108.0;133;228;310;230;299;324
3114.0;131;228;311;230;300;324
3120.0;129;230;310;230;301;324
3126.0;129;229;311;231;301;323
3132.0;128;229;312;231;301;323
3138.0;127;228;314;230;302;323
3144.0;127;227;312;234;302;322
3150.0;127;227;311;233;303;323
3156.0;128;227;311;232;303;323
3162.0;127;228;311;232;302;324
3168.0;127;228;311;232;301;325
3174.0;127;228;311;231;303;324
3180.0;124;229;312;231;304;324
3186.0;122;230;312;232;304;324
3192.0;121;230;313;231;305;324
3198.0;120;230;316;230;304;324
3204.0;119;230;316;232;306;321
3210.0;120;229;318;231;305;321
3216.0;119;229;319;231;305;321
3222.0;117;229;318;231;307;322
3228.0;116;230;318;232;306;322
3234.0;114;231;318;232;307;322
3240.0;114;231;318;231;308;322
3246.0;114;232;318;231;309;320
3252.0;116;232;318;231;309;318
3258.0;115;231;318;231;309;320
3264.0;112;229;319;229;314;321
3270.0;112;228;320;229;314;321
3276.0;112;229;320;228;314;321
3282.0;113;229;318;227;316;321
3288.0;114;229;316;227;316;322
3294.0;114;229;314;228;317;322
3300.0;116;229;313;227;317;322
3306.0;115;229;314;228;317;321
3312.0;116;229;313;229;316;321
3318.0;118;227;312;230;316;321
3324.0;118;226;312;231;316;321
3330.0;119;225;312;230;316;322
3336.0;120;224;312;228;317;323
3342.0;119;225;309;230;317;324
3348.0;120;225;309;229;316;325
3354.0;121;225;309;229;315;325
3360.0;121;225;309;228;316;325
3366.0;120;223;310;228;318;325
3372.0;120;222;311;228;317;326
3378.0;120;221;310;228;317;328
3384.0;121;220;308;229;317;329
3390.0;120;220;311;228;317;328
3396.0;120;218;312;227;316;331
3402.0;122;218;311;225;316;332
3408.0;123;219;311;225;314;332
3414.0;124;218;311;225;315;331
3420.0;125;218;310;225;315;331
3426.0;126;216;311;223;316;332
3432.0;127;214;311;225;314;333
3438.0;128;213;311;225;314;333
3444.0;127;211;311;225;315;335
3450.0;126;212;312;224;317;333
3456.0;127;211;312;224;317;333
3462.0;127;211;312;222;317;335
3468.0;127;211;312;223;317;334
3474.0;128;210;311;224;318;333
3480.0;127;209;311;224;319;334
3486.0;127;209;309;224;320;335
3492.0;129;208;309;224;320;334
3498.0;128;208;310;224;321;333
3504.0;128;209;309;224;321;333
3510.0;126;211;313;224;318;332
3516.0;126;210;314;224;318;332
3522.0;126;210;315;224;317;332
3528.0;125;209;316;222;318;334
3534.0;124;212;315;221;317;335
3540.0;124;213;315;222;315;335
3546.0;125;214;315;222;312;336
3552.0;125;214;314;222;313;336
3558.0;126;215;312;222;313;336
3564.0;129;214;313;220;312;336
3570.0;128;214;314;220;312;336
3576.0;129;215;313;220;313;334
3582.0;127;215;314;221;314;333
3588.0;129;215;313;220;314;333
3594.0;128;216;311;221;315;333
3600.0;127;216;310;223;315;333
3606.0;129;216;308;223;315;333
3612.0;129;218;308;224;312;333
3618.0;128;219;307;224;312;334
3624.0;127;219;305;223;315;335
3630.0;127;219;306;224;315;333
3636.0;127;221;306;224;315;331
3642.0;128;221;306;224;314;331
3648.0;127;220;308;225;314;330
3654.0;127;219;308;225;314;331
3660.0;130;218;307;225;313;331
3666.0;129;216;307;227;314;331
3672.0;128;218;307;226;315;330
3678.0;127;221;307;224;315;330
3684.0;126;222;307;225;314;330
3690.0;124;222;309;225;315;329
3696.0;124;221;310;225;314;330
3702.0;124;223;312;224;312;329
3708.0;124;225;310;223;312;330
3714.0;124;225;310;222;313;330
3720.0;124;226;309;222;315;328
3726.0;123;229;308;220;315;329
3732.0;124;228;307;221;314;330
3738.0;124;228;307;224;314;327
3744.0;121;230;307;224;315;327
3750.0;122;231;307;222;315;327
3756.0;123;231;307;222;314;327
3762.0;123;231;308;221;315;326
3768.0;123;230;307;223;315;326
3774.0;124;230;307;222;315;326
3780.0;123;229;308;222;315;327
3786.0;122;231;308;222;313;328
3792.0;122;230;309;221;314;328
3798.0;122;228;309;221;316;328
3804.0;123;226;310;221;316;328
3810.0;122;223;310;221;318;330
3816.0;123;223;310;221;317;330
3822.0;123;223;309;222;317;330
3828.0;124;223;308;222;318;329
3834.0;123;223;310;221;318;329
3840.0;122;223;311;221;318;329
3846.0;122;223;311;222;318;328
3852.0;123;223;309;222;318;329
3858.0;123;224;310;221;318;328
3864.0;124;223;308;224;317;328
3870.0;124;223;309;223;318;327
3876.0;123;223;309;225;317;327
3882.0;124;224;309;222;317;328
3888.0;124;224;309;222;316;329
3894.0;124;224;309;222;318;327
3900.0;124;224;308;223;319;326
3906.0;124;224;309;222;319;326
3912.0;123;225;309;219;320;328
3918.0;125;226;307;219;321;326
3924.0;125;226;307;219;321;326
3930.0;129;225;305;219;322;324
3936.0;129;226;304;219;321;325
3942.0;130;225;305;219;320;325
3948.0;129;223;305;220;320;327
3954.0;129;221;305;220;320;329
3960.0;128;221;305;219;320;331
3966.0;128;220;305;219;321;331
3972.0;130;221;302;219;321;331
3978.0;129;222;302;220;321;330
3984.0;130;221;302;222;320;329
3990.0;129;217;303;221;321;333
3996.0;127;218;302;222;321;334
4002.0;127;216;302;223;321;335
4008.0;126;216;301;225;321;335
4014.0;125;215;303;226;320;335
4020.0;125;217;306;223;318;335
4026.0;128;216;305;222;318;335
4032.0;127;216;305;222;318;336
4038.0;128;215;305;222;318;336
4044.0;127;215;306;222;319;335
4050.0;126;215;304;222;323;334
4056.0;129;215;303;221;324;332
4062.0;130;215;302;221;324;332
4068.0;129;216;302;222;323;332
4074.0;128;216;303;223;322;332
4080.0;128;217;302;223;323;331
4086.0;129;219;301;222;320;333
4092.0;128;219;302;222;321;332
4098.0;127;219;302;222;322;332
4104.0;129;220;300;221;321;333
4110.0;130;218;300;221;321;334
4116.0;129;218;301;220;321;335
4122.0;130;218;302;218;321;335
4128.0;131;219;300;218;320;336
4134.0;131;218;300;218;322;335
4140.0;130;219;301;218;322;334
4146.0;130;221;300;218;323;332
4152.0;131;222;302;214;322;333
4158.0;130;222;302;214;323;333
4164.0;129;223;302;214;324;332
4170.0;128;225;302;214;322;333
4176.0;130;223;304;215;320;332
4182.0;130;220;307;214;319;334
4188.0;130;221;307;215;318;333
4194.0;129;222;306;216;319;332
4200.0;128;221;307;216;320;332
4206.0;129;222;306;216;319;332
4212.0;129;223;306;216;318;332
4218.0;132;223;304;216;318;331
4224.0;132;224;304;215;319;330
4230.0;132;223;306;213;318;332
4236.0;133;224;306;212;316;333
4242.0;133;224;306;212;317;332
4248.0;133;224;307;210;318;332
4254.0;133;224;309;208;320;330
4260.0;133;225;309;208;320;329
4266.0;134;225;308;208;320;329
4272.0;133;223;310;210;320;328
4278.0;136;221;310;211;319;327
4284.0;137;223;309;211;319;325
4290.0;135;223;309;211;321;325
4296.0;136;224;306;213;320;325
4302.0;135;225;306;214;319;325
4308.0;137;225;306;213;319;324
4314.0;138;223;307;213;319;324
4320.0;138;222;306;214;320;324
4326.0;140;221;304;216;320;323
4332.0;139;223;305;215;319;323
4338.0;140;221;304;218;319;322
4344.0;139;221;305;218;319;322
4350.0;140;220;304;218;320;322
4356.0;140;220;305;219;318;322
4362.0;140;219;305;219;320;321
4368.0;139;219;304;219;322;321
4374.0;138;220;305;219;321;321
4380.0;138;220;305;219;321;321
4386.0;138;219;307;219;320;321
4392.0;140;217;307;219;320;321
4398.0;139;217;308;218;321;321
4404.0;140;217;307;218;321;321
4410.0;139;215;306;220;322;322
4416.0;141;214;305;219;323;322
4422.0;139;214;305;219;323;324
4428.0;139;214;305;219;325;322
4434.0;140;215;304;218;325;322
4440.0;141;214;305;217;325;322
4446.0;140;214;306;217;326;321
4452.0;140;215;308;216;324;321
4458.0;140;214;309;215;324;322
4464.0;141;214;309;214;325;321
4470.0;141;213;309;216;325;320
4476.0;143;212;307;217;327;318
4482.0;145;212;308;216;326;317
4488.0;143;211;308;217;327;318
4494.0;142;212;308;216;328;318
4500.0;142;212;307;217;328;318
4506.0;143;212;306;216;328;319
4512.0;143;212;307;214;329;319
4518.0;144;213;306;213;329;319
4524.0;144;213;306;214;329;318
4530.0;142;213;308;216;328;317
4536.0;141;213;310;216;326;318
4542.0;141;212;311;215;327;318
4548.0;141;212;312;215;326;318
4554.0;142;213;315;212;325;317
4560.0;143;214;313;212;325;317
4566.0;142;214;313;213;325;317
4572.0;143;215;313;214;325;314
4578.0;142;215;314;214;325;314
4584.0;142;214;313;215;325;315
4590.0;143;214;312;215;325;315
4596.0;142;212;314;215;325;316
4602.0;142;213;314;215;326;314
4608.0;142;214;314;215;325;314
4614.0;142;214;315;215;324;314
4620.0;144;214;313;213;325;315
4626.0;143;213;314;215;325;314
4632.0;142;213;314;215;325;315
4638.0;142;213;314;214;325;316
4644.0;142;211;316;214;325;316
4650.0;143;211;316;215;324;315
4656.0;141;211;316;216;326;314
4662.0;141;211;316;215;326;315
4668.0;141;211;315;214;328;315
4674.0;142;211;314;214;327;316
4680.0;142;211;314;213;328;316
4686.0;143;211;315;212;327;316
4692.0;143;209;315;212;328;317
4698.0;143;209;315;211;328;318
4704.0;143;207;317;210;330;317
4710.0;142;208;317;210;331;316
4716.0;141;209;316;212;329;317
4722.0;141;208;316;212;329;318
4728.0;140;209;314;214;330;317
4734.0;138;209;312;217;331;317
4740.0;138;209;312;217;332;316
4746.0;141;208;313;215;331;316
4752.0;141;208;311;217;331;316
4758.0;141;209;311;216;332;315
4764.0;141;207;312;217;332;315
4770.0;140;207;315;217;331;314
4776.0;140;208;315;216;331;314
4782.0;140;207;313;215;334;315
4788.0;137;208;314;215;335;315
4794.0;135;209;314;215;337;314
4800.0;135;209;314;215;337;314
4806.0;135;209;314;215;336;315
4812.0;133;208;314;216;336;317
4818.0;133;209;314;215;336;317
4824.0;134;208;317;215;333;317
4830.0;134;208;317;213;335;317
4836.0;137;207;317;213;333;317
4842.0;137;207;317;213;333;317
4848.0;138;206;317;213;332;318
4854.0;137;204;317;213;335;318
4860.0;139;204;317;212;334;318
4866.0;139;203;318;211;335;318
4872.0;139;205;317;207;336;320
4878.0;139;205;318;207;336;319
4884.0;138;205;319;206;337;319
4890.0;138;204;321;206;337;318
4896.0;138;205;321;204;337;319
4902.0;138;204;321;205;338;318
4908.0;137;206;319;206;337;319
4914.0;137;206;320;204;338;319
4920.0;140;206;322;202;337;317
4926.0;140;207;322;200;337;318
4932.0;140;208;322;198;338;318
4938.0;140;209;322;197;339;317
4944.0;140;207;322;197;339;319
4950.0;139;208;321;197;339;320
4956.0;138;208;322;197;340;319
4962.0;137;208;322;197;341;319
4968.0;137;207;321;198;342;319
4974.0;138;206;321;197;343;319
4980.0;139;205;321;197;344;318
4986.0;141;205;320;196;345;317
4992.0;142;204;321;197;345;315
4998.0;139;207;321;198;347;312
5004.0;140;207;321;197;347;312
5010.0;138;208;322;198;348;310
5016.0;138;208;323;198;349;308
5022.0;139;208;322;199;350;306
5028.0;139;206;325;199;350;305
5034.0;139;207;324;199;351;304
5040.0;140;208;324;199;351;302
5046.0;141;206;324;200;350;303
5052.0;139;207;324;201;350;303
5058.0;139;207;323;202;349;304
5064.0;138;208;323;203;349;303
5070.0;139;207;323;202;349;304
5076.0;138;209;323;201;348;305
5082.0;136;209;324;202;350;303
5088.0;136;208;325;202;350;303
5094.0;137;208;324;202;349;304
5100.0;137;210;322;202;350;303
5106.0;138;210;321;203;349;303
5112.0;137;210;321;205;348;303
5118.0;137;209;321;207;346;304
5124.0;137;209;321;206;346;305
5130.0;136;209;321;206;346;306
5136.0;136;208;320;206;346;308
5142.0;134;210;320;207;346;307
5148.0;133;215;320;206;346;304
5154.0;135;214;321;205;346;303
5160.0;134;215;322;206;344;303
5166.0;134;215;322;206;344;303
5172.0;133;214;321;207;345;304
5178.0;133;213;321;208;345;304
5184.0;133;212;320;208;347;304
5190.0;132;211;320;210;348;303
5196.0;134;211;320;209;347;303
5202.0;133;211;321;208;349;302
5208.0;134;210;321;206;351;302
5214.0;133;209;319;208;353;302
5220.0;133;208;319;208;354;302
5226.0;135;207;318;207;355;302
5232.0;135;205;320;206;356;302
5238.0;136;204;321;206;356;301
5244.0;137;202;320;207;356;302
5250.0;138;203;320;205;355;303
5256.0;139;204;318;205;355;303
5262.0;140;204;318;205;355;302
5268.0;141;204;316;206;356;301
5274.0;142;204;316;205;355;302
5280.0;142;204;315;205;355;303
5286.0;142;202;315;207;356;302
5292.0;143;202;316;207;354;302
5298.0;143;201;315;209;354;302
5304.0;144;201;315;208;354;302
5310.0;144;201;315;208;355;301
5316.0;144;201;316;208;356;299
5322.0;143;201;317;209;356;298
5328.0;143;200;317;211;356;297
5334.0;142;201;315;210;358;298
5340.0;142;202;315;209;358;298
5346.0;143;201;317;208;358;297
5352.0;146;201;316;207;357;297
5358.0;143;201;317;207;358;298
5364.0;142;200;318;207;358;299
5370.0;143;201;316;209;358;297
5376.0;143;201;316;210;358;296
5382.0;144;201;316;209;358;296
5388.0;146;202;315;209;357;295
5394.0;146;202;315;210;357;294
5400.0;144;202;315;211;358;294
5406.0;144;201;315;212;356;296
5412.0;143;201;316;213;355;296
5418.0;142;201;316;213;355;297
5424.0;143;200;316;214;352;299
5430.0;142;200;317;215;353;297
5436.0;143;201;314;214;356;296
5442.0;143;201;313;214;356;297
5448.0;139;200;315;214;357;299
5454.0;139;201;314;214;356;300
5460.0;140;200;314;212;358;300
5466.0;139;202;313;214;358;298
5472.0;138;202;315;215;356;298
5478.0;138;202;315;214;356;299
5484.0;138;203;313;215;355;300
5490.0;138;204;311;215;355;301
5496.0;138;204;311;215;355;301
5502.0;138;204;310;217;356;299
5508.0;138;201;311;216;357;301
5514.0;138;203;311;217;355;300
5520.0;138;204;311;217;357;297
5526.0;139;205;311;215;357;297
5532.0;138;204;312;215;358;297
5538.0;138;208;309;213;356;300
5544.0;138;209;309;211;357;300
5550.0;138;209;310;210;357;300
5556.0;139;208;311;210;355;301
5562.0;139;209;311;209;354;302
5568.0;138;209;313;209;355;300
5574.0;138;210;313;208;355;300
5580.0;138;206;315;210;356;299
5586.0;137;206;318;209;355;299
5592.0;135;207;319;209;354;300
5598.0;134;206;316;212;355;301
5604.0;134;206;317;212;355;300
5610.0;134;207;316;212;355;300
5616.0;136;205;316;213;355;299
5622.0;136;206;317;213;354;298
5628.0;136;205;319;212;353;299
5634.0;137;205;319;212;352;299
5640.0;138;203;321;213;350;299
5646.0;137;203;322;213;350;299
5652.0;136;204;324;213;350;297
5658.0;136;204;323;213;351;297
5664.0;136;205;323;212;352;296
5670.0;136;206;322;212;352;296
5676.0;136;210;322;212;350;294
5682.0;136;211;324;210;349;294
5688.0;137;211;325;209;348;294
5694.0;138;213;323;209;348;293
5700.0;138;210;324;209;351;292
5706.0;140;209;322;209;352;292
5712.0;142;208;320;209;352;293
5718.0;144;206;319;211;350;294
5724.0;144;207;318;211;349;295
5730.0;142;207;317;212;348;298
5736.0;141;205;319;212;348;299
5742.0;140;207;321;211;346;299
5748.0;138;208;321;212;345;300
5754.0;138;207;320;212;345;302
5760.0;138;207;320;213;345;301
5766.0;139;207;319;212;345;302
5772.0;139;207;319;212;344;303
5778.0;139;208;319;212;343;303
5784.0;140;209;318;212;341;304
5790.0;139;209;318;212;342;304
5796.0;139;210;319;210;342;304
5802.0;138;210;319;211;342;304
5808.0;138;209;320;210;343;304
5814.0;138;208;319;211;344;304
5820.0;137;210;318;212;343;304
5826.0;137;211;318;212;342;304
5832.0;135;211;318;212;343;305
5838.0;135;211;318;212;344;304
5844.0;135;210;318;212;345;304
5850.0;134;212;318;211;345;304
5856.0;131;212;319;214;345;303
5862.0;133;211;320;213;344;303
5868.0;131;210;321;213;346;303
5874.0;132;210;322;209;348;303
5880.0;134;211;323;206;349;301
5886.0;133;210;325;206;349;301
5892.0;133;210;323;207;350;301
5898.0;133;212;323;207;348;301
5904.0;132;214;323;206;349;300
5910.0;133;215;323;204;349;300
5916.0;135;214;325;203;347;300
5922.0;135;212;325;204;347;301
5928.0;137;212;325;203;346;301
5934.0;137;212;326;201;347;301
5940.0;138;211;325;202;346;302
5946.0;138;210;326;202;345;303
5952.0;138;210;325;203;345;303
5958.0;138;212;323;203;344;304
5964.0;137;214;324;203;342;304
5970.0;138;213;324;205;340;304
5976.0;140;212;324;205;339;304
5982.0;141;212;322;205;338;306
5988.0;141;211;324;206;337;305
5994.0;141;211;324;206;337;305
6000.0;141;211;324;206;337;305
6006.0;142;212;323;206;335;306
6012.0;142;212;324;209;333;304
6018.0;139;212;326;207;336;304
6024.0;139;213;326;210;333;303
6030.0;142;210;326;214;331;301
6036.0;141;211;324;214;332;302
6042.0;141;210;324;215;331;303
6048.0;143;209;323;215;331;303
6054.0;144;209;324;213;331;303
6060.0;144;209;326;215;328;302
6066.0;142;209;327;215;329;302
6072.0;142;210;327;216;328;301
6078.0;144;210;327;215;327;301
6084.0;144;210;325;215;328;302
6090.0;144;210;326;215;327;302
6096.0;145;209;328;216;326;300
6102.0;146;210;328;216;326;298
6108.0;146;211;327;214;327;299
6114.0;146;211;327;214;327;299
6120.0;148;210;326;214;327;299
6126.0;149;210;324;214;327;300
6132.0;150;209;324;213;327;301
6138.0;151;209;324;212;328;300
6144.0;149;209;325;213;329;299
6150.0;150;208;324;215;329;298
6156.0;151;207;322;216;329;299
6162.0;151;207;321;216;329;300
6168.0;152;208;321;216;327;300
6174.0;152;208;322;215;327;300
6180.0;150;208;325;214;327;300
6186.0;151;208;325;213;327;300
6192.0;151;208;324;213;328;300
6198.0;151;208;323;213;328;301
6204.0;151;209;323;214;326;301
6210.0;152;208;324;213;326;301
6216.0;152;208;324;213;326;301
6222.0;152;208;324;214;325;301
6228.0;152;206;324;215;325;302
6234.0;154;204;325;214;326;301
6240.0;153;204;326;214;325;302
6246.0;152;205;325;214;324;304
6252.0;153;204;325;215;323;304
6258.0;155;208;325;216;318;302
6264.0;154;206;326;216;320;302
6270.0;153;207;326;216;319;303
6276.0;155;205;327;217;319;301
6282.0;155;206;327;217;318;301
6288.0;156;203;330;217;318;300
6294.0;156;202;332;217;317;300
6300.0;156;201;331;216;319;301
6306.0;155;201;331;216;319;302
6312.0;154;200;331;217;319;303
6318.0;153;200;331;218;319;303
6324.0;153;201;329;218;320;303
6330.0;153;201;326;221;320;303
6336.0;153;202;326;220;319;304
6342.0;155;201;325;220;321;302
6348.0;156;201;325;218;321;303
6354.0;156;200;326;218;321;303
6360.0;157;201;326;217;321;302
6366.0;157;201;326;216;321;303
6372.0;156;202;324;216;322;304
6378.0;154;202;325;217;321;305
6384.0;153;205;325;216;320;305
6390.0;153;205;325;215;320;306
6396.0;153;205;326;215;320;305
6402.0;152;205;327;213;320;307
6408.0;150;206;328;215;319;306
6414.0;150;206;327;215;319;307
6420.0;150;208;324;217;318;307
6426.0;150;209;324;218;319;304
6432.0;150;208;324;218;319;305
6438.0;150;207;323;219;320;305
6444.0;147;207;324;221;319;306
6450.0;147;208;325;220;318;306
6456.0;147;208;325;220;317;307
6462.0;144;209;324;222;316;309
6468.0;143;209;324;223;315;310
6474.0;143;210;326;223;312;310
6480.0;143;212;327;223;310;309
6486.0;145;211;325;224;311;308
6492.0;143;210;325;225;311;310
6498.0;143;210;327;225;309;310
6504.0;143;211;327;226;308;309
6510.0;143;211;325;226;309;310
6516.0;144;212;326;224;309;309
6522.0;144;214;326;222;309;309
6528.0;142;215;324;222;312;309
6534.0;142;215;324;222;312;309
6540.0;142;214;326;220;312;310
6546.0;141;214;327;220;312;310
6552.0;142;214;326;220;312;310
6558.0;141;215;325;221;312;310
6564.0;141;215;325;221;312;310
6570.0;141;215;326;221;312;309
6576.0;143;215;323;222;311;310
6582.0;145;212;323;222;312;310
6588.0;143;213;323;223;312;310
6594.0;143;214;322;221;313;311
6600.0;143;214;323;219;313;312
6606.0;143;213;321;220;313;314
6612.0;144;211;321;220;314;314
6618.0;144;209;321;222;316;312
6624.0;145;212;319;221;316;311
6630.0;145;212;318;221;317;311
6636.0;144;212;318;223;317;310
6642.0;146;210;319;223;316;310
6648.0;144;210;320;224;316;310
6654.0;145;210;319;223;316;311
6660.0;144;210;319;222;317;312
6666.0;145;209;320;221;317;312
6672.0;144;209;321;220;318;312
6678.0;143;209;320;220;318;314
6684.0;142;210;322;219;318;313
6690.0;144;209;324;217;318;312
6696.0;144;208;323;218;319;312
6702.0;143;207;322;218;321;313
6708.0;144;207;323;216;321;313
6714.0;144;207;325;215;320;313
6720.0;144;207;325;215;319;314
6726.0;143;206;325;215;320;315
6732.0;144;205;324;215;322;314
6738.0;146;205;324;215;321;313
6744.0;145;205;323;215;321;315
6750.0;146;205;323;213;321;316
6756.0;146;204;323;213;322;316
6762.0;146;204;324;212;322;316
6768.0;145;204;324;212;322;317
6774.0;145;203;323;213;323;317
6780.0;145;202;323;213;324;317
6786.0;144;202;323;215;323;317
6792.0;143;202;323;215;324;317
6798.0;144;203;323;214;324;316
6804.0;144;203;323;213;324;317
6810.0;143;203;323;214;324;317
6816.0;142;204;322;214;325;317
6822.0;141;205;320;213;326;319
6828.0;142;207;320;211;328;316
6834.0;141;206;321;213;327;316
6840.0;139;207;322;214;327;315
6846.0;140;207;324;215;324;314
6852.0;140;210;322;216;323;313
6858.0;140;210;322;216;324;312
6864.0;141;211;322;214;324;312
6870.0;141;211;321;213;326;312
6876.0;142;210;321;212;326;313
6882.0;140;209;322;213;327;313
6888.0;141;209;320;214;327;313
6894.0;140;209;322;213;326;314
6900.0;142;209;319;213;326;315
6906.0;143;210;318;212;326;315
6912.0;142;209;319;214;324;316
6918.0;142;207;320;215;324;316
6924.0;141;206;319;215;326;317
6930.0;141;207;320;213;326;317
6936.0;142;208;319;212;327;316
6942.0;141;212;317;211;325;318
6948.0;140;213;318;209;326;318
6954.0;140;214;318;209;325;318
6960.0;139;215;319;209;325;317
6966.0;139;216;319;210;325;315
6972.0;140;217;317;210;326;314
6978.0;139;216;316;211;327;315
6984.0;140;215;316;211;327;315
6990.0;138;214;316;212;328;316
6996.0;138;213;316;212;328;317
7002.0;135;214;317;210;328;320
7008.0;136;214;317;210;328;319
7014.0;136;215;316;210;328;319
7020.0;138;214;316;211;326;319
7026.0;139;212;316;211;326;320
7032.0;139;213;316;210;326;320
7038.0;140;214;314;211;326;319
7044.0;141;214;314;211;323;321
7050.0;141;214;315;211;322;321
7056.0;141;215;315;210;322;321
7062.0;143;214;316;207;323;321
7068.0;144;211;317;206;323;323
7074.0;145;211;315;206;324;323
7080.0;147;211;314;205;323;324
7086.0;146;211;316;204;324;323
7092.0;147;211;314;204;325;323
7098.0;145;212;313;203;325;326
7104.0;145;212;313;204;324;326
7110.0;144;212;315;205;324;324
7116.0;144;213;313;205;327;322
7122.0;146;212;313;205;325;323
7128.0;146;212;313;205;325;323
7134.0;146;212;313;205;325;323
7140.0;145;211;314;205;323;326
7146.0;144;211;314;206;323;326
7152.0;144;210;316;205;324;325
7158.0;144;210;316;205;324;325
7164.0;143;210;317;205;324;325
7170.0;144;210;317;206;324;323
7176.0;145;207;316;206;326;324
7182.0;144;208;316;203;327;326
7188.0;144;206;317;206;326;325
7194.0;143;206;315;207;327;326
7200.0;142;206;315;208;327;326
7206.0;141;206;315;209;326;327
7212.0;139;206;315;210;326;328
7218.0;139;207;315;210;326;327
7224.0;139;208;315;208;326;328
7230.0;138;208;314;210;326;328
7236.0;139;208;314;210;325;328
7242.0;139;207;316;210;324;328
7248.0;141;207;316;209;325;326
7254.0;142;206;317;209;323;327
7260.0;142;206;319;208;322;327
7266.0;142;208;318;208;322;326
7272.0;142;209;318;208;322;325
7278.0;139;210;318;208;323;326
7284.0;142;209;320;206;322;325
7290.0;141;210;321;205;322;325
7296.0;142;209;321;207;320;325
7302.0;142;209;321;208;319;325
7308.0;141;209;321;208;320;325
7314.0;141;211;320;208;319;325
7320.0;142;211;319;208;319;325
7326.0;143;211;318;208;320;324
7332.0;143;209;318;207;320;327
7338.0;143;207;320;205;320;329
7344.0;143;207;320;205;321;328
7350.0;143;206;322;204;323;326
7356.0;143;206;322;204;323;326
7362.0;143;208;321;204;323;325
7368.0;142;208;321;205;322;326
7374.0;138;210;319;206;321;330
7380.0;137;211;319;207;320;330
7386.0;137;211;319;207;320;330
7392.0;136;210;319;209;320;330
7398.0;136;210;318;209;320;331
7404.0;136;209;319;209;322;329
7410.0;135;209;319;209;322;330
7416.0;135;209;319;209;322;330
7422.0;136;211;318;209;322;328
7428.0;134;213;317;210;322;328
7434.0;135;214;316;209;324;326
7440.0;137;214;314;209;322;328
7446.0;137;215;314;207;323;328
7452.0;137;215;313;207;324;328
7458.0;136;214;316;206;324;328
7464.0;134;215;315;205;325;330
7470.0;135;217;313;205;325;329
7476.0;135;218;313;204;325;329
7482.0;134;218;317;203;324;328
7488.0;134;219;317;203;324;327
7494.0;132;219;318;203;325;327
7500.0;132;219;321;201;325;326
7506.0;132;219;321;201;325;326
7512.0;132;219;322;201;325;325
7518.0;132;218;322;202;326;324
7524.0;131;218;323;202;326;324
7530.0;133;218;324;202;325;322
7536.0;132;219;324;202;324;323
7542.0;132;219;325;202;324;322
7548.0;133;219;324;200;327;321
7554.0;134;219;324;199;327;321
7560.0;134;219;324;199;326;322
7566.0;133;220;324;197;327;323
7572.0;133;220;325;197;327;322
7578.0;130;220;327;198;327;322
7584.0;130;219;327;200;325;323
7590.0;130;220;327;200;324;323
7596.0;131;219;327;201;325;321
7602.0;132;217;327;202;325;321
7608.0;132;217;328;201;325;321
7614.0;131;219;327;200;324;323
7620.0;130;219;328;201;324;322
7626.0;131;219;327;202;323;322
7632.0;130;216;328;204;323;323
7638.0;130;218;326;206;322;322
7644.0;130;217;327;206;323;321
7650.0;129;218;327;205;323;322
7656.0;128;217;329;207;321;322
7662.0;128;216;330;208;319;323
7668.0;128;216;329;208;320;323
7674.0;130;215;328;207;322;322
7680.0;131;215;327;207;322;322
7686.0;131;215;327;207;321;323
7692.0;131;215;326;207;322;323
7698.0;130;216;328;204;321;325
7704.0;129;218;329;204;320;324
7710.0;128;218;330;204;319;325
7716.0;130;217;331;204;319;323
7722.0;129;216;328;205;320;326
7728.0;127;217;328;206;321;325
7734.0;124;216;329;208;322;325
7740.0;124;215;328;209;321;327
7746.0;124;215;329;208;321;327
7752.0;126;216;326;208;322;326
7758.0;127;216;325;205;325;326
7764.0;126;216;326;205;324;327
7770.0;127;216;326;204;324;327
7776.0;129;216;326;204;324;325
7782.0;129;216;326;204;324;325
7788.0;127;218;326;204;323;326
7794.0;128;218;325;205;323;325
7800.0;127;218;327;207;322;323
7806.0;128;217;326;207;323;323
7812.0;129;217;326;207;322;323
7818.0;127;217;326;207;324;323
7824.0;126;216;328;207;324;323
7830.0;126;217;329;207;322;323
7836.0;126;216;328;208;322;324
7842.0;125;216;329;207;321;326
7848.0;126;216;328;208;321;325
7854.0;125;217;327;210;321;324
7860.0;127;218;328;209;319;323
7866.0;127;217;328;209;319;324
7872.0;130;217;327;208;316;326
7878.0;130;217;327;207;317;326
7884.0;130;219;328;206;316;325
7890.0;131;219;328;206;317;323
7896.0;132;221;326;207;314;324
7902.0;131;221;326;206;315;325
7908.0;131;222;326;205;315;325
7914.0;130;223;325;206;315;325
7920.0;131;223;326;206;313;325
7926.0;130;223;329;206;313;323
7932.0;130;224;328;205;313;324
7938.0;131;222;327;207;313;324
7944.0;132;223;325;206;315;323
7950.0;129;224;328;204;316;323
7956.0;129;227;328;203;314;323
7962.0;130;227;329;202;314;322
7968.0;130;226;328;203;314;323
7974.0;129;227;329;203;313;323
7980.0;129;226;326;204;315;324
7986.0;129;225;326;204;316;324
7992.0;130;227;325;203;317;322
7998.0;128;227;325;204;318;322
8004.0;128;227;326;203;318;322
8010.0;131;225;326;203;315;324
8016.0;131;225;327;202;315;324
8022.0;132;226;327;200;314;325
8028.0;130;227;327;203;314;323
8034.0;129;229;326;202;315;323
8040.0;128;229;326;203;315;323
8046.0;127;228;327;202;317;323
8052.0;130;229;327;200;317;321
8058.0;130;228;327;202;317;320
8064.0;131;229;325;201;317;321
8070.0;134;228;325;202;314;321
8076.0;134;228;325;202;314;321
8082.0;133;229;326;201;315;320
8088.0;131;230;325;202;317;319
8094.0;131;230;324;203;317;319
8100.0;131;231;323;202;317;320
8106.0;133;229;324;201;317;320
8112.0;133;229;324;202;316;320
8118.0;132;228;324;203;316;321
8124.0;132;230;321;205;315;321
8130.0;133;232;322;204;313;320
8136.0;133;233;322;207;310;319
8142.0;133;233;322;207;312;317
8148.0;131;231;323;209;315;315
8154.0;130;229;324;209;314;318
8160.0;128;229;324;209;317;317
8166.0;129;228;324;209;319;315
8172.0;126;228;325;209;318;318
8178.0;126;228;323;210;320;317
8184.0;126;227;323;211;320;317
8190.0;127;227;323;210;318;319
8196.0;128;225;321;211;320;319
8202.0;128;225;321;212;318;320
8208.0;128;225;319;212;319;321
8214.0;128;226;319;213;319;319
8220.0;128;226;319;213;319;319
8226.0;129;226;319;210;319;321
8232.0;129;226;319;210;319;321
8238.0;129;225;319;210;320;321
8244.0;130;225;318;210;319;322
8250.0;130;226;317;209;319;323
8256.0;130;226;320;209;318;321
8262.0;129;225;319;209;321;321
8268.0;129;223;318;209;323;322
8274.0;129;222;319;209;322;323
8280.0;129;222;319;208;322;324
8286.0;128;224;318;210;322;322
8292.0;128;225;317;209;322;323
8298.0;128;224;319;208;323;322
8304.0;128;224;320;206;324;322
8310.0;127;226;321;206;323;321
8316.0;126;226;321;204;324;323
8322.0;127;226;322;203;322;324
8328.0;126;226;321;203;322;326
8334.0;126;226;321;203;322;326
8340.0;127;228;321;202;320;326
8346.0;126;228;321;202;321;326
8352.0;126;228;321;203;321;325
8358.0;127;225;321;204;322;325
8364.0;126;224;320;206;322;326
8370.0;127;224;321;205;322;325
8376.0;127;224;322;207;322;322
8382.0;127;223;322;208;322;322
8388.0;128;222;322;208;321;323
8394.0;129;222;322;207;320;324
8400.0;129;222;320;209;320;324
8406.0;130;222;320;210;320;322
8412.0;131;223;320;211;317;322
8418.0;130;223;321;211;316;323
8424.0;128;224;322;212;317;321
8430.0;129;223;322;211;317;322
8436.0;128;224;322;211;317;322
8442.0;129;224;323;211;315;322
8448.0;127;225;324;211;314;323
8454.0;128;225;324;212;313;322
8460.0;127;226;324;213;313;321
8466.0;128;227;324;212;313;320
8472.0;128;227;325;211;313;320
8478.0;127;227;325;213;313;319
8484.0;127;227;325;213;312;320
8490.0;127;226;326;213;312;320
8496.0;127;226;326;213;313;319
8502.0;127;225;327;213;312;320
8508.0;126;224;327;214;312;321
8514.0;125;224;327;213;312;323
8520.0;125;225;327;213;311;323
8526.0;126;224;325;213;311;325
8532.0;125;224;326;214;312;323
8538.0;128;221;328;213;311;323
8544.0;128;222;329;211;311;323
8550.0;127;223;329;210;312;323
8556.0;128;222;330;210;311;323
8562.0;128;223;329;210;311;323
8568.0;128;222;332;211;310;321
8574.0;128;222;332;211;310;321
8580.0;128;221;332;211;310;322
8586.0;129;220;332;211;308;324
8592.0;128;221;331;212;309;323
8598.0;127;222;331;213;308;323
8604.0;125;222;331;216;308;322
8610.0;123;222;333;217;307;322
8616.0;123;222;333;215;308;323
8622.0;124;219;330;214;310;327
8628.0;124;219;330;214;310;327
8634.0;125;223;329;214;309;324
8640.0;125;223;327;214;309;326
8646.0;125;223;327;214;308;327
8652.0;125;224;326;213;306;330
8658.0;125;223;328;214;303;331
8664.0;125;222;328;214;302;333
8670.0;124;222;329;213;302;334
8676.0;125;222;328;213;302;334
8682.0;127;220;327;213;303;334
8688.0;127;220;327;212;305;333
8694.0;127;221;326;212;305;333
8700.0;127;220;327;212;305;333
8706.0;127;220;328;213;305;331
8712.0;126;221;327;213;307;330
8718.0;127;221;329;210;309;328
8724.0;128;219;329;211;309;328
8730.0;128;219;330;211;308;328
8736.0;126;218;332;212;308;328
8742.0;125;218;333;212;308;328
8748.0;124;218;332;212;308;330
8754.0;124;218;332;212;308;330
8760.0;123;220;333;211;307;330
8766.0;122;221;332;211;306;332
8772.0;123;220;331;211;306;333
8778.0;123;220;331;210;307;333
8784.0;123;220;331;210;307;333
8790.0;121;220;332;211;308;332
8796.0;121;220;332;211;308;332
8802.0;120;220;332;212;307;333
8808.0;120;220;332;212;307;333
8814.0;119;221;332;211;307;334
8820.0;120;220;332;212;307;333
8826.0;120;220;333;212;306;333
8832.0;120;220;333;212;306;333
8838.0;121;220;333;213;304;333
8844.0;122;220;332;213;304;333
8850.0;121;220;333;214;305;331
8856.0;121;222;331;214;305;331
8862.0;121;219;332;215;307;330
8868.0;122;222;333;212;306;329
8874.0;123;221;333;212;306;329
8880.0;124;221;332;212;306;329
8886.0;124;224;332;211;305;328
8892.0;123;225;333;210;305;328
8898.0;127;224;336;208;304;325
8904.0;126;223;336;208;305;326
8910.0;125;224;336;208;305;326
8916.0;124;224;336;209;305;326
8922.0;125;224;335;210;304;326
8928.0;125;222;332;210;305;330
8934.0;127;222;331;209;305;330
8940.0;128;224;331;208;304;329
8946.0;128;224;331;208;304;329
8952.0;129;224;330;207;304;330
8958.0;130;222;332;206;304;330
8964.0;128;223;332;206;305;330
8970.0;128;224;330;206;307;329
8976.0;127;227;330;205;306;329
8982.0;127;228;329;205;306;329
8988.0;125;229;330;206;304;330
8994.0;126;229;329;207;302;331
9000.0;127;229;329;208;301;330
9006.0;128;228;327;207;302;332
9012.0;127;228;327;206;303;333
9018.0;127;228;326;204;303;336
9024.0;125;228;327;204;302;338
9030.0;125;227;326;204;303;339
9036.0;126;228;325;203;301;341
9042.0;127;227;326;202;300;342
9048.0;128;226;327;201;299;343
9054.0;127;228;324;201;299;345
9060.0;128;229;323;200;298;346
9066.0;126;229;322;201;298;348
9072.0;129;230;322;200;296;347
9078.0;128;230;321;200;298;347
9084.0;128;232;320;200;297;347
9090.0;128;233;320;202;298;343
9096.0;128;233;320;202;299;342
9102.0;129;231;320;202;299;343
9108.0;130;232;319;203;297;343
9114.0;131;231;320;203;296;343
9120.0;131;232;321;203;295;342
9126.0;132;232;321;202;295;342
9132.0;132;231;321;202;295;343
9138.0;132;232;321;201;296;342
9144.0;131;232;323;199;296;343
9150.0;132;231;322;199;295;345
9156.0;133;230;323;200;294;344
9162.0;133;229;325;200;294;343
9168.0;135;229;323;199;295;343
9174.0;135;231;321;199;295;343
9180.0;134;230;322;199;298;341
9186.0;134;228;321;200;298;343
9192.0;133;228;321;201;298;343
9198.0;130;228;321;202;299;344
9204.0;129;228;321;204;298;344
9210.0;130;226;322;204;297;345
9216.0;128;227;322;205;296;346
9222.0;128;225;323;205;296;347
9228.0;127;225;321;207;296;348
9234.0;126;226;321;207;297;347
9240.0;126;226;322;205;299;346
9246.0;127;226;320;205;300;346
9252.0;125;227;322;205;299;346
9258.0;126;230;319;205;298;346
9264.0;127;230;318;204;297;348
9270.0;127;230;318;204;297;348
9276.0;128;230;318;204;298;346
9282.0;127;231;317;203;298;348
9288.0;124;232;317;205;297;349
9294.0;124;232;317;206;297;348
9300.0;121;232;317;208;298;348
9306.0;121;232;317;208;298;348
9312.0;121;231;316;210;298;348
9318.0;121;231;316;208;300;348
9324.0;121;229;316;207;302;349
9330.0;121;229;316;207;302;349
9336.0;121;232;314;208;302;347
9342.0;120;232;314;210;301;347
9348.0;121;231;315;209;299;349
9354.0;120;230;315;208;299;352
9360.0;120;231;315;208;299;351
9366.0;120;229;315;207;300;353
9372.0;120;229;315;207;300;353
9378.0;120;229;316;207;300;352
9384.0;120;228;316;208;299;353
9390.0;120;228;316;208;300;352
9396.0;120;228;316;208;301;351
9402.0;120;228;315;208;301;352
9408.0;121;227;315;208;300;353
9414.0;122;224;317;208;301;352
9420.0;122;224;316;209;300;353
9426.0;123;224;316;209;299;353
9432.0;125;223;317;210;296;353
9438.0;125;223;316;210;296;354
9444.0;125;224;314;210;295;356
9450.0;122;224;315;210;295;358
9456.0;122;224;314;210;296;358
9462.0;122;225;313;211;295;358
9468.0;121;226;312;212;295;358
9474.0;121;225;312;212;297;357
9480.0;120;224;313;212;298;357
9486.0;121;223;314;212;297;357
9492.0;121;222;314;212;296;359
9498.0;118;224;314;213;295;360
9504.0;118;226;314;213;295;358
9510.0;118;226;315;212;296;357
9516.0;118;228;315;212;295;356
9522.0;122;226;315;212;295;354
9528.0;120;227;316;212;295;354
9534.0;121;226;315;213;295;354
9540.0;121;228;314;212;295;354
9546.0;123;226;314;214;292;355
9552.0;122;228;312;213;291;358
9558.0;123;228;310;215;291;357
9564.0;122;228;310;215;290;359
9570.0;122;228;309;215;290;360
9576.0;122;228;308;217;290;359
9582.0;122;228;308;219;289;358
9588.0;122;229;306;218;290;359
9594.0;122;229;307;216;291;359
9600.0;120;229;307;218;292;358
9606.0;120;229;306;218;292;359
9612.0;120;229;307;219;291;358
9618.0;120;226;307;220;291;360
9624.0;119;225;309;220;290;361
9630.0;117;223;309;221;293;361
9636.0;116;223;307;223;293;362
9642.0;115;223;308;224;293;361
9648.0;115;224;310;222;292;361
9654.0;115;224;310;223;291;361
9660.0;115;224;311;221;291;362
9666.0;113;225;311;223;291;361
9672.0;112;226;310;223;292;361
9678.0;113;227;310;223;291;360
9684.0;114;227;310;223;290;360
9690.0;115;226;311;222;290;360
9696.0;115;226;311;222;290;360
9702.0;115;227;310;222;291;359
9708.0;115;226;310;223;291;359
9714.0;115;225;309;225;292;358
9720.0;117;223;307;227;293;357
9726.0;118;220;307;228;293;358
9732.0;118;221;309;229;292;355
9738.0;116;221;312;227;291;357
9744.0;118;221;315;224;291;355
9750.0;118;221;314;226;291;354
9756.0;117;222;312;226;291;356
9762.0;115;224;312;227;291;355
9768.0;114;225;312;227;291;355
9774.0;113;225;312;226;293;355
9780.0;114;226;314;227;292;351
9786.0;114;227;315;227;290;351
9792.0;114;226;314;227;291;352
9798.0;113;225;314;228;292;352
9804.0;112;226;315;227;292;352
9810.0;110;228;313;224;295;354
9816.0;110;229;313;222;295;355
9822.0;110;229;313;222;296;354
9828.0;109;232;313;222;295;353
9834.0;109;231;314;223;295;352
9840.0;108;231;315;224;296;350
9846.0;108;230;315;224;297;350
9852.0;110;230;315;223;297;349
9858.0;110;231;315;223;296;349
9864.0;113;232;312;223;297;347
9870.0;113;233;313;222;297;346
9876.0;113;235;312;222;296;346
9882.0;110;236;312;224;296;346
9888.0;112;236;312;224;296;344
9894.0;111;236;313;225;296;343
9900.0;110;238;313;225;297;341
9906.0;110;239;313;224;298;340
9912.0;107;241;311;225;299;341
9918.0;107;243;311;224;299;340
9924.0;108;240;309;225;299;343
9930.0;110;240;309;224;299;342
9936.0;110;241;307;222;302;342
9942.0;110;240;307;222;302;343
9948.0;110;239;306;221;304;344
9954.0;110;239;305;220;304;346
9960.0;110;240;305;219;304;346
9966.0;111;239;304;219;305;346
9972.0;111;238;304;220;305;346
9978.0;110;237;307;219;305;346
9984.0;110;237;305;219;307;346
9990.0;110;235;305;220;308;346
9996.0;110;235;305;219;309;346
10002.0;110;235;305;218;309;347
10008.0;110;235;305;218;309;347
10014.0;110;234;305;218;309;348
10020.0;110;234;304;218;311;347
10026.0;112;237;303;218;309;345
10032.0;112;236;303;219;309;345
10038.0;111;235;304;221;309;344
10044.0;112;235;304;220;308;345
10050.0;112;236;304;221;307;344
10056.0;112;235;304;219;309;345
10062.0;112;235;305;217;309;346
10068.0;113;235;304;216;310;346
10074.0;112;234;304;216;309;349
10080.0;114;231;307;215;309;348
10086.0;114;231;305;216;310;348
10092.0;113;231;305;216;311;348
10098.0;111;232;306;216;311;348
10104.0;110;231;305;217;312;349
10110.0;111;231;306;216;312;348
10116.0;111;230;305;217;312;349
10122.0;111;230;304;217;312;350
10128.0;110;230;304;218;312;350
10134.0;111;231;302;218;312;350
10140.0;110;231;303;217;312;351
10146.0;110;231;302;217;314;350
10152.0;112;232;303;217;312;348
10158.0;112;231;304;218;312;347
10164.0;112;231;304;219;311;347
10170.0;113;229;300;222;311;349
10176.0;113;228;301;222;310;350
10182.0;112;227;300;224;310;351
10188.0;113;226;302;222;308;353
10194.0;112;226;303;222;308;353
10200.0;112;226;303;222;309;352
10206.0;113;223;305;222;309;352
10212.0;115;224;304;222;308;351
10218.0;115;224;305;222;307;351
10224.0;114;224;306;223;306;351
10230.0;114;226;306;222;306;350
10236.0;116;225;305;223;306;349
10242.0;115;225;305;224;306;349
10248.0;116;226;302;225;307;348
10254.0;117;226;302;225;307;347
10260.0;118;227;302;224;307;346
10266.0;116;228;301;223;307;349
10272.0;115;230;300;222;308;349
10278.0;115;231;299;222;307;350
10284.0;114;231;299;222;308;350
10290.0;111;232;299;222;309;351
10296.0;113;231;299;222;308;351
10302.0;112;231;299;223;308;351
10308.0;113;230;300;223;307;351
10314.0;112;228;302;223;307;352
10320.0;111;228;303;224;307;351
10326.0;110;228;304;224;307;351
10332.0;113;227;304;222;307;351
10338.0;113;227;303;223;308;350
10344.0;113;227;302;224;308;350
10350.0;114;228;302;226;306;348
10356.0;114;228;304;226;305;347
10362.0;113;229;303;227;305;347
10368.0;113;229;303;227;306;346
10374.0;113;229;305;226;306;345
10380.0;114;229;306;225;305;345
10386.0;112;227;307;225;307;346
10392.0;112;227;308;224;308;345
10398.0;111;227;308;223;311;344
10404.0;111;229;307;223;310;344
10410.0;113;229;306;222;310;344
10416.0;113;229;306;223;309;344
10422.0;112;227;306;224;311;344
10428.0;113;228;308;220;311;344
10434.0;113;228;307;220;312;344
10440.0;114;227;308;220;312;343
10446.0;113;228;311;220;311;341
10452.0;113;229;312;221;308;341
10458.0;112;229;310;221;310;342
10464.0;113;229;309;222;310;341
10470.0;112;226;310;223;313;340
10476.0;111;226;310;223;314;340
10482.0;111;225;311;223;313;341
10488.0;111;224;312;224;312;341
10494.0;108;222;312;225;313;344
10500.0;111;223;310;224;313;343
10506.0;111;222;310;225;312;344
10512.0;112;223;308;225;312;344
10518.0;110;223;307;225;312;347
10524.0;109;221;308;227;312;347
10530.0;110;220;307;227;313;347
10536.0;110;221;308;226;312;347
10542.0;110;220;308;226;312;348
10548.0;113;219;307;224;311;350
10554.0;114;219;306;225;310;350
10560.0;114;219;306;224;311;350
10566.0;113;219;306;224;312;350
10572.0;112;218;309;224;311;350
10578.0;111;220;311;224;310;348
10584.0;111;220;312;225;309;347
10590.0;111;221;310;224;310;348
10596.0;113;220;311;224;310;346
10602.0;113;221;308;225;309;348
10608.0;115;221;306;224;308;350
10614.0;115;222;306;223;308;350
10620.0;116;220;306;223;308;351
10626.0;116;219;305;222;310;352
10632.0;116;220;306;221;310;351
10638.0;117;220;305;221;310;351
10644.0;117;221;305;220;309;352
10650.0;117;221;306;220;309;351
10656.0;117;220;308;221;307;351
10662.0;117;221;309;220;306;351
10668.0;117;223;309;218;306;351
10674.0;118;223;309;218;306;350
10680.0;117;223;308;218;308;350
10686.0;118;223;308;218;307;350
10692.0;118;224;309;218;308;347
10698.0;117;223;309;217;308;350
10704.0;117;222;309;218;309;349
10710.0;117;221;309;218;310;349
10716.0;116;220;310;216;313;349
10722.0;116;219;311;216;313;349
10728.0;116;219;312;216;313;348
10734.0;115;221;312;216;311;349
10740.0;118;222;311;217;310;346
10746.0;118;222;311;216;310;347
10752.0;116;222;312;216;308;350
10758.0;118;222;310;219;307;348
10764.0;119;222;310;219;307;347
10770.0;118;222;310;221;307;346
10776.0;119;219;309;222;308;347
10782.0;121;219;309;220;308;347
10788.0;120;220;307;222;309;346
10794.0;121;221;306;221;309;346
