#auto generated file!
12.0;191;190;181;227;208;221
18.0;188;190;184;227;208;221
24.0;188;191;185;224;209;221
30.0;188;190;184;223;212;221
36.0;189;189;183;223;212;222
42.0;187;191;184;223;211;222
48.0;185;190;187;223;211;222
54.0;185;192;186;223;211;221
60.0;185;192;186;222;212;221
66.0;185;192;186;222;212;221
72.0;184;191;186;222;212;223
78.0;184;191;187;222;212;222
84.0;182;191;187;222;214;222
90.0;182;191;188;221;215;221
96.0;181;192;188;221;214;222
102.0;180;192;188;221;216;221
108.0;180;192;189;219;216;222
114.0;180;192;188;219;217;222
120.0;178;192;188;218;218;224
126.0;175;193;189;220;218;223
132.0;174;193;189;221;218;223
138.0;174;193;189;221;218;223
144.0;173;192;189;220;219;225
150.0;174;192;188;220;219;225
156.0;173;192;188;220;219;226
162.0;175;192;187;219;219;226
168.0;176;194;188;216;218;226
174.0;174;195;188;217;218;226
180.0;173;195;188;217;217;228
186.0;173;194;189;218;216;228
192.0;172;195;188;219;216;228
198.0;171;195;188;218;218;228
204.0;170;196;190;219;217;226
210.0;171;196;190;219;216;226
216.0;171;196;190;220;216;225
222.0;170;196;190;221;216;225
228.0;169;196;192;220;216;225
234.0;168;196;191;220;217;226
240.0;167;197;191;219;217;227
246.0;164;196;194;218;218;228
252.0;165;196;193;219;219;226
258.0;166;195;194;218;219;226
264.0;164;195;197;216;221;225
270.0;164;196;197;215;221;225
276.0;163;195;196;214;221;229
282.0;163;195;198;212;221;229
288.0;163;195;198;212;220;230
294.0;162;195;198;213;220;230
300.0;162;197;198;209;221;231
306.0;161;197;199;209;221;231
312.0;161;197;198;211;221;230
318.0;161;196;197;212;222;230
324.0;162;197;197;210;221;231
330.0;161;198;197;211;221;230
336.0;161;197;197;211;222;230
342.0;159;197;198;212;222;230
348.0;158;196;197;213;223;231
354.0;158;196;199;212;222;231
360.0;158;196;201;212;220;231
366.0;157;196;200;213;221;231
372.0;156;195;199;213;223;232
378.0;155;194;198;214;225;232
384.0;153;194;198;214;226;233
390.0;153;192;200;214;226;233
396.0;151;193;200;214;228;232
402.0;151;193;200;213;229;232
408.0;151;193;200;211;231;232
414.0;151;192;200;212;231;232
420.0;150;192;201;211;231;233
426.0;150;191;201;212;231;233
432.0;150;190;202;211;231;234
438.0;147;190;205;210;232;234
444.0;147;191;206;209;231;234
450.0;148;192;205;208;231;234
456.0;147;193;205;207;233;233
462.0;147;193;204;207;233;234
468.0;147;193;204;207;234;233
474.0;148;194;204;206;233;233
480.0;150;194;204;205;232;233
486.0;148;194;203;207;232;234
492.0;148;194;203;207;232;234
498.0;147;193;204;208;232;234
504.0;148;192;205;207;233;233
510.0;147;193;204;206;233;235
516.0;147;193;204;206;233;235
522.0;146;193;204;206;232;237
528.0;145;193;204;206;233;237
534.0;145;193;203;205;234;238
540.0;144;193;203;205;235;238
546.0;144;193;203;204;235;239
552.0;145;192;202;202;238;239
558.0;145;192;202;201;239;239
564.0;144;192;202;200;240;240
570.0;143;194;201;198;240;242
576.0;143;194;202;198;240;241
582.0;144;191;203;196;241;243
588.0;144;191;204;196;239;244
594.0;143;191;205;196;239;244
600.0;143;192;204;196;239;244
606.0;143;194;203;194;240;244
612.0;140;194;204;194;240;246
618.0;140;194;204;195;240;245
624.0;140;193;205;195;242;243
630.0;141;192;205;194;242;244
636.0;142;192;206;192;242;244
642.0;141;190;207;192;242;246
648.0;141;190;207;192;242;246
654.0;139;191;209;192;242;245
660.0;138;191;209;192;243;245
666.0;135;190;209;193;243;248
672.0;135;190;209;193;244;247
678.0;135;190;211;191;244;247
684.0;132;192;212;192;243;247
690.0;132;192;212;192;243;247
696.0;132;193;213;191;242;247
702.0;132;193;213;191;242;247
708.0;132;193;214;190;242;247
714.0;132;192;215;190;242;247
720.0;132;191;214;192;241;248
726.0;132;191;214;191;241;249
732.0;131;190;214;191;242;250
738.0;132;190;213;192;240;251
744.0;130;191;213;192;240;252
750.0;129;191;214;192;240;252
756.0;128;190;215;193;242;250
762.0;128;190;215;192;242;251
768.0;127;191;215;192;242;251
774.0;127;192;217;192;240;250
780.0;125;193;219;196;238;247
786.0;127;191;218;196;239;247
792.0;127;190;218;197;239;247
798.0;128;191;218;197;239;245
804.0;129;191;218;196;239;245
810.0;129;192;219;195;238;245
816.0;129;193;218;194;239;245
822.0;129;194;219;192;238;246
828.0;127;194;219;192;240;246
834.0;128;195;219;190;240;246
840.0;128;196;219;190;240;245
846.0;128;194;221;190;240;245
852.0;128;194;221;189;241;245
858.0;128;194;223;188;241;244
864.0;129;195;222;188;241;243
870.0;128;196;222;189;240;243
876.0;128;196;221;190;239;244
882.0;128;196;221;189;239;245
888.0;129;197;220;188;237;247
894.0;132;198;217;187;238;246
900.0;131;198;218;186;239;246
906.0;130;199;218;184;241;246
912.0;130;198;216;186;242;246
918.0;131;198;216;187;241;245
924.0;130;196;214;188;242;248
930.0;130;196;214;190;242;246
936.0;130;195;214;191;242;246
942.0;130;194;214;191;245;244
948.0;131;194;214;191;245;243
954.0;132;193;213;190;246;244
960.0;132;194;214;189;246;243
966.0;133;194;214;188;246;243
972.0;133;194;214;189;246;242
978.0;132;193;216;189;246;242
984.0;132;193;217;187;246;243
990.0;129;192;220;188;245;244
996.0;129;193;220;188;245;243
1002.0;130;193;221;188;243;243
1008.0;131;194;221;188;241;243
1014.0;131;194;222;187;242;242
1020.0;132;193;221;187;243;242
1026.0;134;193;220;186;243;242
1032.0;134;193;220;186;243;242
1038.0;134;193;222;186;241;242
1044.0;133;194;222;185;241;243
1050.0;133;193;222;188;240;242
1056.0;133;193;222;188;240;242
1062.0;133;192;224;187;240;242
1068.0;131;194;223;188;240;242
1074.0;131;194;223;188;240;242
1080.0;130;196;224;187;240;241
1086.0;130;196;224;187;240;241
1092.0;130;196;223;188;240;241
1098.0;130;195;223;187;240;243
1104.0;129;194;223;187;240;245
1110.0;129;193;223;187;240;246
1116.0;129;193;224;187;239;246
1122.0;128;192;225;187;238;248
1128.0;127;192;225;188;238;248
1134.0;127;191;225;188;237;250
1140.0;127;191;224;189;237;250
1146.0;126;193;225;189;236;249
1152.0;127;194;225;188;234;250
1158.0;127;194;225;187;235;250
1164.0;125;194;226;187;236;250
1170.0;125;195;224;189;234;251
1176.0;122;195;225;190;235;251
1182.0;122;195;225;191;235;250
1188.0;121;194;226;191;237;249
1194.0;121;194;226;191;237;249
1200.0;122;192;227;191;237;249
1206.0;123;192;227;190;237;249
1212.0;123;191;227;190;237;250
1218.0;123;191;226;190;237;251
1224.0;124;193;225;188;237;251
1230.0;124;193;226;188;236;251
1236.0;125;195;226;186;236;250
1242.0;124;195;226;186;236;251
1248.0;124;199;226;185;235;249
1254.0;121;199;226;186;235;251
1260.0;121;198;226;185;236;252
1266.0;121;198;227;185;235;252
1272.0;121;198;226;185;236;252
1278.0;121;198;225;186;236;252
1284.0;120;199;225;186;236;252
1290.0;118;199;225;186;236;254
1296.0;119;199;223;186;236;255
1302.0;119;199;222;186;236;256
1308.0;118;199;222;186;236;257
1314.0;117;198;223;186;237;257
1320.0;117;196;224;185;239;257
1326.0;117;196;225;187;239;254
1332.0;117;197;224;187;239;254
1338.0;118;197;224;186;239;254
1344.0;116;195;225;186;240;256
1350.0;118;194;225;187;240;254
1356.0;117;193;226;187;241;254
1362.0;115;192;226;190;241;254
1368.0;115;191;228;190;241;253
1374.0;115;192;228;189;241;253
1380.0;115;190;227;191;242;253
1386.0;115;190;227;191;242;253
1392.0;116;187;229;190;243;253
1398.0;117;185;227;194;241;254
1404.0;117;184;228;193;240;256
1410.0;117;184;228;195;240;254
1416.0;115;185;230;193;241;254
1422.0;115;185;231;192;241;254
1428.0;115;185;230;192;241;255
1434.0;114;185;230;192;242;255
1440.0;114;185;231;192;241;255
1446.0;116;184;230;193;238;257
1452.0;116;184;229;194;238;257
1458.0;113;185;230;194;238;258
1464.0;113;185;231;195;237;257
1470.0;113;187;231;195;235;257
1476.0;114;188;230;195;236;255
1482.0;114;187;231;196;235;255
1488.0;114;189;232;195;235;253
1494.0;114;189;232;195;235;253
1500.0;111;189;233;197;235;253
1506.0;113;188;233;196;235;253
1512.0;113;189;233;195;235;253
1518.0;113;190;233;194;235;253
1524.0;115;189;233;193;235;253
1530.0;114;190;233;193;235;253
1536.0;115;190;232;193;235;253
1542.0;113;191;232;192;236;254
1548.0;113;191;234;193;236;251
1554.0;112;192;234;193;236;251
1560.0;112;192;235;192;237;250
1566.0;113;192;235;191;237;250
1572.0;114;192;235;191;237;249
1578.0;116;193;233;191;237;248
1584.0;114;195;233;192;236;248
1590.0;114;194;234;192;237;247
1596.0;115;194;233;192;237;247
1602.0;115;194;234;193;235;247
1608.0;114;195;234;193;235;247
1614.0;114;194;235;192;236;247
1620.0;115;195;235;191;237;245
1626.0;115;193;236;190;238;246
1632.0;116;193;236;189;238;246
1638.0;115;193;236;190;239;245
1644.0;114;194;234;191;240;245
1650.0;113;195;234;191;240;245
1656.0;114;194;233;191;241;245
1662.0;116;192;234;191;241;244
1668.0;117;192;233;190;241;245
1674.0;117;191;233;191;240;246
1680.0;117;190;231;191;242;247
1686.0;117;190;231;191;242;247
1692.0;120;190;231;189;240;248
1698.0;120;191;230;188;240;249
1704.0;121;192;228;187;242;248
1710.0;121;190;231;188;240;248
1716.0;120;191;230;189;239;249
1722.0;120;191;231;189;238;249
1728.0;121;191;231;189;237;249
1734.0;120;192;232;189;235;250
1740.0;120;192;232;189;235;250
1746.0;121;192;232;190;234;249
1752.0;122;191;234;189;233;249
1758.0;123;191;235;188;233;248
1764.0;121;191;237;188;233;248
1770.0;120;193;236;188;232;249
1776.0;120;194;235;188;231;250
1782.0;121;193;236;188;232;248
1788.0;121;192;236;188;232;249
1794.0;121;191;236;189;232;249
1800.0;121;190;238;188;232;249
1806.0;120;190;239;189;231;249
1812.0;121;191;238;188;229;251
1818.0;121;191;237;189;229;251
1824.0;122;193;237;185;230;251
1830.0;122;193;238;184;229;252
1836.0;122;192;238;183;230;253
1842.0;123;191;236;183;230;255
1848.0;123;189;236;183;230;257
1854.0;122;189;235;183;230;259
1860.0;122;189;235;181;231;260
1866.0;122;189;234;182;231;260
1872.0;122;188;235;181;231;261
1878.0;122;188;235;179;234;260
1884.0;122;189;233;180;234;260
1890.0;122;189;231;181;235;260
1896.0;123;191;230;181;234;259
1902.0;123;189;232;181;235;258
1908.0;122;190;232;181;235;258
1914.0;122;190;232;181;235;258
1920.0;124;194;231;179;235;255
1926.0;124;194;231;181;233;255
1932.0;123;195;230;181;234;255
1938.0;121;194;231;181;235;256
1944.0;121;191;231;181;236;258
1950.0;121;191;231;181;236;258
1956.0;121;192;233;181;234;257
1962.0;121;192;232;182;234;257
1968.0;120;194;231;181;234;258
1974.0;119;191;230;185;235;258
1980.0;119;191;229;186;234;259
1986.0;120;190;230;185;234;259
1992.0;121;191;230;184;234;258
1998.0;121;193;230;184;233;257
2004.0;123;192;230;184;234;255
2010.0;123;192;231;182;234;256
2016.0;122;192;231;185;234;254
2022.0;124;193;230;184;235;252
2028.0;125;194;231;183;236;249
2034.0;126;194;230;183;235;250
2040.0;127;194;230;183;235;249
2046.0;127;195;230;183;235;248
2052.0;125;195;231;183;235;249
2058.0;125;196;230;183;235;249
2064.0;125;196;229;183;234;251
2070.0;125;196;230;184;234;249
2076.0;125;196;231;184;234;248
2082.0;125;195;230;184;234;250
2088.0;125;194;230;186;233;250
2094.0;125;193;231;186;232;251
2100.0;124;193;231;186;232;252
2106.0;123;194;231;187;231;252
2112.0;123;195;232;186;230;252
2118.0;121;196;230;188;229;254
2124.0;120;197;230;187;231;253
2130.0;119;197;231;186;231;254
2136.0;118;196;232;186;231;255
2142.0;116;197;232;185;233;255
2148.0;116;197;232;185;234;254
2154.0;117;197;231;183;234;256
2160.0;119;196;230;182;234;257
2166.0;119;196;231;183;234;255
2172.0;120;196;231;181;234;256
2178.0;119;196;231;181;234;257
2184.0;118;196;230;182;234;258
2190.0;117;195;231;182;234;259
2196.0;118;195;231;181;234;259
2202.0;118;196;232;180;234;258
2208.0;118;196;233;181;233;257
2214.0;116;197;234;180;234;257
2220.0;116;196;236;180;235;255
2226.0;115;196;236;180;236;255
2232.0;114;196;237;180;235;256
2238.0;114;196;237;181;234;256
2244.0;113;197;236;181;236;255
2250.0;113;199;235;183;235;253
2256.0;115;199;235;182;234;253
2262.0;116;198;235;182;234;253
2268.0;115;197;235;183;234;254
2274.0;115;197;235;183;234;254
2280.0;113;196;235;183;236;255
2286.0;113;196;234;184;237;254
2292.0;113;195;233;184;239;254
2298.0;113;195;234;181;241;254
2304.0;112;194;233;182;242;255
2310.0;111;196;232;182;242;255
2316.0;110;195;232;183;243;255
2322.0;111;193;233;183;243;255
2328.0;111;193;232;183;244;255
2334.0;109;193;232;185;244;255
2340.0;109;193;232;186;244;254
2346.0;109;192;232;186;245;254
2352.0;109;192;232;186;245;254
2358.0;108;192;233;186;245;254
2364.0;108;192;233;187;245;253
2370.0;108;191;232;189;245;253
2376.0;107;190;233;189;245;254
2382.0;106;188;234;190;246;254
2388.0;106;189;234;190;244;255
2394.0;104;190;234;191;244;255
2400.0;104;190;234;191;244;255
2406.0;103;190;233;193;244;255
2412.0;104;191;233;191;243;256
2418.0;104;191;233;189;243;258
2424.0;105;192;233;189;242;257
2430.0;105;191;233;189;243;257
2436.0;106;190;233;189;243;257
2442.0;106;190;232;189;244;257
2448.0;106;191;233;189;244;255
2454.0;107;190;233;189;244;255
2460.0;106;190;234;188;245;255
2466.0;106;190;234;187;246;255
2472.0;106;191;233;186;246;256
2478.0;104;192;232;187;246;257
2484.0;104;193;232;187;245;257
2490.0;105;193;230;188;245;257
2496.0;105;194;230;187;245;257
2502.0;105;194;231;187;244;257
2508.0;103;193;232;186;246;258
2514.0;103;192;232;186;247;258
2520.0;102;192;232;186;249;257
2526.0;101;192;234;187;249;255
2532.0;102;193;234;188;246;255
2538.0;102;193;235;188;246;254
2544.0;103;193;234;187;246;255
2550.0;103;192;236;188;244;255
2556.0;102;192;236;189;244;255
2562.0;103;192;236;190;243;254
2568.0;103;192;236;190;243;254
2574.0;104;192;237;189;243;253
2580.0;103;193;238;188;243;253
2586.0;103;194;238;187;243;253
2592.0;104;194;238;187;242;253
2598.0;104;194;238;186;244;252
2604.0;105;193;237;186;244;253
2610.0;106;193;236;186;244;253
2616.0;106;192;237;186;243;254
2622.0;105;193;238;186;242;254
2628.0;106;191;238;187;242;254
2634.0;106;191;240;188;241;252
2640.0;106;191;239;190;240;252
2646.0;105;192;239;189;241;252
2652.0;106;193;238;189;240;252
2658.0;105;193;238;189;240;253
2664.0;105;194;238;189;239;253
2670.0;104;194;238;188;239;255
2676.0;104;192;237;189;241;255
2682.0;105;192;236;189;241;255
2688.0;105;192;237;189;239;256
2694.0;105;191;237;189;238;258
2700.0;105;190;237;187;240;259
2706.0;106;190;237;183;241;261
2712.0;105;192;237;183;241;260
2718.0;106;192;238;182;240;260
2724.0;107;192;239;180;240;260
2730.0;107;192;238;180;241;260
2736.0;108;189;238;183;240;260
2742.0;109;189;238;183;241;258
2748.0;112;188;239;182;241;256
2754.0;113;186;239;182;242;256
2760.0;114;185;239;182;242;256
2766.0;114;185;238;183;242;256
2772.0;114;185;239;183;241;256
2778.0;113;186;239;182;242;256
2784.0;113;186;238;183;242;256
2790.0;111;187;238;183;242;257
2796.0;112;187;238;182;242;257
2802.0;109;187;240;182;242;258
2808.0;109;188;239;182;242;258
2814.0;109;187;237;183;243;259
2820.0;111;186;237;183;243;258
2826.0;110;186;237;184;243;258
2832.0;110;186;237;183;244;258
2838.0;109;186;238;182;245;258
2844.0;109;187;237;182;245;258
2850.0;108;187;237;181;246;259
2856.0;108;186;239;181;245;259
2862.0;110;186;237;181;245;259
2868.0;110;186;237;181;245;259
2874.0;112;186;236;182;244;258
2880.0;113;185;238;181;243;258
2886.0;113;185;239;181;242;258
2892.0;112;187;238;179;243;259
2898.0;112;186;240;180;242;258
2904.0;112;186;239;181;243;257
2910.0;111;187;238;182;243;257
2916.0;112;187;236;181;244;258
2922.0;112;185;237;182;244;258
2928.0;112;185;236;184;244;257
2934.0;111;184;237;184;244;258
2940.0;112;182;238;186;243;257
2946.0;111;183;240;184;244;256
2952.0;110;183;238;185;245;257
2958.0;111;184;238;184;246;255
2964.0;111;184;240;184;245;254
2970.0;112;184;239;184;245;254
2976.0;111;185;239;184;245;254
2982.0;109;183;238;184;246;258
2988.0;109;181;238;184;246;260
2994.0;107;182;238;185;246;260
3000.0;106;182;238;188;245;259
3006.0;106;184;237;188;245;258
3012.0;104;183;238;190;246;257
3018.0;104;183;238;189;248;256
3024.0;102;183;237;189;251;256
3030.0;102;184;237;189;250;256
3036.0;102;183;238;190;249;256
3042.0;101;183;238;190;250;256
3048.0;102;184;237;187;251;257
3054.0;103;183;238;187;250;257
3060.0;102;183;238;188;250;257
3066.0;102;182;239;188;250;257
3072.0;102;180;240;188;250;258
3078.0;103;179;240;187;251;258
3084.0;104;179;238;187;252;258
3090.0;104;180;238;187;251;258
3096.0;104;180;238;187;251;258
3102.0;104;181;238;186;251;258
3108.0;105;180;238;185;252;258
3114.0;107;180;239;185;249;258
3120.0;106;181;238;186;250;257
3126.0;106;180;238;186;251;257
3132.0;106;181;237;185;252;257
3138.0;107;181;237;185;251;257
3144.0;107;181;236;186;250;258
3150.0;107;183;235;185;250;258
3156.0;107;182;237;184;251;257
3162.0;108;182;237;184;251;256
3168.0;108;182;237;184;251;256
3174.0;109;181;236;183;252;257
3180.0;109;180;236;183;254;256
3186.0;109;180;236;183;255;255
3192.0;108;180;236;183;256;255
3198.0;107;180;237;183;256;255
3204.0;107;181;237;182;256;255
3210.0;108;180;238;182;255;255
3216.0;108;180;239;181;254;256
3222.0;107;181;237;180;257;256
3228.0;106;181;238;180;257;256
3234.0;107;180;237;181;256;257
3240.0;106;181;237;182;255;257
3246.0;106;181;236;183;256;256
3252.0;106;180;238;182;256;256
3258.0;106;180;237;181;258;256
3264.0;106;180;237;182;257;256
3270.0;108;179;236;182;257;256
3276.0;107;182;234;181;257;257
3282.0;107;184;233;180;256;258
3288.0;106;185;235;178;256;258
3294.0;107;186;236;177;255;257
3300.0;108;185;235;177;256;257
3306.0;108;184;237;176;256;257
3312.0;108;183;238;177;255;257
3318.0;107;182;238;178;256;257
3324.0;107;182;238;177;258;256
3330.0;107;182;238;178;257;256
3336.0;107;183;238;178;257;255
3342.0;108;184;238;176;257;255
3348.0;108;183;238;176;258;255
3354.0;108;185;237;175;258;255
3360.0;110;184;236;174;258;256
3366.0;110;182;237;176;257;256
3372.0;108;183;237;176;256;258
3378.0;108;183;237;176;256;258
3384.0;105;186;237;176;256;258
3390.0;105;187;237;176;256;257
3396.0;106;186;237;176;255;258
3402.0;104;185;238;178;255;258
3408.0;104;184;238;177;256;259
3414.0;105;185;240;177;253;258
3420.0;105;185;240;176;254;258
3426.0;105;185;239;177;254;258
3432.0;105;187;239;176;253;258
3438.0;105;187;240;176;252;258
3444.0;105;186;241;176;252;258
3450.0;104;186;241;176;252;259
3456.0;104;186;241;176;252;259
3462.0;103;186;243;175;252;259
3468.0;103;186;244;174;252;259
3474.0;102;185;245;175;252;259
3480.0;100;185;246;175;253;259
3486.0;99;186;246;174;253;260
3492.0;99;187;246;174;253;259
3498.0;98;188;247;176;251;258
3504.0;98;188;246;178;250;258
3510.0;98;187;247;178;250;258
3516.0;99;187;248;177;250;257
3522.0;99;187;249;176;250;257
3528.0;99;186;250;176;250;257
3534.0;97;187;251;177;249;257
3540.0;96;187;251;177;249;258
3546.0;96;186;251;177;250;258
3552.0;94;185;252;178;248;261
3558.0;94;187;251;175;250;261
3564.0;93;187;251;177;249;261
3570.0;93;187;252;177;249;260
3576.0;94;184;253;177;250;260
3582.0;95;184;253;177;249;260
3588.0;96;184;253;176;249;260
3594.0;96;183;254;176;249;260
3600.0;96;183;254;176;249;260
3606.0;96;184;253;175;251;259
3612.0;96;184;252;175;252;259
3618.0;97;184;252;174;252;259
3624.0;97;182;253;174;253;259
3630.0;96;181;253;175;253;260
3636.0;94;182;252;176;253;261
3642.0;95;182;253;175;251;262
3648.0;95;182;253;175;251;262
3654.0;96;181;253;174;251;263
3660.0;94;182;253;175;251;263
3666.0;93;181;252;176;252;264
3672.0;93;180;253;175;252;265
3678.0;92;180;253;176;252;265
3684.0;89;179;253;177;252;268
3690.0;91;179;253;178;251;266
3696.0;91;180;253;179;249;266
3702.0;91;180;253;180;248;266
3708.0;92;181;251;180;248;266
3714.0;92;181;251;181;247;266
3720.0;92;181;252;181;245;267
3726.0;90;182;251;181;245;269
3732.0;90;180;251;180;247;270
3738.0;88;181;252;181;246;270
3744.0;88;181;251;181;246;271
3750.0;87;181;252;180;247;271
3756.0;87;181;252;179;247;272
3762.0;87;182;251;179;246;273
3768.0;88;181;251;179;246;273
3774.0;88;181;250;179;246;274
3780.0;88;181;251;178;246;274
3786.0;88;181;251;178;246;274
3792.0;89;180;249;177;247;276
3798.0;89;181;247;178;246;277
3804.0;89;181;247;178;246;277
3810.0;90;180;249;178;245;276
3816.0;91;179;248;177;246;277
3822.0;91;179;248;177;246;277
3828.0;90;178;248;178;246;278
3834.0;90;178;247;178;247;278
3840.0;90;178;247;178;247;278
3846.0;89;177;249;176;248;279
3852.0;87;178;249;178;247;279
3858.0;86;177;249;179;248;279
3864.0;87;179;247;180;247;278
3870.0;88;180;247;179;246;278
3876.0;88;179;248;178;246;279
3882.0;88;179;248;178;246;279
3888.0;89;178;249;177;248;277
3894.0;86;178;250;178;249;277
3900.0;87;177;248;179;249;278
3906.0;87;176;247;181;249;278
3912.0;87;177;247;181;249;277
3918.0;87;177;247;181;249;277
3924.0;87;177;247;181;249;277
3930.0;88;178;247;181;249;275
3936.0;88;178;246;181;250;275
3942.0;89;178;246;179;252;274
3948.0;88;178;246;179;253;274
3954.0;87;177;246;181;253;274
3960.0;87;177;244;181;254;275
3966.0;87;178;241;182;255;275
3972.0;87;177;241;183;255;275
3978.0;88;177;241;183;255;274
3984.0;88;178;240;183;255;274
3990.0;88;179;239;184;255;273
3996.0;89;180;238;183;255;273
4002.0;88;181;238;183;255;273
4008.0;88;180;238;184;256;272
4014.0;88;180;238;184;256;272
4020.0;88;180;238;184;256;272
4026.0;88;179;238;185;256;272
4032.0;87;180;238;185;256;272
4038.0;88;179;237;186;256;272
4044.0;88;179;236;185;256;274
4050.0;89;177;236;186;256;274
4056.0;91;178;235;185;256;273
4062.0;92;178;235;184;257;272
4068.0;92;177;236;185;256;272
4074.0;91;177;240;184;253;273
4080.0;90;176;241;184;255;272
4086.0;90;176;241;183;255;273
4092.0;89;178;242;182;255;272
4098.0;88;177;243;182;256;272
4104.0;88;178;242;181;255;274
4110.0;89;179;241;181;254;274
4116.0;88;179;242;180;255;274
4122.0;87;179;244;179;255;274
4128.0;87;178;244;179;255;275
4134.0;88;176;244;180;255;275
4140.0;88;175;243;182;255;275
4146.0;88;176;242;182;255;275
4152.0;89;175;242;184;254;274
4158.0;89;176;242;183;254;274
4164.0;89;175;242;184;254;274
4170.0;89;175;241;184;255;274
4176.0;89;177;241;184;255;272
4182.0;88;178;243;182;254;273
4188.0;88;177;243;182;256;272
4194.0;87;177;244;182;256;272
4200.0;87;177;246;180;258;270
4206.0;86;177;248;180;257;270
4212.0;86;178;247;180;259;268
4218.0;85;178;247;181;259;268
4224.0;85;179;248;180;260;266
4230.0;84;180;248;180;260;266
4236.0;82;180;248;181;260;267
4242.0;83;180;247;181;259;268
4248.0;84;180;245;181;260;268
4254.0;84;180;247;179;260;268
4260.0;85;178;246;180;261;268
4266.0;83;178;247;180;262;268
4272.0;84;177;246;180;263;268
4278.0;84;177;246;179;264;268
4284.0;85;177;245;179;263;269
4290.0;84;176;245;179;265;269
4296.0;84;178;244;177;265;270
4302.0;84;177;244;177;266;270
4308.0;85;176;244;177;266;270
4314.0;85;175;244;179;265;270
4320.0;85;175;244;179;265;270
4326.0;85;176;244;178;266;269
4332.0;85;173;244;179;268;269
4338.0;85;176;244;177;267;269
4344.0;85;176;244;177;267;269
4350.0;85;177;244;176;267;269
4356.0;86;177;246;174;266;269
4362.0;87;178;246;173;264;270
4368.0;89;177;246;172;266;268
4374.0;89;177;247;172;265;268
4380.0;91;177;247;173;262;268
4386.0;90;177;247;173;263;268
4392.0;92;176;248;172;263;267
4398.0;92;175;248;172;262;269
4404.0;93;175;248;172;262;268
4410.0;91;176;248;172;262;269
4416.0;91;176;247;173;261;270
4422.0;92;177;247;171;261;270
4428.0;91;177;246;173;261;270
4434.0;90;176;248;173;262;269
4440.0;90;174;247;174;264;269
4446.0;90;174;247;175;264;268
4452.0;91;173;247;174;264;269
4458.0;92;173;248;174;263;268
4464.0;92;173;247;175;264;267
4470.0;92;173;247;176;264;266
4476.0;92;172;247;176;263;268
4482.0;91;172;246;176;264;269
4488.0;89;172;245;176;266;270
4494.0;88;172;247;175;266;270
4500.0;88;172;246;175;267;270
4506.0;86;172;249;175;266;270
4512.0;86;173;250;172;266;271
4518.0;85;173;248;172;268;272
4524.0;84;173;250;171;266;274
4530.0;84;173;250;171;266;274
4536.0;84;172;250;173;266;273
4542.0;84;172;250;173;265;274
4548.0;83;171;250;175;265;274
4554.0;83;171;250;174;266;274
4560.0;82;170;250;177;266;273
4566.0;83;171;249;178;266;271
4572.0;84;173;247;177;265;272
4578.0;85;172;248;177;264;272
4584.0;85;175;248;175;264;271
4590.0;84;174;249;175;264;272
4596.0;84;177;248;174;264;271
4602.0;84;177;249;173;264;271
4608.0;85;178;248;174;264;269
4614.0;87;178;248;174;264;267
4620.0;89;177;249;174;263;266
4626.0;89;177;249;174;263;266
4632.0;89;176;249;175;263;266
4638.0;90;176;249;175;263;265
4644.0;89;177;248;175;264;265
4650.0;89;175;249;176;264;265
4656.0;88;175;249;176;265;265
4662.0;89;175;249;175;265;265
4668.0;89;175;249;175;265;265
4674.0;90;175;249;176;263;265
4680.0;89;176;248;175;263;267
4686.0;88;176;247;176;263;268
4692.0;88;176;247;177;262;268
4698.0;88;176;248;177;261;268
4704.0;88;176;248;177;261;268
4710.0;89;175;248;177;261;268
4716.0;89;176;248;177;261;267
4722.0;88;177;247;177;260;269
4728.0;86;177;247;177;260;271
4734.0;86;178;248;177;259;270
4740.0;86;178;247;175;261;271
4746.0;86;178;246;175;262;271
4752.0;86;177;245;176;262;272
4758.0;86;178;245;176;261;272
4764.0;86;179;245;175;260;273
4770.0;86;180;244;176;260;272
4776.0;86;179;245;176;260;272
4782.0;86;179;244;177;259;273
4788.0;86;179;247;177;257;272
4794.0;84;179;250;176;258;271
4800.0;84;179;249;178;257;271
4806.0;85;178;250;178;256;271
4812.0;84;178;251;180;255;270
4818.0;84;177;252;180;255;270
4824.0;85;177;252;179;255;270
4830.0;84;177;253;180;255;269
4836.0;84;178;253;180;254;269
4842.0;82;178;254;180;254;270
4848.0;85;177;251;180;254;271
4854.0;86;179;251;180;253;269
4860.0;86;179;251;180;251;271
4866.0;86;179;248;182;252;271
4872.0;87;179;247;182;251;272
4878.0;87;179;247;182;251;272
4884.0;87;179;246;183;251;272
4890.0;86;182;245;182;250;273
4896.0;84;181;245;184;250;274
4902.0;85;182;245;184;249;273
4908.0;85;182;246;184;248;273
4914.0;85;183;245;182;248;275
4920.0;86;183;245;182;248;274
4926.0;86;183;245;182;248;274
4932.0;85;183;245;182;249;274
4938.0;85;183;245;183;249;273
4944.0;86;183;246;183;248;272
4950.0;87;183;245;183;248;272
4956.0;84;183;244;185;248;274
4962.0;82;186;244;185;247;274
4968.0;82;186;244;185;247;274
4974.0;83;185;245;183;248;274
4980.0;84;184;245;184;249;272
4986.0;84;184;245;184;249;272
4992.0;85;183;246;184;248;272
4998.0;85;183;245;184;248;273
5004.0;87;183;243;184;247;274
5010.0;87;183;243;184;247;274
5016.0;87;183;243;183;248;274
5022.0;88;182;244;183;247;274
5028.0;87;183;243;183;249;273
5034.0;88;184;243;182;249;272
5040.0;88;184;243;182;249;272
5046.0;88;184;242;182;250;272
5052.0;89;185;241;182;250;271
5058.0;90;184;241;183;250;270
5064.0;89;185;241;184;250;269
5070.0;88;185;242;184;251;268
5076.0;88;184;243;183;252;268
5082.0;88;185;243;183;252;267
5088.0;88;185;243;183;252;267
5094.0;87;184;244;183;252;268
5100.0;87;187;242;184;250;268
5106.0;87;186;241;183;252;269
5112.0;87;186;241;183;252;269
5118.0;86;186;240;183;252;271
5124.0;86;185;240;184;252;271
5130.0;86;184;240;185;252;271
5136.0;84;184;241;185;254;270
5142.0;84;185;242;185;253;269
5148.0;84;185;243;183;254;269
5154.0;85;185;242;185;252;269
5160.0;84;183;242;186;253;270
5166.0;84;183;240;184;255;272
5172.0;81;183;240;185;255;274
5178.0;82;184;239;185;255;273
5184.0;83;183;240;185;255;272
5190.0;85;183;239;185;255;271
5196.0;86;183;237;185;255;272
5202.0;87;182;237;185;254;273
5208.0;88;182;237;185;254;272
5214.0;88;182;237;185;254;272
5220.0;88;182;237;186;254;271
5226.0;88;182;238;187;255;268
5232.0;87;181;241;186;255;268
5238.0;87;181;241;187;255;267
5244.0;89;181;241;185;255;267
5250.0;89;179;241;185;257;267
5256.0;89;179;241;185;256;268
5262.0;91;176;242;186;254;269
5268.0;90;175;242;186;254;271
5274.0;89;175;242;185;254;273
5280.0;89;176;242;184;254;273
5286.0;88;177;242;184;254;273
5292.0;88;177;242;183;254;274
5298.0;88;177;242;182;255;274
5304.0;88;177;242;182;255;274
5310.0;87;177;243;183;255;273
5316.0;86;176;245;183;256;272
5322.0;88;175;244;185;257;269
5328.0;86;176;245;185;258;268
5334.0;87;175;245;185;259;267
5340.0;87;175;245;185;259;267
5346.0;87;175;246;184;258;268
5352.0;86;176;246;184;258;268
5358.0;84;177;247;184;258;268
5364.0;84;177;248;184;258;267
5370.0;84;177;249;185;257;266
5376.0;83;177;250;185;257;266
5382.0;81;177;250;186;257;267
5388.0;82;178;249;187;255;267
5394.0;82;179;249;187;253;268
5400.0;84;179;249;187;252;267
5406.0;84;180;251;186;249;268
5412.0;83;180;252;187;248;268
5418.0;84;181;251;186;249;267
5424.0;84;181;251;185;248;269
5430.0;84;179;252;184;248;271
5436.0;84;178;251;184;247;274
5442.0;84;177;251;186;247;273
5448.0;84;177;251;186;247;273
5454.0;85;176;250;184;249;274
5460.0;85;176;250;184;248;275
5466.0;85;176;250;182;249;276
5472.0;85;176;251;180;249;277
5478.0;86;176;251;180;248;277
5484.0;85;174;251;179;250;279
5490.0;86;174;251;178;250;279
5496.0;85;175;251;177;250;280
5502.0;86;176;251;176;249;280
5508.0;86;178;249;176;250;279
5514.0;87;178;249;177;250;277
5520.0;88;177;249;178;249;277
5526.0;88;176;249;178;250;277
5532.0;89;175;249;180;247;278
5538.0;89;176;251;178;247;277
5544.0;89;175;251;178;248;277
5550.0;89;175;251;178;248;277
5556.0;88;177;252;178;248;275
5562.0;88;178;252;179;247;274
5568.0;89;178;252;179;246;274
5574.0;89;178;252;178;246;275
5580.0;90;179;250;178;246;275
5586.0;89;179;251;179;246;274
5592.0;91;179;251;177;246;274
5598.0;89;180;252;178;248;271
5604.0;88;181;253;177;247;272
5610.0;87;182;253;177;247;272
5616.0;88;183;254;176;246;271
5622.0;88;181;255;178;245;271
5628.0;89;182;255;177;245;270
5634.0;89;183;255;177;245;269
5640.0;89;183;257;177;245;267
5646.0;91;183;257;178;243;266
5652.0;91;184;257;178;243;265
5658.0;91;183;257;178;244;265
5664.0;92;182;257;178;244;265
5670.0;92;181;257;178;245;265
5676.0;92;180;256;179;246;265
5682.0;92;181;254;179;247;265
5688.0;92;180;256;180;244;266
5694.0;91;179;256;180;245;267
5700.0;91;179;256;180;245;267
5706.0;90;181;256;180;245;266
5712.0;91;181;257;180;245;264
5718.0;91;183;256;180;244;264
5724.0;90;183;255;180;245;265
5730.0;90;184;257;178;245;264
5736.0;91;184;258;180;242;263
5742.0;92;184;259;178;241;264
5748.0;91;184;259;178;242;264
5754.0;91;186;259;177;242;263
5760.0;92;186;258;177;242;263
5766.0;93;185;258;178;242;262
5772.0;93;185;256;178;244;262
5778.0;94;186;255;178;242;263
5784.0;94;186;255;178;242;263
5790.0;93;186;254;176;245;264
5796.0;93;185;254;176;246;264
5802.0;94;185;254;176;245;264
5808.0;94;184;254;175;247;264
5814.0;95;184;255;176;246;262
5820.0;95;183;255;177;246;262
5826.0;95;182;256;178;245;262
5832.0;96;180;255;179;246;262
5838.0;96;180;255;179;246;262
5844.0;95;179;256;180;247;261
5850.0;95;180;256;179;247;261
5856.0;95;180;257;178;247;261
5862.0;95;181;256;178;248;260
5868.0;95;181;256;178;248;260
5874.0;95;183;255;177;249;259
5880.0;95;184;254;178;249;258
5886.0;96;184;254;177;249;258
5892.0;98;184;254;177;248;257
5898.0;99;183;254;178;246;258
5904.0;100;183;254;178;246;257
5910.0;100;184;255;178;246;255
5916.0;100;186;256;175;247;254
5922.0;100;188;256;173;247;254
5928.0;101;188;256;171;247;255
5934.0;102;190;257;169;244;256
5940.0;102;189;257;170;245;255
5946.0;102;189;256;171;244;256
5952.0;103;188;256;170;246;255
5958.0;102;188;256;170;246;256
5964.0;102;187;257;170;247;255
5970.0;101;186;256;173;247;255
5976.0;102;186;255;173;247;255
5982.0;100;187;257;173;247;254
5988.0;100;187;256;173;248;254
5994.0;102;189;255;172;246;254
6000.0;103;191;254;171;247;252
6006.0;102;191;255;171;247;252
6012.0;103;190;256;171;246;252
6018.0;103;190;256;171;246;252
6024.0;104;190;255;170;245;254
6030.0;103;190;256;170;245;254
6036.0;103;190;255;171;244;255
6042.0;104;189;255;171;243;256
6048.0;106;188;255;172;243;254
6054.0;105;187;256;172;243;255
6060.0;104;188;256;170;243;257
6066.0;106;188;255;169;242;258
6072.0;106;189;254;168;242;259
6078.0;106;189;252;169;241;261
6084.0;106;188;254;169;240;261
6090.0;107;189;254;168;239;261
6096.0;107;189;254;168;238;262
6102.0;106;189;255;168;238;262
6108.0;106;190;255;167;237;263
6114.0;107;191;254;167;236;263
6120.0;107;191;254;167;237;262
6126.0;107;191;254;167;237;262
6132.0;107;191;255;167;237;261
6138.0;107;191;255;168;235;262
6144.0;106;191;253;169;236;263
6150.0;106;192;253;169;236;262
6156.0;105;191;253;170;237;262
6162.0;104;192;254;171;238;259
6168.0;104;191;254;171;240;258
6174.0;104;189;254;173;241;257
6180.0;105;189;255;172;241;256
6186.0;105;189;257;171;240;256
6192.0;105;189;256;172;241;255
6198.0;105;188;257;172;241;255
6204.0;104;187;256;174;241;256
6210.0;105;186;256;173;242;256
6216.0;104;186;256;173;242;257
6222.0;105;186;256;173;241;257
6228.0;105;186;253;174;241;259
6234.0;104;186;253;173;242;260
6240.0;106;187;253;171;241;260
6246.0;106;189;253;170;241;259
6252.0;106;189;254;169;243;257
6258.0;105;189;254;170;242;258
6264.0;105;188;254;170;242;259
6270.0;105;187;254;171;242;259
6276.0;104;188;254;171;242;259
6282.0;104;187;255;173;243;256
6288.0;103;185;256;175;243;256
6294.0;103;185;256;174;243;257
6300.0;103;185;257;174;243;256
6306.0;103;185;256;174;243;257
6312.0;103;186;256;175;241;257
6318.0;104;185;257;173;241;258
6324.0;105;185;256;173;241;258
6330.0;105;184;255;173;241;260
6336.0;105;185;256;172;240;260
6342.0;107;185;255;173;239;259
6348.0;107;185;255;173;237;261
6354.0;107;185;254;172;237;263
6360.0;107;185;255;171;237;263
6366.0;107;187;253;172;237;262
6372.0;107;187;255;172;236;261
6378.0;106;188;254;172;236;262
6384.0;106;188;253;172;237;262
6390.0;105;188;254;171;237;263
6396.0;105;188;254;171;237;263
6402.0;104;189;254;172;237;262
6408.0;104;187;255;171;237;264
6414.0;105;188;254;170;237;264
6420.0;105;188;254;170;237;264
6426.0;106;187;256;168;236;265
6432.0;106;187;257;168;234;266
6438.0;106;186;258;167;234;267
6444.0;105;186;259;167;234;267
6450.0;105;188;258;167;235;265
6456.0;105;189;258;166;235;265
6462.0;104;189;259;167;234;265
6468.0;104;187;260;168;235;264
6474.0;105;186;260;168;235;264
6480.0;105;187;260;168;234;264
6486.0;105;188;260;166;235;264
6492.0;106;187;260;166;235;264
6498.0;106;187;259;166;235;265
6504.0;106;187;259;166;235;265
6510.0;106;188;260;166;234;264
6516.0;107;189;261;166;232;263
6522.0;106;189;261;166;232;264
6528.0;106;190;261;165;232;264
6534.0;107;189;262;164;233;263
6540.0;107;189;262;164;233;263
6546.0;107;189;261;164;234;263
6552.0;107;189;261;164;234;263
6558.0;107;188;262;166;233;262
6564.0;107;189;262;167;232;261
6570.0;108;187;264;167;232;260
6576.0;107;189;264;167;230;261
6582.0;105;191;265;166;230;261
6588.0;106;191;266;165;229;261
6594.0;106;190;266;165;230;261
6600.0;106;189;267;165;230;261
6606.0;107;188;270;164;229;260
6612.0;106;189;270;165;229;259
6618.0;107;189;272;163;229;258
6624.0;109;189;271;161;231;257
6630.0;110;190;270;159;231;258
6636.0;111;189;270;159;231;258
6642.0;110;189;269;161;230;259
6648.0;109;189;271;161;229;259
6654.0;109;189;272;161;229;258
6660.0;110;191;272;161;229;255
6666.0;110;191;272;161;229;255
6672.0;110;190;272;161;229;256
6678.0;111;190;271;160;229;257
6684.0;112;189;272;160;228;257
6690.0;112;189;272;159;228;258
6696.0;113;188;273;160;228;256
6702.0;113;187;273;160;229;256
6708.0;112;187;273;159;230;257
6714.0;111;188;273;159;230;257
6720.0;109;188;274;159;229;259
6726.0;107;189;275;160;228;259
6732.0;109;189;273;160;228;259
6738.0;110;190;272;158;228;260
6744.0;111;189;272;158;227;261
6750.0;111;191;271;158;226;261
6756.0;112;190;273;157;226;260
6762.0;112;189;272;156;229;260
6768.0;111;189;272;157;229;260
6774.0;110;190;273;157;228;260
6780.0;108;190;275;157;228;260
6786.0;107;189;276;157;229;260
6792.0;106;190;276;157;230;259
6798.0;104;191;277;156;231;259
6804.0;103;191;277;155;231;261
6810.0;103;190;278;156;231;260
6816.0;101;192;277;156;231;261
6822.0;101;190;276;158;232;261
6828.0;100;189;276;158;232;263
6834.0;99;189;275;158;231;266
6840.0;101;188;275;157;231;266
6846.0;102;187;276;156;231;266
6852.0;102;187;276;156;231;266
6858.0;102;190;275;154;231;266
6864.0;102;191;275;153;231;266
6870.0;102;191;275;151;233;266
6876.0;102;193;273;151;233;266
6882.0;103;191;274;150;233;267
6888.0;103;191;274;150;233;267
6894.0;103;191;274;150;235;265
6900.0;103;191;276;149;234;265
6906.0;103;191;277;150;234;263
6912.0;103;191;278;149;234;263
6918.0;103;192;278;149;234;262
6924.0;101;193;278;150;234;262
6930.0;101;193;277;150;234;263
6936.0;101;194;277;148;234;264
6942.0;98;195;276;150;234;265
6948.0;97;197;273;150;234;267
6954.0;97;197;273;151;233;267
6960.0;98;198;272;150;232;268
6966.0;99;198;271;150;232;268
6972.0;99;197;271;152;231;268
6978.0;100;197;271;151;229;270
6984.0;100;196;270;152;231;269
6990.0;100;196;270;152;231;269
6996.0;99;197;272;152;230;268
7002.0;99;196;274;152;229;268
7008.0;98;197;274;153;228;268
7014.0;98;197;274;153;227;269
7020.0;98;197;274;153;228;268
7026.0;98;197;273;153;229;268
7032.0;98;197;273;153;230;267
7038.0;97;198;274;154;229;266
7044.0;97;198;273;154;230;266
7050.0;97;198;273;154;230;266
7056.0;95;200;274;154;230;265
7062.0;95;200;275;154;230;264
7068.0;95;198;274;154;232;265
7074.0;95;198;274;153;233;265
7080.0;95;197;274;153;233;266
7086.0;94;197;276;153;234;264
7092.0;94;196;276;154;234;264
7098.0;95;197;275;155;231;265
7104.0;97;197;273;155;231;265
7110.0;97;197;273;156;231;264
7116.0;97;197;272;156;231;265
7122.0;96;196;274;156;231;265
7128.0;97;197;273;156;230;265
7134.0;96;200;273;156;230;263
7140.0;95;200;274;156;230;263
7146.0;96;200;274;157;228;263
7152.0;96;200;274;157;228;263
7158.0;96;200;275;155;228;264
7164.0;95;201;275;154;228;265
7170.0;95;201;276;153;227;266
7176.0;95;200;276;154;227;266
7182.0;95;200;275;154;228;266
7188.0;97;198;275;153;229;266
7194.0;97;197;275;152;230;267
7200.0;99;196;275;151;231;266
7206.0;101;197;275;150;231;264
7212.0;102;196;275;151;231;263
7218.0;102;196;275;152;231;262
7224.0;102;197;274;152;231;262
7230.0;102;196;273;155;231;261
7236.0;102;196;273;155;232;260
7242.0;104;195;271;155;232;261
7248.0;104;195;271;155;232;261
7254.0;105;195;272;155;230;261
7260.0;104;195;273;154;230;262
7266.0;105;197;270;153;230;263
7272.0;105;197;270;153;230;263
7278.0;105;198;268;152;232;263
7284.0;105;196;268;155;232;262
7290.0;104;196;268;155;232;263
7296.0;104;197;269;153;231;264
7302.0;103;196;269;152;232;266
7308.0;104;195;267;152;232;268
7314.0;104;196;267;150;234;267
7320.0;106;196;266;150;233;267
7326.0;105;195;268;149;233;268
7332.0;104;196;268;149;232;269
7338.0;104;197;267;149;232;269
7344.0;104;198;267;149;232;268
7350.0;104;199;267;148;232;268
7356.0;101;199;269;150;232;267
7362.0;101;200;268;149;232;268
7368.0;100;203;269;148;231;267
7374.0;103;204;267;147;231;266
7380.0;103;202;265;147;235;266
7386.0;105;201;263;148;235;266
7392.0;106;201;264;147;234;266
7398.0;106;201;264;148;233;266
7404.0;106;202;264;148;232;266
7410.0;106;202;264;148;232;266
7416.0;103;203;263;148;234;267
7422.0;101;204;263;148;235;267
7428.0;101;203;264;149;235;266
7434.0;103;202;263;148;235;267
7440.0;103;203;262;146;236;268
7446.0;103;202;262;147;236;268
7452.0;103;200;262;147;236;270
7458.0;103;201;262;146;235;271
7464.0;103;201;263;147;233;271
7470.0;102;200;263;148;233;272
7476.0;102;200;264;148;232;272
7482.0;101;200;266;149;230;272
7488.0;101;200;266;150;231;270
7494.0;100;201;267;149;230;271
7500.0;101;201;267;149;231;269
7506.0;100;200;268;151;231;268
7512.0;101;199;269;152;231;266
7518.0;101;200;269;152;230;266
7524.0;100;200;268;152;232;266
7530.0;99;198;268;153;232;268
7536.0;99;196;268;154;232;269
7542.0;99;196;269;154;230;270
7548.0;100;197;269;153;231;268
7554.0;100;197;269;152;231;269
7560.0;101;197;269;152;230;269
7566.0;102;196;273;150;229;268
7572.0;103;196;273;149;229;268
7578.0;101;195;275;150;229;268
7584.0;102;195;273;150;229;269
7590.0;102;196;275;150;228;267
7596.0;102;194;276;150;229;267
7602.0;102;194;276;149;230;267
7608.0;102;193;277;149;230;267
7614.0;102;194;276;149;230;267
7620.0;102;194;277;149;229;267
7626.0;103;193;277;149;229;267
7632.0;104;191;277;148;231;267
7638.0;105;192;276;149;229;267
7644.0;104;193;276;150;229;266
7650.0;104;193;276;150;229;266
7656.0;104;193;277;150;230;264
7662.0;104;193;277;151;229;264
7668.0;104;193;277;151;229;264
7674.0;104;194;276;151;229;264
7680.0;103;193;278;152;229;263
7686.0;103;193;279;152;229;262
7692.0;103;193;278;152;229;263
7698.0;104;192;279;152;229;262
7704.0;105;191;280;150;229;263
7710.0;106;191;280;150;228;263
7716.0;107;190;281;149;228;263
7722.0;107;189;280;148;229;265
7728.0;105;189;280;148;231;265
7734.0;106;188;279;148;231;266
7740.0;107;187;279;147;232;266
7746.0;107;186;279;147;232;267
7752.0;108;185;280;148;232;265
7758.0;108;184;281;148;232;265
7764.0;108;184;280;148;233;265
7770.0;108;184;280;148;233;265
7776.0;108;184;280;148;233;265
7782.0;106;185;280;150;232;265
7788.0;106;185;279;150;233;265
7794.0;106;185;280;149;233;265
7800.0;106;185;280;149;233;265
7806.0;105;185;280;150;233;265
7812.0;105;186;280;150;232;265
7818.0;104;186;281;150;232;265
7824.0;106;187;281;149;231;264
7830.0;106;189;281;148;230;264
7836.0;104;189;281;148;230;266
7842.0;104;190;282;149;229;264
7848.0;103;189;282;150;229;265
7854.0;103;189;282;150;229;265
7860.0;103;190;281;151;228;265
7866.0;103;189;281;152;229;264
7872.0;103;189;282;151;229;264
7878.0;103;189;282;152;228;264
7884.0;104;188;282;152;228;264
7890.0;104;188;282;152;228;264
7896.0;106;186;281;153;228;264
7902.0;106;186;281;153;229;263
7908.0;107;185;281;152;229;264
7914.0;107;184;280;151;232;264
7920.0;107;185;278;151;233;264
7926.0;107;184;278;153;232;264
7932.0;107;185;279;153;230;264
7938.0;108;185;279;153;229;264
7944.0;108;186;280;153;228;263
7950.0;109;187;280;151;228;263
7956.0;107;187;281;150;230;263
7962.0;107;187;280;150;229;265
7968.0;106;187;281;151;228;265
7974.0;105;187;281;151;230;264
7980.0;104;187;281;151;230;265
7986.0;104;187;281;151;229;266
7992.0;106;187;281;152;228;264
7998.0;104;187;282;152;228;265
8004.0;103;186;281;153;229;266
8010.0;102;189;280;153;228;266
8016.0;101;188;279;157;228;265
8022.0;102;187;278;158;229;264
8028.0;102;188;278;157;229;264
8034.0;102;188;279;157;228;264
8040.0;102;188;279;156;229;264
8046.0;103;189;279;157;227;263
8052.0;103;189;279;157;227;263
8058.0;103;189;280;155;226;265
8064.0;103;188;281;157;227;262
8070.0;106;189;280;157;226;260
8076.0;107;189;279;156;228;259
8082.0;107;190;279;156;228;258
8088.0;108;191;277;156;228;258
8094.0;108;192;277;156;228;257
8100.0;107;192;278;156;227;258
8106.0;108;192;279;155;226;258
8112.0;107;192;279;156;226;258
8118.0;107;192;281;155;226;257
8124.0;108;191;281;154;227;257
8130.0;109;189;281;154;227;258
8136.0;109;189;282;154;227;257
8142.0;108;189;284;153;227;257
8148.0;107;189;284;153;227;258
8154.0;108;189;284;153;227;257
8160.0;109;190;282;152;227;258
8166.0;109;190;282;151;227;259
8172.0;109;192;281;151;226;259
8178.0;110;192;281;151;226;258
8184.0;110;191;281;151;226;259
8190.0;109;192;281;151;226;259
8196.0;108;194;282;150;226;258
8202.0;108;192;284;150;225;259
8208.0;109;189;285;151;225;259
8214.0;109;190;285;151;225;258
8220.0;109;191;284;150;225;259
8226.0;109;192;284;150;224;259
8232.0;110;191;283;149;225;260
8238.0;109;191;282;149;227;260
8244.0;110;191;281;151;227;258
8250.0;111;191;279;152;227;258
8256.0;110;191;280;152;226;259
8262.0;109;192;280;152;226;259
8268.0;108;192;280;151;227;260
8274.0;110;194;280;149;227;258
8280.0;108;194;281;151;227;257
8286.0;107;195;280;150;228;258
8292.0;108;195;280;150;227;258
8298.0;107;197;280;148;227;259
8304.0;108;198;279;147;227;259
8310.0;108;197;279;147;227;260
8316.0;108;198;279;147;226;260
8322.0;108;198;278;147;227;260
8328.0;108;199;278;146;226;261
8334.0;108;199;277;146;226;262
8340.0;107;199;279;147;226;260
8346.0;106;201;279;147;225;260
8352.0;106;199;278;147;227;261
8358.0;105;202;278;147;227;259
8364.0;104;204;279;148;224;259
8370.0;105;204;281;145;224;259
8376.0;106;203;282;146;222;259
8382.0;106;204;282;145;222;259
8388.0;106;203;282;146;222;259
8394.0;107;203;281;146;224;257
8400.0;108;203;280;146;223;258
8406.0;107;204;282;146;223;256
8412.0;107;204;281;146;223;257
8418.0;108;203;280;148;222;257
8424.0;107;204;280;147;224;256
8430.0;108;203;280;145;225;257
8436.0;106;204;280;145;225;258
8442.0;107;204;279;145;224;259
8448.0;107;205;277;145;224;260
8454.0;108;206;277;142;224;261
8460.0;108;204;281;141;224;260
8466.0;109;205;279;140;225;260
8472.0;110;203;279;138;227;261
8478.0;109;203;279;140;229;258
8484.0;107;203;280;141;229;258
8490.0;106;203;280;142;229;258
8496.0;108;203;278;141;230;258
8502.0;109;203;275;141;231;259
8508.0;108;202;275;141;233;259
8514.0;108;202;275;141;233;259
8520.0;108;202;274;140;235;259
8526.0;109;202;274;138;235;260
8532.0;109;201;274;137;236;261
8538.0;110;201;274;137;237;259
8544.0;110;203;276;135;236;258
8550.0;111;200;277;135;236;259
8556.0;112;201;278;135;233;259
8562.0;112;201;277;135;234;259
8568.0;111;200;277;135;235;260
8574.0;111;200;276;135;236;260
8580.0;111;201;276;134;236;260
8586.0;111;200;279;132;236;260
8592.0;112;200;279;129;237;261
8598.0;111;200;279;130;237;261
8604.0;111;201;279;129;237;261
8610.0;112;201;279;129;237;260
8616.0;112;201;279;129;237;260
8622.0;111;202;281;128;235;261
8628.0;112;202;282;128;234;260
8634.0;112;204;281;129;232;260
8640.0;114;204;281;129;232;258
8646.0;115;204;281;129;232;257
8652.0;114;204;284;128;232;256
8658.0;115;205;283;128;233;254
8664.0;115;204;283;130;233;253
8670.0;115;203;282;132;233;253
8676.0;115;202;281;132;235;253
8682.0;114;201;282;133;235;253
8688.0;114;201;283;133;235;252
8694.0;114;201;283;134;235;251
8700.0;114;198;284;133;236;253
8706.0;110;201;283;133;237;254
8712.0;110;201;283;133;237;254
8718.0;109;201;285;133;236;254
8724.0;109;203;284;133;235;254
8730.0;109;203;286;134;235;251
8736.0;109;201;286;135;233;254
8742.0;109;201;285;136;233;254
8748.0;111;202;283;136;234;252
8754.0;111;202;284;137;233;251
8760.0;112;202;285;137;231;251
8766.0;111;203;285;138;230;251
8772.0;113;203;284;139;229;250
8778.0;113;203;282;137;231;252
8784.0;114;204;281;136;231;252
8790.0;113;204;280;136;231;254
8796.0;114;203;279;138;230;254
8802.0;114;203;279;139;230;253
8808.0;114;202;279;139;231;253
8814.0;116;202;278;139;231;252
8820.0;115;203;278;138;231;253
8826.0;116;202;278;137;232;253
8832.0;115;202;278;137;233;253
8838.0;115;201;278;138;234;252
8844.0;115;200;279;137;237;250
8850.0;115;203;277;136;236;251
8856.0;115;203;277;136;236;251
8862.0;115;204;278;137;234;250
8868.0;116;203;279;138;234;248
8874.0;117;203;278;138;234;248
8880.0;116;203;279;137;234;249
8886.0;116;201;278;139;235;249
8892.0;116;201;278;139;234;250
8898.0;115;200;278;141;234;250
8904.0;115;200;278;142;234;249
8910.0;116;199;280;140;234;249
8916.0;117;199;279;141;233;249
8922.0;116;198;277;143;235;249
8928.0;117;198;277;143;234;249
8934.0;116;197;278;144;234;249
8940.0;115;198;279;144;233;249
8946.0;114;199;279;144;233;249
8952.0;113;199;279;145;233;249
8958.0;113;198;279;146;233;249
8964.0;114;196;279;146;234;249
8970.0;116;195;279;146;233;249
8976.0;116;196;280;146;231;249
8982.0;117;195;280;146;231;249
8988.0;116;195;280;148;230;249
8994.0;116;195;280;148;230;249
9000.0;115;196;280;148;230;249
9006.0;114;196;279;148;230;251
9012.0;114;196;279;147;232;250
9018.0;114;196;280;147;231;250
9024.0;114;195;280;149;230;250
9030.0;113;195;280;150;230;250
9036.0;112;197;281;149;229;250
9042.0;113;196;281;149;228;251
9048.0;114;195;281;149;228;251
9054.0;113;195;281;150;228;251
9060.0;113;194;282;151;228;250
9066.0;114;193;280;151;228;252
9072.0;114;193;280;151;228;252
9078.0;115;192;280;151;229;251
9084.0;114;192;281;149;232;250
9090.0;114;193;279;150;231;251
9096.0;113;192;279;150;233;251
9102.0;113;191;278;152;233;251
9108.0;113;189;278;153;233;252
9114.0;112;189;278;154;233;252
9120.0;113;189;278;154;233;251
9126.0;113;189;278;154;233;251
9132.0;113;189;279;153;233;251
9138.0;113;188;280;153;233;251
9144.0;115;188;279;153;233;250
9150.0;115;188;279;153;233;250
9156.0;114;188;279;155;233;249
9162.0;113;188;279;157;231;250
9168.0;113;188;279;157;231;250
9174.0;112;189;278;157;231;251
9180.0;113;188;278;157;231;251
9186.0;114;187;278;157;231;251
9192.0;114;187;278;157;231;251
9198.0;114;188;275;158;232;251
9204.0;114;188;276;157;231;252
9210.0;113;187;276;157;231;254
9216.0;112;187;276;158;230;255
9222.0;112;188;278;156;229;255
9228.0;112;188;278;156;229;255
9234.0;111;188;277;157;229;256
9240.0;110;187;278;157;229;257
9246.0;109;187;280;157;228;257
9252.0;110;186;280;158;228;256
9258.0;110;186;282;159;226;255
9264.0;110;186;283;159;225;255
9270.0;111;185;283;158;226;255
9276.0;111;185;283;158;226;255
9282.0;110;185;285;158;227;253
9288.0;111;186;284;158;226;253
9294.0;111;186;285;159;225;252
9300.0;112;185;285;160;224;252
9306.0;112;185;286;159;223;253
9312.0;112;184;286;159;223;254
9318.0;113;183;287;160;220;255
9324.0;114;183;286;160;220;255
9330.0;115;183;286;160;220;254
9336.0;116;182;286;160;220;254
9342.0;115;182;286;159;221;255
9348.0;116;182;287;159;219;255
9354.0;116;181;288;159;221;253
9360.0;116;182;287;159;221;253
9366.0;115;180;286;159;224;254
9372.0;112;181;285;160;226;254
9378.0;112;179;286;161;226;254
9384.0;113;180;286;160;226;253
9390.0;112;182;286;161;225;252
9396.0;114;182;287;160;224;251
9402.0;115;182;287;160;223;251
9408.0;113;181;288;161;222;253
9414.0;113;180;291;159;222;253
9420.0;112;179;291;160;224;252
9426.0;114;177;289;160;225;253
9432.0;115;178;291;160;224;250
9438.0;115;178;293;160;222;250
9444.0;114;178;293;161;222;250
9450.0;114;177;294;160;223;250
9456.0;114;179;295;158;223;249
9462.0;115;178;294;159;222;250
9468.0;115;178;294;158;223;250
9474.0;114;178;293;158;224;251
9480.0;114;176;294;159;224;251
9486.0;114;178;294;157;227;248
9492.0;114;177;296;158;226;247
9498.0;114;177;296;158;226;247
9504.0;113;177;295;158;227;248
9510.0;113;176;296;158;227;248
9516.0;114;176;296;157;226;249
9522.0;112;177;296;157;228;248
9528.0;112;177;295;158;228;248
9534.0;112;177;295;158;228;248
9540.0;113;177;295;158;228;247
9546.0;113;176;295;158;229;247
9552.0;112;178;295;157;229;247
9558.0;111;179;295;157;229;247
9564.0;111;179;295;158;228;247
9570.0;112;177;294;158;229;248
9576.0;113;177;296;157;230;245
9582.0;113;176;296;160;228;245
9588.0;113;175;297;162;227;244
9594.0;111;175;297;162;227;246
9600.0;110;176;296;161;229;246
9606.0;109;177;296;161;229;246
9612.0;106;179;296;161;229;247
9618.0;105;180;296;161;229;247
9624.0;105;180;297;161;228;247
9630.0;105;180;297;162;228;246
9636.0;105;182;295;162;227;247
9642.0;105;183;295;162;226;247
9648.0;104;185;296;162;224;247
9654.0;105;184;294;163;225;247
9660.0;106;181;294;163;225;249
9666.0;106;181;295;163;225;248
9672.0;106;180;297;163;225;247
9678.0;106;181;296;162;225;248
9684.0;106;181;295;165;224;247
9690.0;106;181;295;165;224;247
9696.0;105;182;294;166;224;247
9702.0;105;183;292;166;226;246
9708.0;105;183;292;166;226;246
9714.0;105;182;292;166;227;246
9720.0;104;183;293;166;226;246
9726.0;105;183;294;165;226;245
9732.0;105;181;294;166;226;246
9738.0;104;180;297;166;225;246
9744.0;105;180;297;165;225;246
9750.0;106;181;295;165;225;246
9756.0;105;181;296;164;226;246
9762.0;105;181;295;165;226;246
9768.0;104;182;295;165;226;246
9774.0;104;181;296;165;226;246
9780.0;101;181;296;167;227;246
9786.0;103;180;296;165;228;246
9792.0;104;180;295;165;227;247
9798.0;103;178;295;166;227;249
9804.0;102;178;295;165;227;251
9810.0;101;178;297;165;226;251
9816.0;100;178;298;165;226;251
9822.0;99;179;298;165;227;250
9828.0;99;179;298;166;227;249
9834.0;97;179;298;166;227;251
9840.0;98;178;299;165;227;251
9846.0;100;177;298;166;227;250
9852.0;102;177;298;164;225;252
9858.0;102;177;297;164;226;252
9864.0;99;178;298;165;225;253
9870.0;100;179;300;163;223;253
9876.0;101;179;300;162;223;253
9882.0;101;180;301;160;224;252
9888.0;102;180;300;161;224;251
9894.0;103;180;301;159;225;250
9900.0;102;180;301;162;225;248
9906.0;101;181;302;162;224;248
9912.0;101;178;303;163;224;249
9918.0;101;178;303;163;224;249
9924.0;102;178;303;163;224;248
9930.0;102;179;302;162;224;249
9936.0;103;179;301;162;224;249
9942.0;102;179;301;164;223;249
9948.0;100;181;301;165;222;249
9954.0;102;182;300;165;220;249
9960.0;102;182;298;166;220;250
9966.0;102;182;299;164;222;249
9972.0;103;183;298;163;222;249
9978.0;102;183;298;164;222;249
9984.0;104;183;297;162;222;250
9990.0;106;184;295;162;221;250
9996.0;105;182;297;162;222;250
10002.0;105;183;298;160;221;251
10008.0;105;184;298;161;221;249
10014.0;104;186;298;160;221;249
10020.0;104;186;297;161;221;249
10026.0;105;186;296;160;220;251
10032.0;105;185;296;160;220;252
10038.0;105;185;296;161;221;250
10044.0;104;185;297;162;220;250
10050.0;105;185;298;162;217;251
10056.0;105;186;297;162;217;251
10062.0;105;186;297;161;218;251
10068.0;106;186;298;160;217;251
10074.0;106;187;298;159;217;251
10080.0;106;187;299;159;216;251
10086.0;106;188;299;160;216;249
10092.0;107;188;298;160;216;249
10098.0;107;189;298;159;216;249
10104.0;107;189;298;159;216;249
10110.0;106;189;297;160;216;250
10116.0;105;190;296;161;214;252
10122.0;104;192;293;160;217;252
10128.0;103;192;292;161;218;252
10134.0;103;191;292;161;219;252
10140.0;103;190;292;161;218;254
10146.0;105;189;292;160;218;254
10152.0;104;189;292;160;219;254
10158.0;104;189;293;160;218;254
10164.0;104;187;293;160;219;255
10170.0;104;186;293;161;219;255
10176.0;104;185;293;161;219;256
10182.0;104;185;294;159;220;256
10188.0;103;187;294;160;218;256
10194.0;102;187;295;159;219;256
10200.0;101;186;297;158;221;255
10206.0;101;186;297;158;221;255
10212.0;102;188;295;158;220;255
10218.0;102;189;295;158;220;254
10224.0;102;189;295;158;220;254
10230.0;100;191;294;158;220;255
10236.0;100;191;295;157;218;257
10242.0;100;191;296;157;218;256
10248.0;98;191;296;159;218;256
10254.0;98;191;299;159;217;254
10260.0;98;192;298;159;217;254
10266.0;98;192;298;159;217;254
10272.0;98;192;297;159;217;255
10278.0;96;191;299;161;216;255
10284.0;96;190;300;160;217;255
10290.0;95;190;300;162;218;253
10296.0;97;189;300;162;220;250
10302.0;96;189;300;164;219;250
10308.0;96;189;301;163;219;250
10314.0;96;190;301;162;219;250
10320.0;95;190;300;163;219;251
10326.0;95;192;300;161;219;251
10332.0;95;192;301;160;219;251
10338.0;95;190;300;160;221;252
10344.0;94;191;300;160;221;252
10350.0;95;190;301;161;220;251
10356.0;95;190;303;160;220;250
10362.0;95;190;303;160;221;249
10368.0;93;191;304;159;222;249
10374.0;91;192;304;159;223;249
10380.0;91;191;303;160;223;250
10386.0;91;190;303;161;223;250
10392.0;90;192;302;161;223;250
10398.0;90;192;303;159;224;250
10404.0;93;190;303;157;224;251
10410.0;94;192;303;157;225;247
10416.0;94;191;303;155;226;249
10422.0;91;192;303;155;229;248
10428.0;90;192;301;154;230;251
10434.0;90;191;302;153;231;251
10440.0;89;193;302;153;231;250
10446.0;89;192;302;153;232;250
10452.0;89;192;302;155;231;249
10458.0;90;192;302;154;231;249
10464.0;90;191;302;157;231;247
10470.0;90;191;303;157;230;247
10476.0;90;190;303;158;230;247
10482.0;91;190;303;156;232;246
10488.0;92;192;303;154;231;246
10494.0;91;193;302;154;232;246
10500.0;90;194;301;156;233;244
10506.0;89;194;301;156;234;244
10512.0;88;194;301;157;233;245
10518.0;88;195;302;155;233;245
10524.0;89;196;303;153;233;244
10530.0;88;198;304;152;233;243
10536.0;88;198;304;152;233;243
10542.0;87;197;305;153;234;242
10548.0;85;198;307;153;234;241
10554.0;85;195;307;153;237;241
10560.0;85;195;307;153;237;241
10566.0;86;192;308;154;237;241
10572.0;85;191;309;152;237;244
10578.0;85;191;309;152;237;244
10584.0;85;191;307;151;237;247
10590.0;84;191;308;151;237;247
10596.0;84;192;307;151;238;246
10602.0;85;193;307;151;236;246
10608.0;85;193;307;151;236;246
10614.0;84;193;307;152;236;246
10620.0;84;193;307;152;236;246
10626.0;85;193;308;152;235;245
10632.0;86;193;308;152;234;245
10638.0;85;193;308;153;234;245
10644.0;86;193;308;154;232;245
10650.0;86;193;307;155;232;245
10656.0;87;192;308;155;232;244
10662.0;88;193;309;154;231;243
10668.0;90;194;311;151;230;242
10674.0;89;192;311;152;231;243
10680.0;88;191;312;153;232;242
10686.0;90;190;312;153;231;242
10692.0;90;190;312;153;233;240
10698.0;89;191;312;153;233;240
10704.0;89;192;313;152;233;239
10710.0;89;193;313;151;233;239
10716.0;89;193;313;151;233;239
10722.0;91;194;312;151;233;237
10728.0;91;193;312;152;233;237
10734.0;90;193;310;151;235;239
10740.0;92;193;309;149;237;238
10746.0;93;194;308;149;236;238
10752.0;93;194;308;148;236;239
10758.0;93;197;306;146;238;238
10764.0;93;196;307;147;238;237
10770.0;94;196;306;147;238;237
10776.0;93;195;306;148;238;238
10782.0;92;196;306;147;239;238
10788.0;92;196;306;147;239;238
10794.0;91;197;307;149;237;237
