#auto generated file!
12.0;80;114;91;106;115;100
18.0;80;114;91;106;115;100
24.0;80;115;90;106;115;100
30.0;80;115;90;105;115;101
36.0;80;114;91;105;114;102
42.0;80;114;91;105;114;102
48.0;80;114;91;105;114;102
54.0;81;114;91;104;114;102
60.0;82;113;92;104;114;101
66.0;83;112;92;104;114;101
72.0;84;113;92;103;113;101
78.0;85;113;92;103;113;100
84.0;85;113;92;103;113;100
90.0;84;114;92;103;113;100
96.0;83;115;92;104;113;99
102.0;83;117;91;104;113;98
108.0;83;118;90;104;113;98
114.0;83;118;90;104;113;98
120.0;83;118;90;104;113;98
126.0;82;118;90;106;112;98
132.0;82;117;90;106;113;98
138.0;82;117;90;105;114;98
144.0;82;117;90;105;114;98
150.0;82;117;90;104;116;97
156.0;82;117;90;103;116;98
162.0;81;118;90;103;116;98
168.0;81;118;91;104;116;96
174.0;81;118;91;104;116;96
180.0;82;117;91;104;116;96
186.0;82;117;91;104;116;96
192.0;81;117;91;104;116;97
198.0;81;116;92;104;116;97
204.0;81;116;92;104;117;96
210.0;80;115;93;104;118;96
216.0;80;115;93;105;119;94
222.0;80;115;93;105;119;94
228.0;80;115;92;105;120;94
234.0;78;116;94;104;118;96
240.0;78;116;94;104;118;96
246.0;76;116;94;105;118;97
252.0;74;113;95;106;119;99
258.0;74;113;97;105;119;98
264.0;73;113;97;105;119;99
270.0;73;113;96;106;119;99
276.0;74;113;96;106;119;98
282.0;74;115;96;104;119;98
288.0;76;115;95;104;118;98
294.0;77;115;94;104;117;99
300.0;76;114;95;105;117;99
306.0;76;115;94;105;117;99
312.0;76;116;94;105;116;99
318.0;76;116;94;105;116;99
324.0;76;116;94;104;116;100
330.0;76;116;94;103;117;100
336.0;76;116;97;103;115;99
342.0;76;115;98;103;115;99
348.0;76;114;98;103;115;100
354.0;76;114;98;103;115;100
360.0;76;114;98;103;115;100
366.0;75;114;98;104;115;100
372.0;74;114;98;104;116;100
378.0;74;113;98;104;116;101
384.0;74;113;98;104;116;101
390.0;74;113;99;104;116;100
396.0;73;113;100;105;116;99
402.0;72;114;101;104;116;99
408.0;72;114;101;104;116;99
414.0;72;114;99;106;116;99
420.0;71;114;100;105;117;99
426.0;69;114;102;104;118;99
432.0;69;113;103;103;118;100
438.0;68;113;103;104;119;99
444.0;68;114;101;104;120;99
450.0;68;114;101;104;120;99
456.0;69;113;102;103;120;99
462.0;68;112;102;103;121;100
468.0;69;112;102;103;121;99
474.0;68;112;103;103;122;98
480.0;68;114;103;100;122;99
486.0;67;114;103;100;123;99
492.0;67;114;102;102;121;100
498.0;69;113;101;103;121;99
504.0;69;112;101;103;121;100
510.0;67;111;105;103;122;98
516.0;67;111;105;103;122;98
522.0;66;111;105;103;123;98
528.0;65;111;105;104;123;98
534.0;65;111;105;104;123;98
540.0;65;111;105;104;123;98
546.0;65;112;105;104;124;96
552.0;65;112;105;104;124;96
558.0;64;112;105;105;123;97
564.0;63;112;106;104;123;98
570.0;62;113;107;104;123;97
576.0;63;112;107;104;123;97
582.0;61;112;108;105;123;97
588.0;62;111;108;105;123;97
594.0;62;111;108;104;124;97
600.0;63;110;108;104;125;96
606.0;63;109;108;104;126;96
612.0;63;109;109;104;127;94
618.0;62;110;109;104;127;94
624.0;63;109;109;105;126;94
630.0;63;109;109;105;127;93
636.0;63;109;109;105;127;93
642.0;63;108;110;104;127;94
648.0;64;108;110;103;127;94
654.0;64;108;110;103;127;94
660.0;62;109;112;102;127;94
666.0;62;109;112;102;128;93
672.0;62;108;113;103;127;93
678.0;63;107;113;103;127;93
684.0;63;106;113;104;127;93
690.0;63;106;113;104;126;94
696.0;64;107;112;103;126;94
702.0;64;107;113;103;126;93
708.0;64;107;113;103;126;93
714.0;65;107;112;103;126;93
720.0;66;106;113;104;125;92
726.0;66;106;113;104;125;92
732.0;66;106;113;104;125;92
738.0;66;106;114;104;124;92
744.0;65;106;114;105;124;92
750.0;64;106;114;105;125;92
756.0;63;106;115;105;125;92
762.0;62;106;115;107;125;91
768.0;62;107;115;106;125;91
774.0;62;108;115;106;125;90
780.0;63;107;115;106;125;90
786.0;62;108;117;106;124;89
792.0;62;107;117;105;124;91
798.0;62;107;116;105;125;91
804.0;61;108;116;106;124;91
810.0;61;109;115;106;124;91
816.0;61;109;115;106;124;91
822.0;61;111;115;105;123;91
828.0;59;111;115;106;123;92
834.0;59;112;116;103;123;93
840.0;60;112;116;102;123;93
846.0;59;111;116;102;125;93
852.0;59;111;116;103;124;93
858.0;59;111;116;103;124;93
864.0;59;111;116;103;124;93
870.0;59;109;117;103;124;94
876.0;58;109;118;103;124;94
882.0;58;109;117;104;124;94
888.0;58;109;116;104;124;95
894.0;58;109;116;104;124;95
900.0;57;109;116;105;124;95
906.0;56;110;117;104;125;94
912.0;57;110;117;103;125;94
918.0;57;110;117;103;125;94
924.0;57;109;117;103;125;95
930.0;57;109;116;104;125;95
936.0;57;109;117;104;124;95
942.0;56;109;118;104;124;95
948.0;55;109;118;104;122;98
954.0;55;109;118;104;122;98
960.0;56;109;118;104;121;98
966.0;56;109;118;104;121;98
972.0;58;108;118;103;121;98
978.0;58;108;117;103;121;99
984.0;58;108;117;103;121;99
990.0;58;108;117;103;121;99
996.0;58;107;118;102;122;99
1002.0;58;106;119;102;122;99
1008.0;58;106;117;102;123;100
1014.0;57;106;117;102;123;101
1020.0;56;106;117;102;124;101
1026.0;56;107;117;101;124;101
1032.0;55;106;119;101;124;101
1038.0;54;106;119;101;125;101
1044.0;54;106;119;101;125;101
1050.0;54;105;119;103;124;101
1056.0;55;105;120;103;124;99
1062.0;55;105;120;103;124;99
1068.0;55;105;122;102;123;99
1074.0;55;105;122;102;123;99
1080.0;55;105;121;103;124;98
1086.0;55;105;121;103;124;98
1092.0;54;105;121;104;124;98
1098.0;52;106;122;104;124;98
1104.0;53;106;122;104;123;98
1110.0;53;106;122;103;123;99
1116.0;53;107;122;101;124;99
1122.0;53;109;122;101;124;97
1128.0;53;109;122;101;123;98
1134.0;53;109;122;101;123;98
1140.0;52;110;122;101;123;98
1146.0;52;109;122;101;124;98
1152.0;54;109;120;101;124;98
1158.0;54;109;120;102;124;97
1164.0;54;110;119;103;124;96
1170.0;54;110;119;103;124;96
1176.0;54;110;119;103;124;96
1182.0;54;110;120;103;122;97
1188.0;55;109;120;103;122;97
1194.0;55;109;120;103;122;97
1200.0;55;108;120;104;122;97
1206.0;55;108;120;103;123;97
1212.0;55;108;120;103;123;97
1218.0;55;108;119;103;124;97
1224.0;55;108;119;104;124;96
1230.0;54;108;119;104;125;96
1236.0;54;108;119;104;125;96
1242.0;53;109;119;103;125;97
1248.0;53;109;119;105;123;97
1254.0;52;109;120;105;123;97
1260.0;50;109;121;106;123;97
1266.0;48;110;121;106;124;97
1272.0;47;110;121;106;125;97
1278.0;47;110;121;106;125;97
1284.0;47;110;121;106;125;97
1290.0;47;110;121;106;125;97
1296.0;47;110;122;105;125;97
1302.0;46;110;122;106;125;97
1308.0;46;111;122;105;125;97
1314.0;47;110;123;105;124;97
1320.0;48;109;120;107;125;97
1326.0;49;109;121;107;124;96
1332.0;49;109;121;106;125;96
1338.0;49;109;121;107;124;96
1344.0;50;108;121;107;123;97
1350.0;50;108;121;107;123;97
1356.0;50;109;120;107;123;97
1362.0;50;109;120;107;123;97
1368.0;50;109;121;107;123;96
1374.0;50;110;121;106;123;96
1380.0;50;110;121;106;123;96
1386.0;49;110;122;106;123;96
1392.0;48;112;121;106;122;97
1398.0;47;112;122;105;122;98
1404.0;47;113;121;105;122;98
1410.0;46;114;121;105;122;98
1416.0;47;114;120;105;121;99
1422.0;46;114;120;105;122;99
1428.0;46;114;119;105;123;99
1434.0;45;112;122;105;123;99
1440.0;46;112;123;104;122;99
1446.0;45;112;124;104;122;99
1452.0;45;113;124;104;121;99
1458.0;45;112;124;105;121;99
1464.0;45;112;124;105;120;100
1470.0;45;111;124;105;121;100
1476.0;45;111;124;105;121;100
1482.0;45;111;124;105;121;100
1488.0;45;112;123;105;121;100
1494.0;45;111;123;105;122;100
1500.0;45;111;123;105;122;100
1506.0;45;111;123;105;122;100
1512.0;45;111;123;106;121;100
1518.0;45;111;124;104;121;101
1524.0;45;111;124;104;121;101
1530.0;45;111;124;104;121;101
1536.0;44;112;124;106;118;102
1542.0;44;112;124;106;119;101
1548.0;44;112;124;106;119;101
1554.0;46;112;123;106;118;101
1560.0;46;111;124;106;117;102
1566.0;46;111;124;106;117;102
1572.0;45;111;123;107;118;102
1578.0;45;112;122;107;118;102
1584.0;45;113;122;106;117;103
1590.0;45;113;122;106;117;103
1596.0;46;113;122;105;117;103
1602.0;46;114;121;104;117;104
1608.0;47;113;121;104;118;103
1614.0;46;114;122;103;118;103
1620.0;45;114;123;103;118;103
1626.0;45;114;122;104;118;103
1632.0;46;114;122;104;118;102
1638.0;46;114;122;104;118;102
1644.0;46;114;123;104;118;101
1650.0;46;114;123;104;118;101
1656.0;46;114;124;104;117;101
1662.0;46;114;123;105;117;101
1668.0;46;113;123;105;118;101
1674.0;46;114;124;104;118;100
1680.0;46;115;124;104;117;100
1686.0;46;116;124;103;118;99
1692.0;46;115;124;103;118;100
1698.0;47;115;124;102;118;100
1704.0;46;117;124;102;119;98
1710.0;47;116;124;102;120;97
1716.0;47;116;123;103;120;97
1722.0;46;117;123;103;120;97
1728.0;46;117;123;103;120;97
1734.0;46;117;123;103;120;97
1740.0;46;117;123;103;120;97
1746.0;46;117;123;103;120;97
1752.0;47;117;123;104;119;96
1758.0;47;117;123;104;119;96
1764.0;46;116;123;105;119;97
1770.0;47;116;121;106;119;97
1776.0;49;116;120;105;119;97
1782.0;49;115;119;106;119;98
1788.0;49;115;119;106;119;98
1794.0;49;116;119;106;119;97
1800.0;50;115;118;106;120;97
1806.0;50;115;119;105;120;97
1812.0;51;118;118;104;118;97
1818.0;51;117;117;105;119;97
1824.0;51;117;117;105;118;98
1830.0;51;117;118;105;117;98
1836.0;50;117;117;106;117;99
1842.0;50;118;117;106;117;98
1848.0;50;118;117;105;118;98
1854.0;50;118;116;106;118;98
1860.0;50;118;116;106;117;99
1866.0;49;118;118;105;116;100
1872.0;48;118;118;105;116;101
1878.0;48;118;119;106;115;100
1884.0;48;119;119;105;115;100
1890.0;49;117;119;106;115;100
1896.0;50;116;119;107;114;100
1902.0;50;116;119;107;114;100
1908.0;50;116;119;106;114;101
1914.0;49;116;120;106;114;101
1920.0;49;117;120;105;114;101
1926.0;49;118;120;104;114;101
1932.0;49;119;119;104;114;101
1938.0;48;119;119;105;114;101
1944.0;48;119;119;105;115;100
1950.0;48;120;119;103;115;101
1956.0;48;120;119;103;115;101
1962.0;48;120;119;103;114;102
1968.0;49;120;119;102;114;102
1974.0;49;119;120;102;114;102
1980.0;49;120;119;102;115;101
1986.0;50;119;119;101;117;100
1992.0;49;120;119;100;117;101
1998.0;49;119;119;99;118;102
2004.0;48;119;120;99;118;102
2010.0;49;119;119;99;120;100
2016.0;50;118;119;100;119;100
2022.0;51;116;119;100;120;100
2028.0;50;114;120;101;121;100
2034.0;49;115;120;101;120;101
2040.0;50;113;122;100;120;101
2046.0;50;113;122;100;120;101
2052.0;50;113;122;100;121;100
2058.0;50;111;123;100;121;101
2064.0;50;112;123;99;121;101
2070.0;49;110;123;101;122;101
2076.0;49;110;123;101;122;101
2082.0;49;110;122;101;122;102
2088.0;49;110;122;101;122;102
2094.0;49;110;122;101;122;102
2100.0;50;109;122;101;122;102
2106.0;49;109;122;101;122;103
2112.0;49;110;122;101;121;103
2118.0;49;109;123;100;122;103
2124.0;49;110;124;100;121;102
2130.0;48;111;124;100;121;102
2136.0;48;111;124;100;121;102
2142.0;48;111;126;100;120;101
2148.0;48;111;127;100;120;100
2154.0;48;111;127;100;119;101
2160.0;47;111;127;99;120;102
2166.0;47;110;128;100;119;102
2172.0;47;110;127;99;121;102
2178.0;46;110;129;99;120;102
2184.0;46;110;129;100;119;102
2190.0;46;110;129;100;119;102
2196.0;47;109;129;99;119;103
2202.0;47;109;128;98;119;105
2208.0;49;107;128;97;120;105
2214.0;49;107;128;97;120;105
2220.0;48;106;129;98;120;105
2226.0;48;106;129;98;120;105
2232.0;47;106;130;98;120;105
2238.0;47;108;130;95;121;105
2244.0;48;109;128;95;121;105
2250.0;49;109;128;94;122;104
2256.0;49;109;128;94;122;104
2262.0;49;109;128;94;122;104
2268.0;48;108;128;94;123;105
2274.0;48;109;128;93;123;105
2280.0;48;109;128;93;122;106
2286.0;47;109;127;95;122;106
2292.0;47;108;127;95;121;108
2298.0;46;107;127;96;121;109
2304.0;46;107;126;97;121;109
2310.0;46;107;126;97;121;109
2316.0;46;107;126;97;121;109
2322.0;46;107;126;97;121;109
2328.0;46;106;126;97;121;110
2334.0;46;106;126;97;121;110
2340.0;45;107;126;97;120;111
2346.0;44;107;126;97;120;112
2352.0;43;108;126;96;120;113
2358.0;43;108;125;97;120;113
2364.0;42;108;125;97;120;114
2370.0;43;108;125;97;119;114
2376.0;43;108;125;97;119;114
2382.0;44;108;125;96;119;114
2388.0;44;108;125;96;119;114
2394.0;44;108;126;95;120;113
2400.0;44;108;126;95;120;113
2406.0;44;109;126;94;120;113
2412.0;44;110;126;94;120;112
2418.0;44;110;126;94;120;112
2424.0;44;110;126;94;120;112
2430.0;45;110;126;94;119;112
2436.0;45;110;125;94;119;113
2442.0;45;110;125;94;119;113
2448.0;43;110;126;95;119;113
2454.0;43;111;125;95;119;113
2460.0;43;111;124;95;120;113
2466.0;42;110;124;97;121;112
2472.0;42;110;124;98;121;111
2478.0;42;109;124;98;120;113
2484.0;42;109;124;98;120;113
2490.0;41;111;123;97;121;113
2496.0;41;111;123;97;121;113
2502.0;41;111;123;97;121;113
2508.0;43;111;121;97;121;113
2514.0;42;111;121;96;122;114
2520.0;42;111;121;96;123;113
2526.0;42;110;122;95;123;114
2532.0;42;110;122;95;123;114
2538.0;41;111;124;95;122;113
2544.0;41;110;124;96;122;113
2550.0;40;110;124;96;122;114
2556.0;40;110;124;96;122;114
2562.0;41;110;124;96;122;113
2568.0;42;110;124;96;121;113
2574.0;42;110;125;96;120;113
2580.0;42;110;125;96;120;113
2586.0;43;110;124;96;120;113
2592.0;44;111;123;94;122;112
2598.0;45;110;123;94;122;112
2604.0;45;110;121;95;123;112
2610.0;45;110;120;95;124;112
2616.0;45;110;120;95;124;112
2622.0;45;110;121;95;124;111
2628.0;45;110;122;95;124;110
2634.0;45;110;121;96;124;110
2640.0;45;110;121;96;124;110
2646.0;45;110;120;96;126;109
2652.0;44;110;120;97;126;109
2658.0;44;110;120;98;125;109
2664.0;44;111;120;97;125;109
2670.0;44;111;120;97;125;109
2676.0;45;111;120;95;126;109
2682.0;46;111;120;94;126;109
2688.0;45;111;120;95;127;108
2694.0;44;113;121;95;128;105
2700.0;44;112;121;95;129;105
2706.0;43;114;121;95;127;106
2712.0;45;114;121;95;127;104
2718.0;46;113;121;96;126;104
2724.0;46;113;121;96;126;104
2730.0;46;112;121;95;128;104
2736.0;46;113;120;95;128;104
2742.0;46;112;121;95;128;104
2748.0;46;112;121;95;128;104
2754.0;46;113;120;95;127;105
2760.0;46;113;120;95;127;105
2766.0;46;113;121;95;126;105
2772.0;47;112;121;95;126;105
2778.0;46;112;120;97;126;105
2784.0;46;112;120;97;126;105
2790.0;46;112;120;97;126;105
2796.0;46;112;120;97;126;105
2802.0;47;111;121;98;125;104
2808.0;47;110;121;98;125;105
2814.0;48;110;120;98;125;105
2820.0;48;109;120;97;126;106
2826.0;48;109;121;96;126;106
2832.0;48;109;121;97;126;105
2838.0;48;109;121;97;125;106
2844.0;47;109;121;97;126;106
2850.0;47;108;121;97;126;107
2856.0;47;108;122;96;125;108
2862.0;47;109;121;96;124;109
2868.0;47;109;122;96;123;109
2874.0;47;108;122;96;123;110
2880.0;48;106;123;95;123;111
2886.0;48;106;122;95;123;112
2892.0;48;105;122;95;123;113
2898.0;48;105;123;95;122;113
2904.0;48;105;123;96;122;112
2910.0;48;105;122;96;123;112
2916.0;48;104;122;96;124;112
2922.0;48;103;122;96;124;113
2928.0;49;103;122;96;124;112
2934.0;49;102;121;97;126;111
2940.0;50;102;121;97;125;111
2946.0;50;102;120;97;125;112
2952.0;50;102;119;97;125;113
2958.0;50;103;120;96;125;112
2964.0;50;103;118;96;125;114
2970.0;50;103;118;96;125;114
2976.0;51;103;119;96;122;115
2982.0;50;104;118;96;122;116
2988.0;49;105;117;96;123;116
2994.0;49;105;117;95;123;117
3000.0;49;105;117;95;123;117
3006.0;49;105;117;95;124;116
3012.0;48;106;117;96;123;116
3018.0;49;105;116;97;123;116
3024.0;49;105;116;97;122;117
3030.0;49;105;116;97;122;117
3036.0;50;105;116;96;122;117
3042.0;50;105;116;95;121;119
3048.0;51;104;117;95;121;118
3054.0;51;104;117;95;121;118
3060.0;50;104;117;95;122;118
3066.0;51;103;116;96;122;118
3072.0;52;103;116;96;122;117
3078.0;51;102;116;96;122;119
3084.0;51;103;115;97;121;119
3090.0;50;103;116;97;120;120
3096.0;50;103;116;96;120;121
3102.0;52;102;113;97;122;120
3108.0;52;101;114;97;122;120
3114.0;52;101;113;98;123;119
3120.0;53;101;112;98;123;119
3126.0;54;102;112;98;121;119
3132.0;53;102;112;100;121;118
3138.0;52;102;113;100;121;118
3144.0;51;102;114;100;121;118
3150.0;51;103;113;100;122;117
3156.0;52;103;113;99;122;117
3162.0;51;104;112;99;123;117
3168.0;51;104;112;99;123;117
3174.0;50;104;112;99;123;118
3180.0;50;104;110;99;125;118
3186.0;50;105;109;100;125;117
3192.0;50;104;109;100;125;118
3198.0;50;105;109;100;125;117
3204.0;52;103;109;100;125;117
3210.0;52;102;110;100;125;117
3216.0;52;102;110;100;125;117
3222.0;52;102;110;100;125;117
3228.0;52;101;110;101;125;117
3234.0;52;101;111;100;126;116
3240.0;53;101;110;100;125;117
3246.0;53;101;110;100;125;117
3252.0;54;101;112;98;125;116
3258.0;54;101;111;96;126;118
3264.0;54;102;111;97;126;116
3270.0;54;102;111;98;125;116
3276.0;54;103;110;99;125;115
3282.0;54;102;111;97;126;116
3288.0;54;103;112;96;125;116
3294.0;56;103;112;96;124;115
3300.0;56;104;112;95;123;116
3306.0;56;104;112;95;124;115
3312.0;56;103;112;95;124;116
3318.0;58;101;113;94;124;116
3324.0;58;102;113;94;124;115
3330.0;58;102;113;94;123;116
3336.0;58;103;112;94;123;116
3342.0;59;103;112;92;123;117
3348.0;59;103;112;91;124;117
3354.0;59;103;112;91;124;117
3360.0;59;103;112;91;124;117
3366.0;59;104;111;91;124;117
3372.0;59;104;110;91;124;118
3378.0;59;103;111;91;124;118
3384.0;59;103;111;91;123;119
3390.0;60;105;109;91;122;119
3396.0;60;105;109;91;122;119
3402.0;60;105;110;90;123;118
3408.0;60;105;109;91;123;118
3414.0;61;107;109;89;122;118
3420.0;61;107;109;89;122;118
3426.0;61;107;109;89;122;118
3432.0;61;107;110;89;121;118
3438.0;61;107;110;89;121;118
3444.0;60;107;110;90;121;118
3450.0;60;106;112;89;121;118
3456.0;59;106;113;89;121;118
3462.0;60;104;113;90;121;118
3468.0;61;102;113;91;121;118
3474.0;60;102;113;92;121;118
3480.0;62;102;113;92;121;116
3486.0;63;103;113;92;120;115
3492.0;62;103;113;92;120;116
3498.0;62;103;113;93;119;116
3504.0;62;104;111;93;119;117
3510.0;63;102;109;94;120;118
3516.0;62;102;108;96;120;118
3522.0;64;102;107;96;120;117
3528.0;65;103;107;93;120;118
3534.0;65;104;107;94;119;117
3540.0;65;104;108;94;118;117
3546.0;65;104;108;94;117;118
3552.0;65;104;108;94;117;118
3558.0;65;103;108;94;117;119
3564.0;65;102;108;96;116;119
3570.0;65;102;108;96;116;119
3576.0;65;102;108;96;116;119
3582.0;65;102;108;96;116;119
3588.0;65;100;108;96;116;121
3594.0;66;100;108;95;115;122
3600.0;66;100;108;95;115;122
3606.0;66;100;108;95;115;122
3612.0;66;99;108;95;116;122
3618.0;65;100;108;96;115;122
3624.0;66;99;108;96;115;122
3630.0;66;99;108;96;115;122
3636.0;65;100;108;95;116;122
3642.0;65;99;108;95;117;122
3648.0;64;100;109;95;116;122
3654.0;64;100;109;95;116;122
3660.0;63;100;109;96;116;122
3666.0;64;98;110;96;116;122
3672.0;64;98;110;96;116;122
3678.0;64;98;110;96;116;122
3684.0;64;98;111;96;116;121
3690.0;64;98;110;97;116;121
3696.0;64;98;110;97;116;121
3702.0;64;98;110;97;116;121
3708.0;65;97;111;96;116;121
3714.0;65;97;113;94;116;121
3720.0;66;96;113;94;116;121
3726.0;66;96;112;94;116;122
3732.0;66;96;112;94;116;122
3738.0;66;97;111;94;117;121
3744.0;66;97;110;94;118;121
3750.0;65;97;110;95;118;121
3756.0;65;97;110;95;118;121
3762.0;65;97;110;95;118;121
3768.0;65;97;109;96;117;122
3774.0;65;97;109;97;117;121
3780.0;65;97;108;97;118;121
3786.0;65;97;108;96;119;121
3792.0;66;96;108;97;119;120
3798.0;65;98;108;96;118;121
3804.0;67;98;107;96;117;121
3810.0;67;97;108;96;117;121
3816.0;66;98;108;96;116;122
3822.0;65;98;109;96;116;122
3828.0;63;100;109;97;115;122
3834.0;63;100;109;97;115;122
3840.0;61;100;110;98;115;122
3846.0;61;101;110;98;114;122
3852.0;61;99;111;98;115;122
3858.0;61;99;111;98;115;122
3864.0;64;97;111;97;115;122
3870.0;63;97;110;96;114;126
3876.0;64;97;110;96;114;125
3882.0;62;97;110;96;114;127
3888.0;62;97;110;96;114;127
3894.0;62;97;110;96;114;127
3900.0;62;97;111;96;113;127
3906.0;62;97;111;96;113;127
3912.0;62;97;111;96;113;127
3918.0;62;97;111;96;113;127
3924.0;62;98;111;96;113;126
3930.0;61;97;111;98;113;126
3936.0;60;97;111;98;113;127
3942.0;61;97;111;98;113;126
3948.0;61;96;112;98;113;126
3954.0;61;96;114;98;112;125
3960.0;62;95;114;98;112;125
3966.0;62;95;114;98;112;125
3972.0;64;95;114;99;111;123
3978.0;64;94;114;99;111;124
3984.0;65;94;114;96;111;126
3990.0;64;95;114;95;111;127
3996.0;63;96;116;95;109;127
4002.0;64;96;116;95;109;126
4008.0;64;96;116;95;109;126
4014.0;63;97;115;95;109;127
4020.0;63;96;115;95;110;127
4026.0;62;96;115;96;110;127
4032.0;63;96;115;95;111;126
4038.0;63;96;115;95;111;126
4044.0;63;97;115;95;111;125
4050.0;64;98;114;95;110;125
4056.0;64;96;114;95;111;126
4062.0;64;96;114;95;111;126
4068.0;65;96;113;95;111;126
4074.0;63;96;113;94;114;126
4080.0;64;96;114;94;113;125
4086.0;64;96;114;95;112;125
4092.0;64;99;114;94;111;124
4098.0;63;99;114;94;112;124
4104.0;62;99;115;95;111;124
4110.0;61;99;116;96;110;124
4116.0;62;101;116;95;109;123
4122.0;61;101;119;93;110;122
4128.0;61;101;119;92;109;124
4134.0;61;101;119;92;110;123
4140.0;61;101;119;92;110;123
4146.0;61;101;119;92;110;123
4152.0;61;101;119;92;110;123
4158.0;60;101;120;92;109;124
4164.0;60;101;120;92;109;124
4170.0;60;102;120;91;109;124
4176.0;60;102;119;92;110;123
4182.0;61;102;119;92;110;122
4188.0;61;101;121;91;110;122
4194.0;61;102;121;91;109;122
4200.0;61;103;120;92;108;122
4206.0;61;103;120;92;108;122
4212.0;61;103;119;92;109;122
4218.0;61;103;119;92;109;122
4224.0;61;103;119;91;110;122
4230.0;61;103;119;91;110;122
4236.0;61;103;118;92;111;121
4242.0;60;103;119;92;110;122
4248.0;60;103;119;93;110;121
4254.0;61;103;119;93;109;121
4260.0;61;103;119;93;109;121
4266.0;61;103;119;93;109;121
4272.0;64;102;119;91;109;121
4278.0;63;104;118;90;110;121
4284.0;64;105;118;90;108;121
4290.0;64;105;118;90;108;121
4296.0;63;104;119;90;108;122
4302.0;63;105;119;89;108;122
4308.0;62;106;118;90;108;122
4314.0;61;106;118;91;109;121
4320.0;61;106;116;91;110;122
4326.0;61;106;115;91;111;122
4332.0;61;106;114;92;110;123
4338.0;61;107;114;90;111;123
4344.0;62;106;114;90;112;122
4350.0;62;108;114;89;111;122
4356.0;62;108;115;90;109;122
4362.0;62;108;114;91;109;122
4368.0;62;108;114;92;108;122
4374.0;62;110;114;92;107;121
4380.0;62;109;114;92;107;122
4386.0;62;109;114;92;107;122
4392.0;62;110;115;91;107;121
4398.0;62;111;115;90;107;121
4404.0;63;111;114;90;107;121
4410.0;63;111;113;91;107;121
4416.0;63;110;115;90;106;122
4422.0;64;109;116;90;107;120
4428.0;64;109;117;89;107;120
4434.0;64;109;117;89;107;120
4440.0;64;109;117;90;107;119
4446.0;64;109;117;90;106;120
4452.0;64;109;117;90;106;120
4458.0;64;108;117;91;106;120
4464.0;64;108;117;91;106;120
4470.0;64;108;116;90;108;120
4476.0;63;110;116;90;107;120
4482.0;62;110;117;90;107;120
4488.0;60;110;117;90;108;121
4494.0;60;110;117;90;108;121
4500.0;61;110;118;90;107;120
4506.0;61;111;118;89;107;120
4512.0;62;110;118;88;107;121
4518.0;62;110;118;88;107;121
4524.0;62;111;118;88;106;121
4530.0;63;111;115;88;107;122
4536.0;64;110;115;88;108;121
4542.0;64;109;115;88;108;122
4548.0;64;109;115;88;110;120
4554.0;64;108;115;88;111;120
4560.0;65;108;115;88;110;120
4566.0;66;108;114;88;110;120
4572.0;66;108;113;89;110;120
4578.0;66;108;113;89;110;120
4584.0;66;108;113;89;110;120
4590.0;66;109;112;89;110;120
4596.0;66;109;112;89;110;120
4602.0;66;109;113;88;110;120
4608.0;65;109;113;88;111;120
4614.0;63;110;112;88;109;124
4620.0;63;109;113;88;109;124
4626.0;63;109;112;89;109;124
4632.0;64;109;112;89;109;123
4638.0;63;110;111;90;110;122
4644.0;63;109;111;90;110;123
4650.0;63;110;111;90;109;123
4656.0;63;109;110;91;109;124
4662.0;63;109;109;92;110;123
4668.0;63;109;109;91;110;124
4674.0;62;108;110;92;111;123
4680.0;62;108;110;91;112;123
4686.0;62;108;110;91;113;122
4692.0;62;108;110;91;113;122
4698.0;63;108;109;91;111;124
4704.0;62;108;109;92;111;124
4710.0;62;107;108;92;112;125
4716.0;62;108;108;92;112;124
4722.0;62;108;108;92;113;123
4728.0;63;108;107;92;113;123
4734.0;63;108;107;92;113;123
4740.0;63;107;107;92;114;123
4746.0;63;108;106;93;113;123
4752.0;63;108;105;93;114;123
4758.0;63;109;106;92;113;123
4764.0;63;109;106;92;113;123
4770.0;63;109;106;92;113;123
4776.0;62;110;105;93;114;122
4782.0;62;110;104;94;114;122
4788.0;62;110;103;95;115;121
4794.0;62;110;103;95;115;121
4800.0;62;109;102;96;115;122
4806.0;62;109;102;97;114;122
4812.0;62;109;102;97;114;122
4818.0;63;110;102;96;113;122
4824.0;63;110;101;97;112;123
4830.0;62;111;101;97;112;123
4836.0;64;109;101;97;112;123
4842.0;63;110;101;98;112;122
4848.0;63;110;102;99;110;122
4854.0;63;110;103;100;109;121
4860.0;64;109;104;99;109;121
4866.0;65;109;104;99;108;121
4872.0;65;109;105;98;108;121
4878.0;65;109;106;98;109;119
4884.0;64;109;107;98;109;119
4890.0;65;108;107;98;109;119
4896.0;65;109;108;98;107;119
4902.0;65;110;109;98;106;118
4908.0;65;110;109;98;106;118
4914.0;65;110;109;98;105;119
4920.0;64;110;109;99;105;119
4926.0;63;110;109;100;105;119
4932.0;63;111;108;100;106;118
4938.0;63;111;108;101;106;117
4944.0;64;111;108;101;106;116
4950.0;64;112;109;100;105;116
4956.0;63;113;108;101;105;116
4962.0;62;114;108;101;105;116
4968.0;62;114;108;101;105;116
4974.0;63;114;107;100;106;116
4980.0;63;114;106;100;107;116
4986.0;63;114;106;101;106;116
4992.0;63;113;105;102;106;117
4998.0;63;113;105;101;106;118
5004.0;64;113;105;100;106;118
5010.0;63;113;104;101;106;119
5016.0;63;112;104;102;106;119
5022.0;64;112;105;101;105;119
5028.0;64;112;105;101;105;119
5034.0;64;112;105;101;105;119
5040.0;64;112;105;101;105;119
5046.0;65;112;105;101;105;118
5052.0;66;113;104;102;104;117
5058.0;66;113;104;102;104;117
5064.0;66;114;104;101;103;118
5070.0;66;114;104;101;103;118
5076.0;68;115;102;100;104;117
5082.0;69;114;103;99;104;117
5088.0;69;114;103;99;104;117
5094.0;69;114;103;99;104;117
5100.0;69;114;103;99;104;117
5106.0;69;114;104;99;103;117
5112.0;68;113;104;100;104;117
5118.0;68;113;104;100;104;117
5124.0;69;113;104;99;103;118
5130.0;69;113;104;99;103;118
5136.0;67;113;104;100;105;117
5142.0;67;113;104;100;105;117
5148.0;67;114;105;100;104;116
5154.0;65;115;106;99;105;116
5160.0;65;115;107;98;105;116
5166.0;64;115;107;97;107;116
5172.0;64;115;107;96;108;116
5178.0;65;115;107;94;109;116
5184.0;66;114;106;95;111;114
5190.0;65;113;106;95;113;114
5196.0;64;113;107;94;113;115
5202.0;63;113;109;92;114;115
5208.0;63;114;109;92;114;114
5214.0;61;114;109;92;115;115
5220.0;61;113;110;92;115;115
5226.0;60;113;112;91;115;115
5232.0;59;112;112;93;114;116
5238.0;59;113;112;95;112;115
5244.0;59;113;112;95;112;115
5250.0;60;113;112;95;111;115
5256.0;60;111;111;94;113;117
5262.0;60;109;111;94;115;117
5268.0;60;109;111;94;114;118
5274.0;60;109;112;94;113;118
5280.0;60;109;110;96;113;118
5286.0;60;109;111;96;113;117
5292.0;60;110;112;96;111;117
5298.0;59;111;113;96;110;117
5304.0;59;110;113;97;110;117
5310.0;58;111;113;96;109;119
5316.0;58;110;114;95;110;119
5322.0;58;110;114;95;111;118
5328.0;59;110;114;95;110;118
5334.0;59;108;116;96;110;117
5340.0;59;107;117;96;110;117
5346.0;59;107;118;97;108;117
5352.0;59;106;119;98;108;116
5358.0;60;107;118;98;108;115
5364.0;59;107;117;97;110;116
5370.0;59;107;117;97;110;116
5376.0;58;107;117;97;111;116
5382.0;58;107;117;98;111;115
5388.0;57;107;117;98;111;116
5394.0;57;107;116;99;111;116
5400.0;57;107;114;99;112;117
5406.0;57;107;113;99;113;117
5412.0;57;108;112;99;112;118
5418.0;55;108;113;100;112;118
5424.0;55;107;114;99;112;119
5430.0;55;107;114;99;112;119
5436.0;55;106;115;99;112;119
5442.0;53;106;115;99;114;119
5448.0;53;104;116;99;115;119
5454.0;53;104;116;99;115;119
5460.0;53;105;116;98;115;119
5466.0;52;105;117;100;113;119
5472.0;52;106;115;100;112;121
5478.0;52;106;115;100;111;122
5484.0;51;107;115;100;111;122
5490.0;51;107;114;101;111;122
5496.0;51;106;114;101;112;122
5502.0;51;106;114;101;112;122
5508.0;52;106;115;101;110;122
5514.0;52;106;115;101;110;122
5520.0;52;106;115;101;110;122
5526.0;53;106;114;101;110;122
5532.0;53;105;114;101;110;123
5538.0;52;105;116;100;111;122
5544.0;52;105;116;100;111;122
5550.0;52;105;116;100;111;122
5556.0;53;104;116;100;110;123
5562.0;52;104;116;102;109;123
5568.0;52;104;116;102;110;122
5574.0;52;105;115;102;110;122
5580.0;52;105;115;103;109;122
5586.0;52;104;114;104;110;122
5592.0;52;103;114;106;110;121
5598.0;52;105;113;106;110;120
5604.0;51;105;113;106;110;121
5610.0;50;105;113;106;109;123
5616.0;51;105;113;105;109;123
5622.0;50;105;114;104;110;123
5628.0;50;105;114;103;111;123
5634.0;50;106;113;104;110;123
5640.0;51;106;113;104;109;123
5646.0;51;107;113;104;108;123
5652.0;51;107;113;104;108;123
5658.0;51;107;113;104;108;123
5664.0;51;107;113;104;109;122
5670.0;51;107;113;104;109;122
5676.0;51;107;113;105;109;121
5682.0;51;108;113;105;108;121
5688.0;51;107;114;104;109;121
5694.0;51;108;114;103;109;121
5700.0;52;108;113;103;109;121
5706.0;53;109;112;103;109;120
5712.0;52;110;112;102;109;121
5718.0;52;109;112;103;109;121
5724.0;52;109;112;103;109;121
5730.0;51;110;112;104;109;120
5736.0;52;110;111;103;109;121
5742.0;52;109;111;103;109;122
5748.0;53;109;110;103;109;122
5754.0;53;109;110;103;109;122
5760.0;53;109;109;103;110;122
5766.0;53;108;109;104;110;122
5772.0;53;108;109;103;111;122
5778.0;53;108;109;103;111;122
5784.0;52;108;109;103;111;123
5790.0;51;107;108;105;111;124
5796.0;52;106;109;104;109;126
5802.0;52;107;108;104;109;126
5808.0;51;107;108;104;110;126
5814.0;51;107;108;103;111;126
5820.0;51;108;109;103;110;125
5826.0;51;108;109;103;110;125
5832.0;51;107;110;103;110;125
5838.0;51;105;109;106;109;126
5844.0;51;106;108;106;109;126
5850.0;50;107;108;107;109;125
5856.0;50;106;109;107;109;125
5862.0;52;106;109;106;108;125
5868.0;52;104;109;107;108;126
5874.0;52;103;109;106;109;127
5880.0;52;103;109;105;109;128
5886.0;52;104;108;105;110;127
5892.0;53;102;108;106;110;127
5898.0;54;100;107;108;109;128
5904.0;54;100;106;109;110;127
5910.0;54;100;106;108;111;127
5916.0;53;100;107;108;111;127
5922.0;53;100;106;109;111;127
5928.0;52;100;107;109;112;126
5934.0;52;100;107;108;113;126
5940.0;52;101;107;106;113;127
5946.0;51;101;107;108;112;127
5952.0;51;101;107;108;112;127
5958.0;51;101;107;108;112;127
5964.0;52;102;107;108;111;126
5970.0;52;102;107;107;111;127
5976.0;51;102;108;107;112;126
5982.0;51;103;108;106;112;126
5988.0;51;103;108;106;113;125
5994.0;50;106;107;105;113;125
6000.0;50;105;107;105;113;126
6006.0;51;105;107;104;113;126
6012.0;51;105;107;104;113;126
6018.0;52;105;107;103;113;126
6024.0;51;105;108;104;113;125
6030.0;51;106;107;104;113;125
6036.0;51;106;107;103;113;126
6042.0;51;107;107;103;112;126
6048.0;51;106;106;103;112;128
6054.0;52;104;106;102;113;129
6060.0;52;104;106;101;113;130
6066.0;52;103;106;101;114;130
6072.0;53;103;106;102;112;130
6078.0;53;103;106;103;112;129
6084.0;53;103;106;104;111;129
6090.0;53;102;106;103;113;129
6096.0;53;102;106;103;113;129
6102.0;53;103;106;103;113;128
6108.0;54;103;106;103;114;126
6114.0;54;103;106;103;114;126
6120.0;54;102;106;103;114;127
6126.0;55;102;106;102;114;127
6132.0;55;103;106;102;114;126
6138.0;54;104;106;103;114;125
6144.0;53;104;106;104;114;125
6150.0;51;105;106;105;114;125
6156.0;52;105;106;105;113;125
6162.0;51;106;106;105;113;125
6168.0;52;105;106;104;114;125
6174.0;52;105;106;104;114;125
6180.0;53;105;106;104;114;124
6186.0;54;105;106;104;114;123
6192.0;54;106;106;104;114;122
6198.0;54;104;106;105;115;122
6204.0;54;104;106;105;115;122
6210.0;53;105;106;104;115;123
6216.0;52;105;106;105;115;123
6222.0;52;105;106;105;115;123
6228.0;53;104;106;107;114;122
6234.0;53;103;106;107;116;121
6240.0;52;103;106;108;115;122
6246.0;53;104;106;108;113;122
6252.0;52;104;105;108;115;122
6258.0;52;104;105;107;115;123
6264.0;52;103;106;107;113;125
6270.0;52;102;106;107;115;124
6276.0;52;102;106;107;115;124
6282.0;52;102;106;106;115;125
6288.0;52;103;107;103;116;125
6294.0;52;103;107;103;116;125
6300.0;50;103;108;104;116;125
6306.0;50;102;108;105;116;125
6312.0;50;103;109;104;116;124
6318.0;50;103;109;106;115;123
6324.0;50;103;109;105;116;123
6330.0;50;103;110;105;116;122
6336.0;50;104;110;104;117;121
6342.0;49;104;109;104;119;121
6348.0;48;105;108;104;120;121
6354.0;47;106;108;104;120;121
6360.0;47;106;108;105;118;122
6366.0;47;108;108;104;117;122
6372.0;47;109;106;103;118;123
6378.0;47;109;106;103;118;123
6384.0;47;109;106;103;118;123
6390.0;47;109;107;103;117;123
6396.0;47;109;107;103;117;123
6402.0;47;109;107;102;117;124
6408.0;48;108;108;101;117;124
6414.0;48;107;109;101;117;124
6420.0;48;107;110;101;117;123
6426.0;49;107;109;101;117;123
6432.0;49;107;109;101;117;123
6438.0;49;107;110;100;117;123
6444.0;49;107;110;100;117;123
6450.0;48;107;110;101;117;123
6456.0;48;107;110;101;117;123
6462.0;49;107;110;100;117;123
6468.0;49;108;109;100;116;124
6474.0;49;108;108;102;115;124
6480.0;49;108;108;102;115;124
6486.0;49;108;110;101;115;123
6492.0;49;108;110;101;115;123
6498.0;49;108;110;100;116;123
6504.0;48;108;110;101;116;123
6510.0;48;107;111;101;116;123
6516.0;48;107;110;101;117;123
6522.0;48;107;110;101;117;123
6528.0;48;107;110;101;117;123
6534.0;46;107;110;103;118;122
6540.0;46;107;110;102;117;124
6546.0;46;107;110;102;118;123
6552.0;46;108;110;101;118;123
6558.0;46;108;110;101;118;123
6564.0;45;109;110;100;119;123
6570.0;46;109;109;102;119;121
6576.0;47;109;109;101;119;121
6582.0;47;109;109;101;119;121
6588.0;47;109;109;101;119;121
6594.0;47;109;108;102;119;121
6600.0;47;109;108;102;119;121
6606.0;46;108;109;103;119;121
6612.0;46;108;109;103;119;121
6618.0;45;109;109;103;119;121
6624.0;46;109;109;102;119;121
6630.0;46;109;109;102;119;121
6636.0;46;110;108;101;119;122
6642.0;46;110;108;101;119;122
6648.0;46;110;108;102;118;122
6654.0;46;111;108;101;118;122
6660.0;46;111;108;101;118;122
6666.0;46;111;108;101;118;122
6672.0;47;111;106;100;118;124
6678.0;47;111;106;100;118;124
6684.0;48;110;105;100;117;126
6690.0;48;110;105;100;116;127
6696.0;49;109;106;98;115;129
6702.0;49;109;106;96;115;131
6708.0;48;109;107;97;114;131
6714.0;48;109;108;96;114;131
6720.0;48;109;106;97;114;132
6726.0;49;108;105;97;115;132
6732.0;49;107;106;98;115;131
6738.0;49;107;106;98;115;131
6744.0;49;107;106;98;115;131
6750.0;47;106;108;98;115;132
6756.0;48;106;107;98;115;132
6762.0;48;106;107;98;115;132
6768.0;48;105;105;99;116;133
6774.0;48;104;106;99;116;133
6780.0;48;105;106;99;115;133
6786.0;48;105;106;99;115;133
6792.0;48;105;107;98;116;132
6798.0;48;105;107;98;116;132
6804.0;48;104;108;98;116;132
6810.0;47;102;110;97;115;135
6816.0;46;102;111;97;113;137
6822.0;46;102;111;97;113;137
6828.0;45;102;111;97;113;138
6834.0;45;102;111;97;113;138
6840.0;46;102;112;96;113;137
6846.0;47;102;111;95;112;139
6852.0;49;102;110;94;112;139
6858.0;49;103;109;95;111;139
6864.0;50;103;109;94;111;139
6870.0;51;103;109;94;110;139
6876.0;51;104;109;94;109;139
6882.0;51;104;111;94;107;139
6888.0;50;103;114;94;107;138
6894.0;49;103;114;94;107;139
6900.0;49;104;115;94;105;139
6906.0;49;103;116;92;106;140
6912.0;49;103;116;92;106;140
6918.0;49;103;116;92;105;141
6924.0;50;103;114;93;106;140
6930.0;49;103;114;93;106;141
6936.0;49;103;114;93;106;141
6942.0;48;104;113;93;105;143
6948.0;49;104;115;91;105;142
6954.0;50;104;115;90;105;142
6960.0;50;103;116;90;105;142
6966.0;50;102;118;90;104;142
6972.0;50;102;118;90;104;142
6978.0;49;102;118;90;104;143
6984.0;48;101;118;92;104;143
6990.0;48;100;119;91;105;143
6996.0;48;99;119;91;105;144
7002.0;49;99;119;92;104;143
7008.0;50;98;118;92;105;143
7014.0;49;99;117;93;105;143
7020.0;50;97;117;93;106;143
7026.0;50;96;117;93;107;143
7032.0;51;96;116;93;107;143
7038.0;51;96;116;93;107;143
7044.0;51;96;115;93;107;144
7050.0;51;96;115;93;107;144
7056.0;51;96;115;93;107;144
7062.0;51;95;115;94;108;143
7068.0;52;95;115;93;108;143
7074.0;51;95;116;93;108;143
7080.0;51;94;116;94;108;143
7086.0;51;94;116;94;108;143
7092.0;51;95;115;94;108;143
7098.0;51;95;115;94;108;143
7104.0;52;95;113;94;108;144
7110.0;52;96;114;93;107;144
7116.0;52;96;114;93;107;144
7122.0;52;96;113;93;108;144
7128.0;52;96;112;93;108;145
7134.0;52;97;113;93;107;144
7140.0;51;98;113;92;108;144
7146.0;52;98;113;92;108;143
7152.0;52;98;113;92;108;143
7158.0;53;98;113;91;108;143
7164.0;53;97;112;91;110;143
7170.0;52;97;113;91;110;143
7176.0;52;97;114;91;110;142
7182.0;52;96;115;91;110;142
7188.0;53;95;115;91;110;142
7194.0;53;95;115;90;110;143
7200.0;53;95;116;90;109;143
7206.0;53;95;116;89;110;143
7212.0;53;95;117;88;109;144
7218.0;53;95;117;88;109;144
7224.0;54;95;116;89;108;144
7230.0;54;95;116;89;109;143
7236.0;53;95;116;90;109;143
7242.0;52;95;116;91;109;143
7248.0;52;96;116;91;108;143
7254.0;52;96;116;92;109;141
7260.0;51;96;116;92;110;141
7266.0;50;96;117;92;110;141
7272.0;49;95;118;91;111;142
7278.0;49;95;118;91;111;142
7284.0;49;96;117;91;111;142
7290.0;48;96;118;91;111;142
7296.0;48;96;119;91;110;142
7302.0;48;96;118;93;110;141
7308.0;48;95;118;93;111;141
7314.0;46;95;118;95;111;141
7320.0;48;93;118;95;111;141
7326.0;48;93;118;95;111;141
7332.0;48;94;118;95;111;140
7338.0;48;94;118;95;111;140
7344.0;48;93;118;96;112;139
7350.0;48;94;118;96;112;138
7356.0;48;94;118;96;112;138
7362.0;48;94;118;96;112;138
7368.0;46;96;117;96;113;138
7374.0;46;96;117;96;113;138
7380.0;46;96;117;96;112;139
7386.0;46;96;117;96;112;139
7392.0;47;96;116;95;112;140
7398.0;47;96;117;94;112;140
7404.0;44;98;117;95;112;140
7410.0;44;98;117;95;112;140
7416.0;43;99;117;95;112;140
7422.0;43;100;117;95;113;138
7428.0;44;100;116;95;112;139
7434.0;44;101;115;94;112;140
7440.0;44;101;115;94;112;140
7446.0;46;100;116;93;112;139
7452.0;44;99;116;95;112;140
7458.0;45;99;116;95;112;139
7464.0;45;99;116;95;112;139
7470.0;45;98;116;95;112;140
7476.0;44;99;116;95;112;140
7482.0;44;99;116;94;112;141
7488.0;44;99;116;93;112;142
7494.0;44;97;116;93;114;142
7500.0;45;97;116;93;114;141
7506.0;45;97;116;93;114;141
7512.0;44;95;118;93;115;141
7518.0;44;94;119;93;115;141
7524.0;44;94;119;93;115;141
7530.0;44;94;119;93;116;140
7536.0;43;95;119;93;116;140
7542.0;43;95;119;93;116;140
7548.0;43;94;120;93;117;139
7554.0;43;95;120;94;118;136
7560.0;42;96;119;94;119;136
7566.0;41;96;119;94;119;137
7572.0;41;95;118;97;119;136
7578.0;42;94;118;96;120;136
7584.0;42;94;118;95;121;136
7590.0;42;94;117;95;122;136
7596.0;42;95;118;95;121;135
7602.0;42;94;118;95;121;136
7608.0;42;95;118;95;120;136
7614.0;42;95;118;95;120;136
7620.0;42;95;118;95;120;136
7626.0;42;95;119;95;120;135
7632.0;42;95;119;95;120;135
7638.0;42;95;119;95;120;135
7644.0;42;94;119;95;121;135
7650.0;41;94;120;95;120;136
7656.0;41;94;120;95;120;136
7662.0;42;93;120;95;120;136
7668.0;41;93;120;96;120;136
7674.0;41;94;120;95;120;136
7680.0;42;93;120;95;120;136
7686.0;42;93;120;96;119;136
7692.0;42;93;120;96;119;136
7698.0;43;93;120;96;119;135
7704.0;43;93;120;96;119;135
7710.0;43;93;120;96;119;135
7716.0;43;93;120;97;119;134
7722.0;43;93;120;97;119;134
7728.0;42;95;120;97;119;133
7734.0;42;95;119;97;120;133
7740.0;42;96;119;98;119;132
7746.0;42;96;119;97;120;132
7752.0;42;96;119;97;120;132
7758.0;42;96;120;98;120;130
7764.0;42;96;120;98;120;130
7770.0;42;95;121;98;120;130
7776.0;42;94;121;98;120;131
7782.0;42;94;123;97;119;131
7788.0;42;94;123;97;119;131
7794.0;42;94;123;97;119;131
7800.0;42;95;123;97;119;130
7806.0;42;95;123;97;119;130
7812.0;41;96;124;96;119;130
7818.0;40;96;125;96;118;131
7824.0;40;97;124;96;118;131
7830.0;41;97;124;95;118;131
7836.0;41;97;124;95;118;131
7842.0;41;97;124;95;118;131
7848.0;41;95;125;95;118;132
7854.0;40;95;125;95;118;133
7860.0;41;95;125;95;118;132
7866.0;41;95;125;95;118;132
7872.0;41;96;124;96;118;131
7878.0;42;95;124;96;118;131
7884.0;42;95;124;95;118;132
7890.0;43;93;124;96;118;132
7896.0;43;93;124;96;118;132
7902.0;42;94;124;96;118;132
7908.0;42;94;124;96;118;132
7914.0;41;94;124;97;118;132
7920.0;41;94;124;97;117;133
7926.0;41;94;124;97;117;133
7932.0;40;96;123;96;118;133
7938.0;40;96;123;95;118;134
7944.0;40;96;123;95;118;134
7950.0;39;95;125;96;118;133
7956.0;39;94;126;96;118;133
7962.0;38;94;126;96;117;135
7968.0;38;95;125;96;117;135
7974.0;38;95;125;96;117;135
7980.0;38;94;125;96;118;135
7986.0;38;94;125;96;118;135
7992.0;38;94;125;94;120;135
7998.0;38;94;125;94;120;135
8004.0;38;93;125;94;121;135
8010.0;37;93;125;95;121;135
8016.0;37;91;125;95;122;136
8022.0;37;90;125;95;122;137
8028.0;35;90;126;95;123;137
8034.0;35;90;126;95;122;138
8040.0;35;89;128;94;122;138
8046.0;34;89;128;96;122;137
8052.0;34;89;128;96;122;137
8058.0;34;89;128;95;123;137
8064.0;34;90;127;95;123;137
8070.0;34;89;127;96;123;137
8076.0;34;88;127;97;123;137
8082.0;34;88;127;97;123;137
8088.0;33;88;128;97;123;137
8094.0;34;88;129;95;123;137
8100.0;34;88;130;94;122;138
8106.0;34;88;129;94;123;138
8112.0;34;88;129;94;123;138
8118.0;33;88;129;94;123;139
8124.0;33;88;129;94;123;139
8130.0;33;89;129;94;122;139
8136.0;34;88;129;94;122;139
8142.0;34;88;130;94;121;139
8148.0;34;88;130;94;121;139
8154.0;34;88;131;94;121;138
8160.0;34;88;131;95;120;138
8166.0;34;89;131;95;120;137
8172.0;34;89;131;95;120;137
8178.0;33;89;131;97;121;135
8184.0;33;89;131;97;121;135
8190.0;33;87;132;98;121;135
8196.0;33;88;132;98;121;134
8202.0;33;88;132;98;121;134
8208.0;32;89;132;98;121;134
8214.0;32;88;132;99;121;134
8220.0;32;87;131;100;122;134
8226.0;31;89;130;100;122;134
8232.0;31;90;130;99;123;133
8238.0;31;90;130;99;123;133
8244.0;31;90;130;99;123;133
8250.0;31;91;130;99;122;133
8256.0;31;90;131;99;122;133
8262.0;31;90;131;99;122;133
8268.0;33;90;131;98;122;132
8274.0;35;90;130;99;122;130
8280.0;35;91;130;97;122;131
8286.0;35;91;130;97;122;131
8292.0;35;93;129;97;122;130
8298.0;35;93;129;97;122;130
8304.0;34;93;130;97;122;130
8310.0;34;93;128;97;123;131
8316.0;35;93;128;97;123;130
8322.0;34;93;128;97;124;130
8328.0;34;94;128;97;122;131
8334.0;34;94;128;97;122;131
8340.0;35;94;128;98;120;131
8346.0;35;93;128;99;119;132
8352.0;34;93;128;99;119;133
8358.0;34;93;128;99;119;133
8364.0;34;94;127;99;119;133
8370.0;34;95;127;97;120;133
8376.0;34;95;128;98;119;132
8382.0;34;95;128;98;119;132
8388.0;34;94;128;99;119;132
8394.0;35;95;127;99;119;131
8400.0;35;95;127;99;119;131
8406.0;35;96;126;100;119;130
8412.0;35;95;126;101;119;130
8418.0;35;96;124;101;119;131
8424.0;35;96;124;100;119;132
8430.0;34;96;123;100;119;134
8436.0;34;97;122;100;118;135
8442.0;34;98;123;98;118;135
8448.0;34;97;122;99;118;136
8454.0;34;97;122;99;118;136
8460.0;34;97;122;99;118;136
8466.0;34;96;122;99;118;137
8472.0;34;96;121;98;120;137
8478.0;35;97;122;98;119;135
8484.0;35;97;122;98;119;135
8490.0;35;97;122;99;119;134
8496.0;35;98;123;100;119;131
8502.0;35;98;123;100;119;131
8508.0;35;99;123;100;118;131
8514.0;35;99;124;99;118;131
8520.0;35;100;123;100;116;132
8526.0;35;100;123;100;116;132
8532.0;34;100;124;101;116;131
8538.0;34;100;124;101;116;131
8544.0;35;99;124;101;116;131
8550.0;35;98;124;101;116;132
8556.0;37;97;123;101;116;132
8562.0;37;96;123;101;117;132
8568.0;38;95;123;101;117;132
8574.0;38;95;123;101;116;133
8580.0;38;93;123;102;117;133
8586.0;38;93;123;102;117;133
8592.0;37;93;122;103;117;134
8598.0;37;93;123;103;116;134
8604.0;38;93;123;103;116;133
8610.0;39;93;122;103;116;133
8616.0;39;93;124;102;117;131
8622.0;38;94;125;101;118;130
8628.0;38;93;126;101;117;131
8634.0;38;92;129;101;116;130
8640.0;38;92;129;100;117;130
8646.0;38;92;129;100;117;130
8652.0;39;92;130;98;117;130
8658.0;39;93;130;97;117;130
8664.0;39;93;130;97;117;130
8670.0;39;93;131;97;116;130
8676.0;39;93;129;97;116;132
8682.0;40;93;128;97;116;132
8688.0;41;93;128;97;116;131
8694.0;41;93;128;97;116;131
8700.0;40;94;127;97;116;132
8706.0;40;94;126;98;117;131
8712.0;40;93;126;99;117;131
8718.0;39;93;127;99;117;131
8724.0;39;94;127;99;117;130
8730.0;41;93;126;99;117;130
8736.0;42;93;126;99;116;130
8742.0;44;92;125;99;116;130
8748.0;43;92;125;100;117;129
8754.0;42;93;125;102;116;128
8760.0;42;94;124;102;116;128
8766.0;42;93;124;103;116;128
8772.0;42;94;124;103;115;128
8778.0;41;94;124;103;116;128
8784.0;41;94;124;102;116;129
8790.0;41;94;124;102;116;129
8796.0;41;95;124;102;116;128
8802.0;41;95;124;101;116;129
8808.0;41;95;124;101;116;129
8814.0;41;96;124;101;115;129
8820.0;41;95;125;101;115;129
8826.0;41;94;125;102;114;130
8832.0;42;94;125;102;113;130
8838.0;42;93;125;102;114;130
8844.0;42;94;125;102;114;129
8850.0;43;95;125;102;114;127
8856.0;43;95;126;101;114;127
8862.0;43;94;129;102;112;126
8868.0;43;95;129;101;113;125
8874.0;43;94;129;102;113;125
8880.0;43;94;129;102;113;125
8886.0;43;94;129;102;113;125
8892.0;42;94;131;103;112;124
8898.0;42;94;132;102;112;124
8904.0;42;93;130;104;111;126
8910.0;42;93;130;104;111;126
8916.0;42;94;132;103;109;126
8922.0;45;94;130;102;109;126
8928.0;45;94;130;102;109;126
8934.0;46;94;130;102;107;127
8940.0;46;95;130;102;107;126
8946.0;47;95;129;102;106;127
8952.0;47;95;129;102;106;127
8958.0;47;95;128;103;105;128
8964.0;48;96;127;103;105;127
8970.0;48;96;127;103;105;127
8976.0;48;95;128;104;105;126
8982.0;48;95;127;105;104;127
8988.0;49;94;127;103;105;128
8994.0;49;94;127;103;105;128
9000.0;50;94;127;103;104;128
9006.0;51;94;127;103;103;128
9012.0;51;93;127;103;103;129
9018.0;49;93;127;103;104;130
9024.0;49;92;127;103;105;130
9030.0;49;92;127;103;105;130
9036.0;48;93;128;103;105;129
9042.0;48;94;128;103;104;129
9048.0;48;96;128;102;104;128
9054.0;48;95;129;102;103;129
9060.0;48;95;129;101;105;128
9066.0;48;95;130;101;105;127
9072.0;48;94;130;101;105;128
9078.0;48;94;130;101;105;128
9084.0;47;94;130;101;106;128
9090.0;49;94;130;101;104;128
9096.0;50;93;133;100;104;126
9102.0;50;92;133;100;104;127
9108.0;50;92;132;100;105;127
9114.0;50;91;133;100;105;127
9120.0;51;90;133;100;105;127
9126.0;50;90;134;100;105;127
9132.0;50;90;134;100;105;127
9138.0;49;90;134;100;105;128
9144.0;49;90;135;99;105;128
9150.0;49;90;135;99;106;127
9156.0;49;89;134;101;106;127
9162.0;48;89;134;102;106;127
9168.0;48;89;134;104;104;127
9174.0;48;90;134;103;104;127
9180.0;48;91;134;101;105;127
9186.0;47;91;133;102;105;128
9192.0;47;91;133;102;105;128
9198.0;47;91;133;102;105;128
9204.0;47;91;133;103;104;128
9210.0;47;91;133;103;104;128
9216.0;47;91;133;103;104;128
9222.0;47;91;133;103;104;128
9228.0;47;91;133;103;104;128
9234.0;48;91;133;103;104;127
9240.0;49;90;134;103;103;127
9246.0;49;90;134;103;103;127
9252.0;50;91;134;103;103;125
9258.0;50;92;134;103;102;125
9264.0;50;92;134;103;102;125
9270.0;50;92;134;103;102;125
9276.0;50;92;134;103;102;125
9282.0;50;92;134;103;102;125
9288.0;50;91;134;103;103;125
9294.0;49;91;135;102;103;126
9300.0;49;92;134;102;103;126
9306.0;48;92;134;103;102;127
9312.0;48;91;135;103;102;127
9318.0;48;91;135;103;102;127
9324.0;48;91;135;103;103;126
9330.0;48;91;135;104;103;125
9336.0;48;91;135;104;103;125
9342.0;47;90;136;105;103;125
9348.0;46;90;136;105;104;125
9354.0;46;90;135;105;104;126
9360.0;48;90;135;104;104;125
9366.0;47;91;135;104;104;125
9372.0;46;92;134;105;104;125
9378.0;46;92;134;106;103;125
9384.0;47;91;135;106;104;123
9390.0;47;92;135;106;104;122
9396.0;46;92;135;105;106;122
9402.0;45;92;136;105;106;122
9408.0;45;92;136;105;106;122
9414.0;44;92;135;104;107;124
9420.0;44;92;134;104;107;125
9426.0;45;92;134;104;106;125
9432.0;45;91;135;104;105;126
9438.0;45;91;134;105;105;126
9444.0;45;91;134;105;105;126
9450.0;45;92;134;105;104;126
9456.0;45;92;134;105;104;126
9462.0;45;92;134;105;104;126
9468.0;44;93;134;105;104;126
9474.0;41;93;134;105;106;127
9480.0;41;93;134;105;107;126
9486.0;41;92;135;106;106;126
9492.0;40;92;137;105;106;126
9498.0;40;92;137;105;106;126
9504.0;41;93;136;104;106;126
9510.0;41;93;136;104;106;126
9516.0;41;94;136;104;106;125
9522.0;40;93;138;104;107;124
9528.0;40;93;137;104;108;124
9534.0;40;93;137;103;109;124
9540.0;40;93;137;103;109;124
9546.0;40;92;138;103;109;124
9552.0;41;91;139;103;108;124
9558.0;42;90;140;102;108;124
9564.0;42;91;140;101;108;124
9570.0;42;91;140;101;108;124
9576.0;42;91;140;101;108;124
9582.0;42;90;140;101;109;124
9588.0;43;89;140;101;110;123
9594.0;44;89;140;101;108;124
9600.0;44;89;140;101;108;124
9606.0;44;89;140;101;108;124
9612.0;43;89;140;101;110;123
9618.0;43;89;140;102;109;123
9624.0;42;88;141;105;107;123
9630.0;41;88;141;106;107;123
9636.0;41;88;141;106;107;123
9642.0;41;87;142;105;108;123
9648.0;42;88;140;105;109;122
9654.0;41;88;140;106;109;122
9660.0;41;88;140;105;110;122
9666.0;41;89;140;105;109;122
9672.0;41;89;140;105;109;122
9678.0;39;88;141;105;110;123
9684.0;39;89;141;106;108;123
9690.0;37;89;143;106;109;122
9696.0;37;89;143;106;109;122
9702.0;37;89;143;106;109;122
9708.0;37;88;142;107;109;123
9714.0;37;88;142;107;109;123
9720.0;37;88;142;107;109;123
9726.0;37;88;141;107;109;124
9732.0;37;88;141;106;110;124
9738.0;37;89;141;106;109;124
9744.0;37;89;142;105;110;123
9750.0;37;89;142;104;110;124
9756.0;37;90;142;104;109;124
9762.0;36;90;142;104;109;125
9768.0;36;93;140;103;109;125
9774.0;36;93;140;103;109;125
9780.0;36;94;140;103;108;125
9786.0;36;94;140;102;109;125
9792.0;37;95;140;101;109;124
9798.0;37;95;141;100;109;124
9804.0;37;95;141;100;109;124
9810.0;37;95;141;99;110;124
9816.0;37;95;141;99;110;124
9822.0;36;95;142;99;110;124
9828.0;36;95;142;99;109;125
9834.0;36;95;141;99;110;125
9840.0;36;95;141;99;110;125
9846.0;36;95;141;99;111;124
9852.0;34;96;142;99;112;123
9858.0;34;96;142;99;112;123
9864.0;34;97;141;99;112;123
9870.0;33;97;142;99;113;122
9876.0;33;97;142;99;113;122
9882.0;35;97;141;99;113;121
9888.0;35;96;141;99;114;121
9894.0;35;96;140;99;114;122
9900.0;35;96;140;99;114;122
9906.0;35;96;141;99;114;121
9912.0;35;96;141;99;114;121
9918.0;34;96;142;100;113;121
9924.0;33;96;143;100;113;121
9930.0;33;98;143;100;111;121
9936.0;33;99;143;100;111;120
9942.0;33;100;143;100;110;120
9948.0;33;100;143;100;110;120
9954.0;32;100;144;100;110;120
9960.0;32;100;144;100;111;119
9966.0;32;100;144;100;111;119
9972.0;32;100;144;100;111;119
9978.0;31;98;145;100;111;121
9984.0;30;98;146;100;111;121
9990.0;31;99;145;100;111;120
9996.0;31;99;145;100;111;120
10002.0;31;99;144;100;111;121
10008.0;31;99;145;100;111;120
10014.0;30;99;145;101;111;120
10020.0;30;99;145;101;111;120
10026.0;30;97;145;103;112;119
10032.0;29;97;144;104;113;119
10038.0;30;97;144;104;112;119
10044.0;29;97;144;105;112;119
10050.0;29;97;144;105;112;119
10056.0;28;98;144;105;111;120
10062.0;29;98;144;105;111;119
10068.0;31;97;144;105;111;118
10074.0;31;98;143;105;111;118
10080.0;31;97;143;105;112;118
10086.0;31;96;144;105;112;118
10092.0;31;96;144;105;112;118
10098.0;31;96;145;105;112;117
10104.0;31;97;145;105;111;117
10110.0;32;97;145;105;111;116
10116.0;32;97;145;105;111;116
10122.0;34;98;145;105;110;114
10128.0;34;98;145;106;109;114
10134.0;34;98;145;106;109;114
10140.0;34;98;146;105;109;114
10146.0;33;98;146;106;109;114
10152.0;33;97;146;106;109;115
10158.0;32;97;146;107;109;115
10164.0;32;98;145;107;109;115
10170.0;33;99;145;107;108;114
10176.0;33;99;145;107;108;114
10182.0;33;100;145;106;106;116
10188.0;33;99;145;107;106;116
10194.0;34;99;145;107;105;116
10200.0;34;99;145;107;105;116
10206.0;34;99;145;107;105;116
10212.0;34;99;145;108;105;115
10218.0;34;99;144;109;105;115
10224.0;35;97;145;108;105;116
10230.0;35;97;145;108;105;116
10236.0;36;97;145;108;105;115
10242.0;36;97;144;108;106;115
10248.0;38;97;144;107;106;114
10254.0;36;99;143;107;106;115
10260.0;36;99;143;107;106;115
10266.0;36;99;143;107;106;115
10272.0;37;99;144;106;106;114
10278.0;38;99;144;106;105;114
10284.0;38;99;144;105;106;114
10290.0;38;99;144;103;107;115
10296.0;37;99;145;103;107;115
10302.0;37;98;145;104;107;115
10308.0;37;98;145;104;107;115
10314.0;37;97;146;103;107;116
10320.0;38;96;147;102;106;117
10326.0;38;96;147;102;106;117
10332.0;38;96;147;102;106;117
10338.0;38;96;147;102;106;117
10344.0;38;96;147;102;106;117
10350.0;36;96;150;102;107;115
10356.0;37;96;150;102;106;115
10362.0;37;96;150;102;106;115
10368.0;37;94;150;103;106;116
10374.0;37;94;150;103;106;116
10380.0;38;93;150;103;106;116
10386.0;39;93;149;103;107;115
10392.0;39;93;149;103;107;115
10398.0;39;93;151;102;107;114
10404.0;39;93;151;102;107;114
10410.0;39;92;150;102;108;115
10416.0;39;92;151;101;108;115
10422.0;39;92;151;101;109;114
10428.0;41;93;150;100;109;113
10434.0;41;94;149;101;107;114
10440.0;41;95;150;101;106;113
10446.0;41;96;149;100;107;113
10452.0;41;96;150;100;106;113
10458.0;41;95;150;100;106;114
10464.0;41;96;150;100;106;113
10470.0;42;96;150;100;106;112
10476.0;43;95;150;100;106;112
10482.0;43;96;150;100;105;112
10488.0;41;96;151;99;106;113
10494.0;41;97;151;99;105;113
10500.0;41;98;150;99;104;114
10506.0;42;97;151;99;103;114
10512.0;42;97;150;99;103;115
10518.0;43;96;150;99;105;113
10524.0;43;98;150;100;103;112
10530.0;43;98;150;99;103;113
10536.0;45;97;150;99;103;112
10542.0;44;97;150;99;103;113
10548.0;45;97;150;98;103;113
10554.0;45;98;148;100;102;113
10560.0;46;98;147;100;102;113
10566.0;46;98;148;100;101;113
10572.0;46;98;149;100;101;112
10578.0;47;98;149;100;100;112
10584.0;46;98;149;100;101;112
10590.0;45;98;149;101;101;112
10596.0;45;97;151;100;102;111
10602.0;45;97;151;100;103;110
10608.0;45;97;151;101;103;109
10614.0;45;97;151;101;103;109
10620.0;46;96;151;101;103;109
10626.0;46;97;149;101;105;108
10632.0;46;98;149;102;103;108
10638.0;45;98;149;103;103;108
10644.0;45;99;147;103;103;109
10650.0;46;99;146;103;103;109
10656.0;46;99;145;103;103;110
10662.0;46;99;145;103;103;110
10668.0;47;97;145;103;103;111
10674.0;47;96;144;103;103;113
10680.0;48;95;143;103;103;114
10686.0;48;93;144;103;103;115
10692.0;48;93;144;103;103;115
10698.0;48;94;144;103;104;113
10704.0;48;94;143;104;103;114
10710.0;48;93;143;106;103;113
10716.0;48;94;143;105;103;113
10722.0;49;92;143;105;104;113
10728.0;49;92;143;105;104;113
10734.0;49;92;143;105;104;113
10740.0;48;92;144;105;105;112
10746.0;48;92;144;105;105;112
10752.0;48;92;143;105;105;113
10758.0;49;91;142;106;105;113
10764.0;49;90;142;106;105;114
10770.0;48;90;143;106;105;114
10776.0;48;91;142;106;105;114
10782.0;48;91;142;106;105;114
10788.0;48;91;142;106;105;114
10794.0;48;92;142;106;105;113
