#auto generated file!
12.0;152;142;160;148;152;158
18.0;153;140;162;148;151;158
24.0;153;140;161;147;151;160
30.0;152;140;161;147;150;162
36.0;152;139;161;147;150;163
42.0;152;139;161;147;150;163
48.0;155;138;162;147;148;162
54.0;155;138;162;146;149;162
60.0;153;140;164;144;149;162
66.0;153;142;165;142;149;161
72.0;152;142;165;143;149;161
78.0;152;142;165;143;149;161
84.0;152;142;166;140;149;163
90.0;150;143;167;138;150;164
96.0;151;143;166;138;150;164
102.0;150;143;165;139;150;165
108.0;150;144;166;139;149;164
114.0;149;145;166;138;150;164
120.0;147;145;170;137;150;163
126.0;147;145;169;137;150;164
132.0;146;144;169;138;150;165
138.0;147;144;169;138;149;165
144.0;146;143;169;139;149;166
150.0;145;143;169;139;149;167
156.0;144;143;169;139;150;167
162.0;144;142;169;139;151;167
168.0;144;142;169;138;152;167
174.0;142;141;171;139;152;167
180.0;143;142;171;138;151;167
186.0;144;141;172;139;150;166
192.0;143;140;172;138;151;168
198.0;142;142;171;138;151;168
204.0;142;143;170;138;151;168
210.0;144;144;169;137;151;167
216.0;144;143;169;139;150;167
222.0;144;142;169;139;151;167
228.0;142;144;170;139;152;165
234.0;141;143;171;139;153;165
240.0;140;142;172;139;153;166
246.0;137;143;175;139;152;166
252.0;137;143;175;140;151;166
258.0;137;144;175;139;151;166
264.0;138;144;175;137;152;166
270.0;138;145;175;136;152;166
276.0;138;145;175;135;153;166
282.0;138;145;175;135;154;165
288.0;138;145;174;135;155;165
294.0;138;144;174;135;157;164
300.0;137;144;174;135;158;164
306.0;136;144;176;136;156;164
312.0;136;142;177;135;157;165
318.0;136;142;179;134;157;164
324.0;138;142;178;134;158;162
330.0;137;142;178;134;158;163
336.0;135;142;179;135;158;163
342.0;135;142;179;135;158;163
348.0;134;141;179;135;159;164
354.0;134;141;179;136;159;163
360.0;132;140;181;137;159;163
366.0;133;139;181;137;159;163
372.0;131;140;181;138;159;163
378.0;130;140;182;138;159;163
384.0;129;140;182;139;159;163
390.0;126;144;183;140;156;163
396.0;126;142;184;141;156;163
402.0;126;142;184;141;156;163
408.0;126;142;184;142;156;162
414.0;126;142;184;140;158;162
420.0;124;142;184;140;158;164
426.0;124;142;183;141;158;164
432.0;124;143;183;140;158;164
438.0;120;143;183;140;160;166
444.0;119;144;183;140;160;166
450.0;118;144;185;138;161;166
456.0;118;143;186;138;161;166
462.0;118;143;186;138;162;165
468.0;117;143;187;139;161;165
474.0;116;144;187;139;161;165
480.0;114;146;187;139;161;165
486.0;115;144;187;140;161;165
492.0;115;143;188;140;162;164
498.0;115;143;188;139;163;164
504.0;115;142;188;141;162;164
510.0;115;142;188;140;162;165
516.0;115;141;188;140;163;165
522.0;114;141;188;140;163;166
528.0;113;141;190;140;162;166
534.0;113;142;190;141;161;165
540.0;113;142;190;141;161;165
546.0;114;142;190;141;161;164
552.0;115;142;190;140;161;164
558.0;114;144;190;139;161;164
564.0;112;145;190;139;161;165
570.0;112;145;190;139;161;165
576.0;112;147;190;139;159;165
582.0;112;147;191;138;159;165
588.0;112;147;191;138;160;164
594.0;112;147;191;139;159;164
600.0;112;147;192;139;159;163
606.0;112;146;192;140;158;164
612.0;113;146;192;139;158;164
618.0;114;146;191;139;158;164
624.0;114;147;190;139;159;163
630.0;115;147;189;139;159;163
636.0;115;147;189;139;159;163
642.0;116;147;188;139;159;163
648.0;117;147;188;138;159;163
654.0;117;147;188;138;159;163
660.0;117;146;188;137;159;165
666.0;117;146;188;138;159;164
672.0;116;146;188;139;160;163
678.0;117;146;187;139;161;162
684.0;117;147;187;139;160;162
690.0;117;147;188;139;159;162
696.0;117;146;188;141;159;161
702.0;116;145;188;141;160;162
708.0;115;144;187;142;162;162
714.0;115;145;186;142;162;162
720.0;116;145;185;143;162;161
726.0;114;145;186;144;161;162
732.0;114;145;186;144;161;162
738.0;115;144;187;143;161;162
744.0;114;144;187;143;162;162
750.0;113;143;187;144;163;162
756.0;112;143;186;145;164;162
762.0;112;143;186;145;164;162
768.0;112;144;186;142;164;164
774.0;112;143;186;142;165;164
780.0;111;142;187;142;165;165
786.0;111;142;187;141;167;164
792.0;111;142;187;141;167;164
798.0;111;142;187;141;167;164
804.0;111;139;189;142;165;166
810.0;112;139;189;142;164;166
816.0;112;139;190;142;163;166
822.0;112;139;191;142;162;166
828.0;111;141;191;142;161;166
834.0;111;141;192;143;161;164
840.0;111;141;192;143;161;164
846.0;110;141;192;143;162;164
852.0;108;141;192;145;162;164
858.0;108;141;192;146;162;163
864.0;108;141;193;145;163;162
870.0;108;141;193;145;163;162
876.0;108;139;193;145;163;164
882.0;108;139;193;145;163;164
888.0;110;136;193;144;164;165
894.0;109;136;192;146;164;165
900.0;109;138;192;144;164;165
906.0;108;138;192;146;164;164
912.0;109;137;192;145;164;165
918.0;108;137;191;145;166;165
924.0;109;137;192;144;167;163
930.0;109;138;190;145;167;163
936.0;109;138;190;145;167;163
942.0;109;140;189;145;166;163
948.0;109;140;189;146;165;163
954.0;110;138;190;146;165;163
960.0;109;138;190;147;165;163
966.0;109;137;191;147;165;163
972.0;109;137;192;147;164;163
978.0;108;137;193;146;165;163
984.0;107;136;194;148;164;163
990.0;107;134;193;149;164;165
996.0;107;135;195;147;164;164
1002.0;108;135;195;147;164;163
1008.0;106;136;197;146;164;163
1014.0;106;135;198;145;164;164
1020.0;108;134;197;145;164;164
1026.0;109;134;198;144;164;163
1032.0;108;135;197;145;164;163
1038.0;109;135;196;147;163;162
1044.0;107;135;196;146;165;163
1050.0;107;133;197;146;167;162
1056.0;105;133;197;147;168;162
1062.0;105;128;198;148;170;163
1068.0;104;129;197;149;170;163
1074.0;104;129;197;149;170;163
1080.0;104;129;197;150;169;163
1086.0;104;131;194;150;169;164
1092.0;104;132;194;150;169;163
1098.0;104;132;193;150;170;163
1104.0;103;132;194;150;170;163
1110.0;102;132;195;149;170;164
1116.0;103;132;194;148;171;164
1122.0;103;132;193;150;171;163
1128.0;103;133;193;149;171;163
1134.0;104;132;193;149;171;163
1140.0;104;133;193;148;171;163
1146.0;104;133;193;148;171;163
1152.0;104;132;193;148;171;164
1158.0;104;132;192;148;171;165
1164.0;104;132;192;148;171;165
1170.0;104;133;191;148;171;165
1176.0;104;134;189;148;171;166
1182.0;104;134;190;148;170;166
1188.0;104;134;191;147;170;166
1194.0;104;134;190;147;171;166
1200.0;103;134;190;147;172;166
1206.0;102;134;190;148;172;166
1212.0;105;133;190;148;170;166
1218.0;104;133;189;149;170;167
1224.0;105;132;190;148;170;167
1230.0;106;131;190;148;170;167
1236.0;106;131;190;149;170;166
1242.0;106;131;190;149;170;166
1248.0;105;132;190;150;169;166
1254.0;104;131;189;152;170;166
1260.0;103;131;190;153;170;165
1266.0;104;130;191;153;168;166
1272.0;105;130;191;153;168;165
1278.0;105;130;191;153;168;165
1284.0;105;131;191;152;168;165
1290.0;104;131;191;152;169;165
1296.0;105;132;190;150;170;165
1302.0;104;132;190;150;172;164
1308.0;104;132;190;149;173;164
1314.0;103;131;191;149;174;164
1320.0;104;131;191;149;174;163
1326.0;104;132;190;149;174;163
1332.0;103;132;191;148;175;163
1338.0;103;132;190;148;176;163
1344.0;101;133;191;148;176;163
1350.0;102;133;190;147;177;163
1356.0;102;134;190;145;178;163
1362.0;102;134;191;146;178;161
1368.0;101;134;192;145;179;161
1374.0;101;134;193;144;179;161
1380.0;100;135;192;146;179;160
1386.0;98;135;192;144;180;163
1392.0;98;135;192;144;179;164
1398.0;98;135;192;144;179;164
1404.0;99;136;190;144;179;164
1410.0;99;136;188;144;180;165
1416.0;98;136;188;144;180;166
1422.0;98;135;188;143;182;166
1428.0;98;134;188;145;181;166
1434.0;98;133;188;146;181;166
1440.0;97;133;189;147;180;166
1446.0;97;132;190;147;179;167
1452.0;97;132;190;147;178;168
1458.0;97;132;188;146;181;168
1464.0;97;132;188;146;181;168
1470.0;95;133;189;147;182;166
1476.0;97;132;188;147;183;165
1482.0;97;133;187;148;183;164
1488.0;98;133;186;148;183;164
1494.0;99;133;184;148;184;164
1500.0;99;133;185;148;183;164
1506.0;99;134;185;148;183;163
1512.0;97;134;185;149;184;163
1518.0;97;134;186;148;184;163
1524.0;96;133;186;148;186;163
1530.0;97;132;185;148;188;162
1536.0;97;133;186;146;188;162
1542.0;97;133;186;145;189;162
1548.0;98;134;186;144;188;162
1554.0;99;133;186;144;188;162
1560.0;99;133;185;143;189;163
1566.0;99;133;187;141;189;163
1572.0;99;133;189;139;190;162
1578.0;98;132;188;141;191;162
1584.0;97;132;188;140;192;163
1590.0;97;132;188;140;192;163
1596.0;96;131;189;141;192;163
1602.0;97;130;187;142;192;164
1608.0;96;130;187;144;191;164
1614.0;94;129;188;144;193;164
1620.0;94;130;187;145;192;164
1626.0;93;131;187;145;192;164
1632.0;93;131;188;145;192;163
1638.0;95;131;187;145;192;162
1644.0;93;132;189;145;191;162
1650.0;93;132;189;146;190;162
1656.0;91;133;189;147;189;163
1662.0;91;132;189;148;189;163
1668.0;91;133;188;149;189;162
1674.0;91;133;187;148;188;165
1680.0;91;133;187;148;188;165
1686.0;92;132;187;148;188;165
1692.0;92;133;187;148;188;164
1698.0;91;134;187;148;188;164
1704.0;89;135;187;148;189;164
1710.0;89;135;187;148;189;164
1716.0;89;135;187;148;189;164
1722.0;90;134;188;147;189;164
1728.0;88;135;188;146;189;166
1734.0;88;136;188;146;189;165
1740.0;89;137;188;146;187;165
1746.0;90;136;188;147;186;165
1752.0;88;136;187;149;187;165
1758.0;87;136;187;150;187;165
1764.0;87;136;187;150;187;165
1770.0;87;135;186;150;187;167
1776.0;87;136;186;149;187;167
1782.0;86;138;186;150;186;166
1788.0;86;139;187;151;185;164
1794.0;86;138;187;151;185;165
1800.0;86;138;187;151;185;165
1806.0;87;138;186;151;185;165
1812.0;88;138;186;151;184;165
1818.0;88;138;186;150;184;166
1824.0;89;138;184;150;185;166
1830.0;90;139;182;149;185;167
1836.0;90;140;181;149;185;167
1842.0;89;141;181;149;185;167
1848.0;89;140;181;149;185;168
1854.0;89;140;181;148;185;169
1860.0;89;140;182;150;183;168
1866.0;89;140;183;150;183;167
1872.0;89;140;184;149;184;166
1878.0;91;140;184;148;184;165
1884.0;91;140;184;147;185;165
1890.0;92;140;184;147;183;166
1896.0;89;141;184;147;183;168
1902.0;90;141;183;148;182;168
1908.0;90;141;183;148;182;168
1914.0;89;139;184;148;185;167
1920.0;90;138;185;149;184;166
1926.0;91;138;185;148;183;167
1932.0;93;137;185;148;182;167
1938.0;93;137;185;148;182;167
1944.0;92;138;184;148;182;168
1950.0;91;139;184;148;182;168
1956.0;91;139;184;148;182;168
1962.0;91;141;184;147;182;167
1968.0;91;140;185;148;182;166
1974.0;91;140;184;147;183;167
1980.0;91;140;184;147;183;167
1986.0;91;141;182;147;184;167
1992.0;90;141;182;147;184;168
1998.0;90;141;184;147;181;169
2004.0;90;141;182;148;182;169
2010.0;90;141;182;148;181;170
2016.0;89;141;182;148;182;170
2022.0;89;141;182;148;182;170
2028.0;90;141;182;149;181;169
2034.0;90;141;180;151;182;168
2040.0;90;142;179;151;183;167
2046.0;89;142;178;151;185;167
2052.0;89;142;178;151;184;168
2058.0;89;141;179;151;184;168
2064.0;89;141;179;151;184;168
2070.0;89;141;179;151;184;168
2076.0;89;141;180;150;184;168
2082.0;90;142;180;151;181;168
2088.0;90;142;181;151;180;168
2094.0;91;141;181;150;180;169
2100.0;91;141;181;151;179;169
2106.0;90;140;181;151;180;170
2112.0;90;140;181;150;182;169
2118.0;89;141;180;152;183;167
2124.0;89;142;179;153;182;167
2130.0;89;142;180;153;182;166
2136.0;91;143;180;150;182;166
2142.0;91;143;180;150;182;166
2148.0;91;142;182;148;183;166
2154.0;92;141;182;146;183;168
2160.0;92;141;183;144;183;169
2166.0;91;141;183;145;183;169
2172.0;91;141;183;145;182;170
2178.0;91;141;183;146;182;169
2184.0;92;139;184;147;183;167
2190.0;91;136;182;147;186;170
2196.0;91;138;182;146;186;169
2202.0;91;137;182;146;186;170
2208.0;90;137;183;145;187;170
2214.0;90;137;182;146;188;169
2220.0;91;137;181;145;189;169
2226.0;90;138;181;144;189;170
2232.0;91;138;181;144;188;170
2238.0;91;138;181;144;188;170
2244.0;91;138;181;144;188;170
2250.0;91;138;181;145;188;169
2256.0;92;138;180;144;190;168
2262.0;91;139;179;144;190;169
2268.0;91;139;179;144;190;169
2274.0;93;138;179;143;189;170
2280.0;92;138;180;143;189;170
2286.0;90;138;180;143;190;171
2292.0;90;137;180;143;191;171
2298.0;90;137;180;143;191;171
2304.0;89;138;179;143;192;171
2310.0;90;138;179;143;192;170
2316.0;90;138;180;143;191;170
2322.0;90;137;183;143;190;169
2328.0;90;136;184;143;191;168
2334.0;90;136;183;143;192;168
2340.0;90;136;183;143;192;168
2346.0;89;136;184;143;192;168
2352.0;89;136;184;143;192;168
2358.0;88;137;182;143;194;168
2364.0;88;137;183;143;194;167
2370.0;88;137;183;144;194;166
2376.0;87;137;182;147;193;166
2382.0;88;138;181;146;193;166
2388.0;90;137;182;146;192;165
2394.0;90;137;183;143;192;167
2400.0;91;137;183;143;191;167
2406.0;90;137;183;143;191;168
2412.0;89;138;183;143;191;168
2418.0;89;138;182;143;192;168
2424.0;90;138;182;142;192;168
2430.0;90;139;182;141;192;168
2436.0;90;137;182;143;192;168
2442.0;90;139;182;142;191;168
2448.0;91;139;182;142;188;170
2454.0;91;137;182;142;189;171
2460.0;90;137;182;144;189;170
2466.0;90;136;182;145;189;170
2472.0;90;135;182;146;189;170
2478.0;89;135;182;146;189;171
2484.0;89;136;180;146;191;170
2490.0;87;137;179;147;192;170
2496.0;87;137;179;147;191;171
2502.0;87;138;178;146;192;171
2508.0;88;139;177;145;192;171
2514.0;88;140;178;144;192;170
2520.0;87;141;178;144;192;170
2526.0;87;142;178;144;191;170
2532.0;88;143;178;142;191;170
2538.0;86;143;179;142;191;171
2544.0;86;144;178;142;191;171
2550.0;86;144;179;142;189;172
2556.0;84;144;179;143;189;173
2562.0;83;143;182;144;186;174
2568.0;83;143;182;144;186;174
2574.0;83;143;183;143;186;174
2580.0;82;142;183;143;186;176
2586.0;83;141;183;144;185;176
2592.0;82;141;183;144;186;176
2598.0;83;141;184;144;184;176
2604.0;83;141;183;144;184;177
2610.0;83;142;183;145;183;176
2616.0;82;142;183;145;184;176
2622.0;81;142;184;146;184;175
2628.0;81;142;184;146;184;175
2634.0;80;143;183;145;183;178
2640.0;81;143;183;145;182;178
2646.0;81;143;183;143;184;178
2652.0;80;143;183;143;185;178
2658.0;80;143;184;142;185;178
2664.0;80;142;184;143;184;179
2670.0;80;142;185;143;183;179
2676.0;80;142;185;143;183;179
2682.0;80;140;186;143;183;180
2688.0;80;141;186;142;183;180
2694.0;80;141;186;142;183;180
2700.0;82;141;186;140;183;180
2706.0;82;141;185;139;184;181
2712.0;82;142;185;139;183;181
2718.0;82;143;185;139;183;180
2724.0;82;143;185;139;183;180
2730.0;83;142;185;140;182;180
2736.0;83;142;185;139;183;180
2742.0;83;143;186;137;183;180
2748.0;83;143;185;138;183;180
2754.0;83;143;185;138;183;180
2760.0;83;144;184;138;183;180
2766.0;83;143;185;137;182;182
2772.0;83;143;185;137;182;182
2778.0;83;143;184;138;182;182
2784.0;83;141;187;138;182;181
2790.0;83;141;187;138;182;181
2796.0;83;142;187;138;182;180
2802.0;82;140;187;139;182;182
2808.0;82;141;187;138;181;183
2814.0;82;143;186;137;181;183
2820.0;78;145;187;138;181;183
2826.0;78;147;187;139;181;180
2832.0;76;149;187;140;179;181
2838.0;76;148;187;140;180;181
2844.0;76;147;187;140;180;182
2850.0;76;146;186;140;183;181
2856.0;77;145;185;141;183;181
2862.0;78;144;185;142;182;181
2868.0;79;144;186;141;181;181
2874.0;80;141;187;142;182;180
2880.0;80;141;188;142;182;179
2886.0;81;141;186;143;182;179
2892.0;81;141;186;143;182;179
2898.0;81;143;186;143;182;177
2904.0;80;140;186;145;185;176
2910.0;80;138;187;145;186;176
2916.0;81;138;185;145;186;177
2922.0;81;138;186;144;186;177
2928.0;81;138;185;144;187;177
2934.0;82;137;185;144;187;177
2940.0;82;138;185;145;187;175
2946.0;82;138;185;145;187;175
2952.0;83;138;183;146;187;175
2958.0;82;139;183;146;187;175
2964.0;82;139;183;146;187;175
2970.0;83;139;182;146;187;175
2976.0;85;137;182;145;187;176
2982.0;84;138;182;145;187;176
2988.0;85;138;182;144;187;176
2994.0;85;137;182;145;187;176
3000.0;85;136;183;145;187;176
3006.0;85;136;184;146;185;176
3012.0;84;136;186;146;185;175
3018.0;84;136;186;147;185;174
3024.0;85;135;186;146;186;174
3030.0;84;136;186;146;186;174
3036.0;84;138;184;147;185;174
3042.0;84;138;184;145;186;175
3048.0;84;139;184;145;184;176
3054.0;84;140;184;143;183;178
3060.0;84;140;184;143;183;178
3066.0;84;140;186;143;182;177
3072.0;84;139;187;143;182;177
3078.0;82;141;187;143;182;177
3084.0;82;142;187;142;182;177
3090.0;83;145;187;142;177;178
3096.0;83;145;188;141;178;177
3102.0;81;146;187;140;179;179
3108.0;81;146;187;138;179;181
3114.0;81;146;187;138;180;180
3120.0;81;146;186;138;180;181
3126.0;80;147;186;138;180;181
3132.0;80;147;186;138;180;181
3138.0;80;147;186;138;180;181
3144.0;80;146;187;138;179;182
3150.0;81;144;187;139;179;182
3156.0;81;144;187;139;179;182
3162.0;81;144;187;139;179;182
3168.0;81;144;187;139;179;182
3174.0;81;144;187;139;179;182
3180.0;81;145;185;139;179;183
3186.0;81;143;185;140;180;183
3192.0;80;144;184;141;180;183
3198.0;80;143;183;141;182;183
3204.0;80;143;183;140;183;183
3210.0;80;142;184;141;183;182
3216.0;81;141;185;140;184;181
3222.0;81;141;184;141;185;180
3228.0;81;140;184;142;185;180
3234.0;81;140;184;142;184;181
3240.0;81;140;184;142;186;179
3246.0;82;139;184;143;187;177
3252.0;80;139;184;145;187;177
3258.0;81;139;184;146;185;177
3264.0;80;139;184;147;185;177
3270.0;80;138;184;147;186;177
3276.0;80;139;184;147;185;177
3282.0;78;138;184;147;187;178
3288.0;79;138;182;146;188;179
3294.0;79;137;183;148;187;178
3300.0;80;136;184;147;187;178
3306.0;80;135;186;147;186;178
3312.0;82;135;186;147;185;177
3318.0;82;135;186;146;185;178
3324.0;83;136;182;145;187;179
3330.0;82;136;182;145;188;179
3336.0;81;137;182;145;188;179
3342.0;82;138;181;144;188;179
3348.0;82;137;180;144;188;181
3354.0;84;136;180;142;191;179
3360.0;84;137;180;140;192;179
3366.0;83;137;180;138;195;179
3372.0;82;138;179;139;197;177
3378.0;83;138;179;139;196;177
3384.0;82;138;180;140;196;176
3390.0;83;138;179;141;196;175
3396.0;82;138;180;141;196;175
3402.0;82;139;180;143;195;173
3408.0;82;138;180;143;196;173
3414.0;83;138;178;143;197;173
3420.0;83;138;179;143;197;172
3426.0;83;138;178;144;197;172
3432.0;83;138;178;144;198;171
3438.0;82;139;178;144;200;169
3444.0;82;139;179;144;199;169
3450.0;82;139;179;144;199;169
3456.0;82;138;178;144;200;170
3462.0;82;138;178;143;200;171
3468.0;82;139;178;142;200;171
3474.0;83;139;178;141;200;171
3480.0;82;140;177;142;200;171
3486.0;81;141;178;142;200;170
3492.0;80;141;179;142;200;170
3498.0;80;143;180;142;199;168
3504.0;79;143;180;143;199;168
3510.0;79;143;181;143;199;167
3516.0;80;141;182;143;197;169
3522.0;80;141;183;142;197;169
3528.0;80;141;183;142;197;169
3534.0;81;141;183;142;197;168
3540.0;81;141;180;142;198;170
3546.0;81;141;181;143;198;168
3552.0;79;142;180;146;197;168
3558.0;80;143;180;146;195;168
3564.0;81;143;181;145;195;167
3570.0;81;142;181;145;196;167
3576.0;81;142;181;145;196;167
3582.0;81;142;181;145;196;167
3588.0;81;143;181;144;196;167
3594.0;81;143;180;145;196;167
3600.0;81;143;181;145;196;166
3606.0;80;143;181;145;197;166
3612.0;80;143;182;145;197;165
3618.0;80;143;181;145;198;165
3624.0;79;143;181;145;200;164
3630.0;80;143;181;145;201;162
3636.0;80;144;181;144;201;162
3642.0;80;145;181;143;201;162
3648.0;80;144;182;141;202;163
3654.0;79;146;182;140;202;163
3660.0;81;146;182;140;201;162
3666.0;83;144;182;141;201;161
3672.0;83;142;182;141;202;162
3678.0;83;144;182;140;201;162
3684.0;82;146;182;138;201;163
3690.0;83;145;183;138;201;162
3696.0;84;145;183;139;201;160
3702.0;83;145;183;140;201;160
3708.0;83;145;184;140;201;159
3714.0;81;146;185;140;202;158
3720.0;82;147;184;140;202;157
3726.0;82;147;184;140;202;157
3732.0;82;147;184;140;202;157
3738.0;82;146;184;141;202;157
3744.0;80;146;185;141;201;159
3750.0;81;145;185;141;201;159
3756.0;81;145;185;141;201;159
3762.0;82;145;184;141;201;159
3768.0;82;145;185;140;200;160
3774.0;82;145;184;140;201;160
3780.0;81;146;185;140;201;159
3786.0;82;144;184;141;201;160
3792.0;84;143;184;141;200;160
3798.0;84;143;184;141;200;160
3804.0;84;143;184;140;201;160
3810.0;84;143;183;140;202;160
3816.0;83;143;184;140;202;160
3822.0;82;142;185;140;203;160
3828.0;81;141;186;141;202;161
3834.0;82;140;186;140;203;161
3840.0;82;140;185;140;203;162
3846.0;82;140;184;141;204;161
3852.0;82;140;184;141;204;161
3858.0;81;140;184;142;204;161
3864.0;81;139;183;141;206;162
3870.0;81;139;183;141;206;162
3876.0;82;139;183;140;206;162
3882.0;81;139;183;140;206;163
3888.0;82;139;182;141;205;163
3894.0;83;138;182;142;204;163
3900.0;83;139;182;142;203;163
3906.0;83;140;181;142;204;162
3912.0;83;139;181;143;204;162
3918.0;83;139;180;144;204;162
3924.0;84;137;181;144;205;161
3930.0;84;137;181;143;205;162
3936.0;84;137;182;143;205;161
3942.0;84;138;181;143;205;161
3948.0;84;138;181;143;205;161
3954.0;85;138;181;143;204;161
3960.0;85;139;180;142;204;162
3966.0;85;139;180;142;205;161
3972.0;85;139;181;141;205;161
3978.0;84;140;181;141;205;161
3984.0;84;140;181;141;205;161
3990.0;85;138;182;142;205;160
3996.0;84;139;180;141;207;161
4002.0;85;140;180;140;206;161
4008.0;84;140;180;140;206;162
4014.0;83;141;179;140;206;163
4020.0;83;140;179;140;206;164
4026.0;84;141;179;140;204;164
4032.0;84;142;180;139;204;163
4038.0;85;142;180;139;203;163
4044.0;85;143;181;139;203;161
4050.0;86;141;181;139;203;162
4056.0;86;142;181;139;202;162
4062.0;85;142;181;139;203;162
4068.0;84;142;181;140;203;162
4074.0;84;143;180;139;203;163
4080.0;84;144;180;139;204;161
4086.0;84;144;181;139;203;161
4092.0;85;144;181;138;203;161
4098.0;85;144;181;137;203;162
4104.0;85;144;181;137;202;163
4110.0;84;144;180;138;203;163
4116.0;83;145;180;137;203;164
4122.0;83;146;179;135;205;164
4128.0;82;146;179;136;205;164
4134.0;83;147;181;134;203;164
4140.0;82;146;182;133;205;164
4146.0;81;147;182;133;205;164
4152.0;80;146;183;133;206;164
4158.0;80;146;184;133;205;164
4164.0;80;145;186;133;204;164
4170.0;79;147;186;133;204;163
4176.0;79;145;186;133;204;165
4182.0;79;146;186;133;204;164
4188.0;78;148;186;131;204;165
4194.0;78;148;186;130;204;166
4200.0;78;148;187;131;202;166
4206.0;77;148;188;132;201;166
4212.0;77;148;188;132;202;165
4218.0;77;148;188;132;202;165
4224.0;77;149;188;131;203;164
4230.0;77;150;187;131;202;165
4236.0;77;149;187;132;202;165
4242.0;76;150;186;132;203;165
4248.0;76;149;186;132;204;165
4254.0;77;148;186;132;205;164
4260.0;77;148;186;132;206;163
4266.0;77;147;186;134;205;163
4272.0;77;147;186;132;206;164
4278.0;77;148;186;133;205;163
4284.0;77;148;186;133;205;163
4290.0;77;148;186;133;204;164
4296.0;77;147;188;133;203;164
4302.0;76;147;188;134;203;164
4308.0;75;146;188;134;204;165
4314.0;75;144;189;134;204;166
4320.0;75;145;189;135;202;166
4326.0;75;145;189;135;202;166
4332.0;75;145;189;136;201;166
4338.0;75;145;189;136;201;166
4344.0;75;144;189;137;201;166
4350.0;75;144;189;137;201;166
4356.0;74;144;190;137;201;166
4362.0;73;144;191;138;200;166
4368.0;72;143;191;140;199;167
4374.0;72;143;191;140;199;167
4380.0;72;143;191;141;199;166
4386.0;72;143;191;142;199;165
4392.0;71;142;192;142;200;165
4398.0;71;142;191;143;200;165
4404.0;71;142;191;143;200;165
4410.0;72;141;190;144;199;166
4416.0;72;141;190;144;198;167
4422.0;72;141;191;142;199;167
4428.0;71;143;190;141;199;168
4434.0;69;143;191;141;200;168
4440.0;69;143;191;141;200;168
4446.0;69;142;191;141;200;169
4452.0;69;142;190;141;201;169
4458.0;69;142;190;141;201;169
4464.0;70;142;190;139;202;169
4470.0;69;142;190;139;201;171
4476.0;68;142;190;139;201;172
4482.0;70;141;188;139;201;173
4488.0;70;141;189;138;201;173
4494.0;71;141;190;138;201;171
4500.0;71;140;192;138;201;170
4506.0;72;140;192;137;201;170
4512.0;73;140;192;136;201;170
4518.0;74;141;192;136;201;168
4524.0;75;140;192;136;200;169
4530.0;76;139;192;136;200;169
4536.0;76;138;192;136;200;170
4542.0;76;138;191;137;201;169
4548.0;76;138;192;137;200;169
4554.0;76;137;192;138;200;169
4560.0;76;137;191;139;200;169
4566.0;75;135;191;142;200;169
4572.0;74;135;192;142;200;169
4578.0;74;135;193;142;200;168
4584.0;74;135;193;142;200;168
4590.0;73;137;193;142;200;167
4596.0;73;136;194;142;199;168
4602.0;73;137;194;142;199;167
4608.0;73;137;194;143;200;165
4614.0;73;138;194;143;200;164
4620.0;72;137;194;144;201;164
4626.0;72;137;194;144;201;164
4632.0;73;137;194;143;201;164
4638.0;71;137;194;145;201;164
4644.0;71;137;194;145;201;164
4650.0;69;138;195;147;200;163
4656.0;70;139;195;147;199;162
4662.0;68;140;194;146;201;163
4668.0;68;139;193;146;202;164
4674.0;69;139;193;146;202;163
4680.0;69;140;194;144;202;163
4686.0;69;139;194;144;203;163
4692.0;70;139;194;144;202;163
4698.0;70;138;194;144;203;163
4704.0;69;139;195;144;202;163
4710.0;71;138;195;143;202;163
4716.0;72;137;195;143;203;162
4722.0;71;138;196;142;203;162
4728.0;71;137;195;143;202;164
4734.0;71;137;194;144;201;165
4740.0;71;137;193;144;202;165
4746.0;71;137;193;144;202;165
4752.0;71;137;192;143;204;165
4758.0;71;137;192;143;204;165
4764.0;71;137;192;142;205;165
4770.0;71;137;193;142;206;163
4776.0;71;138;193;142;205;163
4782.0;70;139;193;142;204;164
4788.0;71;138;191;141;205;166
4794.0;70;138;192;140;205;167
4800.0;70;139;192;139;206;166
4806.0;70;138;191;140;207;166
4812.0;69;138;191;141;207;166
4818.0;70;138;191;141;206;166
4824.0;71;137;191;141;207;165
4830.0;71;137;191;141;207;165
4836.0;72;137;191;140;207;165
4842.0;72;137;191;140;207;165
4848.0;72;137;191;139;207;166
4854.0;72;137;191;138;208;166
4860.0;73;137;192;137;208;165
4866.0;73;137;192;136;207;167
4872.0;73;137;192;136;207;167
4878.0;73;136;192;137;206;168
4884.0;71;137;193;137;205;169
4890.0;72;136;193;137;205;169
4896.0;72;136;193;136;205;170
4902.0;73;136;194;135;204;170
4908.0;73;136;194;136;204;169
4914.0;73;135;195;136;203;170
4920.0;74;136;195;137;202;168
4926.0;74;136;195;136;202;169
4932.0;74;136;195;136;202;169
4938.0;74;135;195;136;202;170
4944.0;74;134;195;135;205;169
4950.0;74;134;195;135;204;170
4956.0;74;134;196;136;202;170
4962.0;74;135;195;137;202;169
4968.0;75;135;194;137;202;169
4974.0;76;135;194;138;200;169
4980.0;74;135;195;138;201;169
4986.0;73;136;196;137;201;169
4992.0;74;136;196;136;201;169
4998.0;73;137;194;138;201;169
5004.0;73;138;194;138;200;169
5010.0;73;139;194;138;199;169
5016.0;73;139;195;138;198;169
5022.0;72;138;196;137;199;170
5028.0;70;139;196;137;198;172
5034.0;70;141;196;137;197;171
5040.0;70;140;196;137;198;171
5046.0;70;139;197;137;197;172
5052.0;69;139;199;136;197;172
5058.0;68;139;200;135;198;172
5064.0;65;140;201;135;197;174
5070.0;67;139;199;134;199;174
5076.0;69;139;199;132;199;174
5082.0;70;138;200;130;198;176
5088.0;69;137;200;131;197;178
5094.0;71;136;199;130;199;177
5100.0;70;137;198;132;199;176
5106.0;70;138;196;132;200;176
5112.0;68;138;197;132;201;176
5118.0;69;137;197;132;201;176
5124.0;68;136;198;133;202;175
5130.0;68;136;198;134;202;174
5136.0;68;136;201;134;200;173
5142.0;68;136;202;134;200;172
5148.0;68;135;202;134;200;173
5154.0;67;134;204;133;200;174
5160.0;66;134;204;132;202;174
5166.0;68;134;204;130;202;174
5172.0;68;133;204;130;201;176
5178.0;69;132;205;130;200;176
5184.0;69;132;204;131;200;176
5190.0;70;131;204;132;199;176
5196.0;70;133;205;131;198;175
5202.0;70;134;204;131;198;175
5208.0;69;133;204;133;198;175
5214.0;69;132;205;133;198;175
5220.0;69;133;205;133;198;174
5226.0;69;133;205;133;198;174
5232.0;69;133;205;133;198;174
5238.0;69;133;205;133;198;174
5244.0;69;133;205;133;198;174
5250.0;69;133;206;133;197;174
5256.0;69;133;206;133;197;174
5262.0;69;133;206;134;195;175
5268.0;69;134;206;134;194;175
5274.0;69;134;205;134;195;175
5280.0;69;135;203;134;197;174
5286.0;69;135;202;134;198;174
5292.0;71;135;201;134;197;174
5298.0;71;135;203;132;197;174
5304.0;71;135;203;132;197;174
5310.0;70;136;203;131;196;176
5316.0;70;136;203;131;195;177
5322.0;70;136;204;131;195;176
5328.0;68;139;202;129;198;176
5334.0;68;138;202;129;199;176
5340.0;69;137;202;129;199;176
5346.0;69;136;202;129;199;177
5352.0;69;136;202;131;197;177
5358.0;69;136;201;131;197;178
5364.0;69;135;201;131;197;179
5370.0;70;135;201;131;197;178
5376.0;71;135;204;131;192;179
5382.0;70;134;204;131;192;181
5388.0;70;134;205;131;192;180
5394.0;73;130;205;130;195;179
5400.0;74;130;205;129;195;179
5406.0;74;130;205;128;195;180
5412.0;74;129;205;128;195;181
5418.0;73;129;204;129;195;182
5424.0;73;129;205;129;195;181
5430.0;74;129;204;129;195;181
5436.0;74;128;205;129;195;181
5442.0;74;128;205;129;195;181
5448.0;74;128;204;129;195;182
5454.0;74;128;204;130;195;181
5460.0;74;128;204;130;195;181
5466.0;74;128;204;130;195;181
5472.0;74;127;204;130;195;182
5478.0;74;127;204;130;195;182
5484.0;74;127;204;130;195;182
5490.0;74;128;204;130;194;182
5496.0;75;127;204;130;194;182
5502.0;74;129;203;130;194;182
5508.0;69;128;204;133;194;184
5514.0;68;127;204;134;193;186
5520.0;68;125;204;135;194;186
5526.0;69;125;205;135;193;185
5532.0;69;125;205;135;193;185
5538.0;69;125;205;135;193;185
5544.0;69;125;206;135;192;185
5550.0;69;125;206;135;192;185
5556.0;67;126;206;135;193;185
5562.0;66;126;207;135;192;186
5568.0;66;127;207;135;192;185
5574.0;66;127;207;134;193;185
5580.0;66;127;207;136;192;184
5586.0;66;127;207;136;192;184
5592.0;66;127;207;135;192;185
5598.0;66;127;208;135;192;184
5604.0;66;128;208;135;192;183
5610.0;67;128;207;135;192;183
5616.0;67;126;208;136;192;183
5622.0;67;126;208;136;192;183
5628.0;66;127;207;137;192;183
5634.0;67;128;206;136;192;183
5640.0;68;127;206;138;191;182
5646.0;68;127;206;138;191;182
5652.0;68;126;207;138;189;184
5658.0;68;126;205;141;186;186
5664.0;68;126;205;141;185;187
5670.0;68;124;205;141;186;188
5676.0;68;126;205;141;185;187
5682.0;72;126;203;140;183;188
5688.0;72;126;202;139;182;191
5694.0;73;126;201;139;183;190
5700.0;73;127;201;139;184;188
5706.0;73;127;201;139;184;188
5712.0;73;126;201;139;185;188
5718.0;73;126;201;138;186;188
5724.0;73;126;201;137;186;189
5730.0;72;125;202;137;187;189
5736.0;73;125;202;137;188;187
5742.0;73;124;202;138;188;187
5748.0;75;125;201;138;186;187
5754.0;74;125;200;139;187;187
5760.0;75;125;199;138;188;187
5766.0;74;126;199;138;188;187
5772.0;75;125;199;138;189;186
5778.0;76;125;199;138;189;185
5784.0;76;124;199;138;190;185
5790.0;76;124;199;137;191;185
5796.0;75;124;200;137;191;185
5802.0;76;124;201;137;190;184
5808.0;75;125;200;137;191;184
5814.0;73;125;200;137;191;186
5820.0;74;125;200;138;189;186
5826.0;74;125;199;139;188;187
5832.0;73;125;199;140;188;187
5838.0;73;125;199;140;188;187
5844.0;73;125;199;140;188;187
5850.0;73;125;199;140;188;187
5856.0;74;125;199;140;188;186
5862.0;75;125;198;140;187;187
5868.0;74;125;198;141;187;187
5874.0;74;126;198;141;187;186
5880.0;74;126;198;141;187;186
5886.0;73;128;197;140;188;186
5892.0;73;128;196;140;189;186
5898.0;73;127;195;140;191;186
5904.0;72;126;196;140;192;186
5910.0;74;126;195;138;192;187
5916.0;74;125;194;139;192;188
5922.0;74;125;195;139;192;187
5928.0;74;125;196;137;193;187
5934.0;74;125;196;137;193;187
5940.0;74;125;196;137;193;187
5946.0;75;124;196;137;193;187
5952.0;75;124;197;137;191;188
5958.0;75;126;197;136;190;188
5964.0;75;126;197;136;190;188
5970.0;76;127;198;135;190;186
5976.0;77;126;197;136;190;186
5982.0;75;126;198;137;189;187
5988.0;76;126;198;135;189;188
5994.0;77;127;198;134;188;188
6000.0;79;125;197;133;189;189
6006.0;80;126;196;133;188;189
6012.0;80;127;195;132;188;190
6018.0;79;128;194;134;188;189
6024.0;80;127;194;135;187;189
6030.0;80;127;194;135;187;189
6036.0;80;127;194;134;188;189
6042.0;81;126;195;133;188;189
6048.0;82;126;195;133;188;188
6054.0;82;125;195;133;189;188
6060.0;80;125;196;133;190;188
6066.0;80;125;197;133;189;188
6072.0;80;125;197;133;190;187
6078.0;78;125;197;133;191;188
6084.0;77;125;197;133;192;188
6090.0;76;125;199;133;191;188
6096.0;75;125;199;132;193;188
6102.0;74;125;200;131;193;189
6108.0;74;125;200;130;194;189
6114.0;74;125;200;130;193;190
6120.0;73;125;200;130;193;191
6126.0;73;125;200;130;193;191
6132.0;72;124;201;131;194;190
6138.0;72;125;200;130;196;189
6144.0;71;126;202;128;197;188
6150.0;71;126;202;127;197;189
6156.0;71;126;201;128;198;188
6162.0;72;125;201;128;198;188
6168.0;72;125;200;128;198;189
6174.0;72;126;199;128;198;189
6180.0;70;125;201;129;198;189
6186.0;70;126;201;130;197;188
6192.0;72;127;201;130;195;187
6198.0;72;128;201;130;196;185
6204.0;72;128;202;131;195;184
6210.0;72;128;201;132;194;185
6216.0;72;126;201;133;195;185
6222.0;72;125;201;133;195;186
6228.0;72;124;202;133;195;186
6234.0;73;124;202;133;194;186
6240.0;71;124;203;134;193;187
6246.0;70;126;203;133;194;186
6252.0;71;126;202;133;194;186
6258.0;71;126;203;133;194;185
6264.0;70;126;203;132;194;187
6270.0;70;126;201;134;194;187
6276.0;70;125;201;133;196;187
6282.0;70;125;201;133;196;187
6288.0;70;125;201;133;196;187
6294.0;70;125;201;133;197;186
6300.0;70;123;200;134;198;187
6306.0;70;123;201;133;198;187
6312.0;71;123;200;133;198;187
6318.0;70;124;200;133;197;188
6324.0;70;125;200;133;196;188
6330.0;70;125;200;134;196;187
6336.0;70;125;200;134;196;187
6342.0;70;125;200;134;196;187
6348.0;72;125;200;134;195;186
6354.0;71;125;200;134;196;186
6360.0;72;125;200;132;196;187
6366.0;73;126;199;132;195;187
6372.0;75;125;201;131;194;186
6378.0;74;127;201;131;194;185
6384.0;73;127;201;131;194;186
6390.0;72;129;202;130;194;185
6396.0;73;130;202;129;194;184
6402.0;74;130;200;129;195;184
6408.0;77;131;197;129;193;185
6414.0;76;130;199;129;193;185
6420.0;76;130;199;129;193;185
6426.0;76;131;199;127;193;186
6432.0;76;131;199;127;193;186
6438.0;76;131;198;128;194;185
6444.0;76;132;198;128;194;184
6450.0;75;133;198;129;193;184
6456.0;76;134;197;129;191;185
6462.0;77;135;197;128;191;184
6468.0;76;134;197;129;192;184
6474.0;77;134;197;129;191;184
6480.0;77;133;197;130;191;184
6486.0;76;135;195;131;190;185
6492.0;77;134;195;131;190;185
6498.0;77;134;195;131;190;185
6504.0;76;134;195;132;189;186
6510.0;75;135;196;132;187;187
6516.0;73;135;196;133;187;188
6522.0;73;134;196;132;187;190
6528.0;74;133;197;133;186;189
6534.0;75;133;197;133;186;188
6540.0;75;134;197;133;185;188
6546.0;73;134;198;133;185;189
6552.0;70;137;199;133;185;188
6558.0;70;137;199;133;184;189
6564.0;70;138;198;133;184;189
6570.0;68;139;198;134;184;189
6576.0;70;138;197;133;184;190
6582.0;69;138;200;134;183;188
6588.0;70;138;198;134;183;189
6594.0;71;137;198;134;183;189
6600.0;71;137;198;134;183;189
6606.0;71;137;198;135;183;188
6612.0;69;138;197;135;183;190
6618.0;70;138;198;136;183;187
6624.0;70;138;198;136;183;187
6630.0;69;138;199;136;183;187
6636.0;72;138;198;136;183;185
6642.0;72;138;198;135;183;186
6648.0;72;138;198;135;183;186
6654.0;72;138;198;136;183;185
6660.0;72;138;198;136;183;185
6666.0;73;137;198;137;182;185
6672.0;73;137;198;136;183;185
6678.0;74;138;197;136;182;185
6684.0;74;138;197;136;181;186
6690.0;73;138;197;135;182;187
6696.0;72;138;198;135;182;187
6702.0;71;139;198;134;182;188
6708.0;71;139;198;135;181;188
6714.0;71;138;198;136;181;188
6720.0;70;138;199;136;181;188
6726.0;71;138;200;135;180;188
6732.0;71;140;199;135;181;186
6738.0;72;139;198;134;183;186
6744.0;72;139;198;133;183;187
6750.0;72;139;199;132;182;188
6756.0;73;139;198;132;182;188
6762.0;74;139;198;133;180;188
6768.0;73;139;200;133;179;188
6774.0;73;140;200;132;179;188
6780.0;73;139;200;132;178;190
6786.0;73;139;199;133;178;190
6792.0;74;138;199;134;177;190
6798.0;75;138;199;133;176;191
6804.0;74;138;199;133;176;192
6810.0;74;137;200;134;175;192
6816.0;74;137;201;133;176;191
6822.0;74;136;201;134;176;191
6828.0;74;137;200;132;177;192
6834.0;74;137;200;130;179;192
6840.0;74;136;200;130;179;193
6846.0;73;135;201;130;179;194
6852.0;73;135;202;129;179;194
6858.0;73;136;202;129;178;194
6864.0;73;134;203;128;179;195
6870.0;73;133;204;128;179;195
6876.0;73;132;204;128;179;196
6882.0;73;131;203;129;181;195
6888.0;73;131;203;129;181;195
6894.0;73;131;204;129;180;195
6900.0;75;131;201;129;180;196
6906.0;76;130;201;130;179;196
6912.0;76;132;201;130;179;194
6918.0;75;132;201;132;178;194
6924.0;75;133;199;131;179;195
6930.0;75;133;199;131;179;195
6936.0;76;133;199;131;179;194
6942.0;77;133;198;130;179;195
6948.0;77;134;196;131;179;195
6954.0;76;135;195;131;180;195
6960.0;76;135;195;132;180;194
6966.0;76;133;196;132;181;194
6972.0;78;132;196;132;181;193
6978.0;77;132;196;133;181;193
6984.0;77;132;197;132;181;193
6990.0;77;132;197;133;179;194
6996.0;77;131;198;132;179;195
7002.0;77;130;198;132;179;196
7008.0;78;130;198;130;179;197
7014.0;79;129;198;130;179;197
7020.0;80;129;197;132;178;196
7026.0;81;129;197;132;177;196
7032.0;81;129;198;131;177;196
7038.0;82;130;199;131;176;194
7044.0;80;134;200;132;174;192
7050.0;80;134;201;131;174;192
7056.0;80;136;201;131;173;191
7062.0;80;137;199;131;174;191
7068.0;79;138;198;132;175;190
7074.0;78;137;199;132;175;191
7080.0;78;136;199;133;175;191
7086.0;77;135;199;134;176;191
7092.0;79;134;197;134;177;191
7098.0;80;134;197;134;177;190
7104.0;79;134;198;134;177;190
7110.0;81;134;198;132;175;192
7116.0;81;133;201;132;174;191
7122.0;81;132;202;132;174;191
7128.0;81;132;203;132;173;191
7134.0;82;133;202;133;171;191
7140.0;82;132;202;133;172;191
7146.0;82;132;203;133;172;190
7152.0;82;132;202;133;172;191
7158.0;82;132;202;133;172;191
7164.0;82;132;202;133;172;191
7170.0;83;131;201;135;172;190
7176.0;81;133;202;136;171;189
7182.0;81;134;202;137;170;188
7188.0;79;134;202;139;170;188
7194.0;79;134;202;139;170;188
7200.0;78;134;202;139;170;189
7206.0;77;134;202;139;170;190
7212.0;76;133;201;142;170;190
7218.0;75;133;201;143;171;189
7224.0;75;134;201;142;171;189
7230.0;74;134;201;141;171;191
7236.0;72;133;202;141;171;193
7242.0;73;134;202;141;170;192
7248.0;74;133;202;141;171;191
7254.0;75;130;203;142;171;191
7260.0;77;130;204;143;170;188
7266.0;77;130;204;143;170;188
7272.0;77;130;204;142;170;189
7278.0;77;128;204;143;170;190
7284.0;76;128;205;142;170;191
7290.0;75;127;206;142;171;191
7296.0;75;127;206;143;171;190
7302.0;74;125;207;144;172;190
7308.0;74;124;207;145;171;191
7314.0;75;124;207;146;171;189
7320.0;76;124;204;148;171;189
7326.0;75;122;205;149;170;191
7332.0;75;122;204;150;170;191
7338.0;75;122;205;149;170;191
7344.0;74;122;206;149;170;191
7350.0;75;121;206;149;169;192
7356.0;75;123;205;149;169;191
7362.0;74;123;205;150;168;192
7368.0;74;124;205;150;170;189
7374.0;75;125;205;150;170;187
7380.0;75;124;206;149;171;187
7386.0;73;124;207;148;171;189
7392.0;73;125;208;147;170;189
7398.0;73;124;208;149;170;188
7404.0;74;124;208;149;170;187
7410.0;76;126;208;148;168;186
7416.0;77;125;208;148;168;186
7422.0;75;127;210;145;169;186
7428.0;75;127;210;145;170;185
7434.0;75;127;210;144;171;185
7440.0;75;127;210;144;171;185
7446.0;74;127;211;145;171;184
7452.0;74;127;213;143;172;183
7458.0;75;126;212;142;173;184
7464.0;73;125;212;142;174;186
7470.0;72;126;213;143;172;186
7476.0;72;126;214;144;171;185
7482.0;72;126;215;144;170;185
7488.0;72;126;215;144;170;185
7494.0;71;125;216;145;169;186
7500.0;71;124;218;144;169;186
7506.0;72;124;217;144;169;186
7512.0;72;124;215;145;170;186
7518.0;73;124;215;145;170;185
7524.0;73;124;215;145;170;185
7530.0;75;125;214;143;170;185
7536.0;74;127;215;142;169;185
7542.0;74;126;216;142;169;185
7548.0;76;127;216;141;169;183
7554.0;75;128;216;142;169;182
7560.0;75;128;216;142;170;181
7566.0;75;128;215;143;170;181
7572.0;75;128;216;144;170;179
7578.0;74;127;218;144;169;180
7584.0;73;128;217;143;170;181
7590.0;73;128;217;143;170;181
7596.0;72;128;217;144;170;181
7602.0;71;128;217;144;170;182
7608.0;72;128;217;143;171;181
7614.0;72;128;217;145;170;180
7620.0;72;128;218;140;171;183
7626.0;72;128;218;140;171;183
7632.0;72;128;219;139;172;182
7638.0;74;128;219;139;169;183
7644.0;73;128;219;138;170;184
7650.0;72;129;218;138;171;184
7656.0;70;129;220;137;171;185
7662.0;71;129;220;136;171;185
7668.0;70;128;220;137;172;185
7674.0;69;129;220;136;173;185
7680.0;66;129;220;136;174;187
7686.0;66;130;217;135;176;188
7692.0;65;131;217;135;176;188
7698.0;65;131;217;135;176;188
7704.0;65;131;218;134;176;188
7710.0;65;131;218;136;176;186
7716.0;65;131;218;136;176;186
7722.0;65;131;218;136;176;186
7728.0;64;131;220;133;177;187
7734.0;64;132;220;133;175;188
7740.0;64;132;219;133;177;187
7746.0;64;132;219;134;176;187
7752.0;65;132;218;134;176;187
7758.0;65;132;220;133;176;186
7764.0;65;134;218;133;176;186
7770.0;66;133;217;134;176;186
7776.0;67;132;217;134;176;186
7782.0;67;132;216;134;177;186
7788.0;66;131;216;134;177;188
7794.0;66;131;216;134;177;188
7800.0;65;132;217;133;177;188
7806.0;65;132;218;132;177;188
7812.0;67;132;216;131;178;188
7818.0;67;132;217;131;177;188
7824.0;68;132;215;132;177;188
7830.0;69;133;215;130;177;188
7836.0;69;133;213;130;177;190
7842.0;69;133;212;131;177;190
7848.0;69;133;213;131;179;187
7854.0;69;134;212;131;181;185
7860.0;70;134;212;129;181;186
7866.0;69;133;214;129;181;186
7872.0;70;133;214;129;181;185
7878.0;69;134;214;128;182;185
7884.0;69;134;215;128;182;184
7890.0;69;134;215;128;182;184
7896.0;70;132;216;126;183;185
7902.0;70;132;216;125;184;185
7908.0;70;133;215;125;185;184
7914.0;72;132;214;125;185;184
7920.0;72;132;214;125;185;184
7926.0;73;130;216;126;185;182
7932.0;74;129;216;126;185;182
7938.0;72;129;216;127;186;182
7944.0;72;128;216;127;186;183
7950.0;72;128;216;126;186;184
7956.0;73;128;216;124;187;184
7962.0;73;128;216;124;187;184
7968.0;72;127;217;124;187;185
7974.0;73;126;217;125;184;187
7980.0;73;126;217;125;184;187
7986.0;73;126;217;125;183;188
7992.0;75;126;215;125;183;188
7998.0;75;125;215;125;184;188
8004.0;74;124;217;124;184;189
8010.0;75;124;218;123;184;188
8016.0;74;124;219;123;184;188
8022.0;73;126;219;123;184;187
8028.0;73;125;219;123;184;188
8034.0;73;126;218;123;184;188
8040.0;73;126;218;122;184;189
8046.0;74;126;217;122;184;189
8052.0;74;126;217;123;183;189
8058.0;74;126;216;123;183;190
8064.0;74;126;216;123;183;190
8070.0;74;127;216;122;183;190
8076.0;74;127;217;120;184;190
8082.0;74;127;217;120;184;190
8088.0;74;126;217;120;184;191
8094.0;73;126;217;120;184;192
8100.0;74;127;216;121;183;191
8106.0;76;126;215;120;183;192
8112.0;76;126;215;119;183;193
8118.0;75;126;216;119;183;193
8124.0;74;125;216;120;183;194
8130.0;75;124;216;119;185;193
8136.0;75;124;216;119;185;193
8142.0;76;124;215;119;185;193
8148.0;77;124;214;119;186;192
8154.0;78;125;214;118;186;191
8160.0;77;126;214;118;187;190
8166.0;75;127;216;118;187;189
8172.0;75;126;218;118;187;188
8178.0;76;126;217;118;187;188
8184.0;76;127;217;118;187;187
8190.0;77;126;218;118;186;187
8196.0;77;126;219;119;185;186
8202.0;78;125;219;119;184;187
8208.0;78;124;219;119;186;186
8214.0;79;125;219;120;183;186
8220.0;79;124;219;121;182;187
8226.0;78;125;218;122;182;187
8232.0;79;125;217;121;183;187
8238.0;79;126;217;120;183;187
8244.0;78;125;217;121;183;188
8250.0;78;125;217;121;183;188
8256.0;78;123;216;123;184;188
8262.0;77;124;217;124;184;186
8268.0;77;123;217;125;184;186
8274.0;76;125;216;124;185;186
8280.0;74;127;216;123;184;188
8286.0;74;127;216;124;182;189
8292.0;73;128;216;124;182;189
8298.0;72;129;217;124;180;190
8304.0;73;128;216;124;181;190
8310.0;73;129;216;123;181;190
8316.0;73;129;216;122;181;191
8322.0;73;129;216;122;180;192
8328.0;73;129;216;120;180;194
8334.0;73;129;214;122;181;193
8340.0;72;129;213;123;180;195
8346.0;73;129;213;123;179;195
8352.0;71;128;214;123;180;196
8358.0;70;128;214;124;179;197
8364.0;69;128;214;126;180;195
8370.0;69;127;215;126;179;196
8376.0;70;126;216;125;179;196
8382.0;69;126;216;125;179;197
8388.0;69;126;216;125;179;197
8394.0;69;126;215;126;179;197
8400.0;68;126;215;125;179;199
8406.0;68;127;215;125;181;196
8412.0;68;129;214;124;181;196
8418.0;70;129;213;123;181;196
8424.0;71;128;213;122;181;197
8430.0;71;128;213;122;181;197
8436.0;69;128;214;122;181;198
8442.0;68;130;213;122;182;197
8448.0;67;130;214;122;183;196
8454.0;67;130;214;122;183;196
8460.0;67;130;214;122;183;196
8466.0;67;130;215;121;183;196
8472.0;68;130;214;122;182;196
8478.0;68;128;214;123;182;197
8484.0;68;129;214;123;182;196
8490.0;68;128;213;123;183;197
8496.0;68;130;213;125;180;196
8502.0;68;130;216;123;179;196
8508.0;68;130;216;124;178;196
8514.0;69;132;215;124;177;195
8520.0;69;133;215;122;178;195
8526.0;69;133;215;122;177;196
8532.0;70;132;215;122;177;196
8538.0;70;133;214;122;177;196
8544.0;70;134;214;122;178;194
8550.0;69;134;214;123;178;194
8556.0;69;134;213;123;179;194
8562.0;69;134;213;124;178;194
8568.0;69;132;214;124;177;196
8574.0;68;132;215;124;177;196
8580.0;68;132;214;124;178;196
8586.0;68;132;214;124;178;196
8592.0;66;132;215;124;179;196
8598.0;67;132;214;124;178;197
8604.0;68;133;213;124;178;196
8610.0;69;132;214;124;179;194
8616.0;69;132;214;125;179;193
8622.0;69;133;214;125;179;192
8628.0;68;132;214;128;179;191
8634.0;68;132;214;128;179;191
8640.0;68;132;212;128;179;193
8646.0;68;132;213;128;178;193
8652.0;69;131;213;128;178;193
8658.0;68;131;213;128;178;194
8664.0;68;132;212;129;177;194
8670.0;68;132;214;128;177;193
8676.0;68;133;212;129;176;194
8682.0;66;135;211;127;177;196
8688.0;66;135;211;127;177;196
8694.0;66;135;211;127;177;196
8700.0;66;135;211;127;177;196
8706.0;65;136;212;127;177;195
8712.0;64;137;212;127;177;195
8718.0;64;136;213;126;177;196
8724.0;63;136;214;126;177;196
8730.0;62;136;213;127;178;196
8736.0;61;135;214;128;178;196
8742.0;60;135;215;128;179;195
8748.0;60;134;215;128;180;195
8754.0;60;133;215;129;179;196
8760.0;60;133;215;129;179;196
8766.0;61;134;216;129;178;194
8772.0;62;135;213;129;178;195
8778.0;61;137;213;127;179;195
8784.0;61;138;212;127;179;195
8790.0;60;137;212;128;180;195
8796.0;62;138;210;129;179;194
8802.0;62;139;210;127;180;194
8808.0;60;140;210;127;180;195
8814.0;60;140;210;127;180;195
8820.0;58;139;211;129;180;195
8826.0;60;138;209;129;181;195
8832.0;60;138;209;129;181;195
8838.0;61;138;209;129;180;195
8844.0;60;138;210;129;180;195
8850.0;60;138;210;129;180;195
8856.0;61;138;210;129;179;195
8862.0;61;138;210;129;179;195
8868.0;61;138;210;130;179;194
8874.0;61;138;211;129;180;193
8880.0;61;138;211;129;181;192
8886.0;61;139;210;128;182;192
8892.0;61;139;210;128;182;192
8898.0;62;140;209;128;182;191
8904.0;63;140;208;127;181;193
8910.0;63;140;208;127;181;193
8916.0;64;140;208;127;182;191
8922.0;63;141;207;127;181;193
8928.0;63;141;207;127;181;193
8934.0;63;141;208;126;181;193
8940.0;62;140;207;126;181;196
8946.0;62;139;207;127;182;195
8952.0;61;139;207;127;182;196
8958.0;61;139;206;127;182;197
8964.0;61;139;205;128;182;197
8970.0;62;139;206;126;183;196
8976.0;62;138;207;127;182;196
8982.0;62;137;207;128;183;195
8988.0;61;138;208;128;184;193
8994.0;61;137;210;128;182;194
9000.0;61;137;210;128;181;195
9006.0;61;138;209;128;181;195
9012.0;62;138;210;127;180;195
9018.0;62;137;211;127;181;194
9024.0;63;136;211;127;181;194
9030.0;64;135;211;127;182;193
9036.0;64;135;211;127;182;193
9042.0;64;134;212;127;182;193
9048.0;64;134;212;127;182;193
9054.0;63;134;210;129;182;194
9060.0;64;134;209;129;182;194
9066.0;65;135;209;126;184;193
9072.0;65;136;210;126;181;194
9078.0;65;136;210;125;180;196
9084.0;65;137;210;124;180;196
9090.0;65;136;212;124;178;197
9096.0;65;136;212;124;178;197
9102.0;66;136;212;125;178;195
9108.0;66;135;212;125;178;196
9114.0;66;135;212;124;178;197
9120.0;65;136;211;124;178;198
9126.0;65;137;211;123;178;198
9132.0;64;136;211;125;178;198
9138.0;63;137;211;125;179;197
9144.0;64;137;211;125;179;196
9150.0;62;136;213;126;180;195
9156.0;62;136;213;126;182;193
9162.0;62;137;213;127;181;192
9168.0;62;137;214;127;181;191
9174.0;62;137;214;127;181;191
9180.0;65;137;215;127;180;188
9186.0;65;137;215;127;180;188
9192.0;65;137;214;127;180;189
9198.0;63;137;216;127;180;189
9204.0;62;138;217;128;179;188
9210.0;62;138;217;128;179;188
9216.0;62;138;217;128;179;188
9222.0;62;139;217;127;179;188
9228.0;62;139;217;127;179;188
9234.0;62;138;217;128;178;189
9240.0;61;138;216;128;178;191
9246.0;62;138;216;127;178;191
9252.0;62;138;216;127;178;191
9258.0;62;138;217;127;178;190
9264.0;61;138;217;127;179;190
9270.0;63;137;217;127;178;190
9276.0;63;136;217;127;178;191
9282.0;63;137;215;127;180;190
9288.0;64;137;215;126;180;190
9294.0;64;136;215;127;181;189
9300.0;65;137;215;125;180;190
9306.0;64;137;214;126;181;190
9312.0;64;137;214;126;180;191
9318.0;65;136;213;126;180;192
9324.0;66;136;212;125;181;192
9330.0;67;135;213;125;181;191
9336.0;67;136;213;124;181;191
9342.0;67;136;213;125;180;191
9348.0;67;136;213;125;180;191
9354.0;67;136;213;125;179;192
9360.0;68;136;213;125;179;191
9366.0;67;137;213;125;180;190
9372.0;67;139;212;124;180;190
9378.0;65;140;211;125;181;190
9384.0;66;140;211;125;181;189
9390.0;67;140;212;125;180;188
9396.0;66;140;212;125;181;188
9402.0;66;141;212;125;181;187
9408.0;66;141;212;125;181;187
9414.0;67;142;210;126;180;187
9420.0;68;143;208;125;181;187
9426.0;68;142;208;125;182;187
9432.0;69;142;208;125;181;187
9438.0;69;142;208;125;181;187
9444.0;69;142;207;125;183;186
9450.0;69;142;207;125;183;186
9456.0;69;142;207;125;183;186
9462.0;70;142;206;125;184;185
9468.0;71;142;205;125;184;185
9474.0;71;142;205;125;184;185
9480.0;70;142;206;126;183;185
9486.0;70;141;207;126;183;185
9492.0;70;141;207;126;183;185
9498.0;71;140;207;126;182;186
9504.0;70;140;207;126;182;187
9510.0;70;141;205;126;183;187
9516.0;71;140;205;127;182;187
9522.0;72;140;205;126;184;185
9528.0;72;140;205;125;185;185
9534.0;72;140;205;125;185;185
9540.0;70;140;206;125;186;185
9546.0;70;140;206;125;186;185
9552.0;70;140;206;125;186;185
9558.0;71;141;203;128;185;184
9564.0;72;140;203;128;185;184
9570.0;72;141;203;128;185;183
9576.0;71;142;204;128;184;183
9582.0;71;143;203;128;184;183
9588.0;72;144;202;127;184;183
9594.0;72;145;202;126;184;183
9600.0;72;146;202;125;184;183
9606.0;73;146;202;125;184;182
9612.0;72;147;202;126;183;182
9618.0;73;147;202;126;183;181
9624.0;73;147;201;126;182;183
9630.0;74;147;201;127;181;182
9636.0;76;146;201;127;182;180
9642.0;76;146;202;127;181;180
9648.0;77;145;203;127;181;179
9654.0;77;145;203;127;181;179
9660.0;77;143;204;128;181;179
9666.0;77;144;203;129;180;179
9672.0;77;143;203;129;181;179
9678.0;77;143;203;130;181;178
9684.0;77;142;203;130;182;178
9690.0;77;141;203;130;182;179
9696.0;77;142;203;129;182;179
9702.0;77;143;203;128;182;179
9708.0;80;143;202;126;182;179
9714.0;81;144;201;126;181;179
9720.0;80;142;202;125;181;182
9726.0;79;140;203;126;182;182
9732.0;79;140;202;126;182;183
9738.0;79;140;203;126;181;183
9744.0;80;140;203;128;180;181
9750.0;80;140;203;128;179;182
9756.0;80;140;203;128;179;182
9762.0;80;140;204;128;178;182
9768.0;80;139;204;128;179;182
9774.0;80;139;205;128;179;181
9780.0;80;138;204;127;180;183
9786.0;81;138;203;127;180;183
9792.0;82;138;203;127;180;182
9798.0;83;138;202;127;180;182
9804.0;82;138;203;128;180;181
9810.0;82;137;204;127;181;181
9816.0;82;137;204;128;180;181
9822.0;81;138;203;128;181;181
9828.0;81;137;204;128;181;181
9834.0;82;137;204;127;181;181
9840.0;82;137;204;128;181;180
9846.0;83;137;203;128;180;181
9852.0;83;137;203;128;180;181
9858.0;83;136;204;128;180;181
9864.0;82;137;204;128;180;181
9870.0;82;138;203;128;181;180
9876.0;85;137;203;127;181;179
9882.0;85;137;203;127;181;179
9888.0;85;138;202;127;182;178
9894.0;84;138;204;126;183;177
9900.0;84;139;203;126;183;177
9906.0;83;139;203;127;182;178
9912.0;83;138;203;127;183;178
9918.0;82;138;203;127;183;179
9924.0;82;137;203;127;183;180
9930.0;82;136;203;128;183;180
9936.0;80;135;204;129;185;179
9942.0;80;135;204;129;185;179
9948.0;80;135;206;127;186;178
9954.0;80;134;206;128;186;178
9960.0;80;133;206;128;187;178
9966.0;80;133;205;129;187;178
9972.0;79;133;206;129;187;178
9978.0;79;133;206;129;187;178
9984.0;79;133;207;128;187;178
9990.0;79;132;207;127;187;180
9996.0;79;132;207;127;186;181
10002.0;79;132;207;128;185;181
10008.0;79;132;207;128;183;183
10014.0;79;132;206;129;184;182
10020.0;80;133;206;128;183;182
10026.0;80;134;206;128;183;181
10032.0;80;134;206;128;183;181
10038.0;79;134;206;128;185;180
10044.0;79;135;208;129;184;177
10050.0;79;135;208;129;185;176
10056.0;79;133;208;129;188;175
10062.0;79;133;210;128;187;175
10068.0;79;132;210;128;187;176
10074.0;78;133;209;128;188;176
10080.0;78;133;210;128;187;176
10086.0;79;132;210;128;186;177
10092.0;80;132;209;129;186;176
10098.0;79;133;209;130;185;176
10104.0;82;132;210;127;185;176
10110.0;84;131;211;126;183;177
10116.0;84;131;211;126;183;177
10122.0;85;131;210;125;184;177
10128.0;86;131;210;125;184;176
10134.0;87;131;210;125;184;175
10140.0;87;129;210;125;184;177
10146.0;88;129;209;125;184;177
10152.0;87;132;209;123;184;177
10158.0;88;131;209;123;184;177
10164.0;87;131;209;124;184;177
10170.0;88;131;209;125;183;176
10176.0;88;131;209;125;182;177
10182.0;88;134;208;122;183;177
10188.0;90;132;208;122;184;176
10194.0;88;131;208;122;186;177
10200.0;86;130;209;122;189;176
10206.0;85;131;208;121;191;176
10212.0;84;130;209;120;193;176
10218.0;83;131;209;121;193;175
10224.0;82;131;210;121;193;175
10230.0;82;130;211;121;193;175
10236.0;82;130;212;120;193;175
10242.0;82;130;213;120;192;175
10248.0;82;130;213;120;192;175
10254.0;84;130;212;120;191;175
10260.0;84;130;213;120;191;174
10266.0;84;129;213;121;191;174
10272.0;85;128;213;122;191;173
10278.0;85;128;213;122;191;173
10284.0;85;129;212;122;190;174
10290.0;85;129;212;121;192;173
10296.0;84;129;211;122;193;173
10302.0;84;129;211;122;193;173
10308.0;83;129;212;121;193;174
10314.0;84;129;211;120;194;174
10320.0;83;129;212;120;193;175
10326.0;83;129;212;120;193;175
10332.0;82;129;212;121;194;174
10338.0;84;128;212;121;194;173
10344.0;84;128;212;120;194;174
10350.0;84;128;212;120;194;174
10356.0;83;128;212;122;194;173
10362.0;83;128;211;124;193;173
10368.0;83;129;211;124;191;174
10374.0;81;129;211;126;192;173
10380.0;82;129;210;126;192;173
10386.0;84;128;209;126;192;173
10392.0;84;128;209;126;192;173
10398.0;82;128;209;128;192;173
10404.0;81;128;209;128;192;174
10410.0;81;128;210;128;192;173
10416.0;82;128;210;126;193;173
10422.0;82;127;212;126;193;172
10428.0;82;127;213;127;192;171
10434.0;81;127;213;127;192;172
10440.0;81;127;214;127;191;172
10446.0;79;129;215;126;191;172
10452.0;80;129;215;127;189;172
10458.0;80;128;215;128;189;172
10464.0;80;128;215;128;189;172
10470.0;80;128;215;128;190;171
10476.0;79;129;215;128;191;170
10482.0;80;130;214;126;193;169
10488.0;80;130;213;127;193;169
10494.0;81;128;214;127;194;168
10500.0;81;128;214;127;193;169
10506.0;80;128;214;127;194;169
10512.0;80;127;215;125;194;171
10518.0;81;127;214;125;193;172
10524.0;79;129;215;125;193;171
10530.0;79;129;215;125;193;171
10536.0;79;129;215;125;193;171
10542.0;80;129;213;125;192;173
10548.0;79;129;213;125;193;173
10554.0;79;131;213;125;192;172
10560.0;78;131;213;126;192;172
10566.0;78;130;213;126;192;173
10572.0;76;130;214;126;193;173
10578.0;76;130;213;126;194;173
10584.0;76;130;213;126;194;173
10590.0;75;131;212;126;195;173
10596.0;75;131;210;126;196;174
10602.0;75;131;210;127;195;174
10608.0;75;131;211;128;194;173
10614.0;73;131;211;131;192;174
10620.0;72;131;210;132;192;175
10626.0;72;131;210;131;192;176
10632.0;72;131;210;131;192;176
10638.0;72;130;211;132;192;175
10644.0;71;129;212;130;192;178
10650.0;71;129;213;130;192;177
10656.0;71;129;213;131;191;177
10662.0;71;128;213;131;192;177
10668.0;70;127;213;132;193;177
10674.0;70;126;213;131;193;179
10680.0;69;127;213;130;194;179
10686.0;70;128;213;130;191;180
10692.0;71;129;213;130;189;180
10698.0;72;129;213;129;189;180
10704.0;74;127;213;128;190;180
10710.0;74;127;214;128;190;179
10716.0;73;127;215;128;190;179
10722.0;72;127;216;128;190;179
10728.0;71;127;216;128;190;180
10734.0;72;128;216;128;190;178
10740.0;71;129;216;126;193;177
10746.0;72;130;215;125;193;177
10752.0;73;130;215;124;193;177
10758.0;73;128;216;124;194;177
10764.0;73;128;216;124;194;177
10770.0;73;128;216;123;195;177
10776.0;73;128;216;123;195;177
10782.0;73;128;216;123;194;178
10788.0;74;129;214;121;194;180
10794.0;73;130;213;121;196;179
