#auto generated file!
12.0;46;47;47;59;59;48
18.0;46;47;47;59;59;48
24.0;45;48;47;59;59;48
30.0;45;49;47;58;59;48
36.0;44;50;48;58;58;48
42.0;44;50;48;58;58;48
48.0;44;50;48;58;58;48
54.0;44;50;48;58;58;48
60.0;43;50;48;59;58;48
66.0;44;49;48;59;58;48
72.0;45;49;48;58;58;48
78.0;47;48;48;58;57;48
84.0;46;48;48;58;58;48
90.0;46;48;48;58;58;48
96.0;45;47;48;60;57;49
102.0;45;47;48;59;58;49
108.0;45;47;48;59;58;49
114.0;46;47;48;59;58;48
120.0;46;48;47;59;57;49
126.0;46;49;47;58;57;49
132.0;47;48;47;58;57;49
138.0;47;48;47;57;57;50
144.0;47;48;47;57;57;50
150.0;47;48;47;57;57;50
156.0;48;48;46;57;57;50
162.0;48;48;46;57;57;50
168.0;48;48;45;57;57;51
174.0;48;47;46;57;57;51
180.0;47;48;46;56;58;51
186.0;47;48;46;56;58;51
192.0;49;47;45;56;58;51
198.0;49;47;46;55;58;51
204.0;49;47;45;56;58;51
210.0;49;47;45;56;58;51
216.0;48;47;46;57;58;50
222.0;48;47;46;57;58;50
228.0;48;47;46;57;58;50
234.0;46;47;46;57;58;52
240.0;46;47;46;56;59;52
246.0;46;47;46;56;59;52
252.0;46;47;46;56;59;52
258.0;46;47;46;56;59;52
264.0;47;47;46;55;59;52
270.0;47;47;46;55;59;52
276.0;46;47;46;55;59;53
282.0;46;47;46;54;60;53
288.0;45;48;46;54;60;53
294.0;45;48;46;54;60;53
300.0;45;48;46;54;60;53
306.0;45;47;46;53;62;53
312.0;45;47;46;53;62;53
318.0;45;47;46;53;62;53
324.0;45;47;46;53;62;53
330.0;45;47;46;52;63;53
336.0;46;47;46;51;63;53
342.0;46;47;46;51;63;53
348.0;45;46;47;51;64;53
354.0;45;45;47;52;64;53
360.0;45;45;47;52;63;54
366.0;45;45;47;52;63;54
372.0;45;46;47;52;62;54
378.0;45;46;47;53;61;54
384.0;45;46;47;53;61;54
390.0;45;46;47;53;61;54
396.0;45;46;47;53;61;54
402.0;45;46;47;53;61;54
408.0;44;46;47;54;61;54
414.0;44;46;47;53;61;55
420.0;44;47;47;53;61;54
426.0;44;47;47;53;61;54
432.0;44;47;47;53;61;54
438.0;44;47;47;53;61;54
444.0;44;47;47;53;61;54
450.0;44;47;47;53;61;54
456.0;43;48;46;53;62;54
462.0;44;47;46;53;62;54
468.0;45;46;46;53;62;54
474.0;46;46;47;52;62;53
480.0;45;46;47;52;63;53
486.0;45;45;48;52;63;53
492.0;45;45;48;52;63;53
498.0;45;45;48;52;63;53
504.0;45;45;48;52;63;53
510.0;46;45;48;52;62;53
516.0;46;45;49;52;61;53
522.0;45;46;49;52;61;53
528.0;45;45;49;52;61;54
534.0;44;45;49;52;63;53
540.0;44;46;49;52;62;53
546.0;43;46;49;53;62;53
552.0;43;46;49;53;62;53
558.0;43;46;49;52;63;53
564.0;43;46;50;52;63;52
570.0;43;47;50;52;63;51
576.0;43;46;51;52;63;51
582.0;43;46;51;52;63;51
588.0;43;46;51;52;63;51
594.0;43;46;51;52;63;51
600.0;42;46;51;53;63;51
606.0;42;46;51;53;63;51
612.0;42;46;51;53;62;52
618.0;42;46;51;53;63;51
624.0;42;46;51;53;63;51
630.0;41;46;50;55;63;51
636.0;41;46;50;55;63;51
642.0;41;46;49;54;65;51
648.0;41;46;49;54;65;51
654.0;40;46;49;54;65;52
660.0;40;46;49;54;65;52
666.0;40;46;49;54;65;52
672.0;40;46;49;54;65;52
678.0;40;46;48;54;66;52
684.0;37;46;48;55;66;54
690.0;36;47;48;56;66;53
696.0;36;47;48;56;66;53
702.0;35;47;48;57;66;53
708.0;35;47;48;57;65;54
714.0;35;47;48;57;65;54
720.0;35;47;48;56;65;55
726.0;34;47;49;56;65;55
732.0;34;47;49;56;65;55
738.0;34;47;49;56;65;55
744.0;34;47;49;56;65;55
750.0;34;47;49;56;65;55
756.0;34;47;49;56;65;55
762.0;33;47;49;57;66;54
768.0;33;46;49;57;67;54
774.0;34;46;48;57;67;54
780.0;34;46;48;57;67;54
786.0;34;46;48;57;67;54
792.0;34;46;48;57;67;54
798.0;34;45;49;57;67;54
804.0;34;44;49;57;67;55
810.0;34;44;49;56;67;56
816.0;33;44;50;56;67;56
822.0;33;43;50;56;68;56
828.0;34;42;49;56;69;56
834.0;34;42;49;56;69;56
840.0;34;42;49;56;69;56
846.0;34;42;49;56;69;56
852.0;35;42;49;56;69;55
858.0;35;42;49;56;70;54
864.0;35;42;49;56;70;54
870.0;35;42;49;56;70;54
876.0;35;42;49;56;70;54
882.0;35;42;50;55;70;54
888.0;36;42;50;54;70;54
894.0;36;42;50;54;70;54
900.0;36;41;49;56;70;54
906.0;36;41;48;57;70;54
912.0;36;41;48;57;70;54
918.0;36;41;47;58;70;54
924.0;36;40;48;58;70;54
930.0;36;40;48;58;70;54
936.0;36;40;48;58;70;54
942.0;37;40;47;58;70;54
948.0;38;40;47;59;68;54
954.0;37;41;48;59;68;53
960.0;37;42;48;59;67;53
966.0;37;41;48;59;68;53
972.0;37;41;48;59;67;54
978.0;37;41;48;59;67;54
984.0;37;41;49;59;67;53
990.0;37;41;49;59;67;53
996.0;36;42;49;59;68;52
1002.0;36;42;49;59;68;52
1008.0;36;42;49;59;68;52
1014.0;37;42;49;59;67;52
1020.0;36;43;49;59;67;52
1026.0;36;43;49;59;67;52
1032.0;36;43;49;59;67;52
1038.0;38;43;48;59;67;51
1044.0;37;43;48;60;67;51
1050.0;36;43;48;60;68;51
1056.0;36;43;47;60;69;51
1062.0;36;43;47;60;69;51
1068.0;36;43;47;60;69;51
1074.0;35;43;48;60;69;51
1080.0;35;43;48;60;69;51
1086.0;35;43;48;60;69;51
1092.0;35;43;48;60;69;51
1098.0;35;43;48;60;69;51
1104.0;35;43;48;60;69;51
1110.0;35;43;48;60;69;51
1116.0;34;42;48;61;69;52
1122.0;34;42;48;61;69;52
1128.0;34;42;48;61;69;52
1134.0;34;42;47;61;69;53
1140.0;34;42;47;61;69;53
1146.0;35;42;48;61;69;51
1152.0;35;43;48;60;69;51
1158.0;35;43;48;60;69;51
1164.0;35;43;48;60;69;51
1170.0;35;43;48;60;69;51
1176.0;34;43;48;61;69;51
1182.0;34;43;48;61;69;51
1188.0;34;43;48;61;69;51
1194.0;34;42;48;62;69;51
1200.0;34;42;48;62;69;51
1206.0;35;42;47;61;69;52
1212.0;35;42;47;61;69;52
1218.0;35;43;47;61;68;52
1224.0;35;43;46;60;69;53
1230.0;35;44;47;60;68;52
1236.0;35;44;47;60;68;52
1242.0;33;44;47;61;69;52
1248.0;35;43;45;61;69;53
1254.0;36;44;44;60;69;53
1260.0;36;43;44;60;70;53
1266.0;36;43;44;60;70;53
1272.0;36;43;44;60;70;53
1278.0;35;43;44;61;70;53
1284.0;35;43;45;60;70;53
1290.0;35;43;45;60;70;53
1296.0;34;43;45;60;70;54
1302.0;34;43;46;59;70;54
1308.0;35;43;46;59;70;53
1314.0;35;43;46;59;70;53
1320.0;35;43;46;59;70;53
1326.0;35;43;46;59;70;53
1332.0;34;43;46;60;70;53
1338.0;34;43;45;60;70;54
1344.0;34;43;45;60;70;54
1350.0;33;43;45;60;71;54
1356.0;33;43;44;60;72;54
1362.0;34;42;45;60;71;54
1368.0;34;42;46;59;71;54
1374.0;34;42;46;59;71;54
1380.0;34;42;46;59;71;54
1386.0;34;42;46;59;71;54
1392.0;33;42;47;59;71;54
1398.0;33;42;47;59;71;54
1404.0;33;42;49;58;71;53
1410.0;33;42;49;58;71;53
1416.0;33;42;49;58;71;53
1422.0;33;42;50;58;70;53
1428.0;33;42;50;58;70;53
1434.0;33;42;50;58;70;53
1440.0;33;42;50;58;70;53
1446.0;33;42;50;58;70;53
1452.0;32;43;50;58;70;53
1458.0;31;43;51;58;70;53
1464.0;30;43;51;59;70;53
1470.0;30;43;51;60;69;53
1476.0;31;43;51;60;68;53
1482.0;30;43;51;61;69;52
1488.0;30;43;51;61;69;52
1494.0;29;43;51;60;71;52
1500.0;29;43;51;60;71;52
1506.0;29;43;51;60;71;52
1512.0;29;43;51;60;71;52
1518.0;29;43;51;60;71;52
1524.0;29;42;52;60;71;52
1530.0;29;42;52;60;71;52
1536.0;29;42;52;60;71;52
1542.0;29;42;52;60;72;51
1548.0;27;43;53;59;72;52
1554.0;27;43;53;59;72;52
1560.0;27;43;53;59;72;52
1566.0;27;44;53;58;72;52
1572.0;27;44;53;58;72;52
1578.0;27;44;53;58;72;52
1584.0;27;44;53;58;72;52
1590.0;27;44;53;58;72;52
1596.0;27;44;53;58;72;52
1602.0;27;44;53;58;72;52
1608.0;27;44;55;57;71;52
1614.0;27;44;55;57;70;53
1620.0;27;44;55;56;70;54
1626.0;27;44;55;56;70;54
1632.0;27;44;56;56;70;53
1638.0;27;44;56;56;70;53
1644.0;27;44;56;56;70;53
1650.0;28;44;56;56;70;52
1656.0;28;44;56;56;70;52
1662.0;28;45;55;56;70;52
1668.0;27;46;55;56;70;52
1674.0;27;47;56;55;69;52
1680.0;28;46;56;55;70;51
1686.0;28;46;56;55;70;51
1692.0;29;46;55;55;70;51
1698.0;29;46;55;55;70;51
1704.0;29;46;55;55;70;51
1710.0;29;46;55;55;70;51
1716.0;28;46;55;55;70;52
1722.0;27;46;56;54;71;52
1728.0;27;45;56;55;71;52
1734.0;27;46;56;54;71;52
1740.0;27;46;56;54;71;52
1746.0;27;46;56;54;71;52
1752.0;27;46;55;54;72;52
1758.0;27;46;55;54;72;52
1764.0;27;46;55;54;72;52
1770.0;27;45;55;54;72;53
1776.0;27;45;55;54;72;53
1782.0;27;45;55;54;72;53
1788.0;27;45;55;54;72;53
1794.0;27;45;55;53;73;53
1800.0;26;46;54;53;73;54
1806.0;26;46;54;53;73;54
1812.0;27;46;54;53;72;54
1818.0;27;46;54;53;72;54
1824.0;26;46;55;53;72;54
1830.0;26;46;55;53;72;54
1836.0;26;46;55;52;72;55
1842.0;27;46;55;52;71;55
1848.0;28;46;55;52;71;54
1854.0;28;45;55;52;72;54
1860.0;27;46;55;52;72;54
1866.0;27;46;55;52;72;54
1872.0;27;46;55;52;72;54
1878.0;27;46;54;52;73;54
1884.0;27;46;54;52;73;54
1890.0;28;45;54;52;73;54
1896.0;28;45;54;52;73;54
1902.0;28;44;55;52;73;54
1908.0;28;44;55;51;72;56
1914.0;28;44;55;51;72;56
1920.0;28;44;55;51;72;56
1926.0;28;44;55;51;72;56
1932.0;28;44;55;51;72;56
1938.0;28;44;55;51;72;56
1944.0;28;45;55;50;72;56
1950.0;28;45;55;50;72;56
1956.0;28;45;55;50;72;56
1962.0;29;45;55;49;72;56
1968.0;29;44;55;50;72;56
1974.0;29;44;55;50;72;56
1980.0;30;44;56;48;72;56
1986.0;30;44;55;49;72;56
1992.0;30;44;54;50;72;56
1998.0;30;44;54;50;72;56
2004.0;30;44;54;49;73;56
2010.0;30;44;54;48;73;57
2016.0;31;43;54;48;73;57
2022.0;31;43;54;48;73;57
2028.0;31;43;54;48;73;57
2034.0;31;43;54;49;72;57
2040.0;31;43;54;50;72;56
2046.0;29;44;54;51;72;56
2052.0;29;44;54;51;72;56
2058.0;29;44;53;52;72;56
2064.0;27;44;55;52;72;56
2070.0;27;44;55;52;72;56
2076.0;27;44;55;52;72;56
2082.0;27;44;55;52;72;56
2088.0;27;44;55;52;72;56
2094.0;27;44;55;52;72;56
2100.0;27;46;55;52;71;55
2106.0;27;47;55;52;71;54
2112.0;27;47;55;52;71;54
2118.0;27;48;55;51;71;54
2124.0;27;48;55;51;71;54
2130.0;28;48;55;51;71;53
2136.0;28;48;55;50;72;53
2142.0;28;48;55;50;72;53
2148.0;28;48;55;50;72;53
2154.0;28;48;55;49;72;54
2160.0;28;49;54;49;72;54
2166.0;29;48;54;50;73;52
2172.0;28;49;54;50;73;52
2178.0;28;49;54;50;73;52
2184.0;29;49;55;50;71;52
2190.0;29;49;55;50;71;52
2196.0;29;49;55;50;71;52
2202.0;29;49;55;50;71;52
2208.0;30;49;55;49;71;52
2214.0;31;49;55;49;69;53
2220.0;31;49;55;49;69;53
2226.0;31;49;55;49;69;53
2232.0;31;49;55;49;69;53
2238.0;31;49;54;49;69;54
2244.0;31;49;54;49;69;54
2250.0;31;48;53;49;70;55
2256.0;31;48;53;49;70;55
2262.0;31;48;53;49;70;55
2268.0;31;48;53;49;70;55
2274.0;31;48;53;49;70;55
2280.0;31;48;53;49;70;55
2286.0;32;48;52;49;70;55
2292.0;33;46;52;50;70;55
2298.0;33;46;53;49;70;55
2304.0;33;46;53;49;70;55
2310.0;36;45;53;48;70;54
2316.0;36;45;53;48;70;54
2322.0;36;45;53;48;70;54
2328.0;36;45;53;48;70;54
2334.0;36;45;53;48;70;54
2340.0;37;46;52;48;70;53
2346.0;36;45;52;49;70;54
2352.0;36;45;52;49;70;54
2358.0;34;46;53;50;69;54
2364.0;34;46;53;50;69;54
2370.0;34;46;53;50;69;54
2376.0;34;46;53;50;69;54
2382.0;34;46;53;50;69;54
2388.0;34;46;53;51;68;54
2394.0;34;45;53;51;68;55
2400.0;34;45;53;52;67;55
2406.0;34;45;53;52;67;55
2412.0;34;45;53;51;68;55
2418.0;34;45;53;51;68;55
2424.0;34;45;53;51;68;55
2430.0;34;46;52;51;68;55
2436.0;33;47;52;51;68;55
2442.0;33;47;52;51;68;55
2448.0;33;47;52;51;68;55
2454.0;33;46;52;51;69;55
2460.0;33;46;52;52;69;54
2466.0;33;46;52;52;69;54
2472.0;33;46;52;52;69;54
2478.0;33;46;52;52;69;54
2484.0;33;45;52;53;70;53
2490.0;33;45;52;53;70;53
2496.0;33;44;53;53;69;54
2502.0;34;44;53;52;69;54
2508.0;34;43;53;52;69;55
2514.0;34;43;52;52;70;55
2520.0;34;43;53;52;69;55
2526.0;34;43;53;51;70;55
2532.0;33;44;53;51;70;55
2538.0;33;44;53;51;70;55
2544.0;33;44;53;51;70;55
2550.0;32;44;53;52;70;55
2556.0;33;44;52;52;70;55
2562.0;33;44;52;52;70;55
2568.0;31;43;54;52;71;55
2574.0;31;43;55;51;71;55
2580.0;31;43;55;51;71;55
2586.0;31;42;55;52;71;55
2592.0;31;42;55;52;71;55
2598.0;31;42;55;52;71;55
2604.0;30;42;55;52;72;55
2610.0;30;42;55;52;72;55
2616.0;30;42;55;52;72;55
2622.0;30;42;55;52;72;55
2628.0;30;42;55;52;72;55
2634.0;31;42;54;52;72;55
2640.0;32;42;54;51;72;55
2646.0;32;42;54;51;72;55
2652.0;32;41;54;51;73;55
2658.0;32;40;54;52;73;55
2664.0;33;41;54;52;73;53
2670.0;33;41;54;52;73;53
2676.0;33;41;54;52;73;53
2682.0;33;41;54;52;73;53
2688.0;33;41;54;52;73;53
2694.0;33;41;54;52;73;53
2700.0;32;41;54;52;74;53
2706.0;32;41;53;52;74;54
2712.0;34;39;53;52;74;54
2718.0;34;39;53;52;73;55
2724.0;33;40;53;51;74;55
2730.0;33;40;53;51;74;55
2736.0;32;40;53;51;75;55
2742.0;32;40;53;51;75;55
2748.0;32;39;54;51;75;55
2754.0;32;39;54;51;75;55
2760.0;32;39;54;51;75;55
2766.0;32;39;54;51;75;55
2772.0;32;39;54;51;75;55
2778.0;32;39;54;51;75;55
2784.0;32;39;54;51;75;55
2790.0;32;39;54;51;75;55
2796.0;32;39;54;51;75;55
2802.0;32;39;54;51;74;56
2808.0;33;39;54;50;74;56
2814.0;32;39;54;50;75;56
2820.0;32;39;54;50;75;56
2826.0;32;39;54;50;75;56
2832.0;32;38;55;50;75;56
2838.0;32;38;55;50;75;56
2844.0;32;38;55;50;75;56
2850.0;32;38;55;50;75;56
2856.0;32;38;55;50;75;56
2862.0;31;38;55;50;76;56
2868.0;31;38;55;50;76;56
2874.0;30;38;55;50;76;57
2880.0;30;38;55;51;75;57
2886.0;29;38;55;52;75;57
2892.0;29;39;56;52;75;55
2898.0;29;39;56;52;75;55
2904.0;29;40;56;52;75;54
2910.0;29;40;56;52;75;54
2916.0;28;41;56;53;74;54
2922.0;28;41;56;54;73;54
2928.0;27;40;56;55;73;55
2934.0;27;40;56;55;73;55
2940.0;27;40;56;55;73;55
2946.0;27;40;56;55;73;55
2952.0;27;40;56;55;73;55
2958.0;27;40;57;55;73;54
2964.0;27;39;57;55;73;55
2970.0;27;39;57;55;73;55
2976.0;27;39;57;55;73;55
2982.0;28;39;57;55;72;55
2988.0;28;39;57;55;72;55
2994.0;29;39;57;55;71;55
3000.0;29;39;57;54;71;56
3006.0;29;39;56;55;71;56
3012.0;29;39;56;55;71;56
3018.0;29;39;56;55;71;56
3024.0;29;39;55;55;72;56
3030.0;30;39;55;55;72;55
3036.0;30;39;55;55;72;55
3042.0;30;39;55;55;72;55
3048.0;30;39;55;55;72;55
3054.0;30;39;55;55;72;55
3060.0;30;39;55;55;72;55
3066.0;30;39;55;55;72;55
3072.0;30;39;56;55;72;54
3078.0;30;38;56;55;72;55
3084.0;29;39;56;57;72;53
3090.0;29;39;56;56;72;54
3096.0;28;39;56;56;73;54
3102.0;29;39;56;56;72;54
3108.0;29;39;56;56;72;54
3114.0;28;39;56;57;72;54
3120.0;28;39;56;57;72;54
3126.0;27;39;56;57;72;55
3132.0;27;39;56;57;72;55
3138.0;27;39;56;57;72;55
3144.0;27;39;56;57;72;55
3150.0;26;39;57;58;71;55
3156.0;26;39;56;59;71;55
3162.0;26;39;56;59;71;55
3168.0;26;39;56;59;71;55
3174.0;26;39;56;59;70;56
3180.0;26;39;56;59;70;56
3186.0;26;39;56;58;71;56
3192.0;26;39;56;58;71;56
3198.0;27;40;56;57;70;56
3204.0;27;40;56;57;70;56
3210.0;27;40;56;57;70;56
3216.0;27;40;55;57;69;58
3222.0;27;40;55;57;69;58
3228.0;27;40;56;56;69;58
3234.0;28;39;56;56;69;58
3240.0;28;38;57;55;70;58
3246.0;28;38;57;55;69;59
3252.0;28;38;57;55;69;59
3258.0;28;38;57;54;70;59
3264.0;28;38;57;54;70;59
3270.0;28;38;57;55;70;58
3276.0;28;38;57;55;70;58
3282.0;27;38;58;55;70;58
3288.0;26;37;58;56;70;59
3294.0;26;37;58;56;70;59
3300.0;26;37;58;56;70;59
3306.0;26;37;58;56;70;59
3312.0;26;37;58;56;70;59
3318.0;26;38;57;56;70;59
3324.0;26;38;57;57;69;59
3330.0;26;38;57;57;69;59
3336.0;26;38;57;57;69;59
3342.0;26;38;57;57;70;58
3348.0;26;38;57;57;70;58
3354.0;26;39;56;57;69;59
3360.0;26;39;56;56;69;60
3366.0;26;39;56;56;69;60
3372.0;26;39;56;56;69;60
3378.0;26;39;56;57;68;60
3384.0;26;39;56;56;68;61
3390.0;27;39;56;56;68;60
3396.0;27;39;56;56;68;60
3402.0;27;39;56;56;68;60
3408.0;27;39;56;56;68;60
3414.0;27;39;56;56;68;60
3420.0;27;39;56;56;68;60
3426.0;28;39;56;56;67;60
3432.0;28;39;56;56;67;60
3438.0;30;39;55;55;67;60
3444.0;30;39;55;55;67;60
3450.0;30;39;55;55;67;60
3456.0;30;39;55;55;67;60
3462.0;30;39;55;55;67;60
3468.0;30;38;55;54;68;61
3474.0;30;38;55;54;68;61
3480.0;30;38;55;54;68;61
3486.0;30;38;55;54;68;61
3492.0;29;38;56;54;68;61
3498.0;29;38;56;54;68;61
3504.0;29;38;56;56;67;60
3510.0;29;38;56;56;67;60
3516.0;29;38;55;56;67;61
3522.0;29;38;55;56;67;61
3528.0;29;38;55;56;67;61
3534.0;29;38;54;57;67;61
3540.0;29;39;55;56;67;60
3546.0;29;38;55;57;68;59
3552.0;29;38;55;57;68;59
3558.0;28;38;55;58;68;59
3564.0;28;38;55;59;67;59
3570.0;29;37;55;59;67;59
3576.0;28;37;55;59;67;60
3582.0;27;37;57;58;67;60
3588.0;27;37;57;58;67;60
3594.0;27;37;57;58;67;60
3600.0;27;37;57;58;67;60
3606.0;28;36;57;58;67;60
3612.0;28;37;57;57;67;60
3618.0;28;38;56;57;67;60
3624.0;28;38;56;57;67;60
3630.0;28;38;56;57;67;60
3636.0;28;37;56;57;68;60
3642.0;29;37;56;56;68;60
3648.0;29;37;55;57;68;60
3654.0;29;37;56;57;67;60
3660.0;29;37;55;58;67;60
3666.0;29;36;55;58;67;61
3672.0;29;36;55;59;67;60
3678.0;29;36;55;60;67;59
3684.0;29;36;55;60;67;59
3690.0;29;36;56;60;66;59
3696.0;29;36;56;60;66;59
3702.0;29;36;56;60;66;59
3708.0;29;36;56;60;66;59
3714.0;29;36;56;61;65;59
3720.0;29;36;56;61;65;59
3726.0;29;36;56;61;65;59
3732.0;29;37;56;60;65;59
3738.0;28;36;57;61;66;58
3744.0;28;36;58;61;66;57
3750.0;28;36;58;61;66;57
3756.0;28;36;58;61;66;57
3762.0;28;36;57;62;66;57
3768.0;28;36;58;62;65;57
3774.0;28;35;59;62;65;57
3780.0;27;37;58;62;65;57
3786.0;27;37;58;62;64;58
3792.0;28;37;58;62;64;57
3798.0;28;37;59;62;64;56
3804.0;28;38;59;62;64;55
3810.0;28;38;58;62;64;56
3816.0;28;38;58;62;64;56
3822.0;27;38;58;62;64;57
3828.0;27;38;58;62;64;57
3834.0;27;38;58;62;64;57
3840.0;26;38;58;62;64;58
3846.0;26;38;57;62;65;58
3852.0;26;37;58;62;65;58
3858.0;27;37;58;62;64;58
3864.0;27;37;58;62;64;58
3870.0;27;37;56;63;65;58
3876.0;27;38;56;63;64;58
3882.0;27;39;56;63;64;57
3888.0;26;40;57;62;65;56
3894.0;26;40;57;62;65;56
3900.0;26;40;57;62;65;56
3906.0;24;41;57;63;65;56
3912.0;24;41;57;63;65;56
3918.0;24;41;58;62;65;56
3924.0;24;41;58;62;65;56
3930.0;24;41;58;62;65;56
3936.0;23;41;59;62;65;56
3942.0;23;41;59;62;65;56
3948.0;23;41;59;62;65;56
3954.0;23;41;60;61;65;56
3960.0;24;41;60;61;64;56
3966.0;24;41;60;61;64;56
3972.0;24;42;60;61;64;55
3978.0;25;41;60;61;64;55
3984.0;24;41;61;61;64;55
3990.0;24;41;61;61;64;55
3996.0;24;41;61;60;65;55
4002.0;25;40;61;60;65;55
4008.0;25;40;62;60;65;54
4014.0;25;41;60;60;66;54
4020.0;25;41;60;60;66;54
4026.0;25;40;60;60;66;55
4032.0;25;40;61;59;66;55
4038.0;25;40;61;59;66;55
4044.0;25;40;61;59;66;55
4050.0;25;41;61;59;65;55
4056.0;25;41;61;59;65;55
4062.0;25;42;61;59;65;54
4068.0;25;43;60;59;66;53
4074.0;25;44;59;59;66;53
4080.0;25;44;60;58;66;53
4086.0;25;44;60;60;64;53
4092.0;25;44;60;60;64;53
4098.0;24;44;61;59;65;53
4104.0;24;44;62;59;64;53
4110.0;24;44;62;59;64;53
4116.0;24;45;62;59;65;51
4122.0;23;44;63;60;66;50
4128.0;23;44;63;60;66;50
4134.0;23;44;63;60;66;50
4140.0;23;44;63;60;66;50
4146.0;23;44;63;60;66;50
4152.0;23;45;62;61;65;50
4158.0;23;45;62;59;65;52
4164.0;24;46;61;59;64;52
4170.0;24;46;61;59;64;52
4176.0;25;46;60;59;64;52
4182.0;24;46;60;59;64;53
4188.0;24;46;60;59;64;53
4194.0;24;46;60;59;64;53
4200.0;25;46;60;60;63;52
4206.0;25;46;60;60;63;52
4212.0;25;45;61;60;63;52
4218.0;25;45;61;60;63;52
4224.0;25;45;61;60;63;52
4230.0;25;45;61;60;63;52
4236.0;25;45;61;60;64;51
4242.0;25;46;61;60;64;50
4248.0;25;45;61;60;63;52
4254.0;25;45;61;60;63;52
4260.0;25;45;61;60;63;52
4266.0;25;45;61;60;63;52
4272.0;25;45;61;60;62;53
4278.0;25;45;61;60;62;53
4284.0;25;45;61;60;62;53
4290.0;25;44;61;61;62;53
4296.0;25;45;61;61;62;52
4302.0;26;45;61;61;62;51
4308.0;26;46;60;61;62;51
4314.0;26;46;60;60;63;51
4320.0;27;46;61;59;63;50
4326.0;27;46;61;59;63;50
4332.0;27;46;61;59;63;50
4338.0;27;46;60;60;62;51
4344.0;27;46;60;59;63;51
4350.0;26;47;62;59;62;50
4356.0;26;47;62;59;62;50
4362.0;26;47;62;59;62;50
4368.0;25;46;62;60;63;50
4374.0;25;46;62;60;63;50
4380.0;25;46;62;60;63;50
4386.0;25;46;62;60;63;50
4392.0;25;47;62;60;63;49
4398.0;25;47;62;59;64;49
4404.0;25;47;62;59;64;49
4410.0;26;46;62;59;64;49
4416.0;26;46;62;59;64;49
4422.0;26;45;63;59;64;49
4428.0;25;45;63;59;64;50
4434.0;25;45;63;59;64;50
4440.0;25;45;63;59;64;50
4446.0;26;45;63;58;64;50
4452.0;27;45;64;58;62;50
4458.0;28;45;64;57;62;50
4464.0;28;45;64;57;62;50
4470.0;29;45;65;55;62;50
4476.0;28;46;65;55;62;50
4482.0;28;46;65;56;60;51
4488.0;28;46;64;57;60;51
4494.0;29;46;64;56;60;51
4500.0;29;46;64;56;60;51
4506.0;28;46;65;56;60;51
4512.0;27;47;65;56;60;51
4518.0;27;47;64;57;60;51
4524.0;27;47;64;56;60;52
4530.0;27;47;64;55;61;52
4536.0;27;47;63;55;61;53
4542.0;27;46;63;55;61;54
4548.0;27;46;63;55;61;54
4554.0;27;46;63;55;61;54
4560.0;27;46;63;55;61;54
4566.0;27;47;62;55;61;54
4572.0;25;47;63;55;62;54
4578.0;25;47;63;55;61;55
4584.0;25;47;62;55;62;55
4590.0;25;46;64;55;61;55
4596.0;25;46;64;55;61;55
4602.0;25;46;64;55;61;55
4608.0;25;46;64;55;61;55
4614.0;25;46;64;55;61;55
4620.0;25;46;64;55;61;55
4626.0;25;46;64;55;61;55
4632.0;25;46;64;55;61;55
4638.0;25;46;64;55;61;55
4644.0;24;46;64;55;61;56
4650.0;24;46;64;56;60;56
4656.0;24;46;64;56;60;56
4662.0;24;46;65;55;60;56
4668.0;24;46;65;55;60;56
4674.0;24;46;65;55;60;56
4680.0;23;48;64;53;61;57
4686.0;23;48;64;53;61;57
4692.0;23;48;64;53;61;57
4698.0;23;48;63;54;61;57
4704.0;23;48;63;53;61;58
4710.0;23;48;63;53;61;58
4716.0;23;48;63;53;61;58
4722.0;23;48;63;53;61;58
4728.0;23;48;63;53;61;58
4734.0;23;48;63;53;61;58
4740.0;23;47;64;54;61;57
4746.0;23;47;64;54;61;57
4752.0;23;46;64;55;61;57
4758.0;23;46;64;55;61;57
4764.0;23;46;64;55;61;57
4770.0;23;46;64;55;61;57
4776.0;23;46;64;55;61;57
4782.0;24;46;64;54;61;57
4788.0;23;46;64;54;62;57
4794.0;23;46;64;54;62;57
4800.0;23;46;64;55;61;57
4806.0;23;46;64;55;61;57
4812.0;23;46;64;55;61;57
4818.0;23;46;64;55;61;57
4824.0;23;46;64;55;61;57
4830.0;23;46;64;55;61;57
4836.0;22;47;64;55;61;57
4842.0;22;46;64;55;61;58
4848.0;22;45;64;56;60;59
4854.0;22;45;64;55;62;58
4860.0;22;44;65;55;62;58
4866.0;22;44;65;55;62;58
4872.0;22;44;65;55;62;58
4878.0;22;44;65;55;62;58
4884.0;22;44;65;55;62;58
4890.0;22;44;65;55;62;58
4896.0;23;44;65;54;62;58
4902.0;23;45;66;54;60;58
4908.0;23;45;67;53;60;58
4914.0;23;45;67;53;60;58
4920.0;23;45;67;53;60;58
4926.0;23;45;67;53;60;58
4932.0;22;45;66;54;60;59
4938.0;22;45;66;54;60;59
4944.0;22;46;66;54;60;58
4950.0;22;46;67;53;59;59
4956.0;22;46;67;53;59;59
4962.0;22;46;67;53;60;58
4968.0;22;46;66;53;61;58
4974.0;23;46;65;53;61;58
4980.0;22;45;65;53;63;58
4986.0;21;46;65;53;63;58
4992.0;21;45;66;52;63;59
4998.0;20;48;64;52;63;59
5004.0;20;49;64;51;63;59
5010.0;20;49;64;51;63;59
5016.0;20;49;64;51;63;59
5022.0;20;49;64;51;63;59
5028.0;20;49;64;51;63;59
5034.0;21;49;64;51;63;58
5040.0;21;49;64;51;63;58
5046.0;21;49;64;51;63;58
5052.0;20;49;65;51;63;58
5058.0;20;50;65;51;62;58
5064.0;21;49;65;51;62;58
5070.0;21;49;65;51;62;58
5076.0;21;49;65;51;62;58
5082.0;21;49;65;51;62;58
5088.0;22;51;64;51;61;57
5094.0;23;51;64;51;60;57
5100.0;23;51;64;51;61;56
5106.0;23;51;64;51;61;56
5112.0;22;53;63;50;62;56
5118.0;22;53;63;50;61;57
5124.0;22;53;63;49;61;58
5130.0;22;53;63;49;62;57
5136.0;24;52;62;48;62;58
5142.0;24;52;62;48;62;58
5148.0;24;52;62;48;63;57
5154.0;25;52;63;48;62;56
5160.0;25;52;63;48;62;56
5166.0;25;52;63;48;63;55
5172.0;24;52;64;49;63;54
5178.0;24;52;64;49;63;54
5184.0;22;53;64;50;63;54
5190.0;21;52;65;51;64;53
5196.0;21;52;65;52;64;52
5202.0;21;52;65;52;64;52
5208.0;21;52;65;52;64;52
5214.0;21;52;65;51;64;53
5220.0;21;52;65;51;64;53
5226.0;22;51;66;51;63;53
5232.0;22;51;66;51;63;53
5238.0;22;50;67;51;63;53
5244.0;21;50;67;52;63;53
5250.0;21;49;68;52;63;53
5256.0;22;49;68;52;63;52
5262.0;21;48;68;53;62;54
5268.0;21;48;68;53;62;54
5274.0;20;48;68;53;63;54
5280.0;20;48;68;53;63;54
5286.0;20;48;68;53;63;54
5292.0;20;48;68;53;63;54
5298.0;20;48;68;53;63;54
5304.0;20;48;68;53;63;54
5310.0;20;49;68;52;63;54
5316.0;20;49;68;52;63;54
5322.0;19;49;68;51;65;54
5328.0;20;49;68;51;65;53
5334.0;20;48;68;51;66;53
5340.0;20;48;68;51;66;53
5346.0;20;48;68;51;66;53
5352.0;20;47;68;51;66;54
5358.0;20;47;68;52;65;54
5364.0;20;47;68;52;65;54
5370.0;20;47;68;52;65;54
5376.0;20;47;68;52;65;54
5382.0;20;47;68;52;65;54
5388.0;20;47;68;52;65;54
5394.0;20;47;68;52;65;54
5400.0;20;47;68;52;65;54
5406.0;20;47;65;53;66;55
5412.0;20;47;65;52;67;55
5418.0;19;47;66;52;68;54
5424.0;21;45;65;53;68;54
5430.0;21;44;65;53;68;55
5436.0;21;43;66;53;68;55
5442.0;21;42;66;54;68;55
5448.0;21;42;66;54;67;56
5454.0;21;42;66;54;67;56
5460.0;22;42;66;53;67;56
5466.0;24;42;66;52;67;55
5472.0;24;42;66;52;67;55
5478.0;24;42;66;52;67;55
5484.0;24;43;65;52;67;55
5490.0;24;43;65;52;67;55
5496.0;24;42;65;52;67;56
5502.0;23;42;66;52;67;56
5508.0;23;42;66;52;67;56
5514.0;23;42;66;52;67;56
5520.0;22;41;66;53;68;56
5526.0;21;41;67;53;68;56
5532.0;21;41;67;52;69;56
5538.0;21;41;67;51;69;57
5544.0;21;41;67;51;69;57
5550.0;21;41;67;51;69;57
5556.0;21;41;67;51;69;57
5562.0;21;41;67;51;68;58
5568.0;21;41;68;51;67;58
5574.0;21;40;67;52;67;59
5580.0;21;40;67;52;67;59
5586.0;22;40;67;52;67;58
5592.0;22;41;66;52;67;58
5598.0;22;40;66;52;67;59
5604.0;21;40;66;51;68;60
5610.0;21;40;66;51;68;60
5616.0;21;41;66;50;68;60
5622.0;21;41;67;50;68;59
5628.0;21;41;67;50;68;59
5634.0;21;41;67;50;68;59
5640.0;21;41;67;50;68;59
5646.0;22;41;67;50;67;59
5652.0;21;41;68;49;67;60
5658.0;21;41;68;49;67;60
5664.0;21;41;68;49;67;60
5670.0;21;41;68;49;67;60
5676.0;21;40;68;50;67;60
5682.0;21;40;68;50;67;60
5688.0;21;40;68;50;67;60
5694.0;21;40;68;51;66;60
5700.0;21;40;68;51;66;60
5706.0;21;40;68;51;66;60
5712.0;21;40;68;51;66;60
5718.0;21;40;68;51;66;60
5724.0;21;40;68;51;66;60
5730.0;21;40;69;51;66;59
5736.0;21;40;69;51;66;59
5742.0;21;40;69;52;65;59
5748.0;21;41;69;51;65;59
5754.0;21;40;69;51;66;59
5760.0;21;40;69;51;66;59
5766.0;21;41;69;51;66;58
5772.0;21;42;68;51;66;58
5778.0;21;42;68;52;65;58
5784.0;21;42;68;52;65;58
5790.0;21;42;68;51;66;58
5796.0;21;42;68;50;66;59
5802.0;21;42;68;50;66;59
5808.0;21;41;68;52;66;58
5814.0;22;40;68;52;66;58
5820.0;23;40;67;51;66;59
5826.0;24;40;65;52;66;59
5832.0;24;40;65;52;66;59
5838.0;24;41;64;52;66;59
5844.0;24;41;64;52;66;59
5850.0;24;41;64;52;66;59
5856.0;24;41;64;52;66;59
5862.0;24;42;64;51;66;59
5868.0;24;42;64;51;66;59
5874.0;24;42;64;51;66;59
5880.0;24;42;64;52;65;59
5886.0;24;42;64;52;65;59
5892.0;23;42;64;52;66;59
5898.0;24;43;62;52;66;59
5904.0;24;43;62;51;67;59
5910.0;24;43;62;51;67;59
5916.0;24;42;62;51;68;59
5922.0;23;43;62;51;68;59
5928.0;24;43;62;51;67;59
5934.0;24;43;62;51;67;59
5940.0;24;43;62;51;66;60
5946.0;24;43;62;52;66;59
5952.0;24;43;62;52;66;59
5958.0;24;43;62;52;66;59
5964.0;24;43;62;52;66;59
5970.0;25;44;62;52;65;58
5976.0;25;44;63;52;65;57
5982.0;26;44;62;52;65;57
5988.0;26;45;62;51;65;57
5994.0;26;45;62;51;65;57
6000.0;26;45;62;51;65;57
6006.0;26;45;62;51;65;57
6012.0;26;45;62;51;65;57
6018.0;26;45;62;51;65;57
6024.0;26;45;62;51;65;57
6030.0;26;45;60;51;66;58
6036.0;26;45;60;51;66;58
6042.0;25;45;60;51;66;59
6048.0;25;45;60;51;66;59
6054.0;25;45;60;51;66;59
6060.0;25;45;60;50;66;60
6066.0;25;45;60;50;66;60
6072.0;25;45;60;50;66;60
6078.0;25;45;60;51;65;60
6084.0;25;45;60;51;65;60
6090.0;25;45;60;51;65;60
6096.0;25;45;60;51;65;60
6102.0;25;45;60;51;65;60
6108.0;24;45;61;51;65;60
6114.0;23;45;61;51;65;61
6120.0;23;45;61;51;65;61
6126.0;23;45;60;52;65;61
6132.0;22;44;62;52;65;61
6138.0;22;43;63;52;65;61
6144.0;22;42;63;54;65;60
6150.0;22;42;63;54;65;60
6156.0;22;42;64;55;65;58
6162.0;22;42;65;55;65;57
6168.0;22;42;65;55;65;57
6174.0;23;42;65;55;64;57
6180.0;24;42;65;55;63;57
6186.0;24;42;65;55;63;57
6192.0;24;42;65;55;63;57
6198.0;23;42;66;55;63;57
6204.0;22;43;66;55;63;57
6210.0;22;43;66;55;63;57
6216.0;22;43;66;55;63;57
6222.0;22;43;66;55;63;57
6228.0;21;43;66;55;63;58
6234.0;21;43;66;55;63;58
6240.0;21;43;66;55;62;59
6246.0;21;42;66;56;62;59
6252.0;21;42;66;56;62;59
6258.0;21;42;66;56;62;59
6264.0;21;43;66;55;61;60
6270.0;21;43;66;55;60;61
6276.0;21;43;66;55;60;61
6282.0;22;42;65;55;61;61
6288.0;22;42;65;55;61;61
6294.0;22;42;65;55;61;61
6300.0;23;41;65;56;61;60
6306.0;23;41;65;56;61;60
6312.0;23;41;65;56;61;60
6318.0;23;41;65;56;61;60
6324.0;23;41;65;57;61;59
6330.0;23;41;65;57;61;59
6336.0;24;40;64;58;61;59
6342.0;23;40;64;59;61;59
6348.0;23;40;64;59;61;59
6354.0;23;40;64;59;61;59
6360.0;23;40;64;59;61;59
6366.0;23;40;64;59;61;59
6372.0;23;40;64;59;61;59
6378.0;23;40;64;59;61;59
6384.0;23;40;64;59;61;59
6390.0;23;40;64;59;61;59
6396.0;23;40;63;60;61;59
6402.0;23;40;63;59;62;59
6408.0;23;40;64;58;62;59
6414.0;23;40;64;58;62;59
6420.0;23;40;63;57;62;61
6426.0;24;39;63;57;63;60
6432.0;24;39;63;57;63;60
6438.0;24;39;62;57;63;61
6444.0;24;38;62;57;63;62
6450.0;24;38;62;56;64;62
6456.0;24;38;62;56;63;63
6462.0;24;38;62;56;63;63
6468.0;25;38;62;55;63;63
6474.0;24;39;62;55;63;63
6480.0;24;39;62;55;63;63
6486.0;24;39;62;55;63;63
6492.0;24;39;62;54;63;64
6498.0;24;39;61;55;63;64
6504.0;24;39;59;56;64;64
6510.0;25;38;59;56;64;64
6516.0;26;37;60;56;64;63
6522.0;25;38;59;56;65;63
6528.0;25;38;59;55;66;63
6534.0;25;38;58;55;66;64
6540.0;25;38;58;55;66;64
6546.0;25;38;58;55;66;64
6552.0;26;38;59;54;66;63
6558.0;27;38;59;55;65;62
6564.0;27;38;58;55;65;63
6570.0;27;38;58;55;65;63
6576.0;27;38;59;54;65;63
6582.0;26;38;60;54;65;63
6588.0;26;38;60;54;65;63
6594.0;26;38;60;54;65;63
6600.0;26;38;60;54;65;63
6606.0;26;38;60;54;65;63
6612.0;26;38;60;54;65;63
6618.0;26;38;60;54;65;63
6624.0;26;38;60;54;65;63
6630.0;26;38;61;54;65;62
6636.0;25;38;61;55;65;62
6642.0;23;38;61;55;65;64
6648.0;23;38;61;55;65;64
6654.0;23;38;61;54;65;65
6660.0;23;38;61;54;65;65
6666.0;23;38;62;53;65;65
6672.0;22;38;63;53;64;66
6678.0;23;38;62;53;64;66
6684.0;23;38;62;53;64;66
6690.0;23;39;61;53;64;66
6696.0;22;39;61;53;65;66
6702.0;22;38;61;53;66;66
6708.0;22;38;61;53;66;66
6714.0;22;38;61;53;66;66
6720.0;21;38;61;53;66;67
6726.0;20;39;61;53;66;67
6732.0;20;39;61;53;66;67
6738.0;22;39;60;52;66;67
6744.0;21;39;60;52;66;68
6750.0;21;39;60;52;66;68
6756.0;21;39;60;52;65;69
6762.0;21;39;60;52;65;69
6768.0;21;38;59;52;66;70
6774.0;21;38;59;52;66;70
6780.0;21;38;59;52;66;70
6786.0;21;38;59;52;66;70
6792.0;21;37;59;53;66;70
6798.0;21;37;59;53;66;70
6804.0;21;37;59;53;66;70
6810.0;21;36;60;53;66;70
6816.0;21;36;60;53;66;70
6822.0;22;36;60;53;66;69
6828.0;22;37;60;54;66;67
6834.0;22;37;60;54;66;67
6840.0;22;37;60;54;66;67
6846.0;21;38;61;54;65;67
6852.0;22;38;60;54;65;67
6858.0;22;39;60;53;65;67
6864.0;21;41;60;54;64;66
6870.0;21;41;60;54;64;66
6876.0;21;41;61;53;64;66
6882.0;21;41;61;53;64;66
6888.0;22;41;61;52;64;66
6894.0;22;41;61;52;64;66
6900.0;23;41;61;52;64;65
6906.0;23;41;61;51;64;66
6912.0;23;41;61;51;64;66
6918.0;24;41;61;52;64;64
6924.0;25;41;61;52;64;63
6930.0;26;40;61;53;63;63
6936.0;26;40;61;53;62;64
6942.0;26;41;61;53;62;63
6948.0;26;41;61;53;62;63
6954.0;25;41;61;53;63;63
6960.0;26;41;61;52;63;63
6966.0;26;41;61;52;63;63
6972.0;27;40;61;52;63;63
6978.0;27;40;61;52;63;63
6984.0;27;40;61;52;63;63
6990.0;26;40;61;53;63;63
6996.0;26;41;61;52;63;63
7002.0;25;41;62;53;63;62
7008.0;26;40;62;53;63;62
7014.0;26;40;62;53;63;62
7020.0;26;40;62;53;63;62
7026.0;26;40;61;53;64;62
7032.0;25;40;61;54;64;62
7038.0;25;40;60;54;64;63
7044.0;25;40;60;54;64;63
7050.0;25;40;60;54;63;64
7056.0;25;41;60;54;62;64
7062.0;25;41;60;54;62;64
7068.0;25;40;60;54;62;65
7074.0;25;40;60;54;62;65
7080.0;26;39;60;54;62;65
7086.0;26;40;59;54;62;65
7092.0;28;39;59;54;62;64
7098.0;29;38;60;54;61;64
7104.0;29;39;60;54;59;65
7110.0;29;39;60;54;59;65
7116.0;29;39;60;54;59;65
7122.0;28;39;60;54;59;66
7128.0;28;39;60;54;59;66
7134.0;28;39;60;54;59;66
7140.0;28;39;60;54;59;66
7146.0;28;39;58;55;59;67
7152.0;28;39;58;55;59;67
7158.0;28;39;58;56;59;66
7164.0;27;39;58;56;60;66
7170.0;27;39;58;56;60;66
7176.0;27;39;58;56;60;66
7182.0;27;39;57;56;60;67
7188.0;27;38;57;56;60;68
7194.0;27;38;57;55;61;68
7200.0;27;38;58;55;60;68
7206.0;27;39;58;54;60;68
7212.0;25;39;59;54;60;69
7218.0;26;39;59;53;60;69
7224.0;26;39;59;53;60;69
7230.0;26;39;59;53;60;69
7236.0;26;39;60;53;60;68
7242.0;26;39;61;52;60;68
7248.0;28;38;61;52;60;67
7254.0;28;38;61;52;60;67
7260.0;28;38;61;52;60;67
7266.0;28;38;61;52;60;67
7272.0;28;38;61;52;60;67
7278.0;28;38;61;52;60;67
7284.0;28;39;61;52;60;66
7290.0;28;39;61;52;60;66
7296.0;28;39;61;51;60;67
7302.0;28;39;61;51;60;67
7308.0;29;39;61;51;59;67
7314.0;29;39;61;51;60;66
7320.0;29;39;61;51;60;66
7326.0;29;39;61;51;60;66
7332.0;29;39;61;51;60;66
7338.0;29;39;61;51;60;66
7344.0;29;39;61;51;60;66
7350.0;29;39;61;51;60;66
7356.0;29;39;61;51;60;66
7362.0;29;40;61;51;60;65
7368.0;29;40;61;51;60;65
7374.0;29;40;61;51;60;65
7380.0;29;42;60;50;60;65
7386.0;29;42;60;50;60;65
7392.0;29;42;58;51;60;66
7398.0;29;42;58;51;60;66
7404.0;30;42;57;52;60;65
7410.0;30;43;56;52;60;65
7416.0;29;44;56;51;60;66
7422.0;28;44;56;51;60;67
7428.0;27;44;56;52;60;67
7434.0;27;44;56;52;60;67
7440.0;27;44;56;51;61;67
7446.0;27;43;57;51;61;67
7452.0;27;43;57;51;61;67
7458.0;27;43;57;51;61;67
7464.0;27;44;57;52;61;65
7470.0;26;44;58;52;61;65
7476.0;26;44;58;52;61;65
7482.0;26;44;59;51;61;65
7488.0;26;44;59;51;61;65
7494.0;26;43;59;52;61;65
7500.0;27;43;59;52;60;65
7506.0;27;42;59;52;60;66
7512.0;27;43;59;52;60;65
7518.0;26;44;59;52;60;65
7524.0;26;44;59;52;60;65
7530.0;26;44;59;53;59;65
7536.0;24;43;61;53;61;64
7542.0;24;43;61;53;61;64
7548.0;24;43;61;53;61;64
7554.0;24;43;61;53;61;64
7560.0;24;43;61;53;60;65
7566.0;24;43;62;53;59;65
7572.0;24;43;62;53;58;66
7578.0;24;43;62;51;58;68
7584.0;24;43;62;51;58;68
7590.0;24;43;62;51;58;68
7596.0;24;42;62;51;59;68
7602.0;24;42;62;51;59;68
7608.0;24;42;62;51;59;68
7614.0;24;42;62;51;59;68
7620.0;24;41;63;51;59;68
7626.0;24;42;63;51;59;67
7632.0;24;42;62;53;58;67
7638.0;24;42;62;53;58;67
7644.0;25;42;62;53;57;67
7650.0;25;42;62;53;57;67
7656.0;25;42;62;53;57;67
7662.0;24;42;62;53;57;68
7668.0;24;41;62;54;57;68
7674.0;23;41;62;54;57;69
7680.0;23;41;64;53;57;68
7686.0;23;41;64;53;57;68
7692.0;23;41;64;53;57;68
7698.0;23;41;64;53;57;68
7704.0;23;42;63;53;57;68
7710.0;23;42;63;52;58;68
7716.0;23;42;63;51;58;69
7722.0;23;42;63;51;58;69
7728.0;24;42;62;51;58;69
7734.0;23;42;62;51;59;69
7740.0;23;42;62;51;59;69
7746.0;23;42;62;51;59;69
7752.0;23;41;61;51;59;71
7758.0;23;40;61;51;60;71
7764.0;22;40;62;51;60;71
7770.0;22;40;62;51;59;72
7776.0;22;40;62;51;59;72
7782.0;22;39;62;52;59;72
7788.0;22;39;62;52;59;72
7794.0;22;39;62;52;59;72
7800.0;22;39;62;52;59;72
7806.0;22;39;62;52;59;72
7812.0;22;39;62;52;59;72
7818.0;23;39;62;52;58;72
7824.0;23;39;61;52;58;73
7830.0;23;39;61;52;59;72
7836.0;23;39;61;52;59;72
7842.0;23;39;61;52;59;72
7848.0;23;39;61;52;59;72
7854.0;22;39;61;52;59;73
7860.0;22;39;61;52;59;73
7866.0;22;39;61;52;59;73
7872.0;22;40;61;52;59;72
7878.0;22;40;61;52;59;72
7884.0;22;40;61;52;59;72
7890.0;22;40;61;52;59;72
7896.0;22;40;61;52;58;73
7902.0;22;40;61;52;58;73
7908.0;22;40;62;52;58;72
7914.0;22;40;62;51;59;72
7920.0;22;40;62;51;59;72
7926.0;23;40;62;51;59;71
7932.0;23;39;62;51;60;71
7938.0;23;40;62;50;60;71
7944.0;23;40;63;50;60;70
7950.0;22;40;63;50;61;70
7956.0;22;41;63;49;61;70
7962.0;23;41;63;48;61;70
7968.0;22;41;63;49;61;70
7974.0;22;41;63;49;61;70
7980.0;22;41;63;49;61;70
7986.0;22;40;64;48;62;70
7992.0;22;40;64;48;62;70
7998.0;22;41;64;48;62;69
8004.0;21;41;64;49;63;68
8010.0;22;41;63;48;64;68
8016.0;22;41;63;48;64;68
8022.0;22;41;62;48;65;68
8028.0;22;41;62;48;65;68
8034.0;22;41;62;48;65;68
8040.0;22;41;62;48;65;68
8046.0;22;41;61;49;65;68
8052.0;22;41;60;49;66;68
8058.0;22;41;60;49;66;68
8064.0;22;41;60;49;66;68
8070.0;22;41;60;49;66;68
8076.0;22;41;60;49;66;68
8082.0;22;40;60;48;66;70
8088.0;22;40;60;48;66;70
8094.0;22;41;60;48;65;70
8100.0;22;41;60;48;65;70
8106.0;22;42;60;48;65;69
8112.0;22;42;60;48;65;69
8118.0;22;42;60;48;65;69
8124.0;22;42;60;48;65;69
8130.0;21;42;61;48;65;69
8136.0;21;42;61;48;66;68
8142.0;21;42;61;48;66;68
8148.0;21;42;61;50;64;68
8154.0;22;41;61;50;64;68
8160.0;22;41;61;50;64;68
8166.0;22;41;61;50;64;68
8172.0;22;41;61;50;64;68
8178.0;22;41;62;50;63;68
8184.0;22;41;62;50;63;68
8190.0;22;41;62;50;63;68
8196.0;22;41;62;50;63;68
8202.0;22;41;62;50;63;68
8208.0;23;41;62;50;63;67
8214.0;23;41;62;50;62;68
8220.0;23;41;62;50;62;68
8226.0;24;41;61;49;63;68
8232.0;24;41;61;49;63;68
8238.0;24;41;61;49;63;68
8244.0;25;41;61;48;63;68
8250.0;25;41;61;48;63;68
8256.0;25;41;61;48;63;68
8262.0;25;41;61;48;63;68
8268.0;25;41;61;47;63;69
8274.0;25;41;62;47;62;69
8280.0;25;41;62;47;62;69
8286.0;25;41;62;47;62;69
8292.0;25;41;62;47;62;69
8298.0;25;41;62;47;62;69
8304.0;25;41;62;45;64;69
8310.0;25;41;63;45;63;69
8316.0;25;41;63;45;63;69
8322.0;24;40;63;45;63;71
8328.0;24;40;64;46;61;71
8334.0;26;40;63;45;61;71
8340.0;26;39;63;46;61;71
8346.0;27;39;62;46;61;71
8352.0;28;39;62;46;61;70
8358.0;28;39;62;46;61;70
8364.0;28;39;62;46;61;70
8370.0;28;38;63;46;61;70
8376.0;28;38;63;46;61;70
8382.0;28;38;63;46;61;70
8388.0;28;38;63;46;61;70
8394.0;28;38;63;47;60;70
8400.0;28;38;63;47;60;70
8406.0;28;38;63;47;60;70
8412.0;27;38;64;48;59;70
8418.0;27;38;63;48;60;70
8424.0;27;38;63;48;60;70
8430.0;27;38;63;48;60;70
8436.0;27;37;62;49;60;71
8442.0;27;37;62;49;60;71
8448.0;27;37;62;49;60;71
8454.0;26;36;63;48;61;72
8460.0;27;37;63;48;60;71
8466.0;27;37;63;48;60;71
8472.0;27;37;63;48;59;72
8478.0;27;37;63;48;59;72
8484.0;27;37;63;48;59;72
8490.0;27;37;63;48;59;72
8496.0;27;37;63;48;59;72
8502.0;28;36;63;47;59;73
8508.0;28;37;63;47;59;72
8514.0;28;37;63;47;59;72
8520.0;28;37;63;47;59;72
8526.0;28;37;63;47;59;72
8532.0;28;37;63;48;58;72
8538.0;28;37;63;48;58;72
8544.0;27;37;64;48;59;71
8550.0;27;37;64;48;59;71
8556.0;26;37;64;48;59;72
8562.0;26;37;64;48;59;72
8568.0;26;37;64;48;59;72
8574.0;25;38;64;48;59;72
8580.0;25;38;64;48;59;72
8586.0;26;38;63;48;59;72
8592.0;26;39;63;47;59;72
8598.0;26;39;63;47;59;72
8604.0;26;39;63;47;59;72
8610.0;26;39;63;47;59;72
8616.0;26;38;63;48;59;72
8622.0;26;38;63;48;59;72
8628.0;25;38;63;49;59;72
8634.0;25;38;63;49;59;72
8640.0;25;38;62;49;60;72
8646.0;25;38;63;49;60;71
8652.0;26;38;63;49;59;71
8658.0;27;38;63;48;59;71
8664.0;27;38;63;48;59;71
8670.0;27;38;63;48;59;71
8676.0;27;38;63;48;59;71
8682.0;27;38;63;48;59;71
8688.0;27;37;63;48;59;72
8694.0;27;37;63;48;59;72
8700.0;27;37;63;48;59;72
8706.0;27;37;63;49;58;72
8712.0;27;37;63;49;58;72
8718.0;27;37;63;49;57;73
8724.0;27;37;63;49;57;73
8730.0;27;37;63;49;57;73
8736.0;27;37;62;49;58;73
8742.0;27;37;60;50;60;72
8748.0;27;37;60;50;60;72
8754.0;27;37;60;50;60;72
8760.0;27;37;60;50;60;72
8766.0;27;37;60;50;60;72
8772.0;27;37;60;49;60;73
8778.0;27;37;60;49;60;73
8784.0;27;38;60;49;60;72
8790.0;27;38;60;49;60;72
8796.0;27;38;59;49;60;73
8802.0;28;38;59;49;60;72
8808.0;27;38;59;49;61;72
8814.0;28;38;58;49;61;72
8820.0;28;38;58;49;61;72
8826.0;28;38;57;50;61;72
8832.0;28;38;57;50;61;72
8838.0;28;38;57;51;61;71
8844.0;28;38;57;51;61;71
8850.0;28;38;57;51;61;71
8856.0;28;38;57;51;61;71
8862.0;28;39;57;52;59;71
8868.0;29;40;57;52;57;71
8874.0;28;40;58;52;57;71
8880.0;28;40;58;52;57;71
8886.0;29;40;58;53;55;71
8892.0;30;40;57;53;55;71
8898.0;31;39;57;53;55;71
8904.0;31;39;57;53;55;71
8910.0;31;39;57;53;55;71
8916.0;31;39;57;53;55;71
8922.0;30;39;58;53;55;71
8928.0;30;39;58;53;55;71
8934.0;30;39;57;53;56;71
8940.0;30;39;56;54;56;71
8946.0;31;40;55;54;55;71
8952.0;30;40;55;55;55;71
8958.0;30;40;55;55;55;71
8964.0;30;40;54;55;56;71
8970.0;30;40;54;55;56;71
8976.0;31;39;54;55;58;69
8982.0;30;39;55;55;58;69
8988.0;30;39;55;55;58;69
8994.0;30;39;55;55;58;69
9000.0;30;39;55;55;58;69
9006.0;30;39;55;55;58;69
9012.0;30;39;55;56;57;69
9018.0;30;39;55;56;57;69
9024.0;30;40;54;56;57;69
9030.0;30;40;54;56;57;69
9036.0;30;40;54;57;57;68
9042.0;27;41;55;58;58;67
9048.0;26;41;55;58;59;67
9054.0;27;41;55;58;59;66
9060.0;27;41;54;58;59;67
9066.0;27;41;54;58;59;67
9072.0;27;40;54;59;59;67
9078.0;28;39;54;59;59;67
9084.0;28;39;54;59;59;67
9090.0;28;39;54;59;59;67
9096.0;28;39;54;59;59;67
9102.0;28;39;53;60;59;67
9108.0;27;39;53;60;60;67
9114.0;28;39;53;60;59;67
9120.0;28;39;53;60;59;67
9126.0;27;39;53;61;59;67
9132.0;27;39;53;61;59;67
9138.0;27;38;53;61;59;68
9144.0;27;38;53;61;59;68
9150.0;27;38;53;61;59;68
9156.0;27;38;53;61;59;68
9162.0;28;38;53;61;59;67
9168.0;28;38;53;61;59;67
9174.0;28;38;53;62;58;67
9180.0;28;38;52;62;59;67
9186.0;28;39;52;61;59;67
9192.0;28;39;52;61;59;67
9198.0;28;39;52;61;59;67
9204.0;28;38;52;61;60;67
9210.0;28;38;52;61;60;67
9216.0;28;39;52;61;58;68
9222.0;28;39;52;61;58;68
9228.0;28;39;52;61;58;68
9234.0;28;39;52;61;58;68
9240.0;28;39;52;61;58;68
9246.0;28;39;52;61;58;68
9252.0;28;38;53;61;58;68
9258.0;28;38;52;62;58;68
9264.0;28;38;52;62;57;69
9270.0;28;38;52;62;57;69
9276.0;28;38;52;62;57;69
9282.0;28;38;52;62;57;69
9288.0;28;38;52;62;57;69
9294.0;28;39;51;62;57;69
9300.0;28;39;50;62;57;70
9306.0;28;39;50;62;57;70
9312.0;28;39;50;62;57;70
9318.0;27;38;50;63;57;71
9324.0;27;38;50;62;58;71
9330.0;27;39;50;62;57;71
9336.0;27;38;50;62;57;72
9342.0;27;38;50;62;56;73
9348.0;26;38;50;62;56;74
9354.0;26;38;50;63;56;73
9360.0;26;38;50;63;56;73
9366.0;25;37;51;64;56;73
9372.0;25;38;50;63;56;74
9378.0;26;38;50;63;56;73
9384.0;26;38;50;62;56;74
9390.0;26;39;49;62;56;74
9396.0;26;39;49;62;54;76
9402.0;26;39;49;62;54;76
9408.0;26;39;49;62;54;76
9414.0;26;39;49;62;54;76
9420.0;26;39;49;62;54;76
9426.0;27;39;49;62;54;75
9432.0;26;38;49;61;55;77
9438.0;26;38;50;60;55;77
9444.0;26;38;50;60;55;77
9450.0;26;38;50;60;55;77
9456.0;27;38;50;61;54;76
9462.0;27;38;50;61;54;76
9468.0;27;38;50;61;54;76
9474.0;27;38;52;60;54;75
9480.0;27;39;52;60;54;74
9486.0;27;39;52;60;54;74
9492.0;28;39;51;60;54;74
9498.0;28;39;51;60;54;74
9504.0;28;38;51;60;54;75
9510.0;27;39;51;60;54;75
9516.0;27;39;51;60;54;75
9522.0;27;39;51;60;54;75
9528.0;27;38;51;60;54;76
9534.0;27;39;51;59;54;76
9540.0;27;39;51;59;54;76
9546.0;27;39;51;59;54;76
9552.0;27;39;51;59;54;76
9558.0;27;38;52;59;53;77
9564.0;27;38;52;59;53;77
9570.0;26;39;52;58;53;78
9576.0;26;39;52;58;53;78
9582.0;25;39;52;59;53;78
9588.0;25;39;52;59;53;78
9594.0;25;39;52;59;53;78
9600.0;25;39;52;59;52;79
9606.0;25;39;52;59;52;79
9612.0;25;39;52;59;52;79
9618.0;25;39;52;58;52;80
9624.0;25;39;52;58;52;80
9630.0;25;39;52;58;52;80
9636.0;24;39;52;58;53;80
9642.0;24;38;53;58;53;80
9648.0;25;38;53;58;52;80
9654.0;25;38;53;57;53;80
9660.0;25;38;53;56;52;82
9666.0;25;38;52;56;53;82
9672.0;25;38;53;57;53;80
9678.0;25;38;53;58;52;80
9684.0;25;37;54;58;52;80
9690.0;25;38;54;57;52;80
9696.0;25;38;54;57;52;80
9702.0;25;38;53;57;53;80
9708.0;25;38;53;57;53;80
9714.0;24;38;53;58;54;79
9720.0;24;38;53;58;54;79
9726.0;24;38;53;58;54;79
9732.0;25;38;52;58;54;79
9738.0;25;39;52;58;53;79
9744.0;25;39;52;57;53;80
9750.0;25;40;51;57;53;80
9756.0;25;40;51;57;53;80
9762.0;25;40;51;57;53;80
9768.0;25;39;52;57;53;80
9774.0;26;39;52;56;53;80
9780.0;26;39;52;56;53;80
9786.0;26;39;52;56;53;80
9792.0;26;39;52;56;53;80
9798.0;26;39;52;56;53;80
9804.0;25;39;52;56;54;80
9810.0;25;39;52;57;54;79
9816.0;25;39;52;57;54;79
9822.0;25;39;52;57;54;79
9828.0;25;39;52;57;54;79
9834.0;25;38;52;58;54;79
9840.0;25;38;52;58;54;79
9846.0;25;38;52;58;54;79
9852.0;25;38;52;58;54;79
9858.0;25;38;52;57;55;79
9864.0;25;38;52;57;55;79
9870.0;26;37;52;57;54;80
9876.0;26;37;52;57;54;80
9882.0;25;37;53;57;54;80
9888.0;25;37;53;56;55;80
9894.0;25;38;53;54;55;81
9900.0;25;39;53;53;55;81
9906.0;24;40;53;53;55;81
9912.0;24;40;54;53;54;81
9918.0;24;40;54;53;54;81
9924.0;24;40;56;53;53;80
9930.0;24;40;56;53;53;80
9936.0;24;40;56;53;53;80
9942.0;24;40;56;53;53;80
9948.0;24;40;56;53;53;80
9954.0;24;40;56;53;53;80
9960.0;24;40;56;53;53;80
9966.0;25;41;55;53;53;79
9972.0;25;41;55;53;54;78
9978.0;25;41;55;53;54;78
9984.0;26;41;56;52;54;77
9990.0;26;41;56;52;54;77
9996.0;26;41;56;52;54;77
10002.0;26;41;56;52;54;77
10008.0;26;42;55;52;54;77
10014.0;26;42;55;52;54;77
10020.0;26;42;55;52;54;77
10026.0;26;42;55;53;54;76
10032.0;26;42;55;53;54;76
10038.0;26;42;55;53;54;76
10044.0;26;42;55;53;54;76
10050.0;25;42;55;54;55;75
10056.0;25;42;55;54;55;75
10062.0;25;42;55;54;55;75
10068.0;25;42;56;54;54;75
10074.0;25;42;55;55;54;75
10080.0;25;42;55;55;54;75
10086.0;25;42;55;54;54;76
10092.0;26;42;54;54;54;76
10098.0;26;43;54;54;53;76
10104.0;26;43;54;54;53;76
10110.0;26;43;54;54;53;76
10116.0;26;43;54;54;53;76
10122.0;26;43;54;54;53;76
10128.0;26;42;55;54;53;76
10134.0;26;42;55;54;53;76
10140.0;26;42;54;55;53;76
10146.0;26;42;54;54;53;77
10152.0;27;42;53;53;53;78
10158.0;28;42;53;52;52;79
10164.0;27;42;55;51;52;79
10170.0;28;41;55;52;52;78
10176.0;28;41;56;51;52;78
10182.0;28;41;56;51;52;78
10188.0;28;41;56;51;52;78
10194.0;27;41;57;51;52;78
10200.0;28;40;58;51;52;77
10206.0;28;39;58;51;52;78
10212.0;27;41;57;51;52;78
10218.0;27;41;57;51;52;78
10224.0;27;41;57;51;52;78
10230.0;27;41;57;51;52;78
10236.0;27;41;57;51;52;78
10242.0;27;42;56;51;52;78
10248.0;27;42;56;52;52;77
10254.0;27;42;56;53;52;76
10260.0;27;42;56;52;52;77
10266.0;28;42;56;52;51;77
10272.0;28;42;56;51;51;78
10278.0;28;42;56;51;51;78
10284.0;28;42;57;50;51;78
10290.0;28;42;57;50;51;78
10296.0;28;42;57;50;52;77
10302.0;27;42;57;52;51;77
10308.0;27;43;58;51;51;76
10314.0;28;42;58;51;51;76
10320.0;28;42;58;51;51;76
10326.0;28;42;58;51;51;76
10332.0;28;42;58;51;51;76
10338.0;28;42;58;51;51;76
10344.0;28;43;59;50;51;75
10350.0;28;44;58;50;52;74
10356.0;27;44;59;50;52;74
10362.0;27;45;59;50;51;74
10368.0;27;45;58;51;51;74
10374.0;26;43;58;54;51;74
10380.0;26;43;57;54;52;74
10386.0;26;44;57;54;52;73
10392.0;26;42;57;55;53;73
10398.0;26;42;57;55;53;73
10404.0;26;42;58;55;53;72
10410.0;25;42;58;55;54;72
10416.0;24;42;59;55;55;71
10422.0;24;43;58;55;55;71
10428.0;25;42;58;55;55;71
10434.0;25;42;58;55;55;71
10440.0;25;42;58;55;55;71
10446.0;24;42;58;55;56;71
10452.0;24;43;58;55;56;70
10458.0;24;43;58;55;56;70
10464.0;24;43;59;54;56;70
10470.0;24;43;58;54;57;70
10476.0;24;42;58;54;57;71
10482.0;24;42;59;53;57;71
10488.0;24;42;59;53;57;71
10494.0;24;42;60;53;56;71
10500.0;24;43;61;52;56;70
10506.0;24;43;61;52;56;70
10512.0;24;43;61;52;56;70
10518.0;23;42;61;54;57;69
10524.0;23;42;61;54;57;69
10530.0;23;42;61;54;57;69
10536.0;23;42;61;54;57;69
10542.0;23;41;62;53;57;70
10548.0;23;41;61;52;58;71
10554.0;23;41;61;52;58;71
10560.0;23;41;60;53;58;71
10566.0;23;41;60;53;58;71
10572.0;23;42;60;53;58;70
10578.0;23;43;60;53;57;70
10584.0;23;43;60;54;56;70
10590.0;23;43;60;54;56;70
10596.0;23;43;60;54;56;70
10602.0;22;43;60;55;56;70
10608.0;22;44;60;53;56;71
10614.0;24;44;60;52;56;70
10620.0;25;44;59;53;56;69
10626.0;27;44;59;51;56;69
10632.0;27;44;59;51;56;69
10638.0;26;45;59;51;57;68
10644.0;26;45;59;51;58;67
10650.0;25;45;60;51;58;67
10656.0;25;45;61;51;57;67
10662.0;25;45;61;51;57;67
10668.0;26;45;61;51;56;67
10674.0;26;45;61;51;56;67
10680.0;26;45;61;51;56;67
10686.0;26;45;61;51;56;67
10692.0;26;45;61;51;56;67
10698.0;26;46;61;50;56;67
10704.0;26;47;61;49;56;67
10710.0;25;49;61;49;55;67
10716.0;25;49;61;49;55;67
10722.0;25;49;61;49;55;67
10728.0;25;49;61;49;56;66
10734.0;25;49;61;49;56;66
10740.0;25;49;61;49;56;66
10746.0;26;49;61;48;56;66
10752.0;26;49;61;48;56;66
10758.0;27;48;63;48;55;65
10764.0;28;48;63;48;55;64
10770.0;28;48;63;48;55;64
10776.0;28;49;62;48;56;63
10782.0;28;49;62;48;56;63
10788.0;28;49;62;48;56;63
10794.0;28;49;62;48;56;63
