#auto generated file!
12.0;93;108;98;94;112;107
18.0;93;108;98;93;112;108
24.0;93;107;99;93;112;108
30.0;93;108;98;92;113;108
36.0;93;108;98;92;113;108
42.0;92;109;98;92;113;108
48.0;92;109;97;91;115;108
54.0;91;107;98;92;117;107
60.0;91;108;98;92;117;106
66.0;90;108;98;93;117;106
72.0;88;109;97;93;118;107
78.0;87;110;98;92;118;107
84.0;86;110;99;92;118;107
90.0;85;110;99;93;118;107
96.0;85;110;98;94;118;107
102.0;85;109;97;94;121;106
108.0;85;110;96;94;121;106
114.0;86;110;96;94;121;105
120.0;86;110;96;93;123;104
126.0;86;110;97;93;122;104
132.0;86;109;97;92;123;105
138.0;86;109;98;91;123;105
144.0;86;109;98;91;123;105
150.0;86;109;98;91;123;105
156.0;85;109;98;92;123;105
162.0;85;109;99;91;123;105
168.0;85;109;99;91;123;105
174.0;82;110;99;93;124;104
180.0;82;111;99;93;124;103
186.0;82;111;99;92;124;104
192.0;82;111;99;92;124;104
198.0;81;111;98;93;124;105
204.0;83;112;98;91;123;105
210.0;83;112;98;91;123;105
216.0;83;112;98;91;123;105
222.0;83;112;98;90;124;105
228.0;83;112;98;90;124;105
234.0;84;112;98;89;124;105
240.0;84;112;97;90;124;105
246.0;84;113;96;90;124;105
252.0;84;113;96;90;124;105
258.0;84;113;96;90;124;105
264.0;84;113;96;90;124;105
270.0;84;113;96;90;124;105
276.0;84;113;96;90;124;105
282.0;84;114;96;92;122;104
288.0;85;114;94;92;122;105
294.0;84;114;94;92;123;105
300.0;84;114;94;92;123;105
306.0;84;114;93;93;123;105
312.0;84;114;93;93;123;105
318.0;84;114;93;93;123;105
324.0;84;114;93;93;122;106
330.0;85;113;93;92;123;106
336.0;85;113;95;91;123;105
342.0;84;114;95;91;123;105
348.0;84;114;96;91;122;105
354.0;84;111;96;92;123;106
360.0;84;111;96;93;123;105
366.0;84;110;96;93;124;105
372.0;84;110;95;94;124;105
378.0;82;108;96;95;126;105
384.0;82;108;96;95;126;105
390.0;82;108;96;95;126;105
396.0;83;107;97;93;127;105
402.0;82;106;96;95;128;105
408.0;83;106;96;94;128;105
414.0;81;107;96;95;129;104
420.0;81;107;96;97;128;103
426.0;80;107;96;97;128;104
432.0;80;107;95;97;129;104
438.0;80;107;95;97;130;103
444.0;80;107;95;97;130;103
450.0;82;106;95;96;130;103
456.0;83;105;95;95;131;103
462.0;84;106;94;94;131;103
468.0;84;107;94;93;130;104
474.0;83;108;94;94;129;104
480.0;83;108;94;94;129;104
486.0;84;107;94;94;129;104
492.0;83;107;95;94;128;105
498.0;82;107;95;95;128;105
504.0;82;107;96;95;127;105
510.0;81;107;97;95;127;105
516.0;81;107;98;95;127;104
522.0;81;107;99;94;127;104
528.0;81;109;99;94;127;102
534.0;80;110;99;94;127;102
540.0;80;110;99;94;127;102
546.0;80;110;99;94;127;102
552.0;80;110;99;94;127;102
558.0;79;109;100;94;127;103
564.0;77;109;101;95;127;103
570.0;76;110;102;94;127;103
576.0;75;111;102;94;127;103
582.0;76;113;102;93;125;103
588.0;76;113;103;92;125;103
594.0;74;112;103;92;126;105
600.0;74;112;103;92;126;105
606.0;75;111;104;91;126;105
612.0;75;110;103;91;125;108
618.0;74;110;103;92;125;108
624.0;71;111;105;93;125;107
630.0;71;110;106;93;125;107
636.0;71;109;106;94;125;107
642.0;70;110;106;94;124;108
648.0;70;110;106;94;124;108
654.0;70;110;106;94;124;108
660.0;70;110;106;94;124;108
666.0;70;110;106;94;122;110
672.0;70;111;106;92;122;111
678.0;70;110;107;92;122;111
684.0;70;111;105;93;122;111
690.0;70;112;104;92;123;111
696.0;69;113;103;93;123;111
702.0;69;112;104;93;123;111
708.0;70;111;104;93;123;111
714.0;71;111;104;93;122;111
720.0;71;111;104;91;124;111
726.0;72;112;104;90;124;110
732.0;72;112;104;90;124;110
738.0;71;113;104;90;125;109
744.0;71;114;105;89;124;109
750.0;71;113;105;88;125;110
756.0;71;113;105;88;125;110
762.0;71;114;105;88;124;110
768.0;71;114;105;88;124;110
774.0;72;113;105;88;124;110
780.0;72;113;105;88;124;110
786.0;72;114;105;88;123;110
792.0;72;114;105;88;123;110
798.0;70;113;107;88;123;111
804.0;69;114;108;88;122;111
810.0;70;113;107;89;122;111
816.0;70;113;107;89;122;111
822.0;69;114;107;89;122;111
828.0;69;114;107;89;122;111
834.0;68;115;107;89;122;111
840.0;69;113;107;89;122;112
846.0;69;113;107;89;122;112
852.0;69;113;107;89;122;112
858.0;67;114;108;90;122;111
864.0;66;113;109;91;122;111
870.0;65;113;109;92;121;112
876.0;66;113;109;93;120;111
882.0;67;112;109;93;120;111
888.0;67;112;109;93;120;111
894.0;66;112;111;93;118;112
900.0;66;113;111;92;118;112
906.0;66;111;111;92;118;114
912.0;66;110;111;92;118;115
918.0;65;111;109;92;119;116
924.0;65;111;109;92;118;117
930.0;65;111;109;92;118;117
936.0;66;110;109;92;119;116
942.0;65;109;110;91;118;119
948.0;64;109;111;91;118;119
954.0;64;110;111;90;118;119
960.0;62;110;112;91;118;119
966.0;63;110;111;91;117;120
972.0;62;110;111;91;118;120
978.0;62;110;111;91;118;120
984.0;62;111;111;90;118;120
990.0;61;112;111;90;118;120
996.0;60;112;111;90;119;120
1002.0;59;112;111;91;119;120
1008.0;59;111;111;92;119;120
1014.0;60;112;111;90;118;121
1020.0;60;112;111;90;118;121
1026.0;60;112;111;89;119;121
1032.0;60;113;111;89;118;121
1038.0;59;113;111;89;117;123
1044.0;58;114;111;89;117;123
1050.0;58;114;111;89;117;123
1056.0;59;113;110;89;117;124
1062.0;59;112;110;89;118;124
1068.0;59;113;110;89;118;123
1074.0;59;114;110;88;118;123
1080.0;60;114;109;87;119;123
1086.0;60;114;109;87;119;123
1092.0;60;113;109;88;120;122
1098.0;60;114;109;87;121;121
1104.0;59;115;108;86;122;122
1110.0;59;115;108;86;122;122
1116.0;60;115;108;86;121;122
1122.0;60;114;109;86;120;123
1128.0;60;114;109;86;119;124
1134.0;61;113;109;86;119;124
1140.0;61;113;109;86;118;125
1146.0;61;112;109;86;119;125
1152.0;60;112;110;86;119;125
1158.0;60;111;111;87;120;123
1164.0;59;112;111;88;119;123
1170.0;60;112;112;87;118;123
1176.0;60;112;113;86;118;123
1182.0;61;112;112;86;117;124
1188.0;61;112;112;86;117;124
1194.0;61;112;112;86;117;124
1200.0;61;112;112;86;117;124
1206.0;61;111;112;86;117;125
1212.0;60;111;113;86;117;125
1218.0;60;111;113;86;117;125
1224.0;60;111;114;87;117;123
1230.0;60;110;114;88;117;123
1236.0;59;110;115;88;117;123
1242.0;58;110;115;88;117;124
1248.0;58;111;115;88;117;123
1254.0;58;111;114;89;117;123
1260.0;58;111;114;89;117;123
1266.0;58;109;114;89;118;124
1272.0;59;109;114;89;117;124
1278.0;58;109;115;88;118;124
1284.0;58;109;116;87;118;124
1290.0;59;109;116;87;117;124
1296.0;59;110;116;88;117;122
1302.0;59;110;116;88;117;122
1308.0;59;109;117;88;117;122
1314.0;59;109;117;88;117;122
1320.0;59;110;118;86;117;122
1326.0;59;109;119;86;117;122
1332.0;59;108;119;86;118;122
1338.0;59;107;120;86;118;122
1344.0;58;107;121;86;118;122
1350.0;58;107;121;86;118;122
1356.0;58;107;123;84;119;121
1362.0;58;106;125;83;119;121
1368.0;59;105;124;83;119;122
1374.0;58;105;124;83;120;122
1380.0;58;104;124;84;120;122
1386.0;58;103;124;84;120;123
1392.0;58;104;123;84;120;123
1398.0;58;104;123;84;120;123
1404.0;58;104;123;83;120;124
1410.0;57;104;123;84;121;123
1416.0;58;104;122;84;121;123
1422.0;58;105;121;85;121;122
1428.0;59;104;118;85;121;125
1434.0;59;103;117;86;121;126
1440.0;58;103;117;86;121;127
1446.0;58;103;117;86;121;127
1452.0;58;102;117;86;121;128
1458.0;55;103;117;89;121;127
1464.0;54;103;118;89;121;127
1470.0;54;101;118;89;121;129
1476.0;55;99;118;90;121;129
1482.0;55;99;118;90;121;129
1488.0;54;100;119;89;121;129
1494.0;54;100;118;90;121;129
1500.0;54;100;118;90;121;129
1506.0;53;100;118;90;121;130
1512.0;54;101;117;90;121;129
1518.0;54;101;117;90;121;129
1524.0;54;99;119;90;121;129
1530.0;54;98;119;90;122;129
1536.0;52;98;119;92;121;130
1542.0;52;99;117;92;122;130
1548.0;52;100;117;92;121;130
1554.0;52;99;117;93;121;130
1560.0;51;99;117;95;121;129
1566.0;50;99;117;96;121;129
1572.0;50;100;116;96;121;129
1578.0;50;100;116;96;121;129
1584.0;47;101;115;98;121;130
1590.0;47;102;115;97;121;130
1596.0;48;102;115;96;121;130
1602.0;48;102;115;96;121;130
1608.0;49;101;114;96;122;130
1614.0;47;102;115;96;122;130
1620.0;47;103;115;96;122;129
1626.0;47;103;115;96;122;129
1632.0;47;103;115;96;121;130
1638.0;48;104;115;95;121;129
1644.0;48;104;115;95;121;129
1650.0;48;105;114;95;121;129
1656.0;47;105;114;96;121;129
1662.0;46;105;114;97;121;129
1668.0;46;105;114;97;121;129
1674.0;47;105;114;98;121;127
1680.0;47;105;114;99;121;126
1686.0;47;105;114;98;122;126
1692.0;47;105;114;98;122;126
1698.0;46;105;115;97;123;126
1704.0;46;105;116;97;122;126
1710.0;46;105;116;96;123;126
1716.0;46;104;116;96;124;126
1722.0;46;104;116;96;124;126
1728.0;46;104;115;98;125;124
1734.0;45;105;115;97;125;125
1740.0;44;105;115;98;125;125
1746.0;44;105;115;98;124;126
1752.0;44;105;115;98;124;126
1758.0;44;105;115;97;123;128
1764.0;44;105;115;97;123;128
1770.0;45;106;115;97;123;126
1776.0;45;105;115;98;123;126
1782.0;45;105;115;98;122;127
1788.0;45;105;116;98;122;126
1794.0;45;105;116;98;122;126
1800.0;45;105;116;98;122;126
1806.0;44;105;116;98;122;127
1812.0;45;105;115;98;122;127
1818.0;45;103;117;99;122;126
1824.0;45;103;117;99;122;126
1830.0;45;103;116;100;121;127
1836.0;45;102;117;100;121;127
1842.0;45;102;117;101;120;127
1848.0;44;103;117;101;121;126
1854.0;44;103;117;100;122;126
1860.0;44;104;115;100;122;127
1866.0;43;105;117;98;122;127
1872.0;43;105;117;98;122;127
1878.0;43;105;117;98;122;127
1884.0;44;105;117;97;122;127
1890.0;45;105;117;96;122;127
1896.0;45;105;117;95;122;128
1902.0;45;105;117;96;120;129
1908.0;45;105;117;96;120;129
1914.0;45;105;117;95;121;129
1920.0;45;105;118;95;122;127
1926.0;46;104;119;93;122;128
1932.0;46;103;119;92;123;129
1938.0;47;103;119;92;123;128
1944.0;49;104;118;92;123;126
1950.0;48;104;119;92;123;126
1956.0;48;103;119;93;123;126
1962.0;47;104;120;94;123;124
1968.0;47;104;120;94;123;124
1974.0;47;104;120;93;124;124
1980.0;46;104;122;92;124;124
1986.0;47;104;122;92;124;123
1992.0;47;103;122;93;124;123
1998.0;47;103;123;93;124;122
2004.0;47;102;123;93;123;124
2010.0;48;102;123;93;123;123
2016.0;48;102;123;92;123;124
2022.0;48;102;123;93;122;124
2028.0;47;102;123;93;123;124
2034.0;48;102;123;92;123;124
2040.0;48;102;123;92;123;124
2046.0;48;102;123;92;123;124
2052.0;47;103;123;91;123;125
2058.0;47;103;123;90;123;126
2064.0;48;104;122;90;122;126
2070.0;47;104;123;90;121;127
2076.0;46;104;123;91;121;127
2082.0;46;106;121;91;121;127
2088.0;47;106;121;91;121;126
2094.0;47;107;121;91;121;125
2100.0;48;107;120;90;120;127
2106.0;48;106;120;90;121;127
2112.0;50;105;120;89;120;128
2118.0;51;104;119;89;120;129
2124.0;50;104;118;91;120;129
2130.0;50;104;118;91;120;129
2136.0;50;104;118;91;120;129
2142.0;49;105;117;91;121;129
2148.0;49;105;116;91;123;128
2154.0;48;106;115;92;123;128
2160.0;48;107;115;92;122;128
2166.0;48;106;116;91;123;128
2172.0;48;106;116;91;123;128
2178.0;48;106;116;91;123;128
2184.0;48;106;116;91;123;128
2190.0;49;106;116;90;123;128
2196.0;49;106;116;89;123;129
2202.0;50;107;116;87;124;128
2208.0;49;106;116;86;125;130
2214.0;51;107;116;84;124;130
2220.0;51;107;116;84;124;130
2226.0;53;106;116;83;124;130
2232.0;52;105;116;83;126;130
2238.0;52;106;115;83;126;130
2244.0;52;105;115;83;127;130
2250.0;53;104;116;82;127;130
2256.0;53;103;117;82;127;130
2262.0;53;104;116;82;128;129
2268.0;53;104;116;83;128;128
2274.0;53;104;116;83;129;127
2280.0;53;105;116;83;128;127
2286.0;53;104;117;82;128;128
2292.0;53;103;118;82;128;128
2298.0;53;103;118;82;128;128
2304.0;54;103;118;81;128;128
2310.0;54;103;117;81;129;128
2316.0;53;102;118;82;129;128
2322.0;52;103;118;82;129;128
2328.0;53;103;118;82;129;127
2334.0;53;102;118;82;129;128
2340.0;54;101;118;82;129;128
2346.0;54;102;118;82;129;127
2352.0;54;102;118;82;129;127
2358.0;54;101;118;82;130;127
2364.0;54;100;117;82;132;127
2370.0;54;101;117;82;131;127
2376.0;53;101;117;82;132;127
2382.0;50;102;117;84;132;127
2388.0;50;103;117;84;132;126
2394.0;50;102;118;84;131;127
2400.0;50;102;118;84;131;127
2406.0;50;102;118;82;133;127
2412.0;50;103;118;81;133;127
2418.0;50;104;118;81;132;127
2424.0;50;104;118;81;132;127
2430.0;48;105;118;82;132;127
2436.0;47;105;119;82;131;128
2442.0;47;105;119;82;131;128
2448.0;48;103;119;82;131;129
2454.0;47;103;119;82;131;130
2460.0;47;103;119;82;131;130
2466.0;48;102;120;82;130;130
2472.0;48;102;120;82;130;130
2478.0;49;102;120;81;130;130
2484.0;49;102;121;81;130;129
2490.0;49;101;120;81;132;129
2496.0;48;101;120;81;132;130
2502.0;47;100;120;82;132;131
2508.0;47;101;120;82;132;130
2514.0;47;100;121;84;130;130
2520.0;46;101;121;84;130;130
2526.0;46;101;121;84;130;130
2532.0;46;100;121;85;130;130
2538.0;46;101;121;84;130;130
2544.0;47;101;121;85;129;129
2550.0;46;101;123;86;129;127
2556.0;47;100;123;85;130;127
2562.0;48;100;124;84;130;126
2568.0;48;100;124;84;130;126
2574.0;49;101;123;84;130;125
2580.0;49;100;122;85;131;125
2586.0;48;100;122;85;132;125
2592.0;48;100;123;85;132;124
2598.0;50;99;122;85;132;124
2604.0;49;99;123;85;132;124
2610.0;49;98;123;86;132;124
2616.0;49;97;124;86;132;124
2622.0;49;98;123;86;132;124
2628.0;49;98;122;86;132;125
2634.0;50;98;121;86;132;125
2640.0;50;98;121;86;132;125
2646.0;50;98;121;87;132;124
2652.0;50;99;121;87;132;123
2658.0;50;100;120;87;132;123
2664.0;51;99;120;87;132;123
2670.0;51;100;121;87;132;121
2676.0;51;99;122;87;132;121
2682.0;51;99;122;87;133;120
2688.0;51;99;122;87;133;120
2694.0;52;98;122;87;133;120
2700.0;53;99;121;87;133;119
2706.0;53;100;121;87;132;119
2712.0;53;100;120;87;132;120
2718.0;53;100;120;87;132;120
2724.0;53;100;120;86;131;122
2730.0;54;100;120;86;131;121
2736.0;54;100;120;86;131;121
2742.0;54;100;120;86;131;121
2748.0;55;100;120;85;131;121
2754.0;56;100;119;86;130;121
2760.0;55;101;120;85;130;121
2766.0;55;101;120;85;130;121
2772.0;55;101;120;85;130;121
2778.0;54;100;120;87;130;121
2784.0;53;101;121;87;129;121
2790.0;54;100;121;87;129;121
2796.0;54;100;121;86;129;122
2802.0;54;101;120;85;129;123
2808.0;54;102;120;84;129;123
2814.0;54;102;121;83;129;123
2820.0;55;101;121;82;130;123
2826.0;55;101;120;81;131;124
2832.0;55;100;120;82;131;124
2838.0;55;100;121;81;131;124
2844.0;55;100;121;81;131;124
2850.0;54;100;121;82;131;124
2856.0;54;101;121;82;131;123
2862.0;54;101;121;82;131;123
2868.0;54;101;121;82;130;124
2874.0;54;101;121;82;130;124
2880.0;54;101;121;82;130;124
2886.0;53;102;120;82;131;124
2892.0;53;103;119;83;130;124
2898.0;53;103;120;82;130;124
2904.0;53;103;120;82;130;124
2910.0;53;104;121;81;129;124
2916.0;53;104;121;81;130;123
2922.0;53;103;122;82;130;122
2928.0;53;103;122;82;130;122
2934.0;53;102;121;84;130;122
2940.0;53;102;121;84;130;122
2946.0;53;101;121;85;130;122
2952.0;53;101;122;85;129;122
2958.0;53;101;123;86;129;120
2964.0;53;100;123;86;129;121
2970.0;53;100;123;86;128;122
2976.0;53;100;123;86;127;123
2982.0;51;101;123;87;127;123
2988.0;51;101;123;88;127;122
2994.0;51;101;123;88;127;122
3000.0;50;100;124;88;127;123
3006.0;51;99;125;88;127;122
3012.0;49;99;125;90;127;122
3018.0;49;99;126;90;126;122
3024.0;49;99;126;91;126;121
3030.0;47;99;127;92;126;121
3036.0;47;100;127;92;125;121
3042.0;47;100;128;92;125;120
3048.0;47;99;128;92;126;120
3054.0;47;98;128;93;127;119
3060.0;46;98;128;93;127;120
3066.0;45;100;126;92;128;121
3072.0;45;100;127;91;128;121
3078.0;46;100;126;91;128;121
3084.0;46;98;126;91;129;122
3090.0;45;99;125;91;129;123
3096.0;45;99;125;91;129;123
3102.0;45;99;126;92;129;121
3108.0;45;99;125;92;130;121
3114.0;44;100;125;92;131;120
3120.0;44;100;124;92;131;121
3126.0;44;100;124;92;131;121
3132.0;45;100;123;92;131;121
3138.0;46;99;124;92;130;121
3144.0;46;99;124;92;130;121
3150.0;47;100;123;91;130;121
3156.0;48;99;123;93;129;120
3162.0;48;99;123;93;129;120
3168.0;50;99;122;92;129;120
3174.0;51;98;122;92;129;120
3180.0;51;97;121;93;130;120
3186.0;51;99;121;92;130;119
3192.0;52;99;121;91;130;119
3198.0;52;99;120;92;130;119
3204.0;52;100;120;91;130;119
3210.0;51;101;119;91;129;121
3216.0;51;102;120;89;129;121
3222.0;51;103;119;89;129;121
3228.0;51;103;119;89;129;121
3234.0;51;103;119;89;129;121
3240.0;51;102;119;89;128;123
3246.0;51;102;119;88;128;124
3252.0;51;102;119;89;128;123
3258.0;51;102;119;89;128;123
3264.0;51;102;119;89;128;123
3270.0;51;102;119;88;129;123
3276.0;51;102;119;88;129;123
3282.0;52;102;119;89;128;122
3288.0;52;102;120;88;128;122
3294.0;51;102;121;88;128;122
3300.0;51;102;121;88;128;122
3306.0;50;104;121;88;128;121
3312.0;50;104;121;88;128;121
3318.0;50;105;119;88;128;122
3324.0;50;105;119;88;128;122
3330.0;50;105;120;87;128;122
3336.0;50;105;121;87;127;122
3342.0;50;103;124;86;127;122
3348.0;50;103;124;86;127;122
3354.0;50;103;124;86;127;122
3360.0;50;102;124;87;127;122
3366.0;48;103;125;88;126;122
3372.0;49;102;125;88;126;122
3378.0;49;101;126;88;126;122
3384.0;49;101;126;88;126;122
3390.0;49;101;126;88;126;122
3396.0;49;101;127;87;126;122
3402.0;48;100;127;86;128;123
3408.0;48;100;126;86;128;124
3414.0;47;100;126;85;129;125
3420.0;47;101;126;84;129;125
3426.0;47;101;126;84;129;125
3432.0;47;101;126;84;129;125
3438.0;47;102;126;82;129;126
3444.0;47;102;126;82;130;125
3450.0;46;102;126;82;131;125
3456.0;45;103;125;82;132;125
3462.0;45;103;125;83;131;125
3468.0;45;103;124;85;129;126
3474.0;45;103;124;84;129;127
3480.0;45;103;123;85;130;126
3486.0;45;103;123;85;129;127
3492.0;45;103;123;85;130;126
3498.0;45;103;123;86;129;126
3504.0;45;103;122;86;130;126
3510.0;45;103;122;86;130;126
3516.0;45;103;122;86;130;126
3522.0;45;104;121;85;131;126
3528.0;45;106;121;85;129;126
3534.0;45;106;120;86;129;126
3540.0;45;106;120;85;128;128
3546.0;45;106;120;85;127;129
3552.0;44;106;120;85;128;129
3558.0;44;106;119;84;129;130
3564.0;45;105;118;86;129;129
3570.0;45;104;118;86;129;130
3576.0;45;104;118;87;129;129
3582.0;44;105;118;87;129;129
3588.0;45;105;117;87;128;130
3594.0;45;105;117;87;128;130
3600.0;45;105;117;87;128;130
3606.0;45;104;117;88;128;130
3612.0;45;104;116;88;128;131
3618.0;46;103;116;87;128;132
3624.0;45;104;117;87;127;132
3630.0;45;104;117;87;127;132
3636.0;46;102;116;88;128;132
3642.0;46;102;116;89;127;132
3648.0;47;101;116;89;127;132
3654.0;47;101;116;89;127;132
3660.0;47;101;117;89;127;131
3666.0;47;101;118;90;126;130
3672.0;47;102;118;90;125;130
3678.0;47;102;118;90;125;130
3684.0;46;102;118;90;125;131
3690.0;45;102;118;90;126;131
3696.0;44;102;119;89;126;132
3702.0;44;102;118;89;126;133
3708.0;44;101;118;89;126;134
3714.0;44;100;118;88;126;136
3720.0;44;100;118;88;126;136
3726.0;45;99;118;89;126;135
3732.0;46;99;117;90;126;134
3738.0;46;99;117;90;126;134
3744.0;46;98;118;90;126;134
3750.0;46;98;118;90;125;135
3756.0;46;98;118;90;125;135
3762.0;47;98;118;90;124;135
3768.0;48;98;117;89;125;135
3774.0;49;97;117;89;124;136
3780.0;50;97;117;89;124;135
3786.0;52;96;117;88;124;135
3792.0;52;95;117;88;126;134
3798.0;51;95;116;90;126;134
3804.0;51;95;117;90;126;133
3810.0;51;95;118;90;126;132
3816.0;50;94;118;90;127;133
3822.0;51;94;118;89;127;133
3828.0;51;92;119;89;127;134
3834.0;51;92;120;88;126;135
3840.0;51;92;120;89;125;135
3846.0;51;90;120;90;126;135
3852.0;51;90;121;89;125;136
3858.0;52;90;120;87;125;138
3864.0;52;90;120;86;125;139
3870.0;52;90;119;86;126;139
3876.0;51;90;119;87;126;139
3882.0;51;91;117;88;126;139
3888.0;52;90;117;88;126;139
3894.0;51;89;117;88;126;141
3900.0;50;89;117;88;125;143
3906.0;49;89;117;89;125;143
3912.0;49;90;117;89;125;142
3918.0;49;90;117;89;125;142
3924.0;50;89;117;89;125;142
3930.0;50;89;117;89;125;142
3936.0;50;90;116;90;125;141
3942.0;51;91;116;90;125;139
3948.0;51;91;116;90;125;139
3954.0;51;91;116;90;125;139
3960.0;51;91;116;90;125;139
3966.0;51;91;116;90;125;139
3972.0;51;91;116;89;125;140
3978.0;50;92;116;89;125;140
3984.0;50;92;116;89;125;140
3990.0;49;92;116;89;125;141
3996.0;51;93;115;87;125;141
4002.0;50;93;116;87;125;141
4008.0;50;91;116;89;125;141
4014.0;50;92;117;89;123;141
4020.0;50;92;117;89;123;141
4026.0;50;92;117;90;123;140
4032.0;50;92;117;91;122;140
4038.0;51;92;117;91;122;139
4044.0;51;92;116;91;123;139
4050.0;50;92;116;91;124;139
4056.0;50;92;116;91;124;139
4062.0;49;92;116;91;124;140
4068.0;49;92;116;91;124;140
4074.0;50;92;116;91;123;140
4080.0;50;93;116;90;123;140
4086.0;50;93;116;90;124;139
4092.0;49;93;116;89;125;140
4098.0;49;93;116;89;124;141
4104.0;49;93;116;90;123;141
4110.0;50;93;116;90;123;140
4116.0;50;92;116;90;123;141
4122.0;50;93;116;89;123;141
4128.0;50;94;117;89;123;139
4134.0;50;94;117;89;123;139
4140.0;50;94;116;90;123;139
4146.0;50;95;116;90;122;139
4152.0;50;95;116;90;122;139
4158.0;50;94;115;92;122;139
4164.0;50;94;115;92;122;139
4170.0;50;94;114;93;122;139
4176.0;53;94;113;93;121;138
4182.0;53;95;114;92;121;137
4188.0;53;95;114;92;121;137
4194.0;53;94;113;93;121;138
4200.0;53;92;114;92;123;138
4206.0;53;92;114;93;122;138
4212.0;52;93;114;94;121;138
4218.0;52;92;113;95;121;139
4224.0;53;92;113;94;121;139
4230.0;53;91;112;95;121;140
4236.0;53;91;112;95;121;140
4242.0;53;92;111;94;122;140
4248.0;53;92;111;94;122;140
4254.0;53;92;111;94;122;140
4260.0;52;92;111;94;122;141
4266.0;53;92;111;94;121;141
4272.0;53;92;111;94;121;141
4278.0;53;92;111;94;121;141
4284.0;52;93;111;95;121;140
4290.0;52;93;111;95;121;140
4296.0;52;93;111;95;121;140
4302.0;52;92;111;95;122;140
4308.0;52;92;111;95;122;140
4314.0;53;93;111;94;121;140
4320.0;53;93;111;94;121;140
4326.0;53;93;111;94;121;140
4332.0;53;92;112;94;120;141
4338.0;53;92;112;94;120;141
4344.0;53;92;112;95;120;140
4350.0;53;92;113;93;120;141
4356.0;52;93;113;93;120;141
4362.0;52;93;113;93;120;141
4368.0;52;93;112;93;120;142
4374.0;53;93;112;92;120;142
4380.0;53;93;112;92;120;142
4386.0;54;93;112;92;119;142
4392.0;54;94;113;92;118;141
4398.0;54;94;113;92;118;141
4404.0;54;94;113;92;118;141
4410.0;53;94;113;92;118;142
4416.0;54;94;114;92;116;142
4422.0;54;93;114;92;116;143
4428.0;54;93;114;92;116;143
4434.0;54;93;114;92;116;143
4440.0;57;93;115;90;115;142
4446.0;57;92;116;89;115;143
4452.0;57;92;116;90;115;142
4458.0;57;91;117;90;115;142
4464.0;58;91;115;90;115;143
4470.0;57;91;115;90;115;144
4476.0;56;91;117;91;115;142
4482.0;57;91;117;91;115;141
4488.0;57;91;117;91;115;141
4494.0;55;92;118;91;115;141
4500.0;56;92;118;90;115;141
4506.0;56;92;118;90;115;141
4512.0;57;92;117;90;115;141
4518.0;57;91;117;90;116;141
4524.0;58;92;116;89;115;142
4530.0;58;92;115;90;114;143
4536.0;59;91;115;90;113;144
4542.0;59;91;115;90;113;144
4548.0;58;91;116;90;113;144
4554.0;58;91;116;90;113;144
4560.0;58;91;116;90;113;144
4566.0;58;91;116;90;113;144
4572.0;60;91;116;88;113;144
4578.0;58;91;117;87;115;144
4584.0;58;91;117;87;115;144
4590.0;58;92;116;87;115;144
4596.0;59;91;115;88;115;144
4602.0;59;91;115;89;114;144
4608.0;59;91;114;90;114;144
4614.0;59;91;114;90;114;144
4620.0;59;91;115;90;114;143
4626.0;59;91;115;90;114;143
4632.0;59;90;115;91;114;143
4638.0;59;90;115;91;114;143
4644.0;59;90;116;91;114;142
4650.0;59;90;116;91;114;142
4656.0;59;90;116;91;115;141
4662.0;60;89;116;90;116;141
4668.0;58;89;117;91;116;141
4674.0;58;90;116;91;116;141
4680.0;59;91;117;91;115;139
4686.0;60;91;117;90;115;139
4692.0;60;91;116;91;115;139
4698.0;61;91;116;91;114;139
4704.0;62;91;116;91;113;139
4710.0;62;92;116;91;113;138
4716.0;62;92;115;90;112;141
4722.0;62;92;114;90;112;142
4728.0;62;92;114;90;112;142
4734.0;62;92;114;90;112;142
4740.0;62;93;114;89;112;142
4746.0;62;93;114;89;112;142
4752.0;62;93;115;89;112;141
4758.0;61;92;116;89;112;142
4764.0;61;91;119;88;112;141
4770.0;61;91;119;88;112;141
4776.0;61;90;120;88;112;141
4782.0;61;90;119;88;113;141
4788.0;60;90;119;88;114;141
4794.0;60;89;120;88;114;141
4800.0;60;88;119;88;114;143
4806.0;59;89;119;88;113;144
4812.0;59;89;119;89;113;143
4818.0;59;89;119;90;113;142
4824.0;58;90;120;90;112;142
4830.0;58;90;120;90;113;141
4836.0;58;89;120;90;114;141
4842.0;58;89;119;90;114;142
4848.0;57;89;119;90;114;143
4854.0;57;89;118;90;115;143
4860.0;58;90;116;90;114;144
4866.0;57;91;116;90;114;144
4872.0;57;92;116;89;114;144
4878.0;57;91;117;89;114;144
4884.0;57;91;117;89;114;144
4890.0;55;91;118;89;114;145
4896.0;55;91;118;89;114;145
4902.0;56;91;118;88;114;145
4908.0;56;90;119;88;114;145
4914.0;56;90;119;88;114;145
4920.0;56;90;119;88;114;145
4926.0;57;90;117;89;114;145
4932.0;57;90;117;89;114;145
4938.0;58;91;116;89;114;144
4944.0;56;91;116;89;115;145
4950.0;56;92;116;89;114;145
4956.0;56;92;116;89;115;144
4962.0;55;92;117;90;114;144
4968.0;55;89;117;90;116;145
4974.0;54;91;117;91;114;145
4980.0;54;91;117;91;114;145
4986.0;52;92;118;91;114;145
4992.0;52;92;118;91;115;144
4998.0;52;92;117;91;115;145
5004.0;51;93;116;92;115;145
5010.0;51;93;116;92;115;145
5016.0;51;93;116;92;115;145
5022.0;52;93;116;92;116;143
5028.0;52;93;116;91;116;144
5034.0;51;93;116;93;116;143
5040.0;50;94;116;93;117;142
5046.0;50;96;116;92;117;141
5052.0;50;96;116;92;117;141
5058.0;49;97;117;91;117;141
5064.0;49;96;117;91;116;143
5070.0;47;97;117;91;118;142
5076.0;47;97;117;91;118;142
5082.0;48;98;117;89;118;142
5088.0;48;98;117;90;118;141
5094.0;48;98;117;90;118;141
5100.0;48;99;118;90;117;140
5106.0;49;98;119;90;117;139
5112.0;49;98;120;90;116;139
5118.0;49;98;120;90;116;139
5124.0;48;98;121;89;117;139
5130.0;48;98;121;89;117;139
5136.0;47;99;121;89;117;139
5142.0;47;99;121;89;117;139
5148.0;47;99;121;89;117;139
5154.0;46;99;121;91;116;139
5160.0;47;100;120;92;116;137
5166.0;47;98;121;93;116;137
5172.0;47;98;121;94;115;137
5178.0;47;97;123;93;115;137
5184.0;46;98;124;94;115;135
5190.0;47;98;123;93;116;135
5196.0;47;99;123;93;115;135
5202.0;47;99;123;93;115;135
5208.0;47;100;123;91;116;135
5214.0;47;100;124;91;117;133
5220.0;47;100;124;91;117;133
5226.0;47;101;122;93;115;134
5232.0;47;101;122;92;115;135
5238.0;46;101;124;92;114;135
5244.0;46;101;124;91;115;135
5250.0;46;100;125;92;115;134
5256.0;47;99;125;92;115;134
5262.0;47;98;124;92;116;135
5268.0;46;98;124;92;117;135
5274.0;45;98;126;92;116;135
5280.0;45;98;126;92;116;135
5286.0;46;97;125;93;115;136
5292.0;46;97;125;93;115;136
5298.0;46;97;125;93;115;136
5304.0;46;97;127;93;115;134
5310.0;46;97;127;91;117;134
5316.0;46;97;127;91;116;135
5322.0;46;97;126;91;117;135
5328.0;46;97;126;90;117;136
5334.0;46;96;127;88;118;137
5340.0;46;96;127;88;118;137
5346.0;46;96;126;88;117;139
5352.0;46;95;126;88;119;138
5358.0;46;95;125;88;119;139
5364.0;46;95;125;87;119;140
5370.0;46;95;125;88;118;140
5376.0;46;94;124;88;118;142
5382.0;46;95;124;88;117;142
5388.0;46;95;124;88;117;142
5394.0;46;96;124;87;117;142
5400.0;46;95;126;86;117;142
5406.0;45;95;125;87;118;142
5412.0;45;98;125;84;118;142
5418.0;45;98;125;85;117;142
5424.0;45;98;125;85;117;142
5430.0;45;96;125;86;118;142
5436.0;45;96;127;85;117;142
5442.0;45;95;128;85;117;142
5448.0;45;95;128;85;117;142
5454.0;44;95;128;85;118;142
5460.0;44;96;128;85;118;141
5466.0;44;96;128;85;118;141
5472.0;44;96;128;85;118;141
5478.0;45;95;128;85;119;140
5484.0;45;95;128;85;119;140
5490.0;45;95;128;85;119;140
5496.0;44;97;128;84;119;140
5502.0;44;96;128;85;119;140
5508.0;45;95;128;85;119;140
5514.0;44;95;128;85;120;140
5520.0;43;94;128;85;120;142
5526.0;43;94;127;85;120;143
5532.0;44;94;126;85;120;143
5538.0;43;95;125;85;120;144
5544.0;43;96;125;83;121;144
5550.0;43;96;125;83;121;144
5556.0;43;97;124;82;121;145
5562.0;43;97;124;81;122;145
5568.0;43;97;124;81;122;145
5574.0;44;96;126;80;122;144
5580.0;44;97;125;80;122;144
5586.0;45;98;125;79;121;144
5592.0;45;98;125;79;121;144
5598.0;44;98;124;82;121;143
5604.0;46;98;124;81;121;142
5610.0;46;98;124;81;121;142
5616.0;47;97;124;81;121;142
5622.0;45;96;126;82;121;142
5628.0;44;96;126;82;121;143
5634.0;43;96;126;82;121;144
5640.0;43;96;128;81;121;143
5646.0;43;95;127;82;123;142
5652.0;44;95;125;82;123;143
5658.0;45;94;125;81;124;143
5664.0;44;94;125;81;125;143
5670.0;44;94;126;80;125;143
5676.0;43;94;126;80;125;144
5682.0;43;94;126;79;125;145
5688.0;43;94;126;80;124;145
5694.0;44;94;126;80;123;145
5700.0;44;94;126;80;123;145
5706.0;44;94;126;81;123;144
5712.0;44;94;127;81;123;143
5718.0;44;93;128;82;123;142
5724.0;45;93;127;81;124;142
5730.0;46;93;127;81;124;141
5736.0;46;93;128;80;124;141
5742.0;45;94;129;79;124;141
5748.0;45;94;128;80;124;141
5754.0;44;95;128;80;124;141
5760.0;44;95;129;79;124;141
5766.0;44;95;129;79;124;141
5772.0;44;95;129;79;124;141
5778.0;44;95;129;79;124;141
5784.0;44;94;129;79;124;142
5790.0;43;95;128;79;125;142
5796.0;43;94;129;78;126;142
5802.0;44;94;129;77;126;142
5808.0;44;94;128;78;126;142
5814.0;44;94;128;79;126;141
5820.0;44;94;128;79;126;141
5826.0;44;95;128;78;128;139
5832.0;43;95;129;79;127;139
5838.0;44;95;129;79;127;138
5844.0;45;95;128;80;125;139
5850.0;44;95;128;79;125;141
5856.0;44;95;129;79;124;141
5862.0;44;95;130;79;124;140
5868.0;43;95;129;80;124;141
5874.0;44;96;127;80;124;141
5880.0;45;96;126;80;124;141
5886.0;45;96;126;80;124;141
5892.0;43;97;126;81;124;141
5898.0;44;97;126;81;123;141
5904.0;43;98;126;81;123;141
5910.0;44;98;127;79;123;141
5916.0;45;98;127;79;122;141
5922.0;45;98;127;79;123;140
5928.0;45;98;127;80;123;139
5934.0;45;98;128;80;122;139
5940.0;45;97;128;80;122;140
5946.0;45;97;126;80;124;140
5952.0;45;96;126;80;125;140
5958.0;46;96;126;80;125;139
5964.0;46;97;125;80;125;139
5970.0;46;97;124;81;125;139
5976.0;46;97;124;82;124;139
5982.0;45;98;124;82;125;138
5988.0;46;97;124;83;125;137
5994.0;46;97;123;83;125;138
6000.0;47;97;123;83;126;136
6006.0;47;97;123;83;126;136
6012.0;47;97;123;83;125;137
6018.0;48;97;124;83;124;136
6024.0;48;96;124;83;124;137
6030.0;47;96;124;83;124;138
6036.0;47;96;123;84;124;138
6042.0;47;96;123;85;123;138
6048.0;47;96;123;85;123;138
6054.0;48;94;124;85;123;138
6060.0;48;94;123;86;123;138
6066.0;48;94;123;86;124;137
6072.0;48;93;123;86;125;137
6078.0;48;92;123;86;125;138
6084.0;48;92;123;86;125;138
6090.0;48;91;123;87;125;138
6096.0;47;91;124;87;125;138
6102.0;46;91;124;87;125;139
6108.0;46;91;124;87;125;139
6114.0;46;90;125;88;124;139
6120.0;45;90;125;88;125;139
6126.0;45;90;125;88;125;139
6132.0;46;90;125;87;125;139
6138.0;46;90;125;88;124;139
6144.0;47;90;126;88;124;137
6150.0;47;90;125;90;123;137
6156.0;47;91;125;88;124;137
6162.0;47;90;125;88;124;138
6168.0;47;90;125;88;124;138
6174.0;47;91;124;88;124;138
6180.0;47;89;124;88;125;139
6186.0;48;89;123;88;125;139
6192.0;48;90;122;88;125;139
6198.0;48;90;122;88;125;139
6204.0;48;89;122;88;125;140
6210.0;48;87;124;87;125;141
6216.0;48;88;124;87;124;141
6222.0;48;88;124;87;124;141
6228.0;49;86;124;87;125;141
6234.0;49;86;126;86;125;140
6240.0;49;86;126;85;126;140
6246.0;48;86;127;85;127;139
6252.0;48;86;127;85;127;139
6258.0;49;85;127;85;128;138
6264.0;50;84;125;85;129;139
6270.0;50;84;125;85;129;139
6276.0;51;83;125;85;129;139
6282.0;51;82;125;85;130;139
6288.0;52;83;124;85;130;138
6294.0;52;82;124;85;130;139
6300.0;52;82;125;84;130;139
6306.0;52;82;124;84;130;140
6312.0;53;81;124;84;130;140
6318.0;53;80;125;84;129;141
6324.0;53;81;125;84;129;140
6330.0;54;81;125;84;129;139
6336.0;54;82;125;85;128;138
6342.0;54;82;123;85;130;138
6348.0;55;82;123;84;130;138
6354.0;55;81;123;85;130;138
6360.0;56;81;123;84;130;138
6366.0;57;80;123;84;130;138
6372.0;58;80;123;84;130;137
6378.0;57;81;123;84;130;137
6384.0;57;81;123;84;130;137
6390.0;56;81;123;84;130;138
6396.0;56;81;123;85;129;138
6402.0;56;81;123;84;129;139
6408.0;56;81;123;83;130;139
6414.0;56;82;123;83;130;138
6420.0;56;82;124;83;129;138
6426.0;55;82;124;84;129;138
6432.0;55;81;124;83;130;139
6438.0;55;81;124;83;130;139
6444.0;55;81;124;83;131;138
6450.0;56;80;126;83;130;137
6456.0;56;81;126;83;130;136
6462.0;56;82;127;84;129;134
6468.0;55;82;127;85;128;135
6474.0;55;83;129;85;126;134
6480.0;55;83;129;85;126;134
6486.0;55;83;129;85;126;134
6492.0;55;84;129;84;126;134
6498.0;55;84;128;84;126;135
6504.0;55;84;128;84;126;135
6510.0;56;83;126;85;127;135
6516.0;56;83;126;85;127;135
6522.0;55;84;126;85;127;135
6528.0;55;82;127;85;128;135
6534.0;57;82;126;85;128;134
6540.0;56;83;126;85;129;133
6546.0;56;84;126;85;129;132
6552.0;55;84;127;85;129;132
6558.0;55;83;127;85;130;132
6564.0;56;83;127;85;129;132
6570.0;56;84;127;85;129;131
6576.0;56;84;127;84;129;132
6582.0;56;84;127;84;129;132
6588.0;56;84;127;84;129;132
6594.0;55;84;128;85;129;131
6600.0;55;84;128;85;129;131
6606.0;54;84;127;85;131;131
6612.0;54;85;127;86;129;131
6618.0;54;85;127;86;129;131
6624.0;54;85;128;86;128;131
6630.0;54;85;128;86;128;131
6636.0;54;85;129;86;128;130
6642.0;53;86;129;86;128;130
6648.0;53;87;130;86;127;129
6654.0;53;87;130;86;127;129
6660.0;53;87;130;86;127;129
6666.0;52;87;130;87;127;129
6672.0;52;87;130;87;127;129
6678.0;53;86;130;87;127;129
6684.0;53;86;130;87;127;129
6690.0;52;87;130;87;127;129
6696.0;51;87;129;87;129;129
6702.0;51;86;130;88;129;128
6708.0;51;88;130;88;128;127
6714.0;51;88;130;88;128;127
6720.0;51;88;129;89;128;127
6726.0;51;88;129;89;128;127
6732.0;51;88;130;89;127;127
6738.0;51;88;130;89;127;127
6744.0;50;88;130;88;128;128
6750.0;50;88;131;88;128;127
6756.0;50;88;131;88;128;127
6762.0;50;87;132;88;127;128
6768.0;50;87;132;88;127;128
6774.0;50;87;132;88;127;128
6780.0;50;87;132;88;127;128
6786.0;50;87;133;87;127;128
6792.0;50;88;132;87;127;128
6798.0;50;88;132;87;127;128
6804.0;51;87;132;87;127;128
6810.0;51;87;132;87;127;128
6816.0;52;86;132;87;126;129
6822.0;52;86;132;87;127;128
6828.0;52;85;132;86;127;130
6834.0;52;85;133;86;127;129
6840.0;52;85;133;86;127;129
6846.0;52;85;133;86;127;129
6852.0;52;85;133;86;127;129
6858.0;52;85;132;87;127;129
6864.0;52;85;132;88;127;128
6870.0;52;85;132;88;128;127
6876.0;52;85;132;88;127;128
6882.0;52;85;132;89;126;128
6888.0;51;85;133;89;125;129
6894.0;50;85;134;89;125;129
6900.0;49;85;135;89;125;129
6906.0;49;85;135;89;125;129
6912.0;50;85;135;88;125;129
6918.0;50;87;134;87;125;129
6924.0;50;87;134;88;124;129
6930.0;49;87;134;87;126;129
6936.0;49;87;134;87;126;129
6942.0;49;87;134;87;126;129
6948.0;49;87;134;88;125;129
6954.0;49;86;133;89;125;130
6960.0;49;86;133;89;125;130
6966.0;49;86;133;89;124;131
6972.0;49;86;134;89;125;129
6978.0;49;86;134;89;124;130
6984.0;49;86;134;89;124;130
6990.0;48;87;134;90;124;129
6996.0;48;86;136;90;124;128
7002.0;49;86;136;90;124;127
7008.0;49;86;136;90;124;127
7014.0;50;86;136;90;123;127
7020.0;51;86;135;90;124;126
7026.0;51;86;135;90;125;125
7032.0;51;86;135;89;126;125
7038.0;51;85;135;89;126;126
7044.0;51;85;136;90;126;124
7050.0;51;85;136;90;126;124
7056.0;53;83;137;89;126;124
7062.0;53;82;137;90;126;124
7068.0;53;82;137;90;125;125
7074.0;53;82;138;89;125;125
7080.0;52;80;137;89;124;130
7086.0;52;80;137;89;125;129
7092.0;50;83;137;90;124;128
7098.0;50;83;137;90;124;128
7104.0;50;83;137;90;124;128
7110.0;49;82;136;91;125;129
7116.0;49;82;136;92;124;129
7122.0;48;81;138;91;125;129
7128.0;48;81;139;91;126;127
7134.0;48;80;138;93;125;128
7140.0;47;80;138;93;126;128
7146.0;47;80;139;93;125;128
7152.0;47;80;139;93;125;128
7158.0;47;79;139;93;126;128
7164.0;47;78;139;94;126;128
7170.0;47;78;139;94;126;128
7176.0;47;78;139;94;126;128
7182.0;48;78;139;94;126;127
7188.0;47;78;139;94;127;127
7194.0;46;78;139;95;127;127
7200.0;46;80;139;94;127;126
7206.0;46;80;139;94;127;126
7212.0;46;80;139;94;127;126
7218.0;47;80;139;94;126;126
7224.0;47;80;140;95;126;124
7230.0;47;81;141;94;125;124
7236.0;47;81;140;95;125;124
7242.0;47;81;140;95;125;124
7248.0;46;81;140;96;125;124
7254.0;46;81;140;96;125;124
7260.0;47;80;139;96;125;125
7266.0;46;80;139;96;126;125
7272.0;46;80;139;96;126;125
7278.0;46;80;137;97;126;126
7284.0;46;80;137;97;126;126
7290.0;46;81;136;97;125;127
7296.0;46;81;136;97;125;127
7302.0;47;81;136;97;126;125
7308.0;46;81;135;97;127;126
7314.0;47;82;134;95;127;127
7320.0;47;82;134;96;127;126
7326.0;46;82;135;97;126;126
7332.0;46;83;135;97;126;125
7338.0;46;83;135;97;126;125
7344.0;46;81;133;98;128;126
7350.0;46;81;133;98;128;126
7356.0;46;82;133;98;127;126
7362.0;47;80;132;99;128;126
7368.0;47;81;131;98;129;126
7374.0;47;81;131;98;128;127
7380.0;47;81;131;98;129;126
7386.0;48;80;130;99;128;127
7392.0;48;80;130;98;129;127
7398.0;48;79;130;100;128;127
7404.0;47;79;130;99;128;129
7410.0;47;80;129;99;128;129
7416.0;47;80;128;99;129;129
7422.0;47;80;128;99;129;129
7428.0;48;80;128;99;128;129
7434.0;50;79;128;99;127;129
7440.0;50;79;128;99;127;129
7446.0;49;79;128;99;127;130
7452.0;49;78;127;99;128;131
7458.0;49;78;128;99;127;131
7464.0;48;79;128;100;126;131
7470.0;47;79;128;100;126;132
7476.0;47;79;129;99;126;132
7482.0;47;79;129;99;126;132
7488.0;47;79;129;99;126;132
7494.0;47;79;130;100;126;130
7500.0;47;79;130;100;126;130
7506.0;47;79;130;99;126;131
7512.0;47;79;130;99;126;131
7518.0;48;80;131;99;125;129
7524.0;49;80;132;99;125;127
7530.0;49;80;131;99;126;127
7536.0;49;80;131;99;126;127
7542.0;49;80;130;99;126;128
7548.0;49;80;132;98;126;127
7554.0;50;80;132;96;126;128
7560.0;49;80;132;97;126;128
7566.0;50;80;132;96;126;128
7572.0;49;83;132;95;126;127
7578.0;49;82;133;95;126;127
7584.0;49;82;133;96;125;127
7590.0;49;82;134;96;124;127
7596.0;49;82;135;96;123;127
7602.0;49;82;135;96;123;127
7608.0;48;82;135;96;123;128
7614.0;48;83;135;98;122;126
7620.0;47;82;137;98;123;125
7626.0;46;83;137;98;123;125
7632.0;46;83;138;97;123;125
7638.0;46;83;138;97;123;125
7644.0;47;84;136;97;123;125
7650.0;46;84;135;99;123;125
7656.0;46;83;134;99;125;125
7662.0;46;83;135;99;125;124
7668.0;46;83;135;99;125;124
7674.0;46;83;135;99;125;124
7680.0;45;84;135;99;125;124
7686.0;45;84;135;99;125;124
7692.0;45;84;135;99;125;124
7698.0;45;84;135;100;125;123
7704.0;45;84;134;100;125;124
7710.0;45;84;134;100;125;124
7716.0;45;84;133;101;125;124
7722.0;46;84;132;100;126;124
7728.0;46;83;133;100;126;124
7734.0;45;84;133;100;126;124
7740.0;45;84;133;100;126;124
7746.0;44;84;133;100;126;125
7752.0;44;84;133;99;127;125
7758.0;45;84;133;99;126;125
7764.0;45;83;133;99;125;127
7770.0;44;84;135;98;124;127
7776.0;43;85;137;97;125;125
7782.0;43;85;137;97;125;125
7788.0;43;85;137;97;125;125
7794.0;44;85;138;97;123;125
7800.0;43;85;138;97;123;126
7806.0;43;85;138;97;123;126
7812.0;42;85;139;97;124;125
7818.0;42;85;139;97;124;125
7824.0;42;85;138;97;125;125
7830.0;43;84;138;97;125;125
7836.0;42;84;139;97;125;125
7842.0;42;84;139;98;124;125
7848.0;42;84;139;97;124;126
7854.0;42;84;138;98;124;126
7860.0;42;84;138;97;124;127
7866.0;43;84;138;98;122;127
7872.0;43;85;137;98;121;128
7878.0;44;85;136;98;121;128
7884.0;44;85;135;98;121;129
7890.0;44;85;135;98;121;129
7896.0;45;85;135;97;121;129
7902.0;45;84;135;98;121;129
7908.0;45;84;135;98;121;129
7914.0;45;83;135;99;122;128
7920.0;45;83;135;99;122;128
7926.0;46;82;135;99;122;128
7932.0;46;82;135;99;122;128
7938.0;45;82;134;100;122;129
7944.0;45;82;134;101;121;129
7950.0;45;80;134;101;121;131
7956.0;44;81;134;100;122;131
7962.0;43;81;133;100;122;133
7968.0;42;81;133;102;122;132
7974.0;42;81;132;101;123;133
7980.0;42;81;133;100;124;132
7986.0;43;80;133;100;124;132
7992.0;43;80;134;101;121;133
7998.0;42;81;134;101;121;133
8004.0;42;82;133;100;122;133
8010.0;43;82;133;100;122;132
8016.0;43;82;133;100;122;132
8022.0;42;83;132;100;122;133
8028.0;42;83;132;100;122;133
8034.0;42;83;131;100;123;133
8040.0;42;84;131;100;122;133
8046.0;43;84;131;98;123;133
8052.0;44;82;132;98;123;133
8058.0;44;82;132;98;123;133
8064.0;44;82;132;97;123;134
8070.0;43;82;133;97;123;134
8076.0;43;81;135;96;123;134
8082.0;43;81;135;96;123;134
8088.0;44;81;135;96;122;134
8094.0;44;82;133;96;122;135
8100.0;44;83;132;96;121;136
8106.0;44;84;132;95;121;136
8112.0;44;84;131;96;121;136
8118.0;45;84;130;96;121;136
8124.0;45;84;130;96;121;136
8130.0;45;84;130;96;121;136
8136.0;46;82;131;97;121;135
8142.0;46;82;130;98;121;135
8148.0;46;82;130;98;121;135
8154.0;46;83;129;98;121;135
8160.0;46;83;128;98;121;136
8166.0;46;83;128;98;121;136
8172.0;47;83;128;98;120;136
8178.0;47;82;128;99;120;136
8184.0;47;83;127;99;120;136
8190.0;47;83;126;100;120;136
8196.0;47;82;126;100;121;136
8202.0;47;83;125;100;121;136
8208.0;48;82;124;100;120;138
8214.0;48;82;124;100;119;139
8220.0;48;81;125;100;119;139
8226.0;48;81;127;100;118;138
8232.0;47;81;127;100;118;139
8238.0;48;81;125;101;118;139
8244.0;48;81;125;101;118;139
8250.0;47;81;125;101;118;140
8256.0;47;81;125;100;118;141
8262.0;47;80;125;101;118;141
8268.0;47;80;125;101;118;141
8274.0;47;80;125;101;118;141
8280.0;47;80;124;102;118;141
8286.0;47;79;123;102;119;142
8292.0;46;79;122;102;119;144
8298.0;48;78;121;102;119;144
8304.0;48;78;121;103;118;144
8310.0;48;78;122;103;118;143
8316.0;48;77;123;103;118;143
8322.0;48;78;123;104;118;141
8328.0;48;77;123;105;119;140
8334.0;48;78;124;104;119;139
8340.0;48;77;123;104;120;140
8346.0;49;76;123;104;119;141
8352.0;49;76;124;104;119;140
8358.0;51;76;124;102;119;140
8364.0;51;77;124;103;118;139
8370.0;51;77;125;103;117;139
8376.0;52;76;125;103;117;139
8382.0;53;76;125;102;117;139
8388.0;52;76;125;102;117;140
8394.0;52;75;124;102;117;142
8400.0;53;74;124;102;116;143
8406.0;53;74;123;103;116;143
8412.0;53;74;124;102;117;142
8418.0;53;74;124;102;117;142
8424.0;53;75;124;102;117;141
8430.0;53;76;124;102;117;140
8436.0;52;76;124;104;117;139
8442.0;52;76;124;104;116;140
8448.0;52;76;124;105;116;139
8454.0;52;76;123;105;117;139
8460.0;53;76;123;105;116;139
8466.0;53;77;122;105;116;139
8472.0;52;78;124;104;116;138
8478.0;51;78;124;104;116;139
8484.0;52;76;125;103;117;139
8490.0;52;76;125;103;117;139
8496.0;52;77;125;102;117;139
8502.0;52;77;125;102;117;139
8508.0;51;77;125;103;117;139
8514.0;52;77;125;104;117;137
8520.0;52;77;125;105;116;137
8526.0;51;77;125;105;117;137
8532.0;51;77;125;104;117;138
8538.0;51;77;125;105;117;137
8544.0;51;77;125;104;118;137
8550.0;52;77;125;104;117;137
8556.0;52;77;125;104;117;137
8562.0;52;78;125;104;117;136
8568.0;52;76;126;104;117;137
8574.0;52;76;126;103;118;137
8580.0;52;76;125;104;118;137
8586.0;52;77;125;103;118;137
8592.0;52;78;125;103;117;137
8598.0;52;78;124;104;117;137
8604.0;52;78;124;104;117;137
8610.0;52;79;123;104;117;137
8616.0;52;80;123;104;117;136
8622.0;50;83;123;105;115;136
8628.0;50;83;123;105;115;136
8634.0;50;82;124;106;115;135
8640.0;50;82;124;107;114;135
8646.0;50;82;124;106;115;135
8652.0;49;82;124;106;115;136
8658.0;49;82;124;105;116;136
8664.0;49;82;125;104;115;137
8670.0;48;85;125;103;114;137
8676.0;48;85;125;103;114;137
8682.0;48;85;125;103;114;137
8688.0;48;85;125;105;114;135
8694.0;49;85;125;104;114;135
8700.0;48;85;126;104;114;135
8706.0;48;86;126;104;113;135
8712.0;48;87;126;103;113;135
8718.0;48;87;126;103;113;135
8724.0;48;87;125;104;113;135
8730.0;48;87;127;102;113;135
8736.0;48;87;127;102;113;135
8742.0;47;88;127;102;113;135
8748.0;48;88;127;102;112;135
8754.0;48;88;127;102;112;135
8760.0;48;89;127;101;112;135
8766.0;49;89;127;100;112;135
8772.0;48;89;127;99;113;136
8778.0;48;89;128;99;113;135
8784.0;48;89;128;99;113;135
8790.0;48;89;128;99;113;135
8796.0;48;89;129;98;113;135
8802.0;48;89;129;98;113;135
8808.0;48;89;129;98;113;135
8814.0;48;87;129;99;113;136
8820.0;47;89;128;99;114;135
8826.0;47;89;127;100;114;135
8832.0;46;89;127;100;115;135
8838.0;46;87;128;101;115;135
8844.0;46;87;129;100;115;135
8850.0;47;86;129;101;115;134
8856.0;48;86;130;101;113;134
8862.0;48;86;131;101;113;133
8868.0;47;87;131;101;113;133
8874.0;48;87;130;100;114;133
8880.0;48;86;130;99;116;133
8886.0;48;86;130;99;116;133
8892.0;48;86;130;99;116;133
8898.0;48;85;130;100;116;133
8904.0;48;85;131;100;115;133
8910.0;49;84;131;100;115;133
8916.0;49;84;131;100;115;133
8922.0;49;84;130;101;115;133
8928.0;50;85;131;98;116;132
8934.0;50;86;131;97;116;132
8940.0;50;86;131;97;116;132
8946.0;51;86;130;96;117;132
8952.0;52;86;130;95;117;132
8958.0;52;86;130;95;117;132
8964.0;52;86;130;95;117;132
8970.0;52;86;131;95;117;131
8976.0;52;86;132;94;117;131
8982.0;52;86;132;94;117;131
8988.0;53;86;133;94;117;129
8994.0;54;86;133;94;117;128
9000.0;54;86;133;93;118;128
9006.0;54;86;133;93;118;128
9012.0;54;86;133;93;118;128
9018.0;54;86;133;93;118;128
9024.0;56;85;132;93;118;128
9030.0;56;85;132;93;118;128
9036.0;58;84;131;93;118;128
9042.0;59;85;131;93;116;128
9048.0;59;84;131;93;116;129
9054.0;59;85;131;92;116;129
9060.0;60;84;131;93;115;129
9066.0;60;84;132;92;115;129
9072.0;60;84;132;92;114;130
9078.0;61;85;131;92;113;130
9084.0;61;86;131;92;113;129
9090.0;62;86;131;92;113;128
9096.0;62;86;131;93;112;128
9102.0;62;86;130;95;112;127
9108.0;61;85;132;94;111;129
9114.0;60;85;132;94;111;130
9120.0;60;85;132;94;111;130
9126.0;60;85;132;93;111;131
9132.0;59;86;132;93;112;130
9138.0;59;87;132;93;112;129
9144.0;59;87;132;93;112;129
9150.0;59;88;133;93;110;129
9156.0;60;87;132;93;110;130
9162.0;60;87;132;93;110;130
9168.0;60;87;132;93;109;131
9174.0;60;87;132;93;109;131
9180.0;60;87;132;94;109;130
9186.0;61;87;132;92;110;130
9192.0;61;87;132;92;110;130
9198.0;60;87;133;92;110;130
9204.0;60;86;133;93;110;130
9210.0;59;87;133;93;110;130
9216.0;59;88;133;93;109;130
9222.0;60;88;133;93;109;129
9228.0;59;87;135;94;108;129
9234.0;59;88;135;94;109;127
9240.0;59;87;135;94;110;127
9246.0;61;87;134;94;109;127
9252.0;60;87;133;95;110;127
9258.0;59;88;132;96;110;127
9264.0;59;88;132;96;110;127
9270.0;59;87;132;96;111;127
9276.0;60;87;131;96;111;127
9282.0;60;87;132;97;110;126
9288.0;61;87;130;98;110;126
9294.0;62;87;130;98;111;124
9300.0;63;86;129;99;111;124
9306.0;63;85;129;99;111;125
9312.0;63;85;129;99;111;125
9318.0;62;86;129;98;112;125
9324.0;63;85;129;97;113;125
9330.0;62;85;129;97;113;126
9336.0;62;85;129;97;113;126
9342.0;63;85;128;97;113;126
9348.0;64;85;128;97;113;125
9354.0;64;85;128;97;113;125
9360.0;65;86;126;97;113;125
9366.0;65;86;126;97;112;126
9372.0;65;88;125;97;111;126
9378.0;65;87;125;97;112;126
9384.0;65;87;125;97;113;125
9390.0;65;88;124;97;113;125
9396.0;65;88;124;97;113;125
9402.0;65;87;124;98;113;125
9408.0;66;87;124;98;113;124
9414.0;66;86;124;98;113;125
9420.0;63;88;124;97;114;126
9426.0;63;88;124;97;114;126
9432.0;63;89;121;98;114;127
9438.0;63;89;121;97;113;129
9444.0;63;89;121;97;113;129
9450.0;61;89;122;97;114;129
9456.0;62;89;122;96;114;129
9462.0;62;89;122;96;114;129
9468.0;61;89;122;96;115;129
9474.0;61;89;122;96;115;129
9480.0;61;87;122;97;116;129
9486.0;61;85;121;100;117;128
9492.0;61;85;121;100;117;128
9498.0;61;85;121;99;117;129
9504.0;60;85;122;99;117;129
9510.0;59;85;122;99;117;130
9516.0;59;85;121;99;117;131
9522.0;59;85;121;99;117;131
9528.0;59;84;121;100;117;131
9534.0;61;84;121;100;116;130
9540.0;61;84;121;100;116;130
9546.0;61;85;121;100;116;129
9552.0;61;85;122;99;116;129
9558.0;61;85;122;99;116;129
9564.0;62;86;122;98;115;129
9570.0;63;85;122;98;116;128
9576.0;63;85;122;98;116;128
9582.0;62;86;122;98;116;128
9588.0;62;87;123;96;115;129
9594.0;63;87;123;96;114;129
9600.0;62;88;123;95;114;130
9606.0;62;87;124;95;114;130
9612.0;62;87;124;95;115;129
9618.0;62;87;124;96;115;128
9624.0;61;87;125;96;115;128
9630.0;60;87;126;96;115;128
9636.0;59;88;126;96;115;128
9642.0;59;88;126;96;115;128
9648.0;59;88;126;96;115;128
9654.0;59;88;126;96;115;128
9660.0;59;88;126;96;115;128
9666.0;59;88;125;96;116;128
9672.0;58;88;125;97;116;128
9678.0;58;88;125;97;116;128
9684.0;56;88;126;96;116;130
9690.0;56;88;126;96;116;130
9696.0;57;88;125;97;116;129
9702.0;58;88;123;97;116;130
9708.0;58;87;123;98;116;130
9714.0;57;88;121;99;117;130
9720.0;57;88;121;99;117;130
9726.0;57;87;121;98;119;130
9732.0;57;86;122;99;118;130
9738.0;57;87;122;99;118;129
9744.0;57;86;122;99;118;130
9750.0;56;87;122;99;118;130
9756.0;57;87;121;99;118;130
9762.0;57;88;121;99;118;129
9768.0;57;87;122;98;120;128
9774.0;58;87;123;98;118;128
9780.0;58;87;123;98;118;128
9786.0;57;89;123;98;117;128
9792.0;57;89;123;98;117;128
9798.0;56;89;122;99;117;129
9804.0;56;89;122;99;117;129
9810.0;56;89;122;99;117;129
9816.0;56;87;123;99;117;130
9822.0;56;87;123;100;116;130
9828.0;55;88;123;100;116;130
9834.0;55;87;123;100;117;130
9840.0;55;88;122;100;117;130
9846.0;56;88;121;100;117;130
9852.0;56;87;121;101;117;130
9858.0;56;87;121;101;117;130
9864.0;56;87;121;101;117;130
9870.0;57;87;121;101;117;129
9876.0;56;87;121;102;117;129
9882.0;57;87;121;102;117;128
9888.0;57;87;120;102;118;128
9894.0;58;88;119;100;120;127
9900.0;58;88;119;100;120;127
9906.0;58;88;118;101;120;127
9912.0;58;88;118;101;120;127
9918.0;58;88;118;101;120;127
9924.0;58;88;118;101;119;128
9930.0;58;89;118;100;119;128
9936.0;57;89;118;100;120;128
9942.0;57;89;119;99;120;128
9948.0;57;89;119;99;120;128
9954.0;58;88;118;99;120;129
9960.0;58;88;119;99;121;127
9966.0;58;88;119;99;121;127
9972.0;58;88;119;99;121;127
9978.0;58;88;119;99;121;127
9984.0;58;87;119;98;122;128
9990.0;58;87;119;98;121;129
9996.0;58;87;119;99;121;128
10002.0;57;88;119;99;123;126
10008.0;57;87;119;100;122;127
10014.0;56;87;119;100;122;128
10020.0;55;87;120;100;122;128
10026.0;55;89;120;100;120;128
10032.0;54;89;121;100;120;128
10038.0;54;89;121;100;120;128
10044.0;54;89;121;100;120;128
10050.0;54;89;121;100;119;129
10056.0;53;89;122;100;119;129
10062.0;52;89;122;100;120;129
10068.0;52;89;124;99;120;128
10074.0;52;89;125;98;120;128
10080.0;53;89;124;98;120;128
10086.0;53;89;124;98;120;128
10092.0;53;89;124;99;119;128
10098.0;53;89;124;99;119;128
10104.0;54;90;123;99;119;127
10110.0;54;90;124;99;119;126
10116.0;55;90;123;99;119;126
10122.0;55;90;123;98;119;127
10128.0;56;89;123;98;119;127
10134.0;55;90;123;98;119;127
10140.0;54;91;124;97;119;127
10146.0;54;91;123;97;120;127
10152.0;52;92;123;97;121;127
10158.0;52;92;123;97;121;127
10164.0;52;92;123;97;121;127
10170.0;52;92;123;97;121;127
10176.0;53;91;124;97;120;127
10182.0;53;90;124;98;120;127
10188.0;52;90;124;99;122;125
10194.0;53;90;124;98;122;125
10200.0;51;90;124;98;123;126
10206.0;51;90;124;98;123;126
10212.0;51;89;124;98;123;127
10218.0;51;89;124;98;123;127
10224.0;51;88;123;99;124;127
10230.0;51;88;124;98;124;127
10236.0;51;87;124;98;124;128
10242.0;51;87;124;98;124;128
10248.0;51;87;124;98;124;128
10254.0;51;87;125;98;124;127
10260.0;51;87;125;99;124;126
10266.0;52;87;124;100;124;125
10272.0;52;87;125;100;125;123
10278.0;52;88;123;101;126;122
10284.0;53;88;123;101;126;121
10290.0;53;87;125;102;124;121
10296.0;53;87;125;102;124;121
10302.0;54;87;125;102;123;121
10308.0;53;87;126;101;124;121
10314.0;53;86;127;101;124;121
10320.0;53;85;127;102;124;121
10326.0;53;84;126;103;124;122
10332.0;52;86;126;102;124;122
10338.0;52;87;125;102;125;121
10344.0;52;87;125;102;125;121
10350.0;54;87;125;101;124;121
10356.0;50;88;127;102;124;121
10362.0;50;88;127;102;124;121
10368.0;50;87;128;101;125;121
10374.0;51;87;129;99;124;122
10380.0;51;87;129;99;124;122
10386.0;52;87;128;100;123;122
10392.0;52;87;128;100;123;122
10398.0;52;87;128;101;123;121
10404.0;52;87;127;101;124;121
10410.0;52;87;127;101;124;121
10416.0;53;88;126;99;126;120
10422.0;53;88;126;99;126;120
10428.0;53;88;126;99;126;120
10434.0;53;86;126;100;126;121
10440.0;51;86;128;100;126;121
10446.0;51;87;128;100;123;123
10452.0;51;87;127;100;125;122
10458.0;52;87;127;100;125;121
10464.0;52;88;127;99;125;121
10470.0;52;88;127;98;125;122
10476.0;52;89;127;97;125;122
10482.0;52;89;127;97;125;122
10488.0;50;89;127;98;125;123
10494.0;50;89;128;97;125;123
10500.0;50;89;128;97;126;122
10506.0;50;89;127;98;126;122
10512.0;50;88;127;99;126;122
10518.0;50;88;129;98;125;122
10524.0;50;88;129;98;125;122
10530.0;50;88;129;98;125;122
10536.0;50;88;129;98;125;122
10542.0;50;87;130;98;125;122
10548.0;50;87;130;98;125;122
10554.0;51;88;130;98;124;121
10560.0;51;88;130;97;124;122
10566.0;50;89;130;97;124;122
10572.0;50;90;130;96;124;122
10578.0;50;90;129;96;123;124
10584.0;49;91;129;96;123;124
10590.0;49;91;128;96;123;125
10596.0;50;90;128;96;123;125
10602.0;50;90;128;96;123;125
10608.0;50;91;128;97;122;124
10614.0;50;91;128;96;122;125
10620.0;49;93;127;96;121;126
10626.0;49;93;127;96;121;126
10632.0;49;93;126;97;121;126
10638.0;48;92;126;97;123;126
10644.0;48;92;126;97;123;126
10650.0;48;92;127;97;123;125
10656.0;48;92;127;98;123;124
10662.0;49;92;125;99;123;124
10668.0;49;92;125;99;123;124
10674.0;49;92;125;100;123;123
10680.0;49;92;125;100;123;123
10686.0;50;91;126;99;123;123
10692.0;50;91;127;98;123;123
10698.0;50;91;127;98;123;123
10704.0;50;92;130;96;121;123
10710.0;50;92;130;96;121;123
10716.0;47;94;130;97;122;122
10722.0;47;94;130;97;122;122
10728.0;47;94;130;97;122;122
10734.0;46;95;131;98;122;120
10740.0;47;93;131;99;121;121
10746.0;47;93;131;99;121;121
10752.0;46;94;131;99;121;121
10758.0;46;96;130;100;121;119
10764.0;45;96;129;100;123;119
10770.0;47;96;129;99;123;118
10776.0;48;96;129;99;122;118
10782.0;47;96;129;99;122;119
10788.0;48;97;129;97;122;119
10794.0;49;97;129;97;121;119
