#auto generated file!
12.0;271;279;235;222;269;254
18.0;271;279;234;223;269;254
24.0;269;279;235;223;269;255
30.0;269;277;234;226;270;254
36.0;268;276;234;227;270;255
42.0;266;277;235;226;271;255
48.0;267;276;236;225;272;254
54.0;263;277;236;228;271;255
60.0;262;277;235;229;271;256
66.0;262;277;235;228;272;256
72.0;260;276;235;228;274;257
78.0;260;276;235;227;275;257
84.0;258;277;234;229;275;257
90.0;256;278;234;229;276;257
96.0;255;279;234;229;275;258
102.0;254;280;233;229;275;259
108.0;253;281;233;228;276;259
114.0;254;281;232;228;276;259
120.0;255;281;231;228;276;259
126.0;254;281;232;228;276;259
132.0;254;281;231;229;276;259
138.0;254;281;231;229;276;259
144.0;253;282;231;229;276;259
150.0;252;282;232;229;276;259
156.0;252;282;232;228;276;260
162.0;250;281;233;229;277;260
168.0;248;280;232;231;279;260
174.0;248;280;232;231;279;260
180.0;249;278;232;231;279;261
186.0;249;278;232;233;278;260
192.0;246;278;232;235;279;260
198.0;244;279;234;236;278;259
204.0;244;279;234;238;278;257
210.0;241;279;237;239;278;256
216.0;240;277;237;241;278;257
222.0;238;277;237;242;280;256
228.0;237;275;238;243;280;257
234.0;236;276;237;244;281;256
240.0;234;275;239;245;281;256
246.0;234;274;238;244;283;257
252.0;233;274;239;244;283;257
258.0;234;274;239;246;282;255
264.0;236;274;239;246;281;254
270.0;236;275;238;246;281;254
276.0;236;275;237;246;282;254
282.0;236;276;237;245;282;254
288.0;234;276;240;243;281;256
294.0;235;277;238;243;281;256
300.0;235;276;239;243;281;256
306.0;236;276;237;242;281;258
312.0;236;276;237;242;281;258
318.0;235;277;237;241;281;259
324.0;235;276;236;242;280;261
330.0;236;275;235;242;281;261
336.0;235;275;235;242;282;261
342.0;235;276;235;241;282;261
348.0;235;276;235;240;282;262
354.0;233;275;236;242;283;261
360.0;235;273;236;242;283;261
366.0;234;271;236;241;286;262
372.0;233;270;235;242;287;263
378.0;233;269;236;241;288;263
384.0;233;269;234;240;292;262
390.0;234;268;234;240;292;262
396.0;235;268;236;239;291;261
402.0;233;270;235;239;291;262
408.0;233;269;237;239;292;260
414.0;232;269;236;239;294;260
420.0;230;267;238;240;296;259
426.0;229;267;238;240;298;258
432.0;228;268;236;241;298;259
438.0;226;268;235;244;297;260
444.0;223;268;236;246;297;260
450.0;223;267;236;246;297;261
456.0;223;268;235;246;297;261
462.0;221;269;234;246;297;263
468.0;220;268;234;245;300;263
474.0;221;268;234;245;299;263
480.0;221;269;234;245;298;263
486.0;220;270;234;244;300;262
492.0;221;269;234;244;301;261
498.0;219;269;237;243;301;261
504.0;218;270;236;243;302;261
510.0;218;270;237;242;303;260
516.0;217;271;237;243;303;259
522.0;217;270;236;243;302;262
528.0;217;269;236;244;302;262
534.0;217;268;235;245;302;263
540.0;218;268;235;243;301;265
546.0;218;267;235;243;300;267
552.0;216;269;233;242;302;268
558.0;216;268;233;242;303;268
564.0;218;268;231;241;303;269
570.0;218;268;232;241;301;270
576.0;218;266;231;241;301;273
582.0;218;266;234;241;298;273
588.0;217;267;234;243;295;274
594.0;218;266;235;243;294;274
600.0;217;266;235;243;295;274
606.0;216;265;235;243;296;275
612.0;215;265;235;243;297;275
618.0;216;263;234;243;297;277
624.0;216;263;233;243;297;278
630.0;216;262;234;244;296;278
636.0;213;264;234;245;294;280
642.0;215;262;234;245;294;280
648.0;216;260;235;245;294;280
654.0;215;260;236;245;294;280
660.0;216;259;236;244;294;281
666.0;216;259;237;243;294;281
672.0;217;259;236;244;293;281
678.0;216;259;238;242;293;282
684.0;217;257;239;244;292;281
690.0;217;255;240;244;292;282
696.0;218;254;240;244;292;282
702.0;215;254;242;244;295;280
708.0;215;253;245;243;296;278
714.0;213;254;245;244;297;277
720.0;213;254;244;244;298;277
726.0;212;256;244;244;299;275
732.0;210;256;246;245;299;274
738.0;209;256;247;245;299;274
744.0;210;255;251;242;298;274
750.0;208;255;251;242;299;275
756.0;207;255;253;243;298;274
762.0;207;255;252;244;298;274
768.0;207;255;251;245;297;275
774.0;208;254;254;245;297;272
780.0;206;252;255;248;297;272
786.0;206;252;255;248;297;272
792.0;204;253;254;249;297;273
798.0;205;254;253;249;296;273
804.0;205;254;253;249;297;272
810.0;205;255;253;248;298;271
816.0;203;255;254;249;298;271
822.0;200;256;255;248;297;274
828.0;201;257;255;248;296;273
834.0;199;256;255;250;297;273
840.0;199;257;255;251;296;272
846.0;199;257;254;250;297;273
852.0;199;257;253;251;298;272
858.0;200;258;254;249;300;269
864.0;199;259;254;248;300;270
870.0;197;258;254;249;299;273
876.0;198;257;254;248;300;273
882.0;201;258;252;248;299;272
888.0;200;257;252;250;300;271
894.0;200;258;252;249;301;270
900.0;200;258;252;248;301;271
906.0;200;258;251;249;300;272
912.0;199;257;251;249;302;272
918.0;198;259;251;249;302;271
924.0;198;259;252;248;303;270
930.0;197;257;252;249;303;272
936.0;196;256;252;251;303;272
942.0;195;258;249;251;304;273
948.0;193;257;250;250;306;274
954.0;194;256;250;250;304;276
960.0;192;255;252;249;305;277
966.0;192;257;250;251;303;277
972.0;192;257;251;251;303;276
978.0;193;256;251;251;303;276
984.0;191;255;251;251;305;277
990.0;190;255;250;252;305;278
996.0;190;256;250;251;305;278
1002.0;190;258;250;250;304;278
1008.0;190;260;250;249;302;279
1014.0;191;259;251;250;302;277
1020.0;193;257;252;249;301;278
1026.0;193;255;252;248;301;281
1032.0;192;256;252;248;301;281
1038.0;192;255;253;248;302;280
1044.0;192;254;253;250;301;280
1050.0;192;254;253;250;301;280
1056.0;191;253;254;250;302;280
1062.0;191;252;255;248;303;281
1068.0;190;253;257;246;302;282
1074.0;189;252;257;246;303;283
1080.0;190;252;254;246;304;284
1086.0;191;253;254;244;305;283
1092.0;191;253;254;244;305;283
1098.0;189;253;254;242;308;284
1104.0;189;255;254;243;306;283
1110.0;189;255;253;243;306;284
1116.0;189;255;253;244;306;283
1122.0;189;254;254;245;305;283
1128.0;188;254;254;246;305;283
1134.0;188;254;254;244;306;284
1140.0;185;254;254;244;308;285
1146.0;185;252;256;245;308;284
1152.0;184;252;256;245;311;282
1158.0;183;254;255;244;312;282
1164.0;183;253;255;245;312;282
1170.0;183;252;256;245;310;284
1176.0;183;251;257;245;310;284
1182.0;182;251;259;243;311;284
1188.0;182;251;260;242;310;285
1194.0;181;252;260;241;311;285
1200.0;181;252;260;240;312;285
1206.0;180;252;261;240;311;286
1212.0;179;255;260;239;311;286
1218.0;178;257;259;239;312;285
1224.0;179;256;259;238;310;288
1230.0;177;257;260;238;310;288
1236.0;176;259;260;238;310;287
1242.0;175;260;260;239;309;287
1248.0;174;261;261;239;310;285
1254.0;172;261;261;238;312;286
1260.0;173;262;260;238;311;286
1266.0;172;263;260;240;310;285
1272.0;171;262;262;239;311;285
1278.0;172;260;262;240;311;285
1284.0;171;259;264;242;309;285
1290.0;173;259;265;240;309;284
1296.0;173;260;263;240;310;284
1302.0;173;258;266;240;309;284
1308.0;174;257;266;240;310;283
1314.0;174;256;266;241;310;283
1320.0;174;256;266;242;310;282
1326.0;174;256;265;243;310;282
1332.0;175;255;264;243;311;282
1338.0;176;252;266;244;311;281
1344.0;175;252;264;244;312;283
1350.0;174;252;266;242;312;284
1356.0;173;253;266;242;311;285
1362.0;173;253;266;243;310;285
1368.0;173;252;266;243;310;286
1374.0;173;251;265;246;309;286
1380.0;173;252;265;245;309;286
1386.0;171;254;265;245;309;286
1392.0;169;253;266;244;312;286
1398.0;167;255;266;246;311;285
1404.0;166;254;266;245;313;286
1410.0;168;255;266;245;312;284
1416.0;167;255;264;247;312;285
1422.0;167;255;262;248;313;285
1428.0;167;255;262;251;311;284
1434.0;167;254;262;251;311;285
1440.0;166;254;263;252;311;284
1446.0;163;255;263;254;311;284
1452.0;162;257;262;253;312;284
1458.0;160;258;263;253;312;284
1464.0;161;258;263;253;311;284
1470.0;159;258;264;252;313;284
1476.0;160;258;264;252;313;283
1482.0;159;259;264;252;313;283
1488.0;158;259;264;251;313;285
1494.0;157;261;264;252;313;283
1500.0;156;261;264;251;314;284
1506.0;154;260;265;252;314;285
1512.0;153;259;266;253;313;286
1518.0;153;260;267;252;313;285
1524.0;153;261;268;251;314;283
1530.0;153;260;268;251;314;284
1536.0;153;260;269;250;314;284
1542.0;152;261;269;249;314;285
1548.0;152;262;269;249;313;285
1554.0;151;261;272;248;313;285
1560.0;151;261;273;247;311;287
1566.0;150;261;275;248;311;285
1572.0;151;259;275;249;311;285
1578.0;150;258;277;250;311;284
1584.0;147;257;280;249;312;285
1590.0;148;258;278;249;312;285
1596.0;148;257;281;248;311;285
1602.0;148;258;281;248;310;285
1608.0;148;257;280;250;310;285
1614.0;147;258;279;250;310;286
1620.0;148;257;278;249;311;287
1626.0;147;258;278;249;311;287
1632.0;148;258;279;248;311;286
1638.0;147;258;279;248;312;286
1644.0;147;259;277;248;312;287
1650.0;148;259;276;248;312;287
1656.0;147;260;275;247;312;289
1662.0;147;259;275;246;313;290
1668.0;148;260;275;245;313;289
1674.0;147;262;275;244;313;289
1680.0;147;262;274;245;313;289
1686.0;147;262;274;244;313;290
1692.0;149;263;271;242;315;290
1698.0;152;261;271;240;315;291
1704.0;151;262;271;239;316;291
1710.0;149;263;271;240;317;290
1716.0;149;263;270;241;317;290
1722.0;149;263;271;240;317;290
1728.0;147;264;271;240;317;291
1734.0;147;266;271;239;316;291
1740.0;147;266;271;240;315;291
1746.0;146;265;271;241;315;292
1752.0;146;264;271;242;316;291
1758.0;146;263;273;240;319;289
1764.0;146;264;271;240;319;290
1770.0;146;263;271;240;320;290
1776.0;146;265;269;239;321;290
1782.0;146;265;268;242;319;290
1788.0;147;265;268;244;317;289
1794.0;148;266;268;244;316;288
1800.0;147;265;269;243;317;289
1806.0;147;268;268;243;316;288
1812.0;146;268;267;243;317;289
1818.0;148;266;267;242;317;290
1824.0;148;265;265;243;320;289
1830.0;146;266;266;243;320;289
1836.0;143;266;265;243;320;293
1842.0;142;266;266;242;321;293
1848.0;141;265;266;244;320;294
1854.0;141;266;268;242;319;294
1860.0;143;264;265;242;320;296
1866.0;145;265;265;240;319;296
1872.0;145;267;264;239;319;296
1878.0;145;267;264;239;318;297
1884.0;147;268;264;238;315;298
1890.0;148;268;264;238;314;298
1896.0;148;267;266;237;313;299
1902.0;146;268;267;236;314;299
1908.0;144;269;268;236;315;298
1914.0;144;269;266;237;315;299
1920.0;143;269;267;236;315;300
1926.0;143;270;269;235;315;298
1932.0;141;271;271;234;315;298
1938.0;142;271;270;234;316;297
1944.0;142;271;271;234;316;296
1950.0;142;271;271;234;316;296
1956.0;142;271;270;235;315;297
1962.0;144;272;269;235;315;295
1968.0;146;272;269;234;313;296
1974.0;145;272;269;233;314;297
1980.0;144;271;270;233;314;298
1986.0;143;274;269;232;313;299
1992.0;143;273;270;231;314;299
1998.0;142;273;269;230;315;301
2004.0;143;270;270;230;316;301
2010.0;142;269;270;232;316;301
2016.0;143;268;271;233;316;299
2022.0;144;271;273;231;314;297
2028.0;144;271;273;232;314;296
2034.0;143;272;272;232;315;296
2040.0;143;272;271;233;315;296
2046.0;140;273;271;233;316;297
2052.0;140;273;273;232;315;297
2058.0;140;273;272;233;315;297
2064.0;139;274;272;232;316;297
2070.0;139;274;272;232;317;296
2076.0;138;274;272;232;317;297
2082.0;138;273;272;234;316;297
2088.0;140;271;274;234;315;296
2094.0;141;270;275;234;315;295
2100.0;141;270;276;234;315;294
2106.0;140;269;278;233;316;294
2112.0;140;268;280;233;316;293
2118.0;140;267;280;234;316;293
2124.0;140;266;281;234;316;293
2130.0;141;267;280;233;316;293
2136.0;141;267;278;235;316;293
2142.0;142;267;278;234;316;293
2148.0;142;267;279;233;316;293
2154.0;142;267;279;234;315;293
2160.0;142;267;280;234;313;294
2166.0;142;267;278;236;314;293
2172.0;145;267;274;236;315;293
2178.0;143;270;275;237;314;291
2184.0;144;269;275;239;312;291
2190.0;144;271;275;238;311;291
2196.0;144;271;275;238;312;290
2202.0;144;271;275;237;312;291
2208.0;144;272;276;237;310;291
2214.0;144;274;276;238;309;289
2220.0;145;274;276;238;309;288
2226.0;147;274;274;236;312;287
2232.0;147;275;273;236;312;287
2238.0;148;273;274;236;312;287
2244.0;148;274;273;237;313;285
2250.0;151;275;270;235;313;286
2256.0;150;278;271;233;312;286
2262.0;150;276;271;232;313;288
2268.0;152;275;273;233;312;285
2274.0;154;272;274;233;313;284
2280.0;154;272;273;232;313;286
2286.0;152;274;272;233;313;286
2292.0;151;275;272;233;313;286
2298.0;153;275;272;233;311;286
2304.0;154;276;271;234;308;287
2310.0;153;278;270;234;308;287
2316.0;153;278;268;235;309;287
2322.0;153;277;268;234;310;288
2328.0;153;279;267;234;310;287
2334.0;152;278;269;236;308;287
2340.0;153;274;270;235;309;289
2346.0;154;272;273;235;308;288
2352.0;157;271;272;234;309;287
2358.0;157;271;272;234;310;286
2364.0;156;272;272;235;309;286
2370.0;154;272;273;235;310;286
2376.0;152;272;273;234;312;287
2382.0;151;272;274;235;312;286
2388.0;151;274;274;234;312;285
2394.0;150;273;273;234;315;285
2400.0;152;272;273;236;313;284
2406.0;152;273;272;238;313;282
2412.0;152;274;271;239;313;281
2418.0;153;275;269;240;313;280
2424.0;152;274;270;241;313;280
2430.0;155;276;268;236;315;280
2436.0;157;275;268;236;315;279
2442.0;156;275;269;238;314;278
2448.0;157;273;268;238;313;281
2454.0;157;273;267;240;312;281
2460.0;157;273;268;238;312;282
2466.0;157;272;268;239;311;283
2472.0;158;272;267;237;313;283
2478.0;158;273;266;238;313;282
2484.0;158;273;266;240;312;281
2490.0;158;274;266;237;312;283
2496.0;158;275;265;236;312;284
2502.0;159;274;265;235;312;285
2508.0;160;275;266;233;311;285
2514.0;160;276;266;233;311;284
2520.0;160;276;266;232;312;284
2526.0;160;277;265;233;312;283
2532.0;159;278;264;233;314;282
2538.0;159;278;264;232;314;283
2544.0;159;278;263;232;315;283
2550.0;158;278;264;233;314;283
2556.0;159;278;265;232;314;282
2562.0;157;279;264;232;316;282
2568.0;158;279;264;231;316;282
2574.0;159;279;264;230;315;283
2580.0;159;280;263;229;316;283
2586.0;159;282;262;228;317;282
2592.0;161;284;262;227;315;281
2598.0;161;284;264;227;316;278
2604.0;161;285;263;227;316;278
2610.0;162;285;262;228;315;278
2616.0;162;286;262;229;315;276
2622.0;161;288;263;228;313;277
2628.0;161;288;264;229;309;279
2634.0;159;289;264;229;309;280
2640.0;158;288;266;229;310;279
2646.0;160;285;267;229;310;279
2652.0;161;284;266;230;310;279
2658.0;161;284;267;228;312;278
2664.0;162;284;266;227;312;279
2670.0;161;284;269;227;311;278
2676.0;161;283;268;227;312;279
2682.0;160;281;268;229;314;278
2688.0;160;281;269;227;313;280
2694.0;161;281;270;225;313;280
2700.0;161;280;270;225;315;279
2706.0;160;281;269;223;317;280
2712.0;158;281;269;226;317;279
2718.0;157;281;269;227;316;280
2724.0;156;281;270;227;315;281
2730.0;158;279;269;227;315;282
2736.0;159;281;268;227;314;281
2742.0;159;279;268;228;314;282
2748.0;157;280;268;228;314;283
2754.0;157;280;269;227;313;284
2760.0;157;282;267;227;313;284
2766.0;156;283;267;226;314;284
2772.0;156;282;267;227;315;283
2778.0;157;281;268;227;313;284
2784.0;154;280;268;228;314;286
2790.0;153;279;268;228;315;287
2796.0;154;279;267;227;316;287
2802.0;154;277;267;228;316;288
2808.0;154;278;266;227;314;291
2814.0;152;278;267;228;314;291
2820.0;155;275;266;231;310;293
2826.0;156;274;266;233;309;292
2832.0;155;274;266;234;309;292
2838.0;155;272;267;235;309;292
2844.0;155;272;267;234;310;292
2850.0;155;272;267;232;310;294
2856.0;155;271;267;233;310;294
2862.0;151;268;267;233;313;298
2868.0;150;266;267;233;316;298
2874.0;150;267;267;234;316;296
2880.0;151;266;267;232;317;297
2886.0;150;262;269;233;318;298
2892.0;150;263;270;234;316;297
2898.0;148;264;269;232;317;300
2904.0;148;263;270;231;318;300
2910.0;146;260;271;232;322;299
2916.0;146;262;272;233;320;297
2922.0;144;260;275;235;320;296
2928.0;146;259;275;234;322;294
2934.0;145;259;275;237;321;293
2940.0;146;261;275;235;321;292
2946.0;146;259;278;234;321;292
2952.0;146;258;278;235;321;292
2958.0;148;258;280;232;322;290
2964.0;148;257;280;233;323;289
2970.0;148;256;281;233;321;291
2976.0;148;257;280;234;321;290
2982.0;148;257;280;235;320;290
2988.0;150;255;280;235;320;290
2994.0;151;253;280;236;321;289
3000.0;151;253;282;232;322;290
3006.0;151;253;281;233;322;290
3012.0;151;252;281;234;322;290
3018.0;152;250;280;234;323;291
3024.0;154;249;281;234;323;289
3030.0;155;248;278;235;325;289
3036.0;156;250;278;234;324;288
3042.0;158;249;277;234;325;287
3048.0;158;248;277;234;325;288
3054.0;157;248;278;234;325;288
3060.0;156;249;278;233;326;288
3066.0;157;248;279;232;324;290
3072.0;155;250;277;232;326;290
3078.0;155;252;277;232;326;288
3084.0;154;249;275;234;329;289
3090.0;155;249;274;233;329;290
3096.0;153;248;275;234;328;292
3102.0;153;248;278;233;328;290
3108.0;153;249;278;233;328;289
3114.0;151;249;278;234;329;289
3120.0;152;247;277;234;330;290
3126.0;151;248;277;234;330;290
3132.0;153;246;277;233;331;290
3138.0;153;245;277;234;331;290
3144.0;154;245;276;233;332;290
3150.0;155;244;277;232;333;289
3156.0;156;245;277;232;331;289
3162.0;155;246;277;232;329;291
3168.0;155;245;278;230;331;291
3174.0;155;244;278;230;332;291
3180.0;155;244;276;230;332;293
3186.0;154;244;277;230;332;293
3192.0;153;243;278;232;331;293
3198.0;152;244;279;233;329;293
3204.0;151;246;278;236;326;293
3210.0;152;244;277;237;327;293
3216.0;152;242;277;237;328;294
3222.0;154;242;277;234;328;295
3228.0;155;241;278;235;328;293
3234.0;153;243;278;236;327;293
3240.0;153;243;278;235;328;293
3246.0;152;243;280;234;328;293
3252.0;152;244;281;233;328;292
3258.0;152;242;281;234;329;292
3264.0;152;242;281;234;329;292
3270.0;152;241;281;233;329;294
3276.0;152;241;280;233;331;293
3282.0;153;241;280;232;330;294
3288.0;153;240;278;230;334;295
3294.0;154;240;278;229;333;296
3300.0;152;239;279;230;333;297
3306.0;152;238;278;231;335;296
3312.0;151;237;278;232;335;297
3318.0;150;234;279;233;336;298
3324.0;151;235;278;234;336;296
3330.0;152;235;278;231;338;296
3336.0;153;235;279;230;338;295
3342.0;154;235;279;230;338;294
3348.0;154;235;282;228;337;294
3354.0;154;234;282;228;338;294
3360.0;156;233;282;228;337;294
3366.0;155;234;281;229;337;294
3372.0;153;234;285;228;336;294
3378.0;153;233;285;228;336;295
3384.0;152;233;284;227;340;294
3390.0;152;234;285;228;337;294
3396.0;150;233;284;228;340;295
3402.0;149;232;286;230;338;295
3408.0;149;233;285;231;338;294
3414.0;149;233;285;231;338;294
3420.0;150;232;285;230;339;294
3426.0;148;232;285;229;340;296
3432.0;149;232;285;228;341;295
3438.0;149;232;284;228;343;294
3444.0;149;231;284;229;343;294
3450.0;149;230;284;229;343;295
3456.0;150;229;283;232;343;293
3462.0;149;229;282;233;346;291
3468.0;149;229;284;231;344;293
3474.0;150;229;283;231;345;292
3480.0;150;230;282;233;344;291
3486.0;150;229;284;232;344;291
3492.0;151;230;284;231;343;291
3498.0;151;230;285;231;343;290
3504.0;151;230;285;231;343;290
3510.0;151;229;285;230;344;291
3516.0;150;228;285;232;344;291
3522.0;150;227;285;231;346;291
3528.0;150;226;286;231;346;291
3534.0;150;226;288;230;345;291
3540.0;148;226;289;231;344;292
3546.0;148;227;289;230;344;292
3552.0;147;228;291;231;344;289
3558.0;148;228;291;230;344;289
3564.0;146;227;290;231;344;292
3570.0;146;227;290;231;344;292
3576.0;148;228;291;229;343;291
3582.0;152;228;291;228;343;288
3588.0;153;227;291;225;343;291
3594.0;152;229;292;226;339;292
3600.0;153;229;290;226;339;293
3606.0;152;232;290;225;339;292
3612.0;152;232;290;225;339;292
3618.0;152;231;291;225;339;292
3624.0;152;231;290;225;339;293
3630.0;151;231;292;224;339;293
3636.0;150;230;292;225;339;294
3642.0;150;232;291;223;340;294
3648.0;150;233;291;222;340;294
3654.0;150;234;290;221;341;294
3660.0;150;236;290;220;339;295
3666.0;149;235;289;223;340;294
3672.0;149;235;289;222;340;295
3678.0;150;236;287;221;341;295
3684.0;150;236;287;222;341;294
3690.0;150;236;287;221;342;294
3696.0;150;236;287;220;342;295
3702.0;150;237;287;220;343;293
3708.0;149;237;287;221;343;293
3714.0;149;237;289;220;343;292
3720.0;148;237;289;222;342;292
3726.0;149;236;288;221;342;294
3732.0;149;236;287;223;343;292
3738.0;151;235;288;222;341;293
3744.0;152;235;289;220;342;292
3750.0;152;235;289;220;342;292
3756.0;154;236;287;217;342;294
3762.0;154;236;286;216;346;292
3768.0;153;235;286;218;346;292
3774.0;149;236;286;220;347;292
3780.0;151;235;286;219;346;293
3786.0;150;237;286;220;343;294
3792.0;151;236;286;220;344;293
3798.0;150;237;283;222;346;292
3804.0;150;239;282;222;346;291
3810.0;151;240;281;220;347;291
3816.0;150;239;282;221;347;291
3822.0;151;237;282;222;347;291
3828.0;153;236;282;221;345;293
3834.0;152;238;284;219;345;292
3840.0;153;238;283;219;344;293
3846.0;155;237;283;217;344;294
3852.0;153;236;283;220;345;293
3858.0;153;237;284;220;345;291
3864.0;152;237;284;221;345;291
3870.0;153;237;282;221;345;292
3876.0;152;236;283;221;344;294
3882.0;152;235;283;220;344;296
3888.0;152;235;283;221;344;295
3894.0;150;237;284;221;343;295
3900.0;151;236;285;220;343;295
3906.0;150;236;285;219;345;295
3912.0;152;235;286;219;344;294
3918.0;152;237;286;219;342;294
3924.0;154;236;285;220;342;293
3930.0;153;235;285;220;342;295
3936.0;153;234;285;220;342;296
3942.0;152;233;284;221;343;297
3948.0;152;232;286;221;342;297
3954.0;152;232;284;222;343;297
3960.0;153;232;282;223;341;299
3966.0;153;233;282;224;340;298
3972.0;153;234;282;223;340;298
3978.0;153;233;283;222;340;299
3984.0;151;233;282;223;341;300
3990.0;152;232;283;223;340;300
3996.0;151;234;283;223;339;300
4002.0;148;234;282;223;343;300
4008.0;148;233;283;224;343;299
4014.0;150;233;282;224;343;298
4020.0;151;234;282;224;341;298
4026.0;151;234;284;222;341;298
4032.0;151;234;284;222;341;298
4038.0;151;234;285;223;340;297
4044.0;152;235;284;224;340;295
4050.0;154;235;284;221;341;295
4056.0;154;236;283;221;341;295
4062.0;154;236;283;221;342;294
4068.0;153;235;284;221;343;294
4074.0;152;235;286;221;343;293
4080.0;152;234;287;220;344;293
4086.0;152;234;287;220;344;293
4092.0;153;235;287;220;342;293
4098.0;153;236;286;220;341;294
4104.0;155;234;287;219;341;294
4110.0;155;233;288;217;342;295
4116.0;156;231;288;218;342;295
4122.0;157;230;289;217;342;295
4128.0;156;230;291;216;342;295
4134.0;156;232;291;215;342;294
4140.0;156;231;291;216;343;293
4146.0;155;231;292;216;343;293
4152.0;155;232;293;216;343;291
4158.0;155;233;294;217;341;290
4164.0;157;233;292;216;341;291
4170.0;159;233;293;214;341;290
4176.0;158;233;294;213;341;291
4182.0;155;237;294;213;340;291
4188.0;152;238;293;215;341;291
4194.0;150;240;293;216;341;290
4200.0;150;239;294;215;341;291
4206.0;150;239;293;216;341;291
4212.0;150;239;293;217;341;290
4218.0;149;239;294;218;339;291
4224.0;149;238;293;219;339;292
4230.0;148;239;293;220;338;292
4236.0;148;238;293;220;338;293
4242.0;146;238;293;221;338;294
4248.0;146;238;294;222;339;291
4254.0;146;237;294;222;340;291
4260.0;144;237;296;221;340;292
4266.0;145;235;296;221;341;292
4272.0;145;236;295;222;341;291
4278.0;145;236;295;222;341;291
4284.0;145;235;295;222;341;292
4290.0;146;233;297;223;339;292
4296.0;145;234;298;223;337;293
4302.0;144;235;297;223;338;293
4308.0;144;236;298;223;337;292
4314.0;144;236;299;224;336;291
4320.0;144;235;300;224;337;290
4326.0;144;234;300;222;338;292
4332.0;143;233;300;223;339;292
4338.0;145;231;300;222;340;292
4344.0;145;231;299;222;341;292
4350.0;145;231;299;220;342;293
4356.0;145;233;299;220;340;293
4362.0;144;234;301;218;340;293
4368.0;143;234;301;219;340;293
4374.0;141;235;302;219;341;292
4380.0;141;235;301;219;341;293
4386.0;141;235;300;219;342;293
4392.0;141;235;301;218;342;293
4398.0;140;232;301;219;344;294
4404.0;141;231;301;219;344;294
4410.0;140;231;300;221;343;295
4416.0;142;229;300;220;342;297
4422.0;143;227;299;221;344;296
4428.0;143;227;299;221;343;297
4434.0;144;227;298;220;343;298
4440.0;143;228;300;220;343;296
4446.0;143;229;301;218;343;296
4452.0;143;227;301;219;344;296
4458.0;142;229;300;218;345;296
4464.0;140;229;302;217;346;296
4470.0;142;231;301;216;345;295
4476.0;143;230;301;215;346;295
4482.0;143;231;301;213;346;296
4488.0;144;231;301;213;344;297
4494.0;144;232;300;211;346;297
4500.0;143;232;301;211;345;298
4506.0;143;232;301;211;346;297
4512.0;141;232;302;211;346;298
4518.0;138;234;301;210;347;300
4524.0;137;236;299;211;347;300
4530.0;139;233;298;212;347;301
4536.0;140;234;297;212;347;300
4542.0;144;234;297;209;347;299
4548.0;144;234;297;208;346;301
4554.0;144;235;296;208;346;301
4560.0;144;237;297;206;346;300
4566.0;143;238;296;207;346;300
4572.0;141;237;296;207;348;301
4578.0;141;236;296;207;349;301
4584.0;142;234;298;207;348;301
4590.0;143;233;298;208;346;302
4596.0;144;231;297;207;348;303
4602.0;143;232;296;207;348;304
4608.0;142;231;298;206;348;305
4614.0;142;232;299;205;349;303
4620.0;142;231;300;207;348;302
4626.0;143;231;301;207;348;300
4632.0;143;231;301;207;347;301
4638.0;143;231;301;206;347;302
4644.0;143;231;301;206;347;302
4650.0;141;231;302;208;344;304
4656.0;143;232;303;208;341;303
4662.0;143;231;302;210;341;303
4668.0;142;232;302;210;340;304
4674.0;143;231;303;211;338;304
4680.0;143;230;303;211;339;304
4686.0;142;231;301;214;339;303
4692.0;141;232;302;213;339;303
4698.0;140;233;302;214;338;303
4704.0;140;235;302;211;338;304
4710.0;140;236;302;210;339;303
4716.0;141;235;304;210;337;303
4722.0;141;234;303;210;338;304
4728.0;141;234;303;211;338;303
4734.0;141;236;302;211;339;301
4740.0;142;235;302;211;339;301
4746.0;142;234;301;212;340;301
4752.0;142;235;300;212;339;302
4758.0;141;236;298;213;339;303
4764.0;141;234;299;214;339;303
4770.0;139;234;301;214;339;303
4776.0;141;232;299;215;341;302
4782.0;140;233;300;215;340;302
4788.0;138;235;299;215;341;302
4794.0;138;235;299;215;341;302
4800.0;140;231;298;216;342;303
4806.0;143;231;298;215;342;301
4812.0;142;231;302;213;339;303
4818.0;143;230;302;212;339;304
4824.0;142;230;300;216;338;304
4830.0;142;231;300;216;338;303
4836.0;142;232;299;214;339;304
4842.0;142;232;300;214;339;303
4848.0;143;233;301;214;339;300
4854.0;143;233;301;214;340;299
4860.0;144;233;302;213;341;297
4866.0;146;234;302;212;340;296
4872.0;146;234;303;213;339;295
4878.0;147;232;303;214;339;295
4884.0;147;231;303;215;338;296
4890.0;147;230;303;215;337;298
4896.0;146;230;304;214;337;299
4902.0;146;229;306;214;336;299
4908.0;145;230;304;214;336;301
4914.0;145;230;303;213;337;302
4920.0;145;230;303;213;336;303
4926.0;143;230;303;213;335;306
4932.0;143;230;304;213;336;304
4938.0;143;230;304;213;336;304
4944.0;143;228;304;216;336;303
4950.0;142;228;305;216;335;304
4956.0;142;228;308;215;334;303
4962.0;142;227;307;215;335;304
4968.0;143;228;307;214;335;303
4974.0;142;227;306;216;335;304
4980.0;142;225;306;216;336;305
4986.0;144;225;305;214;338;304
4992.0;144;226;304;214;339;303
4998.0;144;225;304;216;338;303
5004.0;144;224;306;216;339;301
5010.0;144;224;307;215;339;301
5016.0;145;224;307;215;338;301
5022.0;146;224;309;214;337;300
5028.0;148;224;309;213;336;300
5034.0;148;224;310;212;335;301
5040.0;149;226;309;212;335;299
5046.0;150;225;310;213;334;298
5052.0;150;224;310;213;335;298
5058.0;149;224;312;213;335;297
5064.0;149;224;308;214;337;298
5070.0;149;225;308;214;335;299
5076.0;149;223;309;214;334;301
5082.0;148;224;309;215;332;302
5088.0;149;224;309;215;333;300
5094.0;149;224;308;215;334;300
5100.0;148;225;308;216;334;299
5106.0;149;226;306;215;335;299
5112.0;148;224;307;214;335;302
5118.0;148;225;308;215;334;300
5124.0;148;225;308;213;335;301
5130.0;148;225;309;213;335;300
5136.0;148;225;310;212;335;300
5142.0;148;225;311;212;335;299
5148.0;148;225;311;211;336;299
5154.0;147;226;311;211;336;299
5160.0;144;226;312;211;336;301
5166.0;145;225;312;212;335;301
5172.0;145;225;312;212;335;301
5178.0;144;225;312;213;336;300
5184.0;145;225;311;213;335;301
5190.0;145;225;311;213;335;301
5196.0;146;225;310;214;334;301
5202.0;146;224;309;214;336;301
5208.0;145;227;308;215;335;300
5214.0;144;228;309;214;334;301
5220.0;144;229;307;215;335;300
5226.0;144;227;307;215;336;301
5232.0;143;228;308;214;336;301
5238.0;141;229;308;214;337;301
5244.0;140;229;307;215;338;301
5250.0;139;230;308;215;338;300
5256.0;138;230;309;214;338;301
5262.0;138;230;308;215;338;301
5268.0;138;228;309;214;339;302
5274.0;135;230;310;214;337;304
5280.0;135;231;310;213;337;304
5286.0;135;231;311;212;337;304
5292.0;135;231;312;211;337;304
5298.0;136;231;309;211;338;305
5304.0;136;231;310;211;337;305
5310.0;136;231;310;211;337;305
5316.0;136;232;311;211;337;303
5322.0;136;231;311;211;337;304
5328.0;134;232;311;211;339;303
5334.0;134;231;312;210;338;305
5340.0;134;230;314;211;336;305
5346.0;135;230;313;209;335;308
5352.0;136;229;314;208;335;308
5358.0;135;227;316;208;335;309
5364.0;136;229;315;208;336;306
5370.0;135;228;314;210;336;307
5376.0;134;231;313;209;337;306
5382.0;134;232;313;208;337;306
5388.0;134;233;312;208;337;306
5394.0;133;233;314;208;336;306
5400.0;132;233;314;208;338;305
5406.0;133;232;316;208;338;303
5412.0;132;235;316;208;336;303
5418.0;132;233;318;207;335;305
5424.0;132;233;319;206;336;304
5430.0;132;233;318;207;336;304
5436.0;133;233;319;206;335;304
5442.0;134;234;320;206;335;301
5448.0;134;234;321;205;334;302
5454.0;134;236;321;204;334;301
5460.0;133;235;320;203;337;302
5466.0;135;235;320;203;337;300
5472.0;134;234;319;204;340;299
5478.0;135;234;317;205;338;301
5484.0;136;234;317;205;338;300
5490.0;136;234;315;207;337;301
5496.0;136;234;316;208;335;301
5502.0;135;235;316;207;335;302
5508.0;134;236;315;207;334;304
5514.0;132;236;316;207;335;304
5520.0;132;236;316;208;334;304
5526.0;131;235;318;208;333;305
5532.0;130;236;321;207;333;303
5538.0;128;235;320;209;335;303
5544.0;129;234;321;209;334;303
5550.0;129;234;321;209;335;302
5556.0;128;234;321;209;337;301
5562.0;127;235;321;209;337;301
5568.0;127;234;321;209;337;302
5574.0;127;232;321;209;337;304
5580.0;127;234;321;209;336;303
5586.0;128;233;320;211;336;302
5592.0;129;233;320;211;335;302
5598.0;130;235;318;210;333;304
5604.0;131;237;319;209;331;303
5610.0;129;237;320;208;331;305
5616.0;130;236;320;209;330;305
5622.0;130;237;319;209;330;305
5628.0;131;238;318;209;329;305
5634.0;132;239;317;209;328;305
5640.0;132;239;317;210;328;304
5646.0;132;240;317;209;327;305
5652.0;134;240;317;210;326;303
5658.0;134;238;320;211;327;300
5664.0;134;237;321;211;327;300
5670.0;135;239;321;209;326;300
5676.0;136;239;321;208;326;300
5682.0;134;238;321;210;326;301
5688.0;134;237;322;211;328;298
5694.0;133;237;322;211;328;299
5700.0;134;236;321;211;328;300
5706.0;133;235;322;212;329;299
5712.0;136;231;324;212;327;300
5718.0;134;231;326;212;326;301
5724.0;134;234;326;213;324;299
5730.0;133;233;327;213;324;300
5736.0;133;233;326;214;323;301
5742.0;133;234;326;214;323;300
5748.0;135;233;326;214;324;298
5754.0;135;234;325;214;325;297
5760.0;135;234;324;214;326;297
5766.0;135;235;322;215;325;298
5772.0;136;236;321;216;325;296
5778.0;139;237;319;214;327;294
5784.0;138;237;321;216;323;295
5790.0;138;237;320;216;324;295
5796.0;139;237;319;218;322;295
5802.0;138;236;318;217;324;297
5808.0;138;237;317;217;324;297
5814.0;137;240;319;216;322;296
5820.0;135;241;320;217;321;296
5826.0;132;240;322;217;323;296
5832.0;131;241;322;217;323;296
5838.0;131;241;322;217;323;296
5844.0;131;242;323;218;320;296
5850.0;131;242;323;217;320;297
5856.0;132;241;321;217;321;298
5862.0;133;240;322;217;320;298
5868.0;132;241;321;218;320;298
5874.0;132;241;322;218;320;297
5880.0;132;241;322;218;320;297
5886.0;131;241;323;218;320;297
5892.0;130;243;323;217;319;298
5898.0;131;245;322;214;318;300
5904.0;126;247;324;215;318;300
5910.0;124;246;325;216;319;300
5916.0;123;247;324;215;319;302
5922.0;125;247;323;214;319;302
5928.0;127;246;324;213;318;302
5934.0;126;245;324;213;319;303
5940.0;127;245;326;211;317;304
5946.0;127;244;329;211;315;304
5952.0;127;244;328;212;315;304
5958.0;126;244;329;211;315;305
5964.0;125;245;328;210;316;306
5970.0;126;246;327;210;315;306
5976.0;126;246;328;210;314;306
5982.0;128;246;329;210;312;305
5988.0;128;247;330;211;310;304
5994.0;127;248;330;209;310;306
6000.0;126;249;331;209;309;306
6006.0;126;248;331;210;310;305
6012.0;129;244;330;212;310;305
6018.0;130;243;328;212;310;307
6024.0;128;244;330;211;310;307
6030.0;127;245;330;210;312;306
6036.0;128;243;332;210;311;306
6042.0;127;244;331;209;313;306
6048.0;127;244;329;209;315;306
6054.0;127;244;330;209;314;306
6060.0;127;243;330;209;314;307
6066.0;129;242;329;209;315;306
6072.0;128;242;331;209;315;305
6078.0;128;242;332;213;311;304
6084.0;129;241;332;212;312;304
6090.0;131;242;332;211;310;304
6096.0;132;243;333;210;309;303
6102.0;132;243;334;209;309;303
6108.0;132;243;334;209;309;303
6114.0;131;244;335;209;308;303
6120.0;128;243;334;211;308;306
6126.0;128;244;332;208;309;309
6132.0;128;244;335;208;310;305
6138.0;128;244;335;208;310;305
6144.0;129;245;332;208;310;306
6150.0;129;246;332;206;311;306
6156.0;129;246;332;205;312;306
6162.0;127;249;331;205;314;304
6168.0;127;248;332;205;314;304
6174.0;128;249;331;205;313;304
6180.0;129;250;330;204;313;304
6186.0;127;250;330;205;315;303
6192.0;128;249;331;205;314;303
6198.0;128;249;331;204;313;305
6204.0;128;249;332;204;312;305
6210.0;129;247;334;202;313;305
6216.0;130;246;333;203;312;306
6222.0;130;245;333;203;311;308
6228.0;131;245;332;203;310;309
6234.0;131;245;333;203;309;309
6240.0;132;246;333;202;309;308
6246.0;132;243;332;205;311;307
6252.0;135;240;331;203;311;310
6258.0;135;240;330;205;311;309
6264.0;135;240;331;204;310;310
6270.0;137;240;330;204;309;310
6276.0;136;241;330;205;307;311
6282.0;137;243;329;202;309;310
6288.0;137;243;330;201;309;310
6294.0;138;242;329;201;310;310
6300.0;138;242;331;202;308;309
6306.0;139;243;330;201;309;308
6312.0;138;243;330;201;309;309
6318.0;137;243;330;202;309;309
6324.0;137;244;327;202;311;309
6330.0;136;244;328;201;312;309
6336.0;136;244;329;200;312;309
6342.0;137;244;329;200;311;309
6348.0;134;247;328;199;311;311
6354.0;134;246;328;199;312;311
6360.0;135;246;328;200;312;309
6366.0;135;244;329;201;311;310
6372.0;134;245;329;202;310;310
6378.0;133;246;329;202;309;311
6384.0;132;247;328;202;309;312
6390.0;132;248;329;199;309;313
6396.0;133;248;330;199;308;312
6402.0;133;248;330;199;308;312
6408.0;132;248;330;197;309;314
6414.0;131;249;328;198;309;315
6420.0;131;251;329;198;306;315
6426.0;128;252;328;200;307;315
6432.0;129;249;328;199;309;316
6438.0;129;248;326;198;311;318
6444.0;130;248;325;199;311;317
6450.0;131;249;325;199;308;318
6456.0;133;249;325;199;308;316
6462.0;133;249;326;198;308;316
6468.0;135;249;325;198;308;315
6474.0;134;249;326;199;308;314
6480.0;135;250;325;200;306;314
6486.0;135;248;324;202;307;314
6492.0;134;250;324;201;306;315
6498.0;135;249;323;202;307;314
6504.0;135;249;322;203;307;314
6510.0;135;250;323;203;305;314
6516.0;136;250;323;203;305;313
6522.0;137;247;325;204;304;313
6528.0;136;246;326;205;304;313
6534.0;134;248;326;205;304;313
6540.0;134;251;323;204;304;314
6546.0;135;249;322;204;305;315
6552.0;138;247;321;204;306;314
6558.0;138;245;322;204;307;314
6564.0;138;243;324;203;309;313
6570.0;138;242;325;202;310;313
6576.0;137;242;325;202;310;314
6582.0;136;243;323;201;311;316
6588.0;137;242;322;201;312;316
6594.0;137;241;323;201;313;315
6600.0;135;242;323;201;314;315
6606.0;135;242;323;201;314;315
6612.0;135;242;323;200;314;316
6618.0;134;243;324;200;313;316
6624.0;133;244;324;200;311;318
6630.0;132;244;323;200;313;318
6636.0;133;244;323;199;314;317
6642.0;133;242;324;199;315;317
6648.0;132;243;324;200;314;317
6654.0;135;242;324;198;314;317
6660.0;136;242;326;197;314;315
6666.0;137;243;326;196;313;315
6672.0;138;242;326;196;312;316
6678.0;136;242;327;196;312;317
6684.0;137;242;327;195;312;317
6690.0;137;241;327;196;312;317
6696.0;136;240;327;199;312;316
6702.0;137;240;327;199;312;315
6708.0;137;240;328;199;312;314
6714.0;138;240;327;197;314;314
6720.0;138;240;327;197;314;314
6726.0;139;239;326;197;314;315
6732.0;140;239;324;197;315;315
6738.0;137;238;324;200;315;316
6744.0;136;239;324;200;315;316
6750.0;136;239;323;201;315;316
6756.0;136;240;322;202;315;315
6762.0;137;240;322;203;314;314
6768.0;137;241;322;202;314;314
6774.0;137;240;322;202;314;315
6780.0;136;239;321;203;314;317
6786.0;136;240;322;202;313;317
6792.0;137;240;322;201;311;319
6798.0;137;241;320;200;311;321
6804.0;133;240;319;200;313;325
6810.0;134;239;321;199;313;324
6816.0;135;240;320;200;312;323
6822.0;137;238;321;200;311;323
6828.0;136;240;322;201;311;320
6834.0;137;242;321;199;311;320
6840.0;138;241;321;199;311;320
6846.0;138;240;321;200;311;320
6852.0;139;240;320;202;310;319
6858.0;138;240;321;203;310;318
6864.0;138;240;321;203;310;318
6870.0;139;240;320;204;309;318
6876.0;139;239;321;204;310;317
6882.0;140;239;320;204;311;316
6888.0;139;239;320;203;311;318
6894.0;140;238;319;204;311;318
6900.0;141;237;319;206;309;318
6906.0;142;238;319;205;308;318
6912.0;142;238;318;206;307;319
6918.0;144;238;318;206;306;318
6924.0;144;239;318;208;304;317
6930.0;143;238;317;208;306;318
6936.0;141;239;317;209;306;318
6942.0;140;239;313;210;309;319
6948.0;139;242;313;209;308;319
6954.0;139;242;313;208;309;319
6960.0;140;242;313;207;308;320
6966.0;141;243;313;206;308;319
6972.0;142;244;313;203;309;319
6978.0;142;244;313;204;309;318
6984.0;140;243;315;206;309;317
6990.0;141;242;316;203;310;318
6996.0;142;242;315;202;310;319
7002.0;143;242;316;200;310;319
7008.0;142;242;316;201;310;319
7014.0;141;239;317;202;309;322
7020.0;140;239;317;202;310;322
7026.0;139;240;317;201;312;321
7032.0;139;239;318;202;311;321
7038.0;139;237;320;201;312;321
7044.0;138;236;321;201;312;322
7050.0;137;236;321;202;312;322
7056.0;137;236;323;200;312;322
7062.0;136;237;324;199;312;322
7068.0;136;237;324;199;312;322
7074.0;136;236;323;199;313;323
7080.0;136;235;323;199;312;325
7086.0;135;236;324;197;311;327
7092.0;138;235;323;198;310;326
7098.0;139;235;325;198;308;325
7104.0;138;233;327;199;307;326
7110.0;139;235;328;198;307;323
7116.0;140;234;328;198;307;323
7122.0;142;231;329;197;308;323
7128.0;141;232;330;196;308;323
7134.0;140;233;331;196;307;323
7140.0;139;235;330;196;307;323
7146.0;139;235;330;197;306;323
7152.0;140;234;328;197;306;325
7158.0;141;233;329;196;306;325
7164.0;142;233;330;194;306;325
7170.0;143;232;329;194;308;324
7176.0;145;232;330;193;306;324
7182.0;149;229;330;193;306;323
7188.0;147;229;331;193;306;324
7194.0;146;228;331;193;306;326
7200.0;145;228;332;193;305;327
7206.0;145;228;333;193;307;324
7212.0;144;228;334;193;307;324
7218.0;144;228;335;193;306;324
7224.0;143;229;334;193;306;325
7230.0;143;230;334;193;305;325
7236.0;143;230;335;191;306;325
7242.0;143;231;336;190;305;325
7248.0;143;231;336;189;305;326
7254.0;144;230;336;191;303;326
7260.0;143;230;336;192;303;326
7266.0;140;229;337;192;306;326
7272.0;141;226;338;194;305;326
7278.0;140;226;339;195;305;325
7284.0;138;226;339;196;305;326
7290.0;136;227;339;196;305;327
7296.0;136;228;338;196;305;327
7302.0;137;228;338;195;305;327
7308.0;137;228;337;195;306;327
7314.0;138;228;337;194;309;324
7320.0;139;230;336;191;311;323
7326.0;141;232;335;190;310;322
7332.0;141;232;334;191;310;322
7338.0;142;233;334;190;310;321
7344.0;142;233;334;192;309;320
7350.0;142;233;334;192;309;320
7356.0;146;232;333;192;308;319
7362.0;145;232;333;192;307;321
7368.0;146;231;335;192;306;320
7374.0;146;229;334;194;306;321
7380.0;145;229;334;193;307;322
7386.0;144;229;332;195;306;324
7392.0;144;229;330;196;305;326
7398.0;146;230;332;195;303;324
7404.0;146;230;333;194;305;322
7410.0;148;229;333;193;305;322
7416.0;147;227;333;193;309;321
7422.0;147;228;332;193;308;322
7428.0;147;229;332;193;308;321
7434.0;147;229;332;193;308;321
7440.0;147;229;332;193;307;322
7446.0;148;230;331;190;308;323
7452.0;147;230;330;191;309;323
7458.0;146;231;329;191;310;323
7464.0;146;232;330;190;309;323
7470.0;147;232;331;190;308;322
7476.0;147;232;332;189;308;322
7482.0;146;232;332;191;308;321
7488.0;146;231;333;191;309;320
7494.0;147;230;334;191;309;319
7500.0;148;228;335;192;309;318
7506.0;145;227;335;191;309;323
7512.0;144;226;336;190;309;325
7518.0;144;226;335;190;309;326
7524.0;141;228;335;190;309;327
7530.0;141;228;333;191;308;329
7536.0;140;229;333;191;309;328
7542.0;140;229;332;190;311;328
7548.0;140;230;332;190;310;328
7554.0;140;231;332;189;311;327
7560.0;138;235;333;189;310;325
7566.0;139;234;333;189;311;324
7572.0;137;236;335;187;310;325
7578.0;134;236;335;187;312;326
7584.0;134;235;334;187;314;326
7590.0;134;235;334;187;313;327
7596.0;134;236;332;187;314;327
7602.0;134;235;331;186;313;331
7608.0;134;235;332;185;313;331
7614.0;134;235;333;183;315;330
7620.0;132;236;334;183;315;330
7626.0;132;236;334;183;315;330
7632.0;132;235;334;182;316;331
7638.0;132;237;333;181;315;332
7644.0;134;238;332;180;315;331
7650.0;134;239;331;182;315;329
7656.0;134;240;331;183;314;328
7662.0;134;239;331;184;314;328
7668.0;133;240;331;184;314;328
7674.0;135;240;330;183;314;328
7680.0;135;240;330;182;315;328
7686.0;135;240;329;182;316;328
7692.0;135;242;329;181;315;328
7698.0;135;241;329;182;314;329
7704.0;135;241;330;182;312;330
7710.0;137;241;330;183;310;329
7716.0;137;239;331;183;312;328
7722.0;139;238;331;184;310;328
7728.0;139;238;331;185;310;327
7734.0;141;238;331;185;309;326
7740.0;140;239;330;186;309;326
7746.0;140;240;330;186;309;325
7752.0;141;238;328;186;311;326
7758.0;142;237;327;186;312;326
7764.0;143;237;325;185;313;327
7770.0;142;237;323;187;313;328
7776.0;143;238;322;185;312;330
7782.0;143;237;322;185;313;330
7788.0;141;239;324;184;312;330
7794.0;143;240;322;185;312;328
7800.0;142;240;324;184;311;329
7806.0;141;240;324;182;313;330
7812.0;141;239;323;182;314;331
7818.0;139;239;323;184;314;331
7824.0;136;240;326;183;315;330
7830.0;136;240;325;184;314;331
7836.0;137;241;326;183;313;330
7842.0;137;242;325;185;311;330
7848.0;138;239;326;185;311;331
7854.0;141;239;326;185;309;330
7860.0;140;239;327;185;309;330
7866.0;142;238;328;185;308;329
7872.0;142;237;328;186;308;329
7878.0;141;237;330;188;307;327
7884.0;141;238;331;188;306;326
7890.0;141;238;331;188;305;327
7896.0;141;238;331;188;305;327
7902.0;140;238;331;187;306;328
7908.0;139;239;330;188;306;328
7914.0;139;239;331;187;306;328
7920.0;139;238;332;187;307;327
7926.0;139;238;330;187;309;327
7932.0;139;238;330;187;309;327
7938.0;139;239;330;186;309;327
7944.0;136;239;330;186;310;329
7950.0;137;239;330;186;310;328
7956.0;136;240;329;187;310;328
7962.0;135;241;330;185;311;328
7968.0;135;242;329;185;312;327
7974.0;135;245;328;183;314;325
7980.0;135;243;329;182;315;326
7986.0;134;243;329;182;316;326
7992.0;133;245;331;182;315;324
7998.0;133;246;331;182;315;323
8004.0;134;247;331;180;316;322
8010.0;133;247;331;182;314;323
8016.0;133;247;330;182;313;325
8022.0;134;247;330;180;313;326
8028.0;133;245;329;182;314;327
8034.0;135;246;328;179;314;328
8040.0;136;247;328;178;314;327
8046.0;137;249;327;177;314;326
8052.0;137;249;326;177;314;327
8058.0;137;248;323;178;316;328
8064.0;135;247;324;178;318;328
8070.0;135;250;320;179;319;327
8076.0;134;248;323;179;319;327
8082.0;134;249;323;179;318;327
8088.0;133;247;322;181;320;327
8094.0;133;248;320;183;320;326
8100.0;131;248;320;184;319;328
8106.0;131;249;318;185;319;328
8112.0;131;250;317;185;319;328
8118.0;131;250;317;185;318;329
8124.0;132;249;317;185;319;328
8130.0;129;250;317;186;318;330
8136.0;130;249;316;187;318;330
8142.0;130;250;316;187;318;329
8148.0;130;248;316;189;317;330
8154.0;129;247;317;189;317;331
8160.0;130;245;318;189;319;329
8166.0;130;244;319;190;317;330
8172.0;129;244;319;191;317;330
8178.0;128;246;319;191;317;329
8184.0;127;248;319;190;317;329
8190.0;127;249;320;191;314;329
8196.0;126;248;317;192;314;333
8202.0;125;247;318;192;314;334
8208.0;126;245;318;191;314;336
8214.0;127;245;317;192;314;335
8220.0;127;245;316;193;314;335
8226.0;127;245;314;193;316;335
8232.0;126;244;314;194;317;335
8238.0;125;245;313;194;317;336
8244.0;126;245;313;194;318;334
8250.0;127;247;314;196;313;333
8256.0;127;247;313;195;315;333
8262.0;127;248;312;195;315;333
8268.0;128;245;312;196;316;333
8274.0;129;244;313;196;315;333
8280.0;129;244;313;192;316;336
8286.0;127;244;313;193;316;337
8292.0;126;246;311;193;317;337
8298.0;127;246;311;192;316;338
8304.0;126;246;312;192;316;338
8310.0;127;245;313;190;317;338
8316.0;128;244;314;190;316;338
8322.0;128;245;315;190;314;338
8328.0;129;245;315;190;314;337
8334.0;128;244;314;191;316;337
8340.0;127;243;315;192;316;337
8346.0;128;244;317;193;314;334
8352.0;124;242;316;196;314;338
8358.0;123;243;318;195;315;336
8364.0;125;243;319;194;313;336
8370.0;125;245;319;195;310;336
8376.0;126;244;320;192;312;336
8382.0;124;243;322;197;308;336
8388.0;124;242;321;196;310;337
8394.0;125;242;322;195;311;335
8400.0;126;241;322;195;310;336
8406.0;128;241;320;196;311;334
8412.0;128;241;319;196;313;333
8418.0;129;241;320;196;313;331
8424.0;129;242;320;195;314;330
8430.0;130;241;320;195;314;330
8436.0;129;241;320;195;314;331
8442.0;128;242;318;196;313;333
8448.0;130;243;317;197;311;332
8454.0;129;245;317;198;310;331
8460.0;130;245;317;198;308;332
8466.0;129;245;317;198;309;332
8472.0;127;245;317;201;307;333
8478.0;129;244;317;202;305;333
8484.0;129;243;319;202;306;331
8490.0;128;244;320;202;307;329
8496.0;126;242;320;205;308;329
8502.0;126;242;319;205;309;329
8508.0;125;242;321;206;307;329
8514.0;124;242;321;207;309;327
8520.0;124;242;320;207;310;327
8526.0;123;243;321;207;309;327
8532.0;121;243;321;208;309;328
8538.0;122;244;321;206;309;328
8544.0;122;244;322;207;308;327
8550.0;121;245;320;208;308;328
8556.0;122;245;319;208;307;329
8562.0;122;244;318;209;309;328
8568.0;119;244;318;210;311;328
8574.0;119;245;319;210;309;328
8580.0;120;245;318;210;309;328
8586.0;121;244;318;210;310;327
8592.0;122;244;317;210;310;327
8598.0;120;247;317;210;310;326
8604.0;122;245;318;210;309;326
8610.0;122;246;319;208;309;326
8616.0;124;246;317;209;307;327
8622.0;124;246;316;209;309;326
8628.0;125;246;316;208;308;327
8634.0;123;248;316;207;311;325
8640.0;122;249;316;206;311;326
8646.0;122;249;316;206;310;327
8652.0;122;248;316;207;311;326
8658.0;121;248;315;208;311;327
8664.0;123;247;317;206;311;326
8670.0;123;246;320;207;310;324
8676.0;124;244;320;208;309;325
8682.0;125;244;318;210;307;326
8688.0;125;244;317;209;307;328
8694.0;125;244;317;208;308;328
8700.0;124;243;317;208;310;328
8706.0;124;244;316;209;309;328
8712.0;124;243;316;209;310;328
8718.0;123;244;315;211;310;327
8724.0;123;244;315;211;310;327
8730.0;123;244;314;212;310;327
8736.0;124;243;314;213;309;327
8742.0;124;242;313;213;310;328
8748.0;123;242;314;213;311;327
8754.0;122;242;314;212;312;328
8760.0;122;243;313;213;312;327
8766.0;122;243;313;213;313;326
8772.0;121;242;314;213;313;327
8778.0;120;242;314;214;313;327
8784.0;121;241;313;215;312;328
8790.0;121;241;314;215;311;328
8796.0;122;239;317;215;309;328
8802.0;123;239;316;215;310;327
8808.0;122;240;314;217;308;329
8814.0;121;238;316;218;309;328
8820.0;122;238;317;218;308;327
8826.0;121;238;319;217;309;326
8832.0;121;237;320;217;311;324
8838.0;125;235;319;216;312;323
8844.0;123;234;323;215;314;321
8850.0;123;233;324;214;314;322
8856.0;121;233;325;216;314;321
8862.0;119;234;326;217;315;319
8868.0;117;233;326;218;316;320
8874.0;117;231;327;219;316;320
8880.0;117;231;330;218;316;318
8886.0;116;230;331;218;317;318
8892.0;116;230;333;216;318;317
8898.0;116;230;332;216;319;317
8904.0;117;228;330;218;318;319
8910.0;118;226;330;218;318;320
8916.0;117;227;330;217;318;321
8922.0;116;228;332;216;318;320
8928.0;116;228;332;216;318;320
8934.0;116;227;332;216;318;321
8940.0;118;226;332;215;317;322
8946.0;118;226;334;212;318;322
8952.0;118;224;333;215;319;321
8958.0;119;223;333;216;319;320
8964.0;118;223;331;217;319;322
8970.0;119;222;331;217;319;322
8976.0;119;223;331;216;319;322
8982.0;120;224;330;217;319;320
8988.0;119;224;330;215;320;322
8994.0;120;222;332;216;319;321
9000.0;121;222;334;216;318;319
9006.0;122;223;335;216;317;317
9012.0;120;222;335;218;318;317
9018.0;121;223;331;217;318;320
9024.0;121;224;332;218;316;319
9030.0;121;225;331;217;317;319
9036.0;121;227;330;218;317;317
9042.0;122;226;331;218;317;316
9048.0;122;227;332;216;317;316
9054.0;122;226;332;217;318;315
9060.0;122;228;331;218;317;314
9066.0;121;228;333;217;316;315
9072.0;119;228;334;217;317;315
9078.0;119;228;334;217;317;315
9084.0;120;228;336;215;317;314
9090.0;123;226;334;215;317;315
9096.0;124;226;334;214;317;315
9102.0;124;224;334;214;317;317
9108.0;125;223;334;214;318;316
9114.0;126;222;334;214;318;316
9120.0;127;222;335;213;317;316
9126.0;128;222;335;213;316;316
9132.0;130;223;335;211;317;314
9138.0;129;222;337;212;317;313
9144.0;129;220;339;212;317;313
9150.0;127;221;340;212;317;313
9156.0;126;221;342;213;316;312
9162.0;124;223;342;213;316;312
9168.0;123;223;342;213;316;313
9174.0;124;223;340;213;317;313
9180.0;122;224;340;212;318;314
9186.0;121;222;341;210;320;316
9192.0;121;221;341;210;321;316
9198.0;121;220;342;210;321;316
9204.0;117;223;343;210;320;317
9210.0;117;222;343;211;320;317
9216.0;115;220;344;212;321;318
9222.0;115;219;345;213;322;316
9228.0;113;222;347;210;322;316
9234.0;113;222;347;212;320;316
9240.0;113;219;349;214;319;316
9246.0;113;218;349;214;320;316
9252.0;112;218;349;214;321;316
9258.0;112;216;348;216;322;316
9264.0;112;216;347;215;323;317
9270.0;112;216;346;215;324;317
9276.0;113;216;346;213;326;316
9282.0;113;216;348;212;325;316
9288.0;113;216;351;210;326;314
9294.0;113;218;349;211;325;314
9300.0;113;218;349;212;325;313
9306.0;112;220;347;213;325;313
9312.0;111;221;346;213;326;313
9318.0;109;221;346;213;327;314
9324.0;109;220;345;214;328;314
9330.0;111;220;345;214;327;313
9336.0;112;221;345;214;325;313
9342.0;112;221;345;214;324;314
9348.0;112;221;345;216;322;314
9354.0;112;221;343;215;324;315
9360.0;111;222;343;215;324;315
9366.0;110;222;345;216;323;314
9372.0;110;223;346;215;322;314
9378.0;111;222;346;216;320;315
9384.0;111;222;345;217;320;315
9390.0;113;222;345;215;320;315
9396.0;115;224;344;214;319;314
9402.0;114;226;344;212;320;314
9408.0;115;225;344;212;320;314
9414.0;114;227;345;212;319;313
9420.0;115;226;344;213;319;313
9426.0;114;225;346;216;317;312
9432.0;114;224;347;216;317;312
9438.0;114;226;345;216;319;310
9444.0;114;226;346;216;317;311
9450.0;113;227;345;216;318;311
9456.0;113;226;346;218;316;311
9462.0;112;227;346;219;315;311
9468.0;111;229;344;219;313;314
9474.0;111;229;346;218;313;313
9480.0;111;230;344;219;313;313
9486.0;113;232;344;216;312;313
9492.0;112;232;343;218;311;314
9498.0;112;233;340;218;313;314
9504.0;111;229;339;220;314;317
9510.0;112;230;340;219;311;318
9516.0;111;230;340;220;311;318
9522.0;110;231;341;221;309;318
9528.0;110;231;341;223;307;318
9534.0;110;230;341;222;308;319
9540.0;111;228;341;222;309;319
9546.0;110;228;341;221;309;321
9552.0;111;229;337;222;311;320
9558.0;112;229;337;221;311;320
9564.0;112;229;338;221;313;317
9570.0;112;230;337;221;313;317
9576.0;111;234;336;220;310;319
9582.0;111;232;337;220;312;318
9588.0;111;233;337;220;311;318
9594.0;111;232;339;219;312;317
9600.0;111;233;338;220;311;317
9606.0;112;232;338;220;311;317
9612.0;112;233;338;220;312;315
9618.0;112;233;338;220;312;315
9624.0;112;233;339;220;312;314
9630.0;112;232;340;221;310;315
9636.0;112;234;340;219;309;316
9642.0;111;234;342;218;309;316
9648.0;110;235;340;219;310;316
9654.0;108;234;341;220;310;317
9660.0;108;234;342;218;309;319
9666.0;108;234;343;217;309;319
9672.0;111;233;342;215;308;321
9678.0;113;232;340;217;308;320
9684.0;113;232;340;217;308;320
9690.0;113;231;339;221;308;318
9696.0;114;231;338;220;308;319
9702.0;113;233;338;220;307;319
9708.0;111;235;337;221;307;319
9714.0;109;235;337;221;309;319
9720.0;110;236;336;219;310;319
9726.0;110;235;339;220;309;317
9732.0;109;239;340;219;307;316
9738.0;109;238;341;219;307;316
9744.0;111;237;341;221;305;315
9750.0;111;237;342;220;304;316
9756.0;109;236;341;220;305;319
9762.0;109;236;340;220;305;320
9768.0;110;236;340;220;304;320
9774.0;110;236;340;222;305;317
9780.0;110;235;340;222;305;318
9786.0;110;235;340;221;305;319
9792.0;111;237;341;220;302;319
9798.0;111;237;343;220;301;318
9804.0;112;235;343;221;301;318
9810.0;112;234;342;221;303;318
9816.0;111;235;343;220;303;318
9822.0;112;235;343;219;303;318
9828.0;109;235;342;221;304;319
9834.0;111;235;342;221;303;318
9840.0;112;236;342;221;303;316
9846.0;112;236;343;221;303;315
9852.0;112;238;344;221;301;314
9858.0;112;239;345;218;301;315
9864.0;111;239;344;220;301;315
9870.0;111;239;344;220;301;315
9876.0;109;240;342;220;302;317
9882.0;108;239;343;223;303;314
9888.0;108;239;344;222;304;313
9894.0;109;240;344;220;304;313
9900.0;109;237;344;223;304;313
9906.0;108;239;343;223;303;314
9912.0;107;239;342;225;303;314
9918.0;107;240;344;225;303;311
9924.0;105;241;344;224;305;311
9930.0;105;241;343;226;305;310
9936.0;106;242;341;223;307;311
9942.0;108;242;341;221;307;311
9948.0;108;241;341;223;307;310
9954.0;108;242;343;221;307;309
9960.0;110;241;343;221;307;308
9966.0;110;242;343;221;308;306
9972.0;110;242;343;219;309;307
9978.0;111;241;343;218;311;306
9984.0;111;241;342;219;311;306
9990.0;111;241;344;219;309;306
9996.0;112;242;344;218;308;306
10002.0;112;240;345;218;308;307
10008.0;113;240;345;217;309;306
10014.0;114;239;345;217;309;306
10020.0;114;239;345;217;310;305
10026.0;114;239;346;216;309;306
10032.0;115;239;347;216;307;306
10038.0;114;239;347;217;307;306
10044.0;116;238;347;219;306;304
10050.0;117;237;347;219;305;305
10056.0;119;236;347;219;304;305
10062.0;119;236;346;219;305;305
10068.0;118;236;346;221;305;304
10074.0;117;237;346;220;305;305
10080.0;115;238;346;220;306;305
10086.0;115;238;346;220;305;306
10092.0;114;239;344;221;307;305
10098.0;112;239;344;220;309;306
10104.0;113;238;343;221;307;308
10110.0;112;236;344;221;307;310
10116.0;114;235;346;219;307;309
10122.0;113;234;347;216;309;311
10128.0;113;235;346;216;310;310
10134.0;116;233;346;216;310;309
10140.0;115;234;344;217;309;311
10146.0;113;234;343;217;311;312
10152.0;115;234;343;215;311;312
10158.0;115;235;342;215;311;312
10164.0;116;236;343;214;310;311
10170.0;115;236;343;214;311;311
10176.0;115;235;344;215;309;312
10182.0;115;236;342;217;308;312
10188.0;115;236;342;217;307;313
10194.0;118;236;341;217;305;313
10200.0;118;235;342;218;303;314
10206.0;117;235;342;216;304;316
10212.0;118;236;340;217;303;316
10218.0;119;235;342;215;303;316
10224.0;120;234;344;214;303;315
10230.0;120;234;344;213;304;315
10236.0;121;234;343;213;304;315
10242.0;119;236;343;213;304;315
10248.0;118;236;343;212;305;316
10254.0;118;235;343;213;305;316
10260.0;117;236;345;213;304;315
10266.0;118;238;345;211;302;316
10272.0;118;238;346;213;300;315
10278.0;119;237;346;214;299;315
10284.0;118;236;347;214;299;316
10290.0;119;235;348;214;299;315
10296.0;119;233;349;215;299;315
10302.0;120;233;349;214;299;315
10308.0;119;233;348;216;300;314
10314.0;117;234;346;216;301;316
10320.0;116;236;344;216;302;316
10326.0;116;238;344;215;301;316
10332.0;116;238;344;215;301;316
10338.0;115;238;345;215;301;316
10344.0;112;238;345;215;302;318
10350.0;112;238;345;216;302;317
10356.0;112;238;346;216;301;317
10362.0;111;237;346;217;301;318
10368.0;109;238;346;217;301;319
10374.0;112;238;346;215;299;320
10380.0;112;239;345;215;299;320
10386.0;112;241;345;216;299;317
10392.0;113;241;346;215;298;317
10398.0;112;241;345;215;298;319
10404.0;112;240;345;214;300;319
10410.0;114;240;345;212;299;320
10416.0;114;240;345;211;298;322
10422.0;116;243;342;210;299;320
10428.0;114;243;340;213;298;322
10434.0;113;242;339;211;300;325
10440.0;110;243;339;211;302;325
10446.0;111;242;339;211;302;325
10452.0;112;243;338;212;301;324
10458.0;111;244;338;212;301;324
10464.0;111;242;338;212;302;325
10470.0;112;241;338;213;301;325
10476.0;113;242;337;213;301;324
10482.0;113;243;335;212;302;325
10488.0;112;243;333;214;303;325
10494.0;113;243;331;214;304;325
10500.0;113;241;331;215;304;326
10506.0;113;241;333;214;304;325
10512.0;113;245;333;212;304;323
10518.0;115;244;333;211;304;323
10524.0;115;244;333;213;302;323
10530.0;117;243;332;211;303;324
10536.0;117;242;331;211;305;324
10542.0;116;240;332;212;306;324
10548.0;117;239;332;212;307;323
10554.0;117;239;333;212;306;323
10560.0;117;238;334;212;306;323
10566.0;118;239;334;208;306;325
10572.0;118;239;334;208;306;325
10578.0;117;241;332;208;307;325
10584.0;116;241;333;208;307;325
10590.0;117;244;331;208;305;325
10596.0;117;243;331;207;305;327
10602.0;117;241;333;207;305;327
10608.0;117;240;333;207;305;328
10614.0;118;239;333;207;306;327
10620.0;120;239;332;207;306;326
10626.0;120;240;330;208;306;326
10632.0;120;239;330;207;308;326
10638.0;120;239;331;206;309;325
10644.0;120;240;329;207;308;326
10650.0;120;239;330;207;308;326
10656.0;120;239;329;208;308;326
10662.0;119;240;328;207;310;326
10668.0;118;242;327;207;310;326
10674.0;118;240;326;207;310;329
10680.0;118;239;327;207;310;329
10686.0;118;239;327;208;310;328
10692.0;119;239;326;208;310;328
10698.0;117;241;327;207;311;327
10704.0;118;240;327;206;312;327
10710.0;115;241;327;207;312;328
10716.0;116;242;326;207;312;327
10722.0;116;242;326;206;312;328
10728.0;116;242;326;207;311;328
10734.0;117;242;326;208;311;326
10740.0;118;241;326;207;312;326
10746.0;117;241;325;208;312;327
10752.0;118;240;326;207;313;326
10758.0;119;240;325;208;314;324
10764.0;120;241;325;205;314;325
10770.0;118;243;325;205;314;325
10776.0;118;243;325;204;314;326
10782.0;117;244;326;203;314;326
10788.0;116;245;326;201;314;328
10794.0;115;247;326;201;312;329
