#auto generated file!
12.0;210;208;209;220;173;204
18.0;209;207;208;222;174;204
24.0;209;206;208;222;174;205
30.0;208;207;208;223;174;204
36.0;206;206;209;225;175;203
42.0;206;206;210;224;175;203
48.0;204;205;210;226;176;203
54.0;202;203;212;227;177;203
60.0;204;203;212;227;176;202
66.0;205;203;211;224;177;204
72.0;205;203;211;223;177;205
78.0;203;204;213;222;177;205
84.0;203;204;210;223;178;206
90.0;204;202;210;223;178;207
96.0;205;201;210;221;180;207
102.0;205;200;210;221;180;208
108.0;205;202;211;221;178;207
114.0;205;203;211;221;177;207
120.0;202;203;211;220;177;211
126.0;202;203;211;220;177;211
132.0;202;201;212;219;178;212
138.0;204;199;212;218;176;215
144.0;203;198;213;219;176;215
150.0;202;196;215;219;176;216
156.0;202;196;215;219;176;216
162.0;201;197;215;220;175;216
168.0;201;196;214;221;175;217
174.0;203;195;214;221;174;217
180.0;200;196;214;223;174;217
186.0;200;196;213;224;174;217
192.0;200;195;213;223;175;218
198.0;200;192;213;225;176;218
204.0;200;191;213;226;177;217
210.0;198;191;213;228;177;217
216.0;197;193;213;228;176;217
222.0;197;192;213;228;176;218
228.0;198;191;213;228;176;218
234.0;199;190;213;227;176;219
240.0;200;192;213;226;175;218
246.0;198;192;214;226;175;219
252.0;195;192;213;226;179;219
258.0;196;192;213;226;178;219
264.0;196;189;214;226;178;221
270.0;192;191;214;229;177;221
276.0;189;194;212;229;179;221
282.0;189;193;212;227;181;222
288.0;189;193;213;225;182;222
294.0;187;195;213;225;182;222
300.0;187;194;212;225;183;223
306.0;186;193;212;225;184;224
312.0;186;193;211;225;184;225
318.0;187;193;211;224;184;225
324.0;188;193;212;224;183;224
330.0;188;190;212;226;184;224
336.0;187;188;211;226;186;226
342.0;184;189;212;227;186;226
348.0;183;188;213;227;188;225
354.0;182;188;215;224;191;224
360.0;181;189;214;226;191;223
366.0;181;190;215;226;191;221
372.0;181;192;214;226;191;220
378.0;181;193;214;225;190;221
384.0;180;193;216;223;190;222
390.0;181;192;215;223;191;222
396.0;180;194;214;222;192;222
402.0;179;195;216;221;193;220
408.0;180;194;216;220;194;220
414.0;179;193;216;220;195;221
420.0;180;193;214;221;196;220
426.0;179;194;215;222;193;221
432.0;179;194;214;222;194;221
438.0;179;195;215;221;193;221
444.0;179;195;215;221;193;221
450.0;179;194;215;221;194;221
456.0;178;194;213;221;196;222
462.0;178;193;214;221;196;222
468.0;178;194;214;221;195;222
474.0;177;194;216;222;194;221
480.0;174;195;215;223;197;220
486.0;174;193;216;223;197;221
492.0;174;192;216;223;198;221
498.0;174;192;216;224;195;223
504.0;174;191;218;223;195;223
510.0;174;190;218;222;195;225
516.0;172;190;218;223;195;226
522.0;171;190;218;224;195;226
528.0;171;189;218;226;194;226
534.0;171;188;217;227;195;226
540.0;170;188;217;227;195;227
546.0;167;187;217;229;195;229
552.0;167;187;217;230;195;228
558.0;166;188;217;229;196;228
564.0;167;189;218;228;196;226
570.0;166;190;218;227;197;226
576.0;165;190;219;225;198;227
582.0;166;190;217;224;198;229
588.0;166;190;217;224;198;229
594.0;165;190;219;223;198;229
600.0;166;190;217;224;198;229
606.0;165;190;217;222;199;231
612.0;166;191;217;223;198;229
618.0;167;190;218;222;198;229
624.0;167;190;219;220;198;230
630.0;167;190;219;220;198;230
636.0;166;191;219;219;198;231
642.0;165;194;218;219;198;230
648.0;164;194;218;219;198;231
654.0;166;193;217;219;199;230
660.0;165;193;217;219;199;231
666.0;165;194;218;219;198;230
672.0;164;194;219;220;198;229
678.0;166;194;219;220;197;228
684.0;166;194;219;220;197;228
690.0;166;194;218;222;198;226
696.0;166;194;218;222;198;226
702.0;166;193;220;221;199;225
708.0;164;194;221;221;199;225
714.0;162;194;220;220;202;226
720.0;161;194;220;219;202;228
726.0;161;195;220;218;201;229
732.0;161;196;220;217;201;229
738.0;161;195;220;215;201;232
744.0;161;194;221;216;200;232
750.0;161;194;221;216;200;232
756.0;162;193;223;215;201;230
762.0;163;193;224;215;200;229
768.0;163;193;223;215;200;230
774.0;163;194;222;214;200;231
780.0;162;195;222;214;200;231
786.0;162;195;223;214;200;230
792.0;162;194;223;215;199;231
798.0;162;195;223;214;199;231
804.0;162;196;224;213;199;230
810.0;161;196;225;214;199;229
816.0;162;194;225;215;198;230
822.0;161;195;227;215;197;229
828.0;161;196;227;214;198;228
834.0;159;195;228;214;199;229
840.0;158;196;227;214;200;229
846.0;159;196;226;214;200;229
852.0;158;197;227;212;201;229
858.0;158;194;227;212;203;230
864.0;158;194;227;211;202;232
870.0;158;194;228;210;202;232
876.0;159;195;226;210;202;232
882.0;160;194;226;210;202;232
888.0;161;195;225;208;203;232
894.0;160;195;225;208;204;232
900.0;161;195;226;209;202;231
906.0;161;193;228;208;203;231
912.0;162;192;227;209;203;231
918.0;163;191;226;210;202;232
924.0;163;191;226;211;202;231
930.0;161;191;227;211;203;231
936.0;160;191;227;213;202;231
942.0;161;192;227;211;202;231
948.0;160;193;226;212;202;231
954.0;160;194;227;212;201;230
960.0;159;194;226;214;200;231
966.0;159;194;226;213;202;230
972.0;159;194;224;213;202;232
978.0;157;195;227;212;200;233
984.0;158;194;228;208;203;233
990.0;157;194;228;208;203;234
996.0;156;196;228;207;204;233
1002.0;157;196;228;206;204;233
1008.0;158;196;228;203;206;233
1014.0;157;194;229;205;206;233
1020.0;156;194;229;205;207;233
1026.0;155;194;229;204;207;235
1032.0;155;195;228;204;208;234
1038.0;156;196;227;203;208;234
1044.0;156;196;227;203;208;234
1050.0;156;197;227;203;208;233
1056.0;157;196;226;204;208;233
1062.0;155;196;226;204;208;235
1068.0;156;196;225;205;207;235
1074.0;157;197;222;204;209;235
1080.0;155;197;221;206;210;235
1086.0;154;197;222;205;212;234
1092.0;154;197;223;203;212;235
1098.0;154;197;223;203;212;235
1104.0;155;197;223;203;211;235
1110.0;154;199;223;201;212;235
1116.0;154;199;223;201;212;235
1122.0;154;199;223;201;212;235
1128.0;153;199;221;204;212;235
1134.0;152;199;219;204;212;238
1140.0;153;199;220;202;210;240
1146.0;152;199;219;202;211;241
1152.0;152;199;219;202;211;241
1158.0;151;200;219;201;212;241
1164.0;150;200;219;200;213;242
1170.0;151;200;219;198;214;242
1176.0;152;201;219;197;214;241
1182.0;152;200;221;196;213;242
1188.0;151;201;221;197;213;241
1194.0;152;202;220;198;213;239
1200.0;153;201;220;198;213;239
1206.0;155;202;219;196;213;239
1212.0;153;201;221;196;214;239
1218.0;153;202;221;195;214;239
1224.0;154;201;222;195;213;239
1230.0;154;201;223;195;213;238
1236.0;154;200;223;195;213;239
1242.0;153;202;223;194;213;239
1248.0;154;201;223;194;213;239
1254.0;156;199;224;196;212;237
1260.0;156;199;224;197;212;236
1266.0;156;198;224;197;213;236
1272.0;155;197;226;198;212;236
1278.0;155;197;225;198;213;236
1284.0;154;197;225;198;213;237
1290.0;154;197;224;198;213;238
1296.0;151;197;225;199;214;238
1302.0;151;197;225;199;214;238
1308.0;152;195;225;200;214;238
1314.0;152;195;225;200;214;238
1320.0;152;193;225;201;215;238
1326.0;149;193;226;201;216;239
1332.0;148;194;226;199;218;239
1338.0;148;195;226;199;217;239
1344.0;148;194;226;199;217;240
1350.0;145;196;227;199;217;240
1356.0;145;196;228;200;216;239
1362.0;144;196;228;199;217;240
1368.0;143;196;228;199;217;241
1374.0;144;196;227;199;217;241
1380.0;144;195;227;199;218;241
1386.0;144;193;229;199;218;241
1392.0;144;194;229;198;218;241
1398.0;144;194;229;197;219;241
1404.0;142;193;231;197;218;243
1410.0;142;194;231;196;219;242
1416.0;140;196;232;195;220;241
1422.0;137;197;233;196;220;241
1428.0;136;197;234;194;220;243
1434.0;135;196;235;194;221;243
1440.0;136;196;235;194;221;242
1446.0;136;196;238;194;218;242
1452.0;136;196;237;197;218;240
1458.0;135;197;237;196;219;240
1464.0;135;198;236;194;220;241
1470.0;134;199;235;194;221;241
1476.0;136;198;235;193;221;241
1482.0;137;199;234;193;221;240
1488.0;136;199;235;193;221;240
1494.0;135;201;233;195;221;239
1500.0;135;199;232;195;223;240
1506.0;134;200;233;195;224;238
1512.0;134;199;233;195;224;239
1518.0;133;199;232;196;225;239
1524.0;132;200;232;196;224;240
1530.0;132;201;232;195;224;240
1536.0;132;201;234;195;222;240
1542.0;133;200;235;194;223;239
1548.0;132;201;235;194;223;239
1554.0;131;201;235;196;223;238
1560.0;131;202;234;195;224;238
1566.0;131;202;236;194;222;239
1572.0;132;201;237;195;220;239
1578.0;131;202;235;194;221;241
1584.0;130;201;235;195;221;242
1590.0;130;201;235;195;220;243
1596.0;129;201;235;196;220;243
1602.0;130;202;234;196;219;243
1608.0;129;203;235;197;219;241
1614.0;130;202;234;197;218;243
1620.0;131;201;235;197;219;241
1626.0;132;201;236;197;219;239
1632.0;132;201;238;196;218;239
1638.0;132;203;237;196;216;240
1644.0;133;202;239;195;215;240
1650.0;132;201;243;195;213;240
1656.0;131;199;242;197;213;242
1662.0;131;199;241;197;214;242
1668.0;131;199;241;197;214;242
1674.0;131;197;241;198;216;241
1680.0;131;197;241;198;216;241
1686.0;131;197;239;198;216;243
1692.0;131;197;237;196;217;246
1698.0;130;195;237;196;219;247
1704.0;131;194;238;196;219;246
1710.0;131;195;237;196;218;247
1716.0;132;195;236;196;218;247
1722.0;132;195;235;196;218;248
1728.0;132;195;236;195;218;248
1734.0;132;195;236;197;216;248
1740.0;132;196;236;197;216;247
1746.0;133;196;234;198;216;247
1752.0;133;196;234;197;217;247
1758.0;132;197;233;197;217;248
1764.0;131;197;233;198;219;246
1770.0;131;198;233;197;221;244
1776.0;130;198;233;197;222;244
1782.0;129;197;234;197;222;245
1788.0;128;197;235;197;222;245
1794.0;128;197;234;199;220;246
1800.0;128;198;234;199;219;246
1806.0;128;198;233;201;219;245
1812.0;125;200;232;200;220;247
1818.0;125;200;233;199;221;246
1824.0;124;200;234;198;221;247
1830.0;125;199;235;197;221;247
1836.0;123;197;236;198;222;248
1842.0;124;198;236;198;221;247
1848.0;123;199;235;196;221;250
1854.0;123;198;236;196;222;249
1860.0;123;198;237;195;222;249
1866.0;124;197;237;195;222;249
1872.0;122;198;237;196;223;248
1878.0;120;198;237;197;224;248
1884.0;121;198;236;197;223;249
1890.0;121;198;237;195;223;250
1896.0;121;197;237;196;223;250
1902.0;122;197;238;196;222;249
1908.0;122;197;238;196;222;249
1914.0;122;195;238;197;222;250
1920.0;122;195;237;196;223;251
1926.0;122;195;237;196;222;252
1932.0;121;195;236;197;222;253
1938.0;120;196;234;200;221;253
1944.0;121;195;235;202;220;251
1950.0;122;195;234;200;220;253
1956.0;123;195;234;201;220;251
1962.0;124;193;234;200;221;252
1968.0;125;193;235;197;222;252
1974.0;124;192;237;195;223;253
1980.0;123;190;239;196;223;253
1986.0;125;188;240;195;222;254
1992.0;125;187;240;195;223;254
1998.0;126;187;240;194;223;254
2004.0;126;187;240;194;223;254
2010.0;129;184;241;193;223;254
2016.0;129;182;243;193;221;256
2022.0;127;182;243;192;221;259
2028.0;127;182;243;192;221;259
2034.0;123;182;245;192;223;259
2040.0;124;181;244;193;223;259
2046.0;123;181;244;193;223;260
2052.0;123;181;245;194;222;259
2058.0;121;181;245;194;223;260
2064.0;122;183;246;192;222;259
2070.0;123;184;245;191;221;260
2076.0;123;182;246;190;222;261
2082.0;123;183;246;189;222;261
2088.0;123;183;246;190;222;260
2094.0;123;183;246;190;223;259
2100.0;123;183;248;187;223;260
2106.0;124;183;246;188;223;260
2112.0;124;182;246;188;224;260
2118.0;124;182;245;189;224;260
2124.0;123;184;244;189;225;259
2130.0;123;183;244;188;226;260
2136.0;124;183;245;187;226;259
2142.0;123;183;247;185;226;260
2148.0;123;182;247;185;227;260
2154.0;123;181;247;186;228;259
2160.0;124;180;247;186;228;259
2166.0;125;182;245;184;230;258
2172.0;126;183;245;183;231;256
2178.0;129;183;243;184;230;255
2184.0;129;182;242;185;230;256
2190.0;129;182;242;184;231;256
2196.0;129;182;240;186;230;257
2202.0;129;183;240;186;229;257
2208.0;129;182;242;185;230;256
2214.0;128;182;242;187;231;254
2220.0;129;180;242;187;232;254
2226.0;129;179;243;187;233;253
2232.0;131;177;243;186;236;251
2238.0;131;177;243;186;236;251
2244.0;132;178;243;185;235;251
2250.0;133;177;243;184;235;252
2256.0;133;177;243;185;235;251
2262.0;135;178;241;185;233;252
2268.0;136;178;241;185;232;252
2274.0;137;178;242;183;232;252
2280.0;138;179;241;184;231;251
2286.0;138;177;243;182;234;250
2292.0;138;177;243;183;233;250
2298.0;137;177;244;183;233;250
2304.0;138;179;244;182;233;248
2310.0;138;179;244;182;233;248
2316.0;136;181;244;181;234;248
2322.0;136;183;242;179;233;251
2328.0;135;183;243;179;233;251
2334.0;134;185;243;179;233;250
2340.0;135;185;242;180;234;248
2346.0;135;186;242;180;233;248
2352.0;133;186;241;181;232;251
2358.0;133;185;241;181;233;251
2364.0;132;183;242;183;234;250
2370.0;131;185;241;183;234;250
2376.0;132;186;240;184;232;250
2382.0;131;185;241;183;232;252
2388.0;132;184;242;180;233;253
2394.0;132;184;242;179;232;255
2400.0;134;183;243;178;232;254
2406.0;134;183;243;178;232;254
2412.0;134;183;243;180;231;253
2418.0;134;183;243;180;231;253
2424.0;135;182;244;180;230;253
2430.0;135;182;244;180;230;253
2436.0;135;181;244;180;230;254
2442.0;135;181;244;179;230;255
2448.0;135;181;243;181;230;254
2454.0;135;179;244;181;231;254
2460.0;135;178;246;181;231;253
2466.0;135;179;246;180;231;253
2472.0;135;177;246;180;233;253
2478.0;134;177;245;181;233;254
2484.0;135;177;245;181;234;252
2490.0;135;177;245;181;234;252
2496.0;134;177;246;183;233;251
2502.0;134;177;245;183;235;250
2508.0;133;175;246;183;237;250
2514.0;134;174;245;184;236;251
2520.0;135;176;244;182;237;250
2526.0;135;176;244;181;238;250
2532.0;135;177;244;180;238;250
2538.0;132;177;246;182;238;249
2544.0;133;177;246;182;238;248
2550.0;132;177;245;181;239;250
2556.0;133;178;245;178;238;252
2562.0;135;177;244;178;238;252
2568.0;135;178;243;178;238;252
2574.0;134;180;243;180;236;251
2580.0;134;180;243;181;235;251
2586.0;134;179;242;183;235;251
2592.0;133;179;242;183;236;251
2598.0;132;182;241;184;234;251
2604.0;132;182;241;185;233;251
2610.0;132;183;241;184;233;251
2616.0;133;181;241;185;232;252
2622.0;132;181;240;186;232;253
2628.0;132;181;240;186;231;254
2634.0;132;182;241;186;229;254
2640.0;132;183;240;185;230;254
2646.0;133;184;239;184;229;255
2652.0;133;184;238;184;231;254
2658.0;132;185;238;184;232;253
2664.0;133;182;238;186;230;255
2670.0;132;181;238;186;231;256
2676.0;131;181;238;186;232;256
2682.0;131;179;239;185;232;258
2688.0;131;180;239;184;232;258
2694.0;132;179;237;185;232;259
2700.0;133;179;237;185;231;259
2706.0;131;178;237;186;232;260
2712.0;131;178;236;186;233;260
2718.0;129;178;238;185;233;261
2724.0;129;177;239;185;233;261
2730.0;129;176;241;185;232;261
2736.0;130;178;239;185;231;261
2742.0;129;178;238;185;232;262
2748.0;126;180;240;185;232;261
2754.0;125;179;242;185;232;261
2760.0;125;178;245;185;231;260
2766.0;125;177;246;186;230;260
2772.0;125;177;245;185;231;261
2778.0;125;177;245;184;232;261
2784.0;124;177;245;185;233;260
2790.0;125;178;244;186;232;259
2796.0;125;178;244;186;232;259
2802.0;124;178;244;187;232;259
2808.0;124;178;244;187;232;259
2814.0;124;178;245;186;232;259
2820.0;126;177;246;184;231;260
2826.0;126;178;242;185;232;261
2832.0;125;180;243;185;231;260
2838.0;125;181;243;185;230;260
2844.0;125;182;243;184;230;260
2850.0;124;184;241;184;230;261
2856.0;122;186;240;184;230;262
2862.0;121;185;241;184;232;261
2868.0;121;185;242;184;230;262
2874.0;121;186;242;185;230;260
2880.0;122;185;242;184;230;261
2886.0;122;183;242;184;232;261
2892.0;121;183;242;184;231;263
2898.0;119;183;242;186;231;263
2904.0;119;181;243;185;232;264
2910.0;119;181;243;185;231;265
2916.0;119;182;243;185;230;265
2922.0;119;183;243;185;228;266
2928.0;118;184;242;185;230;265
2934.0;119;184;243;184;229;265
2940.0;119;185;243;183;229;265
2946.0;118;185;243;182;230;266
2952.0;117;184;242;184;231;266
2958.0;120;180;244;181;233;266
2964.0;120;180;243;184;233;264
2970.0;121;180;243;184;233;263
2976.0;121;180;244;184;232;263
2982.0;120;181;242;185;233;263
2988.0;118;180;244;185;234;263
2994.0;118;179;245;186;233;263
3000.0;120;177;245;185;232;265
3006.0;119;179;243;186;233;264
3012.0;119;178;242;187;234;264
3018.0;119;178;242;187;234;264
3024.0;119;178;241;188;234;264
3030.0;119;177;242;188;234;264
3036.0;119;178;243;187;234;263
3042.0;118;177;244;188;234;263
3048.0;119;175;245;188;236;261
3054.0;118;176;244;188;237;261
3060.0;117;179;243;187;237;261
3066.0;117;181;243;186;237;260
3072.0;118;182;244;183;236;261
3078.0;118;183;244;182;235;262
3084.0;118;182;244;183;235;262
3090.0;118;181;245;183;235;262
3096.0;117;181;245;184;235;262
3102.0;116;180;246;185;237;260
3108.0;117;180;247;184;237;259
3114.0;119;179;248;186;234;258
3120.0;118;180;247;186;236;257
3126.0;118;180;247;186;236;257
3132.0;118;180;247;186;235;258
3138.0;117;179;247;188;235;258
3144.0;117;179;246;188;235;259
3150.0;118;179;246;188;234;259
3156.0;117;179;246;190;235;257
3162.0;118;180;246;189;234;257
3168.0;117;180;246;189;234;258
3174.0;118;179;246;189;233;259
3180.0;117;179;246;189;234;259
3186.0;116;179;246;189;235;259
3192.0;116;179;245;190;237;257
3198.0;115;178;245;190;237;259
3204.0;115;177;246;190;237;259
3210.0;115;175;246;190;237;261
3216.0;115;175;245;191;236;262
3222.0;116;177;242;190;237;262
3228.0;116;178;240;190;238;262
3234.0;115;178;240;191;237;263
3240.0;116;178;241;192;236;261
3246.0;115;177;243;192;237;260
3252.0;115;177;243;191;237;261
3258.0;115;177;243;191;237;261
3264.0;115;177;242;192;236;262
3270.0;115;176;242;193;236;262
3276.0;115;174;242;193;237;263
3282.0;117;173;240;192;239;263
3288.0;117;171;241;191;240;264
3294.0;116;171;241;191;240;265
3300.0;115;169;242;193;240;265
3306.0;115;168;242;194;240;265
3312.0;115;167;243;194;240;265
3318.0;112;168;244;194;241;265
3324.0;114;168;244;193;240;265
3330.0;113;170;244;194;240;263
3336.0;114;170;244;192;240;264
3342.0;114;170;244;192;240;264
3348.0;114;170;243;192;241;264
3354.0;114;170;243;190;243;264
3360.0;113;171;242;193;242;263
3366.0;113;170;243;193;242;263
3372.0;113;169;243;193;242;264
3378.0;114;168;242;194;242;264
3384.0;113;168;243;192;242;266
3390.0;113;168;244;191;242;266
3396.0;113;170;244;191;242;264
3402.0;112;172;244;192;242;262
3408.0;110;172;244;193;243;262
3414.0;113;172;243;194;242;260
3420.0;112;172;244;194;241;261
3426.0;112;173;243;193;242;261
3432.0;112;172;244;192;244;260
3438.0;114;173;243;192;243;259
3444.0;114;171;243;193;242;261
3450.0;112;172;243;196;241;260
3456.0;112;172;242;197;241;260
3462.0;113;172;244;195;240;260
3468.0;113;173;242;195;240;261
3474.0;114;172;243;196;238;261
3480.0;114;172;244;196;237;261
3486.0;115;171;243;197;238;260
3492.0;115;171;241;199;237;261
3498.0;115;171;241;199;237;261
3504.0;115;171;240;199;238;261
3510.0;115;172;240;199;238;260
3516.0;114;171;241;199;239;260
3522.0;114;172;241;199;238;260
3528.0;114;171;241;200;238;260
3534.0;114;171;241;200;240;258
3540.0;115;170;240;200;241;258
3546.0;115;170;240;199;242;258
3552.0;114;170;240;199;244;257
3558.0;115;170;241;199;244;255
3564.0;115;170;242;199;244;254
3570.0;117;170;243;198;245;251
3576.0;118;171;244;198;244;249
3582.0;118;172;244;198;242;250
3588.0;118;174;245;198;241;248
3594.0;120;172;242;200;243;247
3600.0;118;171;242;200;245;248
3606.0;119;168;243;200;245;249
3612.0;121;168;243;199;245;248
3618.0;119;169;244;198;246;248
3624.0;120;170;243;197;247;247
3630.0;121;168;243;198;246;248
3636.0;121;169;242;198;245;249
3642.0;121;168;243;197;245;250
3648.0;121;168;242;198;243;252
3654.0;121;167;242;198;243;253
3660.0;122;167;242;198;243;252
3666.0;121;169;242;198;243;251
3672.0;120;169;242;199;243;251
3678.0;122;169;242;197;242;252
3684.0;122;168;242;197;244;251
3690.0;121;168;243;196;244;252
3696.0;120;167;244;196;244;253
3702.0;119;167;244;197;243;254
3708.0;118;169;244;196;244;253
3714.0;119;170;244;194;244;253
3720.0;119;170;245;192;243;255
3726.0;120;170;245;193;243;253
3732.0;121;169;246;193;243;252
3738.0;121;169;245;194;244;251
3744.0;121;169;245;194;244;251
3750.0;121;170;245;194;244;250
3756.0;121;169;249;193;243;249
3762.0;121;171;249;193;242;248
3768.0;121;171;249;193;242;248
3774.0;120;171;249;193;241;250
3780.0;119;171;248;193;242;251
3786.0;120;169;249;193;242;251
3792.0;118;168;250;193;242;253
3798.0;118;168;250;192;242;254
3804.0;118;168;249;192;243;254
3810.0;118;168;248;192;243;255
3816.0;118;169;248;191;242;256
3822.0;117;171;247;190;243;256
3828.0;116;170;248;191;243;256
3834.0;113;170;249;192;242;258
3840.0;114;167;249;191;244;259
3846.0;114;167;248;193;244;258
3852.0;113;167;248;194;244;258
3858.0;111;167;249;194;245;258
3864.0;112;167;248;193;245;259
3870.0;113;167;249;193;244;258
3876.0;112;169;249;193;243;258
3882.0;108;172;249;194;244;257
3888.0;108;173;248;194;243;258
3894.0;110;173;249;193;243;256
3900.0;108;175;250;192;241;258
3906.0;110;174;249;192;242;257
3912.0;111;175;248;192;240;258
3918.0;111;171;250;192;241;259
3924.0;111;171;251;193;239;259
3930.0;114;172;250;191;238;259
3936.0;113;173;250;191;237;260
3942.0;114;174;250;190;238;258
3948.0;114;174;249;189;238;260
3954.0;115;174;250;187;239;259
3960.0;113;175;252;185;239;260
3966.0;111;174;255;185;239;260
3972.0;111;171;256;184;239;263
3978.0;111;171;256;184;240;262
3984.0;111;170;256;184;241;262
3990.0;111;170;256;185;241;261
3996.0;112;168;258;186;240;260
4002.0;112;167;260;185;241;259
4008.0;110;167;261;186;239;261
4014.0;108;167;262;186;240;261
4020.0;110;170;262;185;238;259
4026.0;110;169;261;186;237;261
4032.0;109;169;260;186;238;262
4038.0;109;168;260;186;238;263
4044.0;109;167;260;187;238;263
4050.0;108;167;260;188;238;263
4056.0;108;167;259;189;238;263
4062.0;108;167;258;190;238;263
4068.0;109;167;258;189;238;263
4074.0;109;167;259;190;237;262
4080.0;109;168;260;188;237;262
4086.0;108;168;260;189;238;261
4092.0;108;168;258;189;239;262
4098.0;108;168;258;189;239;262
4104.0;109;166;259;189;239;262
4110.0;109;166;258;189;239;263
4116.0;109;166;258;188;240;263
4122.0;111;166;258;187;240;262
4128.0;112;166;256;190;239;261
4134.0;113;166;256;188;240;261
4140.0;113;167;256;187;240;261
4146.0;114;166;256;187;240;261
4152.0;114;168;257;186;239;260
4158.0;113;168;256;187;237;263
4164.0;113;168;257;187;236;263
4170.0;114;169;257;188;236;260
4176.0;114;169;257;188;236;260
4182.0;113;168;257;190;235;261
4188.0;113;168;259;188;234;262
4194.0;114;170;259;186;233;262
4200.0;113;170;258;186;235;262
4206.0;112;168;258;186;238;262
4212.0;113;167;258;186;238;262
4218.0;114;167;257;186;237;263
4224.0;114;167;258;187;235;263
4230.0;116;167;259;186;234;262
4236.0;116;167;260;185;234;262
4242.0;116;168;260;186;232;262
4248.0;116;167;260;186;233;262
4254.0;116;168;259;186;233;262
4260.0;116;168;258;187;233;262
4266.0;114;168;257;188;235;262
4272.0;113;169;257;188;235;262
4278.0;113;171;256;189;233;262
4284.0;112;170;256;189;234;263
4290.0;111;171;255;188;236;263
4296.0;112;172;253;188;236;263
4302.0;112;170;253;188;236;265
4308.0;111;170;253;189;235;266
4314.0;111;170;253;189;235;266
4320.0;110;170;252;189;236;267
4326.0;110;170;253;189;237;265
4332.0;111;171;252;190;236;264
4338.0;111;171;251;190;237;264
4344.0;111;172;250;190;235;266
4350.0;112;173;250;190;233;266
4356.0;113;172;250;187;235;267
4362.0;114;171;251;187;235;266
4368.0;115;172;252;185;235;265
4374.0;114;170;252;188;235;265
4380.0;113;170;253;189;235;264
4386.0;113;171;252;189;234;265
4392.0;114;169;253;189;234;265
4398.0;114;168;254;190;232;266
4404.0;116;168;254;189;231;266
4410.0;118;164;256;189;231;266
4416.0;118;164;256;190;231;265
4422.0;115;168;256;189;232;264
4428.0;116;168;256;191;231;262
4434.0;117;166;257;189;231;264
4440.0;117;166;256;188;233;264
4446.0;116;167;257;187;233;264
4452.0;116;169;256;186;233;264
4458.0;116;171;254;187;233;263
4464.0;116;171;255;187;232;263
4470.0;114;171;257;186;232;264
4476.0;117;168;258;186;231;264
4482.0;117;166;260;185;230;266
4488.0;116;166;260;186;230;266
4494.0;115;165;260;186;231;267
4500.0;113;165;260;186;231;269
4506.0;113;165;259;186;232;269
4512.0;112;165;259;187;232;269
4518.0;112;165;260;187;232;268
4524.0;112;165;259;188;232;268
4530.0;112;165;259;187;233;268
4536.0;111;164;262;186;233;268
4542.0;111;165;262;186;232;268
4548.0;112;165;261;185;233;268
4554.0;114;163;261;186;232;268
4560.0;114;163;261;187;230;269
4566.0;114;162;261;188;228;271
4572.0;114;163;261;188;227;271
4578.0;113;163;261;187;228;272
4584.0;113;163;261;188;227;272
4590.0;113;163;262;188;226;272
4596.0;114;162;262;188;226;272
4602.0;113;163;262;187;226;273
4608.0;113;162;263;187;226;273
4614.0;112;163;263;188;227;271
4620.0;112;164;261;188;228;271
4626.0;112;163;261;187;228;273
4632.0;109;168;261;186;228;272
4638.0;109;169;261;185;228;272
4644.0;109;170;261;185;227;272
4650.0;108;170;261;184;228;273
4656.0;108;171;261;184;228;272
4662.0;108;172;260;185;228;271
4668.0;107;172;260;185;229;271
4674.0;107;171;259;187;230;270
4680.0;109;173;257;185;229;271
4686.0;108;173;257;184;229;273
4692.0;109;172;255;186;228;274
4698.0;108;171;254;186;230;275
4704.0;108;170;254;187;230;275
4710.0;107;171;254;187;230;275
4716.0;108;171;255;187;229;274
4722.0;106;173;256;186;230;273
4728.0;106;173;256;186;230;273
4734.0;105;174;257;185;230;273
4740.0;106;172;258;185;231;272
4746.0;106;172;258;185;231;272
4752.0;108;170;258;185;231;272
4758.0;107;171;257;187;231;271
4764.0;108;169;257;187;231;272
4770.0;108;169;257;188;231;271
4776.0;108;169;257;189;231;270
4782.0;107;169;257;190;233;268
4788.0;108;169;256;190;233;268
4794.0;109;169;255;191;232;268
4800.0;109;169;255;191;232;268
4806.0;108;169;254;191;232;270
4812.0;108;168;254;193;230;271
4818.0;107;170;253;192;230;272
4824.0;107;170;253;192;230;272
4830.0;108;169;253;191;230;273
4836.0;108;169;253;190;230;274
4842.0;105;172;253;189;232;273
4848.0;105;173;253;188;231;274
4854.0;106;172;253;189;230;274
4860.0;108;172;252;189;229;274
4866.0;109;171;251;189;229;275
4872.0;108;172;251;189;229;275
4878.0;108;173;251;188;229;275
4884.0;108;174;251;188;229;274
4890.0;108;173;252;188;229;274
4896.0;107;174;252;189;229;273
4902.0;107;175;253;188;228;273
4908.0;107;174;252;189;229;273
4914.0;105;175;251;189;230;274
4920.0;106;174;248;190;230;276
4926.0;105;175;248;191;229;276
4932.0;106;175;247;191;229;276
4938.0;107;176;247;191;229;274
4944.0;107;176;245;192;229;275
4950.0;107;176;245;191;230;275
4956.0;106;174;247;191;231;275
4962.0;106;173;247;193;232;273
4968.0;106;173;247;192;233;273
4974.0;107;172;245;192;234;274
4980.0;108;171;246;193;234;272
4986.0;109;171;246;193;234;271
4992.0;109;171;247;193;234;270
4998.0;108;171;248;193;237;267
5004.0;108;171;248;193;238;266
5010.0;108;171;248;193;240;264
5016.0;108;171;248;193;240;264
5022.0;107;172;249;193;239;264
5028.0;107;172;249;194;239;263
5034.0;106;172;250;192;239;265
5040.0;105;174;251;192;237;265
5046.0;106;174;250;191;238;265
5052.0;106;174;250;192;239;263
5058.0;105;176;252;192;237;262
5064.0;104;177;254;192;237;260
5070.0;103;178;254;192;237;260
5076.0;103;177;254;193;236;261
5082.0;102;177;256;193;235;261
5088.0;101;177;258;192;236;260
5094.0;100;177;258;191;236;262
5100.0;102;175;258;191;234;264
5106.0;103;178;258;189;233;263
5112.0;103;178;258;189;233;263
5118.0;104;178;257;189;232;264
5124.0;104;176;258;189;233;264
5130.0;104;177;257;191;231;264
5136.0;105;176;256;191;232;264
5142.0;105;177;257;191;232;262
5148.0;105;176;257;191;233;262
5154.0;106;175;255;191;235;262
5160.0;105;175;255;192;235;262
5166.0;103;176;255;192;235;263
5172.0;103;178;253;192;236;262
5178.0;103;178;252;193;235;263
5184.0;105;178;252;191;236;262
5190.0;106;179;252;191;234;262
5196.0;105;179;253;190;234;263
5202.0;105;179;253;190;235;262
5208.0;104;178;255;190;237;260
5214.0;105;178;256;191;235;259
5220.0;103;179;257;192;235;258
5226.0;103;179;258;192;234;258
5232.0;105;179;257;191;234;258
5238.0;105;179;257;190;234;259
5244.0;106;181;256;190;232;259
5250.0;106;181;256;191;232;258
5256.0;104;181;256;192;232;259
5262.0;103;182;256;192;233;258
5268.0;104;182;255;192;233;258
5274.0;104;182;254;192;234;258
5280.0;104;184;254;192;233;257
5286.0;104;183;254;192;235;256
5292.0;104;183;254;190;237;256
5298.0;104;183;255;191;235;256
5304.0;104;183;254;192;235;256
5310.0;105;183;254;192;235;255
5316.0;103;183;256;192;235;255
5322.0;103;185;258;189;234;255
5328.0;104;185;256;190;235;254
5334.0;106;183;256;191;235;253
5340.0;106;185;255;191;236;251
5346.0;106;184;255;190;236;253
5352.0;106;186;254;190;236;252
5358.0;105;187;253;190;236;253
5364.0;105;187;253;190;236;253
5370.0;106;186;254;190;236;252
5376.0;106;186;254;191;236;251
5382.0;106;185;255;192;237;249
5388.0;106;185;256;191;237;249
5394.0;106;185;255;191;238;249
5400.0;107;185;256;190;237;249
5406.0;105;185;256;191;239;248
5412.0;105;185;256;191;239;248
5418.0;105;185;257;190;239;248
5424.0;104;186;257;190;240;247
5430.0;105;185;259;188;241;246
5436.0;104;185;260;188;241;246
5442.0;107;185;260;187;241;244
5448.0;107;185;260;187;239;246
5454.0;107;186;259;187;239;246
5460.0;106;187;259;186;239;247
5466.0;107;186;259;186;238;248
5472.0;107;186;260;186;238;247
5478.0;106;185;263;186;238;246
5484.0;105;184;264;186;240;245
5490.0;105;184;264;187;239;245
5496.0;104;184;263;187;239;247
5502.0;105;184;262;186;240;247
5508.0;106;183;264;186;239;246
5514.0;107;184;261;188;239;245
5520.0;108;186;261;185;238;246
5526.0;109;187;261;184;236;247
5532.0;109;189;259;184;236;247
5538.0;109;190;259;185;235;246
5544.0;109;189;259;185;236;246
5550.0;109;189;259;185;236;246
5556.0;108;189;259;185;236;247
5562.0;108;189;259;185;236;247
5568.0;108;189;259;185;236;247
5574.0;108;189;259;185;236;247
5580.0;109;189;259;184;236;247
5586.0;109;189;259;184;236;247
5592.0;108;189;259;186;235;247
5598.0;108;189;259;185;236;247
5604.0;108;188;258;186;238;246
5610.0;107;188;259;187;239;244
5616.0;107;187;260;187;239;244
5622.0;108;185;260;188;239;244
5628.0;107;185;260;188;241;243
5634.0;106;185;261;191;240;241
5640.0;107;184;260;191;241;241
5646.0;106;186;259;191;241;241
5652.0;105;187;259;191;239;243
5658.0;105;187;259;192;239;242
5664.0;104;185;260;192;242;241
5670.0;105;185;262;190;241;241
5676.0;105;185;262;190;241;241
5682.0;106;184;261;191;242;240
5688.0;107;182;260;191;244;240
5694.0;107;183;261;190;244;239
5700.0;108;182;260;190;244;240
5706.0;109;183;260;190;242;240
5712.0;109;183;259;191;243;239
5718.0;108;182;261;189;245;239
5724.0;109;182;260;188;248;237
5730.0;109;182;260;187;248;238
5736.0;108;182;261;186;249;238
5742.0;107;183;261;187;248;238
5748.0;108;183;260;187;248;238
5754.0;108;185;259;186;248;238
5760.0;108;185;257;186;249;239
5766.0;108;185;257;186;249;239
5772.0;107;187;257;185;249;239
5778.0;107;188;257;184;249;239
5784.0;107;189;255;183;249;241
5790.0;106;189;254;184;250;241
5796.0;105;189;254;185;249;242
5802.0;106;188;251;185;249;245
5808.0;106;186;250;186;252;244
5814.0;104;187;251;186;252;244
5820.0;103;188;252;186;252;243
5826.0;104;189;253;184;251;243
5832.0;105;188;252;186;249;244
5838.0;106;188;252;185;249;244
5844.0;106;186;253;185;249;245
5850.0;107;186;252;184;251;244
5856.0;107;186;252;184;251;244
5862.0;107;185;251;184;253;244
5868.0;104;185;251;183;255;246
5874.0;104;185;251;183;255;246
5880.0;105;185;252;183;254;245
5886.0;105;185;252;182;255;245
5892.0;105;182;253;183;255;246
5898.0;105;181;253;183;256;246
5904.0;104;181;254;183;256;246
5910.0;104;182;254;183;255;246
5916.0;105;181;254;183;255;246
5922.0;105;181;255;183;255;245
5928.0;106;183;255;182;254;244
5934.0;106;183;257;182;253;243
5940.0;106;183;257;182;253;243
5946.0;106;183;257;181;253;244
5952.0;106;184;253;181;256;244
5958.0;105;184;253;180;256;246
5964.0;105;183;254;180;256;246
5970.0;105;182;254;181;257;245
5976.0;105;182;254;181;257;245
5982.0;105;183;253;181;257;245
5988.0;105;182;253;181;257;246
5994.0;104;184;252;181;257;246
6000.0;104;184;253;181;255;247
6006.0;106;184;252;180;254;248
6012.0;107;183;251;178;256;249
6018.0;106;183;251;177;258;249
6024.0;106;184;251;176;259;248
6030.0;106;184;251;177;260;246
6036.0;104;185;250;177;260;248
6042.0;103;185;250;177;260;249
6048.0;102;185;249;177;261;250
6054.0;101;186;249;176;262;250
6060.0;101;184;250;176;263;250
6066.0;101;184;250;176;262;251
6072.0;101;185;249;177;262;250
6078.0;100;184;250;177;263;250
6084.0;101;184;251;176;260;252
6090.0;100;184;251;175;262;252
6096.0;100;186;249;175;261;253
6102.0;101;186;248;174;261;254
6108.0;101;186;247;174;262;254
6114.0;101;186;248;174;262;253
6120.0;101;186;248;174;262;253
6126.0;101;187;247;174;262;253
6132.0;101;186;247;174;263;253
6138.0;101;186;247;172;263;255
6144.0;101;186;247;171;264;255
6150.0;102;186;246;172;264;254
6156.0;102;186;245;172;265;254
6162.0;100;187;246;172;265;254
6168.0;100;188;245;172;265;254
6174.0;99;189;245;172;265;254
6180.0;100;189;244;172;264;255
6186.0;100;188;244;172;264;256
6192.0;100;188;243;173;264;256
6198.0;101;187;243;175;262;256
6204.0;100;187;244;176;262;255
6210.0;101;188;242;177;262;254
6216.0;100;188;243;178;261;254
6222.0;100;188;243;177;262;254
6228.0;101;187;243;177;262;254
6234.0;101;188;242;175;264;254
6240.0;102;188;243;175;264;252
6246.0;102;188;243;176;264;251
6252.0;102;188;244;177;263;250
6258.0;105;188;240;175;265;251
6264.0;105;187;240;176;266;250
6270.0;105;187;241;176;266;249
6276.0;105;186;242;176;266;249
6282.0;105;186;242;177;266;248
6288.0;105;187;242;177;266;247
6294.0;107;187;242;176;264;248
6300.0;108;185;242;177;265;247
6306.0;108;187;242;175;264;248
6312.0;109;184;242;175;267;247
6318.0;111;181;241;176;267;248
6324.0;112;180;241;176;267;248
6330.0;112;179;241;176;267;249
6336.0;112;179;240;178;267;248
6342.0;113;178;240;177;267;249
6348.0;113;177;240;177;268;249
6354.0;115;177;239;177;268;248
6360.0;116;177;239;176;268;248
6366.0;117;177;239;177;267;247
6372.0;119;177;238;176;268;246
6378.0;118;175;239;177;270;245
6384.0;117;175;240;177;270;245
6390.0;117;175;240;177;270;245
6396.0;115;176;238;179;270;246
6402.0;116;176;238;178;271;245
6408.0;116;176;238;176;271;247
6414.0;117;176;237;177;271;246
6420.0;115;177;237;177;271;247
6426.0;115;177;238;177;271;246
6432.0;115;175;237;178;273;246
6438.0;115;175;237;177;274;246
6444.0;114;174;238;178;274;246
6450.0;115;175;238;178;273;245
6456.0;116;175;236;179;273;245
6462.0;116;175;236;180;272;245
6468.0;117;175;235;180;272;245
6474.0;117;175;235;181;272;244
6480.0;118;174;235;182;271;244
6486.0;117;174;234;183;271;245
6492.0;117;174;232;186;271;244
6498.0;120;172;231;186;272;243
6504.0;120;173;232;185;272;242
6510.0;120;172;233;185;270;244
6516.0;119;172;235;185;269;244
6522.0;119;174;235;184;269;243
6528.0;119;174;236;185;267;243
6534.0;118;175;235;186;267;243
6540.0;118;175;235;186;267;243
6546.0;118;175;235;185;268;243
6552.0;117;175;235;185;268;244
6558.0;116;175;236;185;268;244
6564.0;115;175;234;186;269;245
6570.0;115;174;234;187;268;246
6576.0;114;175;234;185;269;247
6582.0;115;174;234;185;269;247
6588.0;116;172;234;186;267;249
6594.0;117;171;234;186;267;249
6600.0;117;170;234;187;266;250
6606.0;118;170;234;187;266;249
6612.0;119;170;234;186;265;250
6618.0;118;171;232;187;266;250
6624.0;119;170;233;190;263;249
6630.0;118;171;233;189;263;250
6636.0;117;172;235;190;261;249
6642.0;117;173;235;190;260;249
6648.0;116;173;235;192;260;248
6654.0;116;173;234;192;259;250
6660.0;115;174;235;192;258;250
6666.0;114;174;236;191;258;251
6672.0;114;175;235;192;257;251
6678.0;113;177;234;191;257;252
6684.0;112;177;234;192;258;251
6690.0;112;177;234;192;258;251
6696.0;114;177;234;191;257;251
6702.0;115;180;231;191;256;251
6708.0;116;180;228;191;257;252
6714.0;117;179;228;190;258;252
6720.0;117;179;228;190;258;252
6726.0;118;178;228;190;258;252
6732.0;118;176;229;190;258;253
6738.0;118;176;228;192;258;252
6744.0;118;175;228;192;258;253
6750.0;117;177;227;192;258;253
6756.0;117;178;226;192;258;253
6762.0;117;178;226;191;259;253
6768.0;118;179;226;190;259;252
6774.0;119;178;225;188;260;254
6780.0;119;178;223;189;260;255
6786.0;119;178;222;190;260;255
6792.0;119;178;221;190;261;255
6798.0;117;178;221;189;264;255
6804.0;117;177;220;189;266;255
6810.0;119;175;220;188;267;255
6816.0;119;175;221;188;267;254
6822.0;118;175;221;188;269;253
6828.0;118;175;222;187;269;253
6834.0;119;175;222;186;269;253
6840.0;118;176;222;187;268;253
6846.0;118;177;222;185;267;255
6852.0;119;177;222;185;266;255
6858.0;119;177;221;184;266;257
6864.0;118;177;221;183;267;258
6870.0;118;177;221;183;268;257
6876.0;118;178;222;183;267;256
6882.0;117;177;222;185;268;255
6888.0;117;175;223;186;267;256
6894.0;117;173;224;186;267;257
6900.0;117;173;224;186;267;257
6906.0;117;173;225;185;267;257
6912.0;116;174;225;185;267;257
6918.0;114;174;225;186;269;256
6924.0;114;175;227;183;268;257
6930.0;113;175;228;184;267;257
6936.0;114;177;228;183;266;256
6942.0;115;176;228;184;266;255
6948.0;117;176;226;183;266;256
6954.0;117;176;226;183;266;256
6960.0;118;176;226;183;266;255
6966.0;118;176;225;184;266;255
6972.0;117;178;225;184;266;254
6978.0;118;178;226;183;266;253
6984.0;116;179;224;183;267;255
6990.0;112;180;225;184;268;255
6996.0;113;179;225;184;269;254
7002.0;113;179;225;184;269;254
7008.0;113;178;227;183;268;255
7014.0;111;181;227;184;266;255
7020.0;112;180;227;184;266;255
7026.0;111;180;227;184;267;255
7032.0;111;180;227;184;267;255
7038.0;110;180;228;184;268;254
7044.0;109;180;228;184;268;255
7050.0;110;180;228;184;267;255
7056.0;110;180;229;183;267;255
7062.0;109;180;229;183;267;256
7068.0;109;180;229;184;266;256
7074.0;110;179;230;184;265;256
7080.0;111;179;228;185;265;256
7086.0;111;180;229;184;265;255
7092.0;110;182;228;184;264;256
7098.0;110;181;229;185;263;256
7104.0;110;181;232;185;262;254
7110.0;111;181;230;184;262;256
7116.0;111;181;230;183;262;257
7122.0;110;179;230;184;263;258
7128.0;112;177;229;186;259;261
7134.0;112;178;230;187;257;260
7140.0;111;176;229;188;258;262
7146.0;111;176;227;190;260;260
7152.0;110;176;228;189;260;261
7158.0;110;176;228;189;260;261
7164.0;111;174;228;190;259;262
7170.0;112;173;228;189;260;262
7176.0;111;173;227;188;262;263
7182.0;112;174;227;190;261;260
7188.0;112;173;227;190;261;261
7194.0;112;173;226;191;261;261
7200.0;112;173;224;193;263;259
7206.0;112;173;224;191;263;261
7212.0;113;172;223;192;264;260
7218.0;112;172;223;192;264;261
7224.0;112;171;224;192;265;260
7230.0;112;170;225;193;265;259
7236.0;111;170;224;194;266;259
7242.0;110;171;225;194;265;259
7248.0;111;173;225;194;263;258
7254.0;111;173;225;194;262;259
7260.0;112;173;226;192;262;259
7266.0;114;172;225;192;262;259
7272.0;114;173;223;192;264;258
7278.0;113;174;222;192;265;258
7284.0;113;173;221;193;266;258
7290.0;113;173;220;193;266;259
7296.0;113;172;221;193;266;259
7302.0;113;173;220;194;266;258
7308.0;112;175;221;194;264;258
7314.0;112;175;221;193;264;259
7320.0;112;175;221;194;264;258
7326.0;113;175;221;193;264;258
7332.0;114;174;220;193;265;258
7338.0;115;174;220;193;265;257
7344.0;115;173;220;191;266;259
7350.0;115;175;220;190;267;257
7356.0;115;174;221;189;267;258
7362.0;115;174;221;188;269;257
7368.0;115;174;221;189;268;257
7374.0;114;174;221;189;269;257
7380.0;114;175;220;189;269;257
7386.0;114;175;220;189;268;258
7392.0;114;175;219;189;268;259
7398.0;114;175;219;189;268;259
7404.0;115;175;217;188;269;260
7410.0;118;174;217;189;269;257
7416.0;118;176;218;187;268;257
7422.0;117;175;220;187;268;257
7428.0;118;176;220;187;267;256
7434.0;119;176;220;186;267;256
7440.0;118;174;221;185;268;258
7446.0;118;174;222;184;269;257
7452.0;118;173;224;183;268;258
7458.0;117;173;224;181;270;259
7464.0;117;173;225;181;271;257
7470.0;117;173;225;180;273;256
7476.0;116;172;226;181;273;256
7482.0;116;172;226;181;274;255
7488.0;115;173;226;182;274;254
7494.0;113;173;226;182;276;254
7500.0;114;172;226;182;276;254
7506.0;114;173;226;182;276;253
7512.0;113;172;226;184;276;253
7518.0;114;172;226;184;275;253
7524.0;113;173;225;184;275;254
7530.0;113;172;226;183;275;255
7536.0;113;172;226;182;275;256
7542.0;112;172;226;183;275;256
7548.0;112;172;226;183;274;257
7554.0;112;172;226;183;274;257
7560.0;112;172;227;183;273;257
7566.0;114;171;225;185;273;256
7572.0;114;171;225;184;274;256
7578.0;114;171;225;185;273;256
7584.0;114;172;225;185;272;256
7590.0;113;173;224;185;273;256
7596.0;115;171;223;185;273;257
7602.0;116;171;223;186;272;256
7608.0;114;171;222;187;274;256
7614.0;115;171;222;189;272;255
7620.0;113;171;222;190;271;257
7626.0;116;172;219;191;271;255
7632.0;117;173;219;191;270;254
7638.0;117;171;219;192;271;254
7644.0;116;172;220;191;271;254
7650.0;115;173;219;191;271;255
7656.0;115;173;220;191;270;255
7662.0;115;173;221;191;270;254
7668.0;115;174;220;190;271;254
7674.0;115;174;219;190;272;254
7680.0;114;174;222;190;271;253
7686.0;117;174;222;189;270;252
7692.0;117;172;222;190;270;253
7698.0;117;171;222;191;270;253
7704.0;117;170;222;190;270;255
7710.0;116;170;221;190;272;255
7716.0;117;170;220;190;272;255
7722.0;117;170;220;190;272;255
7728.0;118;171;220;190;270;255
7734.0;117;171;221;190;270;255
7740.0;116;171;221;190;270;256
7746.0;118;171;221;189;270;255
7752.0;118;171;221;189;270;255
7758.0;118;170;220;190;271;255
7764.0;119;170;220;190;271;254
7770.0;119;170;220;190;271;254
7776.0;118;171;220;190;270;255
7782.0;117;170;219;191;271;256
7788.0;117;172;220;190;270;255
7794.0;117;172;220;191;270;254
7800.0;119;172;222;190;268;253
7806.0;121;172;221;191;266;253
7812.0;119;173;222;189;268;253
7818.0;119;175;223;187;267;253
7824.0;117;178;224;186;270;249
7830.0;117;178;224;185;270;250
7836.0;117;179;224;185;269;250
7842.0;116;179;224;186;268;251
7848.0;116;179;225;186;267;251
7854.0;116;178;226;186;267;251
7860.0;114;180;225;185;267;253
7866.0;116;180;225;185;267;251
7872.0;116;181;227;183;267;250
7878.0;117;182;225;182;267;251
7884.0;118;180;225;182;267;252
7890.0;117;180;225;182;268;252
7896.0;115;181;226;182;268;252
7902.0;117;182;226;181;266;252
7908.0;120;182;226;179;267;250
7914.0;122;182;225;180;267;248
7920.0;123;180;223;180;270;248
7926.0;123;180;223;180;270;248
7932.0;123;180;224;181;269;247
7938.0;123;180;224;181;269;247
7944.0;123;180;226;181;268;246
7950.0;123;180;226;181;268;246
7956.0;123;180;226;181;268;246
7962.0;123;181;227;181;268;244
7968.0;124;179;226;182;268;245
7974.0;123;178;227;183;268;245
7980.0;124;179;225;182;270;244
7986.0;124;179;225;182;270;244
7992.0;126;179;224;182;269;244
7998.0;125;179;223;183;269;245
8004.0;125;179;221;184;269;246
8010.0;125;181;221;182;268;247
8016.0;126;182;221;181;267;247
8022.0;124;183;221;181;267;248
8028.0;124;184;219;183;267;247
8034.0;125;185;219;183;265;247
8040.0;127;186;219;182;263;247
8046.0;127;185;218;185;263;246
8052.0;127;186;218;184;263;246
8058.0;126;187;218;185;264;244
8064.0;126;188;218;183;265;244
8070.0;126;188;217;186;264;243
8076.0;125;190;217;186;264;242
8082.0;125;190;218;187;263;241
8088.0;124;191;218;188;261;242
8094.0;124;191;218;188;261;242
8100.0;123;190;218;189;261;243
8106.0;122;189;218;191;260;244
8112.0;123;188;220;190;258;245
8118.0;123;188;220;189;259;245
8124.0;123;189;220;188;260;244
8130.0;122;189;221;188;260;244
8136.0;122;189;223;188;260;242
8142.0;121;190;224;187;260;242
8148.0;121;189;223;187;260;244
8154.0;121;191;223;189;258;242
8160.0;120;191;224;191;257;241
8166.0;120;191;225;190;257;241
8172.0;120;192;224;190;257;241
8178.0;118;193;224;191;258;240
8184.0;116;192;226;190;259;241
8190.0;116;191;226;190;260;241
8196.0;115;192;226;188;261;242
8202.0;115;191;228;187;260;243
8208.0;115;192;229;187;259;242
8214.0;116;192;227;188;259;242
8220.0;115;194;227;189;258;241
8226.0;114;194;230;188;258;240
8232.0;115;193;229;188;259;240
8238.0;114;193;229;187;260;241
8244.0;114;193;229;187;259;242
8250.0;114;192;228;189;258;243
8256.0;114;192;227;190;258;243
8262.0;114;192;227;190;257;244
8268.0;114;191;227;191;257;244
8274.0;114;192;227;192;257;242
8280.0;113;193;227;193;257;241
8286.0;113;193;227;192;258;241
8292.0;114;193;228;192;256;241
8298.0;114;192;228;192;256;242
8304.0;114;189;229;193;255;244
8310.0;114;189;229;193;253;246
8316.0;113;191;230;192;252;246
8322.0;113;192;231;191;252;245
8328.0;113;194;230;190;252;245
8334.0;115;193;230;191;250;245
8340.0;116;194;229;190;249;246
8346.0;115;194;231;190;248;246
8352.0;115;194;231;190;248;246
8358.0;115;195;230;190;247;247
8364.0;115;195;231;190;248;245
8370.0;115;194;232;189;249;245
8376.0;115;194;232;189;249;245
8382.0;115;195;232;189;249;244
8388.0;116;194;233;189;249;243
8394.0;115;194;233;189;250;243
8400.0;114;194;233;189;250;244
8406.0;115;192;233;188;250;246
8412.0;115;192;234;188;251;244
8418.0;116;192;233;187;252;244
8424.0;114;193;234;186;253;244
8430.0;114;193;234;187;253;243
8436.0;114;193;234;187;255;241
8442.0;114;194;234;187;255;240
8448.0;112;195;234;188;255;240
8454.0;112;195;234;188;256;239
8460.0;112;195;236;188;254;239
8466.0;111;195;236;189;254;239
8472.0;112;195;235;189;254;239
8478.0;112;195;235;188;254;240
8484.0;113;195;233;188;255;240
8490.0;113;194;233;188;255;241
8496.0;111;195;232;189;254;243
8502.0;111;195;232;189;254;243
8508.0;111;194;233;189;254;243
8514.0;112;192;233;190;255;242
8520.0;113;192;232;190;255;242
8526.0;113;193;231;190;255;242
8532.0;111;193;233;191;255;241
8538.0;111;193;234;189;255;242
8544.0;110;193;233;191;257;240
8550.0;110;195;233;192;256;238
8556.0;110;197;231;192;256;238
8562.0;109;196;233;192;256;238
8568.0;109;196;235;192;255;237
8574.0;109;197;238;192;251;237
8580.0;106;198;239;194;250;237
8586.0;105;198;240;193;251;237
8592.0;104;200;240;192;250;238
8598.0;103;201;240;192;251;237
8604.0;103;201;241;192;252;235
8610.0;102;201;241;192;253;235
8616.0;101;201;241;191;255;235
8622.0;100;202;241;193;255;233
8628.0;99;203;242;191;255;234
8634.0;98;204;242;191;255;234
8640.0;99;204;243;191;254;233
8646.0;100;203;242;192;253;234
8652.0;100;204;242;191;253;234
8658.0;101;204;241;192;253;233
8664.0;99;204;241;193;253;234
8670.0;99;204;242;193;253;233
8676.0;99;204;242;193;253;233
8682.0;99;204;242;190;253;236
8688.0;99;205;241;188;254;237
8694.0;101;204;242;187;255;235
8700.0;101;204;243;187;254;235
8706.0;101;204;242;188;253;236
8712.0;100;205;243;187;254;235
8718.0;97;207;243;187;254;236
8724.0;96;207;244;185;255;237
8730.0;94;206;244;187;256;237
8736.0;95;205;243;187;256;238
8742.0;94;205;244;187;256;238
8748.0;94;205;245;188;254;238
8754.0;93;205;244;191;254;237
8760.0;93;204;244;191;255;237
8766.0;94;205;244;191;253;237
8772.0;93;205;245;191;252;238
8778.0;95;204;246;192;249;238
8784.0;95;204;246;192;249;238
8790.0;95;204;247;191;250;237
8796.0;93;204;245;192;251;239
8802.0;93;203;245;191;253;239
8808.0;93;203;245;190;253;240
8814.0;92;203;245;191;253;240
8820.0;92;202;246;189;255;240
8826.0;91;201;245;192;255;240
8832.0;89;203;245;192;255;240
8838.0;89;203;244;192;256;240
8844.0;90;201;245;192;256;240
8850.0;89;203;245;191;256;240
8856.0;89;204;243;192;257;239
8862.0;90;204;242;192;257;239
8868.0;90;204;242;193;256;239
8874.0;91;204;242;192;256;239
8880.0;91;202;242;192;256;241
8886.0;90;203;243;192;254;242
8892.0;90;203;244;192;254;241
8898.0;91;203;243;192;254;241
8904.0;90;204;244;193;252;241
8910.0;91;203;245;193;251;241
8916.0;92;201;245;194;251;241
8922.0;93;201;245;193;252;240
8928.0;93;200;246;192;252;241
8934.0;93;203;246;191;252;239
8940.0;94;201;246;191;253;239
8946.0;94;201;245;191;253;240
8952.0;94;202;245;191;252;240
8958.0;94;202;245;191;252;240
8964.0;95;202;243;190;252;242
8970.0;94;202;243;192;252;241
8976.0;95;202;243;192;252;240
8982.0;95;202;243;192;252;240
8988.0;96;203;244;189;252;240
8994.0;97;202;244;188;253;240
9000.0;98;204;244;187;251;240
9006.0;98;204;244;187;251;240
9012.0;101;202;244;187;250;240
9018.0;101;202;245;186;251;239
9024.0;100;202;244;186;253;239
9030.0;101;202;243;187;252;239
9036.0;100;202;243;187;252;240
9042.0;100;202;243;187;252;240
9048.0;100;201;244;187;251;241
9054.0;100;200;244;188;250;242
9060.0;99;202;244;187;252;240
9066.0;100;202;244;187;251;240
9072.0;101;200;245;187;251;240
9078.0;102;197;246;186;251;242
9084.0;102;196;246;186;252;242
9090.0;102;196;246;186;252;242
9096.0;103;197;244;188;251;241
9102.0;103;198;242;190;250;241
9108.0;102;199;242;189;251;241
9114.0;104;200;242;188;250;240
9120.0;105;197;242;190;249;241
9126.0;104;197;243;190;248;242
9132.0;103;197;243;190;249;242
9138.0;103;197;243;190;249;242
9144.0;103;196;243;190;250;242
9150.0;103;196;242;191;250;242
9156.0;105;196;241;189;251;242
9162.0;108;195;241;189;251;240
9168.0;108;197;240;189;251;239
9174.0;105;198;241;189;252;239
9180.0;106;198;243;188;252;237
9186.0;107;197;243;189;252;236
9192.0;106;199;243;189;251;236
9198.0;105;199;243;188;250;239
9204.0;105;199;243;188;250;239
9210.0;105;199;243;187;250;240
9216.0;105;197;244;186;250;242
9222.0;107;198;243;184;249;243
9228.0;108;198;242;184;250;242
9234.0;106;198;242;185;250;243
9240.0;105;198;240;186;251;244
9246.0;104;198;241;185;252;244
9252.0;103;199;242;184;253;243
9258.0;102;198;244;183;254;243
9264.0;102;198;243;182;254;245
9270.0;102;199;244;179;254;246
9276.0;102;199;244;178;255;246
9282.0;103;199;245;177;254;246
9288.0;105;198;247;176;252;246
9294.0;105;197;248;176;253;245
9300.0;106;197;248;176;252;245
9306.0;106;198;248;176;252;244
9312.0;107;197;249;177;252;242
9318.0;108;198;248;176;252;242
9324.0;109;198;248;176;251;242
9330.0;110;198;246;176;252;242
9336.0;111;200;246;176;250;241
9342.0;112;200;246;176;250;240
9348.0;111;201;246;175;251;240
9354.0;109;201;248;175;251;240
9360.0;108;201;248;176;251;240
9366.0;108;201;248;175;252;240
9372.0;109;202;248;174;251;240
9378.0;109;202;248;173;251;241
9384.0;109;202;248;173;251;241
9390.0;109;203;246;174;252;240
9396.0;106;201;247;174;254;242
9402.0;106;200;248;174;255;241
9408.0;106;201;248;174;255;240
9414.0;105;200;248;175;256;240
9420.0;103;202;245;175;258;241
9426.0;105;200;244;174;260;241
9432.0;105;201;246;174;259;239
9438.0;104;199;247;175;260;239
9444.0;104;199;246;175;261;239
9450.0;103;198;247;175;262;239
9456.0;103;198;247;176;262;238
9462.0;105;197;247;175;262;238
9468.0;106;194;249;173;262;240
9474.0;105;194;248;172;265;240
9480.0;107;193;248;171;265;240
9486.0;106;193;247;175;263;240
9492.0;106;192;247;175;264;240
9498.0;104;193;247;176;264;240
9504.0;107;193;248;174;265;237
9510.0;107;193;248;175;265;236
9516.0;107;193;248;175;265;236
9522.0;105;194;247;175;267;236
9528.0;104;193;251;174;268;234
9534.0;104;193;251;174;268;234
9540.0;105;193;252;175;266;233
9546.0;104;194;252;175;265;234
9552.0;102;195;252;176;266;233
9558.0;104;195;251;176;266;232
9564.0;104;196;250;176;265;233
9570.0;106;195;251;175;263;234
9576.0;106;195;250;176;263;234
9582.0;107;194;250;176;263;234
9588.0;108;193;250;177;262;234
9594.0;109;192;250;177;262;234
9600.0;109;192;250;176;262;235
9606.0;107;191;251;177;262;236
9612.0;108;192;251;175;262;236
9618.0;108;192;251;175;262;236
9624.0;109;193;251;175;263;233
9630.0;109;191;252;176;262;234
9636.0;109;192;250;176;262;235
9642.0;109;192;249;177;262;235
9648.0;111;191;249;177;261;235
9654.0;110;193;248;178;260;235
9660.0;111;191;249;179;259;235
9666.0;111;192;249;179;259;234
9672.0;112;192;250;177;259;234
9678.0;111;192;250;177;263;231
9684.0;111;192;250;177;263;231
9690.0;112;192;249;175;264;232
9696.0;111;192;248;177;262;234
9702.0;110;193;248;178;261;234
9708.0;111;191;246;178;264;234
9714.0;111;191;246;177;265;234
9720.0;112;191;246;176;266;233
9726.0;112;189;248;177;266;232
9732.0;112;188;248;179;266;231
9738.0;113;188;248;178;266;231
9744.0;114;187;248;178;265;232
9750.0;115;186;246;178;268;231
9756.0;115;185;248;179;266;231
9762.0;116;188;248;178;264;230
9768.0;116;186;248;180;263;231
9774.0;115;186;249;181;263;230
9780.0;117;186;249;179;264;229
9786.0;119;187;249;177;261;231
9792.0;118;187;250;178;260;231
9798.0;119;187;249;178;261;230
9804.0;119;186;248;178;263;230
9810.0;119;186;248;177;264;230
9816.0;119;187;248;177;263;230
9822.0;118;186;248;177;264;231
9828.0;118;186;249;177;263;231
9834.0;117;185;247;178;264;233
9840.0;117;185;247;178;264;233
9846.0;118;186;246;176;265;233
9852.0;116;187;247;175;266;233
9858.0;115;186;246;174;266;237
9864.0;115;186;247;174;265;237
9870.0;116;186;246;174;267;235
9876.0;116;187;246;174;266;235
9882.0;115;185;245;175;266;238
9888.0;116;185;245;175;265;238
9894.0;114;186;245;175;266;238
9900.0;114;187;242;177;265;239
9906.0;113;186;244;177;266;238
9912.0;113;186;244;176;267;238
9918.0;113;186;246;177;264;238
9924.0;112;186;245;177;267;237
9930.0;111;186;246;177;267;237
9936.0;111;186;247;177;266;237
9942.0;110;185;248;177;268;236
9948.0;110;186;248;178;266;236
9954.0;110;187;248;177;265;237
9960.0;109;187;248;177;267;236
9966.0;108;187;248;177;267;237
9972.0;107;188;248;178;266;237
9978.0;108;189;248;176;266;237
9984.0;108;189;249;177;265;236
9990.0;108;190;248;176;265;237
9996.0;109;190;247;175;267;236
10002.0;108;191;248;175;267;235
10008.0;108;193;247;174;266;236
10014.0;108;193;247;174;265;237
10020.0;109;193;247;173;265;237
10026.0;109;194;247;173;264;237
10032.0;109;194;244;175;264;238
10038.0;110;195;243;174;264;238
10044.0;111;195;243;175;262;238
10050.0;112;193;243;174;263;239
10056.0;113;192;243;174;264;238
10062.0;113;192;242;174;263;240
10068.0;112;192;242;174;262;242
10074.0;112;193;241;175;261;242
10080.0;112;192;240;177;261;242
10086.0;110;191;243;177;261;242
10092.0;111;189;245;177;262;240
10098.0;112;187;244;177;264;240
10104.0;111;186;243;177;265;242
10110.0;111;186;243;177;266;241
10116.0;110;187;241;177;268;241
10122.0;110;188;240;178;268;240
10128.0;109;189;239;178;269;240
10134.0;110;189;239;177;269;240
10140.0;109;190;240;177;268;240
10146.0;107;189;242;175;269;242
10152.0;106;191;240;176;269;242
10158.0;108;190;239;177;268;242
10164.0;108;189;240;175;268;244
10170.0;110;189;240;174;268;243
10176.0;107;190;239;176;268;244
10182.0;105;191;240;177;267;244
10188.0;105;189;240;178;268;244
10194.0;105;189;240;178;269;243
10200.0;104;190;238;178;271;243
10206.0;104;189;240;178;271;242
10212.0;105;189;237;178;272;243
10218.0;105;189;238;178;272;242
10224.0;104;189;238;178;272;243
10230.0;103;189;238;178;272;244
10236.0;105;188;239;178;271;243
10242.0;105;188;239;177;271;244
10248.0;106;188;239;178;271;242
10254.0;108;186;239;179;270;242
10260.0;107;184;242;179;270;242
10266.0;107;184;242;179;270;242
10272.0;106;185;242;179;270;242
10278.0;109;185;242;177;271;240
10284.0;109;184;243;177;271;240
10290.0;109;183;243;178;271;240
10296.0;109;182;244;179;271;239
10302.0;109;182;243;179;273;238
10308.0;109;182;243;178;274;238
10314.0;108;182;245;177;275;237
10320.0;109;181;246;177;274;237
10326.0;108;181;247;177;274;237
10332.0;109;180;249;176;274;236
10338.0;109;181;250;174;274;236
10344.0;107;181;251;175;274;236
10350.0;106;183;251;176;274;234
10356.0;106;184;252;175;272;235
10362.0;107;183;252;176;270;236
10368.0;106;183;252;177;270;236
10374.0;106;183;253;177;270;235
10380.0;106;184;253;176;271;234
10386.0;106;185;253;176;270;234
10392.0;107;184;252;176;270;235
10398.0;107;186;252;175;271;233
10404.0;108;186;252;176;269;233
10410.0;108;186;252;176;270;232
10416.0;108;188;249;177;269;233
10422.0;110;186;250;177;268;233
10428.0;110;186;250;177;268;233
10434.0;110;187;251;177;267;232
10440.0;110;189;250;177;266;232
10446.0;109;189;249;177;268;232
10452.0;110;189;249;176;267;233
10458.0;109;189;248;176;269;233
10464.0;109;189;248;176;270;232
10470.0;107;191;248;176;271;231
10476.0;107;190;248;176;272;231
10482.0;106;191;248;176;271;232
10488.0;107;191;248;176;271;231
10494.0;107;191;249;176;271;230
10500.0;106;191;251;175;269;232
10506.0;106;192;251;174;269;232
10512.0;104;191;252;174;272;231
10518.0;101;192;254;175;271;231
10524.0;99;192;253;176;273;231
10530.0;99;192;254;176;272;231
10536.0;99;192;253;176;272;232
10542.0;100;193;253;175;271;232
10548.0;101;192;253;175;271;232
10554.0;101;193;253;174;270;233
10560.0;100;194;254;173;269;234
10566.0;101;192;256;172;269;234
10572.0;101;192;255;172;270;234
10578.0;101;193;254;172;269;235
10584.0;102;193;253;171;269;236
10590.0;103;192;254;170;270;235
10596.0;104;192;254;169;271;234
10602.0;104;193;255;169;269;234
10608.0;105;192;256;168;269;234
10614.0;104;192;256;171;267;234
10620.0;104;192;257;171;266;234
10626.0;105;193;256;170;264;236
10632.0;103;193;257;170;265;236
10638.0;103;193;257;170;265;236
10644.0;103;192;258;170;265;236
10650.0;103;193;258;170;264;236
10656.0;104;191;258;171;264;236
10662.0;106;190;258;169;263;238
10668.0;106;191;257;170;262;238
10674.0;106;192;257;169;261;239
10680.0;106;193;255;170;262;238
10686.0;106;192;257;170;263;236
10692.0;105;193;257;170;262;237
10698.0;104;193;257;170;262;238
10704.0;105;192;257;171;262;237
10710.0;107;192;256;171;261;237
10716.0;107;192;256;172;261;236
10722.0;108;191;255;172;261;237
10728.0;108;192;255;171;261;237
10734.0;108;193;254;170;260;239
10740.0;108;194;254;169;260;239
10746.0;107;195;254;169;260;239
10752.0;108;193;254;170;260;239
10758.0;109;194;253;169;260;239
10764.0;110;194;253;167;261;239
10770.0;109;194;253;168;260;240
10776.0;109;195;253;168;259;240
10782.0;108;195;251;169;261;240
10788.0;107;196;252;169;261;239
10794.0;107;196;252;171;259;239
