#auto generated file!
12.0;163;152;143;151;152;157
18.0;163;151;143;152;153;156
24.0;165;151;143;152;152;155
30.0;164;151;143;152;152;156
36.0;165;150;144;151;152;156
42.0;165;150;145;150;152;156
48.0;165;149;146;150;152;156
54.0;165;148;146;151;152;156
60.0;165;149;146;150;152;156
66.0;165;150;146;150;151;156
72.0;164;149;146;150;151;158
78.0;163;149;147;150;151;158
84.0;164;149;147;149;151;158
90.0;163;149;147;150;150;159
96.0;163;149;147;149;151;159
102.0;162;150;147;149;151;159
108.0;162;150;148;150;150;158
114.0;162;150;148;150;150;158
120.0;162;150;148;151;149;158
126.0;163;150;148;150;149;158
132.0;164;151;147;151;148;157
138.0;165;151;147;151;147;157
144.0;164;153;147;152;148;154
150.0;163;153;147;154;147;154
156.0;160;153;147;156;148;154
162.0;160;153;148;154;148;155
168.0;159;153;149;154;148;155
174.0;158;152;150;156;148;154
180.0;158;151;150;156;148;155
186.0;157;152;150;155;149;155
192.0;155;152;149;155;152;155
198.0;154;152;150;155;151;156
204.0;154;152;152;153;152;155
210.0;153;152;153;153;152;155
216.0;152;153;153;153;152;155
222.0;152;153;154;153;152;154
228.0;152;152;153;155;152;154
234.0;152;151;154;155;151;155
240.0;152;150;154;155;150;157
246.0;152;150;155;154;150;157
252.0;151;150;156;154;150;157
258.0;149;150;156;155;151;157
264.0;149;150;155;156;151;157
270.0;147;151;156;155;152;157
276.0;147;151;156;155;152;157
282.0;146;152;154;158;152;156
288.0;147;152;155;157;152;155
294.0;146;152;155;157;153;155
300.0;145;153;155;157;153;155
306.0;146;153;156;156;154;153
312.0;144;154;155;158;153;154
318.0;145;154;154;158;153;154
324.0;145;154;154;158;153;154
330.0;146;154;154;158;153;153
336.0;147;153;152;160;151;155
342.0;146;154;152;160;150;156
348.0;145;154;152;162;150;155
354.0;144;154;152;163;150;155
360.0;144;155;152;163;149;155
366.0;143;154;154;164;148;155
372.0;142;155;154;163;148;156
378.0;143;155;154;162;148;156
384.0;143;156;153;161;149;156
390.0;143;156;152;161;150;156
396.0;142;156;151;162;150;157
402.0;141;156;150;162;152;157
408.0;140;156;151;162;152;157
414.0;140;157;150;161;153;157
420.0;139;159;150;161;155;154
426.0;139;160;149;161;155;154
432.0;138;160;149;163;154;154
438.0;138;159;148;165;154;154
444.0;137;158;148;165;154;156
450.0;137;158;148;165;155;155
456.0;137;158;149;165;155;154
462.0;137;157;149;165;155;155
468.0;139;157;147;165;155;155
474.0;140;157;146;163;157;155
480.0;140;157;146;163;158;154
486.0;140;157;145;163;159;154
492.0;140;157;146;163;158;154
498.0;139;157;146;163;158;155
504.0;139;157;146;163;159;154
510.0;139;158;146;162;159;154
516.0;139;159;145;162;159;154
522.0;140;158;145;162;157;156
528.0;138;159;146;163;157;155
534.0;139;159;147;162;156;155
540.0;140;160;147;160;156;155
546.0;140;160;147;161;155;155
552.0;139;163;146;160;155;155
558.0;140;162;145;159;155;157
564.0;140;162;144;160;155;157
570.0;142;162;144;159;154;157
576.0;141;162;144;159;154;158
582.0;142;163;144;159;153;157
588.0;142;163;145;159;153;156
594.0;144;163;146;160;152;153
600.0;144;162;146;161;152;153
606.0;143;162;145;162;154;152
612.0;143;161;145;161;155;153
618.0;144;162;144;160;155;153
624.0;144;162;145;159;155;153
630.0;144;162;145;160;154;153
636.0;143;162;146;161;153;153
642.0;143;163;145;161;153;153
648.0;144;164;145;160;153;152
654.0;143;164;145;160;154;152
660.0;142;165;145;159;154;153
666.0;141;165;144;160;154;154
672.0;141;165;142;160;155;155
678.0;141;165;142;160;155;155
684.0;140;164;142;160;155;157
690.0;141;166;141;160;153;157
696.0;139;167;143;160;151;158
702.0;138;167;143;160;151;159
708.0;139;166;144;159;151;159
714.0;139;166;143;159;151;160
720.0;140;166;143;158;151;160
726.0;139;167;143;156;150;163
732.0;139;167;143;156;150;163
738.0;140;167;143;156;149;163
744.0;139;167;144;156;149;163
750.0;138;169;143;157;150;161
756.0;138;170;142;156;151;161
762.0;138;171;143;156;149;161
768.0;138;171;145;155;148;161
774.0;138;171;145;154;148;162
780.0;138;172;144;155;148;161
786.0;138;172;144;155;148;161
792.0;137;172;145;154;150;160
798.0;136;172;145;156;150;159
804.0;134;174;147;155;149;159
810.0;134;174;147;155;149;159
816.0;133;174;147;156;149;159
822.0;131;172;149;156;149;161
828.0;131;172;149;156;149;161
834.0;131;173;148;156;148;162
840.0;132;171;150;155;146;164
846.0;132;170;150;156;147;163
852.0;132;169;151;156;147;163
858.0;132;167;151;156;148;164
864.0;133;167;151;156;147;164
870.0;133;167;151;156;147;164
876.0;134;164;150;155;151;164
882.0;133;163;150;155;152;165
888.0;134;163;149;155;151;166
894.0;133;164;150;155;150;166
900.0;134;163;148;156;150;167
906.0;133;162;149;156;150;168
912.0;133;161;149;156;152;167
918.0;133;161;149;156;152;167
924.0;133;160;150;155;153;167
930.0;135;160;150;154;152;167
936.0;133;160;150;155;153;167
942.0;131;161;150;154;152;170
948.0;131;161;150;155;152;169
954.0;130;161;150;155;152;170
960.0;130;161;151;152;152;172
966.0;129;159;152;151;151;176
972.0;129;158;152;150;153;176
978.0;130;157;151;150;154;176
984.0;129;157;151;150;155;176
990.0;127;157;153;150;155;176
996.0;127;157;153;150;155;176
1002.0;127;156;153;151;155;176
1008.0;125;157;155;150;155;176
1014.0;125;156;155;151;154;177
1020.0;126;156;154;151;154;177
1026.0;126;157;154;150;155;176
1032.0;126;158;154;150;154;176
1038.0;125;156;155;152;154;176
1044.0;125;155;156;150;154;178
1050.0;125;155;156;150;154;178
1056.0;124;156;156;150;155;177
1062.0;124;156;155;151;155;177
1068.0;125;155;156;150;155;177
1074.0;125;155;156;150;155;177
1080.0;125;155;155;150;155;178
1086.0;125;154;155;150;157;177
1092.0;125;153;155;150;158;177
1098.0;125;154;156;148;158;177
1104.0;123;153;157;148;159;178
1110.0;122;152;158;149;158;179
1116.0;122;153;158;148;158;179
1122.0;121;151;159;148;159;180
1128.0;121;150;159;148;160;180
1134.0;121;149;159;148;160;181
1140.0;121;148;159;148;160;182
1146.0;119;148;159;148;162;182
1152.0;118;147;159;149;163;182
1158.0;118;147;159;149;163;182
1164.0;119;146;160;147;163;183
1170.0;119;146;160;149;162;182
1176.0;119;145;160;149;162;183
1182.0;119;145;158;149;163;184
1188.0;119;144;158;150;163;184
1194.0;118;146;159;149;162;184
1200.0;116;148;161;145;164;184
1206.0;116;147;161;146;165;183
1212.0;117;148;160;145;166;182
1218.0;119;147;161;146;164;181
1224.0;119;147;161;146;164;181
1230.0;119;147;160;146;165;181
1236.0;120;146;160;146;165;181
1242.0;121;146;160;144;165;182
1248.0;120;146;161;144;166;181
1254.0;121;146;161;144;165;181
1260.0;120;146;161;146;165;180
1266.0;120;146;160;147;165;180
1272.0;119;146;160;148;165;180
1278.0;119;145;161;148;165;180
1284.0;117;148;161;148;164;180
1290.0;117;149;161;149;164;178
1296.0;115;150;161;149;165;178
1302.0;115;151;161;149;165;177
1308.0;116;150;161;149;165;177
1314.0;116;150;161;149;165;177
1320.0;115;150;161;150;165;177
1326.0;115;149;162;150;165;177
1332.0;114;149;161;151;166;177
1338.0;114;149;160;151;166;178
1344.0;114;150;159;150;166;179
1350.0;115;149;160;150;165;179
1356.0;113;150;161;149;167;178
1362.0;114;149;160;148;168;179
1368.0;114;149;161;148;166;180
1374.0;113;151;160;149;166;179
1380.0;112;151;159;150;166;180
1386.0;111;152;159;150;167;179
1392.0;112;152;160;151;165;178
1398.0;113;151;160;150;165;179
1404.0;113;149;160;151;166;179
1410.0;114;148;161;151;166;178
1416.0;113;148;160;152;166;179
1422.0;112;148;160;155;165;178
1428.0;111;148;159;157;166;177
1434.0;111;148;160;157;165;177
1440.0;111;148;160;157;165;177
1446.0;111;148;161;156;165;177
1452.0;111;148;161;156;165;177
1458.0;111;148;162;155;165;177
1464.0;110;147;162;155;168;176
1470.0;110;147;161;156;168;176
1476.0;110;146;161;156;169;176
1482.0;110;146;161;156;169;176
1488.0;110;145;161;156;170;176
1494.0;111;144;161;157;169;176
1500.0;112;145;160;157;170;174
1506.0;112;146;160;158;169;173
1512.0;111;147;160;156;170;174
1518.0;111;147;160;156;170;174
1524.0;111;147;160;156;170;174
1530.0;110;147;160;158;169;174
1536.0;110;147;160;158;169;174
1542.0;109;145;162;158;170;174
1548.0;109;145;162;158;171;173
1554.0;109;145;163;157;171;173
1560.0;111;145;163;156;171;172
1566.0;113;144;163;155;172;171
1572.0;113;144;163;155;171;172
1578.0;111;145;164;156;170;172
1584.0;111;146;164;156;170;171
1590.0;112;145;165;156;169;171
1596.0;112;145;165;156;168;172
1602.0;111;145;165;156;169;172
1608.0;110;146;164;156;170;172
1614.0;112;146;164;155;170;171
1620.0;111;146;164;155;170;172
1626.0;111;147;164;155;169;172
1632.0;110;145;165;155;170;173
1638.0;110;146;165;154;170;173
1644.0;110;146;165;154;170;173
1650.0;109;146;165;154;171;173
1656.0;109;148;165;154;169;173
1662.0;109;148;164;154;171;172
1668.0;109;149;163;154;171;172
1674.0;110;149;164;154;170;171
1680.0;110;149;164;154;170;171
1686.0;110;150;164;154;169;171
1692.0;108;148;165;155;170;172
1698.0;109;149;168;151;170;171
1704.0;109;148;166;154;170;171
1710.0;109;149;163;154;170;173
1716.0;110;148;163;154;170;173
1722.0;109;148;163;154;169;175
1728.0;108;148;163;155;169;175
1734.0;108;148;163;155;169;175
1740.0;107;149;162;155;170;175
1746.0;108;149;162;155;170;174
1752.0;108;148;163;155;169;175
1758.0;107;148;163;156;169;175
1764.0;105;147;163;159;169;175
1770.0;105;147;163;159;169;175
1776.0;105;147;163;160;169;174
1782.0;104;146;163;161;170;174
1788.0;104;145;163;162;170;174
1794.0;103;145;163;163;170;174
1800.0;102;146;163;165;169;173
1806.0;100;147;163;166;168;174
1812.0;100;147;163;166;168;174
1818.0;98;147;162;167;169;175
1824.0;98;148;162;168;169;173
1830.0;98;147;161;169;169;174
1836.0;98;149;161;169;169;172
1842.0;96;149;162;169;170;172
1848.0;95;151;160;169;171;172
1854.0;95;151;162;167;171;172
1860.0;94;152;162;167;171;172
1866.0;94;152;162;167;171;172
1872.0;93;150;163;168;171;173
1878.0;92;150;163;168;172;173
1884.0;92;150;163;168;172;173
1890.0;94;150;163;168;171;172
1896.0;95;149;163;168;171;172
1902.0;96;149;162;168;170;173
1908.0;97;149;162;168;170;172
1914.0;97;149;162;168;170;172
1920.0;96;149;162;169;170;172
1926.0;95;149;161;169;171;173
1932.0;97;149;159;170;172;171
1938.0;97;148;159;170;173;171
1944.0;97;148;159;169;173;172
1950.0;96;149;160;167;173;173
1956.0;95;149;160;167;174;173
1962.0;95;149;161;167;173;173
1968.0;95;148;161;167;173;174
1974.0;96;148;161;165;174;174
1980.0;95;149;161;165;174;174
1986.0;96;150;161;164;173;174
1992.0;96;149;161;165;173;174
1998.0;95;150;161;166;173;173
2004.0;95;150;162;164;173;174
2010.0;94;149;163;165;174;173
2016.0;94;148;163;166;174;173
2022.0;92;149;163;167;174;173
2028.0;93;150;163;167;172;173
2034.0;93;151;164;166;171;173
2040.0;93;151;164;165;171;174
2046.0;93;152;164;165;170;174
2052.0;94;153;165;164;171;171
2058.0;94;153;165;165;171;170
2064.0;94;153;166;164;172;169
2070.0;94;153;167;162;173;169
2076.0;94;153;167;162;173;169
2082.0;94;153;167;163;174;167
2088.0;93;152;166;163;175;169
2094.0;93;152;166;163;175;169
2100.0;92;152;165;165;174;170
2106.0;93;152;166;165;173;169
2112.0;92;152;167;165;173;169
2118.0;92;152;166;165;174;169
2124.0;92;152;166;165;174;169
2130.0;91;153;165;164;174;171
2136.0;91;153;165;164;174;171
2142.0;92;154;165;162;174;171
2148.0;92;153;165;163;174;171
2154.0;92;153;166;163;174;170
2160.0;94;151;166;163;174;170
2166.0;94;151;167;161;174;171
2172.0;95;151;167;160;174;171
2178.0;95;150;166;161;175;171
2184.0;95;151;165;162;174;171
2190.0;95;151;165;162;174;171
2196.0;96;151;164;162;173;172
2202.0;97;151;165;162;173;170
2208.0;97;151;165;161;174;170
2214.0;96;153;166;160;173;170
2220.0;96;153;166;159;173;171
2226.0;97;154;166;158;173;170
2232.0;98;153;167;160;172;168
2238.0;100;152;167;160;171;168
2244.0;101;152;167;160;170;168
2250.0;100;152;167;161;170;168
2256.0;100;151;169;160;169;169
2262.0;100;151;169;160;170;168
2268.0;99;151;169;159;172;168
2274.0;99;153;167;159;171;169
2280.0;99;153;167;159;171;169
2286.0;98;153;167;159;172;169
2292.0;99;153;166;159;172;169
2298.0;98;153;166;159;172;170
2304.0;98;152;166;159;173;170
2310.0;98;152;165;159;173;171
2316.0;98;151;167;159;173;170
2322.0;98;151;167;159;173;170
2328.0;100;150;168;158;172;170
2334.0;99;150;168;159;172;170
2340.0;100;150;168;159;172;169
2346.0;101;149;166;160;172;170
2352.0;101;148;166;160;173;170
2358.0;100;148;167;158;175;170
2364.0;101;148;166;156;174;173
2370.0;101;148;166;156;175;172
2376.0;101;148;166;156;176;171
2382.0;101;148;166;156;176;171
2388.0;101;147;167;154;177;172
2394.0;101;147;166;154;177;173
2400.0;101;148;166;155;176;172
2406.0;101;148;166;155;176;172
2412.0;99;147;166;156;176;174
2418.0;98;146;166;156;176;176
2424.0;98;145;167;156;175;177
2430.0;98;144;168;156;175;177
2436.0;98;144;168;156;176;176
2442.0;98;144;168;156;176;176
2448.0;97;144;168;157;176;176
2454.0;97;143;168;158;176;176
2460.0;98;144;167;158;176;175
2466.0;98;143;167;160;176;174
2472.0;99;142;167;160;176;174
2478.0;99;142;167;160;176;174
2484.0;99;142;167;160;176;174
2490.0;100;140;167;160;177;174
2496.0;100;140;167;160;177;174
2502.0;100;140;167;160;177;174
2508.0;100;141;166;159;178;174
2514.0;99;141;167;159;178;174
2520.0;98;141;168;158;178;175
2526.0;97;141;170;157;178;175
2532.0;95;141;171;157;180;174
2538.0;95;141;172;156;180;174
2544.0;96;141;174;156;178;173
2550.0;97;141;174;157;176;173
2556.0;95;139;175;157;178;174
2562.0;96;139;174;157;179;173
2568.0;97;138;173;158;178;174
2574.0;96;137;173;158;180;174
2580.0;96;136;173;157;181;175
2586.0;97;135;173;156;181;176
2592.0;97;135;173;155;181;177
2598.0;98;135;173;155;181;176
2604.0;97;135;174;155;181;176
2610.0;95;135;174;155;182;177
2616.0;95;135;174;156;182;176
2622.0;95;135;174;156;182;176
2628.0;95;135;175;154;184;175
2634.0;94;135;176;154;184;175
2640.0;95;135;176;153;183;176
2646.0;95;135;176;151;183;178
2652.0;95;134;176;150;184;179
2658.0;95;133;177;148;186;179
2664.0;95;135;176;147;185;180
2670.0;95;135;176;148;185;179
2676.0;94;135;177;149;185;178
2682.0;95;135;177;149;185;177
2688.0;95;134;177;148;187;177
2694.0;94;134;177;149;187;177
2700.0;92;133;177;148;188;180
2706.0;89;132;177;150;189;181
2712.0;89;133;178;150;187;181
2718.0;90;133;178;150;187;180
2724.0;88;133;178;151;186;182
2730.0;87;133;178;151;188;181
2736.0;87;133;178;151;188;181
2742.0;86;133;178;151;190;180
2748.0;86;134;177;151;191;179
2754.0;86;134;178;150;191;179
2760.0;83;134;179;151;191;180
2766.0;84;134;178;152;192;178
2772.0;84;135;178;151;192;178
2778.0;84;136;178;151;191;178
2784.0;84;135;178;153;190;178
2790.0;84;135;178;153;190;178
2796.0;86;133;179;152;190;178
2802.0;85;135;178;152;190;178
2808.0;82;135;179;153;190;179
2814.0;82;134;180;154;192;176
2820.0;82;135;180;155;191;175
2826.0;84;134;179;156;190;175
2832.0;84;133;179;157;190;175
2838.0;85;135;178;158;189;173
2844.0;85;135;178;158;189;173
2850.0;85;136;178;158;188;173
2856.0;85;136;178;158;188;173
2862.0;86;135;178;158;188;173
2868.0;86;135;178;158;187;174
2874.0;87;134;178;158;187;174
2880.0;87;136;178;159;184;174
2886.0;87;138;179;157;184;173
2892.0;86;137;181;157;183;174
2898.0;87;136;181;157;184;173
2904.0;88;135;181;157;184;173
2910.0;88;135;182;157;184;172
2916.0;88;135;182;157;184;172
2922.0;89;135;182;156;185;171
2928.0;89;135;182;156;185;171
2934.0;89;135;182;156;185;171
2940.0;89;135;182;156;183;173
2946.0;89;135;182;156;182;174
2952.0;89;135;182;155;183;174
2958.0;89;136;182;154;183;174
2964.0;89;138;181;154;182;174
2970.0;89;138;181;155;182;173
2976.0;89;138;181;155;182;173
2982.0;88;137;181;156;182;174
2988.0;88;137;181;156;183;173
2994.0;88;136;183;156;182;173
3000.0;89;136;182;157;181;173
3006.0;90;136;182;157;180;173
3012.0;90;136;182;157;180;173
3018.0;90;136;183;157;180;172
3024.0;90;136;183;157;180;172
3030.0;93;136;182;157;177;173
3036.0;93;136;183;157;176;173
3042.0;93;137;183;156;175;174
3048.0;92;138;182;155;178;173
3054.0;91;139;182;155;178;173
3060.0;91;139;182;156;178;172
3066.0;89;139;181;157;178;174
3072.0;92;138;179;158;178;173
3078.0;91;139;180;158;178;172
3084.0;90;139;182;158;178;171
3090.0;91;139;182;158;177;171
3096.0;90;138;183;158;178;171
3102.0;90;138;182;159;178;171
3108.0;90;140;182;158;178;170
3114.0;90;142;181;155;179;171
3120.0;90;141;181;156;179;171
3126.0;90;140;183;156;177;172
3132.0;90;140;182;157;177;172
3138.0;90;140;183;156;179;170
3144.0;90;140;183;156;179;170
3150.0;90;141;183;155;178;171
3156.0;90;141;184;154;178;171
3162.0;90;141;185;153;178;171
3168.0;90;141;185;152;179;171
3174.0;89;141;185;154;179;170
3180.0;90;141;184;154;179;170
3186.0;91;141;184;154;178;170
3192.0;91;141;186;154;177;169
3198.0;91;141;186;154;177;169
3204.0;91;141;184;154;177;171
3210.0;92;141;185;154;176;170
3216.0;93;141;185;155;175;169
3222.0;89;141;188;156;175;169
3228.0;88;141;188;155;174;172
3234.0;88;141;187;155;174;173
3240.0;87;141;186;156;175;173
3246.0;86;141;185;158;175;173
3252.0;85;141;186;157;176;173
3258.0;85;141;185;158;175;174
3264.0;86;140;186;158;174;174
3270.0;86;140;186;156;175;175
3276.0;87;140;186;155;175;175
3282.0;86;140;186;155;175;176
3288.0;86;140;186;155;175;176
3294.0;86;141;185;155;176;175
3300.0;85;140;186;154;176;177
3306.0;87;139;187;152;175;178
3312.0;88;139;187;153;174;177
3318.0;88;139;187;153;174;177
3324.0;88;139;186;154;174;177
3330.0;87;138;186;153;174;180
3336.0;88;137;186;153;174;180
3342.0;88;137;185;153;173;182
3348.0;89;137;184;153;173;182
3354.0;91;137;184;153;172;181
3360.0;91;137;184;153;172;181
3366.0;91;138;184;153;171;181
3372.0;91;138;185;153;171;180
3378.0;91;138;184;153;172;180
3384.0;92;137;184;153;170;182
3390.0;92;138;183;153;171;181
3396.0;91;138;182;154;172;181
3402.0;91;138;182;154;172;181
3408.0;91;137;183;154;173;180
3414.0;90;137;184;153;173;181
3420.0;91;136;184;154;172;181
3426.0;91;136;185;153;172;181
3432.0;89;137;186;153;172;181
3438.0;89;136;186;154;172;181
3444.0;89;137;186;153;172;181
3450.0;90;137;186;153;172;180
3456.0;90;137;186;153;172;180
3462.0;90;137;187;154;171;179
3468.0;90;138;185;152;173;180
3474.0;89;138;185;154;174;178
3480.0;89;138;184;154;175;178
3486.0;89;139;184;153;175;178
3492.0;89;138;185;153;175;178
3498.0;88;139;185;152;176;178
3504.0;89;138;184;154;176;177
3510.0;91;137;182;154;178;176
3516.0;91;137;182;154;178;176
3522.0;91;136;182;155;178;176
3528.0;91;137;183;155;178;174
3534.0;90;138;182;155;178;175
3540.0;90;138;182;154;179;175
3546.0;90;139;181;154;179;175
3552.0;90;140;182;153;179;174
3558.0;89;140;182;154;179;174
3564.0;89;140;181;155;179;174
3570.0;89;140;181;154;179;175
3576.0;89;140;181;154;179;175
3582.0;88;139;181;156;179;175
3588.0;87;139;181;156;179;176
3594.0;88;138;180;155;179;178
3600.0;89;138;179;156;177;179
3606.0;89;138;179;155;177;180
3612.0;88;138;179;154;178;181
3618.0;90;136;178;154;178;182
3624.0;89;136;178;154;178;183
3630.0;89;137;178;153;176;185
3636.0;89;137;179;152;176;185
3642.0;89;137;179;152;176;185
3648.0;89;138;179;151;176;185
3654.0;90;136;180;152;176;184
3660.0;90;136;180;151;177;184
3666.0;91;138;180;152;174;183
3672.0;91;139;179;150;174;185
3678.0;91;140;179;150;173;185
3684.0;92;140;179;150;172;185
3690.0;91;140;180;150;173;184
3696.0;93;139;181;148;173;184
3702.0;93;140;181;148;173;183
3708.0;93;141;180;147;173;184
3714.0;93;140;179;147;173;186
3720.0;93;140;179;147;173;186
3726.0;94;139;178;147;174;186
3732.0;95;138;178;146;175;186
3738.0;94;138;179;144;176;187
3744.0;94;138;179;144;175;188
3750.0;95;138;178;145;175;187
3756.0;94;138;179;145;175;187
3762.0;93;138;180;145;175;187
3768.0;94;137;180;145;176;186
3774.0;94;138;180;146;175;185
3780.0;95;138;180;146;174;185
3786.0;94;139;180;146;176;183
3792.0;91;139;180;146;178;184
3798.0;90;138;180;147;179;184
3804.0;89;138;181;150;176;184
3810.0;90;139;181;150;175;183
3816.0;91;140;180;150;174;183
3822.0;90;140;180;151;174;183
3828.0;89;140;181;151;174;183
3834.0;89;140;182;150;174;183
3840.0;91;140;181;150;173;183
3846.0;91;140;181;150;173;183
3852.0;91;139;178;150;173;187
3858.0;92;140;178;148;174;186
3864.0;93;140;178;148;174;185
3870.0;93;141;179;145;176;184
3876.0;93;142;179;145;176;183
3882.0;93;142;179;145;176;183
3888.0;93;142;179;145;176;183
3894.0;93;142;178;145;176;184
3900.0;92;142;178;145;176;185
3906.0;92;142;177;144;177;186
3912.0;93;143;177;143;178;184
3918.0;92;143;178;143;178;184
3924.0;91;143;178;143;178;185
3930.0;91;144;178;142;179;184
3936.0;91;144;178;143;178;184
3942.0;90;144;178;144;178;184
3948.0;90;143;179;143;178;185
3954.0;90;143;179;143;178;185
3960.0;90;144;179;143;178;184
3966.0;90;145;179;143;179;182
3972.0;92;144;179;142;180;181
3978.0;92;144;179;142;180;181
3984.0;92;144;179;142;180;181
3990.0;92;144;179;144;180;179
3996.0;92;144;179;144;180;179
4002.0;92;146;178;142;180;180
4008.0;94;147;178;142;179;178
4014.0;94;146;179;143;179;177
4020.0;94;146;179;143;179;177
4026.0;94;147;179;141;180;177
4032.0;94;147;179;142;179;177
4038.0;93;147;181;143;177;177
4044.0;91;148;181;144;177;177
4050.0;91;148;180;144;177;178
4056.0;90;146;181;145;178;178
4062.0;90;146;181;145;178;178
4068.0;90;145;181;143;178;181
4074.0;89;145;181;144;178;181
4080.0;89;145;181;143;178;182
4086.0;89;145;181;143;179;181
4092.0;88;147;181;142;179;181
4098.0;88;148;181;143;177;181
4104.0;88;149;181;143;176;181
4110.0;88;149;181;145;175;180
4116.0;88;149;181;145;175;180
4122.0;88;149;182;144;173;182
4128.0;87;148;182;145;173;183
4134.0;87;149;182;143;173;184
4140.0;87;148;180;142;177;184
4146.0;86;148;179;144;178;183
4152.0;85;148;179;143;178;185
4158.0;85;147;179;143;179;185
4164.0;85;146;178;143;179;187
4170.0;85;145;179;143;179;187
4176.0;85;145;179;143;179;187
4182.0;85;145;177;144;179;188
4188.0;86;146;177;144;178;187
4194.0;86;147;177;144;177;187
4200.0;85;148;179;143;176;187
4206.0;85;150;179;142;176;186
4212.0;85;151;179;142;175;186
4218.0;84;151;179;142;177;185
4224.0;85;151;179;141;177;185
4230.0;85;150;180;140;179;184
4236.0;85;150;180;140;179;184
4242.0;85;149;179;141;179;185
4248.0;85;149;179;141;179;185
4254.0;84;148;179;141;179;187
4260.0;83;148;180;141;179;187
4266.0;82;149;180;141;180;186
4272.0;82;149;181;141;179;186
4278.0;81;151;181;141;179;185
4284.0;81;151;181;140;179;186
4290.0;79;152;181;140;178;188
4296.0;78;152;182;140;178;188
4302.0;78;152;182;140;177;189
4308.0;78;149;182;140;179;190
4314.0;78;149;182;140;179;190
4320.0;78;149;181;140;179;191
4326.0;78;150;182;140;179;189
4332.0;78;150;181;139;179;191
4338.0;77;150;181;139;179;192
4344.0;78;149;181;138;179;193
4350.0;78;149;181;138;179;193
4356.0;78;150;180;138;178;194
4362.0;78;150;180;137;178;195
4368.0;77;150;180;137;178;196
4374.0;76;149;182;138;177;196
4380.0;75;148;182;138;178;197
4386.0;74;148;183;137;178;198
4392.0;73;148;185;137;177;198
4398.0;75;148;185;136;177;197
4404.0;75;148;185;136;177;197
4410.0;77;147;186;138;175;195
4416.0;77;146;186;138;175;196
4422.0;77;145;186;139;175;196
4428.0;76;145;186;139;175;197
4434.0;76;144;187;141;174;196
4440.0;76;143;188;141;174;196
4446.0;77;142;188;139;174;198
4452.0;77;140;188;139;173;201
4458.0;78;140;188;139;172;201
4464.0;78;140;188;139;172;201
4470.0;78;139;188;139;172;202
4476.0;78;139;188;137;172;204
4482.0;78;138;190;137;172;203
4488.0;76;140;190;134;173;205
4494.0;76;140;190;134;173;205
4500.0;74;139;191;135;173;206
4506.0;75;140;191;134;173;205
4512.0;74;140;192;136;172;204
4518.0;73;140;192;137;173;203
4524.0;73;140;191;138;173;203
4530.0;73;139;190;137;175;204
4536.0;73;139;190;137;175;204
4542.0;73;139;190;137;176;203
4548.0;73;141;190;137;174;203
4554.0;71;142;190;136;173;206
4560.0;73;142;190;136;174;203
4566.0;73;142;190;136;174;203
4572.0;75;142;190;133;174;204
4578.0;75;142;191;132;174;204
4584.0;76;142;192;132;172;204
4590.0;76;143;192;132;171;204
4596.0;76;143;193;133;170;203
4602.0;77;142;194;133;170;202
4608.0;78;142;194;134;168;202
4614.0;78;143;194;133;168;202
4620.0;78;144;194;133;168;201
4626.0;77;144;194;134;167;202
4632.0;78;144;193;133;168;202
4638.0;79;142;193;133;169;202
4644.0;80;141;193;134;169;201
4650.0;80;140;194;136;168;200
4656.0;80;140;194;137;168;199
4662.0;80;140;193;137;170;198
4668.0;79;141;194;137;171;196
4674.0;80;140;194;137;171;196
4680.0;80;140;194;137;170;197
4686.0;80;140;194;137;171;196
4692.0;81;141;193;136;171;196
4698.0;81;141;194;134;172;196
4704.0;82;141;194;135;172;194
4710.0;80;141;196;136;172;193
4716.0;79;141;197;136;171;194
4722.0;80;141;197;136;171;193
4728.0;80;141;197;139;170;191
4734.0;80;141;197;139;170;191
4740.0;80;141;197;138;172;190
4746.0;80;140;197;138;173;190
4752.0;79;140;195;139;174;191
4758.0;78;140;198;139;173;190
4764.0;78;140;199;138;173;190
4770.0;78;139;199;139;174;189
4776.0;77;140;198;139;175;189
4782.0;76;140;199;140;175;188
4788.0;76;140;198;140;176;188
4794.0;75;139;200;140;177;187
4800.0;75;140;200;140;177;186
4806.0;75;141;200;141;177;184
4812.0;73;142;201;141;176;185
4818.0;72;142;201;141;177;185
4824.0;72;142;201;141;177;185
4830.0;73;142;199;141;178;185
4836.0;73;142;198;140;180;185
4842.0;72;144;197;140;180;185
4848.0;71;143;198;141;180;185
4854.0;72;143;199;140;179;185
4860.0;73;143;199;140;178;185
4866.0;73;143;199;140;178;185
4872.0;73;145;198;139;177;186
4878.0;72;146;198;139;176;187
4884.0;71;146;199;138;176;188
4890.0;71;145;200;137;177;188
4896.0;71;145;200;137;177;188
4902.0;72;145;199;137;177;188
4908.0;73;144;199;137;177;188
4914.0;73;145;200;136;176;188
4920.0;74;145;200;135;177;187
4926.0;74;144;200;136;177;187
4932.0;76;143;200;136;177;186
4938.0;75;143;200;136;178;186
4944.0;75;144;201;136;177;185
4950.0;74;145;201;136;176;186
4956.0;73;145;202;136;177;185
4962.0;73;145;202;136;176;186
4968.0;72;145;202;136;179;184
4974.0;71;145;202;137;180;183
4980.0;72;147;201;138;178;182
4986.0;72;147;201;138;178;182
4992.0;72;146;201;138;178;183
4998.0;72;146;201;138;178;183
5004.0;72;146;201;138;178;183
5010.0;72;146;201;138;178;183
5016.0;73;146;201;137;178;183
5022.0;74;146;200;137;177;184
5028.0;75;145;200;137;177;184
5034.0;74;145;200;137;178;184
5040.0;74;145;200;138;178;183
5046.0;75;147;199;137;179;181
5052.0;75;147;198;138;179;181
5058.0;75;147;199;138;178;181
5064.0;75;145;199;138;179;182
5070.0;75;145;199;139;179;181
5076.0;75;145;199;139;179;181
5082.0;74;144;198;139;178;185
5088.0;74;144;198;139;178;185
5094.0;75;145;197;138;179;184
5100.0;74;144;196;140;180;184
5106.0;72;145;197;139;180;185
5112.0;71;144;198;140;181;184
5118.0;71;145;198;139;181;184
5124.0;71;145;198;139;182;183
5130.0;71;144;198;140;182;183
5136.0;73;143;198;139;182;183
5142.0;74;144;197;139;182;182
5148.0;74;144;197;139;182;182
5154.0;73;145;197;139;182;182
5160.0;73;146;197;138;182;182
5166.0;74;146;197;139;181;181
5172.0;74;146;197;139;180;182
5178.0;74;146;196;139;180;183
5184.0;73;146;195;140;181;183
5190.0;73;145;194;141;182;183
5196.0;72;146;194;142;181;183
5202.0;71;145;194;143;181;184
5208.0;71;145;194;143;181;184
5214.0;71;145;194;143;181;184
5220.0;71;144;196;142;182;183
5226.0;70;144;196;143;182;183
5232.0;70;144;196;141;182;185
5238.0;70;145;196;141;182;184
5244.0;70;145;196;141;182;184
5250.0;70;145;196;141;183;183
5256.0;70;146;196;140;183;183
5262.0;70;146;197;140;182;183
5268.0;70;147;196;140;182;183
5274.0;71;145;195;140;182;185
5280.0;71;144;195;139;182;187
5286.0;71;144;195;139;182;187
5292.0;70;143;195;140;184;186
5298.0;70;143;195;140;184;186
5304.0;70;143;195;139;184;187
5310.0;70;144;194;139;183;188
5316.0;70;146;193;139;182;188
5322.0;69;146;193;139;182;189
5328.0;69;146;194;139;181;189
5334.0;68;147;193;139;181;190
5340.0;67;147;194;139;181;190
5346.0;67;144;196;139;182;190
5352.0;68;143;195;139;182;191
5358.0;69;142;196;139;182;190
5364.0;70;141;195;138;183;191
5370.0;70;141;195;138;183;191
5376.0;70;141;197;137;183;190
5382.0;70;141;197;137;183;190
5388.0;70;142;197;137;182;190
5394.0;69;143;198;137;182;189
5400.0;69;142;199;138;181;189
5406.0;69;143;199;138;180;189
5412.0;71;141;199;138;180;189
5418.0;71;141;199;140;180;187
5424.0;71;140;199;141;178;189
5430.0;70;138;200;141;180;189
5436.0;69;139;200;142;180;188
5442.0;69;138;200;142;180;189
5448.0;69;138;200;142;180;189
5454.0;68;138;200;142;181;189
5460.0;68;138;200;141;180;191
5466.0;69;138;199;141;180;191
5472.0;69;138;199;142;179;191
5478.0;68;137;200;144;179;190
5484.0;66;136;201;145;180;190
5490.0;66;137;201;145;180;189
5496.0;66;139;201;143;180;189
5502.0;66;139;200;144;180;189
5508.0;66;139;200;144;180;189
5514.0;66;139;200;144;180;189
5520.0;66;140;200;144;180;188
5526.0;67;139;199;144;180;189
5532.0;66;138;201;145;178;190
5538.0;67;138;201;142;178;192
5544.0;67;138;201;141;179;192
5550.0;67;137;201;142;179;192
5556.0;66;135;203;143;179;192
5562.0;65;134;202;144;179;194
5568.0;65;133;202;144;180;194
5574.0;65;134;202;144;179;194
5580.0;65;133;202;145;179;194
5586.0;65;133;204;146;176;194
5592.0;65;132;201;148;176;196
5598.0;65;132;199;149;179;194
5604.0;64;133;200;149;178;194
5610.0;64;133;200;149;178;194
5616.0;64;133;200;149;178;194
5622.0;65;133;200;150;176;194
5628.0;65;133;200;151;176;193
5634.0;65;133;200;151;175;194
5640.0;65;133;200;151;174;195
5646.0;65;133;199;151;174;196
5652.0;67;133;201;151;171;195
5658.0;67;133;202;150;171;195
5664.0;69;133;200;150;171;195
5670.0;70;133;199;150;171;195
5676.0;69;133;199;151;171;195
5682.0;68;134;199;151;171;195
5688.0;68;133;198;152;171;196
5694.0;68;132;198;154;171;195
5700.0;68;134;197;152;172;195
5706.0;68;134;196;152;173;195
5712.0;69;134;195;152;173;195
5718.0;69;133;197;151;173;195
5724.0;70;133;198;149;173;195
5730.0;71;133;198;147;174;195
5736.0;72;131;198;147;173;197
5742.0;71;132;197;147;174;197
5748.0;70;132;197;146;175;198
5754.0;71;132;197;146;174;198
5760.0;70;132;197;146;175;198
5766.0;70;132;196;146;176;198
5772.0;70;132;196;146;176;198
5778.0;70;132;195;148;175;198
5784.0;69;132;194;148;176;199
5790.0;69;133;194;148;175;199
5796.0;69;134;193;147;176;199
5802.0;69;134;193;147;176;199
5808.0;69;133;192;149;176;199
5814.0;68;134;192;149;176;199
5820.0;69;133;192;149;176;199
5826.0;70;133;190;148;177;200
5832.0;70;134;190;149;176;199
5838.0;72;136;188;148;176;198
5844.0;72;136;186;148;177;199
5850.0;72;137;186;147;177;199
5856.0;72;137;186;147;177;199
5862.0;72;137;184;148;177;200
5868.0;72;137;184;148;177;200
5874.0;72;138;184;147;177;200
5880.0;72;138;183;148;177;200
5886.0;72;138;183;148;177;200
5892.0;72;137;184;148;176;201
5898.0;72;137;185;148;175;201
5904.0;72;136;185;151;175;199
5910.0;73;134;187;151;174;199
5916.0;72;134;187;151;174;200
5922.0;72;133;187;151;175;200
5928.0;72;133;187;150;176;200
5934.0;72;133;188;149;176;200
5940.0;72;134;188;148;176;200
5946.0;72;134;189;148;176;199
5952.0;72;135;188;148;174;201
5958.0;72;135;188;148;174;201
5964.0;74;136;189;146;172;201
5970.0;74;136;189;146;172;201
5976.0;74;135;190;146;172;201
5982.0;74;135;190;146;172;201
5988.0;74;135;189;146;173;201
5994.0;74;135;187;147;173;202
6000.0;74;135;188;147;172;202
6006.0;74;135;189;147;172;201
6012.0;73;135;190;147;172;201
6018.0;73;135;188;147;173;202
6024.0;72;135;190;147;172;202
6030.0;72;135;190;147;172;202
6036.0;71;135;190;147;173;202
6042.0;71;135;190;146;174;202
6048.0;70;135;191;146;173;203
6054.0;68;135;191;147;174;203
6060.0;68;136;191;146;174;203
6066.0;68;136;190;147;174;203
6072.0;68;137;189;148;174;202
6078.0;68;138;190;146;174;202
6084.0;68;137;190;145;175;203
6090.0;67;136;192;145;175;203
6096.0;68;136;191;145;175;203
6102.0;68;137;191;145;174;203
6108.0;68;137;191;145;174;203
6114.0;68;137;191;145;173;204
6120.0;68;136;192;147;173;202
6126.0;68;137;190;147;174;202
6132.0;69;135;189;146;173;206
6138.0;69;134;190;145;173;207
6144.0;69;134;189;145;173;208
6150.0;69;134;189;144;174;208
6156.0;71;133;191;143;174;206
6162.0;71;134;191;143;174;205
6168.0;72;137;190;143;173;203
6174.0;72;137;191;142;172;204
6180.0;72;137;191;142;172;204
6186.0;72;137;191;143;172;203
6192.0;72;137;190;143;173;203
6198.0;72;138;189;142;175;202
6204.0;72;139;190;141;173;203
6210.0;71;139;190;142;172;204
6216.0;70;139;190;142;172;205
6222.0;71;139;190;141;172;205
6228.0;72;138;190;141;173;204
6234.0;72;138;189;142;174;203
6240.0;70;140;190;142;174;202
6246.0;71;140;191;141;174;201
6252.0;72;140;190;141;174;201
6258.0;74;141;190;140;173;200
6264.0;74;141;190;140;173;200
6270.0;74;141;190;140;173;200
6276.0;75;141;191;140;173;198
6282.0;74;141;192;141;173;197
6288.0;75;141;190;141;174;197
6294.0;74;142;189;141;174;198
6300.0;73;144;189;141;174;197
6306.0;73;143;187;141;176;198
6312.0;73;142;188;141;176;198
6318.0;72;142;186;141;178;199
6324.0;72;144;185;141;178;198
6330.0;72;146;185;137;179;199
6336.0;72;146;185;138;179;198
6342.0;71;143;185;140;180;199
6348.0;71;143;185;140;180;199
6354.0;72;143;184;141;180;198
6360.0;72;145;183;140;180;198
6366.0;72;145;184;140;179;198
6372.0;72;145;184;140;179;198
6378.0;72;146;183;141;178;198
6384.0;72;146;183;140;178;199
6390.0;72;146;182;140;179;199
6396.0;72;144;182;140;181;199
6402.0;72;144;182;140;181;199
6408.0;71;143;182;139;182;201
6414.0;70;143;181;140;183;201
6420.0;71;143;181;139;183;201
6426.0;71;143;181;139;183;201
6432.0;71;141;181;139;183;203
6438.0;70;141;181;140;183;203
6444.0;73;140;181;141;182;201
6450.0;73;140;182;140;182;201
6456.0;74;140;181;141;182;200
6462.0;75;141;180;140;182;200
6468.0;75;142;180;140;181;200
6474.0;74;142;181;141;180;200
6480.0;75;142;181;141;180;199
6486.0;75;141;181;141;180;200
6492.0;75;141;181;142;179;200
6498.0;75;141;181;143;179;199
6504.0;75;140;180;145;178;200
6510.0;74;139;180;145;179;201
6516.0;73;139;180;145;180;201
6522.0;73;139;180;145;180;201
6528.0;73;139;180;145;181;200
6534.0;75;138;180;145;180;200
6540.0;75;138;181;144;180;200
6546.0;75;138;181;145;179;200
6552.0;75;137;184;146;177;199
6558.0;75;136;185;146;177;199
6564.0;75;136;185;146;177;199
6570.0;75;136;184;146;178;199
6576.0;75;136;184;146;178;199
6582.0;75;135;182;150;178;198
6588.0;74;135;183;151;177;198
6594.0;75;135;182;151;177;198
6600.0;75;135;182;152;177;197
6606.0;74;135;182;153;177;197
6612.0;75;136;180;153;177;197
6618.0;76;137;179;152;177;197
6624.0;76;138;179;151;178;196
6630.0;76;137;179;151;179;196
6636.0;76;136;180;152;178;196
6642.0;76;136;182;152;178;194
6648.0;76;135;182;153;179;193
6654.0;76;135;182;153;178;194
6660.0;77;135;183;152;178;193
6666.0;77;135;182;153;177;194
6672.0;76;135;182;153;178;194
6678.0;77;135;180;154;179;193
6684.0;76;135;181;154;180;192
6690.0;78;135;181;154;180;190
6696.0;79;135;181;154;180;189
6702.0;77;136;181;155;180;189
6708.0;76;135;181;155;181;190
6714.0;76;135;180;156;181;190
6720.0;76;135;181;155;181;190
6726.0;76;134;182;154;182;190
6732.0;76;134;182;155;182;189
6738.0;76;133;184;155;182;188
6744.0;77;134;184;154;181;188
6750.0;77;134;184;154;181;188
6756.0;77;134;183;154;181;189
6762.0;75;134;183;153;183;190
6768.0;74;135;185;151;182;191
6774.0;74;135;186;151;181;191
6780.0;74;134;185;153;181;191
6786.0;74;134;185;153;181;191
6792.0;76;133;185;154;180;190
6798.0;75;135;185;154;179;190
6804.0;75;135;186;153;180;189
6810.0;75;134;187;154;178;190
6816.0;75;134;186;154;181;188
6822.0;75;134;186;154;181;188
6828.0;75;133;186;154;182;188
6834.0;74;135;187;154;181;187
6840.0;75;135;187;154;180;187
6846.0;76;134;187;154;180;187
6852.0;76;134;187;154;180;187
6858.0;75;134;187;154;181;187
6864.0;75;136;187;153;180;187
6870.0;74;136;190;152;180;186
6876.0;73;136;190;153;180;186
6882.0;73;136;190;153;180;186
6888.0;72;137;189;155;181;184
6894.0;71;138;188;155;181;185
6900.0;71;138;189;155;181;184
6906.0;72;138;189;153;182;184
6912.0;70;139;191;152;182;184
6918.0;71;138;192;151;181;185
6924.0;72;138;190;151;181;186
6930.0;71;139;190;151;181;186
6936.0;71;140;190;151;181;185
6942.0;70;141;190;151;180;186
6948.0;71;142;189;151;179;186
6954.0;71;142;189;151;179;186
6960.0;70;141;189;154;179;185
6966.0;71;142;187;154;179;185
6972.0;69;142;187;154;180;186
6978.0;70;142;188;152;180;186
6984.0;70;140;188;153;181;186
6990.0;70;142;188;151;181;186
6996.0;69;143;187;151;180;188
7002.0;69;142;187;151;180;189
7008.0;70;142;187;151;179;189
7014.0;68;144;187;152;179;188
7020.0;68;145;187;153;178;187
7026.0;69;145;188;154;177;185
7032.0;71;143;189;153;176;186
7038.0;71;143;188;153;177;186
7044.0;71;143;188;153;176;187
7050.0;70;144;188;152;176;188
7056.0;71;144;191;150;175;187
7062.0;71;144;190;151;175;187
7068.0;70;144;190;152;175;187
7074.0;69;144;190;152;175;188
7080.0;70;144;190;152;176;186
7086.0;70;144;190;151;176;187
7092.0;69;141;192;153;175;188
7098.0;70;140;192;153;174;189
7104.0;71;140;192;152;174;189
7110.0;71;141;192;151;174;189
7116.0;71;141;193;151;173;189
7122.0;70;141;194;152;173;188
7128.0;71;140;193;153;174;187
7134.0;71;140;193;153;175;186
7140.0;71;140;193;152;175;187
7146.0;71;140;194;151;175;187
7152.0;71;141;192;151;176;187
7158.0;70;141;193;151;176;187
7164.0;70;141;193;152;176;186
7170.0;71;141;194;152;174;186
7176.0;71;142;193;152;174;186
7182.0;70;142;193;153;175;185
7188.0;72;143;193;151;173;186
7194.0;72;142;194;151;173;186
7200.0;72;142;194;151;173;186
7206.0;72;143;195;151;173;184
7212.0;72;141;196;151;173;185
7218.0;72;141;198;150;173;184
7224.0;72;140;199;150;173;184
7230.0;73;140;200;150;171;184
7236.0;73;141;200;148;171;185
7242.0;74;144;197;149;171;183
7248.0;73;144;198;149;171;183
7254.0;72;144;199;148;171;184
7260.0;71;146;201;146;171;183
7266.0;72;146;200;146;170;184
7272.0;74;145;200;145;171;183
7278.0;74;144;201;146;172;181
7284.0;74;144;201;146;171;182
7290.0;73;144;202;145;172;182
7296.0;74;143;201;145;173;182
7302.0;73;143;201;145;174;182
7308.0;72;143;202;145;174;182
7314.0;71;142;202;146;174;183
7320.0;71;142;202;147;174;182
7326.0;71;140;203;147;174;183
7332.0;72;139;203;147;174;183
7338.0;71;141;203;147;174;182
7344.0;70;141;203;147;174;183
7350.0;70;141;203;147;174;183
7356.0;71;142;202;146;175;182
7362.0;71;143;201;146;174;183
7368.0;70;143;202;146;174;183
7374.0;71;143;202;146;174;182
7380.0;72;143;202;145;174;182
7386.0;73;143;202;145;173;182
7392.0;73;141;202;146;174;182
7398.0;72;142;201;146;176;181
7404.0;72;142;202;146;176;180
7410.0;72;143;201;146;175;181
7416.0;73;141;201;145;176;182
7422.0;74;141;201;146;175;181
7428.0;74;141;201;145;175;182
7434.0;75;141;201;145;175;181
7440.0;75;141;201;145;175;181
7446.0;74;141;202;144;176;181
7452.0;74;141;202;144;176;181
7458.0;75;142;202;143;178;178
7464.0;75;142;204;142;177;178
7470.0;76;142;204;141;178;177
7476.0;76;140;204;142;178;178
7482.0;77;140;204;141;178;178
7488.0;76;142;203;141;179;177
7494.0;77;141;203;141;179;177
7500.0;77;141;203;140;180;177
7506.0;77;141;202;140;181;177
7512.0;77;141;202;140;181;177
7518.0;77;141;202;140;181;177
7524.0;77;141;201;140;181;178
7530.0;77;141;201;140;181;178
7536.0;77;140;202;140;181;178
7542.0;78;139;202;141;181;177
7548.0;78;139;202;143;179;177
7554.0;77;139;201;143;179;179
7560.0;78;138;201;142;180;179
7566.0;78;138;201;142;180;179
7572.0;78;139;201;141;179;180
7578.0;78;140;199;141;180;180
7584.0;76;140;199;140;183;180
7590.0;76;140;200;140;182;180
7596.0;77;138;200;140;182;181
7602.0;78;138;198;140;183;181
7608.0;78;138;198;140;183;181
7614.0;78;138;198;141;183;180
7620.0;77;139;198;142;181;181
7626.0;77;139;197;141;182;182
7632.0;77;139;196;141;182;183
7638.0;76;139;196;141;183;183
7644.0;75;139;196;142;183;183
7650.0;73;139;196;143;183;184
7656.0;72;139;197;142;183;185
7662.0;73;138;197;142;183;185
7668.0;72;139;198;141;183;185
7674.0;70;142;195;140;184;187
7680.0;71;141;194;140;184;188
7686.0;71;139;194;140;185;189
7692.0;71;139;195;140;185;188
7698.0;71;139;195;140;186;187
7704.0;71;138;196;140;186;187
7710.0;71;139;195;140;186;187
7716.0;71;139;194;140;187;187
7722.0;71;141;193;140;186;187
7728.0;71;142;193;139;186;187
7734.0;72;142;192;139;186;187
7740.0;72;142;192;139;186;187
7746.0;72;141;192;139;187;187
7752.0;71;141;191;141;187;187
7758.0;72;141;191;141;188;185
7764.0;72;141;192;140;188;185
7770.0;71;142;193;141;188;183
7776.0;71;142;192;140;190;183
7782.0;71;142;191;140;192;182
7788.0;70;142;192;140;191;183
7794.0;70;142;191;140;192;183
7800.0;70;142;191;140;192;183
7806.0;70;142;191;140;192;183
7812.0;70;142;191;140;191;184
7818.0;70;141;191;141;189;186
7824.0;69;141;191;141;190;186
7830.0;70;142;191;140;189;186
7836.0;73;140;190;139;189;187
7842.0;74;140;189;139;188;188
7848.0;75;139;188;138;188;190
7854.0;74;139;189;138;189;189
7860.0;73;140;189;137;189;190
7866.0;72;140;187;138;190;191
7872.0;72;138;186;140;191;191
7878.0;73;138;186;140;190;191
7884.0;73;138;186;141;190;190
7890.0;73;136;186;142;190;191
7896.0;72;137;186;142;190;191
7902.0;73;137;186;142;191;189
7908.0;72;137;186;142;192;189
7914.0;72;137;186;142;193;188
7920.0;73;136;186;142;193;188
7926.0;72;137;185;142;194;188
7932.0;71;138;184;142;194;189
7938.0;71;138;185;141;194;189
7944.0;73;139;184;141;193;188
7950.0;74;139;184;141;193;187
7956.0;74;139;185;140;194;186
7962.0;74;139;185;139;194;187
7968.0;74;139;185;139;194;187
7974.0;74;139;185;139;194;187
7980.0;75;141;184;136;194;188
7986.0;74;140;184;136;195;189
7992.0;75;139;183;136;196;189
7998.0;75;139;183;135;197;189
8004.0;74;139;184;134;197;190
8010.0;74;140;184;134;196;190
8016.0;73;140;184;134;197;190
8022.0;73;140;184;135;197;189
8028.0;73;141;184;135;197;188
8034.0;72;141;184;135;197;189
8040.0;72;142;183;136;196;189
8046.0;73;140;182;137;197;189
8052.0;73;139;182;137;195;192
8058.0;73;140;182;135;195;193
8064.0;72;139;182;135;197;193
8070.0;72;140;182;134;197;193
8076.0;73;139;183;134;196;193
8082.0;72;140;183;134;197;192
8088.0;72;141;183;133;197;192
8094.0;73;139;186;132;198;190
8100.0;73;140;186;132;197;190
8106.0;73;142;184;132;198;189
8112.0;73;142;184;131;198;190
8118.0;74;141;185;131;198;189
8124.0;74;141;184;131;198;190
8130.0;75;141;184;132;197;189
8136.0;76;140;184;132;197;189
8142.0;76;139;184;132;198;189
8148.0;75;138;184;133;198;190
8154.0;76;138;182;134;198;190
8160.0;76;139;181;134;199;189
8166.0;77;139;181;133;199;189
8172.0;77;140;181;133;198;189
8178.0;78;140;181;133;198;188
8184.0;79;139;181;133;197;189
8190.0;80;139;182;132;198;187
8196.0;80;138;182;132;199;187
8202.0;80;138;180;133;200;187
8208.0;80;139;179;132;201;187
8214.0;80;138;179;133;202;186
8220.0;81;137;180;133;202;185
8226.0;81;139;181;132;202;183
8232.0;81;138;181;132;202;184
8238.0;82;138;180;132;202;184
8244.0;81;138;180;132;203;184
8250.0;81;139;180;132;203;183
8256.0;82;139;180;132;203;182
8262.0;83;138;183;132;202;180
8268.0;83;140;182;131;202;180
8274.0;82;140;182;130;203;181
8280.0;82;140;182;130;203;181
8286.0;82;139;182;129;205;181
8292.0;82;139;182;128;205;182
8298.0;84;139;181;128;205;181
8304.0;84;138;181;128;205;182
8310.0;83;138;181;128;206;182
8316.0;82;138;183;127;206;182
8322.0;82;137;183;128;206;182
8328.0;82;138;183;129;205;181
8334.0;82;138;183;129;205;181
8340.0;82;138;183;129;205;181
8346.0;82;138;183;128;205;182
8352.0;82;138;183;128;205;182
8358.0;82;139;183;129;205;180
8364.0;82;139;182;130;205;180
8370.0;83;139;182;131;205;178
8376.0;83;139;182;131;205;178
8382.0;82;139;182;131;206;178
8388.0;81;139;183;130;206;179
8394.0;80;139;183;129;206;181
8400.0;80;138;185;127;206;182
8406.0;80;138;183;128;206;183
8412.0;80;138;181;131;206;182
8418.0;81;139;181;129;207;181
8424.0;81;139;181;129;207;181
8430.0;81;138;181;129;207;182
8436.0;77;136;182;132;207;184
8442.0;77;136;182;132;207;184
8448.0;78;136;181;132;207;184
8454.0;78;135;181;131;209;184
8460.0;78;135;180;132;209;184
8466.0;78;136;178;132;210;184
8472.0;78;137;178;132;209;184
8478.0;79;137;177;133;209;183
8484.0;79;137;177;133;209;183
8490.0;79;139;179;130;209;182
8496.0;79;139;179;129;210;182
8502.0;78;139;179;130;211;181
8508.0;78;139;178;130;211;182
8514.0;78;139;178;130;210;183
8520.0;78;140;179;128;210;183
8526.0;78;140;179;128;210;183
8532.0;78;141;179;127;210;183
8538.0;80;139;179;127;210;183
8544.0;80;141;178;128;209;182
8550.0;79;142;178;128;208;183
8556.0;79;141;178;128;208;184
8562.0;78;141;178;128;208;185
8568.0;79;141;178;127;208;185
8574.0;79;140;178;128;209;184
8580.0;79;139;178;128;209;185
8586.0;79;139;177;129;209;185
8592.0;80;138;178;128;209;185
8598.0;79;138;178;129;209;185
8604.0;79;138;178;128;211;184
8610.0;79;138;178;127;211;185
8616.0;80;138;178;127;212;183
8622.0;82;137;178;127;211;183
8628.0;82;138;179;126;210;183
8634.0;82;138;180;127;209;182
8640.0;81;138;181;127;209;182
8646.0;81;139;181;127;209;181
8652.0;80;138;182;127;209;182
8658.0;79;138;183;127;209;182
8664.0;79;137;185;126;209;182
8670.0;78;137;186;126;209;182
8676.0;77;137;186;126;209;183
8682.0;76;138;187;124;208;185
8688.0;76;137;187;126;208;184
8694.0;76;137;187;127;208;183
8700.0;75;137;187;127;209;183
8706.0;75;134;188;126;209;186
8712.0;76;134;187;126;209;186
8718.0;75;134;186;126;211;186
8724.0;75;134;186;126;211;186
8730.0;75;134;187;127;210;185
8736.0;75;135;185;128;208;187
8742.0;75;135;186;128;209;185
8748.0;75;135;187;128;208;185
8754.0;75;135;187;128;208;185
8760.0;75;136;187;128;208;184
8766.0;75;135;187;128;209;184
8772.0;75;136;187;128;209;183
8778.0;74;136;187;128;210;183
8784.0;72;136;188;128;210;184
8790.0;73;136;188;127;209;185
8796.0;74;137;188;126;209;184
8802.0;75;135;188;126;210;184
8808.0;75;134;188;126;211;184
8814.0;75;134;186;128;211;184
8820.0;75;134;185;129;211;184
8826.0;75;136;184;128;210;185
8832.0;76;135;184;128;210;185
8838.0;75;136;185;128;209;185
8844.0;76;136;186;128;208;184
8850.0;76;136;186;128;208;184
8856.0;76;137;186;127;208;184
8862.0;75;137;186;128;208;184
8868.0;75;136;186;128;209;184
8874.0;76;135;186;128;209;184
8880.0;75;135;186;130;209;183
8886.0;75;135;187;130;209;182
8892.0;74;134;188;132;208;182
8898.0;73;133;187;132;208;185
8904.0;73;133;188;132;206;186
8910.0;73;133;189;132;204;187
8916.0;73;133;189;132;204;187
8922.0;72;133;190;132;203;188
8928.0;72;134;190;131;203;188
8934.0;72;134;191;129;203;189
8940.0;72;135;191;127;204;189
8946.0;73;134;191;128;203;189
8952.0;72;134;192;129;202;189
8958.0;72;134;192;129;202;189
8964.0;72;134;192;130;201;189
8970.0;73;134;192;130;200;189
8976.0;73;133;191;131;200;190
8982.0;72;132;191;132;200;191
8988.0;72;132;191;132;200;191
8994.0;72;132;190;131;201;192
9000.0;72;132;191;131;201;191
9006.0;73;133;188;131;201;192
9012.0;72;134;187;131;200;194
9018.0;72;134;187;131;200;194
9024.0;72;134;186;132;200;194
9030.0;71;133;187;132;200;195
9036.0;71;135;187;132;198;195
9042.0;70;134;187;134;198;195
9048.0;71;135;186;134;197;195
9054.0;71;134;186;135;197;195
9060.0;71;133;187;135;197;195
9066.0;71;133;187;134;197;196
9072.0;71;133;187;133;198;196
9078.0;71;132;188;134;197;196
9084.0;72;132;188;133;198;195
9090.0;72;131;189;132;199;195
9096.0;72;131;189;132;199;195
9102.0;73;130;189;131;199;196
9108.0;73;129;190;131;198;197
9114.0;75;130;190;129;197;197
9120.0;75;130;189;131;198;195
9126.0;75;131;188;131;199;194
9132.0;75;131;188;132;199;193
9138.0;75;131;188;132;199;193
9144.0;74;132;189;131;199;193
9150.0;74;132;190;130;198;194
9156.0;73;131;190;132;198;194
9162.0;73;130;190;133;198;194
9168.0;73;130;191;132;198;194
9174.0;73;130;191;133;199;192
9180.0;74;130;189;133;199;193
9186.0;75;130;188;133;199;193
9192.0;75;131;188;134;198;192
9198.0;75;131;188;135;198;191
9204.0;73;132;187;136;199;191
9210.0;73;133;187;135;199;191
9216.0;72;134;186;138;199;189
9222.0;72;133;186;138;199;190
9228.0;72;133;186;138;198;191
9234.0;72;133;185;141;196;191
9240.0;72;133;185;142;195;191
9246.0;71;133;185;141;197;191
9252.0;71;133;185;141;197;191
9258.0;70;133;186;141;197;191
9264.0;70;133;185;142;197;191
9270.0;71;133;187;140;197;190
9276.0;70;133;188;141;196;190
9282.0;70;132;188;140;198;190
9288.0;72;131;189;142;195;189
9294.0;74;129;189;142;194;190
9300.0;74;130;190;140;195;189
9306.0;75;130;190;138;195;190
9312.0;75;130;190;138;195;190
9318.0;76;131;190;137;195;189
9324.0;76;131;190;137;195;189
9330.0;77;131;190;137;195;188
9336.0;77;131;189;136;198;187
9342.0;77;131;189;137;198;186
9348.0;80;131;188;137;197;185
9354.0;81;131;188;137;197;184
9360.0;81;131;188;135;199;184
9366.0;81;131;187;136;199;184
9372.0;80;131;187;136;200;184
9378.0;79;131;187;136;200;185
9384.0;79;131;187;136;200;185
9390.0;77;131;189;136;200;185
9396.0;77;132;189;135;200;185
9402.0;76;132;189;136;201;184
9408.0;77;133;188;135;201;184
9414.0;76;132;191;135;201;183
9420.0;77;131;192;133;202;183
9426.0;77;131;191;134;202;183
9432.0;78;130;191;132;204;183
9438.0;78;130;190;132;204;184
9444.0;79;131;191;131;203;183
9450.0;80;131;192;131;204;180
9456.0;79;130;193;131;204;181
9462.0;79;130;193;131;204;181
9468.0;78;132;191;131;204;182
9474.0;78;132;191;131;205;181
9480.0;78;131;191;131;205;182
9486.0;78;130;191;131;205;183
9492.0;77;129;191;131;207;183
9498.0;77;128;191;130;209;183
9504.0;77;129;191;130;209;182
9510.0;76;130;191;130;208;183
9516.0;77;130;191;130;208;182
9522.0;78;131;192;129;207;181
9528.0;78;131;192;128;206;183
9534.0;78;131;191;129;206;183
9540.0;79;131;191;130;206;181
9546.0;79;132;192;128;206;181
9552.0;79;132;192;128;206;181
9558.0;79;133;191;129;205;181
9564.0;76;134;193;130;205;180
9570.0;76;134;194;129;205;180
9576.0;77;134;193;129;205;180
9582.0;77;134;194;129;204;180
9588.0;77;134;194;130;205;178
9594.0;77;134;193;130;205;179
9600.0;77;133;193;130;205;180
9606.0;77;134;192;129;206;180
9612.0;78;133;193;130;205;179
9618.0;80;132;193;129;205;179
9624.0;81;132;194;129;203;179
9630.0;81;133;192;129;204;179
9636.0;82;135;191;128;204;178
9642.0;83;134;192;127;204;178
9648.0;84;135;189;126;206;178
9654.0;85;135;187;126;207;178
9660.0;84;135;187;129;205;178
9666.0;84;135;187;129;205;178
9672.0;84;135;186;130;205;178
9678.0;83;133;187;132;205;178
9684.0;83;133;187;131;206;178
9690.0;83;133;187;131;207;177
9696.0;83;133;185;130;208;179
9702.0;83;134;186;129;208;178
9708.0;82;134;186;129;207;180
9714.0;80;134;187;129;207;181
9720.0;80;134;186;129;208;181
9726.0;80;133;186;127;209;183
9732.0;79;133;186;128;209;183
9738.0;80;132;187;127;208;184
9744.0;80;131;187;126;209;185
9750.0;81;131;187;125;209;185
9756.0;81;131;187;126;207;186
9762.0;80;132;187;126;207;186
9768.0;79;132;188;127;206;186
9774.0;80;132;188;127;205;186
9780.0;80;132;188;128;204;186
9786.0;78;131;188;127;206;188
9792.0;78;131;189;127;205;188
9798.0;79;127;189;129;205;189
9804.0;79;126;190;129;205;189
9810.0;79;124;190;130;204;191
9816.0;79;123;192;130;202;192
9822.0;79;122;191;130;202;194
9828.0;79;122;192;129;202;194
9834.0;79;121;193;129;202;194
9840.0;79;120;191;132;202;194
9846.0;80;120;191;129;202;196
9852.0;80;119;190;130;203;196
9858.0;80;118;191;130;201;198
9864.0;78;117;193;130;201;199
9870.0;79;118;194;130;200;197
9876.0;78;119;194;130;199;198
9882.0;78;120;194;129;199;198
9888.0;78;120;195;129;199;197
9894.0;81;120;196;126;199;196
9900.0;80;120;196;126;199;197
9906.0;80;120;195;126;198;199
9912.0;80;120;193;126;199;200
9918.0;80;120;195;126;198;199
9924.0;79;121;195;126;197;200
9930.0;78;121;196;125;198;200
9936.0;78;121;197;125;197;200
9942.0;77;121;197;127;196;200
9948.0;77;121;196;128;197;199
9954.0;77;121;196;128;196;200
9960.0;78;122;196;126;197;199
9966.0;79;122;196;126;196;199
9972.0;80;122;196;125;198;197
9978.0;80;122;196;125;198;197
9984.0;81;120;197;125;197;198
9990.0;81;119;198;125;196;199
9996.0;80;120;198;124;196;200
10002.0;82;120;197;123;195;201
10008.0;83;120;197;123;194;201
10014.0;80;119;199;123;196;201
10020.0;79;119;199;124;196;201
10026.0;78;119;199;124;197;201
10032.0;77;118;200;125;197;201
10038.0;77;118;200;125;197;201
10044.0;78;118;200;124;197;201
10050.0;77;117;201;124;198;201
10056.0;77;118;202;124;196;201
10062.0;78;118;202;124;196;200
10068.0;79;119;201;122;196;201
10074.0;78;119;202;122;196;201
10080.0;78;120;202;122;195;201
10086.0;79;119;203;123;194;200
10092.0;78;120;202;123;195;200
10098.0;78;119;203;123;195;200
10104.0;79;118;204;123;194;200
10110.0;79;118;203;124;195;199
10116.0;78;118;204;125;195;198
10122.0;78;118;203;126;195;198
10128.0;78;117;203;126;195;199
10134.0;78;115;203;127;196;199
10140.0;78;115;204;128;195;198
10146.0;76;116;203;128;195;200
10152.0;76;117;204;127;195;199
10158.0;75;117;205;127;196;198
10164.0;74;117;207;127;196;197
10170.0;74;117;207;127;196;197
10176.0;72;117;207;128;197;197
10182.0;71;117;207;129;196;198
10188.0;71;117;208;128;195;199
10194.0;69;117;208;128;196;200
10200.0;68;118;208;128;196;200
10206.0;68;117;209;128;196;200
10212.0;68;117;208;129;196;200
10218.0;68;117;209;130;196;198
10224.0;68;117;209;130;196;198
10230.0;68;117;209;130;195;199
10236.0;68;116;210;130;195;199
10242.0;67;115;208;132;195;201
10248.0;67;114;208;131;196;202
10254.0;67;115;208;131;196;201
10260.0;67;116;207;131;196;201
10266.0;68;116;206;131;197;200
10272.0;69;115;206;131;197;200
10278.0;69;115;207;131;196;200
10284.0;69;116;207;131;195;200
10290.0;70;116;206;132;195;199
10296.0;69;115;206;133;195;200
10302.0;69;115;204;133;195;202
10308.0;69;115;204;132;195;203
10314.0;69;115;203;132;197;202
10320.0;69;114;203;132;197;203
10326.0;69;115;202;132;197;203
10332.0;69;115;202;133;196;203
10338.0;69;115;201;133;196;204
10344.0;69;114;201;134;196;204
10350.0;68;114;200;136;196;204
10356.0;68;113;200;137;196;204
10362.0;70;112;199;137;197;203
10368.0;70;113;199;136;197;203
10374.0;70;113;200;136;196;203
10380.0;70;113;202;136;194;203
10386.0;69;113;204;137;193;202
10392.0;70;112;204;138;192;202
10398.0;70;112;204;138;192;202
10404.0;71;111;203;139;192;202
10410.0;72;112;203;139;190;202
10416.0;71;112;204;139;189;203
10422.0;71;112;204;139;189;203
10428.0;70;114;203;139;189;203
10434.0;69;115;201;139;190;204
10440.0;68;115;199;139;192;205
10446.0;67;117;198;139;192;205
10452.0;67;117;198;139;192;205
10458.0;67;117;200;137;192;205
10464.0;66;117;200;137;194;204
10470.0;67;117;201;136;193;204
10476.0;67;117;202;135;193;204
10482.0;69;116;202;135;193;203
10488.0;69;116;201;136;193;203
10494.0;69;116;201;137;193;202
10500.0;68;115;202;137;193;203
10506.0;68;117;202;136;193;202
10512.0;67;118;202;137;193;201
10518.0;68;118;201;138;192;201
10524.0;68;118;201;137;193;201
10530.0;68;118;200;137;193;202
10536.0;67;118;201;137;192;203
10542.0;68;119;201;136;191;203
10548.0;68;118;201;137;190;204
10554.0;68;118;201;136;190;205
10560.0;67;118;201;136;190;206
10566.0;69;118;200;135;189;207
10572.0;69;117;200;136;189;207
10578.0;69;118;200;136;188;207
10584.0;69;119;200;137;188;205
10590.0;69;119;200;136;189;205
10596.0;69;119;200;136;189;205
10602.0;69;118;201;136;189;205
10608.0;68;118;200;136;189;207
10614.0;68;118;201;136;189;206
10620.0;67;119;202;136;187;207
10626.0;69;117;202;138;185;207
10632.0;69;118;201;139;185;206
10638.0;68;118;202;139;185;206
10644.0;68;118;200;139;188;205
10650.0;68;118;200;139;187;206
10656.0;69;118;198;140;187;206
10662.0;67;118;200;141;186;206
10668.0;66;119;199;142;186;206
10674.0;67;118;200;142;185;206
10680.0;67;118;199;141;187;206
10686.0;65;119;199;141;187;207
10692.0;65;119;200;141;187;206
10698.0;65;118;201;141;187;206
10704.0;65;118;202;140;186;207
10710.0;65;118;203;140;185;207
10716.0;64;119;203;140;185;207
10722.0;64;119;203;140;185;207
10728.0;65;118;203;140;185;207
10734.0;66;117;203;140;184;208
10740.0;67;119;203;139;184;206
10746.0;67;119;203;139;184;206
10752.0;68;119;201;141;184;205
10758.0;69;118;201;140;185;205
10764.0;70;118;201;140;185;204
10770.0;70;119;201;140;184;204
10776.0;70;120;200;140;185;203
10782.0;71;120;199;140;185;203
10788.0;71;120;199;140;185;203
10794.0;72;120;199;139;185;203
