#auto generated file!
12.0;48;64;50;50;43;45
18.0;49;63;50;50;43;45
24.0;49;63;50;49;43;46
30.0;49;63;50;49;43;46
36.0;48;63;51;49;43;46
42.0;48;63;50;49;44;46
48.0;47;63;50;49;44;47
54.0;48;62;50;49;44;47
60.0;48;62;50;48;45;47
66.0;48;62;50;48;45;47
72.0;48;62;50;48;45;47
78.0;49;62;50;48;45;46
84.0;49;62;50;48;45;46
90.0;49;62;50;48;45;46
96.0;48;63;50;47;46;46
102.0;47;63;50;48;46;46
108.0;47;62;50;49;46;46
114.0;48;61;51;49;45;46
120.0;49;60;49;50;46;46
126.0;49;60;49;50;46;46
132.0;49;61;49;50;45;46
138.0;51;60;49;49;45;46
144.0;50;59;50;48;46;47
150.0;50;59;50;47;46;48
156.0;49;59;50;47;47;48
162.0;48;59;50;47;47;49
168.0;48;59;50;47;47;49
174.0;48;59;50;47;47;49
180.0;48;59;50;47;47;49
186.0;48;59;50;47;47;49
192.0;48;59;50;47;47;49
198.0;47;61;50;46;47;49
204.0;47;61;50;46;47;49
210.0;47;60;51;46;47;49
216.0;48;60;52;46;46;48
222.0;48;60;52;46;46;48
228.0;47;60;51;46;47;49
234.0;47;60;51;46;47;49
240.0;47;60;51;46;47;49
246.0;47;60;51;46;47;49
252.0;47;59;51;46;47;50
258.0;48;59;51;46;47;49
264.0;48;59;51;46;47;49
270.0;48;59;51;46;47;49
276.0;48;59;51;46;47;49
282.0;49;58;51;46;47;49
288.0;49;59;51;45;47;49
294.0;48;58;51;48;48;47
300.0;49;58;50;48;48;47
306.0;48;59;50;48;47;48
312.0;48;58;50;49;47;48
318.0;48;58;50;49;47;48
324.0;47;58;50;49;47;49
330.0;46;59;50;50;47;48
336.0;46;59;50;50;47;48
342.0;46;59;50;50;47;48
348.0;46;60;50;49;47;48
354.0;47;60;50;49;47;47
360.0;47;60;50;49;47;47
366.0;46;59;50;50;47;48
372.0;46;58;50;50;48;48
378.0;45;58;50;51;48;48
384.0;45;58;51;51;47;48
390.0;45;58;52;51;47;47
396.0;45;58;52;52;47;46
402.0;45;58;52;52;47;46
408.0;45;58;52;52;47;46
414.0;46;58;51;52;47;46
420.0;46;58;51;52;47;46
426.0;46;58;51;52;47;46
432.0;45;58;51;53;47;46
438.0;45;58;51;53;47;46
444.0;45;58;51;53;47;46
450.0;45;58;51;53;47;46
456.0;45;59;50;53;47;46
462.0;45;59;50;53;47;46
468.0;44;61;49;53;47;46
474.0;44;61;49;53;47;46
480.0;44;61;49;53;47;46
486.0;45;62;47;52;48;46
492.0;45;62;46;52;49;46
498.0;45;62;46;52;49;46
504.0;44;61;46;54;49;46
510.0;44;61;46;54;49;46
516.0;44;62;45;54;49;46
522.0;44;62;45;54;49;46
528.0;44;62;45;54;49;46
534.0;43;62;45;55;49;46
540.0;43;62;45;55;49;46
546.0;43;62;45;55;49;46
552.0;43;62;45;55;49;46
558.0;43;61;45;56;49;46
564.0;43;61;45;56;49;46
570.0;43;61;45;55;49;47
576.0;43;61;45;55;49;47
582.0;43;61;45;55;49;47
588.0;46;61;44;55;48;46
594.0;45;61;44;55;49;46
600.0;45;61;44;55;49;46
606.0;44;61;44;55;50;46
612.0;44;61;44;55;50;46
618.0;44;61;44;55;50;46
624.0;43;62;44;55;50;46
630.0;43;62;44;55;50;46
636.0;43;62;44;55;50;46
642.0;43;62;44;54;49;48
648.0;44;62;43;54;49;48
654.0;43;63;43;54;48;49
660.0;43;63;43;54;48;49
666.0;43;64;43;54;48;48
672.0;43;64;43;54;48;48
678.0;43;64;43;54;48;48
684.0;43;64;43;54;48;48
690.0;42;65;43;54;48;48
696.0;42;65;43;54;48;48
702.0;42;65;43;54;48;48
708.0;42;65;43;54;48;48
714.0;41;65;43;54;49;48
720.0;41;65;43;54;49;48
726.0;41;65;43;54;49;48
732.0;41;65;43;54;49;48
738.0;40;66;43;54;49;48
744.0;41;66;43;54;48;48
750.0;41;66;44;54;47;48
756.0;41;66;44;54;47;48
762.0;40;66;45;54;47;48
768.0;40;64;45;54;49;48
774.0;40;64;45;54;49;48
780.0;40;64;45;54;49;48
786.0;41;63;45;54;49;48
792.0;40;64;44;54;50;48
798.0;40;64;44;54;50;48
804.0;40;64;44;53;50;49
810.0;40;64;44;53;50;49
816.0;40;64;45;53;50;48
822.0;40;63;45;53;51;48
828.0;40;63;45;53;51;48
834.0;40;63;45;53;51;48
840.0;39;63;45;54;51;48
846.0;38;62;46;55;51;48
852.0;38;62;46;55;51;48
858.0;38;62;46;55;51;48
864.0;37;62;46;56;51;48
870.0;37;62;46;56;51;48
876.0;37;62;45;56;51;49
882.0;38;61;45;56;51;49
888.0;38;62;45;55;51;49
894.0;37;62;45;55;51;50
900.0;37;61;45;54;51;52
906.0;37;61;44;54;51;53
912.0;37;61;44;54;51;53
918.0;37;61;44;54;51;53
924.0;37;61;44;54;51;53
930.0;37;61;44;54;52;52
936.0;37;61;44;54;52;52
942.0;37;61;44;54;52;52
948.0;37;62;44;54;51;52
954.0;37;61;44;54;50;54
960.0;37;63;43;54;50;53
966.0;37;62;43;54;51;53
972.0;36;62;43;54;52;53
978.0;36;63;43;52;52;54
984.0;36;63;43;52;52;54
990.0;36;63;43;52;52;54
996.0;36;63;43;52;52;54
1002.0;36;63;43;52;52;54
1008.0;36;62;43;52;53;54
1014.0;36;62;43;52;53;54
1020.0;35;62;43;52;53;55
1026.0;35;62;43;52;54;54
1032.0;35;62;43;52;54;54
1038.0;35;61;44;52;54;54
1044.0;34;61;44;53;53;55
1050.0;34;61;44;53;53;55
1056.0;34;61;44;53;53;55
1062.0;34;61;44;53;53;55
1068.0;33;61;44;53;54;55
1074.0;33;61;44;53;54;55
1080.0;33;61;45;53;52;56
1086.0;33;63;45;52;50;57
1092.0;33;63;45;52;50;57
1098.0;33;63;44;52;50;58
1104.0;33;64;44;52;49;58
1110.0;32;64;44;52;49;59
1116.0;32;64;44;52;49;59
1122.0;32;64;44;52;49;59
1128.0;33;63;44;52;49;59
1134.0;33;63;44;52;49;59
1140.0;33;63;44;52;49;59
1146.0;33;62;44;52;49;60
1152.0;33;62;44;52;49;60
1158.0;33;62;44;52;49;60
1164.0;33;61;45;52;49;60
1170.0;33;61;45;52;49;60
1176.0;33;61;45;52;49;60
1182.0;33;61;45;52;49;60
1188.0;33;61;45;52;49;60
1194.0;33;61;45;52;49;60
1200.0;33;62;45;52;49;59
1206.0;33;62;45;52;49;59
1212.0;32;62;45;52;49;60
1218.0;32;62;45;52;49;60
1224.0;32;62;46;52;48;60
1230.0;32;62;46;52;48;60
1236.0;32;62;46;52;48;60
1242.0;31;62;47;52;47;61
1248.0;31;63;47;52;47;60
1254.0;31;63;47;52;47;60
1260.0;31;62;46;52;47;62
1266.0;31;62;45;52;48;62
1272.0;30;62;45;52;49;62
1278.0;30;63;45;52;48;62
1284.0;29;63;45;52;49;62
1290.0;29;63;45;51;49;63
1296.0;29;63;45;51;49;63
1302.0;29;63;45;51;49;63
1308.0;29;62;46;51;49;63
1314.0;29;62;46;51;49;63
1320.0;29;62;46;51;49;63
1326.0;29;62;47;50;49;63
1332.0;28;62;46;50;49;65
1338.0;28;62;46;50;49;65
1344.0;28;62;46;50;49;65
1350.0;28;62;46;50;49;65
1356.0;28;62;46;50;49;65
1362.0;28;62;46;49;50;65
1368.0;28;62;46;49;50;65
1374.0;28;63;46;49;49;65
1380.0;28;63;46;49;49;65
1386.0;28;63;46;49;49;65
1392.0;27;63;47;50;48;65
1398.0;27;63;47;51;48;64
1404.0;28;62;47;52;47;64
1410.0;28;62;47;52;46;65
1416.0;28;62;47;52;46;65
1422.0;29;63;48;50;46;64
1428.0;29;64;47;50;47;63
1434.0;29;64;47;50;47;63
1440.0;29;64;47;50;47;63
1446.0;29;64;48;51;46;62
1452.0;29;64;48;51;46;62
1458.0;29;63;48;51;46;63
1464.0;29;64;48;51;46;62
1470.0;29;64;48;51;46;62
1476.0;29;64;48;51;46;62
1482.0;28;64;49;51;46;62
1488.0;29;64;48;51;46;62
1494.0;28;65;48;51;46;62
1500.0;28;65;48;51;45;63
1506.0;29;65;48;51;45;62
1512.0;29;65;48;51;45;62
1518.0;28;66;48;51;45;62
1524.0;28;66;48;51;45;62
1530.0;28;66;48;50;46;62
1536.0;28;66;48;50;46;62
1542.0;28;67;48;49;46;62
1548.0;27;68;48;49;47;61
1554.0;27;68;48;49;47;61
1560.0;27;68;48;49;47;61
1566.0;27;67;48;49;48;61
1572.0;27;67;48;49;47;62
1578.0;27;67;48;49;47;62
1584.0;28;67;48;48;47;62
1590.0;28;67;47;48;48;62
1596.0;28;67;47;48;48;62
1602.0;28;67;47;48;48;62
1608.0;28;68;46;48;48;62
1614.0;28;68;46;48;49;61
1620.0;28;68;47;48;48;61
1626.0;28;68;47;48;48;61
1632.0;28;68;47;48;48;61
1638.0;28;68;48;48;47;61
1644.0;28;68;47;47;48;62
1650.0;27;68;47;47;48;63
1656.0;27;68;46;47;48;64
1662.0;27;68;46;47;48;64
1668.0;27;68;46;47;48;64
1674.0;28;67;46;46;49;64
1680.0;28;67;46;46;49;64
1686.0;28;67;46;46;49;64
1692.0;29;67;46;45;49;64
1698.0;29;67;46;45;49;64
1704.0;29;66;46;45;50;64
1710.0;29;66;46;45;50;64
1716.0;29;66;46;45;50;64
1722.0;29;66;46;45;50;64
1728.0;29;66;46;45;50;64
1734.0;29;66;46;45;50;64
1740.0;30;66;47;43;50;64
1746.0;30;66;47;43;50;64
1752.0;30;66;47;43;50;64
1758.0;30;66;47;43;50;64
1764.0;30;66;48;43;49;64
1770.0;30;66;48;43;49;64
1776.0;30;66;48;43;49;64
1782.0;30;68;48;42;48;64
1788.0;30;67;48;42;49;64
1794.0;30;67;47;42;49;65
1800.0;30;67;47;42;49;65
1806.0;31;66;47;42;49;65
1812.0;31;66;47;42;49;65
1818.0;31;66;47;42;49;65
1824.0;31;66;47;42;49;65
1830.0;31;66;47;42;49;65
1836.0;29;67;47;43;48;66
1842.0;29;66;47;43;48;67
1848.0;29;66;47;43;48;67
1854.0;29;66;47;43;48;67
1860.0;29;66;47;43;48;67
1866.0;29;66;47;44;48;66
1872.0;29;66;47;44;48;66
1878.0;29;66;47;44;48;66
1884.0;28;67;47;43;48;67
1890.0;28;67;47;43;48;67
1896.0;28;67;46;43;49;67
1902.0;28;67;46;43;49;67
1908.0;28;67;46;43;49;67
1914.0;28;67;46;43;49;67
1920.0;28;67;46;43;49;67
1926.0;28;67;45;44;50;66
1932.0;28;67;45;44;50;66
1938.0;28;67;45;44;50;66
1944.0;28;67;44;44;51;66
1950.0;28;67;43;45;51;66
1956.0;28;67;43;45;51;66
1962.0;28;68;43;45;50;66
1968.0;28;68;43;45;50;66
1974.0;30;67;43;45;49;66
1980.0;30;67;43;45;49;66
1986.0;29;67;43;46;49;66
1992.0;29;67;43;46;49;66
1998.0;28;68;44;45;49;66
2004.0;28;68;44;45;50;65
2010.0;28;68;45;45;49;65
2016.0;28;68;45;45;49;65
2022.0;28;68;44;45;50;65
2028.0;28;68;44;45;50;65
2034.0;29;68;44;45;50;64
2040.0;29;69;44;45;50;63
2046.0;28;69;44;45;51;63
2052.0;28;69;44;45;51;63
2058.0;28;69;44;45;51;63
2064.0;28;69;44;45;52;62
2070.0;28;68;44;47;52;61
2076.0;28;68;44;47;52;61
2082.0;28;68;44;47;52;61
2088.0;28;68;45;47;52;60
2094.0;28;68;45;46;52;61
2100.0;28;68;45;46;52;61
2106.0;28;68;45;46;52;61
2112.0;28;68;45;46;52;61
2118.0;28;68;45;46;52;61
2124.0;28;68;45;46;51;62
2130.0;28;67;45;47;51;62
2136.0;29;67;45;46;51;62
2142.0;29;67;45;46;51;62
2148.0;29;67;45;46;51;62
2154.0;29;67;45;46;51;62
2160.0;28;67;46;46;51;62
2166.0;29;67;46;45;51;62
2172.0;29;67;46;45;51;62
2178.0;28;67;48;45;51;61
2184.0;27;66;48;46;53;60
2190.0;27;66;48;46;53;60
2196.0;27;66;48;46;53;60
2202.0;27;66;49;46;53;59
2208.0;27;66;49;46;53;59
2214.0;27;66;49;46;53;59
2220.0;27;66;49;45;54;59
2226.0;27;65;49;45;55;59
2232.0;26;64;49;46;56;59
2238.0;26;64;49;46;56;59
2244.0;26;63;49;46;57;59
2250.0;26;63;49;46;57;59
2256.0;26;63;49;46;57;59
2262.0;26;63;49;45;57;60
2268.0;26;63;49;45;57;60
2274.0;26;63;48;45;57;61
2280.0;26;63;48;45;56;62
2286.0;26;63;48;45;56;62
2292.0;26;64;48;45;56;61
2298.0;26;64;48;45;56;61
2304.0;26;64;48;45;56;61
2310.0;26;65;48;45;55;61
2316.0;26;65;49;43;55;62
2322.0;26;65;49;43;55;62
2328.0;26;65;49;43;55;62
2334.0;27;65;49;43;54;62
2340.0;27;65;49;43;54;62
2346.0;27;65;49;43;54;62
2352.0;27;64;49;44;54;62
2358.0;27;64;49;44;54;62
2364.0;27;64;49;44;54;62
2370.0;27;63;49;43;56;62
2376.0;27;63;49;43;56;62
2382.0;27;62;50;43;56;62
2388.0;26;62;51;43;56;62
2394.0;27;62;50;43;56;62
2400.0;27;63;50;42;56;62
2406.0;27;63;50;42;56;62
2412.0;28;62;50;42;56;62
2418.0;28;62;50;42;56;62
2424.0;28;63;50;42;55;62
2430.0;27;62;50;44;55;62
2436.0;28;62;50;44;56;60
2442.0;29;62;50;44;56;59
2448.0;29;62;50;43;57;59
2454.0;29;61;50;43;58;59
2460.0;29;61;50;43;58;59
2466.0;28;61;50;43;58;60
2472.0;28;60;50;43;58;61
2478.0;28;60;50;43;58;61
2484.0;28;60;50;43;58;61
2490.0;28;60;50;43;58;61
2496.0;29;60;50;43;58;60
2502.0;29;59;50;43;59;60
2508.0;29;59;50;43;59;60
2514.0;29;59;50;43;59;60
2520.0;29;59;51;42;59;60
2526.0;28;59;51;42;59;61
2532.0;29;59;51;42;58;61
2538.0;29;59;51;42;58;61
2544.0;29;58;51;43;58;61
2550.0;29;58;52;42;58;61
2556.0;30;57;52;43;57;61
2562.0;30;57;52;43;57;61
2568.0;30;57;52;43;57;61
2574.0;30;57;51;43;58;61
2580.0;30;57;51;43;58;61
2586.0;30;57;51;43;58;61
2592.0;30;57;51;43;58;61
2598.0;30;57;51;43;58;61
2604.0;30;57;51;43;57;62
2610.0;30;57;51;43;57;62
2616.0;30;57;51;43;57;62
2622.0;31;56;51;43;57;62
2628.0;33;57;51;41;56;62
2634.0;33;56;51;41;56;63
2640.0;35;56;51;41;55;62
2646.0;35;56;50;43;55;61
2652.0;36;56;50;43;54;61
2658.0;36;56;50;43;53;62
2664.0;36;56;50;43;53;62
2670.0;36;56;50;44;53;61
2676.0;36;56;50;44;53;61
2682.0;36;55;50;45;53;61
2688.0;36;55;50;45;53;61
2694.0;35;56;50;45;53;61
2700.0;35;56;50;45;53;61
2706.0;35;56;50;43;55;61
2712.0;35;56;50;43;55;61
2718.0;35;56;50;43;55;61
2724.0;35;56;50;43;55;61
2730.0;35;56;50;43;55;61
2736.0;35;56;50;43;55;61
2742.0;35;56;50;42;55;62
2748.0;36;55;50;42;55;62
2754.0;36;55;50;42;55;62
2760.0;35;55;50;43;55;62
2766.0;34;54;51;43;54;64
2772.0;34;54;51;43;54;64
2778.0;33;55;51;43;54;64
2784.0;33;55;51;43;54;64
2790.0;33;54;51;43;55;64
2796.0;32;55;51;43;55;64
2802.0;32;55;51;43;55;64
2808.0;32;55;51;43;55;64
2814.0;32;55;51;42;55;65
2820.0;32;55;51;42;55;65
2826.0;31;55;51;43;55;65
2832.0;30;55;51;43;55;66
2838.0;30;55;51;43;55;66
2844.0;30;55;51;43;55;66
2850.0;30;56;51;42;55;66
2856.0;30;55;51;42;55;67
2862.0;30;55;51;42;55;67
2868.0;30;54;52;42;56;66
2874.0;30;54;52;42;56;66
2880.0;30;54;52;42;56;66
2886.0;30;54;51;43;56;66
2892.0;30;54;51;43;56;66
2898.0;30;54;51;43;56;66
2904.0;30;54;51;42;55;68
2910.0;30;54;51;42;55;68
2916.0;30;56;50;41;56;67
2922.0;30;56;50;41;56;67
2928.0;30;56;50;41;57;66
2934.0;30;56;50;41;57;66
2940.0;31;55;50;41;57;66
2946.0;31;55;50;41;57;66
2952.0;31;55;50;41;57;66
2958.0;31;55;50;41;57;66
2964.0;31;55;50;41;57;66
2970.0;31;55;50;41;57;66
2976.0;31;56;50;41;57;65
2982.0;31;56;50;41;57;65
2988.0;31;57;49;41;57;65
2994.0;31;57;49;41;58;64
3000.0;30;57;49;41;58;65
3006.0;30;57;49;41;58;65
3012.0;30;57;49;42;57;65
3018.0;30;57;49;42;57;65
3024.0;30;57;49;42;57;65
3030.0;30;57;49;42;57;65
3036.0;30;57;49;41;58;65
3042.0;30;57;49;41;58;65
3048.0;30;57;50;40;58;65
3054.0;30;58;50;40;58;64
3060.0;30;58;50;40;58;64
3066.0;30;58;50;40;58;64
3072.0;30;58;50;40;58;64
3078.0;30;57;50;41;58;64
3084.0;30;57;50;40;59;64
3090.0;30;57;50;40;59;64
3096.0;29;57;50;40;59;65
3102.0;29;57;50;40;59;65
3108.0;29;57;50;40;59;65
3114.0;28;57;51;41;58;65
3120.0;28;58;51;40;58;65
3126.0;28;58;51;39;58;66
3132.0;26;58;51;40;59;66
3138.0;27;59;50;40;58;66
3144.0;27;59;50;39;58;67
3150.0;27;59;50;39;58;67
3156.0;27;59;50;39;58;67
3162.0;26;59;51;39;58;67
3168.0;26;59;50;39;58;68
3174.0;26;59;50;39;58;68
3180.0;26;59;50;39;58;68
3186.0;26;59;50;39;59;67
3192.0;26;59;50;39;59;67
3198.0;28;59;50;38;59;66
3204.0;28;59;50;38;59;66
3210.0;28;59;50;38;59;66
3216.0;29;59;50;38;58;66
3222.0;29;59;49;38;59;66
3228.0;29;58;49;39;59;66
3234.0;29;58;49;39;59;66
3240.0;29;58;49;39;59;66
3246.0;28;59;50;39;59;65
3252.0;29;58;50;39;59;65
3258.0;30;57;50;39;59;65
3264.0;30;57;50;38;60;65
3270.0;30;57;50;38;60;65
3276.0;30;58;50;37;60;65
3282.0;31;57;50;37;60;65
3288.0;30;57;50;37;60;66
3294.0;30;58;49;37;60;66
3300.0;30;57;49;37;60;67
3306.0;30;56;49;37;60;68
3312.0;30;56;50;36;60;68
3318.0;29;56;51;35;61;68
3324.0;29;56;49;36;62;68
3330.0;29;56;49;36;62;68
3336.0;29;56;49;36;62;68
3342.0;29;56;49;36;62;68
3348.0;29;56;50;36;61;68
3354.0;29;56;50;36;61;68
3360.0;29;55;50;36;61;69
3366.0;29;54;50;36;62;69
3372.0;29;54;50;36;62;69
3378.0;28;54;50;36;62;70
3384.0;28;54;50;36;62;70
3390.0;28;54;50;36;62;70
3396.0;28;54;50;36;62;70
3402.0;27;54;50;36;64;69
3408.0;28;55;49;36;63;69
3414.0;28;55;49;36;63;69
3420.0;27;56;49;36;62;70
3426.0;27;57;49;35;62;70
3432.0;27;57;48;35;63;70
3438.0;28;57;48;35;63;69
3444.0;28;57;48;35;63;69
3450.0;28;57;48;36;63;68
3456.0;28;57;48;36;63;68
3462.0;28;57;48;36;63;68
3468.0;28;57;47;36;64;68
3474.0;28;57;47;36;64;68
3480.0;30;55;49;36;63;67
3486.0;31;55;50;35;63;66
3492.0;31;54;51;35;63;66
3498.0;30;54;51;35;64;66
3504.0;30;54;51;35;64;66
3510.0;29;54;52;35;64;66
3516.0;29;54;52;35;64;66
3522.0;29;54;52;34;65;66
3528.0;31;54;52;34;63;66
3534.0;32;54;52;34;63;65
3540.0;32;54;52;34;63;65
3546.0;32;54;52;34;63;65
3552.0;32;54;52;34;63;65
3558.0;31;54;53;34;63;65
3564.0;31;54;53;34;63;65
3570.0;31;54;53;34;63;65
3576.0;31;53;53;34;64;65
3582.0;32;53;53;34;63;65
3588.0;32;53;53;34;63;65
3594.0;31;53;54;34;63;65
3600.0;31;52;54;35;63;65
3606.0;30;51;56;35;63;65
3612.0;30;51;56;35;63;65
3618.0;30;51;56;35;63;65
3624.0;30;51;56;35;63;65
3630.0;31;51;55;35;64;64
3636.0;31;51;55;35;64;64
3642.0;30;51;55;35;65;64
3648.0;30;51;55;35;65;64
3654.0;30;51;56;35;65;63
3660.0;30;50;57;35;65;63
3666.0;29;50;56;36;66;63
3672.0;28;51;55;38;64;64
3678.0;28;51;55;38;64;64
3684.0;28;51;55;38;64;64
3690.0;27;50;56;38;65;64
3696.0;27;50;56;38;65;64
3702.0;27;50;55;38;66;64
3708.0;27;50;55;38;66;64
3714.0;27;50;55;38;66;64
3720.0;26;50;55;38;66;65
3726.0;26;50;55;38;66;65
3732.0;26;50;55;38;65;66
3738.0;26;50;55;38;65;66
3744.0;26;50;55;38;65;66
3750.0;26;50;55;38;65;66
3756.0;27;50;56;37;65;65
3762.0;27;50;57;35;65;66
3768.0;27;50;57;35;65;66
3774.0;27;50;57;35;65;66
3780.0;27;50;57;35;65;66
3786.0;27;50;58;35;65;65
3792.0;27;50;58;34;66;65
3798.0;27;49;58;35;66;65
3804.0;27;49;58;35;66;65
3810.0;27;49;58;36;65;65
3816.0;27;49;59;36;65;64
3822.0;27;49;60;36;65;63
3828.0;27;49;60;36;65;63
3834.0;27;49;61;36;65;62
3840.0;27;49;61;36;65;62
3846.0;27;49;61;36;65;62
3852.0;27;49;61;36;65;62
3858.0;27;49;61;36;65;62
3864.0;27;49;61;36;65;62
3870.0;27;49;61;36;65;62
3876.0;28;49;61;37;63;62
3882.0;27;49;61;38;63;62
3888.0;27;49;61;38;63;62
3894.0;27;48;62;38;63;62
3900.0;28;48;61;38;63;62
3906.0;28;48;61;38;63;62
3912.0;28;48;61;38;63;62
3918.0;28;48;61;38;63;62
3924.0;28;48;61;38;63;62
3930.0;28;47;62;38;63;62
3936.0;28;48;62;37;63;62
3942.0;28;48;62;37;63;62
3948.0;29;48;62;37;63;61
3954.0;29;48;63;37;62;61
3960.0;29;47;63;37;63;61
3966.0;29;47;63;38;63;60
3972.0;29;47;63;38;63;60
3978.0;30;48;62;38;63;59
3984.0;29;48;62;38;63;60
3990.0;30;48;63;37;63;59
3996.0;30;48;63;37;63;59
4002.0;31;48;63;37;62;59
4008.0;31;48;63;37;62;59
4014.0;31;48;63;37;62;59
4020.0;32;48;63;37;62;58
4026.0;31;49;63;37;61;59
4032.0;31;49;63;37;61;59
4038.0;31;49;63;37;61;59
4044.0;31;49;64;37;61;58
4050.0;30;49;64;36;61;60
4056.0;31;48;64;36;61;60
4062.0;32;48;63;36;61;60
4068.0;31;49;63;36;61;60
4074.0;30;49;63;37;61;60
4080.0;30;49;63;37;61;60
4086.0;30;49;62;37;61;61
4092.0;30;49;62;37;61;61
4098.0;30;49;62;36;62;61
4104.0;30;48;62;36;62;62
4110.0;31;48;62;36;62;61
4116.0;32;48;61;36;62;61
4122.0;31;48;62;36;62;61
4128.0;31;48;63;36;63;59
4134.0;31;48;64;36;63;58
4140.0;31;48;64;36;63;58
4146.0;31;48;64;36;63;58
4152.0;31;48;64;36;63;58
4158.0;31;48;64;36;62;59
4164.0;32;48;63;35;63;59
4170.0;33;48;63;35;63;58
4176.0;33;48;63;35;63;58
4182.0;33;48;63;35;63;58
4188.0;33;48;63;35;63;58
4194.0;33;48;63;35;63;58
4200.0;33;48;63;35;63;58
4206.0;33;48;63;35;63;58
4212.0;34;47;63;36;63;57
4218.0;35;47;63;36;63;56
4224.0;35;47;64;35;64;55
4230.0;35;47;64;35;64;55
4236.0;34;47;64;36;64;55
4242.0;34;47;64;36;64;55
4248.0;34;47;64;36;64;55
4254.0;34;47;63;36;65;55
4260.0;34;47;63;36;65;55
4266.0;34;47;63;36;65;55
4272.0;34;47;63;36;64;56
4278.0;34;47;63;36;64;56
4284.0;33;48;63;36;64;56
4290.0;32;48;63;37;64;56
4296.0;32;48;63;37;64;56
4302.0;32;47;63;37;64;57
4308.0;32;47;63;37;64;57
4314.0;32;47;63;37;64;57
4320.0;31;47;63;38;64;57
4326.0;31;47;63;38;64;57
4332.0;31;47;63;38;64;57
4338.0;31;47;62;38;65;57
4344.0;30;47;62;38;66;57
4350.0;29;47;62;39;66;57
4356.0;29;47;62;39;66;57
4362.0;29;47;62;39;66;57
4368.0;29;47;62;39;66;57
4374.0;29;47;62;39;66;57
4380.0;29;47;62;39;66;57
4386.0;29;48;62;39;65;57
4392.0;29;48;62;39;65;57
4398.0;28;48;62;39;66;57
4404.0;28;48;62;39;66;57
4410.0;28;48;62;39;66;57
4416.0;28;48;62;39;66;57
4422.0;28;48;62;39;66;57
4428.0;28;48;62;39;66;57
4434.0;28;48;62;39;66;57
4440.0;28;48;62;39;66;57
4446.0;28;49;61;39;66;57
4452.0;29;49;60;39;66;57
4458.0;29;49;60;39;66;57
4464.0;28;49;60;39;67;57
4470.0;28;48;62;39;67;56
4476.0;28;48;61;39;68;56
4482.0;28;49;61;39;68;55
4488.0;28;49;61;39;68;55
4494.0;28;49;61;39;68;55
4500.0;28;49;61;39;68;55
4506.0;28;49;61;40;67;55
4512.0;28;49;61;40;67;55
4518.0;28;50;61;40;67;54
4524.0;28;51;61;40;67;53
4530.0;28;51;61;40;68;52
4536.0;28;51;61;40;68;52
4542.0;28;51;61;40;68;52
4548.0;27;51;61;40;68;53
4554.0;27;51;61;40;68;53
4560.0;27;51;61;40;68;53
4566.0;27;51;61;40;68;53
4572.0;27;51;61;40;68;53
4578.0;26;51;62;40;68;53
4584.0;26;50;62;39;68;55
4590.0;26;50;62;39;68;55
4596.0;26;51;61;39;68;55
4602.0;26;50;61;39;68;56
4608.0;26;50;61;39;69;55
4614.0;26;50;61;39;69;55
4620.0;26;50;62;39;68;55
4626.0;26;50;62;40;68;54
4632.0;26;50;62;40;68;54
4638.0;26;50;62;40;69;53
4644.0;26;50;62;40;69;53
4650.0;26;50;61;40;70;53
4656.0;26;50;61;40;70;53
4662.0;27;50;61;40;69;53
4668.0;27;50;61;40;69;53
4674.0;27;50;61;40;69;53
4680.0;27;50;61;40;69;53
4686.0;27;50;61;40;69;53
4692.0;27;50;61;40;69;53
4698.0;27;50;61;39;70;53
4704.0;27;50;61;39;70;53
4710.0;26;49;63;39;70;53
4716.0;26;49;62;39;71;53
4722.0;26;49;62;39;72;52
4728.0;27;48;62;39;72;52
4734.0;26;47;61;41;73;52
4740.0;26;47;62;42;72;51
4746.0;26;47;62;42;72;51
4752.0;26;47;62;42;72;51
4758.0;27;47;61;41;73;51
4764.0;27;46;61;39;74;53
4770.0;27;46;61;39;74;53
4776.0;26;45;61;39;75;54
4782.0;26;45;61;38;75;55
4788.0;27;45;60;38;75;55
4794.0;26;46;59;38;76;55
4800.0;26;46;59;38;76;55
4806.0;26;46;59;38;76;55
4812.0;26;46;59;38;75;56
4818.0;26;44;60;38;76;56
4824.0;26;44;60;38;76;56
4830.0;26;44;60;38;76;56
4836.0;26;44;60;38;76;56
4842.0;25;44;60;39;76;56
4848.0;25;44;60;39;76;56
4854.0;25;44;60;39;76;56
4860.0;25;44;60;39;76;56
4866.0;24;44;61;40;75;56
4872.0;24;44;61;40;75;56
4878.0;23;44;61;40;74;58
4884.0;23;44;61;40;74;58
4890.0;23;44;61;40;74;58
4896.0;23;43;61;40;75;58
4902.0;23;42;61;40;76;58
4908.0;23;42;61;40;76;58
4914.0;23;42;61;40;76;58
4920.0;23;42;61;40;76;58
4926.0;24;41;61;40;76;58
4932.0;24;41;61;40;76;58
4938.0;23;42;61;40;75;59
4944.0;23;42;61;40;75;59
4950.0;23;42;61;40;75;59
4956.0;22;42;61;40;76;59
4962.0;22;43;61;39;76;59
4968.0;22;43;61;39;76;59
4974.0;22;43;61;39;76;59
4980.0;22;43;61;39;76;59
4986.0;22;43;61;39;76;59
4992.0;22;43;61;39;76;59
4998.0;22;43;60;40;76;59
5004.0;22;43;60;40;76;59
5010.0;23;42;60;40;76;59
5016.0;23;42;60;40;76;59
5022.0;23;42;60;40;76;59
5028.0;23;42;59;40;76;60
5034.0;23;43;58;40;75;61
5040.0;23;43;58;40;75;61
5046.0;23;43;58;40;75;61
5052.0;23;43;58;40;75;61
5058.0;23;43;58;40;76;60
5064.0;23;43;58;40;76;60
5070.0;23;43;58;40;76;60
5076.0;24;43;58;40;76;59
5082.0;24;43;59;40;74;60
5088.0;24;44;58;40;74;60
5094.0;24;44;58;40;74;60
5100.0;24;44;58;39;74;61
5106.0;24;44;58;39;74;61
5112.0;23;44;59;39;74;61
5118.0;23;44;59;39;74;61
5124.0;22;44;59;39;74;62
5130.0;22;44;59;39;74;62
5136.0;22;44;59;40;73;62
5142.0;20;44;58;43;73;62
5148.0;21;44;58;43;73;61
5154.0;21;44;58;43;73;61
5160.0;21;44;58;43;73;61
5166.0;20;44;58;44;73;61
5172.0;20;45;58;43;73;61
5178.0;20;45;58;43;73;61
5184.0;20;45;58;43;73;61
5190.0;20;45;59;43;72;61
5196.0;20;44;59;42;74;61
5202.0;20;45;59;41;74;61
5208.0;20;45;59;41;74;61
5214.0;20;45;59;41;74;61
5220.0;20;45;59;41;74;61
5226.0;20;45;59;42;73;61
5232.0;20;45;59;42;73;61
5238.0;20;45;59;42;73;61
5244.0;20;45;59;42;73;61
5250.0;20;45;59;42;73;61
5256.0;20;45;59;42;74;60
5262.0;20;45;59;42;74;60
5268.0;20;44;59;42;74;61
5274.0;20;44;59;42;74;61
5280.0;20;44;59;42;74;61
5286.0;20;44;59;42;75;60
5292.0;20;44;59;42;75;60
5298.0;20;45;58;42;75;60
5304.0;20;45;58;42;75;60
5310.0;20;45;58;42;75;60
5316.0;20;45;58;42;75;60
5322.0;20;45;58;42;75;60
5328.0;20;45;58;43;74;60
5334.0;21;45;58;42;74;60
5340.0;21;45;58;42;74;60
5346.0;21;45;58;42;74;60
5352.0;21;45;58;42;74;60
5358.0;22;45;57;42;74;60
5364.0;22;45;57;42;74;60
5370.0;21;45;58;42;74;60
5376.0;21;45;60;41;73;60
5382.0;21;45;59;41;73;61
5388.0;20;45;59;40;74;62
5394.0;20;45;59;41;73;62
5400.0;20;44;62;40;73;61
5406.0;20;43;62;41;73;61
5412.0;20;43;62;41;73;61
5418.0;20;43;62;41;73;61
5424.0;20;43;62;42;72;61
5430.0;20;43;62;42;72;61
5436.0;20;43;62;42;72;61
5442.0;20;44;62;42;72;60
5448.0;20;44;62;42;72;60
5454.0;20;44;62;42;72;60
5460.0;20;44;62;42;72;60
5466.0;21;45;62;42;71;59
5472.0;21;45;62;42;71;59
5478.0;20;45;62;43;71;59
5484.0;20;46;62;43;71;58
5490.0;20;46;62;43;72;57
5496.0;21;45;62;43;72;57
5502.0;21;45;62;43;72;57
5508.0;21;45;62;43;72;57
5514.0;20;46;62;43;71;58
5520.0;20;46;61;43;72;58
5526.0;18;47;61;43;72;59
5532.0;18;47;60;44;72;59
5538.0;18;47;60;44;72;59
5544.0;18;47;60;44;72;59
5550.0;18;47;60;44;72;59
5556.0;18;47;59;44;72;60
5562.0;18;48;59;44;71;60
5568.0;18;48;59;44;71;60
5574.0;18;48;59;44;71;60
5580.0;18;48;59;44;71;60
5586.0;18;48;59;44;71;60
5592.0;18;48;59;44;70;61
5598.0;18;48;59;43;71;61
5604.0;18;48;59;43;71;61
5610.0;18;48;59;43;71;61
5616.0;17;48;59;45;70;61
5622.0;17;47;59;46;70;61
5628.0;16;47;60;45;71;61
5634.0;18;47;60;45;70;60
5640.0;18;47;60;45;70;60
5646.0;18;48;59;45;70;60
5652.0;18;48;60;45;69;60
5658.0;17;47;61;45;70;60
5664.0;17;47;63;44;69;60
5670.0;17;48;63;43;69;60
5676.0;17;48;63;43;69;60
5682.0;17;48;63;43;68;61
5688.0;17;48;63;43;68;61
5694.0;17;48;63;43;68;61
5700.0;17;49;62;43;68;61
5706.0;17;48;62;44;68;61
5712.0;17;48;62;44;68;61
5718.0;17;48;61;44;68;62
5724.0;17;48;61;44;68;62
5730.0;17;48;61;44;68;62
5736.0;17;48;61;44;68;62
5742.0;17;47;60;45;69;62
5748.0;17;47;60;45;69;62
5754.0;17;47;60;46;69;61
5760.0;18;47;59;47;68;61
5766.0;18;47;59;47;68;61
5772.0;18;47;59;47;68;61
5778.0;18;47;59;47;68;61
5784.0;18;47;59;47;68;61
5790.0;19;47;59;47;67;61
5796.0;20;47;59;46;67;61
5802.0;21;46;58;47;67;61
5808.0;21;46;58;47;67;61
5814.0;21;46;58;47;67;61
5820.0;21;46;58;47;67;61
5826.0;20;46;58;48;67;61
5832.0;20;46;58;48;67;61
5838.0;20;46;58;48;67;61
5844.0;20;46;58;48;67;61
5850.0;20;46;58;48;67;61
5856.0;20;47;56;48;67;62
5862.0;21;47;55;48;67;62
5868.0;22;47;54;49;66;62
5874.0;22;47;54;49;66;62
5880.0;21;47;54;49;66;63
5886.0;21;47;53;49;67;63
5892.0;21;47;53;49;67;63
5898.0;21;46;53;49;68;63
5904.0;21;46;53;49;68;63
5910.0;21;45;54;49;68;63
5916.0;21;46;54;49;67;63
5922.0;21;46;54;49;67;63
5928.0;22;46;54;49;66;63
5934.0;22;47;54;49;66;62
5940.0;21;47;55;49;66;62
5946.0;21;47;55;48;68;61
5952.0;21;47;55;48;68;61
5958.0;21;46;55;48;69;61
5964.0;21;46;54;48;69;62
5970.0;20;47;54;48;68;63
5976.0;20;47;55;48;68;62
5982.0;21;47;56;46;68;62
5988.0;21;47;56;45;69;62
5994.0;22;48;54;45;69;62
6000.0;22;48;54;45;69;62
6006.0;23;48;53;45;69;62
6012.0;21;48;52;46;70;63
6018.0;21;48;52;46;70;63
6024.0;22;49;52;45;69;63
6030.0;23;49;52;46;68;62
6036.0;24;49;50;46;68;63
6042.0;24;49;50;46;68;63
6048.0;24;49;50;46;68;63
6054.0;24;49;50;46;68;63
6060.0;24;49;50;46;68;63
6066.0;24;50;50;46;67;63
6072.0;24;50;50;47;66;63
6078.0;24;49;50;48;67;62
6084.0;24;49;50;48;67;62
6090.0;24;49;50;48;67;62
6096.0;25;49;49;48;67;62
6102.0;26;48;49;48;67;62
6108.0;26;48;49;48;67;62
6114.0;26;48;49;48;67;62
6120.0;26;48;49;48;67;62
6126.0;26;48;49;48;67;62
6132.0;25;48;49;49;67;62
6138.0;25;48;49;49;67;62
6144.0;24;48;49;50;67;62
6150.0;25;47;48;50;67;63
6156.0;25;46;48;51;67;63
6162.0;25;46;48;51;67;63
6168.0;25;46;48;51;67;63
6174.0;24;46;49;51;67;63
6180.0;24;46;49;51;67;63
6186.0;24;46;49;51;66;64
6192.0;24;46;49;51;66;64
6198.0;24;46;48;51;66;65
6204.0;24;47;48;50;66;65
6210.0;24;47;48;50;66;65
6216.0;24;47;49;49;66;65
6222.0;24;47;49;49;66;65
6228.0;24;47;49;49;66;65
6234.0;25;46;49;49;66;65
6240.0;25;46;49;49;66;65
6246.0;25;46;49;50;66;64
6252.0;25;46;49;50;66;64
6258.0;24;46;49;50;66;65
6264.0;24;46;49;50;66;65
6270.0;24;46;49;50;65;66
6276.0;24;46;49;50;65;66
6282.0;24;46;49;50;65;66
6288.0;24;45;49;50;65;67
6294.0;23;45;49;51;65;67
6300.0;23;45;48;52;65;67
6306.0;23;44;47;53;65;68
6312.0;23;44;47;53;65;68
6318.0;23;44;47;53;65;68
6324.0;23;44;47;53;66;67
6330.0;23;44;47;53;66;67
6336.0;23;44;46;53;67;67
6342.0;23;44;46;55;65;67
6348.0;23;44;46;55;65;67
6354.0;23;44;46;54;66;67
6360.0;23;45;44;55;66;67
6366.0;23;45;44;55;66;67
6372.0;23;45;44;55;66;67
6378.0;23;45;44;56;65;67
6384.0;23;45;44;56;65;67
6390.0;22;44;45;56;66;67
6396.0;21;44;45;56;67;67
6402.0;21;44;44;57;67;67
6408.0;22;44;43;57;66;68
6414.0;22;44;43;57;66;68
6420.0;22;44;43;57;66;68
6426.0;23;44;43;56;66;68
6432.0;24;44;43;56;66;67
6438.0;24;44;43;56;65;68
6444.0;24;44;43;56;65;68
6450.0;23;44;44;56;65;68
6456.0;23;45;44;56;64;68
6462.0;23;45;44;56;64;68
6468.0;23;44;44;57;64;68
6474.0;23;43;44;57;64;69
6480.0;22;44;44;57;64;69
6486.0;22;44;44;57;64;69
6492.0;23;44;44;56;64;69
6498.0;23;44;44;56;64;69
6504.0;23;44;44;56;64;69
6510.0;23;43;44;56;64;70
6516.0;23;44;44;56;64;69
6522.0;23;44;44;56;65;68
6528.0;23;44;44;55;66;68
6534.0;22;44;45;55;66;68
6540.0;22;46;45;54;66;67
6546.0;22;46;45;54;66;67
6552.0;23;46;45;53;66;67
6558.0;23;47;45;53;65;67
6564.0;23;47;45;53;65;67
6570.0;23;47;45;53;65;67
6576.0;23;47;45;53;65;67
6582.0;23;47;45;53;65;67
6588.0;23;46;46;53;65;67
6594.0;23;46;46;53;65;67
6600.0;23;46;46;53;65;67
6606.0;22;46;46;53;66;67
6612.0;22;46;46;53;66;67
6618.0;22;45;47;53;66;67
6624.0;22;45;47;53;66;67
6630.0;22;45;46;53;67;67
6636.0;22;44;47;53;67;67
6642.0;22;44;47;53;67;67
6648.0;23;44;47;53;67;66
6654.0;23;44;47;53;67;66
6660.0;23;44;46;55;66;66
6666.0;22;45;46;55;67;65
6672.0;22;45;46;55;67;65
6678.0;22;45;47;55;66;65
6684.0;22;44;48;55;66;65
6690.0;22;44;48;55;66;65
6696.0;22;44;48;55;66;65
6702.0;23;43;48;54;67;65
6708.0;23;43;48;54;67;65
6714.0;23;43;48;54;67;65
6720.0;23;43;48;54;67;65
6726.0;24;42;48;54;66;66
6732.0;25;42;48;53;66;66
6738.0;25;42;48;52;66;67
6744.0;25;42;48;52;66;67
6750.0;25;42;48;53;65;67
6756.0;25;42;49;52;65;67
6762.0;25;42;49;53;65;66
6768.0;25;42;49;53;65;66
6774.0;24;42;49;53;66;66
6780.0;24;42;49;53;66;66
6786.0;24;42;49;53;66;66
6792.0;24;42;50;54;65;65
6798.0;24;42;51;53;64;66
6804.0;23;42;50;54;65;66
6810.0;23;42;50;54;64;67
6816.0;23;42;50;54;64;67
6822.0;23;42;50;54;64;67
6828.0;23;42;50;54;64;67
6834.0;24;42;50;54;63;67
6840.0;24;42;50;54;63;67
6846.0;24;42;50;54;63;67
6852.0;24;42;50;54;63;67
6858.0;24;42;50;54;63;67
6864.0;22;43;49;55;64;67
6870.0;22;42;49;55;65;67
6876.0;22;42;49;54;66;67
6882.0;23;41;49;54;66;67
6888.0;23;41;48;54;66;68
6894.0;23;41;48;54;66;68
6900.0;23;41;48;54;66;68
6906.0;23;41;48;54;66;68
6912.0;23;41;48;55;65;68
6918.0;23;41;48;55;65;68
6924.0;23;41;48;55;65;68
6930.0;23;41;48;55;65;68
6936.0;23;40;47;55;66;69
6942.0;23;40;47;54;67;69
6948.0;23;40;47;54;67;69
6954.0;23;40;47;54;67;69
6960.0;23;40;48;52;68;69
6966.0;23;39;49;52;68;69
6972.0;23;40;49;51;68;69
6978.0;23;40;49;51;67;70
6984.0;23;40;49;50;67;71
6990.0;23;40;50;49;67;71
6996.0;23;40;50;50;67;70
7002.0;23;40;52;50;66;69
7008.0;23;40;52;50;66;69
7014.0;23;40;52;50;66;69
7020.0;23;40;52;50;67;68
7026.0;22;40;53;50;67;68
7032.0;22;40;52;51;67;68
7038.0;21;41;51;52;67;68
7044.0;21;41;51;52;67;68
7050.0;21;41;50;52;68;68
7056.0;21;42;50;52;68;67
7062.0;21;42;50;52;68;67
7068.0;20;43;50;52;68;67
7074.0;19;44;50;52;68;67
7080.0;19;44;50;52;68;67
7086.0;19;44;50;52;68;67
7092.0;19;44;50;52;68;67
7098.0;19;44;50;52;68;67
7104.0;19;44;50;52;68;67
7110.0;19;44;50;52;68;67
7116.0;19;44;50;52;68;67
7122.0;19;44;50;52;68;67
7128.0;19;44;50;52;68;67
7134.0;19;44;50;52;68;67
7140.0;19;44;50;52;68;67
7146.0;19;43;50;53;68;67
7152.0;19;43;50;53;68;67
7158.0;19;43;50;53;68;67
7164.0;19;43;50;53;68;67
7170.0;19;43;50;53;68;67
7176.0;19;43;50;53;68;67
7182.0;19;42;49;54;68;68
7188.0;19;42;50;53;68;68
7194.0;19;42;49;53;68;69
7200.0;18;43;49;53;68;69
7206.0;17;43;49;53;68;70
7212.0;17;42;50;53;68;70
7218.0;17;42;50;53;68;70
7224.0;17;42;50;53;68;70
7230.0;17;42;50;53;68;70
7236.0;17;42;51;53;68;69
7242.0;17;42;52;52;68;69
7248.0;17;42;53;52;68;68
7254.0;17;42;53;52;68;68
7260.0;17;42;53;53;67;68
7266.0;17;41;53;54;67;68
7272.0;17;42;55;53;65;68
7278.0;17;42;55;53;65;68
7284.0;17;42;55;53;65;68
7290.0;17;42;55;53;65;68
7296.0;17;42;55;53;65;68
7302.0;16;42;55;53;66;68
7308.0;16;42;54;53;66;69
7314.0;16;42;54;53;66;69
7320.0;16;42;54;53;66;69
7326.0;16;41;55;54;66;68
7332.0;16;41;55;54;66;68
7338.0;16;42;55;54;65;68
7344.0;16;42;55;54;65;68
7350.0;16;42;55;54;65;68
7356.0;17;42;55;53;65;68
7362.0;17;42;56;53;64;68
7368.0;17;42;57;52;64;68
7374.0;18;42;55;52;65;68
7380.0;18;43;55;52;65;67
7386.0;18;43;55;52;65;67
7392.0;19;43;55;52;65;66
7398.0;20;41;56;51;65;67
7404.0;20;41;56;51;65;67
7410.0;20;40;57;50;66;67
7416.0;20;40;57;50;66;67
7422.0;20;40;57;50;66;67
7428.0;20;40;57;50;66;67
7434.0;20;40;57;50;66;67
7440.0;20;40;57;50;66;67
7446.0;20;40;57;50;65;68
7452.0;20;40;57;50;65;68
7458.0;20;40;57;50;65;68
7464.0;20;40;57;50;65;68
7470.0;20;40;57;50;65;68
7476.0;20;40;57;50;65;68
7482.0;20;40;56;51;65;68
7488.0;20;40;55;51;65;69
7494.0;20;40;55;51;65;69
7500.0;19;42;55;51;64;69
7506.0;19;41;55;52;64;69
7512.0;20;41;55;52;64;68
7518.0;20;41;55;52;64;68
7524.0;20;40;56;52;64;68
7530.0;19;40;55;52;66;68
7536.0;19;40;55;52;67;67
7542.0;19;40;56;51;67;67
7548.0;19;40;56;51;67;67
7554.0;19;40;56;51;67;67
7560.0;19;40;56;50;67;68
7566.0;19;40;56;50;67;68
7572.0;18;40;56;50;68;68
7578.0;16;40;57;51;68;68
7584.0;16;40;57;51;68;68
7590.0;16;40;57;51;68;68
7596.0;17;40;56;50;70;67
7602.0;17;40;56;50;70;67
7608.0;17;40;56;50;70;67
7614.0;17;40;56;50;70;67
7620.0;17;40;58;49;69;67
7626.0;17;40;58;49;69;67
7632.0;17;40;58;49;69;67
7638.0;17;40;58;49;69;67
7644.0;16;40;58;49;69;68
7650.0;16;40;58;48;69;69
7656.0;16;40;58;48;69;69
7662.0;17;40;58;47;69;69
7668.0;17;40;58;47;69;69
7674.0;17;40;58;47;69;69
7680.0;17;40;58;47;69;69
7686.0;18;40;58;46;68;70
7692.0;18;40;58;46;69;69
7698.0;18;40;58;46;69;69
7704.0;18;40;57;46;69;70
7710.0;18;40;57;46;69;70
7716.0;18;40;57;46;69;70
7722.0;18;40;57;47;68;70
7728.0;18;40;57;47;68;70
7734.0;20;40;56;46;68;70
7740.0;20;40;57;46;68;69
7746.0;20;40;58;46;67;69
7752.0;19;40;58;46;68;69
7758.0;19;41;58;45;68;69
7764.0;19;41;58;46;68;68
7770.0;19;41;58;46;68;68
7776.0;19;41;58;45;68;69
7782.0;19;41;58;45;68;69
7788.0;19;41;58;45;68;69
7794.0;19;41;58;45;68;69
7800.0;19;41;57;47;68;68
7806.0;18;42;57;47;68;68
7812.0;18;42;57;47;67;69
7818.0;18;42;57;48;67;68
7824.0;18;42;57;48;67;68
7830.0;18;42;57;48;67;68
7836.0;18;42;57;48;67;68
7842.0;18;42;56;48;67;69
7848.0;18;41;55;49;67;70
7854.0;17;41;55;50;68;69
7860.0;17;41;55;50;68;69
7866.0;17;41;55;50;68;69
7872.0;17;41;55;50;68;69
7878.0;17;41;55;50;68;69
7884.0;18;42;54;48;68;70
7890.0;18;42;55;47;68;70
7896.0;18;43;54;47;68;70
7902.0;18;43;54;47;68;70
7908.0;18;43;54;47;68;70
7914.0;18;43;54;47;68;70
7920.0;18;43;54;46;69;70
7926.0;19;43;53;46;69;70
7932.0;19;43;53;46;69;70
7938.0;19;43;53;46;68;71
7944.0;20;43;53;47;67;70
7950.0;20;43;53;47;67;70
7956.0;20;43;53;47;67;70
7962.0;20;43;53;47;67;70
7968.0;20;44;53;47;66;70
7974.0;20;44;53;47;66;70
7980.0;20;44;53;47;66;70
7986.0;20;43;53;47;67;70
7992.0;20;43;53;48;66;70
7998.0;20;43;53;48;67;69
8004.0;22;43;53;47;66;69
8010.0;22;43;52;47;67;69
8016.0;22;43;52;47;67;69
8022.0;23;43;51;47;67;69
8028.0;23;43;51;47;67;69
8034.0;23;44;51;46;67;69
8040.0;23;44;51;46;67;69
8046.0;23;44;51;46;67;69
8052.0;23;44;52;45;67;69
8058.0;23;44;52;45;67;69
8064.0;23;44;52;45;67;69
8070.0;23;44;52;45;67;69
8076.0;23;44;52;45;67;69
8082.0;22;44;53;44;67;70
8088.0;23;45;51;44;67;70
8094.0;23;45;52;44;66;70
8100.0;23;45;52;44;66;70
8106.0;23;45;52;44;66;70
8112.0;23;45;52;44;66;70
8118.0;23;44;52;44;66;71
8124.0;23;44;52;44;66;71
8130.0;23;44;52;44;66;71
8136.0;23;44;52;44;66;71
8142.0;23;44;52;44;66;71
8148.0;23;43;51;44;66;73
8154.0;23;43;51;44;66;73
8160.0;23;43;51;44;66;73
8166.0;23;44;51;43;66;73
8172.0;23;44;51;43;66;73
8178.0;23;44;51;43;66;73
8184.0;23;44;51;43;65;74
8190.0;23;44;51;43;65;74
8196.0;23;44;51;43;65;74
8202.0;23;44;51;43;65;74
8208.0;23;44;51;43;65;74
8214.0;23;44;51;43;65;74
8220.0;23;44;50;43;66;74
8226.0;23;44;50;43;66;74
8232.0;23;44;50;43;66;74
8238.0;22;44;50;43;66;75
8244.0;22;45;50;43;65;75
8250.0;22;49;49;42;65;73
8256.0;22;50;48;42;65;73
8262.0;22;50;48;42;65;73
8268.0;22;50;48;42;65;73
8274.0;23;50;48;42;65;72
8280.0;23;50;48;42;65;72
8286.0;23;50;48;42;65;72
8292.0;23;50;48;42;65;72
8298.0;23;50;48;42;65;72
8304.0;23;49;48;42;66;72
8310.0;23;53;47;42;66;69
8316.0;23;53;47;42;66;69
8322.0;23;53;47;42;66;69
8328.0;23;53;47;42;66;69
8334.0;24;53;46;42;66;69
8340.0;25;52;46;42;66;69
8346.0;25;51;46;42;67;69
8352.0;25;50;46;42;67;70
8358.0;25;50;46;42;67;70
8364.0;24;50;46;43;67;70
8370.0;24;50;46;43;67;70
8376.0;24;50;46;43;67;70
8382.0;24;50;46;43;67;70
8388.0;24;50;46;43;66;71
8394.0;24;50;46;43;66;71
8400.0;24;50;46;43;66;71
8406.0;24;50;47;42;66;71
8412.0;23;50;48;42;66;71
8418.0;23;50;48;42;66;71
8424.0;22;50;48;43;67;70
8430.0;22;50;47;43;68;70
8436.0;22;50;48;43;68;69
8442.0;22;49;48;44;68;69
8448.0;21;50;48;44;68;69
8454.0;21;50;49;44;67;69
8460.0;21;50;49;44;66;70
8466.0;21;50;49;44;66;70
8472.0;21;50;49;44;66;70
8478.0;21;50;50;44;66;69
8484.0;21;50;50;44;66;69
8490.0;21;50;50;44;66;69
8496.0;21;50;50;44;66;69
8502.0;21;50;50;44;66;69
8508.0;21;50;50;45;66;68
8514.0;22;51;50;44;66;67
8520.0;22;52;50;43;66;67
8526.0;22;52;50;43;66;67
8532.0;23;52;49;43;66;67
8538.0;23;52;49;43;66;67
8544.0;23;52;49;43;66;67
8550.0;24;51;49;43;66;67
8556.0;24;52;48;43;66;67
8562.0;24;52;48;43;66;67
8568.0;24;52;48;43;66;67
8574.0;23;52;49;43;66;67
8580.0;23;52;49;43;66;67
8586.0;23;52;49;43;66;67
8592.0;24;52;48;43;66;67
8598.0;24;52;48;43;66;67
8604.0;24;52;48;43;66;67
8610.0;24;52;48;42;67;67
8616.0;24;52;48;42;67;67
8622.0;24;53;48;41;67;67
8628.0;25;52;48;41;67;67
8634.0;25;52;48;41;67;67
8640.0;25;52;48;42;66;67
8646.0;25;52;48;42;66;67
8652.0;25;52;48;42;66;67
8658.0;25;52;48;42;66;67
8664.0;25;52;48;42;66;67
8670.0;24;52;48;43;66;67
8676.0;24;52;48;43;66;67
8682.0;24;52;48;43;67;66
8688.0;24;52;48;44;67;65
8694.0;24;51;48;44;68;65
8700.0;25;51;48;44;67;65
8706.0;24;51;49;44;67;65
8712.0;24;51;49;45;67;64
8718.0;24;51;50;45;67;63
8724.0;24;52;50;44;67;63
8730.0;24;51;51;44;68;62
8736.0;24;51;51;44;68;62
8742.0;24;51;51;44;68;62
8748.0;24;51;50;45;68;62
8754.0;24;51;50;46;67;62
8760.0;24;50;50;46;68;62
8766.0;24;50;50;47;67;62
8772.0;24;49;51;46;68;62
8778.0;24;49;51;46;68;62
8784.0;24;49;51;46;68;62
8790.0;24;49;51;46;68;62
8796.0;24;49;52;46;68;61
8802.0;24;49;52;46;68;61
8808.0;24;49;51;47;68;61
8814.0;25;48;51;46;70;60
8820.0;24;49;51;47;69;60
8826.0;24;49;51;47;68;61
8832.0;24;48;51;48;68;61
8838.0;24;47;51;48;70;60
8844.0;24;47;51;48;70;60
8850.0;24;46;51;49;70;60
8856.0;24;47;51;49;70;59
8862.0;25;47;50;49;70;59
8868.0;25;47;50;49;70;59
8874.0;25;45;52;49;71;58
8880.0;25;45;52;49;71;58
8886.0;27;44;52;50;71;56
8892.0;27;44;52;50;71;56
8898.0;27;44;52;50;71;56
8904.0;26;44;53;50;71;56
8910.0;26;44;53;50;71;56
8916.0;25;44;53;50;71;57
8922.0;26;44;53;50;71;56
8928.0;27;44;52;51;70;56
8934.0;27;44;52;51;70;56
8940.0;27;44;52;51;70;56
8946.0;27;46;51;51;68;57
8952.0;27;46;51;51;68;57
8958.0;27;45;50;52;67;59
8964.0;27;45;50;53;66;59
8970.0;27;45;50;53;66;59
8976.0;27;45;50;53;66;59
8982.0;27;45;50;53;66;59
8988.0;27;45;50;53;66;59
8994.0;27;45;49;54;66;59
9000.0;27;45;49;54;66;59
9006.0;27;45;49;54;66;59
9012.0;27;45;49;54;66;59
9018.0;27;46;50;54;65;58
9024.0;26;46;51;54;65;58
9030.0;25;46;51;54;66;58
9036.0;25;46;51;54;66;58
9042.0;25;46;51;55;66;57
9048.0;24;46;51;55;66;58
9054.0;24;46;51;55;66;58
9060.0;23;46;52;55;66;58
9066.0;23;46;53;54;66;58
9072.0;23;46;53;54;66;58
9078.0;23;46;53;54;66;58
9084.0;23;46;53;54;66;58
9090.0;23;46;52;54;67;58
9096.0;23;46;52;54;67;58
9102.0;22;47;52;54;67;58
9108.0;22;47;52;54;67;58
9114.0;22;47;52;54;67;58
9120.0;22;47;52;55;66;58
9126.0;22;47;52;55;66;58
9132.0;22;47;52;55;66;58
9138.0;22;47;52;55;66;58
9144.0;21;48;52;55;66;58
9150.0;21;47;53;55;66;58
9156.0;22;47;52;55;67;57
9162.0;22;47;52;55;67;57
9168.0;22;47;52;55;67;57
9174.0;22;47;52;55;67;57
9180.0;22;47;52;55;67;57
9186.0;22;47;53;55;67;56
9192.0;22;47;53;55;67;56
9198.0;22;46;53;55;67;57
9204.0;22;46;53;55;67;57
9210.0;22;46;53;55;67;57
9216.0;21;46;53;56;67;57
9222.0;21;46;53;56;67;57
9228.0;22;46;53;56;66;57
9234.0;22;46;53;56;66;57
9240.0;22;45;53;56;67;57
9246.0;22;45;53;57;67;56
9252.0;22;45;53;57;67;56
9258.0;22;45;53;57;67;56
9264.0;22;45;53;57;67;56
9270.0;21;44;53;57;68;57
9276.0;19;44;54;57;68;58
9282.0;19;44;54;57;68;58
9288.0;19;44;54;57;68;58
9294.0;19;44;54;57;68;58
9300.0;19;44;54;57;68;58
9306.0;19;44;54;56;68;59
9312.0;19;44;54;56;68;59
9318.0;19;44;54;56;68;59
9324.0;19;43;55;56;68;59
9330.0;19;43;55;56;68;59
9336.0;19;43;55;56;68;59
9342.0;19;43;55;56;68;59
9348.0;19;43;55;56;68;59
9354.0;19;43;55;56;68;59
9360.0;19;43;55;56;68;59
9366.0;19;43;55;56;68;59
9372.0;19;43;55;56;68;59
9378.0;19;43;56;56;68;58
9384.0;19;43;56;56;68;58
9390.0;19;42;56;57;68;58
9396.0;18;42;56;58;68;58
9402.0;19;41;56;58;67;59
9408.0;19;41;56;57;67;60
9414.0;19;40;57;57;67;60
9420.0;19;40;57;57;67;60
9426.0;19;40;57;57;67;60
9432.0;20;38;57;58;67;60
9438.0;20;38;57;58;67;60
9444.0;20;38;56;57;68;61
9450.0;21;38;56;57;68;60
9456.0;21;38;56;57;68;60
9462.0;21;37;57;57;68;60
9468.0;21;37;57;57;68;60
9474.0;21;37;57;57;68;60
9480.0;21;37;57;57;68;60
9486.0;21;37;57;57;68;60
9492.0;21;37;57;58;67;60
9498.0;21;37;57;58;67;60
9504.0;19;38;58;58;67;60
9510.0;19;39;58;58;66;60
9516.0;19;39;58;58;66;60
9522.0;20;39;59;57;67;58
9528.0;20;39;59;58;67;57
9534.0;20;39;59;58;67;57
9540.0;19;39;59;59;67;57
9546.0;20;39;59;59;67;56
9552.0;20;38;59;59;67;57
9558.0;21;38;58;59;67;57
9564.0;21;38;58;59;67;57
9570.0;21;38;57;59;68;57
9576.0;21;38;57;59;68;57
9582.0;21;38;57;59;68;57
9588.0;21;38;57;59;68;57
9594.0;21;38;58;58;69;56
9600.0;22;37;58;59;67;57
9606.0;22;37;58;59;67;57
9612.0;22;37;58;58;67;58
9618.0;22;37;58;58;67;58
9624.0;22;37;59;57;67;58
9630.0;22;37;60;57;66;58
9636.0;22;36;60;57;67;58
9642.0;22;36;59;58;67;58
9648.0;22;36;59;58;67;58
9654.0;22;36;59;58;67;58
9660.0;22;37;59;58;66;58
9666.0;23;36;59;58;66;58
9672.0;23;36;59;58;66;58
9678.0;23;35;59;59;66;58
9684.0;23;35;59;59;66;58
9690.0;22;35;59;59;66;59
9696.0;22;35;59;59;66;59
9702.0;22;35;59;59;66;59
9708.0;22;35;59;59;66;59
9714.0;22;35;59;59;66;59
9720.0;22;35;59;59;66;59
9726.0;22;35;59;58;67;59
9732.0;22;34;58;58;68;60
9738.0;22;34;58;58;68;60
9744.0;22;34;58;58;68;60
9750.0;22;34;58;59;67;60
9756.0;22;34;58;59;67;60
9762.0;23;34;57;60;67;59
9768.0;24;34;57;59;67;59
9774.0;24;34;58;59;66;59
9780.0;24;34;58;59;66;59
9786.0;24;35;58;59;66;58
9792.0;24;36;59;58;66;57
9798.0;24;36;59;58;66;57
9804.0;24;36;59;58;66;57
9810.0;24;36;59;58;66;57
9816.0;24;36;59;58;65;58
9822.0;24;36;59;58;65;58
9828.0;24;36;59;58;65;58
9834.0;24;36;59;58;65;58
9840.0;24;36;58;58;66;58
9846.0;24;35;58;59;66;58
9852.0;24;35;58;59;66;58
9858.0;25;35;58;58;67;57
9864.0;25;36;58;57;67;57
9870.0;25;36;58;56;67;58
9876.0;24;36;57;57;68;58
9882.0;24;35;57;57;69;58
9888.0;24;35;57;57;69;58
9894.0;24;35;57;57;69;58
9900.0;24;35;58;56;69;58
9906.0;24;35;58;56;69;58
9912.0;24;35;58;56;69;58
9918.0;24;35;58;56;69;58
9924.0;24;35;58;56;69;58
9930.0;24;35;58;56;69;58
9936.0;25;35;58;56;68;58
9942.0;25;35;58;56;68;58
9948.0;25;35;58;56;68;58
9954.0;25;35;58;56;68;58
9960.0;24;36;58;56;67;59
9966.0;24;36;58;56;67;59
9972.0;23;37;58;56;67;59
9978.0;23;37;59;56;66;59
9984.0;23;37;60;55;66;59
9990.0;23;36;60;55;66;60
9996.0;23;36;60;55;66;60
10002.0;23;36;61;55;65;60
10008.0;23;36;61;55;65;60
10014.0;23;37;60;55;65;60
10020.0;23;38;60;55;64;60
10026.0;23;38;60;55;64;60
10032.0;23;38;60;55;65;59
10038.0;22;38;60;55;66;59
10044.0;22;39;60;55;66;58
10050.0;22;39;61;55;66;57
10056.0;22;39;62;55;65;57
10062.0;22;39;62;55;65;57
10068.0;22;39;61;55;66;57
10074.0;22;39;61;55;66;57
10080.0;22;39;61;55;66;57
10086.0;22;39;61;55;65;58
10092.0;22;39;61;55;65;58
10098.0;22;39;61;55;65;58
10104.0;22;39;61;55;65;58
10110.0;21;40;61;55;65;58
10116.0;22;40;61;55;64;58
10122.0;22;40;61;55;64;58
10128.0;22;40;61;55;64;58
10134.0;22;40;61;55;64;58
10140.0;22;40;61;54;64;59
10146.0;23;39;61;54;64;59
10152.0;23;39;61;54;64;59
10158.0;23;38;61;54;64;60
10164.0;23;38;61;55;63;60
10170.0;23;38;61;55;63;60
10176.0;24;38;60;55;63;60
10182.0;24;38;60;56;62;60
10188.0;24;39;59;56;62;60
10194.0;24;39;59;56;62;60
10200.0;23;41;59;56;61;60
10206.0;23;41;59;56;61;60
10212.0;23;42;58;57;60;60
10218.0;23;42;58;57;60;60
10224.0;23;42;58;57;61;59
10230.0;23;43;58;57;60;59
10236.0;23;43;58;57;60;59
10242.0;23;43;59;57;59;59
10248.0;23;43;59;57;59;59
10254.0;23;43;59;57;59;59
10260.0;24;43;59;57;59;58
10266.0;25;43;59;57;59;57
10272.0;24;43;60;57;59;57
10278.0;24;43;60;57;59;57
10284.0;24;43;60;57;59;57
10290.0;24;43;60;57;59;57
10296.0;24;43;60;59;59;55
10302.0;24;43;60;59;59;55
10308.0;24;43;60;59;59;55
10314.0;24;43;59;59;60;55
10320.0;23;44;60;58;60;55
10326.0;24;44;60;58;59;55
10332.0;24;44;60;59;59;54
10338.0;24;45;60;59;58;54
10344.0;24;45;60;59;58;54
10350.0;24;45;60;59;58;54
10356.0;24;45;60;59;58;54
10362.0;23;45;61;59;58;54
10368.0;23;45;61;59;58;54
10374.0;23;45;61;59;58;54
10380.0;24;43;60;60;58;55
10386.0;23;43;61;60;57;56
10392.0;24;43;61;59;57;56
10398.0;24;43;62;60;57;54
10404.0;24;43;62;60;57;54
10410.0;24;43;61;60;58;54
10416.0;24;43;61;61;58;53
10422.0;24;44;61;61;57;53
10428.0;24;43;61;61;57;54
10434.0;24;43;62;61;56;54
10440.0;24;43;62;62;55;54
10446.0;24;43;62;62;55;54
10452.0;24;43;63;62;56;52
10458.0;24;43;63;62;56;52
10464.0;24;43;63;62;56;52
10470.0;24;43;63;62;56;52
10476.0;24;43;63;62;57;51
10482.0;24;43;63;61;57;52
10488.0;25;43;63;60;57;52
10494.0;25;43;63;60;57;52
10500.0;25;43;63;61;57;51
10506.0;25;43;63;61;57;51
10512.0;25;42;63;61;58;51
10518.0;25;42;63;61;58;51
10524.0;25;42;63;61;57;52
10530.0;25;42;63;61;57;52
10536.0;25;42;63;61;57;52
10542.0;25;43;63;61;57;51
10548.0;25;42;65;61;56;51
10554.0;25;42;65;61;56;51
10560.0;25;42;65;61;56;51
10566.0;25;42;65;61;56;51
10572.0;25;42;65;61;56;51
10578.0;25;41;66;61;56;51
10584.0;25;41;67;61;56;50
10590.0;25;41;67;61;56;50
10596.0;25;41;67;61;56;50
10602.0;25;41;67;61;56;50
10608.0;25;41;67;61;56;50
10614.0;25;41;66;62;56;50
10620.0;26;40;66;62;56;50
10626.0;27;40;66;61;56;50
10632.0;27;40;66;61;56;50
10638.0;27;40;66;61;55;51
10644.0;27;40;66;62;54;51
10650.0;27;40;66;62;54;51
10656.0;27;40;67;62;53;51
10662.0;27;40;67;62;53;51
10668.0;28;40;66;62;53;51
10674.0;28;40;66;62;53;51
10680.0;28;40;66;62;53;51
10686.0;29;40;65;62;53;51
10692.0;29;40;65;62;53;51
10698.0;29;40;64;63;53;51
10704.0;29;40;64;63;53;51
10710.0;28;41;64;63;53;51
10716.0;29;40;62;63;54;52
10722.0;29;40;62;63;54;52
10728.0;29;40;62;63;54;52
10734.0;29;40;62;63;54;52
10740.0;29;40;62;63;54;52
10746.0;29;40;62;63;52;54
10752.0;29;40;62;63;52;54
10758.0;29;40;62;63;52;54
10764.0;29;40;62;63;52;54
10770.0;28;40;62;63;52;55
10776.0;28;40;62;63;52;55
10782.0;28;40;61;63;52;56
10788.0;27;41;60;62;52;58
10794.0;27;40;60;62;52;59
