#auto generated file!
12.0;84;83;90;86;90;77
18.0;83;82;90;85;91;79
24.0;83;81;89;86;92;79
30.0;83;81;88;87;92;79
36.0;82;82;88;87;92;79
42.0;82;82;88;87;92;79
48.0;82;82;88;87;92;79
54.0;81;82;88;87;92;80
60.0;78;81;89;88;93;81
66.0;79;81;89;88;93;80
72.0;79;80;89;89;93;80
78.0;79;81;88;89;93;80
84.0;79;82;88;89;93;79
90.0;79;82;88;89;93;79
96.0;79;82;88;89;92;80
102.0;79;81;87;90;93;80
108.0;78;81;87;90;94;80
114.0;79;81;87;90;94;79
120.0;79;80;87;90;94;80
126.0;79;80;87;91;93;80
132.0;80;79;87;91;93;80
138.0;79;80;87;91;93;80
144.0;79;81;87;90;93;80
150.0;79;81;87;90;93;80
156.0;79;80;87;90;94;80
162.0;79;80;87;90;95;79
168.0;79;78;87;91;96;79
174.0;79;78;87;91;96;79
180.0;80;78;86;91;97;78
186.0;79;78;87;91;97;78
192.0;79;78;87;91;97;78
198.0;79;78;87;91;97;78
204.0;80;76;87;91;98;78
210.0;80;76;87;91;98;78
216.0;80;76;89;90;97;78
222.0;80;76;90;89;97;78
228.0;79;75;91;89;98;78
234.0;81;74;91;88;98;78
240.0;80;74;91;88;99;78
246.0;80;74;91;88;99;78
252.0;80;74;91;88;99;78
258.0;80;74;92;87;99;78
264.0;80;74;92;87;99;78
270.0;80;74;92;86;100;78
276.0;80;75;92;85;100;78
282.0;80;75;92;85;100;78
288.0;80;75;92;85;100;78
294.0;80;74;92;85;100;79
300.0;80;74;93;85;100;78
306.0;79;74;93;85;101;78
312.0;78;73;93;86;102;78
318.0;79;74;93;85;101;78
324.0;80;74;93;85;100;78
330.0;79;75;93;85;99;79
336.0;79;75;93;85;99;79
342.0;79;75;93;84;100;79
348.0;79;75;93;84;100;79
354.0;80;75;90;85;101;79
360.0;80;76;90;85;100;79
366.0;79;76;91;85;100;79
372.0;78;76;92;85;100;79
378.0;78;76;92;84;101;79
384.0;78;75;92;84;102;79
390.0;77;75;93;84;101;80
396.0;76;75;93;84;101;81
402.0;75;76;93;84;101;81
408.0;75;76;94;83;101;81
414.0;73;77;93;83;101;83
420.0;72;77;94;82;102;83
426.0;73;76;93;82;102;84
432.0;73;76;94;82;101;84
438.0;73;75;94;83;101;84
444.0;74;75;93;83;101;84
450.0;74;75;93;83;101;84
456.0;74;75;93;82;101;85
462.0;74;75;93;82;101;85
468.0;74;75;93;82;101;85
474.0;74;75;93;82;101;85
480.0;76;75;93;81;101;84
486.0;75;75;93;81;102;84
492.0;75;76;93;80;102;84
498.0;75;76;93;79;104;83
504.0;74;76;92;78;105;85
510.0;75;77;92;77;105;84
516.0;73;78;94;76;105;84
522.0;73;78;94;76;105;84
528.0;74;80;94;75;105;82
534.0;73;79;94;76;106;82
540.0;73;79;94;76;106;82
546.0;73;80;94;75;106;82
552.0;73;79;95;75;106;82
558.0;73;79;95;75;106;82
564.0;73;79;95;75;106;82
570.0;73;80;95;75;105;82
576.0;73;78;95;75;106;83
582.0;73;79;96;76;104;82
588.0;73;79;96;76;104;82
594.0;72;79;96;75;107;81
600.0;72;79;96;75;107;81
606.0;72;80;96;74;107;81
612.0;71;81;96;74;107;81
618.0;70;81;97;74;106;82
624.0;70;80;97;74;107;82
630.0;69;80;97;74;108;82
636.0;69;80;97;74;108;82
642.0;69;79;97;74;109;82
648.0;70;79;97;74;108;82
654.0;70;79;97;74;108;82
660.0;70;79;97;74;109;81
666.0;69;80;97;74;108;82
672.0;69;80;97;74;108;82
678.0;69;79;97;74;109;82
684.0;69;78;98;74;108;83
690.0;69;78;99;74;107;83
696.0;69;78;99;74;107;83
702.0;69;80;99;72;107;83
708.0;69;80;100;72;107;82
714.0;69;80;100;72;107;82
720.0;69;80;100;72;108;81
726.0;69;80;99;72;108;82
732.0;67;81;99;72;108;83
738.0;67;82;100;71;107;83
744.0;67;82;100;71;107;83
750.0;67;82;100;70;108;83
756.0;65;85;100;71;106;83
762.0;64;85;101;71;107;82
768.0;64;86;101;71;107;81
774.0;64;87;101;70;107;81
780.0;64;87;101;70;107;81
786.0;64;87;101;70;107;81
792.0;64;87;101;70;107;81
798.0;64;87;101;70;107;81
804.0;64;86;101;70;108;81
810.0;64;86;101;70;108;81
816.0;64;86;101;70;108;81
822.0;64;85;102;69;108;82
828.0;63;85;103;69;108;82
834.0;63;84;105;69;108;81
840.0;63;84;105;69;108;81
846.0;63;84;105;69;108;81
852.0;63;84;105;68;108;82
858.0;63;83;106;68;107;83
864.0;63;83;106;68;107;83
870.0;62;83;106;69;107;83
876.0;62;84;105;69;107;83
882.0;62;84;105;69;106;84
888.0;62;83;105;69;107;84
894.0;61;82;106;69;107;85
900.0;60;82;106;69;108;85
906.0;60;83;105;69;108;85
912.0;60;82;105;70;108;85
918.0;61;81;105;70;108;85
924.0;61;82;105;70;107;85
930.0;61;82;105;70;107;85
936.0;62;83;103;70;107;85
942.0;61;83;103;71;107;85
948.0;61;83;103;71;106;86
954.0;61;82;103;71;106;87
960.0;63;82;102;71;106;86
966.0;62;82;102;71;107;86
972.0;61;82;102;72;107;86
978.0;61;82;102;72;107;86
984.0;61;82;102;73;107;85
990.0;60;81;103;74;107;85
996.0;60;82;102;73;109;84
1002.0;60;82;102;73;109;84
1008.0;61;82;104;72;107;84
1014.0;61;82;105;71;107;84
1020.0;60;82;105;72;107;84
1026.0;60;82;106;72;107;83
1032.0;60;83;106;72;107;82
1038.0;60;83;106;72;107;82
1044.0;58;83;107;73;107;82
1050.0;58;83;107;73;107;82
1056.0;58;83;106;74;107;82
1062.0;58;84;105;75;105;83
1068.0;58;84;105;75;105;83
1074.0;58;85;105;75;105;82
1080.0;56;86;106;75;105;82
1086.0;56;85;106;76;105;82
1092.0;56;85;106;77;104;82
1098.0;55;85;107;77;105;81
1104.0;56;84;108;76;105;81
1110.0;55;84;108;76;105;82
1116.0;55;84;108;76;105;82
1122.0;55;84;108;76;105;82
1128.0;56;84;107;76;105;82
1134.0;56;84;107;76;105;82
1140.0;56;84;106;76;106;82
1146.0;57;84;106;75;107;81
1152.0;57;84;106;75;107;81
1158.0;56;85;107;75;106;81
1164.0;56;85;108;75;105;81
1170.0;57;85;108;73;106;81
1176.0;56;85;109;73;106;81
1182.0;55;86;109;73;106;81
1188.0;55;87;109;72;106;81
1194.0;55;87;109;72;106;81
1200.0;55;87;109;72;106;81
1206.0;55;86;109;72;106;82
1212.0;56;84;109;72;106;83
1218.0;57;82;109;72;107;83
1224.0;58;82;109;72;107;82
1230.0;58;82;110;71;107;82
1236.0;58;82;110;71;107;82
1242.0;58;82;110;70;108;82
1248.0;58;83;110;70;107;82
1254.0;58;83;110;70;107;82
1260.0;58;81;111;71;107;82
1266.0;58;82;111;71;106;82
1272.0;58;81;111;72;106;82
1278.0;58;81;111;72;106;82
1284.0;59;80;110;72;106;83
1290.0;58;79;111;73;106;83
1296.0;57;79;111;73;107;83
1302.0;57;79;111;73;107;83
1308.0;56;78;112;73;108;83
1314.0;56;78;112;73;108;83
1320.0;56;78;112;73;108;83
1326.0;56;77;112;74;107;84
1332.0;56;78;111;74;107;84
1338.0;56;78;111;74;107;84
1344.0;56;78;111;74;107;84
1350.0;55;78;110;75;108;84
1356.0;55;77;110;76;108;84
1362.0;55;78;109;76;108;84
1368.0;55;78;108;76;108;85
1374.0;55;78;108;76;108;85
1380.0;55;78;107;76;108;86
1386.0;55;78;107;76;108;86
1392.0;55;78;107;76;108;86
1398.0;55;79;106;76;107;87
1404.0;54;79;107;76;107;87
1410.0;53;79;108;75;107;88
1416.0;53;79;107;75;108;88
1422.0;53;79;107;75;108;88
1428.0;53;79;107;74;108;89
1434.0;53;79;107;74;108;89
1440.0;54;79;106;73;108;90
1446.0;54;79;106;73;108;90
1452.0;52;80;106;74;108;90
1458.0;52;80;106;74;108;90
1464.0;53;79;105;75;108;90
1470.0;53;79;105;75;108;90
1476.0;53;80;105;74;108;90
1482.0;53;81;105;73;108;90
1488.0;53;80;106;73;108;90
1494.0;50;82;106;73;109;90
1500.0;50;82;105;73;109;91
1506.0;49;82;105;75;108;91
1512.0;49;82;105;75;108;91
1518.0;49;82;105;75;108;91
1524.0;49;81;105;75;109;91
1530.0;50;81;104;75;109;91
1536.0;49;81;104;75;110;91
1542.0;49;80;105;75;110;91
1548.0;49;80;105;75;110;91
1554.0;49;81;105;75;109;91
1560.0;51;80;105;75;108;91
1566.0;53;80;105;73;108;91
1572.0;52;82;106;73;107;90
1578.0;52;82;106;73;107;90
1584.0;53;82;105;73;107;90
1590.0;53;82;106;73;106;90
1596.0;53;82;106;73;106;90
1602.0;53;82;106;73;106;90
1608.0;53;81;106;73;107;90
1614.0;53;81;106;73;107;90
1620.0;52;81;105;74;107;91
1626.0;52;80;106;75;107;90
1632.0;52;79;106;75;108;90
1638.0;53;80;106;75;106;90
1644.0;53;82;106;75;105;89
1650.0;53;82;106;75;105;89
1656.0;53;82;106;75;105;89
1662.0;54;82;106;75;105;88
1668.0;54;82;106;75;105;88
1674.0;56;83;106;74;106;85
1680.0;55;83;106;75;106;85
1686.0;55;83;106;76;105;85
1692.0;55;85;106;75;104;85
1698.0;54;84;106;76;104;86
1704.0;52;85;107;76;105;85
1710.0;51;85;107;77;105;85
1716.0;51;85;107;77;105;85
1722.0;51;86;107;77;105;84
1728.0;51;85;106;77;105;86
1734.0;52;85;105;78;104;86
1740.0;49;86;106;79;104;86
1746.0;50;86;107;79;103;85
1752.0;49;86;110;78;101;86
1758.0;49;86;109;78;101;87
1764.0;48;86;109;79;102;86
1770.0;48;85;109;79;103;86
1776.0;48;85;109;79;103;86
1782.0;49;85;108;79;103;86
1788.0;48;85;109;79;103;86
1794.0;48;85;108;80;103;86
1800.0;47;84;108;80;104;87
1806.0;47;84;108;80;104;87
1812.0;47;85;107;80;104;87
1818.0;47;85;107;80;104;87
1824.0;47;85;106;79;105;88
1830.0;46;85;106;79;105;89
1836.0;46;84;106;80;105;89
1842.0;46;84;106;80;106;88
1848.0;47;84;106;80;106;87
1854.0;47;83;106;81;106;87
1860.0;47;82;107;81;106;87
1866.0;47;82;107;81;106;87
1872.0;47;81;106;81;108;87
1878.0;46;82;105;82;109;86
1884.0;47;81;105;82;109;86
1890.0;48;81;105;81;109;86
1896.0;47;79;106;81;111;86
1902.0;47;79;106;81;111;86
1908.0;48;78;106;81;111;86
1914.0;48;78;106;81;110;87
1920.0;48;79;106;81;110;86
1926.0;48;81;104;82;109;86
1932.0;47;80;104;83;109;87
1938.0;47;80;105;83;109;86
1944.0;47;81;105;82;109;86
1950.0;48;81;104;82;109;86
1956.0;48;81;104;82;109;86
1962.0;48;82;102;83;109;86
1968.0;48;82;102;83;109;86
1974.0;48;83;101;83;109;86
1980.0;48;83;101;84;108;86
1986.0;48;83;101;84;108;86
1992.0;48;83;101;84;108;86
1998.0;49;83;101;83;108;86
2004.0;48;83;101;83;109;86
2010.0;49;83;100;83;109;86
2016.0;47;83;100;83;110;87
2022.0;48;84;100;83;108;87
2028.0;48;84;100;83;108;87
2034.0;47;84;101;83;108;87
2040.0;47;84;101;83;108;87
2046.0;48;84;101;82;108;87
2052.0;48;84;102;81;108;87
2058.0;48;84;103;80;108;87
2064.0;48;84;103;79;109;87
2070.0;48;84;103;79;109;87
2076.0;49;85;103;78;108;87
2082.0;49;85;103;78;108;87
2088.0;48;85;103;78;109;87
2094.0;48;84;105;78;109;86
2100.0;48;84;105;78;109;86
2106.0;48;84;105;78;109;86
2112.0;48;83;105;78;110;86
2118.0;48;84;105;77;110;86
2124.0;49;85;104;76;110;86
2130.0;48;84;104;76;112;86
2136.0;48;83;105;76;111;87
2142.0;48;83;105;76;111;87
2148.0;49;83;104;76;110;88
2154.0;49;83;104;76;110;88
2160.0;49;83;104;76;110;88
2166.0;49;84;104;76;109;88
2172.0;48;84;104;76;110;88
2178.0;49;84;104;75;109;89
2184.0;50;83;104;75;109;89
2190.0;50;83;104;75;109;89
2196.0;50;83;104;75;109;89
2202.0;50;82;105;76;108;89
2208.0;49;83;104;76;109;89
2214.0;50;83;104;75;109;89
2220.0;50;83;104;76;109;88
2226.0;50;83;104;76;109;88
2232.0;50;83;104;76;109;88
2238.0;48;85;104;76;109;88
2244.0;48;84;104;76;109;89
2250.0;47;85;104;77;108;89
2256.0;46;86;104;77;108;89
2262.0;46;86;104;77;108;89
2268.0;45;87;104;77;108;89
2274.0;46;88;103;77;108;88
2280.0;46;88;103;77;108;88
2286.0;46;88;103;77;109;87
2292.0;46;87;104;77;109;87
2298.0;46;87;104;77;108;88
2304.0;46;87;104;77;108;88
2310.0;46;89;104;76;108;87
2316.0;46;89;104;76;108;87
2322.0;47;89;104;77;107;86
2328.0;48;88;103;77;107;87
2334.0;49;89;102;77;107;86
2340.0;49;89;103;76;106;87
2346.0;48;89;103;77;106;87
2352.0;48;89;102;78;106;87
2358.0;47;90;102;78;106;87
2364.0;47;90;102;79;105;87
2370.0;47;90;102;79;105;87
2376.0;47;90;102;79;105;87
2382.0;47;90;101;79;106;87
2388.0;47;91;100;79;106;87
2394.0;47;90;100;80;105;88
2400.0;49;89;101;79;104;88
2406.0;49;90;100;79;104;88
2412.0;49;91;99;79;104;88
2418.0;50;91;100;77;104;88
2424.0;51;91;100;76;104;88
2430.0;51;91;100;77;104;87
2436.0;50;91;99;78;105;87
2442.0;49;91;99;79;105;87
2448.0;49;91;99;79;105;87
2454.0;49;92;98;79;105;87
2460.0;48;91;99;79;105;88
2466.0;48;91;99;79;105;88
2472.0;48;91;99;79;105;88
2478.0;47;92;99;79;105;88
2484.0;47;91;100;79;105;88
2490.0;46;91;99;80;106;88
2496.0;46;91;99;80;106;88
2502.0;46;91;99;80;106;88
2508.0;46;90;98;82;106;88
2514.0;46;92;98;81;106;87
2520.0;46;93;97;81;106;87
2526.0;46;93;97;81;106;87
2532.0;46;93;97;81;106;87
2538.0;47;92;97;81;106;87
2544.0;47;92;97;81;105;88
2550.0;46;92;97;81;105;89
2556.0;46;92;96;81;105;90
2562.0;47;92;97;80;104;90
2568.0;47;92;96;80;105;90
2574.0;47;93;96;80;105;89
2580.0;47;93;96;80;105;89
2586.0;47;93;95;80;105;90
2592.0;47;92;94;80;106;91
2598.0;47;92;95;79;106;91
2604.0;47;92;95;79;106;91
2610.0;47;92;95;79;106;91
2616.0;48;92;95;78;106;91
2622.0;48;91;94;80;106;91
2628.0;48;91;94;81;106;90
2634.0;49;91;94;80;106;90
2640.0;49;89;95;80;108;89
2646.0;49;90;93;80;108;90
2652.0;49;90;93;80;108;90
2658.0;48;90;93;81;108;90
2664.0;48;90;92;81;109;90
2670.0;48;89;91;82;110;90
2676.0;48;89;91;82;110;90
2682.0;48;89;90;83;110;90
2688.0;48;89;90;83;110;90
2694.0;48;89;90;82;111;90
2700.0;49;88;90;82;111;90
2706.0;48;89;90;82;111;90
2712.0;49;89;90;81;111;90
2718.0;49;89;90;81;111;90
2724.0;49;90;90;80;111;90
2730.0;49;90;90;80;112;89
2736.0;48;90;90;81;112;89
2742.0;48;90;91;81;113;87
2748.0;47;90;91;82;112;88
2754.0;47;90;92;82;111;88
2760.0;47;90;92;82;112;87
2766.0;48;88;93;83;112;86
2772.0;49;87;93;84;111;86
2778.0;49;87;93;84;111;86
2784.0;48;87;94;84;111;86
2790.0;48;87;94;84;111;86
2796.0;48;88;94;84;111;85
2802.0;47;87;94;84;111;87
2808.0;47;87;94;85;110;87
2814.0;47;89;93;84;110;87
2820.0;47;89;93;84;110;87
2826.0;46;89;93;85;110;87
2832.0;46;90;93;84;110;87
2838.0;46;90;93;84;110;87
2844.0;47;89;93;84;110;87
2850.0;48;88;92;84;111;87
2856.0;49;87;92;83;111;88
2862.0;49;87;92;83;111;88
2868.0;49;87;92;83;111;88
2874.0;48;88;92;81;113;88
2880.0;48;87;93;80;113;89
2886.0;48;87;93;81;112;89
2892.0;48;87;93;81;112;89
2898.0;47;87;93;81;112;90
2904.0;47;87;93;82;112;89
2910.0;47;88;93;82;111;89
2916.0;47;88;94;81;111;89
2922.0;48;89;94;81;110;88
2928.0;48;90;94;81;110;87
2934.0;48;91;94;81;109;87
2940.0;47;91;95;81;109;87
2946.0;47;91;95;81;109;87
2952.0;48;91;94;80;111;86
2958.0;48;91;93;81;111;86
2964.0;48;91;94;80;111;86
2970.0;49;90;93;80;111;87
2976.0;48;90;94;80;111;87
2982.0;48;88;95;81;111;87
2988.0;47;88;95;82;110;88
2994.0;47;87;95;82;110;89
3000.0;47;86;95;82;110;90
3006.0;47;85;95;83;110;90
3012.0;47;85;95;83;110;90
3018.0;47;85;95;83;109;91
3024.0;47;84;95;83;109;92
3030.0;47;84;96;81;110;92
3036.0;47;84;97;80;109;93
3042.0;47;83;97;80;110;93
3048.0;46;83;98;80;110;93
3054.0;46;83;98;80;110;93
3060.0;46;84;98;79;110;93
3066.0;46;83;99;78;111;93
3072.0;47;82;99;78;112;92
3078.0;47;82;100;78;112;91
3084.0;47;82;99;79;112;91
3090.0;47;82;99;79;112;91
3096.0;47;82;99;79;112;91
3102.0;48;82;99;80;111;90
3108.0;49;82;98;80;111;90
3114.0;48;82;99;79;112;90
3120.0;48;82;99;79;112;90
3126.0;48;82;99;78;112;91
3132.0;48;82;99;78;112;91
3138.0;48;82;99;78;112;91
3144.0;48;81;98;77;113;93
3150.0;48;82;97;77;113;93
3156.0;48;82;97;78;113;92
3162.0;48;82;97;78;113;92
3168.0;48;82;97;78;113;92
3174.0;47;82;98;79;112;92
3180.0;47;81;95;81;113;93
3186.0;47;81;95;81;113;93
3192.0;47;82;95;81;113;92
3198.0;47;82;94;82;113;92
3204.0;47;82;94;82;113;92
3210.0;47;82;94;82;113;92
3216.0;48;82;92;84;112;92
3222.0;48;82;92;85;111;92
3228.0;49;82;92;85;110;92
3234.0;49;82;92;85;110;92
3240.0;48;81;92;84;112;93
3246.0;48;81;92;84;112;93
3252.0;47;81;92;84;113;93
3258.0;49;82;91;83;113;92
3264.0;49;82;91;83;113;92
3270.0;48;83;91;83;112;93
3276.0;48;83;91;83;112;93
3282.0;47;83;91;84;113;92
3288.0;49;83;90;83;113;92
3294.0;49;83;90;83;113;92
3300.0;49;84;90;82;113;92
3306.0;48;84;90;83;114;91
3312.0;48;84;91;82;114;91
3318.0;49;84;91;82;113;91
3324.0;49;84;92;82;112;91
3330.0;49;84;92;82;112;91
3336.0;49;84;92;82;112;91
3342.0;48;84;92;82;112;92
3348.0;48;84;92;82;112;92
3354.0;49;83;92;82;112;92
3360.0;49;83;92;82;112;92
3366.0;49;83;92;82;112;92
3372.0;49;83;92;82;112;92
3378.0;50;83;92;81;112;92
3384.0;50;83;93;80;112;92
3390.0;50;83;93;80;112;92
3396.0;51;83;93;80;112;91
3402.0;50;84;93;79;113;91
3408.0;51;85;93;78;113;90
3414.0;51;86;93;77;113;90
3420.0;50;87;93;77;113;90
3426.0;49;87;94;78;111;91
3432.0;49;87;94;78;111;91
3438.0;50;86;94;78;111;91
3444.0;50;87;94;78;111;90
3450.0;51;87;93;78;111;90
3456.0;51;87;93;78;111;90
3462.0;51;88;93;77;111;90
3468.0;50;87;93;79;112;89
3474.0;50;86;93;79;114;88
3480.0;49;86;93;80;114;88
3486.0;49;85;93;80;115;88
3492.0;49;85;93;80;116;87
3498.0;49;85;93;80;116;87
3504.0;49;85;93;80;116;87
3510.0;50;85;93;80;116;86
3516.0;50;85;93;80;116;86
3522.0;50;86;93;80;116;85
3528.0;50;85;93;81;116;85
3534.0;49;85;93;82;116;85
3540.0;49;85;93;82;116;85
3546.0;50;84;92;83;116;85
3552.0;50;84;92;83;116;85
3558.0;50;83;93;83;117;84
3564.0;50;83;93;83;116;85
3570.0;50;84;91;83;118;84
3576.0;50;85;91;84;117;83
3582.0;50;84;91;85;117;83
3588.0;51;85;90;85;115;84
3594.0;51;85;90;85;115;84
3600.0;51;85;90;85;115;84
3606.0;50;85;91;85;115;84
3612.0;50;85;91;85;115;84
3618.0;50;85;91;85;115;84
3624.0;51;85;90;85;116;83
3630.0;50;86;89;86;116;83
3636.0;49;86;89;85;117;84
3642.0;49;86;88;86;118;83
3648.0;49;86;88;86;118;83
3654.0;49;86;88;86;118;83
3660.0;49;86;88;86;118;83
3666.0;49;85;88;86;119;83
3672.0;49;85;87;87;119;83
3678.0;49;84;87;88;119;83
3684.0;50;83;87;88;119;83
3690.0;50;83;87;88;119;83
3696.0;50;83;87;88;119;83
3702.0;50;83;87;88;119;83
3708.0;50;83;87;89;118;83
3714.0;50;83;87;89;118;83
3720.0;50;83;87;89;118;83
3726.0;50;83;87;89;118;83
3732.0;50;83;87;89;118;83
3738.0;49;83;88;89;118;83
3744.0;50;83;88;88;118;83
3750.0;50;83;88;88;118;83
3756.0;50;83;88;88;118;83
3762.0;51;83;88;87;118;83
3768.0;51;83;88;87;118;83
3774.0;49;82;89;87;119;84
3780.0;49;82;89;86;119;85
3786.0;49;82;89;86;119;85
3792.0;49;82;89;86;119;85
3798.0;49;82;89;86;120;84
3804.0;49;81;89;86;121;84
3810.0;48;82;89;86;121;84
3816.0;48;80;89;86;123;84
3822.0;49;80;88;86;123;84
3828.0;49;80;89;85;124;83
3834.0;49;80;89;85;124;83
3840.0;49;80;91;83;124;83
3846.0;49;81;90;82;124;84
3852.0;49;82;90;81;124;84
3858.0;49;82;90;80;125;84
3864.0;49;82;89;81;124;85
3870.0;49;81;90;80;125;85
3876.0;49;81;90;80;125;85
3882.0;50;82;90;80;123;85
3888.0;50;82;90;80;123;85
3894.0;49;82;91;82;121;85
3900.0;50;83;90;82;121;84
3906.0;50;84;89;82;121;84
3912.0;50;84;89;82;121;84
3918.0;50;84;89;82;121;84
3924.0;49;85;88;83;121;84
3930.0;49;86;88;82;120;85
3936.0;49;86;88;83;120;84
3942.0;49;87;87;83;120;84
3948.0;51;86;87;82;120;84
3954.0;51;87;87;82;119;84
3960.0;51;87;87;82;119;84
3966.0;51;87;86;82;120;84
3972.0;51;86;86;83;120;84
3978.0;51;86;86;83;120;84
3984.0;52;86;86;83;119;84
3990.0;52;86;86;83;119;84
3996.0;53;86;86;82;119;84
4002.0;52;87;86;82;119;84
4008.0;52;87;86;82;119;84
4014.0;52;85;85;84;120;84
4020.0;51;86;85;84;120;84
4026.0;50;85;86;84;121;84
4032.0;50;85;86;84;121;84
4038.0;50;85;86;84;121;84
4044.0;49;84;87;86;121;83
4050.0;48;85;88;86;121;82
4056.0;48;86;88;85;121;82
4062.0;48;86;88;85;121;82
4068.0;49;86;88;85;121;81
4074.0;50;84;89;84;121;82
4080.0;50;83;90;84;121;82
4086.0;49;83;91;84;121;82
4092.0;49;83;92;83;121;82
4098.0;49;83;92;82;121;83
4104.0;47;83;91;82;121;86
4110.0;47;83;91;80;121;88
4116.0;47;84;92;79;121;87
4122.0;47;83;92;79;121;88
4128.0;47;83;92;79;121;88
4134.0;47;83;93;79;120;88
4140.0;47;83;93;78;121;88
4146.0;47;83;94;77;121;88
4152.0;47;82;94;78;121;88
4158.0;46;81;95;79;121;88
4164.0;46;80;95;79;122;88
4170.0;44;79;93;79;124;91
4176.0;44;79;93;79;124;91
4182.0;45;79;93;79;123;91
4188.0;45;79;93;80;122;91
4194.0;45;79;93;80;122;91
4200.0;45;79;92;80;123;91
4206.0;47;79;92;78;123;91
4212.0;47;80;93;78;121;91
4218.0;46;80;92;80;121;91
4224.0;45;80;94;79;121;91
4230.0;45;79;95;79;121;91
4236.0;45;79;94;79;122;91
4242.0;46;79;94;79;121;91
4248.0;46;80;94;79;120;91
4254.0;46;79;94;79;120;92
4260.0;46;79;94;79;119;93
4266.0;46;79;95;79;118;93
4272.0;46;79;96;79;118;92
4278.0;46;77;95;80;119;93
4284.0;46;79;95;79;117;94
4290.0;47;79;95;79;115;95
4296.0;47;79;96;78;115;95
4302.0;47;79;96;78;115;95
4308.0;47;79;96;78;115;95
4314.0;49;79;96;77;114;95
4320.0;49;79;96;77;114;95
4326.0;49;79;97;77;112;96
4332.0;49;79;97;77;112;96
4338.0;49;79;97;77;111;97
4344.0;49;79;97;77;111;97
4350.0;49;79;97;78;110;97
4356.0;49;79;97;78;110;97
4362.0;49;79;97;78;110;97
4368.0;48;79;97;78;110;98
4374.0;47;79;97;78;111;98
4380.0;48;79;97;78;110;98
4386.0;48;79;97;78;110;98
4392.0;48;79;98;79;108;98
4398.0;48;79;98;79;108;98
4404.0;48;79;99;78;108;98
4410.0;48;79;100;78;107;98
4416.0;49;79;99;78;107;98
4422.0;49;79;99;79;107;97
4428.0;49;79;100;78;107;97
4434.0;48;79;100;79;107;97
4440.0;47;79;100;79;108;97
4446.0;48;78;100;80;108;96
4452.0;49;78;100;81;107;95
4458.0;49;78;100;82;108;93
4464.0;50;78;100;82;108;92
4470.0;50;78;100;82;108;92
4476.0;50;78;100;83;107;92
4482.0;50;78;100;83;107;92
4488.0;51;77;100;83;107;92
4494.0;51;78;100;81;107;93
4500.0;52;78;99;80;107;94
4506.0;52;78;99;80;107;94
4512.0;52;79;97;80;108;94
4518.0;50;79;99;80;108;94
4524.0;50;80;99;79;108;94
4530.0;49;80;98;79;108;96
4536.0;49;80;98;78;108;97
4542.0;49;80;98;77;109;97
4548.0;49;80;98;77;109;97
4554.0;48;80;99;77;109;97
4560.0;47;80;99;77;109;98
4566.0;46;80;99;78;111;96
4572.0;46;79;100;78;111;96
4578.0;45;80;101;78;111;95
4584.0;46;80;100;78;111;95
4590.0;48;80;98;77;111;96
4596.0;48;80;98;77;111;96
4602.0;48;80;98;76;112;96
4608.0;48;80;98;76;112;96
4614.0;48;80;98;76;112;96
4620.0;47;80;98;77;111;97
4626.0;47;80;98;77;111;97
4632.0;47;80;98;76;112;97
4638.0;47;80;98;76;112;97
4644.0;47;82;98;75;110;98
4650.0;47;82;98;75;110;98
4656.0;47;81;99;76;109;98
4662.0;48;80;98;76;110;98
4668.0;47;80;100;75;110;98
4674.0;47;79;100;76;110;98
4680.0;47;79;100;76;110;98
4686.0;47;79;100;76;110;98
4692.0;46;79;101;76;110;98
4698.0;46;79;101;76;110;98
4704.0;46;79;101;76;110;98
4710.0;46;79;101;76;110;98
4716.0;46;79;101;76;110;98
4722.0;46;79;101;76;110;98
4728.0;46;79;101;76;110;98
4734.0;46;79;101;76;110;98
4740.0;46;79;100;77;110;98
4746.0;46;79;100;77;110;98
4752.0;45;79;101;76;111;98
4758.0;45;79;100;76;111;99
4764.0;45;80;100;75;111;99
4770.0;45;80;100;75;111;99
4776.0;45;80;99;76;111;99
4782.0;45;80;99;76;110;100
4788.0;45;80;99;76;110;100
4794.0;45;79;100;76;110;100
4800.0;47;79;100;75;110;99
4806.0;46;79;101;75;110;99
4812.0;45;78;100;77;110;100
4818.0;45;78;100;77;109;101
4824.0;45;77;100;78;109;101
4830.0;45;77;100;78;109;101
4836.0;45;77;100;79;108;101
4842.0;45;77;100;78;108;102
4848.0;45;77;100;78;108;102
4854.0;45;77;100;78;108;102
4860.0;45;77;101;78;108;101
4866.0;45;77;101;78;108;101
4872.0;44;77;101;78;109;101
4878.0;44;77;101;78;109;101
4884.0;44;77;100;79;109;101
4890.0;44;77;100;78;109;102
4896.0;43;77;99;77;110;104
4902.0;42;77;99;77;110;105
4908.0;42;77;99;77;110;105
4914.0;43;77;98;77;110;105
4920.0;43;77;97;77;110;106
4926.0;43;77;97;77;110;106
4932.0;44;75;97;78;110;106
4938.0;44;75;96;78;110;107
4944.0;44;76;96;78;109;107
4950.0;44;76;96;78;109;107
4956.0;44;77;96;78;109;106
4962.0;44;77;96;78;109;106
4968.0;44;76;97;78;109;106
4974.0;44;76;97;78;109;106
4980.0;44;76;97;79;109;105
4986.0;46;75;98;79;107;105
4992.0;46;75;98;79;107;105
4998.0;46;76;98;77;108;105
5004.0;47;75;97;79;108;104
5010.0;47;75;97;78;108;105
5016.0;47;75;97;78;108;105
5022.0;47;74;98;77;109;105
5028.0;47;74;98;77;109;105
5034.0;46;75;97;78;109;105
5040.0;46;75;97;78;109;105
5046.0;46;74;97;78;109;106
5052.0;46;74;97;78;109;106
5058.0;46;74;96;78;110;106
5064.0;48;75;96;77;110;104
5070.0;48;75;96;77;110;104
5076.0;49;75;95;77;110;104
5082.0;48;75;95;76;111;105
5088.0;47;76;96;75;111;105
5094.0;46;76;96;74;112;106
5100.0;46;77;95;74;112;106
5106.0;47;78;95;73;112;105
5112.0;47;77;96;73;112;105
5118.0;47;78;95;72;113;105
5124.0;47;78;95;72;113;105
5130.0;48;78;95;71;112;106
5136.0;49;77;96;70;112;106
5142.0;49;79;95;69;112;106
5148.0;49;79;95;69;112;106
5154.0;49;78;95;69;112;107
5160.0;48;79;94;69;112;108
5166.0;48;79;94;69;113;107
5172.0;48;78;94;70;113;107
5178.0;49;78;93;70;113;107
5184.0;49;78;93;70;113;107
5190.0;48;77;95;70;113;107
5196.0;49;79;94;69;112;107
5202.0;49;78;94;69;112;108
5208.0;49;79;94;69;111;108
5214.0;49;79;94;69;111;108
5220.0;50;79;94;69;110;108
5226.0;51;79;95;68;111;106
5232.0;51;79;95;68;111;106
5238.0;51;79;95;68;111;106
5244.0;50;78;96;69;112;105
5250.0;50;79;96;69;112;104
5256.0;50;80;96;68;112;104
5262.0;48;80;98;68;113;103
5268.0;48;80;100;67;113;102
5274.0;47;80;100;67;112;104
5280.0;47;80;100;67;112;104
5286.0;46;80;100;68;111;105
5292.0;45;80;100;68;111;106
5298.0;45;80;99;69;111;106
5304.0;45;80;98;69;112;106
5310.0;46;80;98;69;111;106
5316.0;46;79;98;70;111;106
5322.0;45;79;98;71;111;106
5328.0;45;80;98;69;112;106
5334.0;45;79;98;69;113;106
5340.0;45;79;98;69;113;106
5346.0;45;79;98;68;114;106
5352.0;45;79;98;68;114;106
5358.0;45;79;98;68;115;105
5364.0;45;78;98;68;115;106
5370.0;44;79;98;68;115;106
5376.0;44;79;99;68;114;106
5382.0;44;79;99;68;114;106
5388.0;44;80;96;69;114;107
5394.0;43;80;97;70;114;106
5400.0;43;79;97;70;114;107
5406.0;43;78;97;72;114;106
5412.0;43;78;97;71;114;107
5418.0;43;77;97;72;114;107
5424.0;42;77;97;73;114;107
5430.0;42;76;98;73;115;106
5436.0;42;76;98;73;115;106
5442.0;42;76;98;73;115;106
5448.0;41;76;99;72;116;106
5454.0;41;76;99;72;116;106
5460.0;41;76;99;72;116;106
5466.0;41;76;99;72;116;106
5472.0;41;76;99;72;116;106
5478.0;42;77;99;71;116;105
5484.0;42;77;99;71;116;105
5490.0;44;76;99;71;116;104
5496.0;42;77;101;71;117;102
5502.0;41;77;101;72;117;102
5508.0;39;77;102;72;117;103
5514.0;39;77;102;72;117;103
5520.0;40;77;101;72;116;104
5526.0;40;77;101;72;116;104
5532.0;40;77;101;72;116;104
5538.0;41;76;101;72;115;105
5544.0;41;76;101;73;115;104
5550.0;41;77;101;72;115;104
5556.0;41;78;100;71;114;106
5562.0;41;78;100;71;114;106
5568.0;41;78;100;71;114;106
5574.0;40;78;100;72;114;106
5580.0;39;75;101;75;114;106
5586.0;39;75;101;75;114;106
5592.0;39;74;102;75;113;107
5598.0;38;74;101;76;114;107
5604.0;37;75;102;77;113;106
5610.0;38;76;102;76;112;106
5616.0;39;76;102;76;112;105
5622.0;38;75;103;75;112;107
5628.0;38;75;103;75;112;107
5634.0;38;76;104;74;112;106
5640.0;38;76;104;74;112;106
5646.0;38;76;104;74;112;106
5652.0;38;76;104;74;112;106
5658.0;39;76;103;74;112;106
5664.0;39;76;103;74;112;106
5670.0;39;76;103;74;112;106
5676.0;39;77;104;73;112;105
5682.0;39;77;104;73;113;104
5688.0;39;77;103;74;114;103
5694.0;39;77;103;75;114;102
5700.0;39;77;103;75;114;102
5706.0;38;77;103;74;115;103
5712.0;38;77;103;74;115;103
5718.0;39;77;103;74;114;103
5724.0;39;77;103;74;114;103
5730.0;38;77;103;74;115;103
5736.0;38;77;103;74;115;103
5742.0;38;76;103;77;113;103
5748.0;38;76;102;77;113;104
5754.0;39;75;102;78;112;104
5760.0;39;75;102;78;112;104
5766.0;39;75;103;77;112;104
5772.0;39;75;103;77;111;105
5778.0;39;75;103;76;112;105
5784.0;40;75;103;75;111;106
5790.0;40;75;103;75;111;106
5796.0;41;75;103;74;111;106
5802.0;41;75;103;74;111;106
5808.0;41;75;103;74;111;106
5814.0;41;75;103;74;111;106
5820.0;41;75;103;74;111;106
5826.0;41;76;103;73;111;106
5832.0;41;76;102;73;112;106
5838.0;40;76;103;73;111;107
5844.0;41;76;103;73;111;106
5850.0;41;75;104;74;110;106
5856.0;41;75;103;74;111;106
5862.0;41;75;103;74;110;107
5868.0;40;75;103;74;110;108
5874.0;41;75;102;74;110;108
5880.0;41;75;102;74;110;108
5886.0;41;77;102;73;109;108
5892.0;41;77;102;73;109;108
5898.0;40;78;102;71;111;108
5904.0;40;77;102;71;111;109
5910.0;42;76;102;71;108;111
5916.0;42;76;103;70;108;111
5922.0;41;77;103;69;109;111
5928.0;41;77;103;69;109;111
5934.0;40;78;104;69;109;110
5940.0;40;79;105;68;108;110
5946.0;38;80;106;68;108;110
5952.0;38;80;106;67;109;110
5958.0;37;80;107;67;109;110
5964.0;38;79;106;66;110;111
5970.0;39;79;105;64;111;112
5976.0;39;79;106;64;111;111
5982.0;40;79;106;64;110;111
5988.0;39;78;106;64;111;112
5994.0;39;79;106;63;111;112
6000.0;39;79;107;63;110;112
6006.0;39;79;108;63;110;111
6012.0;39;78;109;63;110;111
6018.0;38;79;110;63;109;111
6024.0;38;79;110;63;109;111
6030.0;38;79;110;62;109;112
6036.0;38;79;110;62;109;112
6042.0;38;79;110;62;109;112
6048.0;38;78;110;63;109;112
6054.0;38;78;110;62;111;111
6060.0;38;78;109;61;113;111
6066.0;38;77;109;62;114;110
6072.0;38;78;109;61;114;110
6078.0;37;78;110;61;114;110
6084.0;37;78;111;60;114;110
6090.0;36;77;112;60;114;111
6096.0;34;78;113;59;114;112
6102.0;34;78;113;59;114;112
6108.0;34;79;112;59;114;112
6114.0;34;78;112;60;114;112
6120.0;33;78;112;60;114;113
6126.0;32;79;111;60;115;113
6132.0;32;79;111;60;115;113
6138.0;32;79;112;60;115;112
6144.0;31;81;112;60;113;113
6150.0;32;81;112;60;113;112
6156.0;31;80;112;61;113;113
6162.0;31;80;112;60;114;113
6168.0;31;80;113;59;114;113
6174.0;31;80;113;59;114;113
6180.0;30;80;113;60;114;113
6186.0;31;80;113;60;113;113
6192.0;32;80;113;60;112;113
6198.0;31;80;113;60;112;114
6204.0;31;80;113;60;112;114
6210.0;31;80;113;60;112;114
6216.0;31;80;112;61;112;114
6222.0;31;79;112;62;112;114
6228.0;32;79;111;62;112;114
6234.0;32;78;111;62;113;114
6240.0;32;78;110;63;113;114
6246.0;32;78;111;63;113;113
6252.0;33;77;112;62;113;113
6258.0;33;77;112;63;112;113
6264.0;33;77;112;63;112;113
6270.0;33;77;113;62;113;112
6276.0;33;77;113;62;113;112
6282.0;33;77;113;62;113;112
6288.0;34;77;113;60;112;114
6294.0;34;77;114;59;112;114
6300.0;34;77;114;59;112;114
6306.0;33;78;114;60;112;113
6312.0;32;79;114;60;112;113
6318.0;32;77;115;61;111;114
6324.0;32;77;115;61;111;114
6330.0;32;77;115;61;112;113
6336.0;32;77;115;61;112;113
6342.0;32;78;115;61;112;112
6348.0;32;79;115;61;111;112
6354.0;32;78;115;61;111;113
6360.0;32;78;115;61;111;113
6366.0;32;77;117;61;111;112
6372.0;31;78;117;61;111;112
6378.0;32;78;118;61;110;111
6384.0;32;77;119;60;110;112
6390.0;32;77;120;60;110;111
6396.0;32;76;120;59;111;112
6402.0;32;75;120;59;111;113
6408.0;32;75;120;59;111;113
6414.0;32;75;122;58;110;113
6420.0;32;76;122;58;110;112
6426.0;33;76;121;59;109;112
6432.0;33;76;121;59;109;112
6438.0;33;76;121;59;109;112
6444.0;33;76;120;61;108;112
6450.0;33;76;120;61;109;111
6456.0;34;77;120;61;109;109
6462.0;34;75;120;61;110;110
6468.0;34;75;120;61;110;110
6474.0;34;75;120;61;110;110
6480.0;34;76;120;61;109;110
6486.0;32;76;121;61;110;110
6492.0;32;76;121;61;110;110
6498.0;32;77;121;61;110;109
6504.0;32;77;120;62;110;109
6510.0;32;77;120;62;110;109
6516.0;32;77;120;62;110;109
6522.0;32;77;119;62;110;110
6528.0;32;77;118;62;110;111
6534.0;32;77;118;63;110;110
6540.0;31;78;118;62;111;110
6546.0;31;78;118;63;112;108
6552.0;31;78;118;63;112;108
6558.0;31;77;118;63;113;108
6564.0;32;77;117;63;113;108
6570.0;32;77;117;64;113;107
6576.0;32;77;118;65;113;105
6582.0;33;77;118;65;113;104
6588.0;33;77;118;65;113;104
6594.0;33;77;117;66;113;104
6600.0;32;78;116;67;114;103
6606.0;32;78;116;67;114;103
6612.0;33;79;116;66;113;103
6618.0;34;79;115;66;113;103
6624.0;34;78;115;66;113;104
6630.0;33;78;115;66;114;104
6636.0;33;78;115;66;114;104
6642.0;33;78;116;65;114;104
6648.0;33;79;116;65;113;104
6654.0;33;79;116;65;113;104
6660.0;33;79;116;65;113;104
6666.0;33;80;116;65;112;104
6672.0;33;80;116;65;112;104
6678.0;32;80;115;67;112;104
6684.0;33;80;115;68;111;103
6690.0;33;80;115;68;111;103
6696.0;34;79;114;68;112;103
6702.0;34;80;115;67;112;102
6708.0;34;79;115;68;112;102
6714.0;35;78;115;68;113;101
6720.0;35;78;116;66;113;102
6726.0;35;79;116;66;112;102
6732.0;35;79;116;66;112;102
6738.0;35;79;116;66;112;102
6744.0;35;79;116;66;112;102
6750.0;35;80;116;66;112;101
6756.0;35;80;116;66;112;101
6762.0;35;80;116;66;112;101
6768.0;36;80;115;66;112;101
6774.0;35;82;114;67;112;100
6780.0;35;82;114;67;113;99
6786.0;35;82;114;67;112;100
6792.0;35;81;114;68;112;100
6798.0;34;81;115;68;112;100
6804.0;34;81;115;68;112;100
6810.0;33;81;113;69;113;101
6816.0;33;81;113;69;114;100
6822.0;33;80;114;70;113;100
6828.0;32;80;114;70;113;101
6834.0;32;80;114;70;113;101
6840.0;32;80;115;69;113;101
6846.0;32;80;115;69;113;101
6852.0;32;79;116;69;113;101
6858.0;32;79;116;69;112;102
6864.0;32;79;116;69;112;102
6870.0;32;78;116;69;113;102
6876.0;32;78;116;69;113;102
6882.0;32;78;116;68;114;102
6888.0;33;79;116;68;113;101
6894.0;33;79;116;68;113;101
6900.0;34;79;115;69;112;101
6906.0;34;79;115;69;112;101
6912.0;34;79;115;69;112;101
6918.0;34;79;115;69;112;101
6924.0;33;80;114;70;113;100
6930.0;33;80;113;70;114;100
6936.0;33;80;113;70;114;100
6942.0;33;80;113;70;114;100
6948.0;33;80;113;70;114;100
6954.0;33;81;113;70;113;100
6960.0;33;82;112;69;114;100
6966.0;33;82;112;69;114;100
6972.0;34;82;111;68;114;101
6978.0;33;80;112;68;114;103
6984.0;33;80;112;68;114;103
6990.0;34;80;111;68;113;104
6996.0;34;80;111;68;113;104
7002.0;34;79;111;68;113;105
7008.0;34;79;111;68;113;105
7014.0;34;78;111;69;113;105
7020.0;36;77;111;66;116;104
7026.0;36;77;111;66;116;104
7032.0;36;77;111;65;117;104
7038.0;35;77;111;66;117;104
7044.0;35;76;112;66;116;105
7050.0;35;76;112;66;116;105
7056.0;34;77;112;66;116;105
7062.0;34;77;112;66;116;105
7068.0;33;77;112;66;117;105
7074.0;33;77;112;66;117;105
7080.0;33;77;112;66;117;105
7086.0;33;77;112;66;117;105
7092.0;33;77;112;65;117;106
7098.0;33;77;113;66;115;106
7104.0;33;77;113;66;116;105
7110.0;33;77;113;66;116;105
7116.0;32;78;114;66;115;105
7122.0;32;79;114;66;114;105
7128.0;31;79;114;66;115;105
7134.0;31;80;113;66;115;105
7140.0;32;80;113;66;114;105
7146.0;32;82;113;66;112;105
7152.0;32;83;114;65;112;104
7158.0;32;84;115;64;111;104
7164.0;32;85;114;64;111;104
7170.0;31;85;114;64;112;104
7176.0;31;86;113;64;112;104
7182.0;31;86;113;64;112;104
7188.0;33;86;113;64;111;103
7194.0;32;86;113;65;111;103
7200.0;32;86;113;65;111;103
7206.0;32;86;113;65;111;103
7212.0;32;86;112;65;112;103
7218.0;32;86;112;65;112;103
7224.0;31;84;113;65;112;105
7230.0;31;84;113;65;112;105
7236.0;31;84;112;65;113;105
7242.0;31;84;112;65;113;105
7248.0;30;84;113;65;113;105
7254.0;30;84;113;65;113;105
7260.0;30;84;113;65;113;105
7266.0;31;84;113;65;113;104
7272.0;31;84;114;63;113;105
7278.0;33;84;113;63;112;105
7284.0;33;84;113;63;112;105
7290.0;33;85;113;63;111;105
7296.0;33;84;113;64;111;105
7302.0;33;84;113;64;112;104
7308.0;33;84;113;63;113;104
7314.0;33;84;113;63;113;104
7320.0;34;83;113;62;112;106
7326.0;34;83;113;62;112;106
7332.0;35;83;112;62;112;106
7338.0;35;83;112;62;112;106
7344.0;35;84;112;62;112;105
7350.0;35;84;112;62;113;104
7356.0;34;83;112;62;115;104
7362.0;34;83;112;62;115;104
7368.0;35;82;112;62;115;104
7374.0;35;82;111;62;115;105
7380.0;35;82;111;63;114;105
7386.0;35;82;112;62;114;105
7392.0;36;82;112;63;113;104
7398.0;36;81;112;63;113;105
7404.0;36;81;112;64;112;105
7410.0;37;81;112;63;112;105
7416.0;37;83;111;63;112;104
7422.0;36;83;111;64;112;104
7428.0;36;83;112;64;112;103
7434.0;36;84;112;63;112;103
7440.0;36;84;112;62;112;104
7446.0;36;84;112;62;112;104
7452.0;36;84;113;62;110;105
7458.0;36;84;113;62;110;105
7464.0;37;84;113;62;109;105
7470.0;36;84;113;62;110;105
7476.0;35;82;113;62;112;106
7482.0;35;82;113;62;112;106
7488.0;34;82;113;62;113;106
7494.0;34;83;114;61;112;106
7500.0;35;83;114;61;111;106
7506.0;35;83;114;61;111;106
7512.0;34;83;114;61;112;106
7518.0;34;82;114;61;113;106
7524.0;35;81;114;61;113;106
7530.0;35;81;114;61;113;106
7536.0;35;80;115;62;113;105
7542.0;35;79;116;62;113;105
7548.0;35;80;115;62;113;105
7554.0;35;80;115;61;113;106
7560.0;35;80;115;61;113;106
7566.0;35;80;116;61;112;106
7572.0;35;81;118;60;112;104
7578.0;35;82;117;60;112;104
7584.0;35;81;117;60;112;105
7590.0;35;82;117;59;112;105
7596.0;35;81;116;59;114;105
7602.0;35;82;115;59;113;106
7608.0;35;82;115;59;113;106
7614.0;35;82;115;59;113;106
7620.0;35;82;116;59;113;105
7626.0;35;82;116;59;113;105
7632.0;35;82;116;59;113;105
7638.0;35;82;116;59;113;105
7644.0;36;82;116;58;113;105
7650.0;36;81;116;58;113;106
7656.0;35;81;118;58;112;106
7662.0;35;81;118;58;112;106
7668.0;35;81;118;58;112;106
7674.0;35;81;118;58;112;106
7680.0;35;81;117;58;113;106
7686.0;35;81;117;58;112;107
7692.0;35;81;117;58;112;107
7698.0;35;81;117;58;112;107
7704.0;35;81;117;58;112;107
7710.0;36;80;117;58;112;107
7716.0;36;80;117;58;112;107
7722.0;36;80;117;58;112;107
7728.0;36;80;117;58;112;107
7734.0;38;79;117;58;112;106
7740.0;38;79;117;58;112;106
7746.0;38;79;117;58;112;106
7752.0;38;78;117;58;113;106
7758.0;39;77;117;59;114;104
7764.0;38;77;117;59;114;105
7770.0;38;77;118;59;114;104
7776.0;38;77;118;59;114;104
7782.0;38;77;119;59;114;103
7788.0;38;77;119;59;114;103
7794.0;38;77;119;59;114;103
7800.0;38;77;119;59;114;103
7806.0;38;77;119;59;114;103
7812.0;38;77;119;59;113;104
7818.0;38;77;119;59;113;104
7824.0;38;77;119;59;113;104
7830.0;38;77;119;59;113;104
7836.0;39;77;119;59;112;104
7842.0;39;78;119;57;112;105
7848.0;39;78;119;57;111;106
7854.0;38;78;119;57;111;107
7860.0;38;77;119;57;112;107
7866.0;38;77;119;57;112;107
7872.0;37;77;119;58;112;107
7878.0;37;77;119;58;112;107
7884.0;37;80;118;57;112;106
7890.0;37;80;117;57;112;107
7896.0;37;80;117;57;112;107
7902.0;37;79;117;57;113;107
7908.0;37;80;117;56;113;107
7914.0;36;81;118;56;112;107
7920.0;36;82;118;56;111;107
7926.0;37;82;117;56;112;106
7932.0;37;81;118;56;111;107
7938.0;37;81;118;56;111;107
7944.0;37;80;118;56;112;107
7950.0;37;80;119;55;112;107
7956.0;38;79;120;54;111;108
7962.0;39;79;120;54;110;108
7968.0;39;79;120;54;110;108
7974.0;39;79;120;53;111;108
7980.0;39;79;120;52;111;109
7986.0;40;79;120;53;111;107
7992.0;40;81;119;53;110;107
7998.0;39;81;119;56;109;106
8004.0;38;82;119;56;109;106
8010.0;37;83;118;56;110;106
8016.0;37;83;119;56;110;105
8022.0;37;85;118;55;110;105
8028.0;37;85;118;55;110;105
8034.0;38;85;118;55;109;105
8040.0;38;85;116;56;110;105
8046.0;38;84;116;56;110;106
8052.0;38;83;116;56;111;106
8058.0;39;83;117;56;109;106
8064.0;38;84;117;56;109;106
8070.0;38;84;117;56;109;106
8076.0;38;84;117;56;109;106
8082.0;38;84;117;56;109;106
8088.0;38;84;115;57;110;106
8094.0;39;84;114;57;110;106
8100.0;39;84;114;56;110;107
8106.0;39;84;114;57;109;107
8112.0;39;84;114;57;109;107
8118.0;38;84;114;57;110;107
8124.0;38;83;114;57;110;108
8130.0;38;83;114;57;110;108
8136.0;37;82;114;57;111;109
8142.0;38;83;115;56;108;110
8148.0;38;83;115;55;108;111
8154.0;37;83;117;54;107;112
8160.0;38;83;116;55;106;112
8166.0;39;83;115;55;106;112
8172.0;39;83;115;55;106;112
8178.0;38;84;116;56;105;111
8184.0;38;84;116;56;105;111
8190.0;38;83;116;58;104;111
8196.0;38;81;116;60;104;111
8202.0;38;83;116;60;103;110
8208.0;39;83;116;60;104;108
8214.0;39;83;116;60;104;108
8220.0;39;83;116;59;104;109
8226.0;39;83;116;59;104;109
8232.0;38;84;116;59;104;109
8238.0;38;84;117;59;104;108
8244.0;38;84;117;59;104;108
8250.0;39;84;118;58;103;108
8256.0;38;85;119;58;102;108
8262.0;38;86;119;57;102;108
8268.0;39;84;118;59;102;108
8274.0;39;84;117;60;102;108
8280.0;38;84;116;61;102;109
8286.0;39;84;116;62;101;108
8292.0;39;84;116;62;101;108
8298.0;39;84;116;62;101;108
8304.0;39;84;116;62;101;108
8310.0;40;83;117;59;102;109
8316.0;40;82;117;59;101;111
8322.0;40;82;117;59;101;111
8328.0;40;82;117;59;101;111
8334.0;39;82;118;58;102;111
8340.0;39;82;118;58;102;111
8346.0;37;83;118;58;103;111
8352.0;37;83;118;59;103;110
8358.0;37;83;119;60;101;110
8364.0;37;83;119;60;101;110
8370.0;37;82;119;61;102;109
8376.0;37;82;119;61;102;109
8382.0;37;82;119;61;102;109
8388.0;37;82;119;62;102;108
8394.0;37;82;119;62;102;108
8400.0;37;83;120;61;101;108
8406.0;37;82;120;62;101;108
8412.0;37;81;120;61;102;109
8418.0;37;81;120;61;102;109
8424.0;36;81;119;62;102;110
8430.0;35;81;121;60;102;111
8436.0;35;81;121;61;102;110
8442.0;35;81;121;61;102;110
8448.0;37;80;120;62;101;110
8454.0;37;80;120;62;101;110
8460.0;37;81;119;62;101;110
8466.0;38;79;120;62;101;110
8472.0;38;79;120;62;101;110
8478.0;38;79;119;63;101;110
8484.0;39;79;119;63;100;110
8490.0;39;80;119;63;100;109
8496.0;39;80;119;64;100;108
8502.0;40;80;119;63;100;108
8508.0;40;79;119;64;100;108
8514.0;39;79;119;65;100;108
8520.0;39;78;119;65;101;108
8526.0;40;77;119;65;101;108
8532.0;40;77;119;65;101;108
8538.0;40;77;119;65;101;108
8544.0;40;77;120;66;100;107
8550.0;40;77;120;66;100;107
8556.0;40;76;121;66;101;106
8562.0;40;75;121;67;101;106
8568.0;39;78;121;65;101;106
8574.0;38;78;120;65;102;107
8580.0;38;78;120;65;102;107
8586.0;38;78;120;65;102;107
8592.0;38;78;121;64;102;107
8598.0;40;78;121;63;101;107
8604.0;40;78;121;64;100;107
8610.0;40;77;120;64;101;108
8616.0;40;77;120;64;101;108
8622.0;40;77;120;64;101;108
8628.0;40;77;120;64;101;108
8634.0;40;77;120;65;101;107
8640.0;40;78;120;65;100;107
8646.0;40;78;120;65;100;107
8652.0;40;78;120;65;100;107
8658.0;40;77;120;65;100;108
8664.0;41;75;120;65;100;109
8670.0;40;75;120;65;101;109
8676.0;39;76;120;64;102;109
8682.0;39;76;120;64;102;109
8688.0;41;78;120;62;102;107
8694.0;42;78;120;62;101;107
8700.0;41;78;120;62;102;107
8706.0;41;78;120;62;102;107
8712.0;42;78;119;62;102;107
8718.0;42;78;119;62;102;107
8724.0;42;78;119;62;102;107
8730.0;42;77;120;63;101;107
8736.0;42;77;117;63;103;108
8742.0;42;77;117;63;103;108
8748.0;42;77;117;63;103;108
8754.0;42;78;115;63;104;108
8760.0;43;78;114;63;104;108
8766.0;43;79;114;62;104;108
8772.0;43;80;113;63;105;106
8778.0;44;79;112;64;105;106
8784.0;44;79;112;64;105;106
8790.0;44;79;112;64;105;106
8796.0;43;78;112;64;105;108
8802.0;43;78;112;64;105;108
8808.0;44;78;113;62;104;109
8814.0;44;79;113;62;106;106
8820.0;44;78;113;63;107;105
8826.0;44;78;113;63;107;105
8832.0;44;78;113;63;107;105
8838.0;44;78;113;63;107;105
8844.0;43;76;113;64;107;107
8850.0;45;76;112;64;107;106
8856.0;44;76;112;65;107;106
8862.0;44;76;112;64;107;107
8868.0;45;76;112;64;106;107
8874.0;45;76;112;63;106;108
8880.0;45;76;112;63;106;108
8886.0;45;76;112;63;106;108
8892.0;44;76;112;64;107;107
8898.0;44;76;111;65;107;107
8904.0;43;76;113;65;107;106
8910.0;43;76;113;65;107;106
8916.0;43;77;114;65;107;104
8922.0;43;77;114;65;107;104
8928.0;44;76;114;65;107;104
8934.0;43;76;114;65;107;105
8940.0;43;76;114;65;107;105
8946.0;42;76;114;65;108;105
8952.0;43;76;113;65;108;105
8958.0;43;76;113;65;108;105
8964.0;42;76;114;65;109;104
8970.0;42;77;115;64;108;104
8976.0;42;77;115;64;108;104
8982.0;42;77;114;64;108;105
8988.0;42;76;114;64;108;106
8994.0;42;76;113;64;108;107
9000.0;42;75;114;64;108;107
9006.0;42;75;114;64;108;107
9012.0;42;75;115;63;108;107
9018.0;41;74;115;64;108;108
9024.0;42;74;114;64;108;108
9030.0;43;74;114;64;108;107
9036.0;43;75;114;64;108;106
9042.0;44;75;114;64;107;106
9048.0;44;75;114;64;107;106
9054.0;44;76;114;64;106;106
9060.0;44;76;114;64;106;106
9066.0;44;76;114;64;106;106
9072.0;45;76;113;63;107;106
9078.0;45;76;113;64;107;105
9084.0;45;76;113;64;107;105
9090.0;45;76;113;64;107;105
9096.0;45;76;114;64;107;104
9102.0;46;76;115;63;105;105
9108.0;45;76;115;63;106;105
9114.0;45;76;115;63;106;105
9120.0;45;75;115;63;107;105
9126.0;45;75;114;63;108;105
9132.0;44;75;114;63;108;106
9138.0;45;75;113;63;108;106
9144.0;44;75;113;63;109;106
9150.0;43;75;114;63;109;106
9156.0;43;75;114;63;109;106
9162.0;43;75;114;63;108;107
9168.0;42;76;115;63;108;106
9174.0;42;76;115;63;108;106
9180.0;42;75;115;63;109;106
9186.0;41;75;116;62;110;106
9192.0;40;76;116;62;110;106
9198.0;40;76;117;62;109;106
9204.0;40;76;118;62;108;106
9210.0;40;76;118;62;108;106
9216.0;40;76;118;62;108;106
9222.0;40;76;118;62;108;106
9228.0;40;77;118;62;107;106
9234.0;40;77;117;62;108;106
9240.0;40;77;118;61;108;106
9246.0;40;77;118;61;108;106
9252.0;39;78;118;62;108;105
9258.0;39;78;118;62;108;105
9264.0;38;79;118;62;108;105
9270.0;38;80;118;62;107;105
9276.0;38;80;119;62;107;104
9282.0;38;80;119;62;107;104
9288.0;38;81;119;62;106;104
9294.0;38;81;119;62;106;104
9300.0;37;81;119;63;106;104
9306.0;38;81;118;62;107;104
9312.0;38;81;118;62;107;104
9318.0;37;81;118;62;108;104
9324.0;36;80;119;62;109;104
9330.0;36;79;119;62;110;104
9336.0;38;79;118;62;109;104
9342.0;38;79;118;62;109;104
9348.0;38;79;118;62;109;104
9354.0;38;79;118;61;110;104
9360.0;38;79;118;61;110;104
9366.0;38;79;118;61;110;104
9372.0;39;78;118;62;109;104
9378.0;39;78;118;62;109;104
9384.0;39;78;118;63;109;103
9390.0;39;80;116;63;109;103
9396.0;39;80;117;62;109;103
9402.0;39;80;117;62;109;103
9408.0;39;80;118;62;109;102
9414.0;40;79;118;62;109;102
9420.0;41;78;118;62;108;103
9426.0;41;78;118;62;108;103
9432.0;41;77;119;62;108;103
9438.0;41;76;119;63;108;103
9444.0;41;76;118;63;109;103
9450.0;40;76;118;64;109;103
9456.0;40;76;118;63;109;104
9462.0;40;75;118;64;109;104
9468.0;39;75;119;64;109;104
9474.0;40;75;119;64;109;103
9480.0;40;75;119;64;109;103
9486.0;39;76;119;64;109;103
9492.0;39;76;119;64;109;103
9498.0;39;76;119;64;109;103
9504.0;40;76;119;64;108;103
9510.0;40;76;119;65;107;103
9516.0;41;76;119;65;106;103
9522.0;41;76;120;65;106;102
9528.0;42;76;120;65;106;101
9534.0;42;77;120;64;106;101
9540.0;43;76;120;64;106;101
9546.0;43;76;119;64;107;101
9552.0;43;76;119;63;107;102
9558.0;42;76;119;63;108;102
9564.0;42;76;119;63;108;102
9570.0;43;76;119;63;108;101
9576.0;43;76;118;62;110;101
9582.0;44;76;119;62;109;100
9588.0;45;76;119;61;110;99
9594.0;45;76;119;61;110;99
9600.0;45;76;119;61;110;99
9606.0;45;76;119;61;110;99
9612.0;46;75;119;61;110;99
9618.0;46;74;119;61;110;100
9624.0;47;75;119;61;108;100
9630.0;47;77;118;60;108;100
9636.0;48;77;117;60;108;100
9642.0;49;76;117;60;108;100
9648.0;51;75;117;60;108;99
9654.0;52;75;117;60;108;98
9660.0;52;75;117;60;108;98
9666.0;52;75;117;60;108;98
9672.0;52;75;117;60;108;98
9678.0;52;74;118;60;108;98
9684.0;52;74;118;60;108;98
9690.0;53;73;118;59;109;98
9696.0;51;73;119;59;109;99
9702.0;51;72;119;58;110;100
9708.0;50;72;119;59;111;99
9714.0;50;73;120;59;109;99
9720.0;50;74;119;59;109;99
9726.0;50;76;118;56;110;100
9732.0;51;76;119;56;108;100
9738.0;51;76;120;57;107;99
9744.0;51;75;121;57;107;99
9750.0;50;75;123;57;107;98
9756.0;50;75;122;58;106;99
9762.0;50;75;122;58;106;99
9768.0;51;75;122;57;106;99
9774.0;51;76;122;57;106;98
9780.0;50;76;123;57;106;98
9786.0;50;76;123;57;106;98
9792.0;50;76;123;57;106;98
9798.0;50;76;123;57;106;98
9804.0;49;76;123;58;106;98
9810.0;48;77;123;58;106;98
9816.0;48;77;123;58;106;98
9822.0;47;77;123;58;107;98
9828.0;47;77;123;59;106;98
9834.0;47;77;123;59;106;98
9840.0;46;77;123;59;106;99
9846.0;46;77;123;59;106;99
9852.0;45;78;121;59;107;100
9858.0;47;78;120;59;106;100
9864.0;47;78;120;59;106;100
9870.0;49;78;118;59;106;100
9876.0;49;78;119;58;106;100
9882.0;49;78;119;58;106;100
9888.0;49;78;119;58;107;99
9894.0;49;78;117;58;109;99
9900.0;49;78;117;58;109;99
9906.0;49;78;117;58;109;99
9912.0;48;79;117;57;110;99
9918.0;47;79;117;57;111;99
9924.0;48;78;117;57;111;99
9930.0;48;77;117;57;111;100
9936.0;48;77;118;56;111;100
9942.0;48;78;118;56;110;100
9948.0;48;78;116;56;111;101
9954.0;47;78;116;56;114;99
9960.0;46;78;117;57;113;99
9966.0;45;79;118;57;112;99
9972.0;45;79;118;57;112;99
9978.0;45;79;118;57;112;99
9984.0;45;80;118;57;112;98
9990.0;45;80;118;57;112;98
9996.0;44;80;119;57;112;98
10002.0;44;80;119;57;112;98
10008.0;45;81;119;55;112;98
10014.0;45;81;120;54;112;98
10020.0;44;83;120;54;112;97
10026.0;44;83;120;53;113;97
10032.0;44;83;121;52;114;96
10038.0;45;83;118;52;116;96
10044.0;45;83;117;52;117;96
10050.0;45;83;117;52;117;96
10056.0;45;83;117;52;117;96
10062.0;46;82;117;52;117;96
10068.0;45;83;117;52;116;97
10074.0;45;83;117;52;116;97
10080.0;45;84;117;51;116;97
10086.0;45;84;117;51;116;97
10092.0;46;85;117;51;114;97
10098.0;45;85;117;52;114;97
10104.0;45;85;118;52;113;97
10110.0;45;85;118;52;113;97
10116.0;45;85;118;53;112;97
10122.0;45;85;120;52;112;96
10128.0;44;86;120;53;111;96
10134.0;44;86;120;53;111;96
10140.0;46;86;118;53;112;95
10146.0;47;85;118;53;112;95
10152.0;47;84;119;53;112;95
10158.0;48;84;119;53;111;95
10164.0;50;84;120;51;112;93
10170.0;50;83;120;51;113;93
10176.0;49;84;120;51;113;93
10182.0;50;81;120;53;113;93
10188.0;51;79;120;53;113;94
10194.0;51;78;120;53;114;94
10200.0;52;77;120;53;113;95
10206.0;53;77;120;53;113;94
10212.0;54;76;120;54;111;95
10218.0;51;77;120;54;111;97
10224.0;51;77;121;54;110;97
10230.0;51;77;121;54;110;97
10236.0;51;77;121;54;110;97
10242.0;52;76;121;54;110;97
10248.0;52;76;121;55;110;96
10254.0;51;77;121;55;109;97
10260.0;51;76;121;55;110;97
10266.0;51;76;120;55;112;96
10272.0;51;77;119;56;112;95
10278.0;51;77;119;57;111;95
10284.0;51;77;119;57;111;95
10290.0;51;77;120;57;110;95
10296.0;51;77;120;56;110;96
10302.0;51;77;120;57;110;95
10308.0;51;77;120;57;111;94
10314.0;51;77;121;57;110;94
10320.0;50;77;122;57;110;94
10326.0;50;77;121;56;111;95
10332.0;50;77;120;56;111;96
10338.0;51;76;120;57;110;96
10344.0;51;76;119;57;110;97
10350.0;51;76;119;57;110;97
10356.0;51;76;119;57;110;97
10362.0;51;76;120;58;110;95
10368.0;51;76;119;58;109;97
10374.0;51;76;118;58;110;97
10380.0;51;76;118;58;110;97
10386.0;51;76;118;57;111;97
10392.0;51;76;118;57;111;97
10398.0;51;76;118;57;111;97
10404.0;51;76;118;57;111;97
10410.0;52;75;118;57;112;96
10416.0;51;76;118;57;112;96
10422.0;51;77;118;57;112;95
10428.0;51;77;118;57;113;94
10434.0;51;77;118;57;113;94
10440.0;51;77;118;57;113;94
10446.0;51;77;119;57;113;93
10452.0;50;78;120;56;113;93
10458.0;50;78;120;56;113;93
10464.0;49;78;121;56;114;92
10470.0;48;78;122;55;115;92
10476.0;48;78;123;55;114;92
10482.0;47;77;123;55;117;91
10488.0;47;77;123;55;116;92
10494.0;48;78;123;56;113;92
10500.0;48;78;123;56;113;92
10506.0;47;78;123;56;113;93
10512.0;47;78;124;55;112;94
10518.0;47;78;124;55;112;94
10524.0;47;78;124;55;112;94
10530.0;45;78;123;55;113;96
10536.0;45;78;123;55;113;96
10542.0;45;78;123;55;113;96
10548.0;45;78;123;55;113;96
10554.0;45;79;123;54;113;96
10560.0;45;79;124;54;113;95
10566.0;46;79;125;54;113;93
10572.0;46;80;125;54;113;92
10578.0;46;80;125;54;113;92
10584.0;46;80;125;54;113;92
10590.0;46;79;127;54;113;91
10596.0;46;80;125;54;114;91
10602.0;46;80;125;54;114;91
10608.0;45;81;125;54;114;91
10614.0;45;79;125;55;115;91
10620.0;45;79;124;55;115;92
10626.0;44;79;123;54;117;93
10632.0;43;78;122;57;117;93
10638.0;42;79;122;57;117;93
10644.0;42;79;122;57;117;93
10650.0;42;79;122;57;117;93
10656.0;42;79;122;56;118;93
10662.0;42;79;120;57;118;94
10668.0;42;79;120;57;118;94
10674.0;42;80;120;57;117;94
10680.0;44;79;119;56;117;95
10686.0;44;79;119;56;117;95
10692.0;44;79;119;56;118;94
10698.0;44;80;120;55;118;93
10704.0;44;80;120;55;118;93
10710.0;45;79;121;55;117;93
10716.0;45;79;121;55;117;93
10722.0;45;79;121;55;117;93
10728.0;46;79;121;55;116;93
10734.0;46;80;121;55;115;93
10740.0;45;80;122;55;115;93
10746.0;45;80;121;55;116;93
10752.0;45;81;121;55;116;92
10758.0;45;82;121;55;115;92
10764.0;45;82;121;57;114;91
10770.0;45;81;122;57;114;91
10776.0;45;82;121;57;114;91
10782.0;45;81;121;57;113;93
10788.0;45;82;120;56;113;94
10794.0;45;82;120;56;113;94
