#auto generated file!
12.0;105;106;98;100;105;98
18.0;105;105;98;101;105;98
24.0;105;105;98;100;106;98
30.0;105;105;98;100;106;98
36.0;106;105;98;100;105;98
42.0;106;105;98;100;105;98
48.0;105;105;98;100;105;99
54.0;103;105;99;101;105;99
60.0;103;106;98;101;105;99
66.0;103;106;98;101;105;99
72.0;102;107;98;101;105;99
78.0;101;107;99;101;105;99
84.0;100;107;100;101;105;99
90.0;99;108;100;101;105;99
96.0;99;108;100;100;105;100
102.0;99;107;99;100;105;102
108.0;99;107;98;100;105;103
114.0;99;107;98;100;105;103
120.0;98;107;98;100;106;103
126.0;97;107;100;99;106;103
132.0;97;107;100;99;106;103
138.0;97;107;100;99;106;103
144.0;98;107;100;98;106;103
150.0;98;108;102;97;105;102
156.0;97;107;104;96;104;104
162.0;98;107;105;96;102;104
168.0;98;107;105;96;102;104
174.0;97;107;106;96;102;104
180.0;97;106;106;97;102;104
186.0;96;107;106;97;102;104
192.0;97;106;106;97;102;104
198.0;97;106;106;97;102;104
204.0;97;107;106;97;101;104
210.0;98;107;105;97;101;104
216.0;98;107;105;98;101;103
222.0;99;107;105;97;101;103
228.0;99;106;106;97;101;103
234.0;98;106;106;97;101;104
240.0;98;106;106;97;101;104
246.0;98;105;107;98;102;102
252.0;98;103;107;98;103;103
258.0;98;103;107;98;102;104
264.0;98;103;107;98;102;104
270.0;99;103;107;98;101;104
276.0;98;103;107;98;101;105
282.0;97;103;107;99;101;105
288.0;96;103;108;99;101;105
294.0;96;103;108;99;101;105
300.0;96;103;108;99;100;106
306.0;94;104;109;99;100;106
312.0;93;103;109;100;100;107
318.0;94;102;109;100;100;107
324.0;94;102;107;101;101;107
330.0;93;102;108;101;101;107
336.0;90;103;110;101;101;107
342.0;89;104;110;100;102;107
348.0;90;103;110;100;102;107
354.0;90;103;110;100;102;107
360.0;90;103;110;100;102;107
366.0;89;103;110;101;102;107
372.0;89;103;110;100;103;107
378.0;89;104;110;99;104;106
384.0;89;103;109;100;104;107
390.0;89;102;110;100;104;107
396.0;88;102;110;101;104;107
402.0;88;103;111;100;103;107
408.0;88;103;111;100;103;107
414.0;89;103;112;99;103;106
420.0;88;103;112;100;103;106
426.0;87;103;112;99;104;107
432.0;87;104;112;98;105;106
438.0;88;104;111;98;105;106
444.0;89;104;111;97;105;106
450.0;89;103;112;97;105;106
456.0;89;104;112;96;106;105
462.0;88;105;112;96;106;105
468.0;87;105;112;95;107;106
474.0;87;105;112;94;108;106
480.0;85;106;113;94;108;106
486.0;85;107;113;92;109;106
492.0;86;107;112;92;110;105
498.0;85;108;111;92;110;106
504.0;85;108;111;92;110;106
510.0;85;108;111;91;110;107
516.0;86;107;111;91;110;107
522.0;86;107;110;91;110;108
528.0;86;107;111;92;109;107
534.0;86;107;111;92;109;107
540.0;85;107;111;93;109;107
546.0;84;108;111;93;109;107
552.0;84;107;112;93;109;107
558.0;84;107;111;94;109;107
564.0;85;105;111;94;110;107
570.0;85;104;111;94;111;107
576.0;87;102;111;94;111;107
582.0;86;103;112;93;111;107
588.0;85;105;113;93;110;106
594.0;83;106;114;93;110;106
600.0;84;106;114;92;110;106
606.0;84;106;115;92;109;106
612.0;84;106;115;93;107;107
618.0;83;105;116;94;107;107
624.0;84;103;116;94;108;107
630.0;84;103;116;94;108;107
636.0;84;103;117;94;108;106
642.0;85;103;117;93;109;105
648.0;86;102;118;93;108;105
654.0;86;100;119;94;108;105
660.0;86;100;119;94;108;105
666.0;84;100;119;94;108;107
672.0;85;99;120;94;107;107
678.0;84;99;120;94;107;108
684.0;82;99;121;94;108;108
690.0;81;99;122;93;108;109
696.0;81;98;124;92;108;109
702.0;83;98;123;92;108;108
708.0;83;99;123;91;107;109
714.0;84;98;123;90;108;109
720.0;83;98;125;89;108;109
726.0;83;98;125;91;107;108
732.0;83;98;125;91;107;108
738.0;83;98;125;91;107;108
744.0;83;97;125;92;107;108
750.0;83;97;125;92;107;108
756.0;83;97;125;92;107;108
762.0;83;97;125;92;107;108
768.0;83;97;124;92;107;109
774.0;83;97;124;92;106;110
780.0;83;98;123;93;106;109
786.0;82;99;123;93;106;109
792.0;82;99;123;93;106;109
798.0;82;99;123;93;106;109
804.0;82;99;123;93;106;109
810.0;81;99;122;93;108;109
816.0;81;99;122;92;107;111
822.0;82;99;122;92;107;110
828.0;81;99;121;93;108;110
834.0;81;99;121;93;108;110
840.0;81;100;121;93;107;110
846.0;81;100;121;93;107;110
852.0;82;100;120;92;108;110
858.0;81;100;120;92;109;110
864.0;80;101;120;92;108;111
870.0;79;102;120;92;108;111
876.0;78;101;121;92;108;112
882.0;76;100;122;93;109;112
888.0;75;101;122;93;109;112
894.0;74;100;121;95;109;113
900.0;74;99;121;96;109;113
906.0;73;99;121;96;110;113
912.0;73;99;122;95;110;113
918.0;71;102;121;95;110;113
924.0;71;102;121;95;110;113
930.0;71;102;121;95;110;113
936.0;71;102;121;95;111;112
942.0;71;102;122;93;112;112
948.0;71;102;121;92;115;111
954.0;73;100;121;92;115;111
960.0;73;100;121;92;115;111
966.0;73;100;121;92;115;111
972.0;72;99;122;92;116;111
978.0;72;99;122;91;116;112
984.0;72;97;123;91;117;112
990.0;73;97;121;91;116;114
996.0;72;97;123;90;115;115
1002.0;72;96;122;91;115;116
1008.0;71;96;123;91;115;116
1014.0;72;97;123;91;114;115
1020.0;72;97;124;90;114;115
1026.0;72;97;123;90;115;115
1032.0;72;97;123;90;115;115
1038.0;72;98;123;90;115;114
1044.0;73;97;123;90;114;115
1050.0;73;97;124;90;113;115
1056.0;73;97;124;90;113;115
1062.0;72;97;124;90;114;115
1068.0;72;97;125;90;114;114
1074.0;71;98;125;89;114;115
1080.0;72;98;123;89;114;116
1086.0;72;98;123;89;114;116
1092.0;71;98;123;89;115;116
1098.0;71;98;124;89;115;115
1104.0;72;99;124;89;115;113
1110.0;72;99;124;89;115;113
1116.0;72;99;124;89;115;113
1122.0;72;98;125;88;116;113
1128.0;73;97;125;88;116;113
1134.0;72;96;126;88;117;113
1140.0;72;96;126;87;118;113
1146.0;72;96;128;86;117;113
1152.0;72;96;128;86;117;113
1158.0;72;96;127;86;117;114
1164.0;73;96;126;87;116;114
1170.0;73;96;126;87;116;114
1176.0;72;96;126;87;116;115
1182.0;72;96;126;87;116;115
1188.0;72;96;126;87;116;115
1194.0;71;97;126;87;117;114
1200.0;71;99;125;87;117;113
1206.0;71;99;125;87;118;112
1212.0;71;100;124;86;118;113
1218.0;69;100;125;87;118;113
1224.0;69;100;124;87;118;114
1230.0;70;99;124;87;118;114
1236.0;70;99;124;87;118;114
1242.0;70;99;124;87;117;115
1248.0;68;98;125;88;117;116
1254.0;68;98;125;88;117;116
1260.0;67;100;126;87;117;115
1266.0;67;100;127;86;117;115
1272.0;67;99;127;87;117;115
1278.0;68;99;127;87;116;115
1284.0;67;98;129;87;116;115
1290.0;67;97;129;87;116;116
1296.0;67;97;130;87;115;116
1302.0;66;99;129;87;115;116
1308.0;66;99;129;87;115;116
1314.0;66;98;129;87;115;117
1320.0;66;98;129;87;116;116
1326.0;66;97;130;87;116;116
1332.0;67;96;130;87;116;116
1338.0;67;96;130;87;116;116
1344.0;67;97;130;87;116;115
1350.0;69;97;129;87;115;115
1356.0;69;98;129;87;114;115
1362.0;68;98;129;86;114;117
1368.0;67;98;130;86;114;117
1374.0;67;98;130;86;114;117
1380.0;66;98;130;87;114;117
1386.0;66;98;132;86;114;116
1392.0;65;99;133;85;115;115
1398.0;66;100;133;84;115;114
1404.0;66;100;132;84;115;115
1410.0;66;99;132;84;115;116
1416.0;67;98;132;84;115;116
1422.0;67;98;132;84;114;117
1428.0;67;98;132;84;114;117
1434.0;68;98;132;84;113;117
1440.0;68;98;132;84;113;117
1446.0;68;98;132;84;113;117
1452.0;68;98;132;84;113;117
1458.0;68;98;132;85;112;117
1464.0;67;98;132;85;113;117
1470.0;67;97;133;85;113;117
1476.0;67;97;134;84;113;117
1482.0;66;98;134;84;113;117
1488.0;66;98;134;84;113;117
1494.0;66;98;134;84;113;117
1500.0;66;96;135;84;114;117
1506.0;66;96;137;84;112;117
1512.0;66;96;137;84;112;117
1518.0;65;96;137;86;112;116
1524.0;65;96;137;86;112;116
1530.0;63;98;137;86;112;116
1536.0;63;98;137;85;113;116
1542.0;63;98;137;85;113;116
1548.0;64;98;137;85;114;114
1554.0;63;98;137;85;115;114
1560.0;63;98;137;85;115;114
1566.0;64;98;136;85;115;114
1572.0;65;97;136;85;115;114
1578.0;65;97;136;85;116;113
1584.0;65;96;136;86;116;113
1590.0;65;96;136;87;115;113
1596.0;64;97;135;87;115;114
1602.0;64;97;135;87;115;114
1608.0;62;97;137;87;115;114
1614.0;62;97;136;87;115;115
1620.0;63;96;136;87;116;114
1626.0;63;96;136;87;117;113
1632.0;64;95;136;86;117;114
1638.0;64;95;136;86;117;114
1644.0;65;95;135;86;117;114
1650.0;65;95;136;86;117;113
1656.0;63;94;136;87;118;114
1662.0;63;94;136;87;119;113
1668.0;63;92;136;87;120;114
1674.0;63;92;135;88;120;114
1680.0;64;91;136;88;120;113
1686.0;64;92;136;87;120;113
1692.0;61;93;136;88;120;114
1698.0;60;93;137;88;120;114
1704.0;60;93;137;88;120;114
1710.0;59;93;138;88;120;114
1716.0;60;93;138;88;120;113
1722.0;60;93;138;87;120;114
1728.0;60;93;138;87;120;114
1734.0;61;93;138;86;121;113
1740.0;62;92;138;85;121;114
1746.0;63;93;138;85;121;112
1752.0;61;94;138;85;121;113
1758.0;61;94;138;84;122;113
1764.0;59;95;137;85;123;113
1770.0;58;94;137;85;123;115
1776.0;58;94;137;85;123;115
1782.0;58;94;138;84;123;115
1788.0;58;92;140;83;123;116
1794.0;58;92;140;83;123;116
1800.0;59;92;139;83;123;116
1806.0;60;92;139;83;123;115
1812.0;60;91;139;84;123;115
1818.0;60;91;139;84;123;115
1824.0;60;90;138;86;123;115
1830.0;60;91;138;86;123;114
1836.0;61;91;137;85;123;115
1842.0;62;90;137;85;123;115
1848.0;61;89;137;87;123;115
1854.0;61;89;137;88;122;115
1860.0;60;89;138;87;122;116
1866.0;60;89;139;87;120;117
1872.0;60;89;139;87;120;117
1878.0;60;89;140;86;120;117
1884.0;59;89;141;86;118;119
1890.0;59;89;141;86;118;119
1896.0;60;90;140;86;118;118
1902.0;59;90;141;86;118;118
1908.0;59;90;140;87;118;118
1914.0;60;90;140;88;118;116
1920.0;61;89;141;88;118;115
1926.0;61;89;141;88;118;115
1932.0;61;89;141;88;118;115
1938.0;61;88;141;88;118;116
1944.0;61;88;141;88;118;116
1950.0;60;89;141;88;118;116
1956.0;60;88;141;89;118;116
1962.0;59;88;141;89;119;116
1968.0;59;87;141;89;121;115
1974.0;59;87;142;89;121;114
1980.0;59;88;141;89;121;114
1986.0;59;88;141;89;121;114
1992.0;61;87;140;89;122;113
1998.0;60;87;140;91;122;112
2004.0;60;88;140;90;122;112
2010.0;60;88;141;90;121;112
2016.0;60;88;140;91;121;112
2022.0;60;88;140;91;121;112
2028.0;60;89;140;90;121;112
2034.0;60;89;140;89;122;112
2040.0;61;89;141;89;120;112
2046.0;60;89;140;89;121;113
2052.0;61;89;140;89;121;112
2058.0;61;89;141;89;121;111
2064.0;61;89;141;89;121;111
2070.0;61;89;141;89;121;111
2076.0;60;89;139;90;123;111
2082.0;60;88;138;92;123;111
2088.0;62;87;139;91;123;110
2094.0;62;87;139;91;123;110
2100.0;62;87;138;92;123;110
2106.0;62;86;138;92;123;111
2112.0;63;86;137;92;123;111
2118.0;63;87;137;92;122;111
2124.0;63;87;136;92;122;112
2130.0;63;86;135;93;123;112
2136.0;64;86;135;94;121;112
2142.0;64;85;137;93;121;112
2148.0;64;84;135;96;122;111
2154.0;64;84;135;96;122;111
2160.0;65;82;135;96;122;112
2166.0;66;82;134;96;122;112
2172.0;65;83;135;95;122;112
2178.0;65;83;135;95;122;112
2184.0;65;83;135;95;122;112
2190.0;67;84;135;96;121;109
2196.0;67;84;134;97;121;109
2202.0;65;85;135;97;121;109
2208.0;66;84;135;97;120;110
2214.0;66;84;135;96;121;110
2220.0;66;83;135;96;122;110
2226.0;67;82;135;95;122;111
2232.0;66;82;134;95;123;112
2238.0;66;82;134;95;123;112
2244.0;66;81;133;95;124;113
2250.0;67;80;133;95;124;113
2256.0;66;83;131;93;124;115
2262.0;66;83;130;95;123;115
2268.0;66;83;130;95;123;115
2274.0;66;84;129;95;122;116
2280.0;66;83;130;95;122;116
2286.0;66;83;130;96;122;115
2292.0;65;84;129;95;123;116
2298.0;65;84;129;95;123;116
2304.0;65;83;129;95;123;117
2310.0;65;83;129;95;123;117
2316.0;67;83;128;95;122;117
2322.0;67;84;127;94;123;117
2328.0;67;84;127;94;123;117
2334.0;67;85;127;94;123;116
2340.0;67;85;127;94;123;116
2346.0;67;85;128;93;123;116
2352.0;66;85;128;93;123;117
2358.0;67;86;126;93;123;117
2364.0;67;84;126;94;124;117
2370.0;67;84;126;93;125;117
2376.0;67;84;126;93;125;117
2382.0;67;81;126;93;127;118
2388.0;67;81;125;94;127;118
2394.0;67;80;125;94;128;118
2400.0;65;81;125;94;129;118
2406.0;66;79;126;95;129;117
2412.0;66;79;126;94;129;118
2418.0;67;79;126;93;129;118
2424.0;67;80;126;91;129;119
2430.0;66;80;126;92;129;119
2436.0;66;80;127;92;129;118
2442.0;65;79;129;92;129;118
2448.0;65;77;129;93;129;119
2454.0;65;77;129;93;129;119
2460.0;65;77;131;92;128;119
2466.0;65;76;131;93;128;119
2472.0;65;76;131;94;128;118
2478.0;65;76;131;94;128;118
2484.0;63;76;132;93;128;120
2490.0;64;77;132;92;128;119
2496.0;63;77;131;93;128;120
2502.0;63;77;131;93;128;120
2508.0;63;77;131;93;128;120
2514.0;65;76;130;93;128;120
2520.0;63;76;130;94;129;120
2526.0;62;76;130;95;130;119
2532.0;61;76;130;95;132;118
2538.0;61;76;130;96;132;117
2544.0;61;76;129;96;131;119
2550.0;60;77;129;96;131;119
2556.0;60;77;129;96;131;119
2562.0;60;77;129;95;132;119
2568.0;60;77;128;95;132;120
2574.0;60;77;128;95;132;120
2580.0;60;77;128;95;132;120
2586.0;60;77;127;96;132;120
2592.0;60;77;127;96;132;120
2598.0;61;76;127;94;134;120
2604.0;61;76;126;94;135;120
2610.0;62;76;126;93;135;120
2616.0;62;77;125;93;135;120
2622.0;62;77;127;93;134;119
2628.0;62;77;126;95;133;119
2634.0;62;75;127;96;133;119
2640.0;62;75;127;96;132;120
2646.0;61;75;127;96;133;120
2652.0;61;75;128;95;133;120
2658.0;60;75;128;96;133;120
2664.0;60;76;126;97;133;120
2670.0;59;77;126;97;134;119
2676.0;59;77;125;96;135;120
2682.0;59;77;125;96;135;120
2688.0;59;78;125;96;134;120
2694.0;59;78;125;95;134;121
2700.0;60;78;125;95;133;121
2706.0;60;78;125;95;133;121
2712.0;59;78;125;96;132;122
2718.0;59;76;126;96;132;123
2724.0;59;76;126;96;132;123
2730.0;61;76;126;96;132;121
2736.0;61;76;126;96;132;121
2742.0;61;76;126;96;132;121
2748.0;61;77;125;96;132;121
2754.0;63;77;125;96;133;118
2760.0;63;78;125;94;135;117
2766.0;63;78;125;95;135;116
2772.0;63;78;125;95;135;116
2778.0;63;78;125;95;135;116
2784.0;63;77;125;95;135;117
2790.0;63;77;125;95;136;116
2796.0;63;77;125;94;137;116
2802.0;63;77;125;94;137;116
2808.0;63;78;125;92;138;116
2814.0;62;78;126;91;139;116
2820.0;62;78;126;91;140;115
2826.0;62;78;126;91;140;115
2832.0;61;78;126;91;139;117
2838.0;61;78;126;91;139;117
2844.0;61;78;126;91;139;117
2850.0;61;79;125;91;139;117
2856.0;62;78;124;91;140;117
2862.0;62;78;125;90;140;117
2868.0;61;78;125;90;141;117
2874.0;61;78;126;90;141;116
2880.0;61;78;126;90;141;116
2886.0;59;77;126;91;144;115
2892.0;59;76;126;92;142;117
2898.0;59;76;125;92;142;118
2904.0;59;75;125;92;143;118
2910.0;59;74;125;93;143;118
2916.0;59;73;126;93;143;118
2922.0;59;71;126;94;143;119
2928.0;59;71;127;94;142;119
2934.0;61;70;127;93;142;119
2940.0;61;70;127;93;142;119
2946.0;61;70;126;92;143;120
2952.0;61;70;126;92;144;119
2958.0;61;69;127;93;144;118
2964.0;61;69;127;95;142;118
2970.0;63;69;125;96;141;118
2976.0;62;69;124;96;143;118
2982.0;63;68;123;96;143;119
2988.0;63;70;123;96;142;118
2994.0;63;70;123;96;142;118
3000.0;63;69;124;96;142;118
3006.0;61;69;124;96;144;118
3012.0;62;68;123;96;144;119
3018.0;62;69;122;97;144;118
3024.0;62;70;121;96;145;118
3030.0;63;69;122;96;145;117
3036.0;63;69;122;96;145;117
3042.0;62;69;123;96;145;117
3048.0;62;69;123;96;145;117
3054.0;61;69;122;98;145;117
3060.0;61;69;122;99;145;116
3066.0;61;69;122;99;146;115
3072.0;60;69;121;100;147;115
3078.0;59;69;123;100;147;114
3084.0;61;69;122;101;146;113
3090.0;59;70;122;102;146;113
3096.0;59;70;122;102;146;113
3102.0;58;71;122;102;146;113
3108.0;59;69;122;104;145;113
3114.0;60;69;121;104;144;114
3120.0;60;69;122;103;144;114
3126.0;60;69;121;104;144;114
3132.0;62;69;122;103;143;113
3138.0;62;69;122;103;143;113
3144.0;62;69;123;102;143;113
3150.0;62;69;122;102;143;114
3156.0;62;69;123;102;142;114
3162.0;61;69;124;102;141;115
3168.0;61;69;124;102;141;115
3174.0;61;69;124;102;141;115
3180.0;61;69;124;103;140;115
3186.0;62;70;124;103;139;114
3192.0;64;71;122;102;139;114
3198.0;64;72;122;100;139;115
3204.0;65;72;122;100;138;115
3210.0;65;72;122;100;138;115
3216.0;65;72;122;100;138;115
3222.0;63;73;123;101;136;116
3228.0;63;73;122;102;136;116
3234.0;63;73;122;102;136;116
3240.0;63;75;121;101;136;116
3246.0;63;75;120;102;137;115
3252.0;64;75;119;102;137;115
3258.0;65;76;119;101;137;114
3264.0;64;76;119;101;138;114
3270.0;64;77;120;99;139;113
3276.0;64;78;120;98;139;113
3282.0;64;79;119;97;139;114
3288.0;64;78;120;98;138;114
3294.0;64;79;119;98;137;115
3300.0;63;79;119;98;138;115
3306.0;63;79;119;98;138;115
3312.0;62;79;120;98;137;116
3318.0;62;80;120;98;137;115
3324.0;64;81;120;98;135;114
3330.0;64;80;123;99;132;114
3336.0;64;80;122;99;132;115
3342.0;64;81;122;99;131;115
3348.0;65;81;122;98;131;115
3354.0;64;81;123;99;130;115
3360.0;64;81;123;99;130;115
3366.0;63;81;124;99;130;115
3372.0;63;81;124;98;130;116
3378.0;64;81;124;98;130;115
3384.0;64;81;125;98;129;115
3390.0;67;81;126;96;128;114
3396.0;67;81;126;96;128;114
3402.0;68;81;125;96;128;114
3408.0;67;82;125;95;129;114
3414.0;67;83;124;94;130;114
3420.0;66;83;124;94;130;115
3426.0;66;82;125;94;130;115
3432.0;66;83;125;93;130;115
3438.0;66;82;126;93;130;115
3444.0;66;82;125;94;131;114
3450.0;67;82;124;94;131;114
3456.0;66;84;124;93;131;114
3462.0;66;84;124;93;131;114
3468.0;65;84;124;92;132;115
3474.0;66;85;124;91;131;115
3480.0;67;85;124;91;130;115
3486.0;67;85;124;91;130;115
3492.0;67;86;124;91;129;115
3498.0;66;86;124;91;129;116
3504.0;66;85;124;91;129;117
3510.0;67;85;123;91;128;118
3516.0;67;86;123;90;128;118
3522.0;67;86;125;88;127;119
3528.0;68;86;125;88;127;118
3534.0;67;87;125;88;127;118
3540.0;66;88;126;88;127;117
3546.0;65;88;127;88;128;116
3552.0;65;88;128;88;126;117
3558.0;65;88;128;88;126;117
3564.0;67;89;125;88;126;117
3570.0;67;89;126;88;125;117
3576.0;65;90;126;90;124;117
3582.0;65;90;126;90;124;117
3588.0;65;90;126;90;124;117
3594.0;65;90;126;90;124;117
3600.0;64;90;126;91;124;117
3606.0;62;90;126;92;124;118
3612.0;61;90;126;93;124;118
3618.0;62;90;126;93;124;117
3624.0;62;90;126;93;124;117
3630.0;62;91;126;92;124;117
3636.0;62;91;126;91;125;117
3642.0;62;89;127;91;125;118
3648.0;62;89;128;90;125;118
3654.0;62;91;128;90;124;117
3660.0;62;93;127;88;124;118
3666.0;60;94;127;88;125;118
3672.0;60;94;127;87;126;118
3678.0;60;93;126;88;127;118
3684.0;60;93;126;88;127;118
3690.0;60;93;127;88;126;118
3696.0;60;93;127;88;126;118
3702.0;60;93;126;89;126;118
3708.0;60;93;126;88;126;119
3714.0;60;93;127;88;126;118
3720.0;60;92;128;88;125;119
3726.0;59;93;128;88;126;118
3732.0;59;93;127;89;126;118
3738.0;57;93;127;90;126;119
3744.0;56;93;127;91;126;119
3750.0;55;93;128;91;126;119
3756.0;56;93;130;91;124;118
3762.0;56;93;130;91;124;118
3768.0;56;93;130;91;124;118
3774.0;55;93;131;91;124;118
3780.0;55;93;131;91;124;118
3786.0;55;94;131;90;124;118
3792.0;56;93;131;90;124;118
3798.0;55;96;130;89;125;117
3804.0;55;95;131;89;125;117
3810.0;54;97;131;89;124;117
3816.0;54;97;131;90;124;116
3822.0;54;97;131;90;124;116
3828.0;54;97;131;90;124;116
3834.0;54;97;131;90;125;115
3840.0;54;96;131;91;124;116
3846.0;54;97;131;91;123;116
3852.0;52;98;132;91;123;116
3858.0;52;97;133;91;123;116
3864.0;53;97;133;90;123;116
3870.0;52;96;132;90;124;118
3876.0;52;97;131;90;124;118
3882.0;52;99;131;87;124;119
3888.0;51;99;130;88;125;119
3894.0;50;100;130;88;125;119
3900.0;50;100;130;88;125;119
3906.0;50;99;131;89;124;119
3912.0;50;98;131;90;124;119
3918.0;50;98;131;90;124;119
3924.0;51;98;130;90;124;119
3930.0;51;98;130;91;123;119
3936.0;51;98;130;91;123;119
3942.0;51;99;130;91;122;119
3948.0;51;99;132;92;120;118
3954.0;52;98;132;92;120;118
3960.0;51;98;132;92;121;118
3966.0;53;97;133;92;119;118
3972.0;53;97;133;92;119;118
3978.0;53;97;133;92;119;118
3984.0;52;97;134;92;119;118
3990.0;51;98;133;92;118;120
3996.0;51;98;134;92;117;120
4002.0;50;98;134;92;117;121
4008.0;50;98;134;92;117;121
4014.0;50;100;132;92;117;121
4020.0;50;99;133;92;117;121
4026.0;52;99;132;92;116;121
4032.0;53;98;133;91;116;121
4038.0;52;97;133;92;117;121
4044.0;52;97;133;92;117;121
4050.0;52;97;134;91;118;120
4056.0;52;97;133;91;118;121
4062.0;52;97;133;91;118;121
4068.0;52;97;134;91;117;121
4074.0;51;96;134;92;117;122
4080.0;51;96;134;92;117;122
4086.0;51;96;134;92;117;122
4092.0;52;95;133;93;118;121
4098.0;51;96;134;93;118;120
4104.0;53;96;133;93;118;119
4110.0;54;95;133;93;117;120
4116.0;54;94;134;92;118;120
4122.0;53;94;134;92;118;121
4128.0;52;95;135;91;118;121
4134.0;51;94;134;92;119;122
4140.0;50;94;134;92;119;123
4146.0;51;94;133;93;118;123
4152.0;50;94;132;94;119;123
4158.0;50;94;132;94;119;123
4164.0;51;93;132;94;119;123
4170.0;51;92;134;94;118;123
4176.0;51;93;134;94;116;124
4182.0;51;94;134;96;115;122
4188.0;51;93;134;97;115;122
4194.0;52;94;135;96;114;121
4200.0;51;93;136;97;113;122
4206.0;50;92;138;97;113;122
4212.0;50;92;138;97;113;122
4218.0;51;91;138;96;113;123
4224.0;49;91;140;96;113;123
4230.0;49;91;140;96;113;123
4236.0;49;91;140;96;113;123
4242.0;49;91;139;96;113;124
4248.0;49;91;139;96;113;124
4254.0;49;91;139;97;113;123
4260.0;48;91;138;98;113;124
4266.0;48;91;138;98;113;124
4272.0;49;91;138;97;113;124
4278.0;49;92;138;96;113;124
4284.0;49;92;137;97;113;124
4290.0;50;90;136;97;115;124
4296.0;50;90;135;97;116;124
4302.0;50;89;135;97;115;126
4308.0;50;89;136;97;115;125
4314.0;50;89;136;97;115;125
4320.0;49;89;136;98;115;125
4326.0;50;89;134;98;115;126
4332.0;49;90;134;98;115;126
4338.0;49;90;135;98;114;126
4344.0;49;90;135;98;114;126
4350.0;49;91;136;98;114;124
4356.0;49;91;136;98;114;124
4362.0;49;92;135;97;115;124
4368.0;48;91;134;96;116;127
4374.0;47;90;135;95;118;127
4380.0;47;90;135;95;118;127
4386.0;47;90;134;95;117;129
4392.0;47;90;135;94;117;129
4398.0;47;90;135;94;117;129
4404.0;46;91;134;94;118;129
4410.0;47;92;134;93;117;129
4416.0;46;92;135;93;118;128
4422.0;46;92;135;93;118;128
4428.0;47;92;135;93;118;127
4434.0;47;92;136;93;117;127
4440.0;47;93;135;93;117;127
4446.0;47;92;136;92;119;126
4452.0;47;92;136;92;119;126
4458.0;49;91;136;91;119;126
4464.0;48;91;136;91;119;127
4470.0;49;91;136;91;119;126
4476.0;50;90;136;91;119;126
4482.0;50;91;135;91;119;126
4488.0;50;91;135;91;119;126
4494.0;50;91;135;91;119;126
4500.0;50;91;134;91;120;126
4506.0;51;90;135;91;118;127
4512.0;51;91;134;91;118;127
4518.0;51;91;135;90;118;127
4524.0;51;92;134;90;119;126
4530.0;52;91;134;90;119;126
4536.0;53;90;133;90;119;127
4542.0;55;90;132;90;119;126
4548.0;55;90;133;89;119;126
4554.0;55;89;133;90;119;126
4560.0;55;89;133;89;119;127
4566.0;55;88;132;89;121;127
4572.0;54;89;132;89;121;127
4578.0;54;89;131;89;121;128
4584.0;54;89;132;89;121;127
4590.0;53;89;133;89;121;127
4596.0;53;89;133;89;120;128
4602.0;53;89;132;90;120;128
4608.0;52;91;132;89;120;128
4614.0;51;91;134;89;119;128
4620.0;51;90;135;90;118;128
4626.0;52;90;135;91;116;128
4632.0;52;90;135;91;116;128
4638.0;52;90;135;91;115;129
4644.0;51;89;137;91;115;129
4650.0;51;89;137;91;115;129
4656.0;51;89;138;91;114;129
4662.0;51;89;139;90;114;129
4668.0;51;89;139;90;114;129
4674.0;50;89;139;91;113;130
4680.0;50;89;140;91;113;129
4686.0;49;89;139;92;114;129
4692.0;49;89;139;92;114;129
4698.0;48;89;138;93;114;130
4704.0;48;90;138;91;114;131
4710.0;48;90;137;91;115;131
4716.0;48;91;137;91;115;130
4722.0;49;91;136;91;115;130
4728.0;51;91;136;91;114;129
4734.0;52;91;136;90;114;129
4740.0;51;91;136;91;115;128
4746.0;51;91;136;90;116;128
4752.0;51;91;136;90;116;128
4758.0;51;91;137;90;116;127
4764.0;51;90;138;90;116;127
4770.0;51;90;138;90;116;127
4776.0;51;90;138;91;115;127
4782.0;51;90;138;91;116;126
4788.0;51;89;138;92;116;126
4794.0;50;90;137;93;117;125
4800.0;50;90;138;92;117;125
4806.0;50;91;138;91;117;125
4812.0;51;91;137;91;117;125
4818.0;52;91;137;91;116;125
4824.0;52;90;137;91;116;126
4830.0;52;89;137;92;115;127
4836.0;51;89;137;92;116;127
4842.0;50;89;136;92;117;128
4848.0;50;87;138;92;118;127
4854.0;49;88;139;91;118;127
4860.0;49;88;140;91;117;127
4866.0;49;88;140;91;117;127
4872.0;49;88;140;91;117;127
4878.0;50;89;139;91;116;127
4884.0;50;90;138;91;116;127
4890.0;50;91;137;91;116;127
4896.0;50;91;137;89;117;128
4902.0;50;91;137;89;117;128
4908.0;50;91;137;89;117;128
4914.0;50;91;137;89;117;128
4920.0;51;92;137;88;117;127
4926.0;51;92;137;88;118;126
4932.0;52;93;136;88;117;126
4938.0;52;93;136;88;117;126
4944.0;52;92;136;88;119;125
4950.0;53;92;135;88;119;125
4956.0;53;91;135;88;119;126
4962.0;53;91;135;88;119;126
4968.0;53;91;135;88;119;126
4974.0;53;92;135;86;119;127
4980.0;52;91;136;87;119;127
4986.0;53;91;135;87;119;127
4992.0;53;91;136;87;119;126
4998.0;54;92;134;87;119;126
5004.0;54;92;134;87;119;126
5010.0;52;95;134;87;120;124
5016.0;52;95;134;87;120;124
5022.0;51;95;134;87;121;124
5028.0;50;95;135;86;122;124
5034.0;50;95;136;85;122;124
5040.0;49;96;136;85;122;124
5046.0;48;97;136;84;122;125
5052.0;47;95;136;85;121;128
5058.0;47;95;136;84;122;128
5064.0;47;95;136;84;122;128
5070.0;47;95;136;84;122;128
5076.0;47;95;136;84;122;128
5082.0;47;95;136;83;122;129
5088.0;47;95;136;83;122;129
5094.0;46;96;136;83;122;129
5100.0;46;96;135;84;122;129
5106.0;46;95;135;84;122;130
5112.0;47;94;135;83;121;132
5118.0;48;93;135;82;121;133
5124.0;48;94;136;81;120;133
5130.0;48;94;136;81;120;133
5136.0;49;94;135;82;121;131
5142.0;49;94;135;82;121;131
5148.0;49;93;134;82;121;133
5154.0;49;94;134;81;121;133
5160.0;49;94;135;80;121;133
5166.0;50;94;135;80;120;133
5172.0;50;93;135;80;120;134
5178.0;49;93;136;81;119;134
5184.0;50;92;136;81;119;134
5190.0;50;92;136;82;118;134
5196.0;50;92;136;82;118;134
5202.0;49;93;136;82;118;134
5208.0;49;93;136;82;118;134
5214.0;49;92;135;83;119;134
5220.0;49;92;135;83;119;134
5226.0;49;92;135;83;119;134
5232.0;49;92;135;82;118;136
5238.0;50;92;135;82;117;136
5244.0;49;91;137;82;117;136
5250.0;49;89;137;82;118;137
5256.0;49;87;137;82;119;138
5262.0;49;87;137;82;119;138
5268.0;50;87;137;82;118;138
5274.0;50;87;137;82;118;138
5280.0;50;87;137;82;118;138
5286.0;50;87;137;82;118;138
5292.0;50;87;137;81;119;138
5298.0;50;87;137;81;119;138
5304.0;50;87;137;81;119;138
5310.0;50;87;137;82;119;137
5316.0;50;87;137;82;118;138
5322.0;50;86;138;82;118;138
5328.0;50;86;138;82;118;138
5334.0;48;87;138;82;119;138
5340.0;48;87;138;82;119;138
5346.0;48;87;138;83;117;139
5352.0;48;87;138;84;117;138
5358.0;48;87;138;84;117;138
5364.0;48;87;137;85;116;139
5370.0;48;87;138;85;116;138
5376.0;48;87;138;85;116;138
5382.0;48;88;138;85;115;138
5388.0;48;88;138;85;115;138
5394.0;49;88;138;86;115;136
5400.0;48;89;138;86;115;136
5406.0;48;89;138;86;115;136
5412.0;48;89;138;87;115;135
5418.0;47;90;138;87;115;135
5424.0;47;91;137;87;115;135
5430.0;48;91;137;88;114;134
5436.0;48;92;137;88;114;133
5442.0;48;92;137;88;114;133
5448.0;48;91;137;88;115;133
5454.0;49;91;136;87;116;133
5460.0;50;91;137;87;115;132
5466.0;50;91;137;87;115;132
5472.0;50;91;137;87;115;132
5478.0;50;92;136;87;115;132
5484.0;50;93;135;87;115;132
5490.0;51;92;134;87;115;133
5496.0;51;92;134;88;115;132
5502.0;50;93;134;88;115;132
5508.0;49;93;134;89;116;131
5514.0;49;94;134;88;115;132
5520.0;49;94;134;88;116;131
5526.0;49;94;134;88;116;131
5532.0;49;94;136;87;115;131
5538.0;49;94;137;87;114;131
5544.0;49;94;137;88;113;131
5550.0;49;93;137;89;113;131
5556.0;49;94;137;88;113;131
5562.0;49;93;138;89;113;130
5568.0;49;93;138;89;113;130
5574.0;49;93;138;89;113;130
5580.0;50;92;138;89;113;130
5586.0;52;92;136;89;113;130
5592.0;52;92;138;90;113;127
5598.0;51;92;138;90;113;128
5604.0;51;90;139;90;114;128
5610.0;52;91;139;89;113;128
5616.0;52;91;139;89;113;128
5622.0;54;92;139;88;111;128
5628.0;54;92;139;88;111;128
5634.0;55;91;140;88;110;128
5640.0;55;91;140;89;108;129
5646.0;55;91;140;88;108;130
5652.0;55;91;140;88;108;130
5658.0;55;93;138;89;108;129
5664.0;55;93;138;89;108;129
5670.0;55;91;138;89;109;130
5676.0;55;91;137;89;110;130
5682.0;54;91;137;89;111;130
5688.0;53;91;137;91;111;129
5694.0;53;90;137;91;112;129
5700.0;54;90;137;90;112;129
5706.0;54;90;137;89;113;129
5712.0;54;90;137;89;113;129
5718.0;54;90;137;89;113;129
5724.0;54;90;137;89;113;129
5730.0;54;88;138;89;114;129
5736.0;54;88;138;89;114;129
5742.0;54;88;138;89;114;129
5748.0;54;88;137;89;114;130
5754.0;55;87;137;91;113;129
5760.0;55;87;136;92;114;128
5766.0;54;87;137;92;114;128
5772.0;54;87;137;92;114;128
5778.0;53;87;136;93;113;130
5784.0;52;88;136;93;113;130
5790.0;51;88;136;93;113;131
5796.0;51;88;136;93;112;132
5802.0;52;88;136;92;112;132
5808.0;51;88;137;92;112;132
5814.0;52;88;137;91;112;132
5820.0;51;88;138;92;111;132
5826.0;51;89;138;92;111;131
5832.0;49;90;140;92;111;130
5838.0;49;90;140;92;111;130
5844.0;48;90;138;90;114;132
5850.0;47;90;138;90;114;133
5856.0;45;92;138;91;114;132
5862.0;45;92;138;90;114;133
5868.0;44;91;138;91;115;133
5874.0;45;90;138;91;115;133
5880.0;46;90;138;91;114;133
5886.0;47;90;138;91;113;133
5892.0;50;90;138;91;112;131
5898.0;50;90;138;90;113;131
5904.0;50;90;138;90;113;131
5910.0;52;90;136;90;112;132
5916.0;52;90;136;89;112;133
5922.0;51;91;137;89;112;132
5928.0;51;91;137;89;112;132
5934.0;50;91;137;90;112;132
5940.0;50;91;138;89;112;132
5946.0;51;90;138;89;112;132
5952.0;51;90;138;88;112;133
5958.0;53;90;137;87;112;133
5964.0;52;90;137;88;112;133
5970.0;52;91;137;88;112;132
5976.0;52;91;137;88;112;132
5982.0;52;91;137;88;112;132
5988.0;52;91;137;87;114;131
5994.0;52;91;137;87;114;131
6000.0;53;91;138;87;114;129
6006.0;53;92;138;86;114;129
6012.0;53;92;138;86;114;129
6018.0;52;92;139;86;113;130
6024.0;53;93;139;85;113;129
6030.0;53;93;137;86;114;129
6036.0;53;93;137;87;114;128
6042.0;53;93;137;87;113;129
6048.0;53;93;137;87;113;129
6054.0;52;93;137;87;114;129
6060.0;52;93;137;87;114;129
6066.0;52;93;137;87;114;129
6072.0;52;93;138;87;113;129
6078.0;53;92;137;88;113;129
6084.0;54;90;138;89;113;128
6090.0;54;90;138;89;114;127
6096.0;54;90;138;89;114;127
6102.0;55;90;138;88;115;126
6108.0;55;90;138;88;115;126
6114.0;56;90;137;88;115;126
6120.0;56;89;140;87;115;125
6126.0;57;89;140;86;115;125
6132.0;58;88;141;86;116;123
6138.0;58;88;141;86;116;123
6144.0;57;87;142;85;117;124
6150.0;56;87;142;85;117;125
6156.0;55;88;142;85;117;125
6162.0;54;88;143;85;117;125
6168.0;54;87;143;85;118;125
6174.0;54;88;144;85;118;123
6180.0;54;88;144;85;118;123
6186.0;55;87;144;86;118;122
6192.0;54;87;144;86;119;122
6198.0;55;86;143;87;120;121
6204.0;55;85;143;88;121;120
6210.0;55;85;143;87;121;121
6216.0;57;85;142;87;120;121
6222.0;58;85;142;87;121;119
6228.0;58;85;142;87;121;119
6234.0;58;85;141;87;121;120
6240.0;57;85;142;87;121;120
6246.0;58;84;142;87;121;120
6252.0;60;83;142;85;122;120
6258.0;60;83;141;85;123;120
6264.0;61;83;141;84;123;120
6270.0;61;84;141;84;123;119
6276.0;61;84;141;84;123;119
6282.0;61;84;142;83;123;119
6288.0;61;84;142;83;123;119
6294.0;61;84;142;83;123;119
6300.0;61;83;142;83;124;119
6306.0;62;84;142;83;124;117
6312.0;60;84;142;83;125;118
6318.0;60;85;143;81;125;118
6324.0;60;85;142;81;125;119
6330.0;61;85;142;81;124;119
6336.0;60;85;143;81;124;119
6342.0;60;85;141;81;125;120
6348.0;60;86;140;82;124;120
6354.0;60;85;140;82;125;120
6360.0;60;85;140;82;125;120
6366.0;60;86;140;82;125;119
6372.0;60;86;139;82;125;120
6378.0;58;87;140;82;125;120
6384.0;56;87;141;83;125;120
6390.0;55;87;141;84;125;120
6396.0;54;88;141;84;125;120
6402.0;55;88;141;85;125;118
6408.0;54;86;141;87;125;119
6414.0;53;84;142;87;125;121
6420.0;53;84;141;87;125;122
6426.0;53;85;141;86;125;122
6432.0;52;85;141;86;126;122
6438.0;52;85;141;86;126;122
6444.0;52;84;141;86;125;124
6450.0;52;85;141;85;125;124
6456.0;53;83;141;85;125;125
6462.0;53;83;141;84;126;125
6468.0;53;83;142;84;125;125
6474.0;53;82;142;84;126;125
6480.0;54;82;141;84;126;125
6486.0;54;83;140;84;126;125
6492.0;55;83;138;84;127;125
6498.0;56;83;138;84;126;125
6504.0;56;83;138;84;126;125
6510.0;56;84;137;86;125;124
6516.0;55;84;137;86;125;125
6522.0;55;85;137;86;124;125
6528.0;54;85;138;85;124;126
6534.0;55;85;138;85;124;125
6540.0;55;86;138;85;123;125
6546.0;54;87;138;86;122;125
6552.0;54;88;138;85;121;126
6558.0;53;88;139;85;121;126
6564.0;53;89;138;86;120;126
6570.0;54;89;137;86;120;126
6576.0;54;89;137;86;120;126
6582.0;54;89;137;86;120;126
6588.0;54;89;138;86;121;124
6594.0;54;89;138;86;120;125
6600.0;54;90;139;85;121;123
6606.0;55;90;140;85;121;121
6612.0;55;90;141;84;121;121
6618.0;55;90;141;85;120;121
6624.0;54;90;141;86;120;121
6630.0;56;89;140;85;121;121
6636.0;56;89;140;84;122;121
6642.0;55;89;140;85;122;121
6648.0;54;89;140;86;122;121
6654.0;54;89;140;86;122;121
6660.0;54;89;140;86;122;121
6666.0;54;88;140;87;123;120
6672.0;53;88;140;87;124;120
6678.0;54;87;141;87;123;120
6684.0;54;87;141;87;122;121
6690.0;54;87;141;87;122;121
6696.0;54;86;142;87;122;121
6702.0;55;86;142;87;122;120
6708.0;53;86;142;88;122;121
6714.0;53;84;143;88;122;122
6720.0;53;82;143;89;122;123
6726.0;53;82;144;89;121;123
6732.0;54;81;144;89;121;123
6738.0;54;81;144;89;121;123
6744.0;55;81;144;88;121;123
6750.0;55;80;144;88;122;123
6756.0;56;80;144;88;122;122
6762.0;57;80;143;88;122;122
6768.0;57;80;143;88;122;122
6774.0;57;80;143;89;121;122
6780.0;55;82;142;90;121;122
6786.0;54;83;142;90;120;123
6792.0;54;84;141;91;120;122
6798.0;54;85;141;91;119;122
6804.0;54;84;141;92;119;122
6810.0;53;84;141;92;119;123
6816.0;53;83;141;93;118;124
6822.0;54;83;140;92;119;124
6828.0;54;83;140;93;118;124
6834.0;54;83;139;93;119;124
6840.0;54;83;140;92;119;124
6846.0;54;83;139;93;119;124
6852.0;53;83;139;92;119;126
6858.0;52;84;140;92;118;126
6864.0;53;85;140;91;117;126
6870.0;54;85;140;91;116;126
6876.0;53;85;141;90;117;126
6882.0;54;85;141;90;116;126
6888.0;53;87;140;90;117;125
6894.0;53;87;138;92;117;125
6900.0;53;87;138;93;117;124
6906.0;52;87;138;94;117;124
6912.0;53;86;138;94;117;124
6918.0;53;87;138;93;117;124
6924.0;53;87;138;92;118;124
6930.0;53;87;138;91;118;125
6936.0;53;86;137;93;118;125
6942.0;53;86;136;93;119;125
6948.0;53;86;136;92;120;125
6954.0;53;87;136;92;120;124
6960.0;54;87;135;93;118;125
6966.0;54;88;135;92;118;125
6972.0;54;89;135;93;117;124
6978.0;54;89;135;93;117;124
6984.0;54;89;133;94;117;125
6990.0;54;88;133;94;117;126
6996.0;54;88;133;94;117;126
7002.0;53;90;132;94;116;127
7008.0;53;90;133;94;115;127
7014.0;53;91;132;94;115;127
7020.0;53;90;133;94;115;127
7026.0;54;90;133;93;115;127
7032.0;54;90;133;93;115;127
7038.0;54;90;134;94;115;125
7044.0;55;89;135;94;116;123
7050.0;55;88;135;94;116;124
7056.0;55;88;135;96;116;122
7062.0;55;88;135;96;115;123
7068.0;55;88;136;96;115;122
7074.0;55;88;136;96;115;122
7080.0;55;88;136;96;115;122
7086.0;54;89;137;97;114;121
7092.0;54;89;137;97;114;121
7098.0;53;89;138;96;114;122
7104.0;54;90;137;96;114;121
7110.0;54;90;137;97;113;121
7116.0;55;89;137;98;113;120
7122.0;54;89;137;98;113;121
7128.0;51;90;137;98;115;121
7134.0;51;90;137;98;116;120
7140.0;52;89;137;98;116;120
7146.0;53;90;137;98;115;119
7152.0;53;90;137;99;114;119
7158.0;52;90;136;99;114;121
7164.0;52;89;136;99;114;122
7170.0;52;89;135;100;114;122
7176.0;52;90;135;100;115;120
7182.0;51;90;135;101;115;120
7188.0;51;89;135;101;117;119
7194.0;51;89;135;101;117;119
7200.0;51;88;135;101;118;119
7206.0;51;88;135;101;118;119
7212.0;50;88;134;103;119;118
7218.0;50;88;133;104;119;118
7224.0;50;88;132;104;119;119
7230.0;50;87;133;104;119;119
7236.0;50;87;133;105;118;119
7242.0;50;87;131;105;120;119
7248.0;50;87;131;105;121;118
7254.0;51;87;131;105;120;118
7260.0;51;87;131;105;120;118
7266.0;51;87;130;105;121;118
7272.0;51;88;130;105;120;118
7278.0;49;89;131;106;119;118
7284.0;49;89;131;106;119;118
7290.0;48;89;131;107;119;118
7296.0;49;89;130;108;118;118
7302.0;48;89;128;108;120;119
7308.0;48;89;128;108;120;119
7314.0;48;89;127;107;121;120
7320.0;49;91;126;106;121;119
7326.0;49;90;127;104;122;120
7332.0;49;91;127;103;122;120
7338.0;49;91;127;103;122;120
7344.0;49;91;126;103;122;121
7350.0;50;92;125;104;121;120
7356.0;50;93;125;104;121;119
7362.0;49;93;127;103;121;119
7368.0;49;93;128;102;121;119
7374.0;50;93;127;102;121;119
7380.0;50;93;127;102;121;119
7386.0;49;94;127;102;120;120
7392.0;49;93;127;103;120;120
7398.0;49;93;127;103;120;120
7404.0;49;92;128;103;120;120
7410.0;49;92;127;104;120;120
7416.0;50;92;126;104;120;120
7422.0;50;91;126;103;120;122
7428.0;50;92;127;102;120;121
7434.0;50;93;127;102;119;121
7440.0;49;93;126;104;119;121
7446.0;50;93;125;104;119;121
7452.0;50;92;126;104;119;121
7458.0;51;92;125;104;119;121
7464.0;51;93;125;103;119;121
7470.0;51;93;125;103;120;120
7476.0;51;94;125;103;120;119
7482.0;51;94;125;104;120;118
7488.0;50;95;125;106;120;116
7494.0;50;95;125;106;120;116
7500.0;50;95;126;105;120;116
7506.0;50;95;126;105;120;116
7512.0;50;95;125;105;120;117
7518.0;50;95;125;104;120;118
7524.0;50;95;125;104;120;118
7530.0;50;94;125;104;121;118
7536.0;50;94;125;103;120;120
7542.0;50;93;126;102;120;121
7548.0;49;92;126;103;120;122
7554.0;49;91;126;103;121;122
7560.0;49;91;126;103;122;121
7566.0;49;91;125;104;122;121
7572.0;49;90;126;104;121;122
7578.0;50;90;126;104;121;121
7584.0;50;89;126;105;120;122
7590.0;50;89;126;105;120;122
7596.0;50;89;127;104;120;122
7602.0;50;89;127;104;120;122
7608.0;49;89;127;104;121;122
7614.0;49;89;127;104;121;122
7620.0;49;89;126;105;121;122
7626.0;49;88;125;106;121;123
7632.0;49;87;125;106;122;123
7638.0;49;87;125;106;122;123
7644.0;50;86;126;106;122;122
7650.0;51;85;125;106;122;123
7656.0;52;85;125;105;122;123
7662.0;52;84;125;106;122;123
7668.0;52;84;125;106;122;123
7674.0;52;83;125;107;122;123
7680.0;52;83;125;108;121;123
7686.0;52;83;125;108;121;123
7692.0;52;83;125;108;121;123
7698.0;53;82;124;109;121;123
7704.0;53;82;123;110;121;123
7710.0;53;82;123;111;120;123
7716.0;53;82;122;110;121;124
7722.0;53;83;122;109;121;124
7728.0;52;83;122;108;122;125
7734.0;50;83;123;109;121;126
7740.0;50;83;123;109;120;127
7746.0;49;84;123;108;120;128
7752.0;49;84;123;108;120;128
7758.0;49;83;123;108;121;128
7764.0;49;83;123;108;120;129
7770.0;50;84;124;106;120;128
7776.0;50;86;124;105;119;128
7782.0;50;86;124;105;119;128
7788.0;50;86;124;105;119;128
7794.0;50;87;124;105;118;128
7800.0;49;87;124;105;119;128
7806.0;49;88;124;105;118;128
7812.0;49;87;124;106;118;128
7818.0;48;87;125;106;118;128
7824.0;49;87;125;106;118;127
7830.0;49;86;126;105;119;127
7836.0;49;88;126;104;119;126
7842.0;49;87;127;103;119;127
7848.0;49;87;127;103;119;127
7854.0;49;87;127;103;119;127
7860.0;49;87;128;104;119;125
7866.0;49;86;128;105;119;125
7872.0;49;87;128;105;118;125
7878.0;49;87;128;105;118;125
7884.0;49;86;129;105;118;125
7890.0;49;86;130;105;117;125
7896.0;49;85;131;105;118;124
7902.0;48;86;131;105;118;124
7908.0;48;86;132;105;117;124
7914.0;48;87;131;105;117;124
7920.0;49;87;131;104;117;124
7926.0;49;86;130;103;119;125
7932.0;49;86;130;103;118;126
7938.0;49;86;130;103;119;125
7944.0;49;86;130;104;119;124
7950.0;49;86;130;104;118;125
7956.0;49;86;130;104;118;125
7962.0;49;87;130;104;117;125
7968.0;50;86;130;104;117;125
7974.0;50;86;130;104;117;125
7980.0;50;86;131;104;118;123
7986.0;50;86;131;104;118;123
7992.0;50;86;131;104;118;123
7998.0;49;87;132;104;117;123
8004.0;49;88;132;103;116;124
8010.0;49;88;132;103;116;124
8016.0;49;88;133;103;115;124
8022.0;48;88;132;104;116;124
8028.0;48;88;132;104;116;124
8034.0;49;88;131;104;116;124
8040.0;49;88;131;104;116;124
8046.0;49;88;132;104;113;126
8052.0;49;88;132;104;112;127
8058.0;48;88;133;104;112;127
8064.0;48;88;133;104;112;127
8070.0;48;88;133;104;112;127
8076.0;49;88;132;101;114;128
8082.0;50;90;129;100;115;128
8088.0;49;90;129;98;117;129
8094.0;49;89;129;99;117;129
8100.0;49;89;128;101;116;129
8106.0;52;87;128;101;115;129
8112.0;52;87;128;101;115;129
8118.0;53;84;129;102;115;129
8124.0;53;85;128;102;115;129
8130.0;53;85;128;102;115;129
8136.0;53;85;128;101;116;129
8142.0;53;85;128;101;116;129
8148.0;53;85;128;101;116;129
8154.0;53;85;128;100;115;131
8160.0;53;85;128;100;115;131
8166.0;52;85;129;99;116;131
8172.0;51;84;129;101;115;132
8178.0;50;84;130;102;115;131
8184.0;51;84;130;102;114;131
8190.0;51;84;129;102;115;131
8196.0;51;84;129;102;115;131
8202.0;51;85;128;100;117;131
8208.0;51;85;128;100;117;131
8214.0;52;84;126;100;117;133
8220.0;52;84;126;99;118;133
8226.0;54;85;125;99;116;133
8232.0;53;83;126;100;116;134
8238.0;53;83;126;100;116;134
8244.0;53;83;126;101;115;134
8250.0;52;83;127;101;115;134
8256.0;53;82;127;101;115;134
8262.0;54;82;127;100;115;134
8268.0;53;81;129;101;117;131
8274.0;54;81;129;100;117;131
8280.0;54;80;129;99;118;132
8286.0;55;80;129;97;119;132
8292.0;55;80;129;97;119;132
8298.0;55;79;130;97;119;132
8304.0;56;79;130;97;119;131
8310.0;55;79;130;98;119;131
8316.0;54;79;130;99;119;131
8322.0;55;79;130;99;118;131
8328.0;58;79;128;98;118;131
8334.0;58;78;129;98;117;132
8340.0;60;77;131;97;117;130
8346.0;59;78;130;99;118;128
8352.0;59;79;129;101;117;127
8358.0;60;79;129;101;117;126
8364.0;59;79;129;101;117;127
8370.0;59;79;129;101;117;127
8376.0;62;78;128;101;118;125
8382.0;62;78;129;101;118;124
8388.0;62;77;129;101;119;124
8394.0;63;77;129;101;119;123
8400.0;63;77;130;100;119;123
8406.0;63;78;128;100;120;123
8412.0;63;78;127;101;120;123
8418.0;63;78;127;101;120;123
8424.0;60;79;128;101;121;123
8430.0;60;79;129;101;121;122
8436.0;60;79;129;101;121;122
8442.0;60;79;129;101;121;122
8448.0;59;79;130;101;120;123
8454.0;58;79;130;101;120;124
8460.0;58;79;130;101;120;124
8466.0;58;78;131;101;120;124
8472.0;58;78;131;101;122;122
8478.0;58;78;131;102;122;121
8484.0;58;78;132;101;122;121
8490.0;58;78;132;100;122;122
8496.0;58;78;132;100;121;123
8502.0;59;78;132;100;120;123
8508.0;58;78;133;101;119;123
8514.0;58;78;132;101;119;124
8520.0;57;78;132;102;118;125
8526.0;57;78;133;101;118;125
8532.0;58;79;133;101;116;125
8538.0;57;79;133;101;117;125
8544.0;58;80;132;99;117;126
8550.0;58;80;133;97;118;126
8556.0;61;80;133;97;116;125
8562.0;60;80;134;96;116;126
8568.0;61;79;134;95;117;126
8574.0;61;79;133;95;118;126
8580.0;61;79;133;95;117;127
8586.0;61;79;133;95;117;127
8592.0;61;80;132;96;116;127
8598.0;61;80;132;95;116;128
8604.0;59;81;132;96;116;128
8610.0;58;81;132;96;116;129
8616.0;57;80;133;96;116;130
8622.0;58;80;133;95;116;130
8628.0;58;80;133;95;116;130
8634.0;58;80;133;95;117;129
8640.0;56;83;133;94;118;128
8646.0;56;83;133;94;118;128
8652.0;56;83;132;94;119;128
8658.0;56;83;132;94;120;127
8664.0;56;83;132;94;120;127
8670.0;56;82;132;94;121;127
8676.0;56;81;131;95;121;128
8682.0;56;81;131;96;121;127
8688.0;56;81;131;96;122;126
8694.0;56;81;131;96;122;126
8700.0;56;81;131;96;122;126
8706.0;56;81;133;95;121;126
8712.0;56;81;133;95;121;126
8718.0;56;81;132;95;121;127
8724.0;56;81;132;95;120;128
8730.0;55;80;132;96;121;128
8736.0;55;80;132;96;122;127
8742.0;54;80;132;98;122;126
8748.0;54;81;132;98;121;126
8754.0;54;82;131;98;121;126
8760.0;54;82;131;98;121;126
8766.0;54;82;130;98;121;127
8772.0;54;82;130;98;121;127
8778.0;56;82;131;99;119;125
8784.0;55;82;130;102;118;125
8790.0;54;81;130;103;119;125
8796.0;54;81;131;103;118;125
8802.0;54;82;132;103;118;123
8808.0;54;81;133;103;118;123
8814.0;54;82;131;104;118;123
8820.0;54;82;131;104;119;122
8826.0;54;83;130;104;119;122
8832.0;54;83;130;105;118;122
8838.0;53;83;130;104;119;123
8844.0;52;83;131;104;119;123
8850.0;53;83;130;104;119;123
8856.0;53;83;130;104;119;123
8862.0;55;82;128;103;121;123
8868.0;55;82;128;104;121;122
8874.0;55;82;127;104;121;123
8880.0;55;82;128;103;121;123
8886.0;55;83;127;103;122;122
8892.0;55;83;127;103;122;122
8898.0;55;83;127;103;122;122
8904.0;55;83;127;103;123;121
8910.0;55;82;127;103;125;120
8916.0;54;83;125;104;125;121
8922.0;52;83;126;104;126;121
8928.0;52;83;126;104;126;121
8934.0;52;82;126;104;126;122
8940.0;51;82;127;104;126;122
8946.0;51;82;127;104;126;122
8952.0;51;82;127;104;125;123
8958.0;51;82;127;103;126;123
8964.0;51;81;127;103;125;125
8970.0;50;82;127;102;126;125
8976.0;51;81;127;102;126;125
8982.0;51;82;128;102;126;123
8988.0;51;80;129;102;127;123
8994.0;51;80;131;101;126;123
9000.0;51;80;130;101;127;123
9006.0;51;79;129;100;127;126
9012.0;51;79;129;100;127;126
9018.0;51;79;130;99;127;126
9024.0;51;79;130;100;126;126
9030.0;52;79;130;100;126;125
9036.0;52;79;128;101;128;124
9042.0;52;80;128;99;129;124
9048.0;51;81;128;100;127;125
9054.0;51;82;128;99;127;125
9060.0;51;84;128;98;127;124
9066.0;51;83;128;99;127;124
9072.0;51;83;128;99;127;124
9078.0;51;83;129;98;128;123
9084.0;51;84;127;98;129;123
9090.0;51;84;126;98;130;123
9096.0;52;84;127;97;130;122
9102.0;52;84;127;97;130;122
9108.0;52;84;127;97;130;122
9114.0;53;84;128;96;129;122
9120.0;53;84;128;96;129;122
9126.0;52;83;130;96;129;122
9132.0;52;82;131;96;129;122
9138.0;52;81;131;97;129;122
9144.0;52;82;132;97;128;121
9150.0;52;82;133;97;127;121
9156.0;52;82;133;97;127;121
9162.0;51;82;133;98;127;121
9168.0;51;82;133;97;128;121
9174.0;51;82;133;97;128;121
9180.0;52;81;133;97;128;121
9186.0;51;81;133;98;128;121
9192.0;51;80;133;99;128;121
9198.0;51;80;133;99;128;121
9204.0;50;80;133;99;128;122
9210.0;49;80;133;99;129;122
9216.0;49;80;133;99;129;122
9222.0;49;81;132;99;129;122
9228.0;50;82;131;99;129;121
9234.0;52;82;131;98;129;120
9240.0;52;82;131;97;129;121
9246.0;54;82;130;98;127;121
9252.0;54;83;130;98;127;120
9258.0;54;85;129;98;126;120
9264.0;54;83;129;100;126;120
9270.0;54;84;129;100;125;120
9276.0;53;85;129;100;124;121
9282.0;53;85;130;98;125;121
9288.0;52;85;129;99;127;120
9294.0;53;85;128;99;127;120
9300.0;54;84;128;99;127;120
9306.0;54;84;128;98;128;120
9312.0;54;84;128;98;128;120
9318.0;54;84;129;97;128;120
9324.0;56;84;129;97;126;120
9330.0;56;84;129;97;125;121
9336.0;56;84;128;98;125;121
9342.0;56;83;130;98;125;120
9348.0;56;83;131;97;125;120
9354.0;56;83;131;97;125;120
9360.0;54;83;132;97;125;121
9366.0;54;83;132;97;126;120
9372.0;54;83;132;97;125;121
9378.0;54;83;132;97;125;121
9384.0;54;83;132;97;125;121
9390.0;53;83;133;97;125;121
9396.0;54;84;133;97;124;120
9402.0;54;84;133;97;124;120
9408.0;54;85;132;96;125;120
9414.0;54;82;133;96;126;121
9420.0;54;81;133;96;125;123
9426.0;54;81;133;96;125;123
9432.0;54;81;133;95;125;124
9438.0;54;81;133;95;125;124
9444.0;55;82;132;95;125;123
9450.0;54;83;132;95;125;123
9456.0;54;83;131;95;125;124
9462.0;54;83;131;95;125;124
9468.0;54;83;131;95;124;125
9474.0;54;85;132;94;122;125
9480.0;54;85;132;94;122;125
9486.0;54;85;132;94;122;125
9492.0;54;85;132;94;123;124
9498.0;53;84;132;94;123;126
9504.0;55;84;132;92;123;126
9510.0;54;84;133;92;123;126
9516.0;54;84;133;92;123;126
9522.0;54;84;133;92;123;126
9528.0;54;85;132;92;123;126
9534.0;54;84;133;92;123;126
9540.0;55;84;134;91;123;125
9546.0;55;84;134;91;122;126
9552.0;55;83;135;91;122;126
9558.0;55;83;135;91;122;126
9564.0;55;83;135;91;122;126
9570.0;56;84;136;91;119;126
9576.0;55;84;136;91;119;127
9582.0;54;84;136;92;119;127
9588.0;54;86;134;92;120;126
9594.0;54;86;134;92;120;126
9600.0;53;86;135;92;119;127
9606.0;53;86;134;93;119;127
9612.0;53;87;134;91;119;128
9618.0;54;87;133;92;118;128
9624.0;54;85;133;92;119;129
9630.0;54;85;133;92;119;129
9636.0;54;85;133;92;119;129
9642.0;54;85;133;92;119;129
9648.0;54;85;134;93;118;128
9654.0;57;85;133;93;117;127
9660.0;57;85;133;93;117;127
9666.0;57;85;132;94;117;127
9672.0;57;84;131;95;118;127
9678.0;57;84;131;94;119;127
9684.0;57;84;131;94;119;127
9690.0;57;83;131;94;119;128
9696.0;57;81;132;94;119;129
9702.0;57;81;132;94;120;128
9708.0;57;81;132;94;120;128
9714.0;57;82;131;94;120;128
9720.0;57;82;131;94;120;128
9726.0;57;82;131;94;120;128
9732.0;56;81;132;94;120;129
9738.0;56;81;132;94;120;129
9744.0;56;80;132;95;120;129
9750.0;56;81;132;95;120;128
9756.0;56;81;132;95;120;128
9762.0;56;81;132;95;120;128
9768.0;56;83;132;94;120;127
9774.0;57;81;134;93;119;128
9780.0;57;81;134;93;119;128
9786.0;58;81;133;93;119;128
9792.0;58;81;133;94;119;127
9798.0;59;82;132;94;118;127
9804.0;59;82;132;94;118;127
9810.0;58;82;132;95;118;127
9816.0;58;82;131;95;120;126
9822.0;58;82;131;95;120;126
9828.0;58;82;132;94;120;126
9834.0;57;81;132;94;122;126
9840.0;57;80;132;94;122;127
9846.0;57;79;133;93;122;128
9852.0;59;78;132;92;124;127
9858.0;57;78;132;94;124;127
9864.0;57;78;132;93;125;127
9870.0;57;78;132;93;125;127
9876.0;56;77;132;93;127;127
9882.0;56;77;133;92;127;127
9888.0;56;77;132;93;127;127
9894.0;56;77;131;94;127;127
9900.0;56;78;130;94;127;127
9906.0;57;78;130;93;127;127
9912.0;57;78;130;93;127;127
9918.0;57;78;130;93;126;128
9924.0;56;79;131;93;126;127
9930.0;56;79;133;92;126;126
9936.0;56;78;133;92;126;127
9942.0;56;78;133;92;126;127
9948.0;55;77;133;92;128;127
9954.0;55;77;133;91;127;129
9960.0;55;76;134;92;126;129
9966.0;55;76;134;92;126;129
9972.0;54;76;134;93;127;128
9978.0;54;76;134;94;126;128
9984.0;54;76;134;94;125;129
9990.0;54;76;133;95;125;129
9996.0;54;76;133;95;125;129
10002.0;55;77;132;94;125;129
10008.0;55;77;131;94;126;129
10014.0;55;77;131;94;126;129
10020.0;55;78;131;94;125;129
10026.0;54;78;131;95;125;129
10032.0;53;78;131;95;125;130
10038.0;53;78;131;95;125;130
10044.0;53;78;131;96;124;130
10050.0;53;78;132;96;123;130
10056.0;53;78;132;96;123;130
10062.0;53;78;132;96;123;130
10068.0;53;77;132;96;123;131
10074.0;53;76;132;96;123;132
10080.0;53;76;132;96;123;132
10086.0;53;76;133;96;123;131
10092.0;53;76;133;96;123;131
10098.0;53;76;133;96;124;130
10104.0;53;76;133;96;124;130
10110.0;54;76;133;96;124;129
10116.0;54;76;134;96;124;128
10122.0;54;76;134;96;124;128
10128.0;53;76;134;96;125;128
10134.0;53;76;134;95;126;128
10140.0;53;77;136;93;125;128
10146.0;53;77;135;93;126;128
10152.0;52;77;135;93;127;128
10158.0;52;76;135;93;127;129
10164.0;52;75;135;93;128;129
10170.0;52;75;135;93;128;129
10176.0;51;76;135;94;128;128
10182.0;51;76;135;94;128;128
10188.0;50;76;135;95;128;128
10194.0;50;75;135;95;129;128
10200.0;50;77;134;95;128;128
10206.0;50;77;134;95;128;128
10212.0;51;77;133;95;128;128
10218.0;51;77;133;95;128;128
10224.0;51;77;133;96;127;128
10230.0;51;77;132;96;127;129
10236.0;51;77;133;97;127;127
10242.0;51;77;133;96;127;128
10248.0;52;77;132;96;126;129
10254.0;52;77;132;97;126;128
10260.0;52;77;132;97;126;128
10266.0;52;77;133;97;125;128
10272.0;53;77;132;97;125;128
10278.0;53;77;131;98;126;127
10284.0;52;77;130;99;126;128
10290.0;52;77;130;99;126;128
10296.0;52;76;131;99;125;129
10302.0;53;76;130;99;126;128
10308.0;53;76;130;101;126;126
10314.0;52;77;129;101;127;126
10320.0;52;77;129;101;127;126
10326.0;52;77;130;101;127;125
10332.0;52;77;130;100;128;125
10338.0;52;77;131;101;127;124
10344.0;52;77;131;102;126;124
10350.0;52;78;130;102;126;124
10356.0;53;78;130;101;126;124
10362.0;53;78;131;101;126;123
10368.0;52;77;132;101;126;124
10374.0;52;77;132;101;127;123
10380.0;53;76;132;101;127;123
10386.0;54;75;131;101;128;123
10392.0;54;75;131;101;128;123
10398.0;54;75;131;101;128;123
10404.0;54;75;130;101;128;124
10410.0;55;74;129;102;128;124
10416.0;55;73;131;102;128;123
10422.0;53;73;133;102;128;123
10428.0;53;73;132;102;129;123
10434.0;53;72;132;102;130;123
10440.0;53;72;132;102;130;123
10446.0;52;72;132;102;130;124
10452.0;52;73;132;102;130;123
10458.0;52;73;132;102;130;123
10464.0;52;73;132;101;130;124
10470.0;52;73;132;101;130;124
10476.0;51;73;131;102;130;125
10482.0;50;73;133;102;129;125
10488.0;51;73;133;102;129;124
10494.0;51;73;133;102;129;124
10500.0;51;73;133;102;130;123
10506.0;52;73;132;102;131;122
10512.0;53;73;131;102;132;121
10518.0;53;73;131;102;132;121
10524.0;53;73;132;102;131;121
10530.0;53;73;133;102;130;121
10536.0;54;72;132;101;132;121
10542.0;54;72;132;101;132;121
10548.0;54;72;132;100;132;122
10554.0;54;71;131;101;133;122
10560.0;53;72;131;101;133;122
10566.0;53;73;131;100;134;121
10572.0;53;74;132;99;133;121
10578.0;52;74;132;99;134;121
10584.0;52;74;131;100;134;121
10590.0;53;74;130;100;135;120
10596.0;53;74;130;100;136;119
10602.0;53;73;130;100;137;119
10608.0;53;73;130;101;137;118
10614.0;52;73;132;100;137;118
10620.0;53;72;132;100;137;118
10626.0;54;71;132;100;137;118
10632.0;54;73;131;100;137;117
10638.0;54;73;131;100;137;117
10644.0;54;72;131;100;137;118
10650.0;54;72;131;100;137;118
10656.0;54;71;131;100;138;118
10662.0;53;71;131;101;138;118
10668.0;53;71;131;100;139;118
10674.0;53;71;132;100;138;118
10680.0;53;71;132;100;138;118
10686.0;51;71;133;100;139;118
10692.0;50;72;133;100;139;118
10698.0;50;71;132;101;141;117
10704.0;50;71;133;101;141;116
10710.0;49;71;132;101;142;117
10716.0;50;71;131;101;142;117
10722.0;50;71;130;100;144;117
10728.0;49;71;130;101;144;117
10734.0;50;72;129;102;143;116
10740.0;50;72;129;102;143;116
10746.0;50;72;129;102;143;116
10752.0;50;72;129;101;144;116
10758.0;50;72;129;101;144;116
10764.0;50;72;130;101;143;116
10770.0;49;72;130;101;144;116
10776.0;47;72;130;102;145;116
10782.0;47;72;130;102;145;116
10788.0;47;73;131;101;145;115
10794.0;47;73;130;101;145;116
