#auto generated file!
12.0;176;166;150;183;161;184
18.0;174;168;150;183;160;185
24.0;174;167;150;184;159;186
30.0;175;166;151;183;159;186
36.0;175;166;151;183;161;184
42.0;174;165;152;183;163;183
48.0;175;164;152;182;163;184
54.0;174;164;153;182;163;184
60.0;174;164;152;183;162;185
66.0;174;164;151;183;162;186
72.0;175;163;152;183;162;185
78.0;175;163;152;183;162;185
84.0;174;164;151;182;163;186
90.0;174;161;151;183;164;187
96.0;174;160;152;183;165;186
102.0;173;162;152;181;165;187
108.0;173;163;152;180;165;187
114.0;173;162;152;180;166;187
120.0;173;161;152;179;166;189
126.0;173;163;153;177;166;188
132.0;173;163;153;177;166;188
138.0;173;163;153;176;168;187
144.0;172;163;153;176;169;187
150.0;171;163;152;175;170;189
156.0;171;163;152;175;171;188
162.0;171;162;155;174;171;187
168.0;172;162;154;174;171;187
174.0;170;164;154;175;171;186
180.0;169;164;154;175;171;187
186.0;169;162;155;175;171;188
192.0;168;162;156;175;172;187
198.0;167;161;156;175;174;187
204.0;167;161;156;176;173;187
210.0;166;161;157;176;173;187
216.0;165;161;155;175;175;189
222.0;164;160;157;174;174;191
228.0;164;160;157;174;175;190
234.0;163;160;156;174;175;192
240.0;163;160;156;174;175;192
246.0;163;161;155;175;175;191
252.0;162;162;155;174;176;191
258.0;162;162;155;174;176;191
264.0;161;162;154;175;175;193
270.0;160;162;154;174;177;193
276.0;159;162;154;175;177;193
282.0;160;160;154;174;178;194
288.0;159;160;156;173;178;194
294.0;157;161;158;174;177;193
300.0;155;160;159;176;177;193
306.0;155;161;159;175;178;192
312.0;156;162;158;175;177;192
318.0;155;163;158;175;178;191
324.0;153;163;160;177;178;189
330.0;153;160;162;176;179;190
336.0;153;159;162;177;180;189
342.0;152;159;162;178;180;189
348.0;154;159;162;176;180;189
354.0;153;159;164;175;181;188
360.0;153;159;163;175;181;189
366.0;152;157;165;174;182;190
372.0;152;155;165;174;182;192
378.0;152;155;165;174;181;193
384.0;151;155;165;174;181;194
390.0;150;157;163;175;181;194
396.0;149;156;162;175;182;196
402.0;149;155;162;175;182;197
408.0;149;155;161;175;183;197
414.0;148;156;161;174;184;197
420.0;147;156;161;175;184;197
426.0;146;153;162;177;184;198
432.0;146;153;162;177;183;199
438.0;146;153;161;178;183;199
444.0;146;152;163;178;183;198
450.0;146;152;163;179;183;197
456.0;145;154;163;178;183;197
462.0;145;154;164;178;182;197
468.0;141;157;164;179;181;198
474.0;141;154;163;181;182;199
480.0;141;154;163;181;183;198
486.0;141;153;163;181;183;199
492.0;141;153;163;181;183;199
498.0;141;153;162;181;184;199
504.0;142;153;161;181;185;198
510.0;142;153;162;180;185;198
516.0;142;153;162;181;185;197
522.0;142;154;162;181;184;197
528.0;140;154;162;182;185;197
534.0;137;157;162;180;185;199
540.0;135;159;163;180;184;199
546.0;136;160;161;179;184;200
552.0;136;160;161;178;184;201
558.0;137;158;161;178;185;201
564.0;137;159;160;178;185;201
570.0;136;159;160;179;185;201
576.0;137;159;160;178;184;202
582.0;138;157;160;178;185;202
588.0;138;155;162;178;185;202
594.0;139;155;163;178;185;200
600.0;138;157;163;175;186;201
606.0;136;156;164;176;185;203
612.0;136;154;163;175;187;205
618.0;137;154;162;174;187;206
624.0;137;155;161;174;187;206
630.0;138;154;160;174;188;206
636.0;136;155;160;174;189;206
642.0;134;155;161;175;189;206
648.0;134;155;162;175;188;206
654.0;133;155;162;176;188;206
660.0;133;155;163;176;188;205
666.0;133;154;163;176;188;206
672.0;132;154;164;176;189;205
678.0;132;152;165;176;190;205
684.0;133;151;165;176;190;205
690.0;135;150;164;176;190;205
696.0;137;149;164;175;190;205
702.0;136;149;165;175;190;205
708.0;136;148;165;174;192;205
714.0;136;148;165;172;193;206
720.0;135;149;166;172;193;205
726.0;135;149;166;172;193;205
732.0;136;149;166;170;194;205
738.0;138;149;166;170;193;204
744.0;138;149;166;170;193;204
750.0;139;149;167;170;193;202
756.0;139;148;167;170;194;202
762.0;139;147;167;170;194;203
768.0;139;147;167;170;194;203
774.0;139;145;168;169;195;204
780.0;137;144;167;170;196;206
786.0;137;143;167;170;196;207
792.0;137;143;167;169;196;208
798.0;137;143;167;169;196;208
804.0;136;144;167;170;194;209
810.0;136;143;166;172;196;207
816.0;138;144;166;172;195;205
822.0;135;147;167;170;196;205
828.0;137;147;167;168;196;205
834.0;136;146;168;168;196;206
840.0;137;146;167;168;196;206
846.0;138;147;166;166;197;206
852.0;137;148;170;166;195;204
858.0;137;148;170;166;195;204
864.0;137;148;170;166;195;204
870.0;139;149;170;165;194;203
876.0;141;149;170;164;194;202
882.0;141;148;170;165;195;201
888.0;141;149;171;165;195;199
894.0;141;150;171;166;193;199
900.0;142;151;171;163;193;200
906.0;140;151;173;161;194;201
912.0;140;151;174;160;194;201
918.0;141;149;174;160;195;201
924.0;143;149;174;158;195;201
930.0;143;149;175;159;194;200
936.0;144;148;175;160;195;198
942.0;143;149;176;160;194;198
948.0;143;149;176;162;193;197
954.0;143;150;175;162;193;197
960.0;142;149;176;163;193;197
966.0;142;149;176;163;194;196
972.0;143;148;176;163;193;197
978.0;143;148;177;162;193;197
984.0;144;150;176;161;193;196
990.0;144;148;177;160;194;197
996.0;143;148;178;159;195;197
1002.0;143;148;178;159;195;197
1008.0;142;148;178;160;196;196
1014.0;143;149;177;159;196;196
1020.0;143;149;177;159;195;197
1026.0;145;148;175;160;195;197
1032.0;146;147;173;161;194;199
1038.0;146;148;173;160;194;199
1044.0;146;148;175;159;194;198
1050.0;146;147;177;158;194;198
1056.0;147;148;177;157;193;198
1062.0;148;148;176;158;192;198
1068.0;148;149;176;157;191;199
1074.0;147;149;177;157;191;199
1080.0;145;150;177;157;191;200
1086.0;145;151;177;157;191;199
1092.0;144;153;178;156;190;199
1098.0;143;154;179;156;189;199
1104.0;142;155;179;156;189;199
1110.0;141;155;179;156;190;199
1116.0;140;155;179;157;190;199
1122.0;141;155;179;158;189;198
1128.0;141;155;180;155;190;199
1134.0;141;153;179;156;191;200
1140.0;142;153;179;158;190;198
1146.0;140;153;180;159;191;197
1152.0;139;153;180;160;192;196
1158.0;138;155;179;160;192;196
1164.0;137;156;177;160;193;197
1170.0;137;156;177;160;194;196
1176.0;137;156;177;160;194;196
1182.0;137;155;177;160;194;197
1188.0;137;155;178;158;195;197
1194.0;141;153;179;156;194;197
1200.0;141;153;179;156;194;197
1206.0;140;154;178;155;194;199
1212.0;139;154;178;155;195;199
1218.0;136;155;178;155;196;200
1224.0;135;154;180;155;196;200
1230.0;135;154;180;155;196;200
1236.0;135;154;180;155;196;200
1242.0;135;156;179;155;196;199
1248.0;135;153;180;156;196;200
1254.0;134;152;179;157;197;201
1260.0;133;152;179;158;197;201
1266.0;133;151;177;158;200;201
1272.0;134;151;177;158;200;200
1278.0;137;149;177;157;200;200
1284.0;134;150;177;160;200;199
1290.0;133;150;177;159;201;200
1296.0;135;149;176;159;202;199
1302.0;133;149;176;159;203;200
1308.0;134;149;176;159;203;199
1314.0;134;149;175;159;204;199
1320.0;133;151;176;156;205;199
1326.0;132;152;176;156;205;199
1332.0;131;153;175;157;205;199
1338.0;129;152;176;157;208;198
1344.0;128;152;176;157;208;199
1350.0;127;152;176;157;209;199
1356.0;127;153;177;153;210;200
1362.0;126;154;177;153;210;200
1368.0;125;154;176;154;210;201
1374.0;124;154;178;153;209;202
1380.0;124;154;179;154;207;202
1386.0;125;154;178;154;207;202
1392.0;125;155;177;154;206;203
1398.0;125;152;177;155;206;205
1404.0;126;152;176;156;205;205
1410.0;126;151;177;156;206;204
1416.0;126;151;178;155;206;204
1422.0;126;150;178;156;206;204
1428.0;125;150;179;156;206;204
1434.0;127;150;180;155;206;202
1440.0;125;150;180;158;206;201
1446.0;124;151;181;158;205;201
1452.0;124;151;181;157;205;202
1458.0;124;149;182;157;206;202
1464.0;124;150;183;154;207;202
1470.0;123;151;183;154;207;202
1476.0;122;151;184;155;206;202
1482.0;121;154;183;153;206;203
1488.0;121;153;182;154;205;205
1494.0;121;152;183;153;205;206
1500.0;121;152;183;154;205;205
1506.0;122;152;184;152;205;205
1512.0;121;150;185;153;206;205
1518.0;120;150;186;154;205;205
1524.0;119;151;186;154;205;205
1530.0;118;151;186;152;208;205
1536.0;118;151;185;152;209;205
1542.0;118;150;185;155;207;205
1548.0;117;150;185;155;207;206
1554.0;117;150;185;155;207;206
1560.0;116;150;185;154;209;206
1566.0;115;151;185;155;207;207
1572.0;115;151;185;154;207;208
1578.0;115;152;185;154;207;207
1584.0;115;152;184;154;207;208
1590.0;114;154;183;154;206;209
1596.0;114;153;183;154;206;210
1602.0;112;153;185;154;206;210
1608.0;112;154;185;155;205;209
1614.0;112;153;185;156;205;209
1620.0;111;153;185;156;205;210
1626.0;112;153;184;156;205;210
1632.0;112;154;182;156;205;211
1638.0;111;155;183;155;204;212
1644.0;111;155;183;155;204;212
1650.0;112;155;183;155;205;210
1656.0;113;154;183;155;205;210
1662.0;113;156;184;153;205;209
1668.0;111;158;184;153;205;209
1674.0;112;158;184;153;204;209
1680.0;112;158;184;153;204;209
1686.0;112;157;184;154;204;209
1692.0;112;157;184;154;204;209
1698.0;113;157;183;154;204;209
1704.0;114;157;183;152;204;210
1710.0;113;159;183;150;205;210
1716.0;113;162;183;151;204;207
1722.0;113;163;181;150;205;208
1728.0;112;162;182;149;206;209
1734.0;113;162;183;149;206;207
1740.0;113;161;185;148;206;207
1746.0;113;161;184;148;207;207
1752.0;113;160;184;147;208;208
1758.0;112;160;184;149;207;208
1764.0;112;160;184;149;207;208
1770.0;112;161;184;149;206;208
1776.0;111;161;183;149;208;208
1782.0;111;162;181;148;208;210
1788.0;110;162;181;148;207;212
1794.0;110;160;182;148;206;214
1800.0;111;157;181;150;206;215
1806.0;112;157;181;149;206;215
1812.0;112;157;181;149;206;215
1818.0;111;156;181;149;208;215
1824.0;110;156;183;149;208;214
1830.0;109;156;183;150;207;215
1836.0;110;156;184;151;207;212
1842.0;110;156;185;150;207;212
1848.0;110;155;187;149;206;213
1854.0;111;154;189;148;206;212
1860.0;110;154;191;149;206;210
1866.0;107;153;192;151;207;210
1872.0;108;155;191;151;205;210
1878.0;108;153;191;151;205;212
1884.0;108;154;192;151;203;212
1890.0;107;158;190;150;203;212
1896.0;108;159;190;149;202;212
1902.0;109;159;189;149;202;212
1908.0;109;159;188;149;202;213
1914.0;108;159;188;148;202;215
1920.0;108;161;187;147;202;215
1926.0;108;161;186;146;205;214
1932.0;106;161;188;145;206;214
1938.0;105;161;189;145;206;214
1944.0;106;161;187;146;205;215
1950.0;106;161;187;146;205;215
1956.0;108;161;187;145;203;216
1962.0;109;160;187;145;203;216
1968.0;109;161;187;144;203;216
1974.0;108;162;188;144;202;216
1980.0;108;163;187;144;202;216
1986.0;107;164;186;144;202;217
1992.0;106;165;186;144;202;217
1998.0;104;166;185;145;202;218
2004.0;104;165;185;147;201;218
2010.0;104;166;185;147;201;217
2016.0;105;166;184;147;200;218
2022.0;103;166;185;145;200;221
2028.0;102;166;186;146;200;220
2034.0;100;166;185;147;201;221
2040.0;99;166;186;147;201;221
2046.0;98;167;186;148;201;220
2052.0;98;167;187;148;200;220
2058.0;98;167;189;148;199;219
2064.0;100;166;189;147;199;219
2070.0;100;165;188;150;202;215
2076.0;100;163;188;153;201;215
2082.0;101;163;189;153;199;215
2088.0;100;163;188;153;201;215
2094.0;99;163;188;152;203;215
2100.0;100;163;188;151;202;216
2106.0;97;165;189;149;203;217
2112.0;97;164;189;150;203;217
2118.0;96;163;189;152;202;218
2124.0;95;164;189;153;202;217
2130.0;94;165;189;153;201;218
2136.0;95;163;189;154;200;219
2142.0;96;163;189;153;200;219
2148.0;94;162;190;154;200;220
2154.0;92;161;190;155;201;221
2160.0;91;160;189;157;201;222
2166.0;92;161;189;158;199;221
2172.0;92;163;189;157;198;221
2178.0;92;164;190;157;196;221
2184.0;91;165;189;156;196;223
2190.0;90;165;189;156;197;223
2196.0;90;165;191;156;195;223
2202.0;90;164;192;156;195;223
2208.0;90;164;193;155;195;223
2214.0;91;164;191;156;194;224
2220.0;90;164;190;156;196;224
2226.0;90;164;190;155;198;223
2232.0;89;164;190;155;198;224
2238.0;90;165;191;155;195;224
2244.0;90;164;191;156;194;225
2250.0;90;164;191;156;194;225
2256.0;89;163;191;156;196;225
2262.0;89;163;190;156;197;225
2268.0;89;164;191;155;199;222
2274.0;89;164;191;156;197;223
2280.0;89;163;192;156;197;223
2286.0;91;163;193;154;197;222
2292.0;92;163;192;154;197;222
2298.0;92;163;192;154;197;222
2304.0;93;163;191;154;197;222
2310.0;93;164;189;154;198;222
2316.0;93;163;189;156;197;222
2322.0;92;163;188;159;197;221
2328.0;92;163;189;159;196;221
2334.0;91;163;188;158;197;223
2340.0;91;162;188;159;197;223
2346.0;91;162;188;158;198;223
2352.0;89;163;189;158;198;223
2358.0;90;162;189;158;199;222
2364.0;90;163;189;158;198;222
2370.0;91;163;189;159;198;220
2376.0;92;165;189;158;196;220
2382.0;92;166;189;157;195;221
2388.0;92;165;189;158;195;221
2394.0;92;164;189;158;195;222
2400.0;92;164;190;157;195;222
2406.0;91;164;192;157;194;222
2412.0;92;162;193;156;193;224
2418.0;92;162;194;155;193;224
2424.0;92;161;194;157;193;223
2430.0;92;160;196;155;193;224
2436.0;94;160;196;154;192;224
2442.0;94;160;194;154;194;224
2448.0;94;159;194;154;195;224
2454.0;94;159;194;153;195;225
2460.0;95;159;195;153;194;224
2466.0;97;157;194;153;193;226
2472.0;97;158;192;153;193;227
2478.0;98;158;192;153;192;227
2484.0;98;159;191;153;192;227
2490.0;98;158;193;152;192;227
2496.0;99;158;193;151;192;227
2502.0;98;158;193;151;193;227
2508.0;98;158;193;151;193;227
2514.0;95;157;195;151;194;228
2520.0;95;157;194;151;193;230
2526.0;95;157;193;150;193;232
2532.0;96;156;192;152;193;231
2538.0;96;156;194;151;192;231
2544.0;97;156;194;150;192;231
2550.0;98;156;193;151;191;231
2556.0;97;156;192;153;190;232
2562.0;97;156;193;153;190;231
2568.0;97;156;193;154;190;230
2574.0;97;155;191;154;193;230
2580.0;97;153;192;154;193;231
2586.0;98;153;191;154;193;231
2592.0;96;153;191;155;194;231
2598.0;95;155;192;153;194;231
2604.0;91;155;192;154;198;230
2610.0;90;156;192;156;197;229
2616.0;89;155;192;156;198;230
2622.0;90;155;192;156;198;229
2628.0;89;155;192;156;199;229
2634.0;89;156;192;155;199;229
2640.0;87;157;193;156;199;228
2646.0;88;157;193;157;199;226
2652.0;88;157;193;157;199;226
2658.0;88;157;194;157;198;226
2664.0;88;158;194;158;196;226
2670.0;88;157;194;158;195;228
2676.0;89;156;195;159;194;227
2682.0;88;156;195;159;195;227
2688.0;88;157;195;158;195;227
2694.0;88;159;195;158;194;226
2700.0;87;158;196;157;195;227
2706.0;87;159;196;159;194;225
2712.0;87;160;195;159;195;224
2718.0;86;159;194;161;197;223
2724.0;86;160;193;160;197;224
2730.0;86;159;193;160;198;224
2736.0;86;159;194;159;198;224
2742.0;86;159;193;160;198;224
2748.0;86;161;192;160;197;224
2754.0;86;161;191;159;197;226
2760.0;86;160;191;159;197;227
2766.0;85;160;191;160;197;227
2772.0;85;160;191;161;197;226
2778.0;85;159;190;162;197;227
2784.0;85;160;190;162;197;226
2790.0;85;160;190;162;198;225
2796.0;85;159;190;162;198;226
2802.0;86;159;190;161;199;225
2808.0;86;159;188;162;199;226
2814.0;86;159;188;162;199;226
2820.0;85;159;188;163;200;225
2826.0;85;156;189;163;201;226
2832.0;85;155;189;163;202;226
2838.0;85;155;188;164;202;226
2844.0;86;154;189;162;202;227
2850.0;87;152;190;161;202;228
2856.0;89;151;190;160;202;228
2862.0;89;151;190;158;203;229
2868.0;90;152;190;156;202;230
2874.0;90;152;190;156;202;230
2880.0;89;152;190;156;203;230
2886.0;88;153;191;156;203;229
2892.0;88;153;191;155;204;229
2898.0;88;151;192;156;204;229
2904.0;87;152;191;157;205;228
2910.0;88;151;191;157;205;228
2916.0;89;150;192;158;203;228
2922.0;90;150;191;157;204;228
2928.0;90;150;192;158;204;226
2934.0;89;150;193;158;203;227
2940.0;90;149;193;157;203;228
2946.0;89;148;193;158;204;228
2952.0;88;148;193;158;205;228
2958.0;88;147;193;158;205;229
2964.0;87;149;190;160;205;229
2970.0;87;149;190;161;205;228
2976.0;86;150;189;161;204;230
2982.0;88;150;189;161;205;227
2988.0;87;150;190;162;205;226
2994.0;87;150;191;161;205;226
3000.0;87;150;192;160;205;226
3006.0;87;149;193;159;206;226
3012.0;87;148;193;159;207;226
3018.0;86;148;192;158;210;226
3024.0;85;149;192;158;210;226
3030.0;85;149;192;157;210;227
3036.0;85;150;191;156;211;227
3042.0;85;152;190;154;212;227
3048.0;85;150;189;155;212;229
3054.0;83;150;189;155;213;230
3060.0;82;149;190;155;214;230
3066.0;82;149;190;155;214;230
3072.0;83;149;190;154;214;230
3078.0;83;148;190;154;215;230
3084.0;84;147;190;154;215;230
3090.0;84;147;190;154;215;230
3096.0;84;147;190;153;215;231
3102.0;85;148;192;149;215;231
3108.0;84;148;191;150;215;232
3114.0;86;147;190;148;216;233
3120.0;87;149;189;144;217;234
3126.0;85;150;188;145;217;235
3132.0;85;149;189;145;217;235
3138.0;84;149;189;145;217;236
3144.0;84;151;189;145;215;236
3150.0;84;149;191;145;214;237
3156.0;85;149;191;145;213;237
3162.0;86;150;191;144;213;236
3168.0;87;149;191;144;213;236
3174.0;87;148;191;144;214;236
3180.0;87;147;192;145;212;237
3186.0;87;146;193;144;212;238
3192.0;87;147;194;144;212;236
3198.0;85;148;194;144;212;237
3204.0;85;148;193;145;212;237
3210.0;86;147;193;145;211;238
3216.0;87;148;193;145;209;238
3222.0;87;147;193;146;209;238
3228.0;87;147;192;147;209;238
3234.0;87;147;192;147;209;238
3240.0;87;147;192;147;210;237
3246.0;87;147;193;148;209;236
3252.0;88;145;194;148;209;236
3258.0;88;144;194;148;209;237
3264.0;88;144;195;147;209;237
3270.0;88;143;196;149;210;234
3276.0;88;146;193;150;209;234
3282.0;86;146;194;151;209;234
3288.0;86;146;194;151;209;234
3294.0;86;146;194;151;209;234
3300.0;88;147;194;149;209;233
3306.0;87;149;195;147;207;235
3312.0;87;149;194;147;208;235
3318.0;85;150;194;145;210;236
3324.0;85;151;194;143;210;237
3330.0;84;151;195;144;209;237
3336.0;84;152;195;143;209;237
3342.0;84;152;194;144;209;237
3348.0;84;152;194;144;208;238
3354.0;83;152;194;145;209;237
3360.0;82;153;194;146;209;236
3366.0;81;154;195;146;208;236
3372.0;81;154;195;147;207;236
3378.0;81;155;195;147;207;235
3384.0;81;155;195;147;207;235
3390.0;82;154;195;147;206;236
3396.0;82;153;195;147;206;237
3402.0;83;153;194;147;208;235
3408.0;83;153;194;146;208;236
3414.0;83;152;195;146;208;236
3420.0;83;153;195;144;207;238
3426.0;85;153;194;143;207;238
3432.0;85;153;194;143;207;238
3438.0;87;154;193;142;207;237
3444.0;86;153;193;142;208;238
3450.0;86;153;193;142;208;238
3456.0;86;152;193;144;208;237
3462.0;86;152;194;144;206;238
3468.0;86;152;194;145;206;237
3474.0;87;151;194;145;207;236
3480.0;88;151;195;143;208;235
3486.0;88;150;196;142;210;234
3492.0;88;151;196;142;210;233
3498.0;88;153;196;141;211;231
3504.0;88;154;197;141;210;230
3510.0;88;154;198;140;210;230
3516.0;88;155;197;139;211;230
3522.0;88;155;197;139;211;230
3528.0;87;156;198;139;210;230
3534.0;87;156;198;139;210;230
3540.0;88;157;199;139;208;229
3546.0;91;156;201;138;207;227
3552.0;91;155;201;139;207;227
3558.0;91;155;200;141;207;226
3564.0;90;155;200;142;207;226
3570.0;91;155;200;141;207;226
3576.0;90;156;200;141;207;226
3582.0;90;155;201;140;207;227
3588.0;90;156;200;139;208;227
3594.0;91;157;201;139;208;224
3600.0;91;158;201;139;207;224
3606.0;95;159;198;137;208;223
3612.0;95;158;198;137;207;225
3618.0;94;158;198;137;207;226
3624.0;96;158;196;138;207;225
3630.0;96;159;196;136;207;226
3636.0;96;160;197;136;207;224
3642.0;96;160;198;135;208;223
3648.0;96;160;199;135;207;223
3654.0;95;159;200;135;208;223
3660.0;98;158;199;135;208;222
3666.0;98;159;199;134;208;222
3672.0;98;159;199;134;208;222
3678.0;97;158;200;136;209;220
3684.0;96;158;201;136;209;220
3690.0;97;157;200;137;210;219
3696.0;96;157;198;138;209;222
3702.0;95;156;199;139;209;222
3708.0;94;155;199;141;209;222
3714.0;93;156;198;141;210;222
3720.0;94;156;197;139;211;223
3726.0;94;156;197;140;210;223
3732.0;94;156;197;140;211;222
3738.0;94;158;198;140;208;222
3744.0;94;158;198;141;208;221
3750.0;93;157;198;142;209;221
3756.0;94;155;200;141;208;222
3762.0;92;155;201;142;210;220
3768.0;91;154;200;143;210;222
3774.0;90;155;199;143;211;222
3780.0;92;155;197;144;211;221
3786.0;92;154;198;144;211;221
3792.0;92;153;196;146;211;222
3798.0;92;153;196;146;211;222
3804.0;93;153;195;146;212;221
3810.0;93;154;196;146;210;221
3816.0;94;153;196;147;209;221
3822.0;95;153;195;146;209;222
3828.0;95;152;195;147;211;220
3834.0;94;152;195;147;210;222
3840.0;94;152;195;146;211;222
3846.0;95;152;195;146;210;222
3852.0;96;151;194;146;211;222
3858.0;97;151;195;146;209;222
3864.0;98;150;195;146;211;220
3870.0;97;150;195;146;211;221
3876.0;96;150;194;148;212;220
3882.0;96;150;194;148;212;220
3888.0;95;150;195;147;212;221
3894.0;95;148;196;148;212;221
3900.0;95;148;196;148;212;221
3906.0;93;149;194;150;213;221
3912.0;94;150;194;151;211;220
3918.0;94;149;194;152;211;220
3924.0;93;149;194;153;211;220
3930.0;93;151;193;153;211;219
3936.0;93;152;193;153;211;218
3942.0;93;151;194;154;212;216
3948.0;93;151;194;154;212;216
3954.0;91;152;194;155;213;215
3960.0;89;151;192;156;217;215
3966.0;89;151;192;156;217;215
3972.0;89;151;192;157;216;215
3978.0;90;150;191;156;217;216
3984.0;88;150;192;157;217;216
3990.0;88;149;192;158;217;216
3996.0;87;147;191;160;217;218
4002.0;87;147;191;160;217;218
4008.0;85;147;191;161;219;217
4014.0;86;147;190;162;218;217
4020.0;87;148;190;162;217;216
4026.0;86;148;190;162;218;216
4032.0;87;148;190;163;217;215
4038.0;87;148;191;163;217;214
4044.0;86;148;191;163;219;213
4050.0;85;147;192;163;220;213
4056.0;86;146;192;163;220;213
4062.0;86;146;192;163;220;213
4068.0;86;146;191;163;220;214
4074.0;87;147;190;164;220;212
4080.0;87;147;190;164;220;212
4086.0;87;148;189;163;221;212
4092.0;86;149;191;162;221;211
4098.0;86;149;190;162;221;212
4104.0;87;150;190;163;219;211
4110.0;87;150;190;163;217;213
4116.0;87;149;192;163;217;212
4122.0;86;151;191;163;218;211
4128.0;86;150;191;162;218;213
4134.0;87;150;190;161;219;213
4140.0;87;151;190;160;221;211
4146.0;87;151;190;160;219;213
4152.0;89;151;190;159;219;212
4158.0;88;150;191;159;220;212
4164.0;88;149;191;160;221;211
4170.0;88;148;189;164;221;210
4176.0;88;148;189;165;221;209
4182.0;87;148;189;166;222;208
4188.0;88;148;188;165;222;209
4194.0;88;149;187;166;222;208
4200.0;88;147;187;167;223;208
4206.0;88;147;187;166;223;209
4212.0;88;147;187;164;225;209
4218.0;88;147;188;164;225;208
4224.0;87;147;188;164;225;209
4230.0;85;147;189;164;225;210
4236.0;86;146;188;165;225;210
4242.0;86;145;189;166;224;210
4248.0;83;145;189;167;225;211
4254.0;84;143;190;167;224;212
4260.0;84;143;191;170;221;211
4266.0;84;143;191;169;221;212
4272.0;84;141;191;169;223;212
4278.0;84;141;191;169;223;212
4284.0;85;139;191;169;223;213
4290.0;86;139;189;169;225;212
4296.0;86;140;188;169;226;211
4302.0;86;139;187;171;226;211
4308.0;87;139;187;171;225;211
4314.0;88;139;186;170;227;210
4320.0;88;140;186;171;226;209
4326.0;89;142;185;170;226;208
4332.0;89;142;185;170;225;209
4338.0;89;142;186;169;226;208
4344.0;89;143;185;169;226;208
4350.0;89;143;186;168;226;208
4356.0;89;142;185;167;226;211
4362.0;89;142;185;167;226;211
4368.0;90;142;186;166;226;210
4374.0;90;140;186;168;226;210
4380.0;91;140;186;169;224;210
4386.0;90;142;186;169;223;210
4392.0;91;142;185;169;223;210
4398.0;91;143;185;168;223;210
4404.0;91;145;183;168;222;211
4410.0;92;141;184;168;225;210
4416.0;91;142;184;168;225;210
4422.0;91;141;184;168;225;211
4428.0;91;140;184;167;225;213
4434.0;91;140;182;167;226;214
4440.0;92;140;182;166;224;216
4446.0;93;141;181;165;225;215
4452.0;93;142;180;164;226;215
4458.0;90;142;181;166;226;215
4464.0;90;141;178;169;226;216
4470.0;90;141;176;169;226;218
4476.0;90;142;175;169;226;218
4482.0;90;142;174;169;227;218
4488.0;91;142;173;168;227;219
4494.0;92;143;173;168;226;218
4500.0;91;143;174;168;226;218
4506.0;93;143;174;168;224;218
4512.0;93;144;172;167;225;219
4518.0;94;143;173;166;226;218
4524.0;94;142;174;165;227;218
4530.0;94;141;174;164;227;220
4536.0;94;141;174;164;227;220
4542.0;94;141;173;165;226;221
4548.0;94;141;171;167;226;221
4554.0;96;141;171;168;225;219
4560.0;95;141;172;169;224;219
4566.0;95;141;172;168;225;219
4572.0;95;141;172;168;225;219
4578.0;95;141;172;168;225;219
4584.0;95;141;174;167;224;219
4590.0;95;140;174;168;223;220
4596.0;95;140;174;168;222;221
4602.0;94;141;174;167;222;222
4608.0;94;141;174;167;222;222
4614.0;94;141;174;167;222;222
4620.0;95;141;173;166;223;222
4626.0;95;139;174;165;223;224
4632.0;94;140;174;166;222;224
4638.0;95;140;174;166;222;223
4644.0;94;141;175;163;223;224
4650.0;94;142;173;163;223;225
4656.0;93;143;173;161;223;227
4662.0;94;143;173;160;224;226
4668.0;94;142;173;160;225;226
4674.0;95;142;173;160;224;226
4680.0;95;141;173;161;224;226
4686.0;95;141;173;160;224;227
4692.0;95;140;173;161;224;227
4698.0;96;140;172;161;224;227
4704.0;95;141;172;162;223;227
4710.0;95;141;173;161;223;227
4716.0;93;142;172;161;225;227
4722.0;93;141;172;162;225;227
4728.0;93;141;174;161;225;226
4734.0;94;140;175;161;224;226
4740.0;95;140;176;160;222;227
4746.0;94;139;176;159;224;228
4752.0;95;139;176;158;223;229
4758.0;95;139;177;158;222;229
4764.0;95;139;177;158;220;231
4770.0;95;139;178;158;220;230
4776.0;96;138;178;158;220;230
4782.0;96;138;179;156;221;230
4788.0;95;138;179;156;222;230
4794.0;96;138;178;156;222;230
4800.0;97;137;178;156;222;230
4806.0;97;138;176;156;223;230
4812.0;97;139;177;156;221;230
4818.0;96;141;176;157;220;230
4824.0;97;141;176;156;221;229
4830.0;98;143;176;155;220;228
4836.0;96;144;176;157;220;227
4842.0;95;144;177;155;222;227
4848.0;94;145;176;156;223;226
4854.0;94;145;176;155;224;226
4860.0;92;146;176;155;225;226
4866.0;92;146;175;155;225;227
4872.0;93;146;173;155;225;228
4878.0;94;146;173;155;224;228
4884.0;94;147;172;155;224;228
4890.0;95;146;172;155;224;228
4896.0;95;147;171;154;225;228
4902.0;96;147;171;154;224;228
4908.0;96;147;171;154;223;229
4914.0;95;147;171;153;224;230
4920.0;96;146;171;153;223;231
4926.0;96;146;172;152;223;231
4932.0;97;146;172;152;223;230
4938.0;97;146;172;152;223;230
4944.0;97;146;172;152;223;230
4950.0;97;146;172;152;223;230
4956.0;97;146;172;151;223;231
4962.0;97;145;172;152;223;231
4968.0;97;144;173;152;222;232
4974.0;97;143;173;153;222;232
4980.0;96;142;172;155;223;232
4986.0;97;143;171;155;222;232
4992.0;97;144;171;154;222;232
4998.0;98;145;172;153;221;231
5004.0;97;145;173;152;221;232
5010.0;98;145;173;152;221;231
5016.0;99;145;173;152;221;230
5022.0;99;146;173;152;221;229
5028.0;99;146;172;153;218;232
5034.0;99;146;172;153;217;233
5040.0;98;146;172;153;217;234
5046.0;97;148;171;152;217;235
5052.0;97;148;171;151;219;234
5058.0;98;148;172;150;219;233
5064.0;97;148;171;150;219;235
5070.0;97;147;170;151;220;235
5076.0;97;147;170;153;219;234
5082.0;94;149;170;154;219;234
5088.0;94;150;170;154;219;233
5094.0;94;149;170;155;219;233
5100.0;95;149;169;155;219;233
5106.0;96;151;168;154;217;234
5112.0;96;151;168;154;217;234
5118.0;96;151;167;154;217;235
5124.0;96;151;167;155;217;234
5130.0;95;151;167;155;218;234
5136.0;95;151;167;155;218;234
5142.0;93;152;167;156;219;233
5148.0;93;151;167;156;219;234
5154.0;93;151;168;157;218;233
5160.0;93;149;168;157;220;233
5166.0;94;149;165;158;222;232
5172.0;94;149;165;158;222;232
5178.0;94;152;165;157;222;230
5184.0;94;151;166;157;222;230
5190.0;93;151;169;156;222;229
5196.0;93;150;170;155;223;229
5202.0;93;150;170;156;224;227
5208.0;92;150;170;157;224;227
5214.0;92;150;170;156;224;228
5220.0;92;150;171;156;224;227
5226.0;93;150;171;156;223;227
5232.0;91;151;172;157;223;226
5238.0;91;153;171;157;223;225
5244.0;91;153;169;159;223;225
5250.0;91;153;168;159;223;226
5256.0;91;154;167;159;223;226
5262.0;90;154;167;159;224;226
5268.0;89;155;167;160;225;224
5274.0;90;154;167;160;225;224
5280.0;90;154;167;160;225;224
5286.0;89;155;167;161;225;223
5292.0;93;154;166;159;224;224
5298.0;95;154;166;158;223;224
5304.0;96;153;167;158;222;224
5310.0;98;153;167;158;221;223
5316.0;98;153;167;158;220;224
5322.0;98;153;167;159;219;224
5328.0;97;153;169;159;218;224
5334.0;96;155;169;157;219;224
5340.0;97;156;169;154;220;224
5346.0;97;155;169;155;220;224
5352.0;97;155;169;155;220;224
5358.0;96;155;170;155;220;224
5364.0;97;154;171;155;220;223
5370.0;96;154;172;155;220;223
5376.0;95;155;172;155;220;223
5382.0;98;157;169;154;220;222
5388.0;98;156;170;154;220;222
5394.0;98;156;168;155;221;222
5400.0;97;156;169;155;220;223
5406.0;96;155;170;155;221;223
5412.0;96;154;170;155;222;223
5418.0;96;154;169;157;221;223
5424.0;96;155;168;157;221;223
5430.0;94;155;170;157;221;223
5436.0;92;154;171;156;223;224
5442.0;92;153;171;159;222;223
5448.0;92;154;171;159;220;224
5454.0;92;154;171;159;220;224
5460.0;92;154;171;159;220;224
5466.0;91;155;172;160;220;222
5472.0;92;154;172;160;220;222
5478.0;92;154;172;159;220;223
5484.0;93;152;172;158;221;224
5490.0;93;151;172;159;221;224
5496.0;93;151;171;159;222;224
5502.0;93;153;171;158;221;224
5508.0;93;153;170;159;220;225
5514.0;92;153;170;159;220;226
5520.0;92;153;171;158;219;227
5526.0;90;154;171;159;219;227
5532.0;90;155;173;158;218;226
5538.0;90;155;172;158;218;227
5544.0;91;154;171;159;219;226
5550.0;92;155;171;159;218;225
5556.0;93;156;172;158;216;225
5562.0;94;156;173;156;216;225
5568.0;94;155;173;156;215;227
5574.0;96;154;173;153;216;228
5580.0;94;154;174;153;217;228
5586.0;94;154;175;153;217;227
5592.0;95;154;175;153;216;227
5598.0;95;153;176;153;216;227
5604.0;96;151;175;155;216;227
5610.0;95;151;176;155;216;227
5616.0;92;151;178;155;216;228
5622.0;92;151;178;155;216;228
5628.0;92;151;178;155;216;228
5634.0;92;150;178;155;216;229
5640.0;93;150;176;155;216;230
5646.0;93;151;177;153;216;230
5652.0;94;152;176;153;215;230
5658.0;94;152;175;153;215;231
5664.0;94;152;174;154;215;231
5670.0;94;151;174;154;216;231
5676.0;94;151;174;154;216;231
5682.0;93;152;174;155;216;230
5688.0;93;152;174;154;216;231
5694.0;93;152;174;153;216;232
5700.0;92;153;174;153;216;232
5706.0;92;153;174;153;216;232
5712.0;91;153;175;153;216;232
5718.0;92;152;174;153;216;233
5724.0;93;151;173;154;216;233
5730.0;92;152;174;153;216;233
5736.0;93;152;174;153;216;232
5742.0;94;152;174;154;216;230
5748.0;94;152;175;154;216;229
5754.0;95;153;176;155;215;226
5760.0;93;156;176;155;212;228
5766.0;92;157;177;155;212;227
5772.0;93;158;175;155;212;227
5778.0;92;159;175;155;212;227
5784.0;92;159;176;156;212;225
5790.0;92;159;176;156;212;225
5796.0;94;158;175;157;212;224
5802.0;92;160;176;157;211;224
5808.0;92;160;176;157;211;224
5814.0;92;160;176;158;211;223
5820.0;91;161;176;157;212;223
5826.0;91;162;177;157;211;222
5832.0;90;163;177;155;212;223
5838.0;90;163;177;155;212;223
5844.0;89;163;179;155;212;222
5850.0;89;163;181;155;210;222
5856.0;89;162;181;155;211;222
5862.0;87;162;184;154;211;222
5868.0;86;163;185;153;211;222
5874.0;86;163;184;154;211;222
5880.0;86;163;184;154;210;223
5886.0;87;165;184;153;210;221
5892.0;87;165;186;152;209;221
5898.0;86;164;186;153;210;221
5904.0;86;164;186;153;210;221
5910.0;86;165;185;153;210;221
5916.0;87;162;186;154;212;219
5922.0;87;162;185;154;211;221
5928.0;85;163;186;154;213;219
5934.0;85;163;187;155;213;217
5940.0;86;162;188;154;213;217
5946.0;85;162;190;155;211;217
5952.0;84;163;190;155;211;217
5958.0;84;164;189;154;212;217
5964.0;85;163;190;153;213;216
5970.0;86;163;190;152;213;216
5976.0;85;163;192;150;214;216
5982.0;85;163;192;150;214;216
5988.0;85;163;192;150;214;216
5994.0;86;164;193;149;213;215
6000.0;86;165;193;149;213;214
6006.0;86;165;193;149;213;214
6012.0;86;164;193;148;213;216
6018.0;87;164;194;147;214;214
6024.0;87;164;195;148;214;212
6030.0;87;164;195;148;214;212
6036.0;87;164;196;147;214;212
6042.0;86;166;195;147;214;212
6048.0;86;166;194;148;214;212
6054.0;87;164;196;147;215;211
6060.0;86;163;197;147;216;211
6066.0;85;160;197;149;218;211
6072.0;85;159;197;149;219;211
6078.0;84;160;198;148;217;213
6084.0;84;160;198;148;217;213
6090.0;82;160;199;149;217;213
6096.0;81;160;199;149;218;213
6102.0;81;161;199;149;217;213
6108.0;81;161;199;149;217;213
6114.0;82;161;199;148;217;213
6120.0;82;160;199;148;217;214
6126.0;80;161;200;148;217;214
6132.0;79;161;201;147;217;215
6138.0;80;164;199;146;217;214
6144.0;81;162;198;149;217;213
6150.0;81;163;198;148;217;213
6156.0;82;163;197;149;216;213
6162.0;82;163;197;149;216;213
6168.0;83;162;197;148;216;214
6174.0;83;160;197;148;218;214
6180.0;82;161;197;147;218;215
6186.0;82;160;198;146;217;217
6192.0;81;159;198;147;217;218
6198.0;83;158;197;148;216;218
6204.0;83;157;198;148;217;217
6210.0;84;157;198;147;217;217
6216.0;84;158;199;146;217;216
6222.0;83;158;200;147;216;216
6228.0;83;157;200;147;217;216
6234.0;85;157;199;148;217;214
6240.0;85;157;200;149;216;213
6246.0;85;157;200;148;214;216
6252.0;85;157;200;148;214;216
6258.0;84;158;200;148;214;216
6264.0;85;158;199;147;213;218
6270.0;85;158;200;147;212;218
6276.0;86;158;201;147;211;217
6282.0;85;157;203;148;211;216
6288.0;85;156;203;149;211;216
6294.0;85;154;204;149;212;216
6300.0;85;153;204;149;212;217
6306.0;84;155;206;148;211;216
6312.0;83;155;205;148;211;218
6318.0;83;155;205;148;211;218
6324.0;83;156;206;148;210;217
6330.0;83;155;207;149;209;217
6336.0;81;155;209;149;208;218
6342.0;81;156;208;149;208;218
6348.0;82;156;208;150;207;217
6354.0;82;157;207;149;207;218
6360.0;83;157;207;149;207;217
6366.0;81;157;208;149;207;218
6372.0;82;157;207;150;206;218
6378.0;82;155;208;152;206;217
6384.0;83;155;207;150;207;218
6390.0;83;156;206;150;207;218
6396.0;83;156;205;149;208;219
6402.0;82;156;205;149;210;218
6408.0;83;156;204;149;210;218
6414.0;82;158;203;150;209;218
6420.0;80;157;205;149;209;220
6426.0;80;156;206;149;208;221
6432.0;80;156;206;149;209;220
6438.0;81;156;206;148;209;220
6444.0;82;156;207;146;208;221
6450.0;82;156;207;146;208;221
6456.0;81;157;207;144;210;221
6462.0;82;157;208;143;210;220
6468.0;81;156;209;143;209;222
6474.0;81;155;209;144;208;223
6480.0;80;156;209;144;208;223
6486.0;80;155;209;144;208;224
6492.0;81;155;209;144;208;223
6498.0;81;154;209;144;207;225
6504.0;80;153;208;146;207;226
6510.0;82;152;208;146;207;225
6516.0;82;152;208;146;207;225
6522.0;81;152;210;147;205;225
6528.0;81;152;210;147;206;224
6534.0;82;153;210;145;206;224
6540.0;82;153;212;143;206;224
6546.0;82;153;213;142;205;225
6552.0;81;153;214;142;206;224
6558.0;80;153;214;142;206;225
6564.0;80;153;214;142;206;225
6570.0;80;153;215;142;207;223
6576.0;80;151;217;142;207;223
6582.0;80;151;215;143;208;223
6588.0;80;152;215;143;208;222
6594.0;81;152;215;143;208;221
6600.0;80;152;213;143;210;222
6606.0;80;152;213;143;210;222
6612.0;80;152;213;143;210;222
6618.0;79;153;212;144;209;223
6624.0;79;153;212;143;211;222
6630.0;79;154;212;142;210;223
6636.0;78;154;211;145;209;223
6642.0;78;154;210;145;209;224
6648.0;78;154;210;144;209;225
6654.0;78;154;209;145;209;225
6660.0;79;155;210;146;205;225
6666.0;78;156;210;146;205;225
6672.0;77;158;209;146;205;225
6678.0;76;160;209;144;203;228
6684.0;75;160;209;145;204;227
6690.0;73;160;210;147;204;226
6696.0;74;160;210;147;203;226
6702.0;73;162;211;146;203;225
6708.0;73;162;210;145;204;226
6714.0;75;162;210;143;203;227
6720.0;73;162;210;145;205;225
6726.0;74;164;212;144;204;222
6732.0;75;164;210;142;203;226
6738.0;74;163;210;142;204;227
6744.0;74;163;209;143;204;227
6750.0;74;164;209;144;204;225
6756.0;77;162;211;145;203;222
6762.0;77;163;212;143;205;220
6768.0;77;163;212;143;205;220
6774.0;77;163;213;142;205;220
6780.0;77;162;212;144;205;220
6786.0;76;162;213;144;205;220
6792.0;77;162;213;143;205;220
6798.0;76;163;214;142;205;220
6804.0;78;163;216;141;203;219
6810.0;78;163;216;141;203;219
6816.0;78;162;216;142;204;218
6822.0;78;162;216;143;203;218
6828.0;80;163;214;143;203;217
6834.0;79;163;214;144;202;218
6840.0;80;162;214;144;202;218
6846.0;80;161;214;144;203;218
6852.0;82;160;214;145;203;216
6858.0;82;159;214;145;202;218
6864.0;81;160;211;144;203;221
6870.0;79;161;212;144;203;221
6876.0;79;161;212;145;202;221
6882.0;79;161;212;146;201;221
6888.0;79;161;212;146;201;221
6894.0;79;162;210;146;201;222
6900.0;80;162;209;146;201;222
6906.0;80;162;209;146;201;222
6912.0;77;162;209;148;202;222
6918.0;77;162;209;148;202;222
6924.0;77;162;209;148;202;222
6930.0;76;163;208;148;203;222
6936.0;76;163;208;148;203;222
6942.0;77;164;207;148;202;222
6948.0;79;164;207;148;203;219
6954.0;78;164;208;148;204;218
6960.0;77;165;208;148;203;219
6966.0;78;164;207;149;202;220
6972.0;76;165;207;148;203;221
6978.0;77;165;207;147;203;221
6984.0;78;166;208;145;202;221
6990.0;79;166;207;146;202;220
6996.0;80;166;207;146;200;221
7002.0;79;166;206;146;202;221
7008.0;79;166;206;146;202;221
7014.0;80;166;206;145;202;221
7020.0;80;166;206;145;202;221
7026.0;81;166;206;145;201;221
7032.0;80;167;207;145;200;221
7038.0;80;166;208;146;200;220
7044.0;79;167;209;144;202;219
7050.0;78;168;210;144;203;217
7056.0;78;168;210;144;205;215
7062.0;77;169;210;145;204;215
7068.0;77;168;209;145;206;215
7074.0;75;168;210;146;205;216
7080.0;75;168;211;145;206;215
7086.0;73;169;212;145;206;215
7092.0;72;169;212;145;206;216
7098.0;70;167;213;146;207;217
7104.0;71;167;211;145;208;218
7110.0;71;167;211;145;208;218
7116.0;70;167;210;147;209;217
7122.0;69;166;210;147;211;217
7128.0;70;162;210;147;213;218
7134.0;71;160;210;146;214;219
7140.0;71;160;211;146;214;218
7146.0;71;160;211;146;213;219
7152.0;72;160;211;146;212;219
7158.0;71;159;214;144;213;219
7164.0;69;162;213;144;213;219
7170.0;69;161;215;144;214;217
7176.0;70;160;216;143;214;217
7182.0;70;159;217;143;214;217
7188.0;70;158;216;144;214;218
7194.0;70;157;216;144;214;219
7200.0;71;156;214;144;215;220
7206.0;70;156;215;144;215;220
7212.0;69;158;215;143;215;220
7218.0;68;159;215;143;215;220
7224.0;68;158;216;143;215;220
7230.0;68;158;215;144;214;221
7236.0;68;158;215;143;214;222
7242.0;69;158;215;142;214;222
7248.0;69;159;216;141;213;222
7254.0;69;158;217;142;213;221
7260.0;71;156;217;143;212;221
7266.0;70;156;217;143;212;222
7272.0;70;156;216;143;213;222
7278.0;70;156;216;143;213;222
7284.0;69;156;216;144;214;221
7290.0;67;158;217;143;214;221
7296.0;67;158;217;143;214;221
7302.0;65;158;220;143;213;221
7308.0;65;157;221;142;213;222
7314.0;66;157;220;142;213;222
7320.0;66;157;220;143;214;220
7326.0;67;156;220;143;214;220
7332.0;68;155;220;143;214;220
7338.0;68;155;219;143;214;221
7344.0;69;155;218;143;214;221
7350.0;69;157;219;142;213;220
7356.0;69;160;218;142;211;220
7362.0;69;160;217;143;211;220
7368.0;69;161;218;143;210;219
7374.0;67;161;220;143;210;219
7380.0;67;161;219;143;210;220
7386.0;67;161;221;143;210;218
7392.0;67;161;220;143;211;218
7398.0;67;161;220;142;212;218
7404.0;68;161;219;142;212;218
7410.0;68;161;220;141;212;218
7416.0;71;159;220;140;212;218
7422.0;71;159;220;140;212;218
7428.0;72;159;221;139;211;218
7434.0;73;160;220;138;210;219
7440.0;73;161;220;138;210;218
7446.0;72;161;220;137;211;219
7452.0;72;161;220;138;211;218
7458.0;72;160;220;140;210;218
7464.0;71;160;220;140;211;218
7470.0;71;159;220;141;211;218
7476.0;72;159;220;140;210;219
7482.0;72;158;221;140;210;219
7488.0;72;158;220;140;211;219
7494.0;72;158;221;141;210;218
7500.0;72;155;223;140;210;220
7506.0;73;154;222;139;211;221
7512.0;73;154;222;139;211;221
7518.0;73;154;222;139;211;221
7524.0;72;154;223;139;211;221
7530.0;71;154;224;139;210;222
7536.0;70;154;225;138;211;222
7542.0;71;153;225;140;211;220
7548.0;71;152;224;140;212;221
7554.0;71;152;225;140;211;221
7560.0;71;151;225;140;212;221
7566.0;71;151;226;140;211;221
7572.0;71;152;225;140;211;221
7578.0;70;152;226;141;209;222
7584.0;70;152;225;141;210;222
7590.0;70;151;225;142;210;222
7596.0;69;151;225;142;210;223
7602.0;69;151;224;142;212;222
7608.0;68;152;224;141;212;223
7614.0;68;152;224;142;211;223
7620.0;69;151;224;141;211;224
7626.0;71;149;224;141;211;224
7632.0;71;149;224;140;212;224
7638.0;71;150;223;140;212;224
7644.0;72;148;223;141;213;223
7650.0;72;148;223;141;213;223
7656.0;72;148;223;141;213;223
7662.0;73;148;223;142;212;222
7668.0;75;147;225;141;210;222
7674.0;76;148;225;140;210;221
7680.0;76;146;227;140;208;223
7686.0;77;146;227;139;208;223
7692.0;76;145;227;138;209;225
7698.0;75;146;227;140;209;223
7704.0;76;146;228;140;208;222
7710.0;75;145;229;140;208;223
7716.0;75;146;229;140;207;223
7722.0;74;146;229;140;207;224
7728.0;75;148;228;140;205;224
7734.0;75;146;227;140;206;226
7740.0;76;145;228;139;206;226
7746.0;76;147;229;139;207;222
7752.0;76;146;229;139;208;222
7758.0;76;147;228;139;207;223
7764.0;78;146;227;138;207;224
7770.0;79;147;226;137;206;225
7776.0;80;147;226;136;206;225
7782.0;80;147;225;135;208;225
7788.0;78;148;227;134;209;224
7794.0;78;148;227;134;209;224
7800.0;79;148;227;134;210;222
7806.0;79;148;227;134;210;222
7812.0;79;148;227;134;210;222
7818.0;79;148;226;134;211;222
7824.0;79;147;227;133;211;223
7830.0;78;147;226;135;210;224
7836.0;77;148;225;135;212;223
7842.0;79;150;223;135;210;223
7848.0;80;150;223;135;210;222
7854.0;79;150;224;134;210;223
7860.0;79;149;225;136;209;222
7866.0;79;149;225;136;209;222
7872.0;79;149;225;137;209;221
7878.0;79;149;224;137;209;222
7884.0;79;148;225;137;210;221
7890.0;79;148;225;137;210;221
7896.0;79;150;223;137;210;221
7902.0;78;149;225;137;209;222
7908.0;78;149;225;138;210;220
7914.0;78;149;225;138;210;220
7920.0;78;147;225;141;210;219
7926.0;78;147;225;141;210;219
7932.0;79;147;225;141;209;219
7938.0;79;147;225;141;209;219
7944.0;78;146;226;140;210;220
7950.0;78;146;226;140;210;220
7956.0;77;144;227;141;211;220
7962.0;77;142;228;142;211;220
7968.0;78;141;229;141;211;220
7974.0;79;140;230;141;210;220
7980.0;79;140;231;140;211;219
7986.0;79;142;232;140;209;218
7992.0;80;142;231;140;210;217
7998.0;79;142;230;141;211;217
8004.0;78;142;230;140;211;219
8010.0;77;142;229;139;214;219
8016.0;77;143;229;138;215;218
8022.0;78;144;227;138;215;218
8028.0;78;144;227;139;215;217
8034.0;78;143;228;139;215;217
8040.0;78;143;228;139;216;216
8046.0;78;142;228;141;215;216
8052.0;78;143;228;140;215;216
8058.0;78;144;228;138;215;217
8064.0;79;145;228;138;213;217
8070.0;79;145;229;138;213;216
8076.0;78;145;229;137;214;217
8082.0;81;145;229;136;214;215
8088.0;79;147;230;136;214;214
8094.0;79;147;228;137;214;215
8100.0;79;147;228;137;214;215
8106.0;78;147;228;137;215;215
8112.0;78;147;228;137;215;215
8118.0;77;147;228;137;217;214
8124.0;76;147;228;137;217;215
8130.0;75;148;227;136;219;215
8136.0;75;148;227;135;220;215
8142.0;77;146;227;134;219;217
8148.0;78;146;226;134;219;217
8154.0;80;145;225;134;219;217
8160.0;80;146;225;133;219;217
8166.0;80;146;225;134;218;217
8172.0;77;148;225;133;218;219
8178.0;78;148;225;133;217;219
8184.0;78;148;226;133;216;219
8190.0;78;148;226;133;216;219
8196.0;78;148;226;133;216;219
8202.0;78;148;226;133;216;219
8208.0;78;147;226;133;217;219
8214.0;78;147;226;133;217;219
8220.0;79;147;225;133;217;219
8226.0;79;147;225;133;217;219
8232.0;79;148;226;134;215;218
8238.0;80;148;226;133;215;218
8244.0;80;146;225;136;214;219
8250.0;80;146;226;136;213;219
8256.0;81;145;226;136;213;219
8262.0;82;145;225;137;213;218
8268.0;82;145;226;137;211;219
8274.0;82;147;224;137;211;219
8280.0;81;147;224;137;212;219
8286.0;82;147;222;137;213;219
8292.0;83;147;222;137;212;219
8298.0;83;148;222;136;211;220
8304.0;83;147;222;136;211;221
8310.0;82;147;222;137;211;221
8316.0;83;147;222;135;212;221
8322.0;83;147;221;136;211;222
8328.0;82;146;221;137;213;221
8334.0;82;145;221;136;215;221
8340.0;83;145;222;136;214;220
8346.0;85;144;223;135;213;220
8352.0;85;145;223;134;213;220
8358.0;86;146;224;133;212;219
8364.0;87;147;222;133;213;218
8370.0;85;147;221;135;214;218
8376.0;85;146;221;135;215;218
8382.0;84;146;222;135;214;219
8388.0;84;145;222;136;214;219
8394.0;83;145;222;136;215;219
8400.0;83;144;222;136;216;219
8406.0;83;145;222;136;215;219
8412.0;82;145;222;136;216;219
8418.0;83;145;221;136;214;221
8424.0;83;145;221;137;216;218
8430.0;83;145;222;137;215;218
8436.0;83;145;223;136;215;218
8442.0;85;143;224;136;214;218
8448.0;86;143;225;136;213;217
8454.0;86;142;226;133;213;220
8460.0;86;142;227;134;213;218
8466.0;87;143;227;134;213;216
8472.0;88;144;224;134;212;218
8478.0;89;143;222;135;214;217
8484.0;89;143;222;136;214;216
8490.0;89;142;222;137;214;216
8496.0;89;143;222;136;213;217
8502.0;87;144;220;137;214;218
8508.0;86;143;220;137;216;218
8514.0;87;143;219;137;214;220
8520.0;86;144;219;137;214;220
8526.0;87;143;218;137;215;220
8532.0;86;143;218;137;215;221
8538.0;87;144;214;139;216;220
8544.0;86;144;214;140;216;220
8550.0;88;143;214;139;218;218
8556.0;88;145;216;139;217;215
8562.0;87;147;216;139;216;215
8568.0;87;147;216;139;215;216
8574.0;87;146;214;139;217;217
8580.0;87;145;215;140;217;216
8586.0;86;145;216;140;216;217
8592.0;86;144;215;140;217;218
8598.0;87;142;216;140;216;219
8604.0;87;143;216;141;215;218
8610.0;88;143;216;140;215;218
8616.0;88;143;216;139;215;219
8622.0;88;144;216;139;215;218
8628.0;87;143;215;138;217;220
8634.0;87;141;218;138;215;221
8640.0;88;142;217;138;215;220
8646.0;88;144;215;139;215;219
8652.0;87;143;216;140;215;219
8658.0;84;143;215;141;217;220
8664.0;84;144;216;140;217;219
8670.0;82;143;216;140;219;220
8676.0;81;143;216;140;220;220
8682.0;81;143;216;140;220;220
8688.0;80;141;217;140;221;221
8694.0;80;141;219;141;220;219
8700.0;81;141;218;143;218;219
8706.0;81;141;219;142;219;218
8712.0;82;141;220;142;217;218
8718.0;82;141;219;142;217;219
8724.0;81;141;220;142;217;219
8730.0;80;142;220;141;218;219
8736.0;79;142;220;141;219;219
8742.0;79;142;221;141;218;219
8748.0;79;142;221;141;218;219
8754.0;79;142;221;141;219;218
8760.0;77;142;223;141;219;218
8766.0;77;144;223;141;218;217
8772.0;77;144;224;141;217;217
8778.0;78;142;223;143;219;215
8784.0;77;142;223;144;220;214
8790.0;77;142;222;145;220;214
8796.0;76;143;224;142;220;215
8802.0;78;142;224;142;219;215
8808.0;78;141;224;142;218;217
8814.0;78;141;223;143;218;217
8820.0;78;140;223;144;218;217
8826.0;78;140;223;144;218;217
8832.0;78;138;223;144;219;218
8838.0;80;138;221;146;218;217
8844.0;80;138;222;145;216;219
8850.0;82;139;221;144;216;218
8856.0;82;138;221;143;217;219
8862.0;81;138;221;143;218;219
8868.0;83;135;222;143;217;220
8874.0;84;135;222;143;216;220
8880.0;84;133;222;145;217;219
8886.0;84;133;222;143;217;221
8892.0;82;134;222;143;217;222
8898.0;81;134;222;143;217;223
8904.0;83;134;220;144;216;223
8910.0;83;136;221;144;215;221
8916.0;82;137;222;144;215;220
8922.0;82;137;223;143;215;220
8928.0;84;137;223;142;215;219
8934.0;84;136;223;142;216;219
8940.0;84;136;223;142;216;219
8946.0;82;135;222;146;216;219
8952.0;82;136;221;146;216;219
8958.0;82;136;221;145;217;219
8964.0;82;136;221;145;217;219
8970.0;82;137;221;144;217;219
8976.0;82;138;221;144;216;219
8982.0;81;138;221;144;216;220
8988.0;80;138;220;144;219;219
8994.0;81;139;218;144;219;219
9000.0;80;138;218;144;219;221
9006.0;80;138;218;144;219;221
9012.0;81;137;219;142;220;221
9018.0;81;137;217;143;220;222
9024.0;81;137;217;143;220;222
9030.0;81;137;217;144;219;222
9036.0;82;137;217;142;220;222
9042.0;81;137;217;142;220;223
9048.0;81;137;217;142;219;224
9054.0;81;137;216;143;219;224
9060.0;81;137;215;143;221;223
9066.0;81;137;215;143;221;223
9072.0;81;137;215;144;220;223
9078.0;80;138;215;143;221;223
9084.0;80;138;216;144;221;221
9090.0;81;138;214;144;222;221
9096.0;78;138;213;145;224;222
9102.0;79;138;214;144;224;221
9108.0;78;138;215;145;224;220
9114.0;78;137;215;144;226;220
9120.0;78;137;214;144;226;221
9126.0;78;138;214;144;226;220
9132.0;78;138;214;144;228;218
9138.0;79;138;212;144;229;218
9144.0;79;139;211;144;229;218
9150.0;78;139;211;144;230;218
9156.0;78;140;211;143;229;219
9162.0;78;139;213;144;229;217
9168.0;78;140;213;144;228;217
9174.0;78;140;213;144;228;217
9180.0;80;140;213;141;229;217
9186.0;79;141;213;140;229;218
9192.0;79;142;213;140;229;217
9198.0;79;142;214;140;228;217
9204.0;80;141;213;141;229;216
9210.0;80;141;212;141;229;217
9216.0;80;140;212;141;229;218
9222.0;80;140;213;140;229;218
9228.0;80;141;213;140;228;218
9234.0;78;141;213;140;228;220
9240.0;80;140;211;140;229;220
9246.0;80;138;212;141;228;221
9252.0;80;139;210;141;228;222
9258.0;80;140;210;141;228;221
9264.0;81;139;210;141;228;221
9270.0;80;139;211;141;228;221
9276.0;80;138;212;142;227;221
9282.0;80;137;213;142;226;222
9288.0;80;136;211;145;225;223
9294.0;80;136;211;145;225;223
9300.0;80;136;211;144;225;224
9306.0;80;136;211;145;225;223
9312.0;80;135;212;143;226;224
9318.0;78;136;213;143;227;223
9324.0;77;135;213;144;227;224
9330.0;78;135;212;144;225;226
9336.0;78;134;213;144;224;227
9342.0;77;134;213;144;224;228
9348.0;77;134;212;145;224;228
9354.0;78;132;212;145;224;229
9360.0;78;131;211;145;224;231
9366.0;78;132;210;145;224;231
9372.0;78;132;210;145;224;231
9378.0;79;132;210;145;224;230
9384.0;79;132;210;145;224;230
9390.0;80;132;210;144;224;230
9396.0;78;132;210;146;225;229
9402.0;78;133;210;146;224;229
9408.0;78;133;210;146;224;229
9414.0;78;132;212;146;224;228
9420.0;78;131;213;146;224;228
9426.0;80;131;213;143;225;228
9432.0;78;132;213;142;225;230
9438.0;78;131;214;142;225;230
9444.0;78;130;214;143;227;228
9450.0;77;131;213;142;227;230
9456.0;78;131;213;142;226;230
9462.0;78;132;213;142;226;229
9468.0;78;132;214;140;227;229
9474.0;76;133;214;141;227;229
9480.0;76;132;215;141;227;229
9486.0;77;132;213;141;226;231
9492.0;77;132;213;140;227;231
9498.0;77;131;213;140;227;232
9504.0;77;130;212;141;226;234
9510.0;77;131;212;141;225;234
9516.0;78;131;212;141;224;234
9522.0;80;132;212;140;223;233
9528.0;80;132;212;140;223;233
9534.0;80;131;212;140;223;234
9540.0;80;131;212;139;224;234
9546.0;80;131;213;139;223;234
9552.0;80;130;213;139;224;234
9558.0;81;129;213;139;224;234
9564.0;80;129;212;139;227;233
9570.0;80;130;212;136;228;234
9576.0;80;129;212;136;228;235
9582.0;80;130;210;137;228;235
9588.0;80;130;210;137;228;235
9594.0;79;130;212;137;228;234
9600.0;79;130;213;136;228;234
9606.0;79;129;214;134;229;235
9612.0;79;128;213;135;230;235
9618.0;77;127;214;136;231;235
9624.0;77;127;214;136;231;235
9630.0;75;127;214;136;232;236
9636.0;76;128;213;136;232;235
9642.0;76;127;213;137;232;235
9648.0;75;128;214;137;232;234
9654.0;75;128;214;137;232;234
9660.0;75;127;214;138;233;233
9666.0;75;128;215;138;232;232
9672.0;76;127;214;139;233;231
9678.0;77;126;214;141;232;230
9684.0;76;128;214;140;232;230
9690.0;75;128;214;140;233;230
9696.0;75;129;214;140;231;231
9702.0;77;130;213;141;230;229
9708.0;76;131;215;144;227;227
9714.0;73;132;214;146;228;227
9720.0;73;131;214;147;229;226
9726.0;72;131;214;147;229;227
9732.0;72;131;214;147;228;228
9738.0;69;131;216;148;228;228
9744.0;71;130;215;149;228;227
9750.0;71;131;214;149;228;227
9756.0;71;131;214;150;228;226
9762.0;71;131;214;150;229;225
9768.0;71;132;212;151;229;225
9774.0;70;135;212;151;228;224
9780.0;71;134;213;150;228;224
9786.0;71;135;213;150;228;223
9792.0;71;135;214;150;227;223
9798.0;71;134;216;149;227;223
9804.0;71;134;216;150;226;223
9810.0;71;135;215;150;226;223
9816.0;70;135;214;150;226;225
9822.0;70;134;214;151;226;225
9828.0;70;133;214;151;227;225
9834.0;71;133;215;150;227;224
9840.0;72;134;216;151;224;223
9846.0;71;134;216;152;223;224
9852.0;71;136;215;152;223;223
9858.0;71;135;215;152;224;223
9864.0;70;135;214;152;223;226
9870.0;71;134;214;152;224;225
9876.0;71;134;214;150;227;224
9882.0;70;134;214;150;228;224
9888.0;71;134;213;150;228;224
9894.0;71;134;213;150;228;224
9900.0;70;134;213;151;228;224
9906.0;70;134;213;151;228;224
9912.0;70;134;213;151;228;224
9918.0;70;134;216;151;228;221
9924.0;69;134;216;151;228;222
9930.0;69;135;216;150;228;222
9936.0;69;135;215;150;229;222
9942.0;70;134;215;150;228;223
9948.0;72;133;216;149;227;223
9954.0;72;132;219;148;227;222
9960.0;72;132;218;149;227;222
9966.0;71;132;217;150;228;222
9972.0;71;132;216;151;228;222
9978.0;70;133;217;151;227;222
9984.0;71;133;215;152;226;223
9990.0;71;133;214;152;227;223
9996.0;71;131;213;153;228;224
10002.0;69;131;213;153;230;224
10008.0;69;131;213;153;230;224
10014.0;71;132;212;152;228;225
10020.0;70;131;211;154;228;226
10026.0;70;131;212;155;227;225
10032.0;72;130;210;155;228;225
10038.0;73;130;209;155;228;225
10044.0;72;130;213;156;227;222
10050.0;72;130;213;157;226;222
10056.0;72;128;213;157;227;223
10062.0;73;127;213;157;228;222
10068.0;73;126;214;156;228;223
10074.0;72;127;214;156;228;223
10080.0;72;127;214;156;228;223
10086.0;72;126;215;156;228;223
10092.0;72;126;214;156;228;224
10098.0;72;126;214;156;227;225
10104.0;71;130;214;156;225;224
10110.0;73;129;214;156;224;224
10116.0;73;129;214;156;224;224
10122.0;74;128;216;155;224;223
10128.0;74;128;216;154;224;224
10134.0;74;128;215;155;224;224
10140.0;74;128;215;154;225;224
10146.0;74;128;215;154;225;224
10152.0;74;130;215;154;225;222
10158.0;74;130;215;155;223;223
10164.0;74;130;215;154;224;223
10170.0;74;130;216;154;223;223
10176.0;74;130;216;155;223;222
10182.0;74;129;216;155;223;223
10188.0;75;129;217;155;222;222
10194.0;74;130;217;155;223;221
10200.0;73;129;217;156;223;222
10206.0;74;130;216;157;221;222
10212.0;74;130;216;156;222;222
10218.0;74;131;215;157;221;222
10224.0;73;131;215;157;222;222
10230.0;73;131;215;156;222;223
10236.0;73;131;215;156;222;223
10242.0;71;131;216;156;222;224
10248.0;71;131;215;157;221;225
10254.0;69;130;217;157;221;226
10260.0;70;129;218;158;220;225
10266.0;71;129;218;158;220;224
10272.0;72;129;217;158;220;224
10278.0;73;129;217;157;220;224
10284.0;73;126;219;159;220;223
10290.0;71;128;219;159;220;223
10296.0;70;128;219;158;221;224
10302.0;69;128;219;158;222;224
10308.0;69;128;219;158;221;225
10314.0;69;128;217;159;221;226
10320.0;68;128;218;159;221;226
10326.0;69;128;217;155;222;229
10332.0;71;128;217;155;222;227
10338.0;71;128;217;155;222;227
10344.0;70;129;217;155;221;228
10350.0;71;128;216;156;221;228
10356.0;71;128;213;157;223;228
10362.0;71;127;212;158;224;228
10368.0;75;124;211;160;223;227
10374.0;74;123;211;161;223;228
10380.0;73;124;212;161;224;226
10386.0;74;124;212;161;223;226
10392.0;73;124;212;161;224;226
10398.0;73;125;211;161;223;227
10404.0;73;126;211;161;223;226
10410.0;72;128;210;161;223;226
10416.0;72;129;211;159;221;228
10422.0;72;128;209;161;222;228
10428.0;73;128;209;161;222;227
10434.0;74;127;209;161;222;227
10440.0;75;126;209;161;222;227
10446.0;75;127;209;160;222;227
10452.0;75;127;209;159;221;229
10458.0;71;127;209;159;224;230
10464.0;70;129;209;159;223;230
10470.0;72;129;208;159;222;230
10476.0;72;128;208;160;222;230
10482.0;72;128;208;160;222;230
10488.0;72;127;208;161;221;231
10494.0;71;127;208;161;221;232
10500.0;72;127;208;162;221;230
10506.0;71;127;208;163;221;230
10512.0;71;127;209;163;221;229
10518.0;71;127;208;163;221;230
10524.0;71;125;207;163;222;232
10530.0;72;124;207;164;222;231
10536.0;73;123;206;165;223;230
10542.0;72;124;206;164;223;231
10548.0;71;125;206;164;223;231
10554.0;71;125;206;164;223;231
10560.0;70;123;208;164;222;233
10566.0;70;121;209;164;222;234
10572.0;69;121;209;164;224;233
10578.0;69;120;210;164;224;233
10584.0;70;121;210;163;223;233
10590.0;71;120;210;163;223;233
10596.0;71;119;210;162;224;234
10602.0;71;119;211;162;223;234
10608.0;70;119;209;163;224;235
10614.0;71;119;208;163;224;235
10620.0;71;119;208;163;225;234
10626.0;71;120;209;163;225;232
10632.0;73;119;210;163;225;230
10638.0;73;119;209;163;225;231
10644.0;72;119;209;164;225;231
10650.0;72;120;211;163;224;230
10656.0;73;120;211;163;223;230
10662.0;73;120;211;163;223;230
10668.0;74;120;210;163;224;229
10674.0;76;121;209;162;225;227
10680.0;76;121;210;161;225;227
10686.0;76;121;210;161;226;226
10692.0;76;121;210;161;227;225
10698.0;76;121;211;161;227;224
10704.0;77;122;211;161;226;223
10710.0;77;123;210;161;226;223
10716.0;78;124;211;159;225;223
10722.0;77;127;213;159;224;220
10728.0;76;128;213;160;223;220
10734.0;79;127;211;161;222;220
10740.0;78;127;211;163;222;219
10746.0;78;126;211;162;222;221
10752.0;78;126;212;161;222;221
10758.0;78;126;212;161;222;221
10764.0;78;126;212;161;222;221
10770.0;78;126;212;161;222;221
10776.0;78;127;211;160;222;222
10782.0;77;128;212;159;224;220
10788.0;77;129;212;157;225;220
10794.0;76;131;212;156;225;220
