#auto generated file!
12.0;55;57;47;50;50;47
18.0;54;57;48;50;50;47
24.0;54;56;48;50;51;47
30.0;54;57;47;50;51;47
36.0;52;58;47;50;52;47
42.0;52;58;47;49;53;47
48.0;52;58;47;49;53;47
54.0;51;58;47;49;53;48
60.0;50;58;47;47;53;51
66.0;49;59;47;48;52;51
72.0;49;59;47;48;52;51
78.0;49;59;47;48;52;51
84.0;49;59;47;48;53;50
90.0;49;59;47;48;53;50
96.0;49;59;47;47;55;49
102.0;49;59;47;47;55;49
108.0;49;59;47;47;55;49
114.0;49;59;47;48;54;49
120.0;49;59;47;48;54;49
126.0;49;58;47;49;54;49
132.0;49;58;47;49;54;49
138.0;49;58;47;49;54;49
144.0;49;59;47;48;54;49
150.0;49;59;47;48;54;49
156.0;49;59;47;48;54;49
162.0;48;59;47;48;54;50
168.0;48;59;48;48;53;50
174.0;48;58;48;48;54;50
180.0;48;58;48;48;54;50
186.0;48;58;48;48;54;50
192.0;49;56;47;48;56;50
198.0;49;56;48;48;56;49
204.0;49;56;48;48;56;49
210.0;49;55;48;48;56;50
216.0;49;55;48;48;56;50
222.0;48;55;48;49;56;50
228.0;48;55;48;49;56;50
234.0;47;56;48;49;56;50
240.0;47;56;48;49;57;49
246.0;46;56;48;50;57;49
252.0;46;56;48;50;57;49
258.0;46;56;48;50;57;49
264.0;46;56;48;51;56;49
270.0;45;56;48;52;56;49
276.0;45;56;48;52;56;49
282.0;45;56;48;52;56;49
288.0;46;56;48;52;55;49
294.0;46;56;50;50;55;49
300.0;46;56;50;50;55;49
306.0;47;56;51;49;54;49
312.0;48;55;51;49;54;49
318.0;48;55;51;49;54;49
324.0;47;56;51;48;55;49
330.0;47;56;51;48;55;49
336.0;47;56;51;48;56;48
342.0;46;56;51;48;57;48
348.0;46;56;52;48;57;47
354.0;46;56;52;48;57;47
360.0;46;55;52;48;58;47
366.0;46;54;52;48;58;48
372.0;44;56;52;48;58;48
378.0;44;56;52;48;58;48
384.0;44;56;52;48;58;48
390.0;44;56;52;48;59;47
396.0;44;56;52;48;59;47
402.0;44;55;52;48;59;48
408.0;44;55;52;48;59;48
414.0;44;55;52;48;59;48
420.0;44;55;52;48;59;48
426.0;44;55;53;47;59;48
432.0;44;55;54;46;59;48
438.0;44;54;55;46;59;48
444.0;44;53;54;46;61;48
450.0;44;53;54;46;61;48
456.0;43;53;54;46;61;49
462.0;43;53;54;46;61;49
468.0;43;53;54;46;61;49
474.0;43;53;54;46;61;49
480.0;43;53;54;45;62;49
486.0;43;53;54;45;62;49
492.0;43;53;54;45;62;49
498.0;43;53;54;45;62;49
504.0;43;53;54;45;62;49
510.0;43;53;54;45;62;49
516.0;43;53;54;45;62;49
522.0;43;53;53;45;63;49
528.0;43;53;53;45;63;49
534.0;43;53;53;45;63;49
540.0;43;52;53;45;63;50
546.0;42;52;53;45;63;51
552.0;42;52;53;45;63;51
558.0;42;52;53;45;63;51
564.0;42;52;53;45;63;51
570.0;42;51;53;45;63;52
576.0;42;51;53;46;62;52
582.0;43;51;52;46;62;52
588.0;43;52;52;45;62;52
594.0;43;51;52;46;62;52
600.0;43;52;52;46;62;51
606.0;43;52;52;46;62;51
612.0;43;52;52;46;62;51
618.0;43;51;52;47;63;50
624.0;43;51;52;47;63;50
630.0;42;50;53;47;63;51
636.0;41;50;53;47;63;52
642.0;41;50;53;47;63;52
648.0;40;50;54;47;63;52
654.0;41;49;54;47;63;52
660.0;41;49;54;47;63;52
666.0;40;50;54;47;63;52
672.0;41;50;53;47;63;52
678.0;41;50;53;47;63;52
684.0;41;50;53;47;63;52
690.0;41;50;53;47;64;51
696.0;41;50;52;47;65;51
702.0;41;50;52;47;65;51
708.0;42;50;49;48;65;52
714.0;42;50;49;48;65;52
720.0;42;49;51;48;64;52
726.0;42;48;52;48;64;52
732.0;42;48;53;47;64;52
738.0;41;50;53;46;64;52
744.0;40;50;53;46;65;52
750.0;40;50;53;46;65;52
756.0;41;50;51;46;66;52
762.0;40;50;51;46;66;53
768.0;40;50;51;46;66;53
774.0;40;49;51;46;67;53
780.0;40;48;52;45;67;54
786.0;40;48;52;46;66;54
792.0;38;48;52;47;67;54
798.0;39;48;52;47;66;54
804.0;39;48;52;47;66;54
810.0;38;47;52;47;68;54
816.0;38;47;53;47;67;54
822.0;38;47;53;47;67;54
828.0;37;48;53;47;67;54
834.0;37;48;53;47;67;54
840.0;37;47;53;48;67;54
846.0;37;47;53;48;67;54
852.0;37;48;52;47;67;55
858.0;37;47;51;48;67;56
864.0;36;47;52;48;67;56
870.0;36;47;52;48;67;56
876.0;36;47;52;48;67;56
882.0;36;46;53;48;67;56
888.0;36;46;53;48;67;56
894.0;36;46;53;48;67;56
900.0;36;46;53;48;67;56
906.0;37;45;53;48;67;56
912.0;37;45;53;48;67;56
918.0;37;45;53;48;67;56
924.0;37;45;53;48;67;56
930.0;37;45;53;48;67;56
936.0;37;45;53;48;67;56
942.0;37;45;53;48;67;56
948.0;37;45;53;48;67;56
954.0;38;45;52;48;67;56
960.0;38;45;52;47;67;57
966.0;38;45;52;46;67;58
972.0;38;45;50;47;68;58
978.0;37;47;50;47;67;58
984.0;37;47;50;47;67;58
990.0;37;46;50;47;69;57
996.0;37;46;50;47;69;57
1002.0;36;47;50;47;69;57
1008.0;36;47;51;46;69;57
1014.0;36;47;51;46;69;57
1020.0;35;48;51;46;68;58
1026.0;35;48;52;45;68;58
1032.0;35;48;53;45;67;58
1038.0;35;48;53;45;67;58
1044.0;34;48;53;46;67;58
1050.0;34;48;53;46;66;59
1056.0;34;48;53;46;66;59
1062.0;34;48;53;46;66;59
1068.0;34;47;53;46;65;61
1074.0;33;47;53;46;66;61
1080.0;33;47;54;46;65;61
1086.0;31;47;54;46;66;62
1092.0;31;47;54;46;66;62
1098.0;31;47;54;46;66;62
1104.0;31;47;55;45;66;62
1110.0;31;47;55;45;66;62
1116.0;31;47;55;45;66;62
1122.0;31;46;56;45;66;62
1128.0;30;46;56;45;67;62
1134.0;29;46;56;46;67;62
1140.0;28;46;56;47;67;62
1146.0;28;45;56;47;67;63
1152.0;28;45;56;47;67;63
1158.0;28;46;55;47;67;63
1164.0;28;46;56;46;67;63
1170.0;28;46;56;46;67;63
1176.0;28;46;56;46;67;63
1182.0;27;47;55;47;67;63
1188.0;27;47;55;47;67;63
1194.0;27;47;55;47;67;63
1200.0;27;47;55;47;66;64
1206.0;27;47;55;47;66;64
1212.0;27;47;55;47;66;64
1218.0;27;47;55;47;67;63
1224.0;27;47;55;47;67;63
1230.0;27;46;55;48;67;63
1236.0;28;46;55;48;67;62
1242.0;28;46;55;48;67;62
1248.0;28;46;55;49;67;61
1254.0;28;46;55;50;67;60
1260.0;27;46;56;50;67;60
1266.0;27;46;56;50;67;60
1272.0;27;47;56;50;66;60
1278.0;27;47;56;50;66;60
1284.0;28;47;56;50;65;60
1290.0;28;49;56;50;64;59
1296.0;28;49;56;49;64;60
1302.0;28;49;56;49;64;60
1308.0;28;48;56;49;64;61
1314.0;28;47;56;50;64;61
1320.0;28;47;56;50;64;61
1326.0;29;47;56;50;64;60
1332.0;29;47;56;49;65;60
1338.0;28;47;56;48;65;62
1344.0;28;47;56;48;65;62
1350.0;28;47;56;48;65;62
1356.0;28;46;57;48;65;62
1362.0;28;46;57;48;65;62
1368.0;28;46;57;48;65;62
1374.0;29;46;57;48;64;62
1380.0;29;46;57;49;64;61
1386.0;28;47;57;49;64;61
1392.0;29;47;56;48;65;61
1398.0;29;47;56;48;65;61
1404.0;29;47;56;48;65;61
1410.0;29;47;56;48;65;61
1416.0;29;47;56;48;65;61
1422.0;30;47;56;48;65;60
1428.0;30;47;56;48;65;60
1434.0;30;47;57;46;65;61
1440.0;29;48;57;46;65;61
1446.0;29;48;56;46;65;62
1452.0;28;50;56;46;65;61
1458.0;28;50;56;46;65;61
1464.0;28;49;57;46;65;61
1470.0;29;49;57;46;65;60
1476.0;29;49;57;46;65;60
1482.0;29;51;56;46;65;59
1488.0;29;51;56;46;65;59
1494.0;29;51;56;46;65;59
1500.0;29;51;57;46;65;58
1506.0;29;51;57;46;65;58
1512.0;29;51;57;46;65;58
1518.0;29;51;58;47;65;56
1524.0;29;51;58;47;65;56
1530.0;29;51;58;48;64;56
1536.0;29;51;58;48;64;56
1542.0;29;51;58;48;64;56
1548.0;29;51;58;48;63;57
1554.0;29;51;58;48;63;57
1560.0;30;51;58;48;63;56
1566.0;30;51;58;48;63;56
1572.0;30;51;58;48;63;56
1578.0;31;50;58;48;63;56
1584.0;31;50;58;48;63;56
1590.0;31;50;57;48;64;56
1596.0;31;49;57;49;62;58
1602.0;31;49;57;49;62;58
1608.0;31;48;58;49;61;59
1614.0;31;47;56;48;64;60
1620.0;31;47;55;48;64;61
1626.0;31;49;54;48;64;60
1632.0;31;49;53;49;64;60
1638.0;31;49;53;49;64;60
1644.0;31;49;53;49;64;60
1650.0;30;49;54;49;63;61
1656.0;30;49;54;49;63;61
1662.0;30;49;55;48;63;61
1668.0;30;48;55;49;63;61
1674.0;30;48;55;49;63;61
1680.0;30;48;55;49;63;61
1686.0;30;49;53;49;64;61
1692.0;30;49;53;49;64;61
1698.0;30;49;53;48;65;61
1704.0;29;46;53;51;65;62
1710.0;27;47;53;51;65;63
1716.0;27;47;54;51;64;63
1722.0;27;47;56;49;64;63
1728.0;27;47;56;49;64;63
1734.0;27;47;56;49;64;63
1740.0;27;46;56;49;64;64
1746.0;27;46;56;49;64;64
1752.0;26;45;56;50;64;65
1758.0;27;44;56;51;63;65
1764.0;27;44;55;52;63;65
1770.0;27;44;55;53;62;65
1776.0;28;44;56;51;62;65
1782.0;28;44;56;51;62;65
1788.0;28;44;56;52;62;64
1794.0;28;43;56;53;62;64
1800.0;28;43;56;53;62;64
1806.0;28;43;56;53;62;64
1812.0;28;43;56;53;62;64
1818.0;28;43;56;53;62;64
1824.0;30;42;55;53;62;64
1830.0;30;41;56;52;63;64
1836.0;30;41;56;52;63;64
1842.0;30;41;56;52;63;64
1848.0;30;41;56;53;62;64
1854.0;30;41;56;53;62;64
1860.0;30;41;56;53;62;64
1866.0;30;41;57;53;62;63
1872.0;30;40;58;53;62;63
1878.0;30;40;58;53;62;63
1884.0;30;40;58;53;62;63
1890.0;30;40;58;53;62;63
1896.0;30;40;58;53;62;63
1902.0;29;41;58;53;62;63
1908.0;29;41;58;53;62;63
1914.0;29;41;58;53;61;64
1920.0;29;42;58;52;61;64
1926.0;30;41;58;52;61;64
1932.0;30;39;58;52;61;66
1938.0;30;39;58;52;61;66
1944.0;30;39;58;52;61;66
1950.0;30;39;58;52;61;66
1956.0;29;39;58;52;61;67
1962.0;29;39;58;51;61;68
1968.0;29;39;58;51;61;68
1974.0;29;39;58;51;61;68
1980.0;30;39;57;51;61;68
1986.0;30;39;56;52;61;68
1992.0;30;39;56;52;61;68
1998.0;30;39;56;52;60;69
2004.0;30;39;56;52;60;69
2010.0;30;39;56;52;60;69
2016.0;30;39;56;52;60;69
2022.0;32;40;55;51;60;68
2028.0;32;41;55;51;59;68
2034.0;32;41;55;51;59;68
2040.0;32;41;56;51;59;67
2046.0;32;41;56;51;59;67
2052.0;33;41;55;51;59;67
2058.0;33;41;55;51;59;67
2064.0;33;41;55;50;60;67
2070.0;33;41;55;50;60;67
2076.0;33;41;55;50;60;67
2082.0;33;41;55;50;60;67
2088.0;33;42;55;49;60;67
2094.0;33;42;53;50;60;68
2100.0;32;42;53;50;60;69
2106.0;32;42;53;50;60;69
2112.0;32;42;53;50;60;69
2118.0;32;42;54;50;60;68
2124.0;32;42;54;50;60;68
2130.0;32;42;55;50;59;68
2136.0;33;42;55;50;58;68
2142.0;33;42;55;50;58;68
2148.0;33;42;55;50;58;68
2154.0;34;42;56;49;58;67
2160.0;34;42;56;49;58;67
2166.0;34;42;57;49;57;67
2172.0;34;42;57;49;57;67
2178.0;34;42;57;48;58;67
2184.0;34;41;56;48;59;68
2190.0;34;41;56;48;59;68
2196.0;34;41;56;48;59;68
2202.0;34;41;56;48;59;68
2208.0;34;41;55;48;59;69
2214.0;35;42;54;47;59;69
2220.0;35;42;54;47;59;69
2226.0;36;42;54;47;58;69
2232.0;36;42;54;47;58;69
2238.0;36;42;54;48;57;69
2244.0;36;42;54;48;57;69
2250.0;37;42;54;48;57;68
2256.0;37;42;54;48;57;68
2262.0;37;42;54;48;57;68
2268.0;37;42;54;48;57;68
2274.0;37;42;54;48;57;68
2280.0;37;42;54;47;58;68
2286.0;37;42;54;47;58;68
2292.0;38;42;54;47;57;68
2298.0;38;42;53;48;57;68
2304.0;37;41;53;48;59;68
2310.0;37;41;53;48;59;68
2316.0;37;41;53;48;59;68
2322.0;38;41;52;48;59;68
2328.0;38;41;52;48;59;68
2334.0;38;41;52;48;59;68
2340.0;38;41;52;49;57;69
2346.0;38;41;52;49;59;67
2352.0;36;43;52;50;59;66
2358.0;36;43;52;50;59;66
2364.0;36;43;52;50;59;66
2370.0;36;43;52;49;60;66
2376.0;36;43;52;49;60;66
2382.0;36;43;52;49;60;66
2388.0;36;43;52;49;60;66
2394.0;35;42;52;51;60;66
2400.0;34;43;52;51;61;65
2406.0;34;43;51;52;61;65
2412.0;36;44;51;52;59;64
2418.0;35;44;53;51;59;64
2424.0;35;44;53;51;59;64
2430.0;35;44;53;51;59;64
2436.0;34;45;52;51;61;63
2442.0;34;44;53;51;61;63
2448.0;34;45;53;51;61;62
2454.0;34;45;53;51;61;62
2460.0;34;45;53;51;61;62
2466.0;34;46;53;51;60;62
2472.0;34;46;53;51;60;62
2478.0;33;46;53;51;61;62
2484.0;33;46;53;51;61;62
2490.0;33;46;53;51;61;62
2496.0;33;46;53;51;61;62
2502.0;33;46;53;51;61;62
2508.0;33;45;53;51;61;63
2514.0;33;46;52;51;61;63
2520.0;32;45;52;53;61;63
2526.0;32;45;52;53;61;63
2532.0;32;44;53;54;60;63
2538.0;32;44;53;54;60;63
2544.0;32;44;53;54;60;63
2550.0;33;44;53;54;59;63
2556.0;34;44;52;54;59;63
2562.0;34;44;53;53;59;63
2568.0;36;44;52;54;57;63
2574.0;35;45;53;53;59;61
2580.0;35;45;52;54;59;61
2586.0;35;45;51;54;59;62
2592.0;33;46;52;53;59;63
2598.0;33;46;52;53;59;63
2604.0;33;45;52;53;59;64
2610.0;33;45;52;53;59;64
2616.0;33;45;52;53;59;64
2622.0;32;45;52;53;60;64
2628.0;32;45;52;53;60;64
2634.0;33;45;51;53;60;64
2640.0;33;45;51;53;60;64
2646.0;33;45;51;53;60;64
2652.0;33;45;51;53;60;64
2658.0;33;45;51;53;60;64
2664.0;32;45;51;53;60;65
2670.0;32;45;51;53;60;65
2676.0;32;45;51;53;60;65
2682.0;31;45;51;53;60;66
2688.0;31;45;51;53;60;66
2694.0;31;45;50;54;60;66
2700.0;31;45;50;54;60;66
2706.0;31;45;50;54;60;66
2712.0;31;45;50;54;60;66
2718.0;31;44;50;54;61;66
2724.0;31;43;50;55;61;66
2730.0;31;43;50;55;61;66
2736.0;31;43;50;55;61;66
2742.0;31;43;49;55;62;66
2748.0;31;43;49;55;62;66
2754.0;31;43;49;55;62;66
2760.0;31;43;49;55;62;66
2766.0;31;43;49;55;61;67
2772.0;30;43;49;55;62;67
2778.0;30;43;50;55;62;66
2784.0;29;42;51;56;62;66
2790.0;29;42;52;55;62;66
2796.0;29;42;52;55;62;66
2802.0;30;41;52;54;62;67
2808.0;30;41;52;54;62;67
2814.0;31;40;51;54;62;68
2820.0;31;40;51;53;63;68
2826.0;29;39;52;53;65;68
2832.0;30;38;52;53;66;67
2838.0;30;37;52;54;66;67
2844.0;30;37;52;54;66;67
2850.0;30;37;52;54;66;67
2856.0;29;37;53;55;66;66
2862.0;29;37;53;54;66;67
2868.0;30;37;53;53;66;67
2874.0;31;37;53;53;66;66
2880.0;31;36;53;53;66;67
2886.0;30;36;54;53;66;67
2892.0;30;36;54;52;67;67
2898.0;30;36;54;52;67;67
2904.0;30;36;54;51;68;67
2910.0;30;36;54;51;68;67
2916.0;30;36;54;51;68;67
2922.0;30;34;55;51;68;68
2928.0;30;34;55;50;69;68
2934.0;29;35;56;50;68;68
2940.0;29;35;56;49;69;68
2946.0;29;35;56;49;69;68
2952.0;30;35;56;48;68;69
2958.0;30;35;56;49;67;69
2964.0;31;34;55;49;67;70
2970.0;31;34;55;49;67;70
2976.0;30;34;56;49;67;70
2982.0;30;34;57;48;66;71
2988.0;30;34;57;48;66;71
2994.0;32;34;57;48;65;70
3000.0;32;34;57;48;65;70
3006.0;34;34;56;49;65;68
3012.0;34;34;56;49;65;68
3018.0;33;35;56;49;66;67
3024.0;33;35;56;49;66;67
3030.0;32;35;56;49;66;68
3036.0;32;35;56;49;66;68
3042.0;32;35;56;49;66;68
3048.0;31;36;56;49;66;68
3054.0;31;37;56;50;64;68
3060.0;31;37;56;50;64;68
3066.0;32;37;55;50;64;68
3072.0;33;37;55;49;65;67
3078.0;33;36;56;49;65;67
3084.0;33;36;56;49;65;67
3090.0;33;36;56;49;65;67
3096.0;33;36;56;49;65;67
3102.0;33;36;56;49;65;67
3108.0;33;36;57;49;65;66
3114.0;33;36;57;49;65;66
3120.0;33;35;57;50;66;65
3126.0;33;35;57;50;66;65
3132.0;34;35;57;50;65;65
3138.0;34;35;57;49;65;66
3144.0;34;35;57;49;65;66
3150.0;34;35;57;49;65;66
3156.0;34;35;57;49;65;66
3162.0;34;35;57;48;66;66
3168.0;34;35;58;47;66;66
3174.0;34;35;58;47;66;66
3180.0;35;36;57;46;66;66
3186.0;33;36;57;46;66;68
3192.0;33;36;57;46;66;68
3198.0;33;36;57;46;66;68
3204.0;33;36;57;46;66;68
3210.0;33;36;57;46;66;68
3216.0;33;35;57;47;66;68
3222.0;33;35;57;47;66;68
3228.0;33;35;57;47;66;68
3234.0;33;35;57;47;66;68
3240.0;33;35;57;47;66;68
3246.0;33;35;58;46;66;68
3252.0;33;36;59;44;66;68
3258.0;33;36;59;44;66;68
3264.0;33;36;59;44;66;68
3270.0;33;37;58;44;66;68
3276.0;34;37;58;43;66;68
3282.0;34;37;58;43;66;68
3288.0;34;37;58;43;66;68
3294.0;34;38;58;42;66;68
3300.0;34;38;58;41;66;69
3306.0;34;38;58;41;66;69
3312.0;34;38;58;40;67;69
3318.0;34;38;59;39;67;69
3324.0;34;38;58;40;67;69
3330.0;34;38;57;40;67;70
3336.0;34;38;57;40;67;70
3342.0;34;39;57;40;66;70
3348.0;34;39;57;40;66;70
3354.0;34;39;57;40;66;70
3360.0;34;39;57;40;67;69
3366.0;34;39;57;40;68;68
3372.0;34;39;57;40;68;68
3378.0;34;39;57;40;68;68
3384.0;34;39;56;41;68;68
3390.0;34;39;56;41;68;68
3396.0;34;40;56;40;68;68
3402.0;34;40;56;40;68;68
3408.0;33;40;57;40;68;68
3414.0;33;42;56;40;68;67
3420.0;33;42;56;40;68;67
3426.0;34;42;56;39;68;67
3432.0;33;43;56;40;68;66
3438.0;34;44;55;39;68;66
3444.0;35;44;54;39;67;67
3450.0;35;44;54;39;67;67
3456.0;34;45;53;40;67;67
3462.0;34;45;53;40;67;67
3468.0;34;45;53;39;67;68
3474.0;34;45;53;39;67;68
3480.0;34;45;53;39;67;68
3486.0;35;45;53;40;66;67
3492.0;35;45;53;40;66;67
3498.0;36;45;52;40;66;67
3504.0;37;46;52;39;66;66
3510.0;37;46;52;39;66;66
3516.0;37;48;50;39;66;66
3522.0;37;48;50;40;65;66
3528.0;37;48;50;40;65;66
3534.0;37;47;50;41;65;66
3540.0;37;47;51;41;65;65
3546.0;37;47;51;41;65;65
3552.0;37;47;51;41;65;65
3558.0;38;47;50;41;65;65
3564.0;38;47;50;41;65;65
3570.0;37;47;50;41;65;66
3576.0;37;47;50;41;65;66
3582.0;37;47;50;41;65;66
3588.0;37;47;50;41;65;66
3594.0;38;47;50;41;65;65
3600.0;38;46;50;41;65;66
3606.0;38;46;50;41;65;66
3612.0;38;46;50;41;65;66
3618.0;38;46;50;41;65;66
3624.0;39;46;52;39;64;66
3630.0;39;45;53;39;64;66
3636.0;40;45;53;39;65;64
3642.0;40;45;53;39;65;64
3648.0;39;46;54;38;64;65
3654.0;40;46;53;38;64;65
3660.0;40;46;52;38;65;65
3666.0;39;46;52;39;65;65
3672.0;39;46;52;39;65;65
3678.0;39;46;52;39;65;65
3684.0;39;46;52;39;65;65
3690.0;39;46;52;39;65;65
3696.0;39;46;51;40;65;65
3702.0;39;46;51;40;65;65
3708.0;39;46;51;39;66;65
3714.0;39;47;51;38;66;65
3720.0;39;47;51;38;66;65
3726.0;39;47;51;38;66;65
3732.0;39;47;51;38;66;65
3738.0;39;47;51;38;66;65
3744.0;39;47;51;38;66;65
3750.0;38;47;51;38;66;66
3756.0;38;47;51;38;66;66
3762.0;38;47;52;38;65;66
3768.0;38;46;52;38;65;67
3774.0;38;46;52;38;65;67
3780.0;38;46;52;38;65;67
3786.0;38;46;52;39;65;66
3792.0;38;46;52;39;65;66
3798.0;38;46;52;39;65;66
3804.0;38;46;52;39;65;66
3810.0;38;45;53;39;65;66
3816.0;38;45;54;39;65;65
3822.0;38;45;54;39;65;65
3828.0;37;44;54;39;65;67
3834.0;37;45;54;39;65;66
3840.0;38;46;54;38;64;66
3846.0;38;46;54;38;64;66
3852.0;38;46;54;38;64;66
3858.0;38;46;54;38;64;66
3864.0;38;46;54;38;64;66
3870.0;38;46;54;38;64;66
3876.0;38;46;54;38;64;66
3882.0;38;46;54;38;64;66
3888.0;38;46;54;38;64;66
3894.0;38;46;54;38;64;66
3900.0;38;46;54;38;64;66
3906.0;38;46;54;38;64;66
3912.0;37;46;54;38;65;66
3918.0;37;46;54;38;65;66
3924.0;37;45;54;38;65;67
3930.0;37;45;54;38;65;67
3936.0;36;45;55;39;63;68
3942.0;36;45;55;39;63;68
3948.0;36;45;55;39;63;68
3954.0;36;45;55;39;63;68
3960.0;37;44;55;39;63;68
3966.0;38;44;55;39;63;67
3972.0;38;44;55;39;63;67
3978.0;38;44;55;39;63;67
3984.0;38;44;55;40;62;67
3990.0;38;44;55;40;62;67
3996.0;38;44;55;40;62;67
4002.0;38;44;55;40;62;67
4008.0;38;44;55;40;62;67
4014.0;38;43;55;40;63;67
4020.0;38;43;55;40;63;67
4026.0;38;43;55;40;63;67
4032.0;38;43;55;40;63;67
4038.0;38;43;55;40;63;67
4044.0;38;43;55;40;64;66
4050.0;38;43;55;40;64;66
4056.0;38;43;55;40;64;66
4062.0;40;45;54;38;63;66
4068.0;41;45;54;37;63;66
4074.0;40;45;54;37;64;66
4080.0;38;46;53;38;64;67
4086.0;38;46;53;38;64;67
4092.0;38;46;53;38;64;67
4098.0;38;46;53;38;64;67
4104.0;38;46;52;38;64;68
4110.0;38;46;52;37;64;69
4116.0;37;47;52;37;64;69
4122.0;37;47;52;37;64;69
4128.0;37;46;52;38;64;69
4134.0;38;45;51;39;64;69
4140.0;38;45;52;38;64;69
4146.0;39;45;52;38;63;69
4152.0;39;45;52;38;63;69
4158.0;38;45;52;38;63;70
4164.0;37;46;51;39;63;70
4170.0;37;46;50;39;64;70
4176.0;36;46;50;40;64;70
4182.0;36;46;50;40;64;70
4188.0;36;46;50;40;64;70
4194.0;36;46;50;40;64;70
4200.0;36;45;51;40;64;70
4206.0;36;46;51;40;64;69
4212.0;36;46;51;40;64;69
4218.0;35;46;51;40;65;69
4224.0;35;46;51;40;65;69
4230.0;35;46;51;40;65;69
4236.0;35;47;51;39;65;69
4242.0;35;47;51;39;66;68
4248.0;35;48;51;39;66;67
4254.0;35;48;51;39;66;67
4260.0;35;48;51;39;66;67
4266.0;35;48;50;40;66;67
4272.0;35;48;52;39;64;68
4278.0;35;48;52;39;64;68
4284.0;35;48;52;39;64;68
4290.0;35;48;52;39;64;68
4296.0;35;48;52;39;64;68
4302.0;34;49;53;39;63;68
4308.0;34;49;53;39;63;68
4314.0;33;50;53;40;62;68
4320.0;34;49;53;39;63;68
4326.0;34;49;53;39;63;68
4332.0;34;50;53;39;63;67
4338.0;34;50;53;39;63;67
4344.0;34;50;53;39;63;67
4350.0;34;50;53;39;63;67
4356.0;34;50;53;39;63;67
4362.0;34;50;53;39;63;67
4368.0;33;50;52;39;64;68
4374.0;33;50;52;38;65;68
4380.0;32;50;53;38;65;68
4386.0;32;50;53;38;65;68
4392.0;32;49;54;38;65;68
4398.0;32;50;54;38;65;67
4404.0;32;50;54;38;65;67
4410.0;34;49;54;37;65;67
4416.0;34;49;54;37;65;67
4422.0;34;49;55;37;64;67
4428.0;34;49;55;37;64;67
4434.0;34;49;54;37;65;67
4440.0;35;49;54;36;65;67
4446.0;35;50;54;36;64;67
4452.0;35;50;54;36;64;67
4458.0;35;50;54;36;64;67
4464.0;35;51;54;36;63;67
4470.0;34;51;55;35;64;67
4476.0;34;52;55;34;64;67
4482.0;34;52;55;34;64;67
4488.0;35;52;55;33;64;67
4494.0;35;52;55;33;64;67
4500.0;35;52;55;33;64;67
4506.0;35;52;55;33;63;68
4512.0;35;52;55;33;63;68
4518.0;35;52;56;33;63;67
4524.0;35;52;56;33;62;68
4530.0;35;52;57;33;62;67
4536.0;35;52;57;33;62;67
4542.0;35;52;57;33;62;67
4548.0;34;52;57;34;62;67
4554.0;34;52;57;34;62;67
4560.0;34;52;56;35;62;67
4566.0;34;52;56;34;63;67
4572.0;33;52;56;35;63;67
4578.0;33;52;57;35;63;66
4584.0;33;50;59;36;62;66
4590.0;33;50;59;36;62;66
4596.0;33;50;59;36;62;66
4602.0;33;49;59;36;62;67
4608.0;33;49;59;35;63;67
4614.0;33;49;59;35;63;67
4620.0;33;49;60;36;63;65
4626.0;33;50;59;36;63;65
4632.0;32;51;59;36;63;65
4638.0;32;50;59;36;63;66
4644.0;32;50;59;36;63;66
4650.0;32;50;60;36;63;65
4656.0;32;50;60;36;64;64
4662.0;32;50;60;36;64;64
4668.0;32;50;60;36;64;64
4674.0;32;50;61;37;63;63
4680.0;32;50;61;37;63;63
4686.0;32;50;61;37;63;63
4692.0;32;50;61;37;63;63
4698.0;32;50;61;37;63;63
4704.0;32;51;61;37;62;63
4710.0;32;51;61;37;62;63
4716.0;31;52;61;37;62;63
4722.0;31;52;61;37;61;64
4728.0;31;52;61;37;60;65
4734.0;31;52;61;37;60;65
4740.0;31;52;61;37;60;65
4746.0;31;52;61;37;60;65
4752.0;31;52;61;37;60;65
4758.0;31;52;61;37;60;65
4764.0;30;52;61;38;59;66
4770.0;30;52;61;38;59;66
4776.0;29;52;61;38;59;67
4782.0;28;53;61;38;59;67
4788.0;28;53;61;38;59;67
4794.0;28;53;61;38;59;67
4800.0;28;53;61;38;59;67
4806.0;28;52;61;38;59;68
4812.0;27;52;61;39;59;68
4818.0;27;52;61;39;59;68
4824.0;27;52;61;39;59;68
4830.0;27;52;61;40;58;68
4836.0;27;52;60;40;59;68
4842.0;27;52;61;40;58;68
4848.0;27;52;61;41;57;68
4854.0;26;52;61;42;57;68
4860.0;26;52;61;43;57;67
4866.0;26;52;61;43;57;67
4872.0;26;52;61;43;57;67
4878.0;26;52;61;43;57;67
4884.0;26;53;61;42;57;67
4890.0;26;53;61;42;57;67
4896.0;27;53;62;42;56;66
4902.0;27;53;62;42;56;66
4908.0;27;53;62;41;57;66
4914.0;27;53;62;41;57;66
4920.0;27;53;62;40;57;67
4926.0;27;52;63;40;57;67
4932.0;27;52;63;40;57;67
4938.0;27;52;64;40;57;66
4944.0;27;52;64;40;57;66
4950.0;27;51;64;40;58;66
4956.0;28;50;64;40;58;66
4962.0;28;49;65;40;58;66
4968.0;28;49;65;40;58;66
4974.0;28;49;65;40;58;66
4980.0;28;49;65;40;58;66
4986.0;27;49;66;40;58;66
4992.0;27;50;66;40;58;65
4998.0;27;50;66;40;58;65
5004.0;26;50;66;41;58;65
5010.0;26;50;66;41;58;65
5016.0;26;50;66;41;58;65
5022.0;25;50;67;41;58;65
5028.0;25;50;67;41;58;65
5034.0;25;50;67;41;58;65
5040.0;26;50;67;41;57;65
5046.0;26;50;67;41;57;65
5052.0;26;50;67;41;57;65
5058.0;26;50;67;41;57;65
5064.0;27;50;67;40;57;65
5070.0;27;50;66;40;58;65
5076.0;27;50;66;40;58;65
5082.0;27;50;66;40;58;65
5088.0;27;50;66;40;58;65
5094.0;27;50;66;40;58;65
5100.0;27;50;66;41;58;64
5106.0;26;51;66;40;58;65
5112.0;26;51;66;40;58;65
5118.0;26;52;65;40;58;65
5124.0;26;52;65;40;59;64
5130.0;26;52;65;40;59;64
5136.0;26;51;65;40;60;64
5142.0;26;50;65;40;60;65
5148.0;26;50;65;41;59;65
5154.0;28;50;64;41;59;64
5160.0;27;50;64;41;60;64
5166.0;27;50;64;41;60;64
5172.0;28;50;64;41;59;64
5178.0;28;50;64;39;61;64
5184.0;27;50;63;40;62;64
5190.0;27;50;63;40;62;64
5196.0;27;50;63;40;62;64
5202.0;26;50;63;41;62;64
5208.0;26;50;63;41;62;64
5214.0;27;50;62;41;62;64
5220.0;27;50;62;41;62;64
5226.0;28;49;62;41;62;64
5232.0;28;48;63;41;62;64
5238.0;27;48;62;42;62;65
5244.0;28;48;62;42;62;64
5250.0;28;48;62;42;62;64
5256.0;28;48;62;42;62;64
5262.0;28;48;62;42;62;64
5268.0;28;48;62;42;62;64
5274.0;28;48;62;42;62;64
5280.0;28;48;62;42;62;64
5286.0;28;48;62;42;62;64
5292.0;28;48;62;42;62;64
5298.0;28;48;62;42;62;64
5304.0;28;48;62;42;63;63
5310.0;29;47;60;42;63;65
5316.0;29;47;60;42;63;65
5322.0;29;47;60;42;63;65
5328.0;29;47;60;42;63;65
5334.0;29;47;60;42;63;65
5340.0;29;47;60;42;63;65
5346.0;29;47;60;42;63;65
5352.0;29;47;60;42;63;65
5358.0;29;47;60;42;63;65
5364.0;29;47;60;42;63;65
5370.0;29;47;60;42;63;65
5376.0;29;47;60;42;63;65
5382.0;29;46;61;42;63;65
5388.0;29;46;61;42;63;65
5394.0;27;47;60;42;64;66
5400.0;27;47;60;42;64;66
5406.0;27;47;60;42;64;66
5412.0;27;47;60;42;64;66
5418.0;27;47;60;42;64;66
5424.0;27;47;60;42;64;66
5430.0;27;47;60;42;64;66
5436.0;27;47;60;42;64;66
5442.0;28;46;60;42;64;66
5448.0;27;47;60;42;64;66
5454.0;28;47;60;42;64;65
5460.0;28;47;60;42;64;65
5466.0;28;47;60;42;64;65
5472.0;28;47;60;42;64;65
5478.0;28;47;60;42;64;65
5484.0;28;47;60;42;64;65
5490.0;28;48;60;41;64;65
5496.0;27;49;60;41;64;65
5502.0;27;49;60;41;64;65
5508.0;27;49;61;41;64;64
5514.0;27;49;61;41;64;64
5520.0;27;48;61;42;64;64
5526.0;27;48;60;42;65;64
5532.0;27;48;60;42;65;64
5538.0;26;48;60;42;66;64
5544.0;26;48;60;42;66;64
5550.0;25;49;60;42;66;64
5556.0;25;48;60;42;66;65
5562.0;26;47;60;42;66;65
5568.0;27;46;60;43;65;65
5574.0;27;46;60;43;65;65
5580.0;27;46;60;43;65;65
5586.0;28;46;60;44;65;63
5592.0;28;46;60;44;65;63
5598.0;29;46;60;44;65;62
5604.0;29;47;59;44;64;63
5610.0;29;45;58;47;64;63
5616.0;29;45;57;47;65;63
5622.0;29;45;57;47;65;63
5628.0;28;46;57;47;65;63
5634.0;28;46;57;47;65;63
5640.0;28;47;56;47;65;63
5646.0;28;47;56;47;65;63
5652.0;27;47;56;47;66;63
5658.0;27;47;56;47;66;63
5664.0;27;47;56;47;66;63
5670.0;27;47;56;47;66;63
5676.0;27;46;56;48;66;63
5682.0;27;46;56;48;66;63
5688.0;27;46;56;48;66;63
5694.0;27;45;56;48;67;63
5700.0;27;45;57;47;67;63
5706.0;27;45;57;47;67;63
5712.0;27;45;56;48;67;63
5718.0;27;45;56;48;67;63
5724.0;27;45;56;48;66;64
5730.0;27;44;57;47;66;65
5736.0;27;44;56;48;66;65
5742.0;27;44;54;49;67;65
5748.0;27;43;54;49;68;65
5754.0;27;43;54;48;68;66
5760.0;27;43;54;48;68;66
5766.0;27;43;54;48;68;66
5772.0;27;44;53;48;68;66
5778.0;27;44;53;48;68;66
5784.0;27;44;53;48;68;66
5790.0;27;44;53;48;68;66
5796.0;27;44;53;48;68;66
5802.0;27;44;53;48;68;66
5808.0;27;45;52;48;68;66
5814.0;27;45;52;48;68;66
5820.0;27;45;52;47;68;67
5826.0;28;45;52;47;68;66
5832.0;28;45;52;47;68;66
5838.0;28;45;51;47;68;67
5844.0;28;45;51;47;68;67
5850.0;28;45;51;47;68;67
5856.0;28;46;51;46;68;67
5862.0;28;46;51;46;68;67
5868.0;28;46;50;46;68;68
5874.0;28;46;50;46;68;68
5880.0;28;45;51;45;69;68
5886.0;28;45;51;45;69;68
5892.0;28;45;51;45;69;68
5898.0;28;45;51;45;69;68
5904.0;28;45;51;45;69;68
5910.0;28;45;51;45;69;68
5916.0;28;45;52;45;68;68
5922.0;28;45;52;45;68;68
5928.0;29;45;52;44;68;68
5934.0;29;45;52;44;68;68
5940.0;29;45;52;44;68;68
5946.0;28;44;52;45;69;68
5952.0;28;44;52;45;69;68
5958.0;28;44;52;45;69;68
5964.0;28;44;52;45;70;67
5970.0;28;44;52;45;70;67
5976.0;28;43;52;46;70;67
5982.0;28;43;52;46;70;67
5988.0;28;43;52;46;70;67
5994.0;28;43;52;46;70;67
6000.0;29;43;52;46;70;66
6006.0;29;43;53;46;69;66
6012.0;29;44;51;46;70;66
6018.0;29;44;51;46;70;66
6024.0;28;44;51;46;71;66
6030.0;28;44;50;45;73;66
6036.0;28;44;50;44;74;66
6042.0;28;43;50;44;75;66
6048.0;28;43;50;44;75;66
6054.0;28;42;51;43;75;67
6060.0;28;42;51;43;75;67
6066.0;28;42;52;43;75;66
6072.0;27;41;52;44;76;66
6078.0;28;41;51;44;76;66
6084.0;27;42;51;45;76;65
6090.0;27;42;51;45;76;65
6096.0;27;42;51;45;76;65
6102.0;27;43;50;45;76;65
6108.0;26;44;50;45;76;65
6114.0;26;44;50;46;75;65
6120.0;26;45;50;46;74;65
6126.0;26;45;50;46;74;65
6132.0;26;46;50;46;73;65
6138.0;26;46;50;46;73;65
6144.0;26;46;50;46;73;65
6150.0;26;46;50;46;73;65
6156.0;26;46;50;46;73;65
6162.0;26;46;50;46;73;65
6168.0;25;45;51;47;73;65
6174.0;25;45;51;47;73;65
6180.0;25;45;51;48;73;64
6186.0;25;46;51;48;72;64
6192.0;25;45;51;48;73;64
6198.0;24;45;52;48;72;65
6204.0;24;45;52;48;72;65
6210.0;24;46;52;48;71;65
6216.0;23;46;53;47;72;65
6222.0;22;46;53;48;72;65
6228.0;22;46;54;48;71;65
6234.0;22;46;54;48;71;65
6240.0;21;46;54;48;72;65
6246.0;21;46;54;47;72;66
6252.0;20;46;54;48;72;66
6258.0;20;46;54;48;72;66
6264.0;21;45;54;48;72;66
6270.0;21;45;54;48;72;66
6276.0;21;45;55;48;71;66
6282.0;21;45;56;48;70;66
6288.0;21;44;57;49;69;66
6294.0;21;44;57;49;69;66
6300.0;21;44;57;48;69;67
6306.0;21;44;57;48;69;67
6312.0;21;44;57;48;69;67
6318.0;20;45;56;48;69;68
6324.0;21;45;55;48;70;67
6330.0;21;45;55;49;69;67
6336.0;21;45;55;48;70;67
6342.0;22;45;56;47;69;67
6348.0;21;45;56;48;69;67
6354.0;21;45;56;48;69;67
6360.0;21;45;56;48;69;67
6366.0;21;45;56;48;69;67
6372.0;22;44;56;48;69;67
6378.0;22;44;56;48;69;67
6384.0;22;44;56;48;69;67
6390.0;23;43;56;47;69;68
6396.0;23;43;57;47;68;68
6402.0;22;43;57;47;68;69
6408.0;22;43;57;48;67;69
6414.0;22;43;57;48;67;69
6420.0;22;43;57;48;67;69
6426.0;22;43;57;48;67;69
6432.0;22;43;57;48;67;69
6438.0;23;43;57;48;66;69
6444.0;23;43;57;48;66;69
6450.0;23;43;57;48;66;69
6456.0;23;43;57;48;66;69
6462.0;23;43;57;48;66;69
6468.0;23;41;57;49;66;70
6474.0;23;41;57;49;66;70
6480.0;23;41;57;49;66;70
6486.0;23;42;57;49;65;70
6492.0;24;41;57;49;65;70
6498.0;24;41;57;50;65;69
6504.0;24;41;58;50;64;69
6510.0;24;41;59;49;64;69
6516.0;24;41;59;49;64;69
6522.0;24;41;59;49;64;69
6528.0;24;41;59;49;65;68
6534.0;24;41;59;48;65;69
6540.0;24;41;59;48;65;69
6546.0;24;41;59;48;66;68
6552.0;24;40;60;48;66;68
6558.0;24;39;61;48;66;68
6564.0;24;39;62;48;65;68
6570.0;24;39;62;48;65;68
6576.0;24;39;62;48;65;68
6582.0;24;39;62;48;65;68
6588.0;24;39;62;48;65;68
6594.0;24;39;62;48;65;68
6600.0;24;39;61;48;65;69
6606.0;22;39;62;49;65;69
6612.0;22;39;62;49;64;70
6618.0;22;41;61;49;64;69
6624.0;23;41;60;48;65;69
6630.0;23;41;60;47;66;69
6636.0;23;41;60;47;66;69
6642.0;23;41;60;47;66;69
6648.0;22;41;60;47;67;69
6654.0;22;41;60;47;67;69
6660.0;23;41;60;47;67;68
6666.0;23;41;60;46;67;69
6672.0;23;41;60;46;67;69
6678.0;23;41;60;46;67;69
6684.0;23;41;60;46;68;68
6690.0;23;41;60;46;68;68
6696.0;23;41;60;46;68;68
6702.0;23;41;60;46;68;68
6708.0;23;41;60;46;68;68
6714.0;23;41;60;46;68;68
6720.0;23;41;60;46;68;68
6726.0;22;40;60;47;69;68
6732.0;23;41;60;47;69;66
6738.0;23;41;60;47;69;66
6744.0;23;41;60;47;69;66
6750.0;23;41;60;47;69;66
6756.0;23;40;60;47;71;65
6762.0;23;40;60;47;71;65
6768.0;23;40;60;47;71;65
6774.0;23;40;61;46;71;65
6780.0;23;40;60;46;71;66
6786.0;24;39;60;46;71;66
6792.0;24;39;60;46;71;66
6798.0;24;39;60;46;71;66
6804.0;23;40;60;46;71;66
6810.0;23;40;61;45;71;66
6816.0;24;40;60;45;71;66
6822.0;24;40;60;45;70;67
6828.0;24;40;60;45;70;67
6834.0;23;41;60;45;70;67
6840.0;23;41;61;45;69;67
6846.0;23;41;61;45;69;67
6852.0;23;41;62;45;69;66
6858.0;23;41;62;45;69;66
6864.0;22;41;63;45;69;66
6870.0;22;41;63;45;69;66
6876.0;22;41;63;45;69;66
6882.0;22;40;63;45;70;66
6888.0;22;40;63;45;70;66
6894.0;22;40;63;45;70;66
6900.0;24;41;63;43;70;65
6906.0;24;41;64;43;70;64
6912.0;23;41;64;43;70;65
6918.0;23;40;65;43;70;65
6924.0;23;40;65;43;70;65
6930.0;24;40;65;43;69;65
6936.0;24;40;65;42;69;66
6942.0;24;40;65;42;69;66
6948.0;24;40;65;42;69;66
6954.0;24;40;65;43;68;66
6960.0;23;41;65;43;68;66
6966.0;23;41;65;43;68;66
6972.0;23;41;64;44;68;66
6978.0;23;41;64;44;68;66
6984.0;23;41;64;44;68;66
6990.0;23;41;65;43;68;66
6996.0;23;41;65;43;68;66
7002.0;24;41;65;42;68;66
7008.0;24;41;65;42;68;66
7014.0;24;41;65;42;68;66
7020.0;24;41;65;42;68;66
7026.0;24;41;65;42;68;66
7032.0;24;42;66;42;68;64
7038.0;24;42;66;42;68;64
7044.0;24;42;64;43;68;65
7050.0;24;43;63;42;68;66
7056.0;24;43;63;42;68;66
7062.0;25;43;62;42;68;66
7068.0;25;43;62;42;67;67
7074.0;25;43;62;42;67;67
7080.0;25;43;62;42;67;67
7086.0;25;43;62;42;67;67
7092.0;25;43;62;42;67;67
7098.0;26;42;61;43;68;66
7104.0;25;43;61;43;68;66
7110.0;25;42;61;44;67;67
7116.0;25;42;61;44;67;67
7122.0;26;42;61;44;66;67
7128.0;26;42;61;44;66;67
7134.0;26;42;62;44;66;66
7140.0;26;42;62;44;66;66
7146.0;26;42;61;44;67;66
7152.0;26;42;61;44;67;66
7158.0;26;42;61;44;67;66
7164.0;26;42;61;44;67;66
7170.0;26;41;61;44;67;67
7176.0;26;42;62;44;66;66
7182.0;26;42;62;44;66;66
7188.0;26;41;63;44;66;66
7194.0;26;41;63;45;66;65
7200.0;24;41;63;45;68;65
7206.0;24;41;63;45;68;65
7212.0;24;41;64;44;68;65
7218.0;24;41;64;44;68;65
7224.0;24;41;64;44;68;65
7230.0;23;42;64;44;68;65
7236.0;24;42;64;44;67;65
7242.0;24;42;64;44;67;65
7248.0;24;42;64;44;68;64
7254.0;24;42;64;44;68;64
7260.0;24;41;65;43;68;65
7266.0;24;41;65;43;68;65
7272.0;23;42;66;43;67;65
7278.0;23;42;66;43;67;65
7284.0;23;41;66;43;67;66
7290.0;23;41;66;43;67;66
7296.0;22;42;65;43;67;67
7302.0;22;42;65;43;67;67
7308.0;21;42;65;43;67;68
7314.0;21;42;65;43;67;68
7320.0;21;42;65;43;67;68
7326.0;21;42;65;43;67;68
7332.0;20;42;65;43;68;68
7338.0;20;42;65;43;68;68
7344.0;21;42;65;42;68;68
7350.0;21;42;65;42;68;68
7356.0;21;42;65;42;68;68
7362.0;21;42;65;42;68;68
7368.0;21;42;65;42;68;68
7374.0;21;42;65;42;68;68
7380.0;21;42;65;42;68;68
7386.0;21;42;65;42;68;68
7392.0;21;43;63;41;68;70
7398.0;21;43;63;41;68;70
7404.0;21;43;63;41;68;70
7410.0;22;41;63;42;68;70
7416.0;22;41;62;43;68;70
7422.0;22;41;62;43;68;70
7428.0;22;41;62;43;68;70
7434.0;22;41;62;43;68;70
7440.0;23;41;62;43;67;70
7446.0;24;40;62;44;67;69
7452.0;24;40;62;45;67;68
7458.0;24;40;62;45;67;68
7464.0;24;40;62;44;68;68
7470.0;24;40;62;45;68;67
7476.0;25;40;62;45;68;66
7482.0;25;41;61;45;68;66
7488.0;24;41;61;45;68;67
7494.0;24;42;60;45;68;67
7500.0;25;42;59;45;68;67
7506.0;25;41;59;46;68;67
7512.0;25;41;58;46;68;68
7518.0;25;41;58;47;68;67
7524.0;25;41;58;47;68;67
7530.0;25;41;58;46;69;67
7536.0;25;41;58;46;69;67
7542.0;25;40;58;46;70;67
7548.0;25;40;58;46;70;67
7554.0;25;40;58;46;70;67
7560.0;25;40;58;46;70;67
7566.0;25;41;57;47;70;66
7572.0;25;41;58;46;70;66
7578.0;25;40;58;46;70;67
7584.0;25;40;58;47;70;66
7590.0;25;40;58;47;70;66
7596.0;27;39;58;47;70;65
7602.0;27;40;57;47;70;65
7608.0;28;39;57;47;70;65
7614.0;28;39;57;47;70;65
7620.0;28;39;57;47;70;65
7626.0;28;39;57;48;70;64
7632.0;28;39;58;48;70;63
7638.0;27;39;58;49;70;63
7644.0;27;39;58;48;71;63
7650.0;27;39;59;47;70;64
7656.0;26;40;59;47;70;64
7662.0;27;39;60;48;68;64
7668.0;27;39;60;48;68;64
7674.0;27;40;60;48;67;64
7680.0;26;40;61;48;67;64
7686.0;25;41;61;48;67;64
7692.0;24;41;63;48;67;63
7698.0;24;41;63;48;67;63
7704.0;24;41;63;48;66;64
7710.0;24;41;63;49;66;63
7716.0;24;41;63;49;66;63
7722.0;24;41;63;49;65;64
7728.0;24;41;63;49;65;64
7734.0;23;42;63;49;65;64
7740.0;23;42;63;49;65;64
7746.0;23;42;63;49;65;64
7752.0;23;42;63;49;65;64
7758.0;23;42;63;49;65;64
7764.0;23;42;63;50;64;64
7770.0;23;42;63;50;64;64
7776.0;23;42;63;50;64;64
7782.0;23;42;63;50;64;64
7788.0;23;43;64;48;63;65
7794.0;23;43;64;48;63;65
7800.0;23;43;64;48;63;65
7806.0;23;43;64;48;63;65
7812.0;22;43;64;48;63;66
7818.0;22;43;62;49;64;66
7824.0;22;43;62;49;64;66
7830.0;23;43;63;47;64;66
7836.0;23;43;63;47;64;66
7842.0;23;43;63;47;64;66
7848.0;24;42;63;47;64;66
7854.0;23;42;63;47;64;67
7860.0;23;42;63;47;64;67
7866.0;23;42;63;47;64;67
7872.0;23;42;63;46;65;67
7878.0;23;41;63;47;65;67
7884.0;23;41;63;47;65;67
7890.0;22;42;63;46;65;68
7896.0;22;43;62;46;65;68
7902.0;23;42;62;45;65;69
7908.0;23;42;62;45;65;69
7914.0;23;42;62;44;66;69
7920.0;23;42;62;44;66;69
7926.0;23;42;62;44;66;69
7932.0;23;43;61;44;65;70
7938.0;23;42;61;45;65;70
7944.0;23;42;61;45;65;70
7950.0;23;42;61;45;65;70
7956.0;23;42;61;45;64;71
7962.0;23;42;61;46;63;71
7968.0;23;43;61;46;63;70
7974.0;24;43;61;45;63;70
7980.0;23;43;61;45;64;70
7986.0;23;43;61;45;63;71
7992.0;23;43;61;45;64;70
7998.0;23;43;61;45;64;70
8004.0;23;42;62;45;64;70
8010.0;23;42;61;45;64;71
8016.0;23;42;61;45;64;71
8022.0;23;42;61;45;64;71
8028.0;23;42;61;45;64;71
8034.0;23;42;61;45;64;71
8040.0;24;43;62;44;64;69
8046.0;24;43;62;44;64;69
8052.0;24;43;62;44;64;69
8058.0;25;42;62;44;64;69
8064.0;25;41;61;45;64;70
8070.0;24;41;61;45;64;71
8076.0;24;41;61;45;64;71
8082.0;24;41;61;45;64;71
8088.0;24;42;60;45;64;71
8094.0;24;42;60;45;64;71
8100.0;24;41;61;45;64;71
8106.0;23;40;61;45;66;71
8112.0;21;41;61;45;67;71
8118.0;22;41;61;44;67;71
8124.0;22;41;61;44;67;71
8130.0;22;41;61;43;67;72
8136.0;22;41;61;43;67;72
8142.0;22;41;61;44;65;73
8148.0;22;42;61;44;65;72
8154.0;22;42;61;44;65;72
8160.0;22;42;62;43;65;72
8166.0;22;42;62;43;65;72
8172.0;22;42;62;43;65;72
8178.0;21;42;63;43;65;72
8184.0;21;42;63;43;65;72
8190.0;21;42;63;43;65;72
8196.0;21;42;63;43;65;72
8202.0;21;42;63;43;65;72
8208.0;21;42;63;43;65;72
8214.0;21;42;63;43;65;72
8220.0;20;42;64;43;65;72
8226.0;21;42;64;42;65;72
8232.0;21;41;64;43;65;72
8238.0;21;41;63;44;65;72
8244.0;21;41;63;44;65;72
8250.0;21;41;63;44;65;72
8256.0;21;41;62;44;66;72
8262.0;21;41;61;44;66;73
8268.0;21;41;61;44;66;73
8274.0;21;40;62;44;66;73
8280.0;21;41;62;44;66;72
8286.0;21;41;62;44;66;72
8292.0;21;41;62;43;66;73
8298.0;22;40;61;44;66;73
8304.0;22;40;61;44;66;73
8310.0;22;41;61;44;65;73
8316.0;22;41;61;44;65;73
8322.0;21;41;61;44;65;74
8328.0;21;41;61;44;65;74
8334.0;21;41;61;45;65;73
8340.0;21;41;61;45;65;73
8346.0;21;42;61;45;65;72
8352.0;21;42;61;45;65;72
8358.0;21;42;61;45;65;72
8364.0;21;43;61;44;65;72
8370.0;21;42;61;45;65;72
8376.0;21;42;62;45;65;71
8382.0;21;42;62;45;65;71
8388.0;22;42;62;44;65;71
8394.0;23;42;62;44;64;71
8400.0;23;42;62;44;64;71
8406.0;23;42;62;44;64;71
8412.0;23;42;61;44;64;72
8418.0;23;42;61;44;64;72
8424.0;23;42;60;44;65;72
8430.0;24;42;60;44;65;71
8436.0;23;42;60;45;65;71
8442.0;23;42;60;45;65;71
8448.0;23;42;60;45;65;71
8454.0;23;42;60;46;65;70
8460.0;23;42;60;46;65;70
8466.0;23;42;60;45;65;71
8472.0;23;42;60;45;65;71
8478.0;23;42;61;45;65;70
8484.0;23;40;62;45;66;70
8490.0;23;40;62;45;66;70
8496.0;24;40;62;45;66;69
8502.0;25;40;62;45;65;69
8508.0;25;40;62;45;65;69
8514.0;25;40;62;45;65;69
8520.0;25;40;63;44;65;69
8526.0;25;40;63;44;65;69
8532.0;25;40;63;44;65;69
8538.0;25;40;63;44;65;69
8544.0;25;40;63;44;65;69
8550.0;25;40;63;44;65;69
8556.0;25;40;63;45;64;69
8562.0;25;41;63;44;64;69
8568.0;25;41;63;43;65;69
8574.0;25;41;63;43;65;69
8580.0;25;41;63;43;65;69
8586.0;24;41;63;43;65;70
8592.0;24;42;63;42;66;69
8598.0;24;42;63;42;66;69
8604.0;24;43;62;42;66;69
8610.0;24;43;62;42;66;69
8616.0;24;43;61;42;67;69
8622.0;24;43;61;42;67;69
8628.0;24;43;62;41;66;70
8634.0;25;43;62;40;66;70
8640.0;25;43;63;40;65;70
8646.0;25;43;63;40;65;70
8652.0;25;43;63;40;65;70
8658.0;25;43;63;40;65;70
8664.0;25;43;63;40;65;70
8670.0;25;43;64;40;64;70
8676.0;25;43;64;40;64;70
8682.0;25;43;65;40;63;70
8688.0;25;42;65;40;63;71
8694.0;25;42;65;40;63;71
8700.0;25;42;65;40;63;71
8706.0;25;42;65;40;63;71
8712.0;25;42;65;40;63;71
8718.0;25;42;66;39;63;71
8724.0;25;42;65;39;64;71
8730.0;25;42;65;39;64;71
8736.0;25;42;65;39;64;71
8742.0;25;42;65;39;63;72
8748.0;25;42;65;39;63;72
8754.0;25;42;65;39;63;72
8760.0;24;43;66;38;63;72
8766.0;25;43;66;37;63;72
8772.0;25;43;66;37;63;72
8778.0;24;43;66;37;63;73
8784.0;24;43;66;37;63;73
8790.0;24;43;66;37;63;73
8796.0;24;43;66;38;62;73
8802.0;24;43;66;38;62;73
8808.0;23;43;66;38;63;73
8814.0;22;43;66;38;64;73
8820.0;22;44;66;38;64;72
8826.0;23;43;66;37;65;72
8832.0;23;43;66;37;65;72
8838.0;24;43;66;36;64;73
8844.0;24;43;66;36;64;73
8850.0;24;42;66;37;64;73
8856.0;24;42;66;37;64;73
8862.0;24;42;66;37;64;73
8868.0;24;41;66;37;65;73
8874.0;23;42;67;37;65;72
8880.0;23;42;67;37;65;72
8886.0;23;42;67;37;65;72
8892.0;23;42;67;38;65;71
8898.0;23;42;67;38;65;71
8904.0;23;41;67;38;65;72
8910.0;23;42;66;38;66;71
8916.0;23;42;66;38;66;71
8922.0;23;41;67;38;66;71
8928.0;23;40;68;38;66;71
8934.0;23;40;68;37;67;71
8940.0;23;40;68;37;67;71
8946.0;23;40;68;37;67;71
8952.0;24;40;67;36;68;71
8958.0;23;40;68;36;68;71
8964.0;23;40;68;36;68;71
8970.0;23;42;67;34;68;72
8976.0;23;42;67;35;67;72
8982.0;23;42;67;35;67;72
8988.0;23;43;67;35;67;71
8994.0;23;43;67;35;67;71
9000.0;23;43;67;35;67;71
9006.0;23;43;68;35;66;71
9012.0;23;44;68;34;66;71
9018.0;23;44;68;34;66;71
9024.0;23;44;68;34;66;71
9030.0;23;44;68;34;66;71
9036.0;22;44;68;34;66;72
9042.0;22;44;68;33;66;73
9048.0;22;44;68;33;66;73
9054.0;22;44;68;33;66;73
9060.0;22;44;68;33;66;73
9066.0;21;44;69;33;66;73
9072.0;21;44;69;33;66;73
9078.0;21;45;67;33;67;73
9084.0;22;45;67;33;67;72
9090.0;22;46;67;33;67;71
9096.0;21;46;67;34;66;72
9102.0;21;46;67;34;66;72
9108.0;21;46;67;34;66;72
9114.0;21;46;67;33;66;73
9120.0;21;46;66;34;66;73
9126.0;22;46;64;35;67;72
9132.0;22;46;64;35;67;72
9138.0;22;46;64;35;67;72
9144.0;22;46;64;36;67;71
9150.0;22;46;64;36;67;71
9156.0;22;45;66;36;67;70
9162.0;22;45;67;35;67;70
9168.0;22;45;67;35;67;70
9174.0;22;45;67;35;67;70
9180.0;22;45;67;34;67;71
9186.0;22;45;66;34;68;71
9192.0;22;45;66;34;68;71
9198.0;22;45;66;34;68;71
9204.0;22;45;66;34;68;71
9210.0;22;45;65;34;69;71
9216.0;22;45;66;33;68;72
9222.0;22;45;65;33;69;72
9228.0;20;44;65;34;71;72
9234.0;19;44;65;34;71;73
9240.0;19;45;64;34;71;73
9246.0;19;45;64;34;71;73
9252.0;18;47;64;35;69;73
9258.0;17;47;64;35;69;74
9264.0;17;47;64;35;69;74
9270.0;17;47;64;35;69;74
9276.0;17;47;64;35;69;74
9282.0;17;47;64;35;69;74
9288.0;17;47;64;35;69;74
9294.0;17;47;64;35;69;74
9300.0;17;48;64;35;68;74
9306.0;17;48;65;34;68;74
9312.0;17;48;65;33;69;74
9318.0;17;48;65;33;69;74
9324.0;16;48;66;33;69;74
9330.0;17;48;66;33;69;73
9336.0;17;47;67;33;69;73
9342.0;17;47;67;33;69;73
9348.0;17;47;67;33;69;73
9354.0;18;46;66;34;69;73
9360.0;18;46;66;34;69;73
9366.0;18;45;66;35;69;73
9372.0;18;44;67;35;69;73
9378.0;18;44;67;35;69;73
9384.0;18;44;67;35;69;73
9390.0;18;44;67;35;69;73
9396.0;18;44;67;35;69;73
9402.0;18;44;67;35;69;73
9408.0;18;44;67;35;69;73
9414.0;18;44;66;35;70;73
9420.0;18;43;65;36;71;73
9426.0;18;43;65;36;71;73
9432.0;18;43;65;36;71;73
9438.0;18;43;65;36;71;73
9444.0;18;43;65;36;71;73
9450.0;18;43;65;36;71;73
9456.0;18;44;64;36;71;73
9462.0;18;44;64;36;71;73
9468.0;18;44;64;36;71;73
9474.0;18;45;63;37;70;73
9480.0;18;46;63;37;69;73
9486.0;19;45;63;37;69;73
9492.0;19;44;63;37;69;74
9498.0;19;43;64;37;69;74
9504.0;19;43;64;37;69;74
9510.0;18;43;64;37;69;75
9516.0;18;43;64;37;69;75
9522.0;18;43;64;36;70;75
9528.0;18;43;64;36;70;75
9534.0;18;44;64;36;70;74
9540.0;19;43;65;35;70;74
9546.0;20;43;65;34;70;74
9552.0;20;44;65;34;70;73
9558.0;21;44;65;33;70;73
9564.0;21;44;65;33;70;73
9570.0;21;45;65;33;70;72
9576.0;21;45;65;33;70;72
9582.0;21;45;65;33;70;72
9588.0;21;45;66;32;70;72
9594.0;21;45;67;30;71;72
9600.0;22;46;67;30;72;69
9606.0;21;46;67;31;72;69
9612.0;20;46;67;31;72;70
9618.0;20;46;67;31;72;70
9624.0;20;46;67;31;72;70
9630.0;20;46;67;31;72;70
9636.0;20;45;68;31;72;70
9642.0;20;45;69;30;72;70
9648.0;20;45;69;30;72;70
9654.0;20;45;69;30;72;70
9660.0;20;44;69;30;73;70
9666.0;20;43;68;32;73;70
9672.0;21;44;66;32;73;70
9678.0;21;44;65;33;74;69
9684.0;21;44;65;33;74;69
9690.0;20;44;65;32;75;70
9696.0;20;44;66;32;75;69
9702.0;20;44;66;32;75;69
9708.0;19;46;66;32;75;68
9714.0;19;47;66;32;74;68
9720.0;19;47;66;32;74;68
9726.0;19;47;65;33;74;68
9732.0;19;47;65;33;74;68
9738.0;19;47;65;33;74;68
9744.0;19;47;65;33;74;68
9750.0;19;46;65;32;75;69
9756.0;19;46;65;32;75;69
9762.0;19;45;65;32;75;70
9768.0;19;45;65;32;75;70
9774.0;18;45;65;32;75;71
9780.0;18;46;65;32;75;70
9786.0;18;46;65;32;75;70
9792.0;18;46;65;32;75;70
9798.0;18;46;65;32;75;70
9804.0;18;47;64;32;75;70
9810.0;18;47;64;32;75;70
9816.0;18;47;64;32;75;70
9822.0;18;47;64;32;75;70
9828.0;18;47;64;32;75;70
9834.0;17;47;65;32;75;70
9840.0;17;46;65;32;75;71
9846.0;17;46;65;32;75;71
9852.0;17;46;65;32;75;71
9858.0;17;47;65;32;74;71
9864.0;17;46;64;32;75;72
9870.0;17;46;65;32;74;72
9876.0;19;46;64;31;74;72
9882.0;19;46;64;31;74;72
9888.0;19;46;64;31;74;72
9894.0;19;46;64;31;74;72
9900.0;19;45;65;31;74;72
9906.0;19;45;65;31;74;72
9912.0;19;46;65;31;72;73
9918.0;19;46;65;32;72;72
9924.0;19;46;65;32;71;73
9930.0;19;46;66;32;71;72
9936.0;19;45;65;33;71;73
9942.0;19;45;66;32;71;73
9948.0;19;44;67;32;71;73
9954.0;19;44;67;32;72;72
9960.0;19;44;67;32;71;73
9966.0;19;44;67;32;71;73
9972.0;18;44;68;31;71;74
9978.0;18;45;68;32;70;73
9984.0;18;45;68;32;70;73
9990.0;18;45;68;32;70;73
9996.0;18;45;68;33;70;72
10002.0;18;45;68;33;70;72
10008.0;18;45;68;33;70;72
10014.0;18;45;68;34;69;72
10020.0;17;45;68;35;69;72
10026.0;17;45;68;35;69;72
10032.0;17;45;68;35;69;72
10038.0;17;45;68;35;69;72
10044.0;17;45;68;35;69;72
10050.0;17;45;68;35;69;72
10056.0;17;44;68;35;69;73
10062.0;17;44;68;35;69;73
10068.0;18;44;68;34;69;73
10074.0;18;44;68;34;69;73
10080.0;18;43;69;34;69;73
10086.0;18;43;69;34;69;73
10092.0;19;43;69;33;69;73
10098.0;19;43;69;33;69;73
10104.0;19;43;69;33;69;73
10110.0;19;43;69;33;69;73
10116.0;19;43;70;32;69;73
10122.0;19;42;70;33;69;73
10128.0;19;41;72;32;69;73
10134.0;19;40;72;32;70;73
10140.0;19;40;73;31;71;72
10146.0;19;40;73;30;72;72
10152.0;20;39;73;30;72;72
10158.0;20;39;73;30;72;72
10164.0;21;39;73;30;72;71
10170.0;21;39;73;30;72;71
10176.0;21;39;73;30;72;71
10182.0;21;39;73;31;71;71
10188.0;21;40;74;31;70;70
10194.0;21;40;74;31;70;70
10200.0;21;40;74;30;69;72
10206.0;21;40;74;31;69;71
10212.0;21;40;74;31;69;71
10218.0;21;41;74;31;69;70
10224.0;21;41;74;31;69;70
10230.0;20;40;74;31;70;71
10236.0;20;41;73;31;70;71
10242.0;20;41;73;31;70;71
10248.0;20;41;73;31;70;71
10254.0;20;41;73;31;71;70
10260.0;20;41;73;31;71;70
10266.0;21;40;73;31;70;71
10272.0;20;41;73;31;70;71
10278.0;20;41;73;31;70;71
10284.0;19;41;73;31;70;72
10290.0;19;41;72;32;70;72
10296.0;20;42;72;31;69;72
10302.0;20;43;71;31;69;72
10308.0;19;43;71;32;69;72
10314.0;19;43;71;32;69;72
10320.0;19;44;69;33;69;72
10326.0;19;45;68;33;69;72
10332.0;19;46;68;33;69;71
10338.0;19;46;68;34;69;70
10344.0;20;46;68;34;68;70
10350.0;20;46;68;34;68;70
10356.0;20;46;68;34;68;70
10362.0;19;47;69;34;68;69
10368.0;19;47;69;34;68;69
10374.0;18;46;69;34;68;71
10380.0;18;46;69;34;68;71
10386.0;19;46;69;34;68;70
10392.0;19;46;68;34;69;70
10398.0;19;48;67;34;69;69
10404.0;19;49;67;34;68;69
10410.0;19;49;67;34;68;69
10416.0;19;49;67;34;68;69
10422.0;19;49;67;34;68;69
10428.0;19;49;67;34;68;69
10434.0;20;49;67;34;67;69
10440.0;20;48;67;35;67;69
10446.0;20;47;67;35;67;70
10452.0;20;47;67;35;67;70
10458.0;20;47;67;35;67;70
10464.0;20;47;66;35;67;71
10470.0;20;47;66;35;67;71
10476.0;20;47;66;35;67;71
10482.0;20;47;66;35;67;71
10488.0;19;47;67;35;67;71
10494.0;19;47;67;35;67;71
10500.0;19;47;67;35;67;71
10506.0;19;47;67;35;67;71
10512.0;19;47;67;35;67;71
10518.0;19;49;67;35;67;69
10524.0;18;49;66;35;68;70
10530.0;18;49;67;35;68;69
10536.0;18;49;67;35;68;69
10542.0;18;48;67;35;68;70
10548.0;19;48;67;35;68;69
10554.0;18;48;67;35;69;69
10560.0;18;49;66;35;69;69
10566.0;18;49;65;35;70;69
10572.0;18;49;65;35;70;69
10578.0;18;49;65;35;70;69
10584.0;18;49;65;35;70;69
10590.0;17;49;65;35;70;70
10596.0;17;49;65;35;71;69
10602.0;17;49;65;35;71;69
10608.0;17;49;65;36;71;68
10614.0;17;49;65;36;71;68
10620.0;18;48;65;36;71;68
10626.0;18;48;65;36;71;68
10632.0;18;48;65;36;71;68
10638.0;18;47;65;36;71;69
10644.0;18;46;65;37;71;69
10650.0;19;46;65;37;70;69
10656.0;19;46;65;37;70;69
10662.0;20;46;65;38;68;69
10668.0;20;46;65;38;68;69
10674.0;20;46;65;38;68;69
10680.0;20;46;65;39;67;69
10686.0;21;45;65;39;67;69
10692.0;21;46;64;39;67;69
10698.0;21;46;63;40;67;69
10704.0;21;46;63;40;68;68
10710.0;21;46;63;40;68;68
10716.0;21;46;63;40;68;68
10722.0;21;45;63;40;69;68
10728.0;20;45;65;40;69;67
10734.0;20;45;65;40;69;67
10740.0;20;45;65;40;69;67
10746.0;20;46;64;40;69;67
10752.0;20;46;64;40;69;67
10758.0;20;46;65;39;69;67
10764.0;19;46;65;39;69;68
10770.0;19;46;65;39;69;68
10776.0;19;46;65;39;69;68
10782.0;19;46;65;39;69;68
10788.0;19;46;65;39;69;68
10794.0;19;46;65;39;69;68
