#auto generated file!
12.0;52;61;44;49;48;49
18.0;51;61;44;50;48;49
24.0;50;62;44;50;48;49
30.0;50;62;44;50;48;49
36.0;52;60;44;50;48;49
42.0;52;60;45;51;47;48
48.0;52;60;45;51;47;48
54.0;53;59;45;51;47;48
60.0;53;59;45;50;48;48
66.0;53;59;46;49;48;48
72.0;52;59;46;49;49;48
78.0;52;59;46;49;49;48
84.0;53;59;46;47;50;48
90.0;53;59;46;47;50;48
96.0;53;59;46;47;50;48
102.0;54;59;46;46;50;48
108.0;52;60;47;46;51;47
114.0;52;60;47;45;52;47
120.0;51;61;48;45;52;46
126.0;51;61;48;45;52;46
132.0;52;61;47;45;52;46
138.0;52;61;47;45;52;46
144.0;52;61;48;44;52;46
150.0;52;60;48;44;51;48
156.0;52;61;47;43;52;48
162.0;52;61;48;43;52;47
168.0;51;61;48;43;52;48
174.0;51;61;48;43;52;48
180.0;51;60;48;44;52;48
186.0;50;60;48;44;52;49
192.0;50;60;48;44;52;49
198.0;50;60;48;44;52;49
204.0;50;59;48;44;53;49
210.0;50;59;48;44;53;49
216.0;50;59;48;44;53;49
222.0;50;59;48;43;53;50
228.0;50;59;48;43;53;50
234.0;50;58;48;44;53;50
240.0;48;59;48;44;53;51
246.0;48;59;48;44;53;51
252.0;48;59;47;44;54;51
258.0;47;59;47;45;54;51
264.0;47;59;47;45;54;51
270.0;47;60;47;45;53;51
276.0;47;60;47;45;53;51
282.0;47;61;47;45;53;50
288.0;47;61;47;45;53;50
294.0;45;61;46;46;55;50
300.0;45;61;46;45;56;50
306.0;45;61;46;45;56;50
312.0;44;61;46;45;56;51
318.0;44;61;46;45;56;51
324.0;44;61;46;45;56;51
330.0;45;61;46;45;55;51
336.0;45;61;46;45;55;51
342.0;45;61;46;45;55;51
348.0;45;60;46;46;56;50
354.0;44;60;46;46;56;51
360.0;44;61;46;46;55;51
366.0;43;61;46;46;56;51
372.0;43;61;46;46;56;51
378.0;43;61;47;46;56;50
384.0;45;61;46;45;56;50
390.0;45;60;45;46;57;50
396.0;45;59;46;46;57;50
402.0;45;59;46;46;57;50
408.0;44;59;46;46;58;50
414.0;43;59;45;47;58;51
420.0;43;59;45;48;57;51
426.0;43;59;45;48;57;51
432.0;43;59;45;48;57;51
438.0;43;59;45;48;57;51
444.0;43;58;45;48;57;52
450.0;43;58;45;48;57;52
456.0;43;58;45;48;57;52
462.0;43;58;45;48;57;52
468.0;43;57;46;48;57;52
474.0;42;57;46;48;58;52
480.0;42;57;46;48;58;52
486.0;41;57;46;48;59;52
492.0;41;57;47;48;58;52
498.0;42;57;47;48;57;52
504.0;42;56;48;48;57;52
510.0;42;56;48;48;57;52
516.0;42;55;48;48;57;53
522.0;42;55;48;49;56;53
528.0;41;55;48;49;57;53
534.0;41;55;48;49;57;53
540.0;41;54;49;49;57;53
546.0;41;54;50;49;57;52
552.0;41;54;50;49;57;52
558.0;40;54;50;50;57;52
564.0;39;54;51;50;56;53
570.0;39;54;51;50;56;53
576.0;39;55;51;50;55;53
582.0;39;55;51;50;55;53
588.0;39;55;51;49;55;54
594.0;39;55;52;49;55;53
600.0;39;55;52;49;55;53
606.0;39;55;52;49;55;53
612.0;39;55;52;49;55;53
618.0;39;55;52;49;55;53
624.0;39;55;52;49;55;53
630.0;39;55;52;49;55;53
636.0;39;55;52;49;55;53
642.0;38;56;52;49;55;53
648.0;37;56;53;48;56;53
654.0;37;55;53;47;57;54
660.0;37;55;53;48;57;53
666.0;36;55;53;48;57;54
672.0;37;55;53;48;56;54
678.0;37;55;53;48;56;54
684.0;37;55;53;48;56;54
690.0;37;56;53;47;56;54
696.0;37;56;53;47;56;54
702.0;37;57;53;46;56;54
708.0;37;57;53;46;56;54
714.0;37;57;53;46;56;54
720.0;36;57;53;46;56;55
726.0;36;58;53;46;56;54
732.0;36;58;53;46;56;54
738.0;36;58;53;46;56;54
744.0;36;58;53;46;56;54
750.0;36;58;53;46;56;54
756.0;36;58;53;46;56;54
762.0;36;58;53;46;56;54
768.0;36;58;53;46;56;54
774.0;37;57;53;46;56;54
780.0;36;57;53;47;56;54
786.0;36;58;52;47;56;54
792.0;36;59;52;47;56;53
798.0;36;59;52;47;56;53
804.0;36;59;52;47;56;53
810.0;35;59;53;47;56;53
816.0;36;59;53;46;56;53
822.0;36;58;53;46;56;54
828.0;37;58;53;46;54;55
834.0;37;58;53;46;54;55
840.0;36;58;53;46;53;57
846.0;36;58;53;46;53;57
852.0;37;57;53;46;53;57
858.0;37;57;53;46;53;57
864.0;37;57;53;46;53;57
870.0;37;57;53;46;53;57
876.0;37;57;53;46;54;56
882.0;37;57;54;45;54;56
888.0;36;57;54;45;54;57
894.0;36;57;54;45;54;57
900.0;36;57;54;45;54;57
906.0;36;57;54;45;54;57
912.0;36;57;54;45;54;57
918.0;36;57;54;45;54;57
924.0;36;57;54;45;54;57
930.0;35;58;54;45;54;57
936.0;35;58;54;45;54;57
942.0;35;58;54;45;54;57
948.0;35;58;54;45;54;57
954.0;35;58;54;45;54;57
960.0;33;59;54;45;54;58
966.0;34;58;54;45;55;57
972.0;34;58;54;45;55;57
978.0;34;58;54;45;55;57
984.0;33;58;54;45;56;57
990.0;33;58;54;45;56;57
996.0;33;58;54;45;56;57
1002.0;33;58;54;45;56;57
1008.0;33;58;54;45;56;57
1014.0;34;59;52;45;57;56
1020.0;35;59;52;44;57;56
1026.0;35;59;52;44;57;56
1032.0;35;58;53;45;57;55
1038.0;35;57;53;45;58;55
1044.0;35;57;53;45;58;55
1050.0;35;57;53;45;58;55
1056.0;34;57;53;45;58;56
1062.0;34;57;53;45;58;56
1068.0;34;57;53;45;58;56
1074.0;34;57;53;45;58;56
1080.0;34;59;53;45;58;54
1086.0;34;59;53;45;58;54
1092.0;34;59;53;45;58;54
1098.0;34;59;53;45;58;54
1104.0;34;59;53;45;58;54
1110.0;34;58;53;45;59;54
1116.0;34;58;54;45;58;54
1122.0;34;58;54;45;58;54
1128.0;34;58;54;45;58;54
1134.0;34;58;54;45;58;54
1140.0;34;58;54;45;58;54
1146.0;34;58;54;45;58;54
1152.0;34;57;55;45;58;54
1158.0;34;56;55;46;58;54
1164.0;34;56;54;47;58;54
1170.0;34;57;54;47;58;53
1176.0;34;58;54;46;58;53
1182.0;34;58;54;46;58;53
1188.0;33;58;54;47;58;53
1194.0;33;58;54;47;58;53
1200.0;34;59;54;45;58;53
1206.0;34;59;54;45;58;53
1212.0;34;59;55;45;57;53
1218.0;34;59;55;46;56;53
1224.0;32;59;55;48;56;53
1230.0;32;59;55;48;56;53
1236.0;32;59;56;48;56;52
1242.0;33;58;56;48;56;52
1248.0;33;57;56;49;56;52
1254.0;33;57;56;49;56;52
1260.0;32;57;55;49;56;54
1266.0;31;57;55;49;56;55
1272.0;31;57;55;49;56;55
1278.0;32;57;55;49;55;55
1284.0;32;57;55;49;55;55
1290.0;31;57;56;49;55;55
1296.0;31;56;56;49;56;55
1302.0;31;56;56;49;56;55
1308.0;31;56;56;49;56;55
1314.0;31;56;56;49;56;55
1320.0;31;55;56;49;57;55
1326.0;31;55;57;48;57;55
1332.0;31;55;58;48;56;55
1338.0;31;55;58;48;56;55
1344.0;31;55;58;48;56;55
1350.0;31;55;58;48;56;55
1356.0;31;55;58;48;56;55
1362.0;31;55;58;48;56;55
1368.0;31;55;58;48;56;55
1374.0;31;55;58;48;56;55
1380.0;31;55;58;48;56;55
1386.0;31;55;58;48;56;55
1392.0;30;56;58;48;56;55
1398.0;30;56;58;48;56;55
1404.0;30;56;58;48;56;55
1410.0;30;56;58;48;56;55
1416.0;29;55;59;48;57;55
1422.0;29;55;59;48;57;55
1428.0;29;55;59;47;58;55
1434.0;30;55;58;47;58;55
1440.0;31;54;58;48;57;55
1446.0;32;54;58;48;56;55
1452.0;33;54;58;48;55;55
1458.0;33;54;58;48;55;55
1464.0;33;54;58;48;55;55
1470.0;33;54;58;48;55;55
1476.0;33;53;58;48;56;55
1482.0;33;52;58;48;57;55
1488.0;32;52;59;48;57;55
1494.0;32;52;59;48;57;55
1500.0;32;52;60;48;57;54
1506.0;32;52;60;48;57;54
1512.0;32;52;60;48;57;54
1518.0;32;52;60;48;57;54
1524.0;32;52;60;48;57;54
1530.0;31;52;60;48;58;54
1536.0;31;51;60;48;58;55
1542.0;31;51;60;48;58;55
1548.0;31;51;60;48;58;55
1554.0;31;51;60;48;58;55
1560.0;31;51;60;48;58;55
1566.0;31;52;60;47;58;55
1572.0;31;52;60;47;58;55
1578.0;30;52;61;46;58;56
1584.0;30;52;62;46;57;56
1590.0;30;52;62;46;57;56
1596.0;30;52;62;46;57;56
1602.0;30;52;62;46;58;55
1608.0;30;51;62;46;59;55
1614.0;30;51;62;46;59;55
1620.0;30;51;62;46;59;55
1626.0;30;51;62;46;59;55
1632.0;30;52;62;46;59;54
1638.0;30;52;63;46;58;54
1644.0;30;52;63;46;58;54
1650.0;30;52;63;46;58;54
1656.0;30;51;63;47;58;54
1662.0;30;51;63;47;58;54
1668.0;31;51;63;47;57;54
1674.0;30;50;64;47;57;55
1680.0;30;49;65;47;57;55
1686.0;30;49;65;47;57;55
1692.0;29;49;66;47;57;55
1698.0;30;49;66;47;57;54
1704.0;29;49;66;48;57;54
1710.0;29;48;66;49;57;54
1716.0;29;48;67;49;56;54
1722.0;29;48;67;49;56;54
1728.0;29;48;67;49;56;54
1734.0;29;48;68;49;55;54
1740.0;28;48;68;49;55;55
1746.0;28;48;68;49;55;55
1752.0;27;48;70;50;54;54
1758.0;27;48;70;50;54;54
1764.0;27;48;70;50;54;54
1770.0;28;47;70;50;54;54
1776.0;28;47;70;50;54;54
1782.0;28;47;70;50;54;54
1788.0;28;47;70;50;54;54
1794.0;28;47;70;50;54;54
1800.0;28;47;70;50;54;54
1806.0;28;47;71;51;53;53
1812.0;28;47;71;51;53;53
1818.0;28;46;71;52;53;53
1824.0;28;46;70;53;53;53
1830.0;27;46;70;53;53;54
1836.0;27;46;70;53;53;54
1842.0;27;46;70;53;53;54
1848.0;27;46;69;54;53;54
1854.0;27;46;69;54;53;54
1860.0;27;46;69;54;53;54
1866.0;27;46;69;54;53;54
1872.0;27;46;69;55;53;53
1878.0;27;46;69;55;53;53
1884.0;27;46;69;55;53;53
1890.0;27;46;69;55;53;53
1896.0;27;46;69;55;53;53
1902.0;27;46;69;55;53;53
1908.0;27;46;69;55;53;53
1914.0;27;46;69;55;53;53
1920.0;28;46;69;55;53;52
1926.0;29;45;69;55;53;52
1932.0;29;45;69;55;53;52
1938.0;29;45;69;55;53;52
1944.0;29;45;69;55;54;51
1950.0;29;45;69;56;54;50
1956.0;30;44;70;56;53;50
1962.0;31;43;70;55;53;51
1968.0;30;43;71;55;53;51
1974.0;30;43;71;55;53;51
1980.0;30;43;72;55;52;51
1986.0;29;43;72;56;52;51
1992.0;29;43;72;56;52;51
1998.0;29;42;72;56;52;52
2004.0;29;42;72;56;52;52
2010.0;29;42;72;57;52;51
2016.0;27;43;72;55;54;52
2022.0;27;43;72;55;54;52
2028.0;27;44;71;55;54;52
2034.0;27;44;71;55;54;52
2040.0;27;44;71;55;55;51
2046.0;27;44;71;55;55;51
2052.0;26;45;71;55;55;51
2058.0;26;44;72;55;55;51
2064.0;26;46;72;53;55;51
2070.0;27;46;72;52;56;50
2076.0;26;46;72;52;58;49
2082.0;26;46;72;52;58;49
2088.0;26;46;72;52;58;49
2094.0;26;46;72;52;58;49
2100.0;27;46;72;51;58;49
2106.0;27;46;72;51;58;49
2112.0;27;46;73;51;57;49
2118.0;27;45;73;51;58;49
2124.0;27;45;73;51;58;49
2130.0;27;45;73;51;58;49
2136.0;27;45;73;51;58;49
2142.0;27;46;72;50;59;49
2148.0;27;46;71;51;59;49
2154.0;27;46;71;51;59;49
2160.0;26;46;71;52;59;49
2166.0;26;46;71;52;59;49
2172.0;26;46;71;52;59;49
2178.0;26;46;71;52;59;49
2184.0;26;46;71;52;59;49
2190.0;26;47;70;51;60;49
2196.0;26;47;70;51;60;49
2202.0;26;49;70;51;59;48
2208.0;26;49;70;51;59;48
2214.0;26;49;70;51;59;48
2220.0;26;49;69;51;60;48
2226.0;26;49;69;51;60;48
2232.0;26;49;69;51;60;48
2238.0;26;49;68;51;60;49
2244.0;26;49;68;51;60;49
2250.0;26;49;68;51;60;49
2256.0;25;49;68;51;61;49
2262.0;25;49;68;51;61;49
2268.0;25;49;67;51;61;50
2274.0;24;49;67;51;61;51
2280.0;23;50;65;52;61;52
2286.0;23;50;65;52;61;52
2292.0;22;50;65;53;61;52
2298.0;22;50;65;53;61;52
2304.0;22;49;65;54;61;52
2310.0;22;49;64;54;61;53
2316.0;22;49;64;54;61;53
2322.0;22;49;64;54;61;53
2328.0;22;49;64;54;61;53
2334.0;22;49;64;54;61;53
2340.0;22;47;63;54;64;53
2346.0;22;47;63;54;64;53
2352.0;22;45;63;55;64;54
2358.0;21;44;65;56;64;53
2364.0;21;44;65;56;64;53
2370.0;22;45;64;55;64;53
2376.0;22;45;64;55;64;53
2382.0;22;45;64;55;64;53
2388.0;22;45;64;55;64;53
2394.0;22;45;64;55;64;53
2400.0;22;45;64;55;64;53
2406.0;22;45;64;55;64;53
2412.0;22;45;65;54;64;53
2418.0;23;45;65;54;63;53
2424.0;23;45;65;54;63;53
2430.0;24;45;64;54;63;53
2436.0;24;45;64;54;63;53
2442.0;24;45;63;55;63;53
2448.0;24;46;62;55;63;53
2454.0;24;45;63;55;63;53
2460.0;24;45;63;55;63;53
2466.0;24;45;63;55;63;53
2472.0;25;45;62;55;63;53
2478.0;25;46;62;54;62;54
2484.0;25;46;62;53;63;54
2490.0;25;46;62;53;63;54
2496.0;25;46;62;53;63;54
2502.0;25;46;61;54;63;54
2508.0;25;45;61;54;63;55
2514.0;25;45;61;54;63;55
2520.0;26;45;61;53;63;55
2526.0;25;45;60;54;64;55
2532.0;24;45;60;54;66;54
2538.0;24;45;60;54;66;54
2544.0;24;45;60;54;66;54
2550.0;24;45;60;54;66;54
2556.0;25;45;60;53;66;54
2562.0;26;46;59;53;65;54
2568.0;27;46;58;52;66;54
2574.0;27;46;57;53;66;54
2580.0;27;46;57;53;66;54
2586.0;27;46;57;53;66;54
2592.0;27;46;58;51;67;54
2598.0;27;46;58;51;67;54
2604.0;26;46;58;51;68;54
2610.0;26;45;57;52;69;54
2616.0;26;45;56;52;70;54
2622.0;26;45;56;52;70;54
2628.0;26;45;56;52;70;54
2634.0;26;45;56;52;70;54
2640.0;26;45;56;52;70;54
2646.0;26;45;55;53;70;54
2652.0;26;45;55;53;70;54
2658.0;26;45;55;53;70;54
2664.0;26;45;57;52;70;53
2670.0;26;45;56;53;70;53
2676.0;26;45;56;53;70;53
2682.0;26;45;56;53;70;53
2688.0;26;46;56;53;70;52
2694.0;26;46;56;53;70;52
2700.0;25;47;55;53;71;52
2706.0;25;47;55;53;71;52
2712.0;25;46;55;53;72;52
2718.0;25;46;55;53;72;52
2724.0;25;46;55;53;72;52
2730.0;25;46;55;53;72;52
2736.0;25;46;55;53;72;52
2742.0;25;47;55;52;72;52
2748.0;25;47;55;52;72;52
2754.0;25;47;55;52;72;52
2760.0;25;47;54;52;72;53
2766.0;26;47;54;51;72;53
2772.0;26;47;54;51;72;53
2778.0;27;47;54;50;71;54
2784.0;28;47;54;49;71;54
2790.0;28;47;54;48;72;54
2796.0;27;46;55;48;72;55
2802.0;26;46;55;48;72;56
2808.0;26;46;55;48;72;56
2814.0;26;46;55;48;72;56
2820.0;26;47;55;48;71;56
2826.0;27;47;55;48;70;56
2832.0;27;47;55;48;70;56
2838.0;27;47;55;48;70;56
2844.0;27;47;55;48;70;56
2850.0;27;47;55;48;70;56
2856.0;27;47;55;48;70;56
2862.0;27;48;55;48;69;56
2868.0;27;48;55;48;69;56
2874.0;27;48;55;48;69;56
2880.0;27;48;55;48;69;56
2886.0;27;48;55;47;70;56
2892.0;26;49;55;47;70;56
2898.0;26;49;55;47;70;56
2904.0;26;49;55;47;70;56
2910.0;27;49;55;46;70;56
2916.0;27;48;56;47;69;56
2922.0;27;48;56;48;69;55
2928.0;26;48;56;48;70;55
2934.0;26;47;57;47;70;56
2940.0;26;47;57;47;70;56
2946.0;26;47;57;47;70;56
2952.0;26;47;57;47;70;56
2958.0;26;47;57;46;70;57
2964.0;26;46;57;46;71;57
2970.0;26;46;57;46;71;57
2976.0;26;46;57;46;71;57
2982.0;26;46;57;46;71;57
2988.0;26;46;57;46;71;57
2994.0;25;47;58;46;70;57
3000.0;25;47;58;46;70;57
3006.0;25;47;58;45;70;58
3012.0;25;47;58;46;69;58
3018.0;26;47;58;47;68;57
3024.0;26;47;57;47;69;57
3030.0;26;49;56;46;69;57
3036.0;27;50;56;46;68;56
3042.0;27;50;56;46;68;56
3048.0;27;50;56;46;68;56
3054.0;27;49;58;46;67;56
3060.0;26;49;59;46;67;56
3066.0;26;49;59;46;67;56
3072.0;27;49;58;46;67;56
3078.0;27;49;58;46;67;56
3084.0;27;49;58;46;67;56
3090.0;27;49;58;46;67;56
3096.0;27;49;59;45;67;56
3102.0;27;49;59;45;67;56
3108.0;27;49;59;45;67;56
3114.0;27;49;59;45;67;56
3120.0;27;49;59;45;68;55
3126.0;27;49;59;46;68;54
3132.0;27;49;59;46;68;54
3138.0;28;49;60;45;67;54
3144.0;29;49;59;45;67;54
3150.0;29;49;59;45;67;54
3156.0;29;49;59;45;67;54
3162.0;29;49;59;45;67;54
3168.0;30;49;57;46;67;54
3174.0;30;50;57;47;66;53
3180.0;31;50;57;46;66;53
3186.0;31;50;57;46;66;53
3192.0;31;50;57;46;66;53
3198.0;31;51;56;46;66;53
3204.0;31;51;56;46;66;53
3210.0;31;51;56;46;66;53
3216.0;31;51;56;46;66;53
3222.0;31;51;56;47;65;53
3228.0;32;51;55;47;65;53
3234.0;32;51;55;47;65;53
3240.0;32;51;55;47;65;53
3246.0;32;51;55;47;65;53
3252.0;32;51;55;47;65;53
3258.0;32;51;55;47;65;53
3264.0;32;51;55;47;64;54
3270.0;32;51;55;47;64;54
3276.0;32;51;55;47;64;54
3282.0;31;51;56;47;64;54
3288.0;32;51;56;46;64;54
3294.0;32;51;56;46;64;54
3300.0;33;50;56;46;64;54
3306.0;32;51;56;46;64;54
3312.0;32;51;56;46;64;54
3318.0;32;51;56;46;64;54
3324.0;32;50;56;47;64;54
3330.0;32;50;56;47;64;54
3336.0;33;49;56;47;64;54
3342.0;33;49;56;47;64;54
3348.0;33;49;56;47;64;54
3354.0;33;49;56;47;64;54
3360.0;33;49;56;47;64;54
3366.0;33;50;56;47;64;53
3372.0;34;49;56;47;64;53
3378.0;34;48;57;47;64;53
3384.0;33;49;57;47;64;53
3390.0;32;50;57;47;64;53
3396.0;32;51;57;47;65;51
3402.0;32;50;57;47;65;52
3408.0;32;50;57;47;65;52
3414.0;32;50;57;47;65;52
3420.0;33;50;57;47;64;52
3426.0;33;50;57;47;64;52
3432.0;33;50;57;47;64;52
3438.0;33;50;58;46;64;52
3444.0;34;50;58;46;64;51
3450.0;34;50;58;46;64;51
3456.0;34;50;58;46;64;51
3462.0;34;50;58;45;65;51
3468.0;34;49;59;45;65;51
3474.0;34;49;59;45;65;51
3480.0;34;50;59;44;65;51
3486.0;34;50;59;44;65;51
3492.0;35;49;59;43;65;52
3498.0;35;50;59;42;65;52
3504.0;35;50;59;42;65;52
3510.0;34;52;59;42;65;51
3516.0;34;52;59;42;65;51
3522.0;34;52;59;42;65;51
3528.0;34;52;59;42;65;51
3534.0;34;52;59;42;65;51
3540.0;34;52;59;42;65;51
3546.0;34;52;59;41;67;50
3552.0;34;52;59;41;67;50
3558.0;35;49;59;42;67;51
3564.0;35;49;59;42;67;51
3570.0;35;49;59;42;67;51
3576.0;35;49;59;42;67;51
3582.0;35;48;59;43;67;51
3588.0;35;48;59;44;66;51
3594.0;35;47;60;44;66;51
3600.0;34;47;60;44;66;52
3606.0;34;48;60;43;66;52
3612.0;34;47;60;43;66;53
3618.0;34;47;60;43;66;53
3624.0;34;47;60;43;66;53
3630.0;34;48;61;42;65;53
3636.0;34;49;62;41;64;53
3642.0;34;49;63;41;63;53
3648.0;34;49;63;41;63;53
3654.0;33;49;63;41;63;54
3660.0;32;49;63;41;63;55
3666.0;33;48;63;41;63;55
3672.0;33;48;63;41;63;55
3678.0;33;48;63;41;63;55
3684.0;33;48;63;40;64;55
3690.0;34;48;64;40;64;53
3696.0;33;48;64;40;64;54
3702.0;33;48;64;40;63;55
3708.0;32;47;64;41;63;56
3714.0;32;47;65;41;62;56
3720.0;32;48;64;41;61;57
3726.0;33;47;64;41;61;57
3732.0;33;47;64;41;61;57
3738.0;33;47;65;40;60;58
3744.0;32;47;65;40;61;58
3750.0;32;47;64;40;61;59
3756.0;31;47;65;41;60;59
3762.0;31;48;65;40;59;60
3768.0;31;48;66;40;58;60
3774.0;31;48;66;40;58;60
3780.0;31;48;66;40;58;60
3786.0;31;48;66;40;58;60
3792.0;31;48;66;41;58;59
3798.0;31;48;66;40;59;59
3804.0;31;48;66;40;59;59
3810.0;31;48;66;40;59;59
3816.0;31;48;66;40;59;59
3822.0;30;48;66;40;59;60
3828.0;30;48;66;41;58;60
3834.0;30;48;66;41;58;60
3840.0;30;48;66;40;59;60
3846.0;30;48;66;40;59;60
3852.0;30;48;66;40;59;60
3858.0;30;48;66;40;59;60
3864.0;30;48;66;40;59;60
3870.0;29;49;66;40;59;60
3876.0;28;48;66;41;59;61
3882.0;28;47;66;42;59;61
3888.0;28;47;66;42;59;61
3894.0;28;48;65;42;59;61
3900.0;28;48;66;42;59;60
3906.0;28;48;66;42;59;60
3912.0;28;48;66;42;59;60
3918.0;28;48;65;42;60;60
3924.0;28;48;65;42;60;60
3930.0;28;49;63;43;60;60
3936.0;29;49;63;42;60;60
3942.0;29;49;63;42;60;60
3948.0;29;49;63;42;60;60
3954.0;29;49;63;42;60;60
3960.0;29;49;63;42;60;60
3966.0;29;49;64;41;60;60
3972.0;29;49;64;41;60;60
3978.0;29;48;64;41;61;60
3984.0;29;48;64;41;61;60
3990.0;29;49;64;41;60;60
3996.0;29;48;65;40;60;61
4002.0;28;47;65;40;63;60
4008.0;28;47;66;40;62;60
4014.0;28;46;66;41;62;60
4020.0;28;46;66;41;62;60
4026.0;27;46;66;41;63;60
4032.0;27;46;66;41;63;60
4038.0;27;45;66;42;63;60
4044.0;27;45;66;42;63;60
4050.0;27;45;65;42;63;61
4056.0;27;46;65;42;62;61
4062.0;27;46;65;42;64;59
4068.0;27;46;65;42;64;59
4074.0;27;46;64;42;66;58
4080.0;27;46;64;42;66;58
4086.0;28;46;64;41;66;58
4092.0;28;46;64;42;65;58
4098.0;28;46;64;42;65;58
4104.0;28;46;64;42;65;58
4110.0;28;45;63;43;66;58
4116.0;28;45;63;43;66;58
4122.0;28;45;63;43;66;58
4128.0;28;45;63;43;66;58
4134.0;28;45;63;43;66;58
4140.0;27;45;64;43;66;58
4146.0;28;46;64;43;65;57
4152.0;27;45;64;43;67;57
4158.0;27;45;64;43;67;57
4164.0;27;45;64;43;67;57
4170.0;27;45;64;43;67;57
4176.0;27;45;65;43;66;57
4182.0;28;44;65;43;66;57
4188.0;28;44;65;43;66;57
4194.0;28;43;65;44;66;57
4200.0;28;43;65;43;68;56
4206.0;28;43;64;43;69;56
4212.0;28;43;64;43;69;56
4218.0;29;43;64;42;69;56
4224.0;29;43;64;43;68;56
4230.0;29;43;65;43;68;55
4236.0;29;43;65;42;69;55
4242.0;29;43;65;42;69;55
4248.0;29;43;65;42;69;55
4254.0;29;43;67;41;69;54
4260.0;29;43;67;41;69;54
4266.0;28;43;68;41;68;55
4272.0;28;43;68;42;68;54
4278.0;27;43;70;42;68;53
4284.0;27;43;71;40;69;53
4290.0;27;43;71;40;69;53
4296.0;27;43;71;40;69;53
4302.0;27;43;71;40;69;53
4308.0;28;42;70;39;71;53
4314.0;27;41;70;40;72;53
4320.0;27;41;70;40;72;53
4326.0;27;41;70;40;72;53
4332.0;27;41;70;40;72;53
4338.0;27;41;70;40;72;53
4344.0;27;42;70;39;72;53
4350.0;27;42;70;39;72;53
4356.0;29;42;69;38;72;53
4362.0;29;42;69;39;71;53
4368.0;29;42;69;39;71;53
4374.0;29;41;69;39;72;53
4380.0;29;41;69;39;71;54
4386.0;29;41;69;39;71;54
4392.0;29;41;69;39;71;54
4398.0;29;42;69;39;71;53
4404.0;29;42;69;39;71;53
4410.0;30;42;69;40;69;53
4416.0;29;42;69;40;70;53
4422.0;29;43;69;40;70;52
4428.0;28;43;69;40;69;54
4434.0;28;43;68;40;70;54
4440.0;28;43;68;40;70;54
4446.0;27;43;68;40;71;54
4452.0;28;42;68;40;71;54
4458.0;29;42;68;40;70;54
4464.0;30;42;67;40;70;54
4470.0;30;42;67;40;70;54
4476.0;29;43;67;40;70;54
4482.0;29;43;67;39;70;55
4488.0;29;43;67;39;70;55
4494.0;29;43;67;39;70;55
4500.0;29;43;67;39;70;55
4506.0;29;43;67;39;70;55
4512.0;29;43;68;38;70;55
4518.0;29;43;68;38;70;55
4524.0;28;43;68;38;70;56
4530.0;28;43;68;38;70;56
4536.0;27;42;70;38;70;56
4542.0;27;42;69;39;70;56
4548.0;27;41;69;40;70;56
4554.0;27;41;69;40;70;56
4560.0;27;42;69;39;70;56
4566.0;27;42;69;39;70;56
4572.0;27;42;69;39;70;56
4578.0;27;42;69;39;71;55
4584.0;27;42;69;39;71;55
4590.0;27;43;68;39;71;55
4596.0;27;42;67;39;73;55
4602.0;27;42;67;39;73;55
4608.0;27;43;67;39;72;55
4614.0;27;43;67;39;72;55
4620.0;27;42;67;39;73;55
4626.0;27;42;67;40;72;55
4632.0;27;42;67;40;72;55
4638.0;27;42;67;40;72;55
4644.0;28;42;67;40;71;55
4650.0;27;43;67;39;71;56
4656.0;27;43;67;39;71;56
4662.0;27;43;66;39;72;56
4668.0;27;43;66;39;72;56
4674.0;27;43;66;39;72;56
4680.0;28;43;66;39;71;56
4686.0;27;43;67;39;71;56
4692.0;27;44;67;39;71;55
4698.0;27;44;67;39;71;55
4704.0;27;44;66;39;72;55
4710.0;28;44;65;39;72;55
4716.0;29;43;65;39;72;55
4722.0;29;43;65;39;72;55
4728.0;29;43;65;39;72;55
4734.0;29;43;66;38;72;55
4740.0;29;43;66;38;72;55
4746.0;30;41;67;38;72;55
4752.0;30;41;67;38;72;55
4758.0;30;41;67;38;72;55
4764.0;30;43;67;38;70;55
4770.0;30;43;66;38;71;55
4776.0;30;43;66;38;72;54
4782.0;30;44;66;38;71;54
4788.0;30;44;66;38;71;54
4794.0;30;44;66;38;71;54
4800.0;30;44;66;38;71;54
4806.0;30;42;66;40;71;54
4812.0;30;42;66;40;71;54
4818.0;30;42;66;40;71;54
4824.0;30;41;67;40;71;54
4830.0;30;42;67;40;70;54
4836.0;30;42;66;41;70;54
4842.0;30;42;66;41;70;54
4848.0;31;41;66;41;70;54
4854.0;30;42;66;40;70;55
4860.0;30;41;67;39;70;56
4866.0;31;41;66;39;70;56
4872.0;31;41;66;39;70;56
4878.0;31;41;66;39;70;56
4884.0;31;41;66;39;70;56
4890.0;30;41;66;39;71;56
4896.0;30;41;66;39;71;56
4902.0;30;41;66;39;71;56
4908.0;30;41;66;39;71;56
4914.0;30;41;66;39;71;56
4920.0;29;41;67;38;72;56
4926.0;29;41;67;38;72;56
4932.0;29;41;67;38;72;56
4938.0;29;41;67;38;72;56
4944.0;29;41;67;38;72;56
4950.0;29;41;67;38;72;56
4956.0;29;41;66;38;73;56
4962.0;29;41;66;39;71;57
4968.0;29;41;66;39;71;57
4974.0;29;42;66;39;70;57
4980.0;29;41;65;40;70;58
4986.0;29;41;65;40;70;58
4992.0;29;41;65;40;70;58
4998.0;29;41;65;40;70;58
5004.0;29;41;64;40;70;59
5010.0;29;42;65;40;69;58
5016.0;29;42;65;40;69;58
5022.0;29;42;65;40;69;58
5028.0;29;42;65;40;69;58
5034.0;28;42;66;39;69;59
5040.0;28;42;66;39;69;59
5046.0;28;41;67;39;69;59
5052.0;27;41;68;39;69;59
5058.0;27;41;67;40;69;59
5064.0;27;41;67;40;69;59
5070.0;26;41;67;40;69;60
5076.0;26;41;67;40;69;60
5082.0;26;40;67;40;70;60
5088.0;27;40;67;40;70;59
5094.0;27;40;67;40;70;59
5100.0;27;40;67;40;70;59
5106.0;27;40;67;40;70;59
5112.0;27;40;67;40;70;59
5118.0;26;40;67;40;70;60
5124.0;26;40;67;40;70;60
5130.0;26;40;66;41;70;60
5136.0;26;40;66;41;70;60
5142.0;26;40;66;40;70;61
5148.0;26;40;67;40;69;61
5154.0;26;40;67;40;69;61
5160.0;26;40;67;40;69;61
5166.0;26;40;67;40;69;61
5172.0;25;40;67;39;69;63
5178.0;25;39;68;39;69;63
5184.0;25;39;68;39;69;63
5190.0;25;39;68;39;69;63
5196.0;26;39;68;39;69;62
5202.0;26;39;68;39;69;62
5208.0;26;38;68;39;70;62
5214.0;26;38;68;39;70;62
5220.0;25;38;68;38;71;63
5226.0;24;38;68;39;71;63
5232.0;24;38;68;39;71;63
5238.0;23;38;68;39;71;64
5244.0;23;38;68;39;71;64
5250.0;23;37;68;39;72;64
5256.0;23;37;68;39;72;64
5262.0;23;37;68;39;72;64
5268.0;24;37;67;39;72;64
5274.0;24;37;67;39;72;64
5280.0;24;37;67;39;72;64
5286.0;24;38;66;39;72;64
5292.0;24;38;66;39;72;64
5298.0;25;37;66;38;72;65
5304.0;25;36;66;38;73;65
5310.0;24;35;65;37;75;67
5316.0;24;35;65;37;75;67
5322.0;24;36;65;37;74;67
5328.0;24;36;65;36;74;68
5334.0;24;36;65;36;74;68
5340.0;24;36;66;37;73;67
5346.0;24;36;66;37;73;67
5352.0;24;36;66;37;73;67
5358.0;24;36;66;37;73;67
5364.0;24;36;66;38;72;67
5370.0;24;35;67;38;72;67
5376.0;24;35;66;39;72;67
5382.0;24;34;66;39;72;68
5388.0;24;34;66;39;72;68
5394.0;24;33;66;39;74;67
5400.0;24;33;67;39;74;66
5406.0;23;33;67;39;74;67
5412.0;23;33;67;39;74;67
5418.0;23;34;67;39;73;67
5424.0;23;34;67;39;72;68
5430.0;23;34;67;39;72;68
5436.0;22;34;66;39;72;70
5442.0;22;34;66;39;72;70
5448.0;22;34;66;39;72;70
5454.0;21;34;66;39;73;70
5460.0;21;34;66;39;73;70
5466.0;21;34;66;39;74;69
5472.0;21;34;67;38;74;69
5478.0;21;35;66;38;74;69
5484.0;20;35;66;39;74;69
5490.0;20;35;66;39;74;69
5496.0;20;35;67;39;74;68
5502.0;20;35;67;39;74;68
5508.0;20;34;67;39;75;68
5514.0;20;34;67;39;75;68
5520.0;20;34;67;39;75;68
5526.0;20;34;67;39;75;68
5532.0;20;34;67;39;75;68
5538.0;20;34;67;39;75;68
5544.0;20;35;66;39;75;68
5550.0;20;35;66;39;75;68
5556.0;20;35;66;39;75;68
5562.0;20;35;66;39;76;67
5568.0;20;35;66;39;76;67
5574.0;21;34;66;39;76;67
5580.0;21;34;66;39;76;67
5586.0;21;35;65;39;76;67
5592.0;21;35;65;39;76;67
5598.0;21;36;65;39;76;66
5604.0;21;36;64;39;76;67
5610.0;22;35;65;39;76;66
5616.0;22;35;65;39;76;66
5622.0;23;36;64;38;76;66
5628.0;22;36;64;39;76;66
5634.0;22;36;64;39;76;66
5640.0;23;36;64;39;76;65
5646.0;23;36;64;39;76;65
5652.0;23;37;64;38;76;65
5658.0;23;38;64;38;76;64
5664.0;23;38;64;38;76;64
5670.0;23;37;64;38;76;65
5676.0;23;37;64;38;76;65
5682.0;23;37;64;38;76;65
5688.0;23;37;64;38;76;65
5694.0;23;37;64;38;76;65
5700.0;22;37;64;38;75;67
5706.0;22;37;65;38;75;66
5712.0;22;37;65;38;75;66
5718.0;22;37;65;38;75;66
5724.0;22;37;65;38;75;66
5730.0;22;37;65;38;75;66
5736.0;23;37;65;38;75;65
5742.0;23;37;65;38;75;65
5748.0;23;37;65;38;75;65
5754.0;23;37;65;38;75;65
5760.0;24;37;64;38;75;65
5766.0;24;37;65;38;74;65
5772.0;23;37;66;38;74;65
5778.0;23;38;66;38;74;64
5784.0;23;38;66;39;74;63
5790.0;23;38;66;39;74;63
5796.0;23;38;66;39;74;63
5802.0;23;38;67;39;73;63
5808.0;23;38;67;39;73;63
5814.0;24;38;67;39;73;62
5820.0;24;38;67;39;73;62
5826.0;24;38;67;39;73;62
5832.0;25;38;66;39;73;62
5838.0;25;38;66;39;73;62
5844.0;25;38;66;39;73;62
5850.0;26;38;66;38;73;62
5856.0;27;38;66;38;72;62
5862.0;26;38;66;38;73;62
5868.0;26;38;66;38;73;62
5874.0;26;38;66;38;73;62
5880.0;26;38;66;38;73;62
5886.0;26;38;67;38;73;61
5892.0;26;38;67;38;73;61
5898.0;27;38;67;38;73;60
5904.0;27;37;67;39;73;60
5910.0;27;37;67;39;73;60
5916.0;27;37;67;39;73;60
5922.0;27;37;67;39;73;60
5928.0;27;37;67;38;73;61
5934.0;27;37;67;38;74;60
5940.0;27;37;67;38;73;61
5946.0;28;37;67;38;73;60
5952.0;28;36;67;38;73;61
5958.0;29;36;67;38;72;61
5964.0;29;36;67;38;72;61
5970.0;29;35;68;38;72;61
5976.0;29;35;68;38;72;61
5982.0;29;34;68;40;72;60
5988.0;29;34;68;40;72;60
5994.0;28;34;68;41;72;60
6000.0;28;34;67;43;72;59
6006.0;27;35;68;43;71;59
6012.0;26;34;69;44;71;59
6018.0;26;34;69;44;71;59
6024.0;27;33;69;44;71;59
6030.0;27;33;69;44;71;59
6036.0;27;34;69;44;70;59
6042.0;26;34;68;45;71;59
6048.0;26;34;68;45;71;59
6054.0;26;34;68;45;71;59
6060.0;26;35;68;43;71;60
6066.0;26;35;68;43;71;60
6072.0;26;35;68;43;71;60
6078.0;27;34;68;44;71;59
6084.0;27;34;68;44;71;59
6090.0;27;33;68;45;71;59
6096.0;26;33;68;46;71;59
6102.0;25;33;68;46;71;60
6108.0;25;33;68;46;71;60
6114.0;25;33;68;46;71;60
6120.0;26;33;68;45;71;60
6126.0;26;33;68;45;71;60
6132.0;26;33;68;45;71;60
6138.0;26;33;68;44;72;60
6144.0;26;33;68;44;72;60
6150.0;26;33;68;44;71;61
6156.0;26;33;68;44;72;60
6162.0;26;33;68;44;72;60
6168.0;26;33;68;44;72;60
6174.0;26;33;68;44;72;60
6180.0;26;33;68;44;72;60
6186.0;27;32;68;44;72;60
6192.0;26;32;69;44;72;60
6198.0;26;32;69;44;72;60
6204.0;26;32;69;43;72;61
6210.0;26;32;69;43;72;61
6216.0;27;31;69;43;72;61
6222.0;28;31;68;43;72;61
6228.0;28;31;68;43;72;61
6234.0;28;31;67;44;72;61
6240.0;28;31;68;44;71;61
6246.0;28;31;68;44;71;61
6252.0;28;31;68;44;72;60
6258.0;28;31;68;44;72;60
6264.0;29;30;68;44;71;61
6270.0;29;31;68;45;69;61
6276.0;30;31;68;44;69;61
6282.0;30;31;68;44;69;61
6288.0;30;31;68;44;68;62
6294.0;30;31;68;44;68;62
6300.0;31;30;68;44;68;62
6306.0;32;30;67;46;67;61
6312.0;32;30;67;47;67;60
6318.0;31;31;67;46;68;60
6324.0;31;31;67;46;67;61
6330.0;31;31;68;46;66;61
6336.0;30;32;68;46;66;61
6342.0;30;33;68;46;65;61
6348.0;30;33;68;46;65;61
6354.0;31;33;68;46;64;61
6360.0;31;33;67;46;65;61
6366.0;31;34;67;46;66;59
6372.0;31;34;67;46;66;59
6378.0;32;34;67;46;65;59
6384.0;32;34;66;46;65;60
6390.0;32;34;66;46;65;60
6396.0;33;33;66;47;64;60
6402.0;32;34;65;47;65;60
6408.0;32;34;65;47;65;60
6414.0;33;35;65;46;65;59
6420.0;32;35;66;44;66;60
6426.0;31;35;66;45;66;60
6432.0;31;35;66;45;66;60
6438.0;31;35;66;45;66;60
6444.0;31;35;66;45;67;59
6450.0;31;35;66;45;67;59
6456.0;31;35;66;45;68;58
6462.0;31;35;66;44;68;59
6468.0;31;35;66;44;68;59
6474.0;31;36;66;44;68;58
6480.0;31;36;66;44;68;58
6486.0;30;36;68;43;68;58
6492.0;30;37;67;43;68;58
6498.0;30;37;67;42;69;58
6504.0;30;37;67;42;69;58
6510.0;29;37;67;42;70;58
6516.0;29;37;68;41;71;57
6522.0;29;37;68;41;71;57
6528.0;29;37;68;41;71;57
6534.0;29;37;68;41;71;57
6540.0;29;36;69;41;72;56
6546.0;29;36;69;41;72;56
6552.0;29;36;69;41;72;56
6558.0;29;36;69;41;72;56
6564.0;29;36;69;41;72;56
6570.0;29;36;69;42;72;55
6576.0;29;36;69;42;72;55
6582.0;30;35;69;44;71;54
6588.0;29;35;70;43;72;54
6594.0;29;35;70;43;72;54
6600.0;29;35;70;43;72;54
6606.0;29;35;71;41;72;55
6612.0;28;36;71;41;72;55
6618.0;28;36;71;41;72;55
6624.0;28;36;72;40;72;55
6630.0;28;36;72;40;72;55
6636.0;28;36;72;40;72;55
6642.0;28;36;73;40;71;55
6648.0;28;36;73;40;70;56
6654.0;28;36;73;40;70;56
6660.0;28;36;73;40;70;56
6666.0;28;35;72;41;71;56
6672.0;29;34;72;41;71;56
6678.0;29;34;72;41;71;56
6684.0;29;34;72;41;71;56
6690.0;29;34;72;41;71;56
6696.0;30;34;74;40;69;56
6702.0;30;33;74;40;69;57
6708.0;30;33;74;40;69;57
6714.0;29;33;74;40;70;57
6720.0;29;33;74;40;70;57
6726.0;29;34;73;41;69;57
6732.0;29;34;73;41;69;57
6738.0;29;34;73;41;68;58
6744.0;29;33;73;41;69;58
6750.0;29;33;73;41;69;58
6756.0;29;33;73;41;69;58
6762.0;29;33;73;41;69;58
6768.0;29;33;73;41;69;58
6774.0;29;33;73;41;70;57
6780.0;29;33;73;41;70;57
6786.0;28;33;73;41;71;57
6792.0;28;33;72;41;72;57
6798.0;28;33;72;41;72;57
6804.0;29;33;71;42;71;57
6810.0;29;33;71;42;71;57
6816.0;29;33;71;42;71;57
6822.0;29;33;71;42;71;57
6828.0;30;33;71;41;72;56
6834.0;30;33;71;41;72;56
6840.0;30;33;71;41;72;56
6846.0;30;33;71;41;72;56
6852.0;30;33;71;41;72;56
6858.0;30;33;71;41;72;56
6864.0;31;33;70;41;72;56
6870.0;31;33;70;41;72;56
6876.0;31;33;70;41;72;56
6882.0;31;33;70;41;72;56
6888.0;31;34;70;41;72;55
6894.0;31;34;70;41;72;55
6900.0;31;34;70;41;72;55
6906.0;31;33;71;42;72;54
6912.0;31;33;71;42;71;55
6918.0;31;33;71;42;71;55
6924.0;30;33;71;43;71;55
6930.0;30;33;71;44;70;55
6936.0;30;33;71;44;70;55
6942.0;30;33;70;44;71;55
6948.0;30;34;69;44;71;55
6954.0;31;34;68;44;71;55
6960.0;31;34;68;44;71;55
6966.0;31;34;68;44;71;55
6972.0;29;34;68;44;73;55
6978.0;30;34;68;44;73;54
6984.0;30;34;68;44;73;54
6990.0;30;34;68;44;73;54
6996.0;30;34;68;44;73;54
7002.0;30;34;68;44;73;54
7008.0;30;35;68;43;73;54
7014.0;30;35;68;42;73;55
7020.0;31;35;68;41;72;56
7026.0;31;35;68;41;72;56
7032.0;31;35;68;41;72;56
7038.0;31;35;68;41;72;56
7044.0;32;35;68;41;72;55
7050.0;32;35;68;41;72;55
7056.0;32;36;67;41;72;55
7062.0;32;36;67;41;72;55
7068.0;33;36;67;41;72;54
7074.0;33;36;67;42;72;53
7080.0;34;36;67;42;71;53
7086.0;33;36;67;42;72;53
7092.0;33;36;67;42;72;53
7098.0;33;36;67;42;72;53
7104.0;33;36;67;42;72;53
7110.0;35;35;67;41;72;53
7116.0;35;35;67;42;73;51
7122.0;35;35;67;42;73;51
7128.0;35;34;67;41;74;52
7134.0;35;34;69;40;74;51
7140.0;35;34;69;40;73;52
7146.0;35;34;69;39;73;53
7152.0;34;34;68;39;73;55
7158.0;34;34;68;39;73;55
7164.0;34;34;68;39;73;55
7170.0;34;34;68;39;73;55
7176.0;34;34;69;39;72;55
7182.0;33;34;69;39;72;56
7188.0;33;34;69;39;72;56
7194.0;32;35;69;39;70;58
7200.0;32;35;68;39;70;59
7206.0;32;35;68;40;69;59
7212.0;32;35;68;40;68;60
7218.0;32;35;68;40;68;60
7224.0;32;35;69;40;68;59
7230.0;32;35;69;40;68;59
7236.0;32;35;69;40;68;59
7242.0;32;35;69;39;68;60
7248.0;32;35;69;39;68;60
7254.0;32;35;69;38;69;60
7260.0;32;35;69;38;69;60
7266.0;32;35;69;38;69;60
7272.0;32;35;69;38;69;60
7278.0;32;35;69;38;69;60
7284.0;33;35;68;38;70;59
7290.0;33;35;68;38;70;59
7296.0;33;36;70;38;69;57
7302.0;33;37;69;38;69;57
7308.0;34;37;69;38;69;56
7314.0;34;37;69;38;69;56
7320.0;34;37;70;38;68;56
7326.0;33;37;71;38;68;56
7332.0;33;38;71;38;67;56
7338.0;32;38;71;38;67;57
7344.0;32;38;71;38;67;57
7350.0;33;38;69;40;67;56
7356.0;33;38;70;40;67;55
7362.0;32;38;70;40;67;56
7368.0;32;38;70;39;68;56
7374.0;32;38;70;39;68;56
7380.0;32;37;70;39;69;56
7386.0;32;37;70;39;69;56
7392.0;32;37;70;39;69;56
7398.0;32;37;70;39;69;56
7404.0;33;36;70;39;69;56
7410.0;33;36;70;39;69;56
7416.0;33;36;70;39;69;56
7422.0;33;37;70;38;69;56
7428.0;33;37;70;38;69;56
7434.0;33;37;70;38;69;56
7440.0;33;37;70;38;69;56
7446.0;33;37;70;38;69;56
7452.0;33;37;69;38;69;57
7458.0;33;36;69;38;69;58
7464.0;33;36;69;38;69;58
7470.0;33;36;69;38;69;58
7476.0;33;36;69;38;69;58
7482.0;33;36;69;38;69;58
7488.0;32;36;69;38;70;58
7494.0;32;36;69;39;69;58
7500.0;32;35;70;39;69;58
7506.0;33;35;70;39;69;57
7512.0;33;35;70;39;69;57
7518.0;33;36;70;39;68;57
7524.0;33;36;70;40;67;57
7530.0;32;37;70;41;66;57
7536.0;33;37;70;41;66;56
7542.0;33;37;70;41;66;56
7548.0;33;38;69;41;66;56
7554.0;34;38;69;40;66;56
7560.0;34;38;69;40;66;56
7566.0;33;38;69;40;67;56
7572.0;32;38;69;41;66;57
7578.0;32;38;71;41;66;55
7584.0;33;39;70;40;66;55
7590.0;33;39;71;40;66;54
7596.0;33;38;72;40;66;54
7602.0;34;37;72;40;66;54
7608.0;34;37;73;40;65;54
7614.0;35;37;73;39;65;54
7620.0;35;38;75;38;65;52
7626.0;35;38;75;38;65;52
7632.0;34;39;75;38;65;52
7638.0;34;39;75;38;65;52
7644.0;33;39;75;38;65;53
7650.0;34;39;74;38;65;53
7656.0;34;39;74;38;65;53
7662.0;34;39;74;38;65;53
7668.0;34;39;74;38;65;53
7674.0;34;39;74;37;66;53
7680.0;34;39;74;37;66;53
7686.0;35;39;74;37;65;53
7692.0;35;39;74;37;65;53
7698.0;36;39;74;37;65;52
7704.0;36;38;73;37;66;53
7710.0;36;39;73;37;65;53
7716.0;36;40;73;37;64;53
7722.0;36;40;73;37;64;53
7728.0;36;41;73;37;63;53
7734.0;36;41;73;37;63;53
7740.0;36;41;73;37;63;53
7746.0;36;41;73;38;62;53
7752.0;37;41;73;38;61;53
7758.0;36;42;73;37;62;53
7764.0;36;42;73;37;63;52
7770.0;35;41;74;37;64;52
7776.0;35;41;74;37;64;52
7782.0;35;41;74;37;64;52
7788.0;35;41;74;37;64;52
7794.0;36;41;75;37;62;52
7800.0;36;41;75;37;62;52
7806.0;35;41;76;37;62;52
7812.0;35;41;76;37;62;52
7818.0;35;40;77;37;62;52
7824.0;34;41;77;37;62;52
7830.0;34;41;77;37;62;52
7836.0;34;41;77;37;62;52
7842.0;34;41;76;37;62;53
7848.0;33;40;77;37;62;54
7854.0;33;40;77;37;62;54
7860.0;33;40;77;37;62;54
7866.0;33;39;78;37;62;54
7872.0;33;40;78;36;62;54
7878.0;33;40;78;36;62;54
7884.0;33;40;78;36;62;54
7890.0;34;40;78;35;62;54
7896.0;34;39;79;35;62;54
7902.0;33;39;80;36;62;53
7908.0;33;39;80;36;62;53
7914.0;33;40;79;36;62;53
7920.0;33;41;78;36;62;53
7926.0;33;41;78;36;62;53
7932.0;33;41;78;36;62;53
7938.0;33;41;78;36;62;53
7944.0;31;41;77;36;64;54
7950.0;31;41;77;36;64;54
7956.0;30;41;77;37;64;54
7962.0;30;41;78;36;64;54
7968.0;30;40;78;37;65;53
7974.0;31;41;78;37;65;51
7980.0;31;41;78;37;65;51
7986.0;31;41;78;37;65;51
7992.0;31;41;78;37;65;51
7998.0;31;41;78;37;65;51
8004.0;31;42;78;37;64;51
8010.0;31;42;77;37;65;51
8016.0;31;42;77;37;65;51
8022.0;31;42;77;37;65;51
8028.0;31;41;77;37;65;52
8034.0;31;41;77;37;65;52
8040.0;30;41;77;37;66;52
8046.0;30;41;77;37;66;52
8052.0;29;41;77;38;66;52
8058.0;28;41;77;38;66;53
8064.0;29;41;76;38;66;53
8070.0;29;41;76;38;66;53
8076.0;29;40;76;38;67;53
8082.0;30;40;76;38;67;52
8088.0;30;40;76;38;67;52
8094.0;30;40;76;38;67;52
8100.0;30;40;76;38;67;52
8106.0;30;40;75;39;67;52
8112.0;30;40;75;39;67;52
8118.0;30;40;75;39;67;52
8124.0;30;40;75;39;67;52
8130.0;30;40;75;39;66;53
8136.0;30;39;74;40;66;54
8142.0;31;39;73;40;66;54
8148.0;32;38;73;40;66;54
8154.0;32;38;74;39;66;54
8160.0;32;38;74;39;66;54
8166.0;32;38;74;39;65;55
8172.0;32;38;74;39;65;55
8178.0;32;38;74;39;65;55
8184.0;32;38;74;39;65;55
8190.0;31;37;75;40;65;55
8196.0;31;37;75;40;65;55
8202.0;30;37;75;41;65;55
8208.0;30;37;75;41;65;55
8214.0;29;37;75;42;65;55
8220.0;29;37;76;42;65;54
8226.0;28;38;76;41;66;54
8232.0;28;38;76;41;66;54
8238.0;28;38;76;41;66;54
8244.0;28;38;76;41;66;54
8250.0;28;38;76;41;66;54
8256.0;28;38;76;41;66;54
8262.0;28;38;76;41;66;54
8268.0;29;38;76;40;66;54
8274.0;29;37;76;40;67;54
8280.0;28;37;76;40;67;55
8286.0;28;37;76;40;67;55
8292.0;28;37;76;40;67;55
8298.0;28;37;76;40;67;55
8304.0;28;37;76;40;67;55
8310.0;28;37;75;40;68;55
8316.0;28;38;75;40;67;55
8322.0;28;38;75;40;67;55
8328.0;28;38;75;40;67;55
8334.0;27;38;75;42;67;54
8340.0;27;38;74;43;67;54
8346.0;27;38;74;43;67;54
8352.0;29;37;74;43;67;53
8358.0;29;37;74;43;67;53
8364.0;29;37;73;44;67;53
8370.0;29;37;73;44;67;53
8376.0;28;38;73;44;67;53
8382.0;28;38;73;44;67;53
8388.0;29;38;73;44;66;53
8394.0;29;38;72;44;66;54
8400.0;29;38;72;44;66;54
8406.0;28;37;72;45;68;53
8412.0;29;37;73;44;67;53
8418.0;29;37;73;44;67;53
8424.0;29;37;73;44;67;53
8430.0;30;38;72;44;66;53
8436.0;29;38;73;44;66;53
8442.0;29;38;73;44;66;53
8448.0;29;37;74;44;66;53
8454.0;28;37;74;44;66;54
8460.0;28;37;74;44;66;54
8466.0;27;38;73;44;66;55
8472.0;27;39;73;44;66;54
8478.0;27;39;74;44;65;54
8484.0;28;39;73;44;65;54
8490.0;28;39;73;44;65;54
8496.0;28;40;74;45;63;53
8502.0;28;40;74;45;63;53
8508.0;29;40;74;45;62;53
8514.0;29;40;74;45;62;53
8520.0;29;40;74;45;62;53
8526.0;29;39;73;46;63;53
8532.0;31;39;73;46;62;52
8538.0;31;40;73;47;60;52
8544.0;31;41;72;47;60;52
8550.0;32;40;72;47;60;52
8556.0;31;40;73;47;60;52
8562.0;31;40;73;47;61;51
8568.0;31;40;73;47;61;51
8574.0;31;40;73;47;61;51
8580.0;31;40;73;47;61;51
8586.0;31;40;73;47;61;51
8592.0;31;40;73;47;61;51
8598.0;31;40;73;47;61;51
8604.0;31;40;73;47;61;51
8610.0;31;40;73;47;61;51
8616.0;32;40;74;47;59;51
8622.0;32;40;74;48;59;50
8628.0;32;41;73;48;59;50
8634.0;32;41;73;48;59;50
8640.0;32;41;73;48;59;50
8646.0;32;41;72;49;60;49
8652.0;32;41;72;49;60;49
8658.0;32;40;72;50;60;49
8664.0;32;40;72;50;60;49
8670.0;32;40;72;50;60;49
8676.0;32;40;72;50;60;49
8682.0;32;40;72;50;60;49
8688.0;32;40;72;50;60;49
8694.0;32;40;72;49;60;50
8700.0;32;40;72;49;60;50
8706.0;32;40;72;49;60;50
8712.0;32;41;72;49;59;50
8718.0;33;41;73;48;59;49
8724.0;33;41;73;48;59;49
8730.0;33;41;73;48;59;49
8736.0;33;40;73;49;59;49
8742.0;33;40;73;49;59;49
8748.0;32;40;73;49;59;50
8754.0;32;40;73;49;59;50
8760.0;33;40;73;49;58;50
8766.0;33;41;72;49;58;50
8772.0;33;41;72;49;58;50
8778.0;33;41;72;49;58;50
8784.0;33;41;72;49;58;50
8790.0;33;39;72;50;59;50
8796.0;32;39;72;50;60;50
8802.0;32;40;72;49;60;50
8808.0;32;40;72;49;60;50
8814.0;32;40;72;49;60;50
8820.0;32;40;72;49;60;50
8826.0;32;40;73;49;60;49
8832.0;32;40;73;49;60;49
8838.0;32;40;73;49;60;49
8844.0;32;40;73;49;60;49
8850.0;32;40;73;49;60;49
8856.0;32;40;72;50;60;49
8862.0;32;40;72;50;60;49
8868.0;32;40;72;50;60;49
8874.0;32;40;72;50;60;49
8880.0;32;40;72;50;60;49
8886.0;31;40;73;50;60;49
8892.0;30;40;73;50;60;50
8898.0;30;40;73;50;60;50
8904.0;30;40;73;50;60;50
8910.0;30;40;73;50;60;50
8916.0;30;40;73;50;60;50
8922.0;31;39;73;50;60;50
8928.0;31;39;73;50;60;50
8934.0;31;39;73;50;60;50
8940.0;31;40;73;49;60;50
8946.0;30;41;73;49;59;51
8952.0;30;41;73;49;59;51
8958.0;30;41;73;49;58;52
8964.0;30;41;73;49;58;52
8970.0;32;41;73;50;57;50
8976.0;32;41;73;50;57;50
8982.0;33;41;72;50;57;50
8988.0;32;41;72;51;57;50
8994.0;32;41;72;51;57;50
9000.0;32;41;73;51;57;49
9006.0;32;41;73;51;57;49
9012.0;32;40;73;51;58;49
9018.0;33;39;74;50;58;49
9024.0;32;40;74;50;58;49
9030.0;32;39;74;50;59;49
9036.0;32;39;74;50;59;49
9042.0;32;39;74;50;59;49
9048.0;32;39;74;50;59;49
9054.0;32;38;74;50;60;49
9060.0;32;38;74;50;60;49
9066.0;32;37;74;49;61;50
9072.0;32;37;74;49;61;50
9078.0;32;37;74;49;61;50
9084.0;33;38;74;47;61;50
9090.0;33;38;74;47;61;50
9096.0;33;38;75;47;61;49
9102.0;33;38;75;47;61;49
9108.0;33;38;75;47;61;49
9114.0;33;38;75;47;61;49
9120.0;33;38;75;47;61;49
9126.0;33;38;75;47;61;49
9132.0;33;38;75;47;61;49
9138.0;33;39;75;47;60;49
9144.0;33;39;75;47;60;49
9150.0;33;39;75;47;60;49
9156.0;33;39;75;47;60;49
9162.0;33;39;75;47;61;48
9168.0;34;39;74;47;61;48
9174.0;34;39;74;47;61;48
9180.0;34;39;74;47;61;48
9186.0;34;39;74;47;61;48
9192.0;34;39;74;46;62;48
9198.0;34;39;74;46;62;48
9204.0;34;39;74;46;62;48
9210.0;34;39;74;46;62;48
9216.0;34;39;74;46;62;48
9222.0;34;39;73;46;62;49
9228.0;35;39;73;46;62;48
9234.0;35;39;73;46;62;48
9240.0;35;39;73;46;62;48
9246.0;35;39;73;46;62;48
9252.0;35;39;73;46;62;48
9258.0;35;40;72;47;62;47
9264.0;35;41;72;46;62;47
9270.0;35;41;72;46;62;47
9276.0;35;41;72;46;62;47
9282.0;35;42;72;46;62;46
9288.0;35;42;72;47;62;45
9294.0;35;42;72;47;61;46
9300.0;35;42;72;47;61;46
9306.0;34;43;71;48;61;46
9312.0;35;42;71;48;62;45
9318.0;35;42;71;48;62;45
9324.0;35;43;71;48;61;45
9330.0;35;44;71;48;60;45
9336.0;35;44;71;48;60;45
9342.0;35;43;71;48;61;45
9348.0;35;43;71;48;61;45
9354.0;35;43;72;47;61;45
9360.0;35;43;72;47;61;45
9366.0;34;44;72;47;61;45
9372.0;34;44;72;47;61;45
9378.0;35;44;71;48;60;45
9384.0;35;44;71;48;60;45
9390.0;35;44;71;48;60;45
9396.0;34;44;71;48;60;46
9402.0;34;44;71;48;60;46
9408.0;33;44;71;48;60;47
9414.0;33;44;71;48;60;47
9420.0;33;43;71;48;61;47
9426.0;33;43;71;48;61;47
9432.0;33;43;71;48;61;47
9438.0;33;43;71;48;61;47
9444.0;33;43;71;48;61;47
9450.0;33;43;71;48;61;47
9456.0;33;44;70;48;61;47
9462.0;33;44;70;48;61;47
9468.0;33;43;70;49;61;47
9474.0;33;43;70;49;61;47
9480.0;32;43;70;50;61;47
9486.0;32;43;70;50;61;47
9492.0;32;43;70;50;61;47
9498.0;32;44;70;50;61;46
9504.0;32;44;71;50;61;45
9510.0;32;44;71;50;61;45
9516.0;32;44;71;50;61;45
9522.0;32;44;71;50;61;45
9528.0;32;44;71;50;61;45
9534.0;33;44;71;49;61;45
9540.0;33;44;72;49;60;45
9546.0;32;44;73;48;60;46
9552.0;32;44;73;48;59;47
9558.0;32;44;73;48;59;47
9564.0;32;44;72;49;60;46
9570.0;32;45;71;48;61;46
9576.0;33;45;71;48;60;46
9582.0;33;45;71;48;60;46
9588.0;33;45;71;48;60;46
9594.0;33;45;71;48;60;46
9600.0;33;45;71;48;60;46
9606.0;33;45;71;49;59;46
9612.0;34;45;71;50;58;45
9618.0;33;46;70;50;59;45
9624.0;33;46;70;50;59;45
9630.0;33;46;70;49;60;45
9636.0;33;46;70;49;60;45
9642.0;33;46;70;49;60;45
9648.0;33;46;71;48;60;45
9654.0;33;46;72;47;60;45
9660.0;33;46;71;47;60;46
9666.0;33;45;71;47;61;46
9672.0;33;45;71;47;61;46
9678.0;33;46;71;47;61;45
9684.0;33;45;72;46;62;45
9690.0;33;45;72;46;62;45
9696.0;33;45;72;46;62;45
9702.0;33;45;72;46;62;45
9708.0;33;45;72;46;62;45
9714.0;33;45;73;45;62;45
9720.0;33;45;73;45;62;45
9726.0;33;45;73;45;62;45
9732.0;33;45;73;45;62;45
9738.0;33;45;74;44;62;45
9744.0;33;45;74;44;62;45
9750.0;32;45;74;44;63;45
9756.0;32;45;74;44;63;45
9762.0;32;45;73;44;64;45
9768.0;30;45;76;43;64;45
9774.0;30;45;76;43;64;45
9780.0;30;45;75;43;64;46
9786.0;30;46;74;43;64;46
9792.0;30;45;75;43;64;46
9798.0;30;45;75;43;64;46
9804.0;30;45;75;43;64;46
9810.0;30;45;75;43;64;46
9816.0;29;46;75;43;64;46
9822.0;28;46;76;45;64;44
9828.0;28;46;76;45;64;44
9834.0;28;46;76;45;64;44
9840.0;28;46;76;45;64;44
9846.0;28;46;76;45;64;44
9852.0;28;46;77;45;63;44
9858.0;28;47;77;45;62;44
9864.0;28;47;77;44;63;44
9870.0;29;47;77;44;62;44
9876.0;29;47;77;44;62;44
9882.0;29;47;77;44;62;44
9888.0;29;48;76;45;62;43
9894.0;29;48;76;45;62;43
9900.0;29;48;76;45;62;43
9906.0;28;48;77;45;62;43
9912.0;28;48;77;45;62;43
9918.0;28;48;77;45;62;43
9924.0;29;48;77;45;61;43
9930.0;29;48;77;45;61;43
9936.0;29;48;77;45;61;43
9942.0;29;48;77;45;61;43
9948.0;29;48;77;45;61;43
9954.0;29;48;77;45;61;43
9960.0;29;47;77;45;61;44
9966.0;29;47;77;45;61;44
9972.0;29;47;76;45;61;45
9978.0;29;47;76;45;61;45
9984.0;29;47;76;45;61;45
9990.0;29;47;76;45;61;45
9996.0;30;47;75;45;61;45
10002.0;30;47;75;45;62;44
10008.0;30;47;75;45;62;44
10014.0;30;47;75;45;62;44
10020.0;30;47;75;45;62;44
10026.0;30;47;75;45;62;44
10032.0;30;47;75;45;62;44
10038.0;30;47;75;45;62;44
10044.0;30;47;75;45;62;44
10050.0;29;47;76;45;62;44
10056.0;29;47;76;45;62;44
10062.0;29;47;75;46;62;44
10068.0;30;47;75;45;61;45
10074.0;30;46;76;45;61;45
10080.0;30;46;76;45;61;45
10086.0;30;46;76;44;61;46
10092.0;29;46;77;43;61;47
10098.0;29;46;77;43;61;47
10104.0;29;46;77;43;61;47
10110.0;29;46;77;43;61;47
10116.0;29;46;77;43;61;47
10122.0;29;46;77;43;61;47
10128.0;29;46;77;43;61;47
10134.0;29;46;76;43;61;48
10140.0;29;45;77;43;61;48
10146.0;29;45;77;43;61;48
10152.0;29;45;78;42;61;48
10158.0;29;45;78;42;62;47
10164.0;28;45;80;42;62;46
10170.0;28;45;80;42;62;46
10176.0;28;45;80;42;62;46
10182.0;27;46;80;42;62;46
10188.0;27;46;80;42;62;46
10194.0;27;47;80;41;62;46
10200.0;27;48;80;41;62;45
10206.0;26;48;80;41;62;46
10212.0;26;48;79;43;61;46
10218.0;27;47;78;44;61;46
10224.0;27;47;78;44;61;46
10230.0;26;47;78;45;61;46
10236.0;26;47;78;45;61;46
10242.0;26;47;78;45;61;46
10248.0;26;46;78;45;61;47
10254.0;26;45;79;45;61;47
10260.0;25;45;79;45;61;48
10266.0;25;45;79;45;61;48
10272.0;25;45;79;45;61;48
10278.0;25;45;80;44;61;48
10284.0;25;46;80;43;61;48
10290.0;25;46;80;43;61;48
10296.0;25;46;80;43;61;48
10302.0;24;47;80;42;62;48
10308.0;24;46;80;42;62;49
10314.0;24;46;81;41;62;49
10320.0;23;46;82;41;62;49
10326.0;23;46;82;41;62;49
10332.0;23;46;82;41;62;49
10338.0;24;46;85;40;60;48
10344.0;24;46;85;40;60;48
10350.0;24;46;85;40;59;49
10356.0;24;46;85;40;59;49
10362.0;24;46;85;40;59;49
10368.0;24;46;85;40;59;49
10374.0;24;46;85;40;59;49
10380.0;24;46;85;40;59;49
10386.0;26;46;85;41;58;47
10392.0;26;46;84;41;59;47
10398.0;27;45;84;41;59;47
10404.0;28;45;83;41;59;47
10410.0;28;45;83;41;59;47
10416.0;28;45;83;41;59;47
10422.0;27;45;84;41;59;47
10428.0;27;45;84;41;59;47
10434.0;27;45;84;41;59;47
10440.0;28;45;84;41;59;46
10446.0;28;45;83;41;60;46
10452.0;28;45;83;41;60;46
10458.0;28;45;83;41;60;46
10464.0;28;45;82;42;60;46
10470.0;28;45;82;42;60;46
10476.0;28;45;82;42;60;46
10482.0;28;45;82;42;60;46
10488.0;28;45;82;42;60;46
10494.0;27;44;82;42;61;47
10500.0;27;44;81;43;61;47
10506.0;26;44;81;43;62;47
10512.0;26;44;81;43;62;47
10518.0;26;43;82;43;62;47
10524.0;26;43;82;43;62;47
10530.0;26;43;82;43;62;47
10536.0;26;44;82;41;63;47
10542.0;26;44;81;41;63;48
10548.0;26;44;81;41;63;48
10554.0;26;44;82;41;63;47
10560.0;26;44;82;40;63;48
10566.0;27;43;83;40;62;48
10572.0;27;43;83;40;62;48
10578.0;26;43;83;41;62;48
10584.0;26;44;82;41;62;48
10590.0;27;44;82;41;62;47
10596.0;27;44;82;41;62;47
10602.0;27;43;82;41;62;48
10608.0;28;42;82;41;63;47
10614.0;28;42;81;41;63;48
10620.0;28;42;81;41;63;48
10626.0;28;42;81;41;63;48
10632.0;28;42;81;41;63;48
10638.0;29;42;81;41;62;48
10644.0;29;42;81;42;61;48
10650.0;29;42;81;42;61;48
10656.0;29;42;82;42;61;47
10662.0;29;42;82;42;61;47
10668.0;29;42;83;41;60;48
10674.0;29;41;83;41;61;48
10680.0;29;41;83;41;61;48
10686.0;29;41;83;41;61;48
10692.0;29;41;83;40;62;48
10698.0;28;42;83;40;62;48
10704.0;28;42;83;40;62;48
10710.0;28;41;83;40;63;48
10716.0;28;41;83;39;63;49
10722.0;27;41;84;39;63;49
10728.0;27;41;84;40;62;49
10734.0;27;41;84;40;62;49
10740.0;27;41;84;40;62;49
10746.0;27;41;84;40;61;50
10752.0;27;41;84;40;61;50
10758.0;27;41;84;40;61;50
10764.0;26;41;84;40;62;50
10770.0;26;41;84;40;62;50
10776.0;26;41;84;40;62;50
10782.0;26;41;84;40;62;50
10788.0;26;41;84;40;62;50
10794.0;26;41;83;40;62;51
