#auto generated file!
12.0;154;154;146;170;155;139
18.0;154;152;146;170;156;140
24.0;155;152;146;170;156;139
30.0;154;153;145;170;155;141
36.0;154;154;144;171;154;141
42.0;154;153;143;171;155;142
48.0;154;151;145;171;155;142
54.0;154;151;145;171;155;142
60.0;151;152;146;171;155;143
66.0;150;151;147;172;155;143
72.0;150;151;147;172;155;143
78.0;149;151;145;173;157;143
84.0;150;152;145;171;158;142
90.0;150;152;145;170;159;142
96.0;151;151;145;169;160;142
102.0;150;152;144;170;160;142
108.0;148;153;144;170;160;143
114.0;148;154;144;170;160;142
120.0;147;155;146;170;160;140
126.0;148;155;145;170;161;139
132.0;148;155;145;170;161;139
138.0;147;155;146;169;161;140
144.0;147;155;146;169;161;140
150.0;146;157;147;169;161;138
156.0;145;158;146;168;163;138
162.0;145;158;146;167;163;139
168.0;145;157;145;168;163;140
174.0;144;157;144;169;164;140
180.0;143;159;145;167;163;141
186.0;143;159;145;167;163;141
192.0;144;159;144;167;164;140
198.0;145;158;143;167;164;141
204.0;144;159;143;166;165;141
210.0;144;159;144;164;165;142
216.0;144;157;145;165;165;142
222.0;144;158;146;164;166;140
228.0;143;156;146;165;168;140
234.0;142;157;146;165;168;140
240.0;141;157;146;165;169;140
246.0;141;156;146;166;169;140
252.0;140;157;147;165;168;141
258.0;139;158;148;164;168;141
264.0;138;158;149;165;167;141
270.0;139;158;149;165;167;140
276.0;139;157;149;166;167;140
282.0;139;156;149;166;168;140
288.0;137;155;148;168;168;142
294.0;137;153;149;169;166;144
300.0;138;152;149;168;167;144
306.0;139;151;149;167;167;145
312.0;139;152;149;167;166;145
318.0;138;154;149;167;165;145
324.0;137;154;150;166;165;146
330.0;136;154;151;165;166;146
336.0;137;153;150;166;165;147
342.0;138;151;151;167;165;146
348.0;138;150;151;167;166;146
354.0;137;150;151;165;166;149
360.0;137;148;152;165;167;149
366.0;138;147;152;165;167;149
372.0;136;150;152;165;165;150
378.0;137;149;152;165;167;148
384.0;137;149;152;164;167;149
390.0;137;149;152;164;168;148
396.0;137;150;152;163;168;148
402.0;137;150;152;163;168;148
408.0;136;150;154;162;168;148
414.0;135;151;154;163;167;148
420.0;135;152;153;161;168;149
426.0;133;153;153;161;167;151
432.0;133;153;153;161;167;151
438.0;134;153;153;161;167;150
444.0;133;153;154;161;167;150
450.0;133;152;155;162;168;148
456.0;131;153;156;162;168;148
462.0;130;154;156;161;169;148
468.0;128;154;156;162;170;148
474.0;129;153;156;161;170;149
480.0;129;153;156;161;170;149
486.0;128;153;156;162;170;149
492.0;128;152;157;161;171;149
498.0;127;154;157;161;170;149
504.0;127;153;159;161;170;148
510.0;127;154;160;161;169;147
516.0;127;154;160;160;169;148
522.0;125;154;161;160;169;149
528.0;125;154;162;159;170;148
534.0;123;155;162;159;170;149
540.0;123;154;161;159;171;150
546.0;123;154;161;160;170;150
552.0;122;152;163;161;169;151
558.0;122;151;163;160;170;152
564.0;124;151;161;160;170;152
570.0;124;151;162;160;169;152
576.0;124;150;164;159;169;152
582.0;122;150;165;161;168;152
588.0;125;149;164;160;168;152
594.0;125;150;165;159;168;151
600.0;125;150;166;159;167;151
606.0;125;150;166;159;167;151
612.0;126;150;166;159;166;151
618.0;126;150;166;159;166;151
624.0;126;148;166;158;168;152
630.0;127;149;165;158;168;151
636.0;126;150;164;158;168;152
642.0;125;151;164;159;167;152
648.0;124;152;164;159;168;151
654.0;123;151;164;159;168;153
660.0;124;149;166;159;168;152
666.0;122;150;165;159;169;153
672.0;122;150;165;158;168;155
678.0;122;150;165;158;168;155
684.0;123;148;167;157;168;155
690.0;124;148;167;156;168;155
696.0;124;150;168;155;167;154
702.0;124;150;168;155;167;154
708.0;123;150;170;155;167;153
714.0;123;150;169;155;167;154
720.0;124;151;169;154;167;153
726.0;124;150;170;154;167;153
732.0;124;149;170;154;168;153
738.0;124;149;170;154;168;153
744.0;125;148;169;154;169;153
750.0;125;148;167;154;170;154
756.0;124;147;168;155;170;154
762.0;124;147;168;155;170;154
768.0;125;147;167;153;170;156
774.0;123;148;167;154;170;156
780.0;123;148;168;154;170;155
786.0;122;148;170;154;169;155
792.0;121;149;169;154;170;155
798.0;121;150;169;153;170;155
804.0;120;149;169;153;170;157
810.0;120;148;169;153;169;159
816.0;118;149;170;152;170;159
822.0;118;148;170;152;170;160
828.0;117;147;171;152;170;161
834.0;116;148;171;152;171;160
840.0;116;148;171;152;172;159
846.0;113;151;171;152;171;160
852.0;114;151;171;150;171;161
858.0;113;151;171;150;171;162
864.0;113;151;171;150;171;162
870.0;115;151;170;151;170;161
876.0;115;151;171;151;169;161
882.0;115;151;171;151;169;161
888.0;115;151;171;151;169;161
894.0;115;150;173;149;170;161
900.0;115;149;174;148;171;161
906.0;115;149;174;148;171;161
912.0;115;149;174;148;171;161
918.0;113;150;173;149;172;161
924.0;111;151;173;147;174;162
930.0;111;149;174;147;175;162
936.0;111;149;174;146;176;162
942.0;111;148;174;147;176;162
948.0;111;147;174;148;176;162
954.0;111;147;172;150;176;162
960.0;112;146;172;149;177;162
966.0;112;146;171;149;177;163
972.0;112;146;171;149;177;163
978.0;113;145;171;148;177;164
984.0;113;146;171;147;177;164
990.0;113;147;172;148;177;161
996.0;112;147;171;148;179;161
1002.0;112;147;172;148;179;160
1008.0;110;149;170;147;180;162
1014.0;108;150;170;148;180;162
1020.0;108;150;170;148;179;163
1026.0;107;150;170;148;180;163
1032.0;107;149;171;148;180;163
1038.0;107;149;171;148;180;163
1044.0;107;149;171;148;180;163
1050.0;107;150;171;147;179;164
1056.0;106;149;171;149;178;165
1062.0;106;150;169;149;178;166
1068.0;105;151;169;149;178;166
1074.0;105;152;169;148;178;166
1080.0;106;152;170;148;178;164
1086.0;105;152;170;149;178;164
1092.0;105;152;170;149;178;164
1098.0;105;151;170;148;179;165
1104.0;106;149;172;148;179;164
1110.0;105;150;173;148;179;163
1116.0;106;148;172;148;179;165
1122.0;105;149;172;148;178;166
1128.0;105;148;173;148;178;166
1134.0;104;148;173;148;178;167
1140.0;104;147;173;150;178;166
1146.0;105;145;174;150;178;166
1152.0;105;145;174;150;179;165
1158.0;105;145;174;149;179;166
1164.0;104;145;175;150;179;165
1170.0;105;145;174;150;179;165
1176.0;105;146;174;149;179;165
1182.0;106;146;174;149;178;165
1188.0;108;146;175;149;176;164
1194.0;108;146;176;149;177;162
1200.0;107;148;176;148;177;162
1206.0;106;148;176;148;177;163
1212.0;107;147;175;148;178;163
1218.0;107;147;175;148;178;163
1224.0;106;145;177;149;179;162
1230.0;106;145;176;149;179;163
1236.0;105;146;174;149;179;165
1242.0;105;145;174;148;181;165
1248.0;103;147;174;148;180;166
1254.0;103;148;173;148;180;166
1260.0;103;148;172;149;180;166
1266.0;103;147;170;150;181;167
1272.0;103;148;170;150;180;167
1278.0;103;147;171;150;179;168
1284.0;103;146;171;151;178;169
1290.0;103;145;171;151;178;170
1296.0;102;144;172;150;179;171
1302.0;103;145;172;149;179;170
1308.0;103;146;171;148;180;170
1314.0;102;146;171;150;179;170
1320.0;102;146;171;150;179;170
1326.0;103;146;169;148;180;172
1332.0;104;146;169;148;180;171
1338.0;104;146;169;148;180;171
1344.0;104;146;169;147;180;172
1350.0;104;147;168;148;180;171
1356.0;104;147;167;148;180;172
1362.0;103;147;167;148;181;172
1368.0;103;148;167;147;181;172
1374.0;103;148;167;147;181;172
1380.0;102;149;167;146;181;173
1386.0;103;149;168;147;179;172
1392.0;103;151;168;146;178;172
1398.0;106;149;168;146;177;172
1404.0;106;149;168;145;178;172
1410.0;107;147;168;145;178;173
1416.0;107;147;167;145;178;174
1422.0;106;147;167;146;178;174
1428.0;106;147;167;147;177;174
1434.0;107;147;167;146;177;174
1440.0;107;146;167;144;179;175
1446.0;105;147;167;143;180;176
1452.0;104;147;167;144;179;177
1458.0;103;147;166;143;182;177
1464.0;103;147;165;143;183;177
1470.0;101;148;167;144;182;176
1476.0;101;147;168;145;181;176
1482.0;100;146;171;143;181;177
1488.0;99;148;171;143;182;175
1494.0;99;148;171;143;183;174
1500.0;99;147;172;143;183;174
1506.0;99;145;172;143;185;174
1512.0;99;146;172;143;185;173
1518.0;98;145;172;144;185;174
1524.0;97;144;173;144;185;175
1530.0;96;144;174;144;184;176
1536.0;96;144;174;144;184;176
1542.0;96;143;175;144;184;176
1548.0;97;143;175;144;183;176
1554.0;97;143;173;145;183;177
1560.0;97;143;172;146;183;177
1566.0;96;143;173;147;183;176
1572.0;98;143;173;147;183;174
1578.0;98;143;172;148;184;173
1584.0;96;145;174;148;183;172
1590.0;97;145;174;148;183;171
1596.0;97;145;174;149;183;170
1602.0;98;144;174;149;183;170
1608.0;99;144;175;151;181;168
1614.0;98;145;175;152;181;167
1620.0;99;144;174;154;180;167
1626.0;100;144;173;155;180;166
1632.0;100;144;173;154;181;166
1638.0;99;143;174;155;181;166
1644.0;100;141;176;157;178;166
1650.0;100;140;176;159;179;164
1656.0;97;140;177;161;179;164
1662.0;97;140;177;161;179;164
1668.0;98;138;177;161;180;164
1674.0;97;137;177;163;180;164
1680.0;97;136;177;164;180;164
1686.0;97;136;177;163;181;164
1692.0;98;136;177;164;179;164
1698.0;98;134;177;166;179;164
1704.0;98;134;177;167;179;163
1710.0;98;134;177;167;179;163
1716.0;98;134;177;167;179;163
1722.0;98;134;177;167;179;163
1728.0;99;134;176;168;179;162
1734.0;101;133;175;168;179;162
1740.0;102;133;174;168;179;162
1746.0;103;133;174;168;178;162
1752.0;104;133;174;168;178;161
1758.0;104;134;175;167;178;160
1764.0;104;135;174;167;177;161
1770.0;103;135;174;167;178;161
1776.0;103;136;173;168;176;162
1782.0;102;135;174;168;175;164
1788.0;101;135;174;169;177;162
1794.0;100;135;174;169;177;163
1800.0;103;136;173;169;177;160
1806.0;102;137;173;169;177;160
1812.0;103;136;173;169;177;160
1818.0;104;136;173;169;176;160
1824.0;105;135;174;166;178;160
1830.0;105;134;175;166;176;162
1836.0;106;134;175;165;176;162
1842.0;107;135;175;165;175;161
1848.0;106;136;174;165;175;162
1854.0;106;135;174;165;176;162
1860.0;108;135;173;164;176;162
1866.0;109;136;173;165;173;162
1872.0;109;136;173;164;173;163
1878.0;109;136;173;164;173;163
1884.0;109;136;172;164;173;164
1890.0;107;136;171;166;174;164
1896.0;107;136;171;166;174;164
1902.0;106;136;172;166;173;165
1908.0;106;136;173;166;172;165
1914.0;107;136;173;166;172;164
1920.0;106;136;173;166;173;164
1926.0;106;136;173;167;173;163
1932.0;106;135;173;167;174;163
1938.0;106;137;173;165;174;163
1944.0;108;139;172;162;174;163
1950.0;107;140;173;161;173;164
1956.0;107;141;171;161;173;165
1962.0;108;143;171;157;174;165
1968.0;107;143;172;156;174;166
1974.0;107;144;170;156;174;167
1980.0;105;145;170;158;174;166
1986.0;102;144;170;158;177;167
1992.0;102;143;170;158;177;168
1998.0;102;143;170;157;178;168
2004.0;102;141;171;158;177;169
2010.0;100;141;171;159;179;168
2016.0;98;141;170;159;181;169
2022.0;98;142;169;158;182;169
2028.0;96;143;171;158;181;169
2034.0;96;143;172;156;181;170
2040.0;96;144;171;156;181;170
2046.0;96;144;172;156;181;169
2052.0;96;143;173;156;180;170
2058.0;95;143;173;155;182;170
2064.0;95;143;173;154;182;171
2070.0;94;143;174;154;182;171
2076.0;94;143;175;155;180;171
2082.0;93;144;176;155;180;170
2088.0;93;145;176;154;179;171
2094.0;94;143;177;153;179;172
2100.0;94;143;177;152;179;173
2106.0;94;143;177;152;178;174
2112.0;93;142;177;152;180;174
2118.0;93;142;177;152;180;174
2124.0;92;141;178;153;178;176
2130.0;91;143;178;153;178;175
2136.0;91;144;178;152;178;175
2142.0;92;143;178;151;178;176
2148.0;92;143;179;150;178;176
2154.0;91;143;181;150;178;175
2160.0;92;143;180;151;178;174
2166.0;92;143;180;151;179;173
2172.0;92;144;180;151;178;173
2178.0;92;143;180;151;179;173
2184.0;91;143;180;151;179;174
2190.0;91;145;180;149;179;174
2196.0;91;145;179;150;179;174
2202.0;92;145;179;150;178;174
2208.0;92;144;179;149;180;174
2214.0;91;144;180;150;178;175
2220.0;90;143;179;151;180;175
2226.0;90;143;179;152;179;175
2232.0;91;143;179;149;180;176
2238.0;90;143;179;149;180;177
2244.0;89;143;178;149;181;178
2250.0;89;143;178;149;181;178
2256.0;89;143;178;149;181;178
2262.0;89;141;178;148;182;180
2268.0;88;141;179;148;182;180
2274.0;88;141;180;147;182;180
2280.0;89;139;182;146;182;180
2286.0;89;139;182;146;181;181
2292.0;89;140;181;146;181;181
2298.0;88;140;181;146;181;182
2304.0;88;140;182;146;179;183
2310.0;87;140;182;146;180;183
2316.0;87;140;182;146;180;183
2322.0;86;141;182;146;180;183
2328.0;86;141;182;146;180;183
2334.0;86;141;181;146;181;183
2340.0;87;139;181;146;182;183
2346.0;86;140;179;146;183;184
2352.0;86;140;180;146;183;183
2358.0;85;140;180;146;183;184
2364.0;85;141;180;146;182;184
2370.0;85;141;181;146;182;183
2376.0;84;141;181;146;182;184
2382.0;83;141;181;145;183;185
2388.0;82;142;182;145;183;184
2394.0;83;141;182;146;181;185
2400.0;84;141;181;146;182;184
2406.0;84;141;182;145;183;183
2412.0;84;141;182;146;181;184
2418.0;84;141;183;146;180;184
2424.0;84;142;183;146;180;183
2430.0;83;142;184;146;180;183
2436.0;81;142;185;145;181;184
2442.0;81;142;186;145;180;184
2448.0;82;142;186;145;180;183
2454.0;80;143;186;145;181;183
2460.0;80;144;185;145;181;183
2466.0;80;143;185;146;181;183
2472.0;79;145;184;146;180;184
2478.0;80;145;184;146;179;184
2484.0;81;145;184;144;180;184
2490.0;79;145;184;144;180;186
2496.0;78;145;181;144;182;188
2502.0;78;146;182;143;181;188
2508.0;77;146;184;143;180;188
2514.0;77;146;185;142;180;188
2520.0;77;146;185;143;180;187
2526.0;77;146;185;143;180;187
2532.0;77;146;185;143;180;187
2538.0;78;146;186;142;181;185
2544.0;75;148;187;141;181;186
2550.0;75;148;187;142;180;186
2556.0;75;147;186;141;181;188
2562.0;74;147;186;142;181;188
2568.0;73;147;186;143;181;188
2574.0;73;146;186;143;182;188
2580.0;74;146;186;141;181;190
2586.0;74;146;184;141;182;191
2592.0;74;145;184;142;182;191
2598.0;74;146;184;141;182;191
2604.0;74;145;184;141;183;191
2610.0;73;146;184;141;184;190
2616.0;73;146;184;140;184;191
2622.0;71;148;185;139;185;190
2628.0;73;149;183;139;185;189
2634.0;74;147;184;139;185;189
2640.0;75;148;183;138;186;188
2646.0;76;149;184;137;185;187
2652.0;76;149;184;136;186;187
2658.0;78;148;183;137;186;186
2664.0;79;148;182;137;186;186
2670.0;79;148;182;136;187;186
2676.0;77;149;184;136;186;186
2682.0;77;149;184;136;187;185
2688.0;76;148;185;138;186;185
2694.0;76;147;185;139;185;186
2700.0;74;147;187;139;185;186
2706.0;75;147;187;138;187;184
2712.0;75;147;187;138;187;184
2718.0;75;147;187;139;186;184
2724.0;76;147;187;139;185;184
2730.0;76;147;187;138;186;184
2736.0;75;146;187;140;186;184
2742.0;75;147;187;141;186;182
2748.0;75;147;187;141;186;182
2754.0;76;146;187;141;186;182
2760.0;75;146;187;141;187;182
2766.0;76;145;187;140;188;182
2772.0;75;145;189;139;188;182
2778.0;74;144;190;139;188;183
2784.0;73;145;191;140;188;181
2790.0;74;143;191;140;189;181
2796.0;73;143;192;140;189;181
2802.0;73;143;192;140;189;181
2808.0;71;142;192;140;190;183
2814.0;69;142;192;141;189;185
2820.0;68;142;192;142;189;185
2826.0;67;141;193;142;189;186
2832.0;66;141;193;142;189;187
2838.0;66;141;192;143;189;187
2844.0;65;142;192;143;189;187
2850.0;65;142;191;141;192;187
2856.0;64;142;192;142;192;186
2862.0;63;143;192;142;192;186
2868.0;63;143;192;142;192;186
2874.0;64;143;192;141;193;185
2880.0;63;142;193;142;192;186
2886.0;64;141;194;141;192;186
2892.0;64;143;192;141;192;186
2898.0;64;143;191;142;192;186
2904.0;65;144;191;141;193;184
2910.0;65;144;192;140;194;183
2916.0;65;144;192;140;194;183
2922.0;65;144;192;139;194;184
2928.0;66;143;192;139;194;184
2934.0;65;140;192;139;195;187
2940.0;65;140;192;139;195;187
2946.0;65;139;193;141;193;187
2952.0;65;139;192;143;194;185
2958.0;64;140;192;142;195;185
2964.0;63;139;192;142;196;186
2970.0;63;139;192;142;197;185
2976.0;63;139;192;142;197;185
2982.0;61;139;193;143;197;185
2988.0;60;141;194;143;196;184
2994.0;59;141;196;143;197;182
3000.0;59;142;195;143;198;181
3006.0;59;143;194;144;197;181
3012.0;59;143;194;144;197;181
3018.0;61;140;194;144;198;181
3024.0;61;140;195;143;197;182
3030.0;59;141;195;145;197;181
3036.0;59;141;195;145;197;181
3042.0;59;141;195;145;197;181
3048.0;59;141;195;145;197;181
3054.0;59;140;196;145;198;180
3060.0;60;139;196;145;198;180
3066.0;60;140;196;146;199;177
3072.0;60;140;196;146;199;177
3078.0;60;138;197;148;200;175
3084.0;58;138;196;149;201;176
3090.0;58;138;196;149;202;175
3096.0;57;139;195;150;201;176
3102.0;56;139;194;149;203;177
3108.0;58;139;193;148;203;177
3114.0;58;141;193;147;203;176
3120.0;59;141;193;147;203;175
3126.0;60;141;193;147;202;175
3132.0;60;141;193;147;202;175
3138.0;60;142;191;147;203;175
3144.0;59;141;190;147;205;176
3150.0;58;141;190;148;206;175
3156.0;57;141;192;147;206;175
3162.0;58;141;191;147;207;174
3168.0;57;140;191;148;207;175
3174.0;58;140;191;148;207;174
3180.0;58;140;190;148;209;173
3186.0;57;139;189;151;208;174
3192.0;57;139;190;152;207;173
3198.0;58;139;190;152;207;172
3204.0;59;138;190;153;206;172
3210.0;59;138;190;153;206;172
3216.0;61;139;190;151;206;171
3222.0;61;139;191;151;206;170
3228.0;61;142;193;147;206;169
3234.0;61;142;194;147;206;168
3240.0;61;143;195;146;206;167
3246.0;61;144;195;146;204;168
3252.0;60;144;196;147;204;167
3258.0;60;144;196;147;204;167
3264.0;60;144;196;147;204;167
3270.0;60;143;196;148;204;167
3276.0;60;144;195;149;204;166
3282.0;61;144;195;149;204;165
3288.0;62;144;193;149;205;165
3294.0;62;143;193;149;206;165
3300.0;61;141;195;150;206;165
3306.0;62;140;196;150;205;165
3312.0;62;140;196;150;205;165
3318.0;62;139;195;152;204;166
3324.0;63;138;195;151;205;166
3330.0;63;138;195;151;205;166
3336.0;63;138;195;151;204;167
3342.0;64;137;194;151;204;168
3348.0;66;137;193;151;204;167
3354.0;65;136;193;152;204;168
3360.0;66;136;191;151;204;170
3366.0;65;136;190;151;206;170
3372.0;65;134;190;151;207;171
3378.0;65;134;188;153;208;170
3384.0;66;133;189;150;210;170
3390.0;66;132;189;151;210;170
3396.0;66;133;188;150;210;171
3402.0;66;133;188;151;210;170
3408.0;66;132;189;153;208;170
3414.0;64;132;190;152;208;172
3420.0;64;132;190;152;208;172
3426.0;64;133;190;152;207;172
3432.0;65;133;190;150;206;174
3438.0;65;134;190;149;206;174
3444.0;64;135;190;148;207;174
3450.0;63;135;189;148;207;176
3456.0;64;134;189;148;207;176
3462.0;64;133;189;149;207;176
3468.0;64;133;189;149;208;175
3474.0;63;132;191;149;208;175
3480.0;62;132;190;149;210;175
3486.0;62;132;190;149;210;175
3492.0;62;132;190;149;210;175
3498.0;62;131;191;148;211;175
3504.0;63;131;190;147;211;176
3510.0;63;131;190;147;211;176
3516.0;62;130;190;147;212;177
3522.0;62;130;190;147;212;177
3528.0;62;130;191;147;211;177
3534.0;62;130;190;147;211;178
3540.0;62;129;190;148;211;178
3546.0;62;129;188;148;212;179
3552.0;63;128;188;147;213;179
3558.0;64;129;189;145;213;178
3564.0;64;132;189;144;212;177
3570.0;65;132;188;144;212;177
3576.0;64;132;190;144;210;178
3582.0;65;132;190;144;210;177
3588.0;65;132;190;144;210;177
3594.0;65;134;190;143;210;176
3600.0;64;135;189;143;211;176
3606.0;63;135;190;143;211;176
3612.0;62;135;190;144;212;175
3618.0;64;134;192;143;212;173
3624.0;64;134;192;142;213;173
3630.0;63;135;192;141;214;173
3636.0;63;135;193;139;214;174
3642.0;63;135;193;139;214;174
3648.0;63;134;194;139;214;174
3654.0;63;135;194;138;214;174
3660.0;64;136;193;138;214;173
3666.0;64;135;193;138;214;174
3672.0;65;135;193;138;213;174
3678.0;65;135;194;138;212;174
3684.0;65;135;194;137;212;175
3690.0;65;134;194;139;211;175
3696.0;66;133;194;138;211;176
3702.0;66;134;194;138;210;176
3708.0;66;134;194;138;210;176
3714.0;66;134;194;138;210;176
3720.0;67;134;194;138;209;176
3726.0;68;135;193;140;207;175
3732.0;67;135;192;140;209;175
3738.0;68;136;190;140;210;174
3744.0;68;136;190;140;210;174
3750.0;67;136;190;141;210;174
3756.0;68;136;190;141;210;173
3762.0;68;137;189;141;210;173
3768.0;68;137;189;141;210;173
3774.0;67;139;189;141;210;172
3780.0;67;140;189;142;211;169
3786.0;66;140;189;142;211;170
3792.0;64;140;190;142;212;170
3798.0;65;140;190;142;212;169
3804.0;65;140;189;141;213;170
3810.0;65;140;189;141;213;170
3816.0;65;141;189;141;214;168
3822.0;65;143;188;141;213;168
3828.0;65;143;189;141;212;168
3834.0;65;143;191;139;213;167
3840.0;64;143;192;139;213;167
3846.0;64;142;193;138;214;167
3852.0;64;142;193;138;214;167
3858.0;63;143;193;138;214;167
3864.0;63;143;193;138;214;167
3870.0;63;142;194;138;214;167
3876.0;62;144;192;139;213;168
3882.0;61;146;191;139;213;168
3888.0;62;145;191;140;213;167
3894.0;63;145;191;139;213;167
3900.0;63;145;191;139;213;167
3906.0;63;145;191;139;213;167
3912.0;63;145;191;139;214;166
3918.0;65;145;189;139;214;166
3924.0;65;144;190;139;214;166
3930.0;67;143;191;138;214;165
3936.0;67;143;191;138;214;165
3942.0;67;143;191;138;215;164
3948.0;66;143;192;138;214;165
3954.0;66;142;193;139;214;164
3960.0;65;141;193;138;217;164
3966.0;64;140;194;137;218;165
3972.0;65;141;194;137;216;165
3978.0;66;141;194;136;216;165
3984.0;66;142;194;135;216;165
3990.0;67;142;194;135;216;164
3996.0;67;142;193;137;216;163
4002.0;67;142;193;137;216;163
4008.0;67;143;192;137;215;164
4014.0;66;143;192;136;214;167
4020.0;65;143;192;136;214;168
4026.0;67;143;192;134;214;168
4032.0;67;143;192;135;213;168
4038.0;68;141;193;136;212;168
4044.0;68;141;193;136;212;168
4050.0;67;141;193;138;211;168
4056.0;67;141;195;137;210;168
4062.0;66;142;195;137;210;168
4068.0;66;142;194;137;210;169
4074.0;66;142;194;136;209;171
4080.0;65;144;194;136;209;170
4086.0;63;145;195;135;209;171
4092.0;63;143;196;135;209;172
4098.0;63;143;196;135;209;172
4104.0;63;143;196;135;209;172
4110.0;63;145;197;133;209;171
4116.0;63;145;198;132;209;171
4122.0;63;144;197;132;210;172
4128.0;63;144;196;134;210;171
4134.0;62;145;197;133;210;171
4140.0;62;145;197;133;210;171
4146.0;62;145;197;133;209;172
4152.0;62;145;197;132;210;172
4158.0;63;145;197;131;210;172
4164.0;63;144;197;131;210;173
4170.0;64;143;195;131;211;174
4176.0;64;143;195;132;211;173
4182.0;63;144;194;132;211;174
4188.0;63;144;195;133;209;174
4194.0;64;143;194;133;210;174
4200.0;64;144;195;133;208;174
4206.0;63;146;195;133;208;173
4212.0;63;146;195;133;208;173
4218.0;63;146;194;133;209;173
4224.0;65;146;194;133;210;170
4230.0;65;146;195;133;209;170
4236.0;65;145;194;133;209;172
4242.0;65;146;194;133;209;171
4248.0;65;146;193;133;210;171
4254.0;66;146;192;133;209;172
4260.0;64;147;191;135;209;172
4266.0;64;148;191;133;207;175
4272.0;64;146;193;132;208;175
4278.0;63;146;194;132;208;175
4284.0;64;144;193;132;210;175
4290.0;64;143;195;130;211;175
4296.0;63;144;196;130;211;174
4302.0;64;144;196;129;211;174
4308.0;64;144;196;129;211;174
4314.0;65;143;196;129;211;174
4320.0;65;143;196;129;211;174
4326.0;67;143;197;128;211;172
4332.0;67;143;197;128;211;172
4338.0;66;144;195;129;212;172
4344.0;66;144;196;130;210;172
4350.0;65;145;196;130;210;172
4356.0;64;146;195;130;210;173
4362.0;64;146;194;129;209;176
4368.0;63;145;194;130;209;177
4374.0;64;145;195;129;208;177
4380.0;63;146;195;129;208;177
4386.0;63;146;195;129;208;177
4392.0;63;146;195;128;207;179
4398.0;63;144;196;128;207;180
4404.0;63;145;195;127;207;181
4410.0;62;144;197;127;206;182
4416.0;62;142;197;127;206;184
4422.0;62;142;196;128;206;184
4428.0;63;142;194;129;205;185
4434.0;63;142;195;129;205;184
4440.0;63;143;195;130;203;184
4446.0;62;141;195;131;203;186
4452.0;62;141;195;131;203;186
4458.0;63;141;195;132;202;185
4464.0;63;141;194;133;202;185
4470.0;63;143;194;133;202;183
4476.0;63;143;193;133;202;184
4482.0;64;143;190;133;202;186
4488.0;64;143;190;132;203;186
4494.0;65;141;190;131;203;188
4500.0;65;141;190;131;204;187
4506.0;65;141;190;132;203;187
4512.0;65;140;191;132;202;188
4518.0;65;140;190;132;203;188
4524.0;65;141;189;131;205;187
4530.0;66;143;188;131;204;186
4536.0;64;145;188;131;205;185
4542.0;64;145;188;131;205;185
4548.0;65;145;186;131;205;186
4554.0;66;145;187;130;204;186
4560.0;65;144;188;130;204;187
4566.0;66;143;188;129;206;186
4572.0;66;143;188;129;206;186
4578.0;66;141;188;130;207;186
4584.0;66;141;188;130;207;186
4590.0;66;143;187;129;204;189
4596.0;66;143;187;130;203;189
4602.0;66;143;189;130;201;189
4608.0;66;143;189;130;201;189
4614.0;66;143;189;130;201;189
4620.0;65;142;189;130;201;191
4626.0;65;142;189;130;200;192
4632.0;66;142;187;130;200;193
4638.0;66;142;187;130;200;193
4644.0;66;141;186;132;200;193
4650.0;68;139;188;131;199;193
4656.0;69;138;189;130;199;193
4662.0;68;140;190;130;199;191
4668.0;69;140;191;129;198;191
4674.0;69;140;190;129;200;190
4680.0;70;141;191;128;198;190
4686.0;70;141;189;129;198;191
4692.0;70;141;189;130;197;191
4698.0;71;141;189;130;195;192
4704.0;70;142;189;130;195;192
4710.0;69;142;190;131;195;191
4716.0;70;142;189;132;194;191
4722.0;69;143;190;132;193;191
4728.0;70;143;189;132;193;191
4734.0;70;143;189;132;194;190
4740.0;70;143;189;132;194;190
4746.0;70;143;190;131;193;191
4752.0;70;142;190;131;193;192
4758.0;69;141;191;131;193;193
4764.0;69;142;190;131;193;193
4770.0;70;142;190;130;193;193
4776.0;70;143;189;129;193;194
4782.0;70;142;189;129;193;195
4788.0;70;142;190;130;193;193
4794.0;68;142;192;130;193;193
4800.0;67;143;192;130;193;193
4806.0;67;143;192;129;194;193
4812.0;67;144;191;128;194;194
4818.0;68;144;192;125;195;194
4824.0;68;145;192;124;196;193
4830.0;69;145;189;124;197;194
4836.0;69;145;187;124;199;194
4842.0;69;145;189;123;198;194
4848.0;69;143;190;124;198;194
4854.0;69;143;190;125;199;192
4860.0;69;143;190;126;198;192
4866.0;69;143;189;126;199;192
4872.0;69;143;189;126;199;192
4878.0;70;142;187;126;200;193
4884.0;69;144;187;126;199;193
4890.0;69;145;188;126;197;193
4896.0;69;146;187;126;198;192
4902.0;68;148;188;126;195;193
4908.0;69;148;187;126;196;192
4914.0;69;148;188;125;196;192
4920.0;68;149;188;126;194;193
4926.0;68;151;189;126;194;190
4932.0;69;151;188;126;193;191
4938.0;70;153;188;124;192;191
4944.0;70;153;188;124;192;191
4950.0;69;151;189;126;191;192
4956.0;70;150;188;127;191;192
4962.0;70;150;189;126;191;192
4968.0;71;149;190;127;191;190
4974.0;71;149;190;127;191;190
4980.0;71;147;190;128;192;190
4986.0;70;147;190;128;193;190
4992.0;70;147;190;128;193;190
4998.0;70;147;190;128;194;189
5004.0;69;148;189;128;195;189
5010.0;70;147;189;125;196;191
5016.0;70;147;189;125;196;191
5022.0;71;146;189;125;196;191
5028.0;71;145;190;125;196;191
5034.0;70;145;190;126;196;191
5040.0;70;144;190;126;197;191
5046.0;70;144;190;126;197;191
5052.0;70;143;191;126;196;192
5058.0;70;142;190;129;195;192
5064.0;70;141;192;129;194;192
5070.0;69;141;193;128;194;193
5076.0;70;142;193;128;193;192
5082.0;68;142;194;129;193;192
5088.0;67;142;193;129;194;193
5094.0;67;141;193;128;195;194
5100.0;66;141;193;129;195;194
5106.0;66;141;192;129;196;194
5112.0;65;141;192;128;197;195
5118.0;65;141;192;128;196;196
5124.0;67;140;191;128;195;197
5130.0;66;140;192;128;195;197
5136.0;67;140;191;128;195;197
5142.0;69;140;188;128;195;198
5148.0;68;140;190;127;195;198
5154.0;69;140;189;126;196;198
5160.0;69;140;189;125;197;198
5166.0;69;140;189;125;197;198
5172.0;69;139;189;125;198;198
5178.0;68;139;190;125;199;197
5184.0;70;138;190;123;200;197
5190.0;70;136;190;124;201;197
5196.0;70;136;191;125;199;197
5202.0;70;136;191;125;199;197
5208.0;71;134;192;125;199;197
5214.0;72;133;192;125;199;197
5220.0;72;132;190;126;199;199
5226.0;73;130;192;127;198;198
5232.0;73;131;192;126;198;198
5238.0;74;132;191;125;198;198
5244.0;73;133;191;126;198;197
5250.0;73;134;192;126;198;195
5256.0;73;134;190;127;200;194
5262.0;73;134;190;129;200;192
5268.0;73;134;190;129;200;192
5274.0;73;132;191;130;199;193
5280.0;73;133;191;130;199;192
5286.0;73;132;189;131;201;192
5292.0;73;132;189;131;201;192
5298.0;73;132;189;131;200;193
5304.0;72;132;189;131;200;194
5310.0;73;133;188;131;200;193
5316.0;73;133;188;131;200;193
5322.0;73;133;187;132;201;192
5328.0;72;133;189;132;201;191
5334.0;70;134;190;132;201;191
5340.0;69;134;191;131;202;191
5346.0;69;134;190;131;203;191
5352.0;70;134;189;131;204;190
5358.0;71;134;189;130;204;190
5364.0;71;135;189;129;204;190
5370.0;71;135;191;129;204;188
5376.0;72;134;190;129;205;188
5382.0;72;134;190;129;205;188
5388.0;72;135;189;128;206;188
5394.0;71;135;189;128;207;188
5400.0;70;137;189;127;207;188
5406.0;70;137;189;127;207;188
5412.0;70;138;190;127;207;186
5418.0;72;139;188;126;208;185
5424.0;72;138;188;126;208;186
5430.0;72;139;186;127;207;187
5436.0;72;140;185;128;207;186
5442.0;72;140;184;129;207;186
5448.0;74;139;184;128;207;186
5454.0;73;141;185;127;206;186
5460.0;75;141;183;127;206;186
5466.0;76;141;183;127;206;185
5472.0;76;141;183;127;206;185
5478.0;76;143;181;127;206;185
5484.0;77;143;180;127;206;185
5490.0;77;142;180;127;206;186
5496.0;78;142;181;126;205;186
5502.0;75;143;181;126;207;186
5508.0;75;141;181;127;208;186
5514.0;75;141;181;127;207;187
5520.0;74;141;181;128;207;187
5526.0;75;141;181;127;207;187
5532.0;76;141;181;126;208;186
5538.0;76;140;182;126;209;185
5544.0;75;141;182;126;209;185
5550.0;75;141;183;125;208;186
5556.0;75;140;184;125;209;185
5562.0;76;140;183;125;208;186
5568.0;76;140;183;126;208;185
5574.0;75;140;184;125;209;185
5580.0;75;140;184;124;209;186
5586.0;75;140;187;123;209;184
5592.0;74;140;187;123;209;185
5598.0;73;139;186;124;209;187
5604.0;73;139;185;124;210;187
5610.0;73;141;185;124;208;187
5616.0;73;141;185;125;208;186
5622.0;74;141;185;125;207;186
5628.0;73;141;186;125;207;186
5634.0;72;141;185;126;207;187
5640.0;73;141;185;125;207;187
5646.0;73;140;185;124;208;188
5652.0;73;141;185;124;208;187
5658.0;73;140;183;125;208;189
5664.0;73;140;182;125;210;188
5670.0;73;140;180;127;209;189
5676.0;73;141;180;126;209;189
5682.0;74;142;179;126;210;187
5688.0;76;141;179;127;210;185
5694.0;77;141;179;126;210;185
5700.0;77;141;177;127;211;185
5706.0;76;141;178;127;210;186
5712.0;77;142;177;127;209;186
5718.0;75;143;176;126;210;188
5724.0;75;143;176;126;210;188
5730.0;75;143;176;125;210;189
5736.0;76;143;178;124;209;188
5742.0;77;143;179;124;207;188
5748.0;74;141;180;125;210;188
5754.0;74;141;180;126;210;187
5760.0;74;141;182;126;208;187
5766.0;74;141;183;126;208;186
5772.0;74;141;185;126;207;185
5778.0;75;140;186;126;207;184
5784.0;75;140;186;126;207;184
5790.0;76;140;186;125;207;184
5796.0;75;140;186;125;208;184
5802.0;75;141;186;124;208;184
5808.0;75;142;186;124;208;183
5814.0;74;143;187;123;208;183
5820.0;74;143;187;123;208;183
5826.0;74;144;186;123;209;182
5832.0;74;145;187;123;208;181
5838.0;73;145;187;125;208;180
5844.0;74;145;186;124;209;180
5850.0;74;144;186;124;210;180
5856.0;74;145;187;123;209;180
5862.0;74;145;187;123;208;181
5868.0;74;144;187;125;208;180
5874.0;75;143;187;125;208;180
5880.0;75;142;187;125;209;180
5886.0;77;140;185;126;209;181
5892.0;78;141;186;125;209;179
5898.0;77;141;186;126;209;179
5904.0;77;142;186;126;209;178
5910.0;77;141;186;127;209;178
5916.0;77;140;183;128;211;179
5922.0;76;140;182;129;211;180
5928.0;77;140;181;129;211;180
5934.0;76;140;183;128;211;180
5940.0;76;140;182;129;211;180
5946.0;78;139;180;130;211;180
5952.0;78;139;179;133;209;180
5958.0;78;138;180;134;209;179
5964.0;78;138;179;135;209;179
5970.0;78;138;179;135;208;180
5976.0;79;137;178;135;209;180
5982.0;81;137;178;134;209;179
5988.0;82;137;178;133;209;179
5994.0;82;137;178;133;209;179
6000.0;82;137;178;133;209;179
6006.0;82;137;178;132;209;180
6012.0;82;138;178;131;210;179
6018.0;82;138;175;134;210;179
6024.0;82;138;175;134;210;179
6030.0;82;138;174;134;211;179
6036.0;83;138;173;133;211;180
6042.0;86;138;173;132;211;178
6048.0;86;138;172;133;210;179
6054.0;87;138;171;133;209;180
6060.0;85;138;171;133;210;181
6066.0;84;138;172;133;210;181
6072.0;84;137;173;133;209;182
6078.0;84;137;173;132;209;183
6084.0;83;138;173;133;208;183
6090.0;80;140;172;135;208;183
6096.0;80;140;172;136;207;183
6102.0;79;140;172;136;207;184
6108.0;79;141;172;135;207;184
6114.0;79;141;172;134;207;185
6120.0;79;141;173;134;206;185
6126.0;79;142;174;133;206;184
6132.0;80;142;173;131;207;185
6138.0;80;142;172;131;207;186
6144.0;79;143;173;131;206;186
6150.0;78;142;173;133;206;186
6156.0;77;141;174;134;206;186
6162.0;76;140;176;134;206;186
6168.0;76;139;175;136;205;187
6174.0;77;138;177;135;204;187
6180.0;78;137;178;136;204;185
6186.0;78;136;178;137;204;185
6192.0;79;137;177;137;204;184
6198.0;79;137;177;137;204;184
6204.0;79;137;177;137;204;184
6210.0;79;137;177;137;204;184
6216.0;80;137;175;135;205;186
6222.0;80;137;176;134;205;186
6228.0;80;136;176;134;206;186
6234.0;80;137;176;135;204;186
6240.0;79;137;176;135;205;186
6246.0;80;136;177;135;204;186
6252.0;80;134;176;137;204;187
6258.0;80;133;175;138;204;188
6264.0;80;133;175;138;204;188
6270.0;79;132;177;138;205;187
6276.0;79;132;175;138;206;188
6282.0;80;132;174;138;206;188
6288.0;80;134;174;137;207;186
6294.0;81;133;174;137;206;187
6300.0;82;135;173;137;205;186
6306.0;83;134;172;138;205;186
6312.0;82;135;172;138;205;186
6318.0;81;134;174;138;205;186
6324.0;81;134;174;137;206;186
6330.0;80;134;175;137;206;186
6336.0;80;135;175;137;205;186
6342.0;80;135;175;137;205;186
6348.0;79;135;176;139;204;185
6354.0;80;137;176;136;204;185
6360.0;79;137;175;137;204;186
6366.0;79;137;174;137;205;186
6372.0;80;136;174;135;208;185
6378.0;80;137;175;135;207;184
6384.0;79;136;175;136;208;184
6390.0;80;136;175;135;208;184
6396.0;80;135;175;135;210;183
6402.0;80;135;175;135;210;183
6408.0;80;134;174;136;211;183
6414.0;80;133;175;135;211;184
6420.0;80;133;174;135;212;184
6426.0;79;135;173;133;214;184
6432.0;80;134;175;132;213;184
6438.0;79;134;176;133;212;184
6444.0;79;134;176;133;212;184
6450.0;78;133;176;133;214;184
6456.0;79;133;175;134;211;186
6462.0;79;134;175;134;210;186
6468.0;79;134;175;134;209;187
6474.0;79;133;175;134;209;188
6480.0;79;133;174;135;209;188
6486.0;78;133;174;136;209;188
6492.0;78;132;176;136;208;188
6498.0;78;131;177;136;208;188
6504.0;78;132;177;135;207;189
6510.0;76;133;177;134;208;190
6516.0;76;133;177;134;208;190
6522.0;75;134;177;134;208;190
6528.0;75;133;178;132;210;190
6534.0;75;133;178;132;210;190
6540.0;72;133;181;132;209;191
6546.0;73;133;180;131;209;192
6552.0;73;133;180;130;210;192
6558.0;72;133;179;130;210;194
6564.0;73;133;178;129;211;194
6570.0;73;133;178;129;211;194
6576.0;73;133;179;128;211;194
6582.0;73;133;180;128;210;194
6588.0;73;134;180;128;209;194
6594.0;72;132;179;129;212;194
6600.0;73;131;179;130;211;194
6606.0;72;130;180;130;212;194
6612.0;72;131;180;129;212;194
6618.0;70;131;181;129;213;194
6624.0;70;131;181;129;213;194
6630.0;71;131;182;128;212;194
6636.0;71;130;182;128;212;195
6642.0;72;130;182;128;212;194
6648.0;72;131;181;128;213;193
6654.0;72;131;181;128;213;193
6660.0;72;133;179;128;213;193
6666.0;74;132;179;128;212;193
6672.0;72;133;178;128;213;194
6678.0;71;133;178;129;213;194
6684.0;72;132;178;129;213;194
6690.0;73;132;178;129;214;192
6696.0;71;132;180;129;213;193
6702.0;71;132;180;129;214;192
6708.0;72;132;181;129;213;191
6714.0;72;131;181;129;213;192
6720.0;72;131;181;129;213;192
6726.0;71;131;181;131;212;192
6732.0;73;131;181;132;209;192
6738.0;73;131;181;132;209;192
6744.0;74;130;180;133;209;192
6750.0;74;130;180;133;209;192
6756.0;74;129;180;135;209;191
6762.0;74;128;182;135;207;192
6768.0;74;129;183;133;207;192
6774.0;74;129;181;134;207;193
6780.0;74;130;182;133;206;193
6786.0;74;130;182;133;205;194
6792.0;74;130;183;133;205;193
6798.0;74;130;183;134;204;193
6804.0;73;129;184;134;205;193
6810.0;74;129;184;133;205;193
6816.0;74;130;183;133;205;193
6822.0;74;130;183;132;204;195
6828.0;72;129;184;133;206;194
6834.0;72;130;183;133;206;194
6840.0;72;129;182;133;206;196
6846.0;72;129;183;132;207;195
6852.0;72;129;183;134;205;195
6858.0;72;129;183;133;205;196
6864.0;72;131;183;131;205;196
6870.0;71;133;183;129;206;196
6876.0;71;134;183;128;206;196
6882.0;71;135;183;127;206;196
6888.0;71;135;183;126;207;196
6894.0;70;134;183;126;207;198
6900.0;70;134;185;125;207;197
6906.0;71;134;185;124;207;197
6912.0;72;135;185;124;206;196
6918.0;69;135;185;126;206;197
6924.0;69;135;186;127;204;197
6930.0;69;137;186;127;203;196
6936.0;69;136;186;127;203;197
6942.0;69;136;185;127;204;197
6948.0;68;136;185;128;203;198
6954.0;68;135;185;128;204;198
6960.0;69;134;186;128;204;197
6966.0;69;134;186;128;204;197
6972.0;70;135;185;129;202;197
6978.0;70;136;185;129;201;197
6984.0;70;136;185;128;202;197
6990.0;69;135;184;130;202;198
6996.0;68;134;184;130;203;199
7002.0;68;134;185;128;203;200
7008.0;67;135;185;128;203;200
7014.0;67;133;185;129;203;201
7020.0;67;134;184;129;203;201
7026.0;67;135;184;129;203;200
7032.0;69;134;183;128;204;200
7038.0;68;134;184;128;203;201
7044.0;69;133;185;127;203;201
7050.0;69;134;184;128;203;200
7056.0;71;134;184;128;202;199
7062.0;71;134;184;129;202;198
7068.0;71;134;183;129;203;198
7074.0;70;135;182;130;203;198
7080.0;70;135;184;129;202;198
7086.0;70;135;184;129;202;198
7092.0;70;136;183;129;203;197
7098.0;70;135;183;130;203;197
7104.0;70;134;183;131;203;197
7110.0;69;136;183;130;203;197
7116.0;68;137;183;130;203;197
7122.0;68;138;184;129;203;196
7128.0;68;139;184;129;203;195
7134.0;68;136;186;129;203;196
7140.0;68;135;186;129;203;197
7146.0;68;134;187;130;202;197
7152.0;68;136;186;130;202;196
7158.0;69;136;186;129;202;196
7164.0;69;136;187;129;202;195
7170.0;70;136;186;129;201;196
7176.0;70;135;186;129;202;196
7182.0;70;135;186;129;202;196
7188.0;70;135;186;129;202;196
7194.0;70;135;186;129;201;197
7200.0;70;135;186;130;201;196
7206.0;70;134;187;131;200;196
7212.0;71;133;189;130;199;196
7218.0;72;133;190;130;198;195
7224.0;72;133;189;130;199;195
7230.0;72;134;189;130;197;196
7236.0;71;134;189;131;198;195
7242.0;72;134;189;131;196;196
7248.0;72;136;190;129;195;196
7254.0;72;136;190;129;196;195
7260.0;71;137;190;130;196;194
7266.0;71;135;192;130;196;194
7272.0;71;135;193;130;196;193
7278.0;71;135;192;131;196;193
7284.0;71;133;191;130;198;195
7290.0;71;132;191;132;197;195
7296.0;71;132;191;132;197;195
7302.0;71;132;191;132;198;194
7308.0;72;131;190;133;196;196
7314.0;72;131;191;133;195;196
7320.0;71;133;190;133;196;195
7326.0;72;133;190;133;195;195
7332.0;72;133;190;133;195;195
7338.0;72;133;189;132;197;195
7344.0;72;132;188;132;199;195
7350.0;72;131;188;132;200;195
7356.0;71;130;189;132;198;198
7362.0;70;131;189;132;197;199
7368.0;70;131;189;133;196;199
7374.0;70;131;191;134;196;196
7380.0;70;132;191;132;197;196
7386.0;70;132;191;132;197;196
7392.0;70;131;191;131;198;197
7398.0;71;131;190;130;199;197
7404.0;72;132;190;131;197;196
7410.0;72;132;190;131;197;196
7416.0;71;133;188;132;197;197
7422.0;71;133;189;132;195;198
7428.0;71;132;189;133;194;199
7434.0;69;129;189;135;195;201
7440.0;69;129;188;136;196;200
7446.0;68;129;188;137;196;200
7452.0;68;128;189;137;196;200
7458.0;69;128;188;137;196;200
7464.0;68;131;188;137;195;199
7470.0;67;131;187;136;196;201
7476.0;67;132;186;136;197;200
7482.0;67;133;186;136;197;199
7488.0;68;132;185;136;200;197
7494.0;66;134;185;135;200;198
7500.0;67;135;184;135;199;198
7506.0;68;134;183;137;199;197
7512.0;68;134;183;137;199;197
7518.0;66;133;184;139;198;198
7524.0;66;135;182;140;197;198
7530.0;67;134;182;140;197;198
7536.0;67;134;182;139;198;198
7542.0;66;135;183;137;198;199
7548.0;67;134;183;137;198;199
7554.0;67;132;184;137;199;199
7560.0;67;132;184;136;199;200
7566.0;67;131;184;138;199;199
7572.0;67;129;185;137;200;200
7578.0;68;129;185;136;200;200
7584.0;68;129;185;137;200;199
7590.0;69;129;186;135;200;199
7596.0;71;127;186;135;200;199
7602.0;72;127;186;135;199;199
7608.0;70;127;186;136;199;200
7614.0;70;127;186;135;200;200
7620.0;70;125;187;135;201;200
7626.0;71;126;187;136;200;198
7632.0;70;127;188;136;199;198
7638.0;71;127;187;137;200;196
7644.0;71;127;187;137;200;196
7650.0;72;127;187;137;200;195
7656.0;72;127;187;136;201;195
7662.0;72;126;188;136;201;195
7668.0;72;126;188;136;201;195
7674.0;72;126;187;136;202;195
7680.0;72;128;185;136;202;195
7686.0;72;127;185;138;201;195
7692.0;72;127;185;139;199;196
7698.0;73;128;185;139;198;195
7704.0;73;127;185;139;199;195
7710.0;73;127;185;139;199;195
7716.0;74;127;186;139;199;193
7722.0;74;128;186;138;199;193
7728.0;74;126;187;138;201;192
7734.0;73;127;186;138;202;192
7740.0;72;127;187;138;202;192
7746.0;72;127;187;138;202;192
7752.0;72;127;187;137;201;194
7758.0;73;127;187;138;200;193
7764.0;73;126;187;138;201;193
7770.0;73;126;187;138;201;193
7776.0;74;126;187;137;201;193
7782.0;75;124;186;137;201;195
7788.0;75;124;186;137;201;195
7794.0;75;124;186;137;201;195
7800.0;76;124;186;137;200;195
7806.0;76;124;187;135;201;195
7812.0;76;123;187;134;201;197
7818.0;75;125;188;133;200;197
7824.0;75;124;189;133;200;197
7830.0;76;123;189;134;198;198
7836.0;76;122;189;135;198;198
7842.0;75;122;189;135;198;199
7848.0;75;123;188;136;198;198
7854.0;75;124;186;135;200;198
7860.0;75;125;185;135;200;198
7866.0;76;125;185;135;200;197
7872.0;77;125;183;136;201;196
7878.0;77;125;183;136;201;196
7884.0;76;126;183;136;201;196
7890.0;78;125;182;136;200;197
7896.0;79;123;182;136;200;198
7902.0;79;122;183;136;200;198
7908.0;79;122;182;137;200;198
7914.0;79;122;181;138;200;198
7920.0;78;123;180;141;200;196
7926.0;79;123;179;141;200;196
7932.0;79;123;178;141;200;197
7938.0;78;123;179;139;201;198
7944.0;78;125;177;138;203;197
7950.0;78;124;178;138;203;197
7956.0;79;124;177;138;203;197
7962.0;77;125;178;138;203;197
7968.0;77;125;179;138;201;198
7974.0;77;125;179;138;200;199
7980.0;76;127;178;139;199;199
7986.0;78;126;178;137;199;200
7992.0;79;126;177;136;199;201
7998.0;77;126;179;136;199;201
8004.0;77;126;179;136;199;201
8010.0;78;126;179;136;198;201
8016.0;79;125;179;136;198;201
8022.0;79;127;179;134;197;202
8028.0;78;127;179;134;196;204
8034.0;77;126;179;136;196;204
8040.0;76;126;178;136;197;205
8046.0;77;124;178;136;197;206
8052.0;77;124;177;136;198;206
8058.0;78;124;177;135;198;206
8064.0;78;124;176;135;200;205
8070.0;80;123;175;137;199;204
8076.0;77;124;176;136;201;204
8082.0;77;123;177;137;200;204
8088.0;78;123;176;138;198;205
8094.0;77;124;176;138;198;205
8100.0;76;125;177;138;198;204
8106.0;77;125;177;137;198;204
8112.0;77;125;176;137;199;204
8118.0;77;126;174;139;199;203
8124.0;77;126;174;140;198;203
8130.0;78;125;172;141;198;204
8136.0;79;123;175;139;198;204
8142.0;80;123;175;137;199;204
8148.0;78;123;174;138;198;207
8154.0;78;122;174;138;198;208
8160.0;76;121;175;138;200;208
8166.0;75;121;175;139;200;208
8172.0;76;120;174;141;200;207
8178.0;77;120;174;142;199;206
8184.0;77;121;172;143;198;207
8190.0;76;122;172;144;197;207
8196.0;76;122;172;144;197;207
8202.0;76;122;172;144;198;206
8208.0;75;123;171;144;198;207
8214.0;74;123;172;144;198;207
8220.0;73;124;174;144;198;205
8226.0;71;124;176;144;198;205
8232.0;72;124;176;143;198;205
8238.0;72;124;175;143;197;207
8244.0;72;124;175;143;197;207
8250.0;72;124;175;142;199;206
8256.0;72;124;175;142;199;206
8262.0;72;124;175;142;199;206
8268.0;72;124;174;141;201;206
8274.0;72;124;174;141;201;206
8280.0;73;123;173;141;201;207
8286.0;74;123;173;141;201;206
8292.0;74;122;174;141;201;206
8298.0;75;122;173;142;200;206
8304.0;74;122;174;141;199;208
8310.0;75;122;174;142;198;207
8316.0;76;122;173;142;197;208
8322.0;76;122;174;142;196;208
8328.0;76;121;175;142;196;208
8334.0;76;121;175;141;196;209
8340.0;76;120;176;141;196;209
8346.0;76;121;175;139;197;210
8352.0;75;120;175;140;198;210
8358.0;75;121;173;141;199;209
8364.0;75;119;174;142;199;209
8370.0;76;120;173;142;200;207
8376.0;76;120;174;142;200;206
8382.0;76;120;174;142;200;206
8388.0;75;121;172;142;201;207
8394.0;75;121;172;142;201;207
8400.0;76;122;171;142;201;206
8406.0;75;121;171;142;202;207
8412.0;75;122;170;142;202;207
8418.0;75;122;169;142;202;208
8424.0;76;121;168;143;201;209
8430.0;75;121;168;142;201;211
8436.0;76;120;168;143;201;210
8442.0;76;120;169;143;201;209
8448.0;77;119;169;143;201;209
8454.0;77;120;170;141;201;209
8460.0;75;121;170;141;201;210
8466.0;77;121;170;141;200;209
8472.0;78;120;170;143;199;208
8478.0;78;120;170;143;198;209
8484.0;78;120;170;143;198;209
8490.0;78;120;170;143;199;208
8496.0;78;120;170;143;199;208
8502.0;77;119;170;143;199;210
8508.0;77;120;170;142;199;210
8514.0;77;120;171;143;197;210
8520.0;77;120;171;143;197;210
8526.0;77;120;172;141;197;211
8532.0;77;120;171;141;197;212
8538.0;78;121;170;140;197;212
8544.0;78;121;170;140;197;212
8550.0;77;121;169;141;197;213
8556.0;78;121;169;140;197;213
8562.0;79;121;170;139;197;212
8568.0;79;122;170;139;196;212
8574.0;79;122;170;140;195;212
8580.0;79;122;170;140;195;212
8586.0;78;122;171;140;195;212
8592.0;78;122;171;141;196;210
8598.0;79;121;169;141;197;211
8604.0;79;120;169;141;198;211
8610.0;79;120;170;140;198;211
8616.0;79;120;170;139;198;212
8622.0;79;120;169;141;198;211
8628.0;80;121;168;142;197;210
8634.0;80;121;168;142;197;210
8640.0;80;121;168;142;197;210
8646.0;80;122;168;143;195;210
8652.0;80;124;167;142;195;210
8658.0;81;124;167;141;195;210
8664.0;79;124;168;141;196;210
8670.0;78;123;169;141;197;210
8676.0;78;123;168;142;197;210
8682.0;78;122;169;142;197;210
8688.0;77;121;169;143;197;211
8694.0;77;120;169;143;197;212
8700.0;78;119;170;144;197;210
8706.0;77;118;168;146;197;212
8712.0;77;118;167;147;197;212
8718.0;76;116;170;147;197;212
8724.0;75;116;170;147;198;212
8730.0;74;117;171;148;197;211
8736.0;74;117;172;148;197;210
8742.0;74;117;172;148;197;210
8748.0;74;118;172;148;196;210
8754.0;75;118;172;148;196;209
8760.0;75;118;172;147;197;209
8766.0;74;118;173;147;198;208
8772.0;74;118;172;147;198;209
8778.0;75;118;173;146;198;208
8784.0;76;118;173;146;198;207
8790.0;77;118;172;146;198;207
8796.0;77;117;173;146;198;207
8802.0;76;117;173;147;198;207
8808.0;75;117;173;149;197;207
8814.0;75;117;174;149;197;206
8820.0;74;117;175;150;196;206
8826.0;75;116;175;151;195;206
8832.0;75;116;175;150;195;207
8838.0;73;118;175;150;195;207
8844.0;72;118;175;148;195;210
8850.0;72;119;175;147;195;210
8856.0;72;119;176;147;195;209
8862.0;73;119;176;146;194;210
8868.0;73;119;176;146;194;210
8874.0;74;120;175;146;193;210
8880.0;73;120;178;144;193;210
8886.0;73;120;178;143;192;212
8892.0;73;120;178;142;192;213
8898.0;73;119;179;141;193;213
8904.0;72;119;179;142;192;214
8910.0;72;119;178;142;192;215
8916.0;73;118;178;142;192;215
8922.0;74;117;178;142;190;217
8928.0;74;117;178;142;190;217
8934.0;75;117;178;142;189;217
8940.0;75;117;178;143;189;216
8946.0;75;117;176;143;191;216
8952.0;75;117;174;144;193;215
8958.0;76;115;175;143;192;217
8964.0;76;115;175;143;192;217
8970.0;76;116;176;142;191;217
8976.0;78;117;177;142;189;215
8982.0;79;117;176;141;189;216
8988.0;77;117;176;143;189;216
8994.0;77;117;176;143;189;216
9000.0;76;116;176;145;188;217
9006.0;76;114;177;145;189;217
9012.0;76;114;177;146;189;216
9018.0;76;115;176;146;189;216
9024.0;75;115;177;146;189;216
9030.0;75;115;177;146;189;216
9036.0;73;114;178;147;188;218
9042.0;72;114;178;147;189;218
9048.0;70;114;180;147;189;218
9054.0;70;114;181;147;189;217
9060.0;70;113;181;148;189;217
9066.0;70;111;181;150;190;216
9072.0;69;111;181;149;190;218
9078.0;69;111;181;149;189;219
9084.0;69;112;182;148;188;219
9090.0;70;112;182;146;187;221
9096.0;70;113;184;145;187;219
9102.0;70;113;183;145;189;218
9108.0;71;113;183;144;189;218
9114.0;71;113;183;144;190;217
9120.0;71;113;183;143;191;217
9126.0;71;112;184;143;191;217
9132.0;71;112;184;143;191;217
9138.0;72;112;183;143;191;217
9144.0;72;112;182;144;191;217
9150.0;73;112;181;143;191;218
9156.0;72;112;183;142;191;218
9162.0;71;111;183;141;193;219
9168.0;71;111;183;140;193;220
9174.0;72;112;185;139;190;220
9180.0;71;112;185;139;190;221
9186.0;72;111;186;140;188;221
9192.0;72;111;186;139;189;221
9198.0;73;110;186;140;189;220
9204.0;73;110;186;140;189;220
9210.0;73;112;185;140;190;218
9216.0;73;113;186;140;188;218
9222.0;74;111;187;141;187;218
9228.0;74;111;187;142;188;216
9234.0;74;111;187;142;188;216
9240.0;73;110;186;144;189;216
9246.0;74;111;185;144;190;214
9252.0;74;111;186;144;190;213
9258.0;74;113;186;143;190;212
9264.0;74;113;186;143;190;212
9270.0;74;113;187;143;190;211
9276.0;73;113;187;143;191;211
9282.0;73;113;187;142;192;211
9288.0;73;113;187;142;192;211
9294.0;72;111;189;142;193;211
9300.0;73;111;191;140;193;210
9306.0;74;112;190;140;192;210
9312.0;74;112;190;140;192;210
9318.0;74;112;190;140;192;210
9324.0;73;113;191;140;193;208
9330.0;73;115;191;140;191;208
9336.0;72;115;191;141;193;206
9342.0;72;115;189;143;193;206
9348.0;71;116;189;143;194;205
9354.0;71;115;189;144;194;205
9360.0;71;116;189;144;193;205
9366.0;69;119;187;144;194;205
9372.0;69;118;187;143;197;204
9378.0;69;118;187;142;198;204
9384.0;68;118;186;143;198;205
9390.0;68;118;186;142;198;206
9396.0;68;119;186;141;198;206
9402.0;68;119;187;141;197;206
9408.0;66;121;187;141;196;207
9414.0;66;121;188;141;195;207
9420.0;66;121;188;141;195;207
9426.0;65;121;189;141;196;206
9432.0;65;121;189;141;196;206
9438.0;64;122;187;141;197;207
9444.0;64;123;186;141;197;207
9450.0;63;122;188;140;197;208
9456.0;63;121;188;140;197;209
9462.0;63;120;190;141;195;209
9468.0;63;120;190;142;194;209
9474.0;65;120;190;141;195;207
9480.0;65;118;191;141;196;207
9486.0;65;118;191;141;197;206
9492.0;66;118;191;141;197;205
9498.0;66;118;191;141;197;205
9504.0;67;117;192;140;197;205
9510.0;67;115;194;140;196;206
9516.0;67;115;194;140;196;206
9522.0;67;115;194;139;196;207
9528.0;66;117;195;138;195;207
9534.0;67;117;195;137;195;207
9540.0;67;117;195;137;195;207
9546.0;67;115;194;138;197;207
9552.0;66;115;193;138;198;208
9558.0;65;115;192;140;198;208
9564.0;65;115;192;140;198;208
9570.0;66;114;193;141;196;208
9576.0;66;114;193;140;196;209
9582.0;66;115;193;139;196;209
9588.0;66;115;193;139;196;209
9594.0;66;115;192;139;196;210
9600.0;66;113;193;140;197;209
9606.0;65;113;193;140;198;209
9612.0;65;113;193;140;198;209
9618.0;65;111;193;140;198;211
9624.0;65;110;193;140;198;212
9630.0;64;110;192;142;198;212
9636.0;64;110;192;142;198;212
9642.0;64;111;192;143;197;211
9648.0;64;110;192;143;197;212
9654.0;65;109;192;142;198;212
9660.0;65;109;192;142;198;212
9666.0;66;110;190;143;197;212
9672.0;66;109;190;144;197;212
9678.0;65;110;192;144;195;212
9684.0;64;112;191;144;194;213
9690.0;65;112;191;145;192;213
9696.0;65;111;191;145;193;213
9702.0;64;113;190;145;193;213
9708.0;63;113;190;146;193;213
9714.0;63;114;190;146;192;213
9720.0;63;114;190;146;192;213
9726.0;64;113;190;146;191;214
9732.0;65;112;192;146;189;214
9738.0;65;112;192;146;189;214
9744.0;64;112;191;147;190;214
9750.0;64;112;191;148;190;213
9756.0;64;112;189;151;189;213
9762.0;64;112;189;153;188;212
9768.0;64;110;190;155;188;211
9774.0;65;111;189;154;189;210
9780.0;66;111;188;153;189;211
9786.0;67;111;190;152;187;211
9792.0;67;112;190;152;185;212
9798.0;69;111;191;151;185;211
9804.0;70;111;191;151;185;210
9810.0;70;112;190;152;185;209
9816.0;70;112;190;153;184;209
9822.0;71;112;188;154;183;210
9828.0;71;113;188;154;183;209
9834.0;71;113;188;154;183;209
9840.0;72;113;189;151;184;209
9846.0;72;113;189;151;184;209
9852.0;72;113;189;151;184;209
9858.0;71;113;190;151;184;209
9864.0;70;113;191;151;184;209
9870.0;70;113;192;151;183;209
9876.0;71;113;191;152;183;208
9882.0;72;113;191;151;183;208
9888.0;71;114;191;150;184;208
9894.0;72;114;191;151;183;207
9900.0;72;115;190;151;183;207
9906.0;72;114;190;152;183;207
9912.0;72;114;191;151;183;207
9918.0;76;113;191;150;181;207
9924.0;76;113;192;150;181;206
9930.0;75;113;194;149;182;205
9936.0;75;113;195;148;182;205
9942.0;76;113;195;147;182;205
9948.0;76;113;195;147;182;205
9954.0;77;115;194;145;182;205
9960.0;75;117;194;145;182;205
9966.0;77;116;194;145;181;205
9972.0;77;116;194;145;181;205
9978.0;76;119;194;144;180;205
9984.0;78;120;193;144;178;205
9990.0;78;120;193;145;178;204
9996.0;79;119;193;146;178;203
10002.0;78;120;193;145;178;204
10008.0;79;118;194;145;178;204
10014.0;79;120;195;142;178;204
10020.0;79;121;193;143;178;204
10026.0;79;121;194;143;177;204
10032.0;79;120;194;144;177;204
10038.0;77;121;196;144;178;202
10044.0;77;121;197;144;177;202
10050.0;77;121;197;144;177;202
10056.0;77;122;198;144;175;202
10062.0;77;122;198;145;174;202
10068.0;77;122;198;145;174;202
10074.0;77;123;198;145;174;201
10080.0;77;122;197;146;175;201
10086.0;77;122;196;146;176;201
10092.0;78;122;195;145;178;200
10098.0;77;121;195;146;178;201
10104.0;77;121;195;145;178;202
10110.0;77;121;196;145;179;200
10116.0;76;122;196;144;180;200
10122.0;76;122;196;145;179;200
10128.0;78;122;197;143;178;200
10134.0;79;122;198;141;178;200
10140.0;79;122;197;143;178;199
10146.0;80;121;197;142;178;200
10152.0;80;120;197;143;178;200
10158.0;80;120;196;143;179;200
10164.0;81;120;195;142;179;201
10170.0;81;120;195;142;179;201
10176.0;82;120;192;143;179;202
10182.0;81;120;191;144;178;204
10188.0;81;120;191;145;177;204
10194.0;82;120;191;144;177;204
10200.0;82;120;191;144;177;204
10206.0;82;120;191;144;177;204
10212.0;81;120;192;143;177;205
10218.0;81;119;192;142;178;206
10224.0;80;119;194;142;178;205
10230.0;81;119;194;142;178;204
10236.0;81;119;193;142;178;205
10242.0;81;121;192;142;177;205
10248.0;80;122;192;142;177;205
10254.0;80;123;192;142;177;204
10260.0;80;123;193;142;178;202
10266.0;80;123;192;142;178;203
10272.0;80;122;192;143;178;203
10278.0;82;123;192;141;177;203
10284.0;82;124;191;141;177;203
10290.0;83;124;189;141;177;204
10296.0;83;124;190;140;177;204
10302.0;84;124;189;140;177;204
10308.0;85;124;189;138;177;205
10314.0;84;123;189;138;178;206
10320.0;83;124;187;141;179;204
10326.0;83;124;187;141;179;204
10332.0;84;125;187;139;179;204
10338.0;85;125;187;138;180;203
10344.0;84;125;187;138;181;203
10350.0;84;125;188;138;181;202
10356.0;84;125;188;138;181;202
10362.0;84;124;188;138;181;203
10368.0;83;124;189;138;181;203
10374.0;83;124;190;137;181;203
10380.0;83;124;190;137;181;203
10386.0;84;124;191;135;180;204
10392.0;84;124;192;135;179;204
10398.0;84;124;192;136;179;203
10404.0;86;122;192;136;180;202
10410.0;86;121;193;138;179;201
10416.0;85;121;196;138;179;199
10422.0;85;121;196;138;179;199
10428.0;85;122;195;138;179;199
10434.0;85;121;196;138;179;199
10440.0;84;121;193;139;180;201
10446.0;84;122;193;139;180;200
10452.0;85;122;192;139;180;200
10458.0;85;123;192;140;178;200
10464.0;84;123;193;140;178;200
10470.0;82;124;193;139;180;200
10476.0;81;125;193;139;180;200
10482.0;82;126;190;139;180;201
10488.0;81;126;191;139;180;201
10494.0;81;126;191;139;180;201
10500.0;83;127;190;138;178;202
10506.0;83;127;191;136;179;202
10512.0;82;127;191;136;180;202
10518.0;84;127;191;138;180;198
10524.0;83;128;192;138;180;197
10530.0;84;128;190;138;180;198
10536.0;84;128;193;137;178;198
10542.0;86;128;193;137;178;196
10548.0;86;127;192;139;179;195
10554.0;86;126;192;139;180;195
10560.0;86;127;190;138;181;196
10566.0;86;126;190;139;180;197
10572.0;85;126;191;139;181;196
10578.0;85;127;191;138;180;197
10584.0;85;130;190;138;179;196
10590.0;85;129;190;138;178;198
10596.0;83;130;191;137;177;200
10602.0;83;131;190;137;177;200
10608.0;84;130;192;137;175;200
10614.0;83;130;192;137;176;200
10620.0;82;130;192;137;177;200
10626.0;83;130;192;136;177;200
10632.0;83;130;192;135;178;200
10638.0;83;130;192;135;177;201
10644.0;83;130;193;135;176;201
10650.0;83;131;193;134;175;202
10656.0;83;132;193;134;173;203
10662.0;84;132;194;134;172;202
10668.0;83;131;194;134;173;203
10674.0;83;131;195;134;172;203
10680.0;81;132;195;135;172;203
10686.0;82;132;195;134;172;203
10692.0;81;132;195;135;172;203
10698.0;81;132;196;135;173;201
10704.0;82;131;196;135;173;201
10710.0;82;131;195;134;174;202
10716.0;80;132;195;134;175;202
10722.0;81;132;195;134;175;201
10728.0;81;132;196;134;174;201
10734.0;81;134;195;134;174;200
10740.0;81;135;195;135;173;199
10746.0;80;135;196;135;173;199
10752.0;79;135;196;135;174;199
10758.0;79;136;196;132;175;200
10764.0;78;136;198;130;175;201
10770.0;79;134;199;130;175;201
10776.0;77;134;199;131;176;201
10782.0;77;134;200;131;177;199
10788.0;78;134;200;131;177;198
10794.0;79;133;201;131;176;198
