#auto generated file!
12.0;152;168;147;151;158;133
18.0;152;168;146;152;158;133
24.0;151;168;146;153;158;133
30.0;149;168;146;153;160;133
36.0;147;166;147;153;161;135
42.0;146;166;147;154;161;135
48.0;145;167;149;153;161;134
54.0;146;167;149;152;161;134
60.0;146;167;151;152;160;133
66.0;146;167;152;151;160;133
72.0;146;167;152;151;160;133
78.0;144;168;153;151;160;133
84.0;143;169;153;151;161;132
90.0;143;169;153;151;161;132
96.0;143;169;154;150;161;132
102.0;142;169;154;149;163;132
108.0;139;169;155;149;164;133
114.0;139;167;156;149;165;133
120.0;139;167;156;149;165;133
126.0;137;167;157;150;165;133
132.0;135;168;157;149;167;133
138.0;133;167;159;151;166;133
144.0;134;167;158;151;166;133
150.0;135;168;156;150;166;134
156.0;137;168;154;150;166;134
162.0;136;168;154;150;166;135
168.0;134;168;155;150;166;136
174.0;133;168;155;151;167;135
180.0;132;168;154;151;168;136
186.0;132;169;153;150;169;136
192.0;131;170;153;150;169;136
198.0;130;169;153;149;171;137
204.0;130;169;153;149;171;137
210.0;129;168;154;149;172;137
216.0;129;168;155;148;172;137
222.0;129;168;156;147;172;137
228.0;129;168;156;147;172;137
234.0;127;168;156;148;173;137
240.0;127;167;154;150;173;138
246.0;127;166;155;149;173;139
252.0;127;165;155;148;174;140
258.0;125;166;155;148;174;141
264.0;125;166;154;149;174;141
270.0;123;169;154;148;173;142
276.0;122;170;153;148;172;144
282.0;122;169;153;147;173;145
288.0;122;168;153;148;173;145
294.0;122;167;153;148;174;145
300.0;123;166;153;148;174;145
306.0;124;166;153;147;173;146
312.0;124;167;154;146;172;146
318.0;124;167;153;146;172;147
324.0;123;167;153;147;172;147
330.0;123;166;155;146;173;146
336.0;123;166;155;147;174;144
342.0;123;166;155;146;172;147
348.0;122;166;155;147;170;149
354.0;119;167;155;148;171;149
360.0;119;167;155;148;171;149
366.0;118;167;155;149;171;149
372.0;117;168;155;149;171;149
378.0;116;168;157;148;171;149
384.0;116;167;158;148;171;149
390.0;117;167;158;147;171;149
396.0;114;168;158;148;171;150
402.0;113;167;159;149;171;150
408.0;112;167;158;151;171;150
414.0;112;167;157;150;171;152
420.0;114;165;157;150;171;152
426.0;114;165;157;150;171;152
432.0;112;166;158;149;172;152
438.0;112;167;159;148;171;152
444.0;112;166;159;149;171;152
450.0;112;165;159;149;173;151
456.0;112;166;159;148;173;151
462.0;112;165;159;148;174;151
468.0;112;165;158;148;174;152
474.0;111;164;157;150;175;152
480.0;111;164;157;150;175;152
486.0;110;166;155;151;175;152
492.0;110;166;155;151;175;152
498.0;110;166;156;150;175;152
504.0;108;165;157;149;176;154
510.0;108;165;157;149;176;154
516.0;108;166;157;148;176;154
522.0;110;166;157;148;174;154
528.0;111;163;159;148;173;155
534.0;110;165;161;148;171;154
540.0;109;165;161;148;171;155
546.0;109;166;160;148;171;155
552.0;108;167;162;147;171;154
558.0;108;166;164;146;171;154
564.0;108;166;164;146;171;154
570.0;106;166;165;147;172;153
576.0;106;165;165;147;173;153
582.0;105;165;167;147;171;154
588.0;105;165;167;147;171;154
594.0;104;165;167;149;171;153
600.0;104;164;167;149;171;154
606.0;104;163;167;149;171;155
612.0;104;164;167;149;169;156
618.0;104;166;167;148;168;156
624.0;104;166;166;147;168;158
630.0;104;166;166;148;166;159
636.0;105;165;165;147;168;159
642.0;106;164;165;147;168;159
648.0;106;165;165;147;168;158
654.0;106;164;165;147;168;159
660.0;105;163;166;147;169;159
666.0;105;164;166;147;168;159
672.0;106;163;166;146;168;160
678.0;107;163;165;146;168;160
684.0;108;164;165;145;167;160
690.0;108;164;165;145;166;161
696.0;107;164;166;145;166;161
702.0;107;164;166;147;163;162
708.0;107;163;166;146;163;164
714.0;107;162;167;145;164;164
720.0;107;162;167;145;164;164
726.0;107;162;166;145;164;165
732.0;106;164;166;145;164;164
738.0;106;164;166;145;164;164
744.0;105;165;167;145;164;163
750.0;106;163;169;142;166;163
756.0;106;162;168;143;166;164
762.0;106;162;168;143;166;164
768.0;106;161;167;143;166;166
774.0;107;161;167;142;167;165
780.0;107;161;167;143;166;165
786.0;107;162;167;141;167;165
792.0;106;162;167;141;167;166
798.0;106;162;167;141;167;166
804.0;107;162;168;142;164;166
810.0;107;162;168;141;165;166
816.0;106;162;168;143;164;166
822.0;106;162;168;143;164;166
828.0;106;163;167;143;163;167
834.0;107;163;166;142;163;168
840.0;108;163;166;141;163;168
846.0;107;163;167;140;164;168
852.0;107;163;167;140;164;168
858.0;107;161;167;141;164;169
864.0;107;161;167;141;164;169
870.0;107;161;166;142;164;169
876.0;106;161;166;141;165;170
882.0;104;160;167;142;165;171
888.0;104;162;167;141;164;171
894.0;104;163;168;140;162;172
900.0;103;163;169;139;163;172
906.0;100;164;171;139;163;172
912.0;100;163;170;140;164;172
918.0;100;163;169;141;164;172
924.0;102;163;168;140;164;172
930.0;102;164;168;139;164;172
936.0;102;164;168;139;164;172
942.0;101;165;169;137;165;172
948.0;101;166;170;136;163;173
954.0;102;167;170;136;162;172
960.0;103;166;169;135;162;174
966.0;102;166;169;136;162;174
972.0;103;166;170;136;161;173
978.0;102;166;170;137;161;173
984.0;102;165;170;139;161;172
990.0;102;166;170;139;161;171
996.0;101;166;171;138;163;170
1002.0;101;165;171;138;164;170
1008.0;100;165;171;138;164;171
1014.0;100;167;170;137;163;172
1020.0;100;167;170;137;163;172
1026.0;100;166;170;138;163;172
1032.0;101;166;170;138;163;171
1038.0;101;166;170;139;163;170
1044.0;101;167;170;138;162;171
1050.0;100;166;170;138;164;171
1056.0;100;166;172;136;164;171
1062.0;101;167;170;136;164;171
1068.0;101;167;169;136;164;172
1074.0;100;167;169;136;165;172
1080.0;100;166;171;136;166;170
1086.0;101;167;171;136;165;169
1092.0;101;167;171;137;165;168
1098.0;101;166;173;137;163;169
1104.0;100;166;174;136;164;169
1110.0;100;166;174;136;164;169
1116.0;102;164;177;133;163;170
1122.0;102;164;177;133;163;170
1128.0;102;166;176;132;163;170
1134.0;101;166;177;132;163;170
1140.0;101;167;177;128;164;172
1146.0;101;167;179;127;163;172
1152.0;100;167;180;127;163;172
1158.0;100;167;180;127;163;172
1164.0;101;168;179;126;162;173
1170.0;100;168;177;126;164;174
1176.0;98;169;176;128;163;175
1182.0;97;169;176;127;165;175
1188.0;98;168;177;126;165;175
1194.0;97;167;177;126;165;177
1200.0;96;167;177;125;165;179
1206.0;96;167;178;125;163;180
1212.0;96;164;177;128;165;179
1218.0;96;165;177;128;164;179
1224.0;95;166;176;129;164;179
1230.0;95;165;176;129;164;180
1236.0;95;164;176;129;164;181
1242.0;96;164;175;129;163;182
1248.0;95;165;174;130;164;181
1254.0;94;165;174;130;166;180
1260.0;95;165;174;129;166;180
1266.0;94;163;175;130;166;181
1272.0;93;160;175;132;168;181
1278.0;92;160;175;131;168;183
1284.0;92;159;176;131;168;183
1290.0;91;159;177;132;168;182
1296.0;91;160;177;131;168;182
1302.0;91;160;178;131;168;181
1308.0;91;160;178;131;168;181
1314.0;91;163;178;129;167;181
1320.0;92;162;177;131;167;180
1326.0;91;162;177;132;167;180
1332.0;90;162;178;132;167;180
1338.0;90;163;177;132;166;181
1344.0;91;163;177;132;166;180
1350.0;90;162;178;132;166;181
1356.0;91;161;179;132;166;180
1362.0;90;161;179;132;167;180
1368.0;91;161;178;131;167;181
1374.0;91;161;177;131;168;181
1380.0;91;160;178;131;167;182
1386.0;91;160;178;131;167;182
1392.0;91;160;178;131;167;182
1398.0;92;160;178;130;167;182
1404.0;92;160;178;130;167;182
1410.0;92;157;178;130;169;183
1416.0;92;157;177;130;169;184
1422.0;92;156;177;130;169;185
1428.0;91;155;177;131;169;186
1434.0;92;154;177;132;168;186
1440.0;92;154;176;132;167;188
1446.0;92;154;176;133;167;187
1452.0;91;154;176;132;168;188
1458.0;91;154;176;132;168;188
1464.0;92;153;176;132;168;188
1470.0;91;153;176;131;169;189
1476.0;90;153;176;131;169;190
1482.0;90;154;175;131;169;190
1488.0;91;154;174;131;169;190
1494.0;90;155;174;131;169;190
1500.0;91;155;176;130;167;190
1506.0;91;155;176;130;167;190
1512.0;93;157;175;130;166;188
1518.0;93;157;175;131;165;188
1524.0;93;158;174;131;165;188
1530.0;93;160;173;130;164;189
1536.0;92;159;173;131;164;190
1542.0;92;160;173;130;164;190
1548.0;91;161;173;130;165;189
1554.0;91;161;173;131;164;189
1560.0;91;161;173;131;164;189
1566.0;91;160;176;130;164;188
1572.0;91;160;176;130;165;187
1578.0;90;160;177;130;166;186
1584.0;89;160;179;129;166;186
1590.0;88;161;178;127;168;187
1596.0;88;161;178;127;168;187
1602.0;90;159;177;126;170;187
1608.0;90;160;176;126;171;186
1614.0;90;161;176;125;171;186
1620.0;90;159;176;127;171;186
1626.0;90;159;176;128;170;186
1632.0;90;159;177;128;169;186
1638.0;90;159;178;128;168;186
1644.0;90;159;178;126;168;188
1650.0;88;159;178;126;168;190
1656.0;88;158;179;127;168;189
1662.0;88;158;179;126;169;189
1668.0;88;159;179;127;169;187
1674.0;89;159;178;128;169;186
1680.0;89;158;178;130;169;185
1686.0;90;158;177;129;169;186
1692.0;90;158;176;130;169;186
1698.0;91;158;176;128;169;187
1704.0;91;158;177;126;170;187
1710.0;92;158;176;127;169;187
1716.0;90;158;178;127;168;188
1722.0;90;159;177;128;168;187
1728.0;90;159;177;129;167;187
1734.0;89;160;177;129;167;187
1740.0;88;160;179;128;167;187
1746.0;89;160;178;129;166;187
1752.0;88;160;179;129;166;187
1758.0;88;160;179;129;166;187
1764.0;88;160;179;130;166;186
1770.0;88;160;179;130;166;186
1776.0;88;161;178;129;166;187
1782.0;87;161;178;127;166;190
1788.0;87;161;180;127;165;189
1794.0;87;161;180;127;165;189
1800.0;86;160;182;127;165;189
1806.0;86;160;182;128;162;191
1812.0;87;161;182;128;161;190
1818.0;88;161;182;127;161;190
1824.0;87;162;183;127;160;190
1830.0;87;160;183;128;161;190
1836.0;87;160;184;127;161;190
1842.0;87;161;184;126;161;190
1848.0;87;162;184;126;161;189
1854.0;87;160;186;127;159;190
1860.0;85;160;188;127;158;191
1866.0;85;160;187;127;158;192
1872.0;85;160;187;127;159;191
1878.0;83;161;186;128;161;190
1884.0;84;161;185;126;164;189
1890.0;85;160;185;126;165;188
1896.0;85;160;185;126;165;188
1902.0;85;159;184;126;166;189
1908.0;84;158;185;127;166;189
1914.0;84;157;185;127;167;189
1920.0;84;156;184;128;167;190
1926.0;84;156;184;128;167;190
1932.0;84;155;183;129;168;190
1938.0;83;155;184;129;167;191
1944.0;83;154;184;130;167;191
1950.0;84;155;184;131;164;191
1956.0;84;155;183;131;164;192
1962.0;84;157;181;130;165;192
1968.0;85;157;181;128;166;192
1974.0;85;157;181;128;165;193
1980.0;85;157;181;128;165;193
1986.0;86;158;179;128;166;192
1992.0;86;158;178;128;165;194
1998.0;85;158;179;128;165;194
2004.0;84;158;179;128;166;194
2010.0;85;159;179;128;164;194
2016.0;85;159;179;128;164;194
2022.0;85;160;179;127;164;194
2028.0;84;161;179;127;164;194
2034.0;83;160;179;127;164;196
2040.0;83;160;177;127;165;197
2046.0;83;159;178;127;165;197
2052.0;83;159;177;127;166;197
2058.0;84;159;177;125;167;197
2064.0;86;160;176;125;166;196
2070.0;87;160;176;125;165;196
2076.0;89;160;174;124;166;196
2082.0;90;159;175;124;165;196
2088.0;90;159;175;124;165;196
2094.0;89;158;175;124;164;199
2100.0;89;159;174;124;163;200
2106.0;89;159;173;125;163;200
2112.0;89;160;171;125;165;199
2118.0;90;159;171;126;164;199
2124.0;90;159;171;125;165;199
2130.0;91;158;171;125;166;198
2136.0;92;157;171;125;166;198
2142.0;92;156;172;126;166;197
2148.0;92;156;172;125;166;198
2154.0;91;156;172;126;166;198
2160.0;93;155;172;127;165;197
2166.0;93;154;171;128;166;197
2172.0;91;155;170;128;165;200
2178.0;89;156;170;128;165;201
2184.0;88;154;171;127;168;201
2190.0;88;153;170;128;171;199
2196.0;87;154;170;128;171;199
2202.0;87;155;173;127;169;198
2208.0;87;155;173;127;169;198
2214.0;87;157;172;127;170;196
2220.0;86;155;175;127;170;196
2226.0;86;156;174;127;170;196
2232.0;85;156;174;128;170;196
2238.0;87;156;174;128;170;194
2244.0;88;155;175;128;170;193
2250.0;87;157;174;129;170;192
2256.0;87;158;174;129;170;191
2262.0;86;158;174;129;171;191
2268.0;86;158;174;129;171;191
2274.0;85;158;176;128;171;191
2280.0;84;158;176;130;171;190
2286.0;84;158;176;130;171;190
2292.0;85;158;175;130;171;190
2298.0;84;159;173;130;172;191
2304.0;83;158;173;130;174;191
2310.0;84;158;172;131;173;191
2316.0;84;159;170;131;173;192
2322.0;83;157;170;131;174;194
2328.0;82;158;170;130;175;194
2334.0;81;159;171;130;174;194
2340.0;82;159;169;130;174;195
2346.0;81;159;169;130;174;196
2352.0;81;159;169;130;174;196
2358.0;81;157;169;131;175;196
2364.0;81;157;171;130;174;196
2370.0;81;155;173;129;175;196
2376.0;81;154;172;130;176;196
2382.0;81;154;173;130;175;196
2388.0;81;155;173;130;174;196
2394.0;81;155;173;132;173;195
2400.0;82;155;173;133;172;194
2406.0;82;155;173;133;172;194
2412.0;80;156;173;133;172;195
2418.0;79;156;174;133;172;195
2424.0;79;156;173;133;173;195
2430.0;79;155;173;133;173;196
2436.0;79;153;174;134;174;195
2442.0;79;153;174;136;173;194
2448.0;79;152;175;137;173;193
2454.0;80;152;174;136;174;193
2460.0;82;151;174;136;173;193
2466.0;83;151;174;136;172;193
2472.0;82;150;175;136;173;193
2478.0;80;149;176;137;174;193
2484.0;80;150;175;136;175;193
2490.0;80;150;175;136;175;193
2496.0;82;149;176;135;175;192
2502.0;83;149;176;135;174;192
2508.0;83;149;175;136;174;192
2514.0;82;148;176;137;174;192
2520.0;83;147;177;137;173;192
2526.0;82;148;177;137;173;192
2532.0;81;148;178;137;173;192
2538.0;82;147;178;137;173;192
2544.0;82;147;179;137;173;191
2550.0;82;148;179;137;173;190
2556.0;82;148;180;136;172;191
2562.0;80;149;180;137;172;191
2568.0;82;149;180;136;171;191
2574.0;82;149;179;137;171;191
2580.0;83;150;179;138;169;190
2586.0;82;150;179;139;168;191
2592.0;84;149;179;139;167;191
2598.0;84;149;178;140;167;191
2604.0;84;147;179;141;168;190
2610.0;84;147;179;141;168;190
2616.0;84;148;180;139;168;190
2622.0;84;148;180;139;168;190
2628.0;84;147;180;139;169;190
2634.0;83;148;180;138;169;191
2640.0;83;148;180;138;169;191
2646.0;83;148;180;138;169;191
2652.0;83;147;179;140;169;191
2658.0;84;146;180;139;169;191
2664.0;84;146;180;139;169;191
2670.0;82;146;180;140;169;192
2676.0;83;146;180;138;170;192
2682.0;83;146;180;137;171;192
2688.0;85;145;181;137;171;190
2694.0;85;145;181;135;172;191
2700.0;85;145;180;136;172;191
2706.0;83;146;180;136;171;193
2712.0;83;146;180;136;171;193
2718.0;85;145;180;136;171;192
2724.0;85;144;179;137;173;191
2730.0;87;145;179;135;172;191
2736.0;86;145;178;138;172;190
2742.0;85;144;178;139;173;190
2748.0;84;145;178;139;173;190
2754.0;83;145;178;138;174;191
2760.0;83;143;178;139;174;192
2766.0;83;143;179;138;174;192
2772.0;83;143;179;137;174;193
2778.0;83;143;180;137;174;192
2784.0;83;143;180;138;174;191
2790.0;83;145;181;137;172;191
2796.0;84;145;181;138;170;191
2802.0;84;145;181;138;170;191
2808.0;83;147;180;137;171;191
2814.0;83;146;181;137;171;191
2820.0;83;146;181;137;171;191
2826.0;83;146;181;137;171;191
2832.0;82;146;182;137;171;191
2838.0;82;146;182;138;172;189
2844.0;81;145;182;139;175;187
2850.0;81;145;182;140;174;187
2856.0;79;145;182;141;174;188
2862.0;79;147;182;140;174;187
2868.0;79;146;184;139;175;186
2874.0;80;146;184;139;174;186
2880.0;81;145;184;139;174;186
2886.0;81;144;186;139;173;186
2892.0;81;144;186;140;173;185
2898.0;81;144;186;140;173;185
2904.0;82;144;186;140;173;184
2910.0;83;143;186;140;173;184
2916.0;83;144;185;141;172;184
2922.0;82;145;183;142;173;184
2928.0;82;144;182;142;174;185
2934.0;82;143;182;143;174;185
2940.0;82;143;182;143;174;185
2946.0;82;143;182;143;174;185
2952.0;82;143;182;143;174;185
2958.0;82;144;184;143;172;184
2964.0;82;144;183;144;173;183
2970.0;82;144;182;143;175;183
2976.0;82;144;182;143;175;183
2982.0;82;145;181;144;174;183
2988.0;82;145;181;145;172;184
2994.0;82;146;181;144;174;182
3000.0;83;145;180;144;175;182
3006.0;84;144;181;144;175;181
3012.0;84;143;181;144;176;181
3018.0;83;143;182;144;177;180
3024.0;85;144;181;144;177;178
3030.0;85;143;181;144;178;178
3036.0;85;144;181;143;178;178
3042.0;85;144;182;141;177;180
3048.0;85;143;181;143;176;181
3054.0;86;143;181;142;176;181
3060.0;86;144;181;141;176;181
3066.0;84;145;181;141;177;181
3072.0;83;145;181;142;177;181
3078.0;84;145;181;142;177;180
3084.0;84;144;182;142;177;180
3090.0;86;143;182;142;177;179
3096.0;86;145;182;142;176;178
3102.0;85;146;181;142;176;179
3108.0;86;145;180;143;176;179
3114.0;86;146;181;143;175;178
3120.0;86;144;179;146;175;179
3126.0;86;144;177;146;176;180
3132.0;86;144;176;147;176;180
3138.0;87;145;175;147;176;179
3144.0;87;145;173;149;176;179
3150.0;87;144;174;149;176;179
3156.0;88;144;174;149;176;178
3162.0;88;143;173;150;177;178
3168.0;88;143;173;151;177;177
3174.0;87;143;174;150;177;178
3180.0;85;143;175;151;176;179
3186.0;86;144;175;151;174;179
3192.0;86;144;175;151;174;179
3198.0;87;144;175;151;172;180
3204.0;87;144;174;151;172;181
3210.0;86;145;174;151;172;181
3216.0;86;145;174;151;171;182
3222.0;85;145;174;151;171;183
3228.0;84;144;174;152;171;184
3234.0;84;144;174;152;171;184
3240.0;84;144;175;151;171;184
3246.0;84;144;175;151;171;184
3252.0;84;144;174;151;171;185
3258.0;83;144;173;150;173;186
3264.0;83;144;173;151;173;185
3270.0;83;144;172;151;173;186
3276.0;82;144;173;151;172;187
3282.0;82;144;173;151;172;187
3288.0;82;144;173;150;172;188
3294.0;82;145;174;149;171;188
3300.0;81;145;174;150;170;189
3306.0;80;145;175;150;170;189
3312.0;81;145;175;149;169;190
3318.0;80;146;175;149;169;190
3324.0;80;146;175;149;169;190
3330.0;80;146;175;149;169;190
3336.0;82;145;175;147;169;191
3342.0;82;145;175;148;169;190
3348.0;82;146;175;147;169;190
3354.0;82;146;175;146;169;191
3360.0;81;145;175;146;170;192
3366.0;80;145;175;148;169;192
3372.0;81;144;175;148;169;192
3378.0;80;145;176;147;169;192
3384.0;80;144;176;148;169;192
3390.0;81;144;176;146;170;192
3396.0;80;144;176;148;169;192
3402.0;78;144;176;149;170;192
3408.0;78;145;175;149;170;192
3414.0;77;147;175;148;171;191
3420.0;76;148;175;147;172;191
3426.0;75;148;176;147;172;191
3432.0;75;148;176;147;173;190
3438.0;75;148;176;147;173;190
3444.0;75;149;176;147;173;189
3450.0;75;148;176;147;173;190
3456.0;74;148;175;147;173;192
3462.0;74;148;175;147;173;192
3468.0;74;148;175;147;173;192
3474.0;74;148;175;147;173;192
3480.0;73;146;175;149;174;192
3486.0;73;147;176;148;173;192
3492.0;72;147;176;148;174;192
3498.0;70;149;176;147;174;193
3504.0;70;149;176;147;174;193
3510.0;70;149;175;146;176;193
3516.0;70;148;175;147;176;193
3522.0;70;149;176;146;175;193
3528.0;71;151;175;145;175;192
3534.0;71;150;175;145;176;192
3540.0;70;150;175;145;177;192
3546.0;70;149;175;144;177;194
3552.0;69;150;175;144;177;194
3558.0;68;151;175;144;177;194
3564.0;68;151;176;145;176;193
3570.0;68;151;176;145;176;193
3576.0;68;150;177;144;177;193
3582.0;68;150;177;145;176;193
3588.0;69;150;177;144;177;192
3594.0;70;149;177;144;177;192
3600.0;71;149;177;144;177;191
3606.0;71;148;177;144;178;191
3612.0;72;145;177;146;177;192
3618.0;70;148;178;145;177;191
3624.0;70;150;177;146;176;190
3630.0;71;149;176;147;176;190
3636.0;73;148;176;146;175;191
3642.0;73;149;175;148;173;191
3648.0;73;150;175;148;173;190
3654.0;73;151;175;148;173;189
3660.0;75;151;174;145;174;190
3666.0;75;151;174;147;173;189
3672.0;74;152;175;147;173;188
3678.0;74;151;174;150;172;188
3684.0;73;152;175;149;172;188
3690.0;74;153;175;148;171;188
3696.0;74;152;175;148;171;189
3702.0;75;151;175;147;172;189
3708.0;75;151;175;146;174;188
3714.0;75;151;174;145;175;189
3720.0;74;151;174;144;177;189
3726.0;75;151;174;143;177;189
3732.0;75;152;174;144;176;188
3738.0;75;152;174;144;174;190
3744.0;75;152;173;146;173;190
3750.0;75;151;173;146;173;191
3756.0;75;150;173;147;173;191
3762.0;74;150;172;148;174;191
3768.0;73;151;173;148;174;190
3774.0;73;151;173;148;174;190
3780.0;73;151;173;148;174;190
3786.0;73;151;173;147;174;191
3792.0;73;151;173;147;174;191
3798.0;73;151;173;147;174;191
3804.0;74;150;174;150;172;189
3810.0;75;150;174;149;172;189
3816.0;77;146;173;149;172;192
3822.0;76;145;174;147;174;193
3828.0;78;145;174;147;173;192
3834.0;78;144;174;146;174;193
3840.0;78;142;174;147;175;193
3846.0;78;141;176;147;174;193
3852.0;80;141;174;147;174;193
3858.0;81;140;173;148;174;193
3864.0;81;139;173;148;174;194
3870.0;82;139;173;148;174;193
3876.0;81;139;171;148;176;194
3882.0;82;140;171;147;175;194
3888.0;80;142;172;146;175;194
3894.0;81;141;173;145;176;193
3900.0;82;141;174;144;176;192
3906.0;82;139;176;145;176;191
3912.0;81;140;176;146;175;191
3918.0;81;140;176;146;175;191
3924.0;82;140;178;146;175;188
3930.0;82;140;178;146;175;188
3936.0;83;139;178;146;174;189
3942.0;83;139;178;146;174;189
3948.0;82;140;178;144;175;190
3954.0;81;140;178;144;175;191
3960.0;81;140;177;144;175;192
3966.0;81;139;176;145;176;192
3972.0;81;139;176;145;176;192
3978.0;81;139;175;146;175;193
3984.0;80;140;174;147;175;193
3990.0;80;140;174;147;176;192
3996.0;80;141;174;147;174;193
4002.0;80;141;175;148;173;192
4008.0;79;142;176;147;173;192
4014.0;78;143;176;145;174;193
4020.0;78;143;176;145;174;193
4026.0;77;143;177;145;174;193
4032.0;76;142;177;146;175;193
4038.0;76;142;177;145;176;193
4044.0;75;142;177;146;176;193
4050.0;76;141;176;146;176;194
4056.0;75;141;177;146;176;194
4062.0;76;139;179;145;176;194
4068.0;75;139;180;144;177;194
4074.0;75;139;180;144;177;194
4080.0;76;139;179;144;177;194
4086.0;76;139;178;145;177;194
4092.0;77;136;177;146;179;194
4098.0;77;136;178;146;179;193
4104.0;78;134;178;147;179;193
4110.0;79;134;177;148;178;193
4116.0;78;135;176;150;177;193
4122.0;78;135;176;149;177;194
4128.0;79;135;175;148;177;195
4134.0;79;135;175;148;177;195
4140.0;78;135;177;147;176;196
4146.0;77;136;177;147;177;195
4152.0;77;137;178;146;177;194
4158.0;77;137;178;146;177;194
4164.0;77;137;178;146;177;194
4170.0;77;136;179;147;176;194
4176.0;77;136;178;149;176;193
4182.0;78;136;176;149;177;193
4188.0;78;136;176;149;177;193
4194.0;80;135;177;149;175;193
4200.0;80;135;176;150;175;193
4206.0;81;136;176;149;174;193
4212.0;81;137;175;149;174;193
4218.0;84;135;173;151;173;193
4224.0;84;134;173;151;174;193
4230.0;82;134;172;152;176;193
4236.0;83;134;173;152;175;192
4242.0;83;134;174;151;175;192
4248.0;83;133;175;150;175;193
4254.0;82;132;176;150;176;193
4260.0;81;132;176;151;177;192
4266.0;82;132;176;149;178;192
4272.0;81;132;177;148;179;192
4278.0;80;131;175;151;179;193
4284.0;81;132;173;152;180;191
4290.0;80;132;173;151;180;193
4296.0;78;132;171;151;180;197
4302.0;78;132;171;152;179;197
4308.0;78;133;171;153;179;195
4314.0;78;133;170;153;179;196
4320.0;79;133;168;154;181;194
4326.0;80;132;167;154;181;195
4332.0;82;132;166;154;180;195
4338.0;83;131;167;153;181;194
4344.0;84;133;164;151;182;195
4350.0;84;133;163;150;183;196
4356.0;84;133;162;150;184;196
4362.0;84;133;163;149;184;196
4368.0;82;132;163;148;187;197
4374.0;82;132;163;148;187;197
4380.0;82;133;163;147;187;197
4386.0;83;133;163;147;186;197
4392.0;84;132;163;147;186;197
4398.0;83;134;162;147;186;197
4404.0;82;134;162;147;187;197
4410.0;82;134;164;145;188;196
4416.0;82;134;163;146;188;196
4422.0;80;134;164;147;188;196
4428.0;80;134;164;146;188;197
4434.0;80;134;164;147;187;197
4440.0;80;133;164;146;189;197
4446.0;80;135;163;145;187;199
4452.0;80;135;163;145;187;199
4458.0;80;137;164;146;184;198
4464.0;81;138;165;145;182;198
4470.0;81;138;165;146;181;198
4476.0;81;138;165;145;182;198
4482.0;80;140;164;145;182;198
4488.0;81;140;164;145;181;198
4494.0;81;140;164;145;182;197
4500.0;80;139;165;145;183;197
4506.0;78;139;165;146;183;198
4512.0;78;140;165;144;184;198
4518.0;78;139;166;144;184;198
4524.0;80;140;165;143;183;198
4530.0;80;139;166;143;183;198
4536.0;81;139;166;143;182;198
4542.0;82;138;167;143;181;198
4548.0;83;137;167;143;181;198
4554.0;83;137;167;143;181;198
4560.0;82;137;167;143;182;198
4566.0;82;137;167;144;181;198
4572.0;82;138;166;144;180;199
4578.0;84;137;166;144;180;198
4584.0;84;138;167;144;179;197
4590.0;84;138;168;145;177;197
4596.0;85;138;168;145;176;197
4602.0;85;138;168;146;176;196
4608.0;85;137;170;147;175;195
4614.0;85;137;170;147;175;195
4620.0;84;137;170;147;175;196
4626.0;84;136;169;149;175;196
4632.0;85;137;168;148;174;197
4638.0;86;135;168;149;174;197
4644.0;86;136;167;148;175;197
4650.0;86;136;167;148;175;197
4656.0;86;137;168;148;173;197
4662.0;86;137;168;148;172;198
4668.0;88;135;167;148;171;200
4674.0;87;135;167;149;171;200
4680.0;88;134;167;150;170;200
4686.0;87;135;168;148;171;200
4692.0;88;133;168;147;172;201
4698.0;89;132;168;147;170;203
4704.0;89;133;168;147;169;203
4710.0;90;133;169;147;168;202
4716.0;94;133;167;145;167;203
4722.0;94;133;167;146;165;204
4728.0;93;133;167;145;164;207
4734.0;93;133;167;145;163;208
4740.0;92;134;167;146;163;207
4746.0;91;135;167;146;163;207
4752.0;91;136;167;146;163;206
4758.0;93;136;166;147;164;203
4764.0;93;136;166;147;164;203
4770.0;93;137;166;145;165;203
4776.0;94;137;166;145;165;202
4782.0;95;137;167;145;162;203
4788.0;94;137;167;146;162;203
4794.0;94;137;167;147;162;202
4800.0;96;135;167;147;162;202
4806.0;96;135;167;147;162;202
4812.0;97;135;168;147;160;202
4818.0;97;136;167;146;161;202
4824.0;95;137;167;146;162;202
4830.0;96;137;168;145;162;201
4836.0;97;136;167;145;162;202
4842.0;96;136;168;145;161;203
4848.0;96;135;169;145;161;203
4854.0;95;136;169;146;161;202
4860.0;94;136;169;146;161;203
4866.0;94;136;170;146;161;202
4872.0;94;138;170;144;161;202
4878.0;94;138;170;144;161;202
4884.0;95;137;171;144;162;200
4890.0;95;137;171;144;162;200
4896.0;93;137;172;144;162;201
4902.0;93;137;171;144;163;201
4908.0;93;137;171;143;163;202
4914.0;93;137;171;143;163;202
4920.0;93;137;172;143;163;201
4926.0;92;136;174;143;164;200
4932.0;93;134;173;144;164;201
4938.0;93;134;172;144;163;203
4944.0;92;135;172;143;163;204
4950.0;93;136;172;140;164;204
4956.0;93;136;173;140;162;205
4962.0;93;136;172;140;162;206
4968.0;94;135;172;140;162;206
4974.0;94;135;172;140;162;206
4980.0;95;134;173;141;161;205
4986.0;95;135;173;141;160;205
4992.0;96;134;173;141;160;205
4998.0;96;136;171;139;161;206
5004.0;96;136;171;139;161;206
5010.0;96;135;169;141;161;207
5016.0;95;135;169;142;161;207
5022.0;94;135;170;142;162;206
5028.0;94;133;172;142;162;206
5034.0;94;133;173;141;162;206
5040.0;93;133;173;140;163;207
5046.0;92;133;173;140;163;208
5052.0;90;133;174;141;164;207
5058.0;91;133;174;140;164;207
5064.0;91;133;174;141;164;206
5070.0;92;133;173;141;164;206
5076.0;93;133;172;141;164;206
5082.0;94;132;172;141;164;206
5088.0;95;130;174;141;163;206
5094.0;95;132;175;140;162;205
5100.0;95;131;175;140;163;205
5106.0;95;131;175;140;163;205
5112.0;95;131;176;139;163;205
5118.0;94;132;175;140;163;205
5124.0;93;132;175;141;164;204
5130.0;94;131;174;141;165;204
5136.0;95;131;174;140;165;204
5142.0;95;131;174;141;165;203
5148.0;95;130;174;142;165;203
5154.0;96;130;173;142;165;203
5160.0;96;130;173;142;165;203
5166.0;97;129;173;142;165;203
5172.0;97;131;173;142;165;201
5178.0;97;132;173;141;165;201
5184.0;98;130;173;142;165;201
5190.0;98;130;173;142;166;200
5196.0;98;132;172;142;166;199
5202.0;97;132;172;141;166;201
5208.0;97;133;172;139;167;201
5214.0;96;134;171;139;167;202
5220.0;99;135;171;137;166;201
5226.0;99;135;172;137;166;200
5232.0;101;135;172;135;166;200
5238.0;102;134;172;135;166;200
5244.0;102;135;173;134;165;200
5250.0;102;134;175;134;165;199
5256.0;100;135;176;134;167;197
5262.0;100;136;176;134;166;197
5268.0;101;136;175;134;166;197
5274.0;102;138;173;134;166;196
5280.0;101;139;173;134;166;196
5286.0;101;139;173;135;166;195
5292.0;102;137;173;135;166;196
5298.0;101;137;173;136;167;195
5304.0;101;136;173;137;167;195
5310.0;103;134;172;136;169;195
5316.0;103;134;172;136;169;195
5322.0;103;134;171;136;170;195
5328.0;102;133;171;136;170;197
5334.0;102;133;171;138;169;196
5340.0;103;133;171;137;169;196
5346.0;102;135;171;137;169;195
5352.0;103;134;171;137;169;195
5358.0;102;134;171;137;170;195
5364.0;101;134;172;138;169;195
5370.0;98;136;172;137;170;196
5376.0;98;136;172;138;169;196
5382.0;99;136;172;138;168;196
5388.0;99;137;171;137;169;196
5394.0;100;136;170;137;170;196
5400.0;100;134;169;138;172;196
5406.0;100;134;169;138;172;196
5412.0;99;134;168;138;173;197
5418.0;98;134;167;138;174;198
5424.0;97;134;168;138;173;199
5430.0;97;133;168;139;174;198
5436.0;98;133;168;139;174;197
5442.0;97;133;170;139;176;194
5448.0;97;133;169;141;176;193
5454.0;97;134;168;140;175;195
5460.0;96;134;168;139;175;197
5466.0;95;134;168;140;175;197
5472.0;95;134;168;140;175;197
5478.0;93;134;170;139;175;198
5484.0;91;135;170;140;174;199
5490.0;91;136;170;140;173;199
5496.0;92;134;170;141;173;199
5502.0;91;134;170;141;173;200
5508.0;91;134;170;141;174;199
5514.0;91;134;170;142;173;199
5520.0;89;133;171;144;172;200
5526.0;90;134;171;144;170;200
5532.0;89;134;170;145;171;200
5538.0;89;134;170;145;171;200
5544.0;88;134;169;146;171;201
5550.0;87;134;169;146;170;203
5556.0;87;134;169;147;170;202
5562.0;87;134;167;147;170;204
5568.0;87;133;168;147;170;204
5574.0;87;133;168;147;170;204
5580.0;87;134;169;146;170;203
5586.0;87;135;168;146;170;203
5592.0;88;135;169;144;170;203
5598.0;88;136;169;143;171;202
5604.0;87;137;169;143;171;202
5610.0;86;137;170;142;173;201
5616.0;87;136;170;142;172;202
5622.0;88;137;169;140;172;203
5628.0;87;137;171;138;172;204
5634.0;87;137;171;138;173;203
5640.0;86;138;171;138;172;204
5646.0;86;139;170;138;172;204
5652.0;88;139;169;137;172;204
5658.0;89;140;168;137;171;204
5664.0;90;140;168;138;170;203
5670.0;90;140;168;138;170;203
5676.0;90;139;167;139;171;203
5682.0;90;138;167;140;171;203
5688.0;90;139;168;141;169;202
5694.0;90;138;169;140;169;203
5700.0;90;138;169;139;169;204
5706.0;90;136;170;142;168;203
5712.0;90;136;170;142;169;202
5718.0;89;136;171;141;170;202
5724.0;88;136;172;141;171;201
5730.0;88;136;172;141;171;201
5736.0;88;136;172;141;170;202
5742.0;87;136;173;141;170;202
5748.0;86;138;173;140;170;202
5754.0;86;139;173;140;169;202
5760.0;86;139;173;140;168;203
5766.0;86;139;173;140;168;203
5772.0;88;138;171;140;169;203
5778.0;88;139;172;139;169;202
5784.0;88;139;172;138;169;203
5790.0;88;142;172;135;169;203
5796.0;87;141;173;137;169;202
5802.0;89;141;172;136;169;202
5808.0;89;141;171;136;170;202
5814.0;90;141;171;135;170;202
5820.0;91;139;172;133;171;203
5826.0;91;139;172;133;171;203
5832.0;91;139;172;133;172;202
5838.0;90;139;170;133;174;203
5844.0;92;137;172;132;174;202
5850.0;92;137;173;131;175;201
5856.0;92;137;173;132;174;201
5862.0;91;138;172;132;173;203
5868.0;91;138;171;134;174;201
5874.0;91;137;172;133;174;202
5880.0;91;136;172;134;174;202
5886.0;91;135;172;135;174;202
5892.0;91;135;173;134;174;202
5898.0;91;135;174;133;174;202
5904.0;92;134;175;133;174;201
5910.0;91;138;175;131;173;201
5916.0;91;137;176;131;172;202
5922.0;91;137;176;132;171;202
5928.0;92;137;176;133;169;202
5934.0;93;137;175;133;169;202
5940.0;93;136;175;133;169;203
5946.0;94;136;175;133;169;202
5952.0;94;135;175;134;169;202
5958.0;95;135;176;133;169;201
5964.0;95;134;177;132;169;202
5970.0;95;135;176;132;170;201
5976.0;95;136;176;131;170;201
5982.0;92;136;177;132;172;200
5988.0;92;135;178;132;172;200
5994.0;91;135;179;132;171;201
6000.0;88;135;179;133;174;200
6006.0;89;135;179;133;173;200
6012.0;89;135;180;132;173;200
6018.0;89;135;180;132;173;200
6024.0;90;134;180;133;172;200
6030.0;89;135;180;133;172;200
6036.0;89;134;182;132;171;201
6042.0;89;135;182;131;171;201
6048.0;88;135;182;132;172;200
6054.0;87;134;183;132;171;202
6060.0;86;136;184;130;171;202
6066.0;86;135;184;130;172;202
6072.0;86;134;184;129;173;203
6078.0;85;133;184;129;174;204
6084.0;85;133;184;129;173;205
6090.0;84;135;185;129;171;205
6096.0;85;135;188;126;170;205
6102.0;84;136;187;127;170;205
6108.0;84;135;187;126;171;206
6114.0;82;134;188;127;172;206
6120.0;82;134;188;127;171;207
6126.0;82;133;188;127;173;206
6132.0;82;133;187;129;173;205
6138.0;82;133;187;128;174;205
6144.0;82;132;187;128;174;206
6150.0;82;133;187;128;173;206
6156.0;82;134;187;126;173;207
6162.0;84;131;187;127;173;207
6168.0;84;131;187;125;173;209
6174.0;84;131;188;126;173;207
6180.0;86;130;187;126;173;207
6186.0;86;130;186;126;173;208
6192.0;86;132;185;125;172;209
6198.0;85;132;185;125;173;209
6204.0;86;131;185;126;173;208
6210.0;86;131;186;125;173;208
6216.0;88;129;186;124;174;208
6222.0;89;128;186;125;173;208
6228.0;90;126;189;124;173;207
6234.0;91;127;192;120;173;206
6240.0;89;127;193;120;173;207
6246.0;88;127;193;120;174;207
6252.0;89;126;192;119;177;206
6258.0;89;125;193;120;177;205
6264.0;87;126;193;120;177;206
6270.0;87;126;193;120;178;205
6276.0;87;125;194;119;181;203
6282.0;87;125;192;120;181;204
6288.0;87;125;192;121;180;204
6294.0;87;127;191;119;180;205
6300.0;88;126;191;119;180;205
6306.0;88;125;191;119;180;206
6312.0;87;125;190;120;181;206
6318.0;86;125;190;120;181;207
6324.0;87;124;189;120;183;206
6330.0;87;125;189;120;182;206
6336.0;88;126;188;120;181;206
6342.0;90;125;187;120;180;207
6348.0;92;124;186;120;180;207
6354.0;91;125;186;118;181;208
6360.0;92;125;185;118;180;209
6366.0;91;124;186;119;180;209
6372.0;92;124;186;119;180;208
6378.0;91;124;187;119;180;208
6384.0;91;125;187;118;180;208
6390.0;92;125;187;118;180;207
6396.0;95;124;187;118;180;205
6402.0;95;123;187;117;182;205
6408.0;95;123;188;116;182;205
6414.0;95;126;187;116;181;204
6420.0;95;125;186;118;182;203
6426.0;96;123;187;118;181;204
6432.0;95;124;187;118;181;204
6438.0;96;124;187;118;179;205
6444.0;97;124;186;119;179;204
6450.0;96;124;187;121;178;203
6456.0;95;123;187;122;179;203
6462.0;95;122;187;123;179;203
6468.0;95;121;187;124;179;203
6474.0;95;122;186;125;179;202
6480.0;95;122;186;125;179;202
6486.0;94;122;185;125;179;204
6492.0;94;125;183;123;180;204
6498.0;95;125;183;122;180;204
6504.0;95;125;182;122;181;204
6510.0;94;125;182;122;181;205
6516.0;94;124;181;122;182;206
6522.0;94;123;181;122;182;207
6528.0;93;123;181;122;183;207
6534.0;93;124;181;122;181;208
6540.0;95;124;180;122;181;207
6546.0;95;125;179;123;180;207
6552.0;95;125;180;123;180;206
6558.0;96;125;180;123;181;204
6564.0;95;125;180;123;180;206
6570.0;95;125;180;123;180;206
6576.0;94;127;180;123;180;205
6582.0;95;128;180;123;180;203
6588.0;94;127;180;124;180;204
6594.0;94;127;180;126;180;202
6600.0;94;127;180;125;181;202
6606.0;94;126;180;125;182;202
6612.0;94;126;181;125;182;201
6618.0;94;126;181;125;182;201
6624.0;95;126;180;125;182;201
6630.0;95;126;180;124;183;201
6636.0;93;126;181;124;183;202
6642.0;93;126;181;124;183;202
6648.0;93;125;182;123;183;203
6654.0;93;125;182;123;183;203
6660.0;92;125;182;125;182;203
6666.0;91;125;181;126;183;203
6672.0;91;125;180;126;183;204
6678.0;90;124;180;126;183;206
6684.0;90;124;180;126;183;206
6690.0;89;124;181;126;184;205
6696.0;88;124;182;127;183;205
6702.0;90;124;182;127;182;204
6708.0;90;124;182;126;183;204
6714.0;91;124;181;126;182;205
6720.0;91;123;181;126;184;204
6726.0;92;122;182;126;183;204
6732.0;92;122;182;127;182;204
6738.0;92;122;182;127;182;204
6744.0;92;123;182;127;181;204
6750.0;92;123;182;126;182;204
6756.0;92;126;181;126;182;202
6762.0;92;126;181;126;183;201
6768.0;91;126;181;126;183;202
6774.0;91;125;180;126;185;202
6780.0;91;125;180;127;184;202
6786.0;94;123;180;127;184;201
6792.0;95;122;180;127;183;202
6798.0;95;122;180;127;183;202
6804.0;95;121;180;126;185;202
6810.0;95;121;180;125;186;202
6816.0;94;121;181;124;185;204
6822.0;94;121;181;125;185;203
6828.0;95;120;181;124;185;204
6834.0;95;120;181;123;185;205
6840.0;95;119;179;123;187;206
6846.0;96;118;179;124;187;205
6852.0;97;118;179;124;187;204
6858.0;96;117;180;123;188;205
6864.0;96;116;180;124;188;205
6870.0;96;116;180;124;188;205
6876.0;96;116;181;123;188;205
6882.0;96;116;181;122;187;207
6888.0;95;116;181;122;187;208
6894.0;95;117;182;122;185;208
6900.0;96;117;182;123;183;208
6906.0;97;118;180;123;183;208
6912.0;97;119;180;123;183;207
6918.0;100;119;180;122;183;205
6924.0;99;120;180;122;183;205
6930.0;99;119;180;122;184;205
6936.0;99;118;181;121;184;206
6942.0;99;121;180;121;183;205
6948.0;98;122;181;121;182;205
6954.0;97;122;181;121;182;206
6960.0;96;122;182;122;182;205
6966.0;96;121;181;123;183;205
6972.0;95;123;181;123;182;205
6978.0;96;123;180;123;182;205
6984.0;97;122;180;123;181;206
6990.0;98;124;179;124;178;206
6996.0;96;125;179;124;178;207
7002.0;97;126;179;124;176;207
7008.0;96;127;177;124;177;208
7014.0;94;128;177;125;176;209
7020.0;94;129;177;126;174;209
7026.0;95;129;176;127;173;209
7032.0;95;129;176;128;172;209
7038.0;96;126;177;128;172;210
7044.0;97;126;177;127;172;210
7050.0;95;127;178;127;172;210
7056.0;96;126;177;127;172;211
7062.0;96;125;177;127;172;212
7068.0;96;124;177;127;173;212
7074.0;96;125;177;127;172;212
7080.0;96;125;176;126;172;214
7086.0;98;126;174;125;172;214
7092.0;98;127;174;125;172;213
7098.0;97;128;175;124;171;214
7104.0;97;128;175;123;172;214
7110.0;96;127;176;123;172;215
7116.0;97;126;176;123;173;214
7122.0;95;125;176;123;176;214
7128.0;94;126;176;123;176;214
7134.0;94;127;175;123;175;215
7140.0;95;127;176;123;174;214
7146.0;95;127;176;123;175;213
7152.0;96;128;174;123;174;214
7158.0;95;129;173;123;175;214
7164.0;97;130;173;122;173;214
7170.0;96;130;174;122;173;214
7176.0;96;129;174;121;174;215
7182.0;97;128;173;122;174;215
7188.0;95;128;173;122;173;218
7194.0;95;127;175;122;173;217
7200.0;95;127;175;122;173;217
7206.0;95;127;175;121;173;218
7212.0;94;128;175;123;172;217
7218.0;94;128;174;125;172;216
7224.0;94;129;172;125;173;216
7230.0;95;128;171;124;176;215
7236.0;96;128;171;124;176;214
7242.0;97;128;171;122;177;214
7248.0;96;128;171;122;177;215
7254.0;96;126;172;122;178;215
7260.0;97;126;173;122;177;214
7266.0;98;126;173;121;177;214
7272.0;97;127;174;120;177;214
7278.0;97;127;174;120;177;214
7284.0;97;128;173;120;177;214
7290.0;97;128;174;119;176;215
7296.0;96;128;176;119;175;215
7302.0;96;128;176;120;175;214
7308.0;97;127;177;120;174;214
7314.0;97;128;177;120;173;214
7320.0;99;127;178;120;173;212
7326.0;98;127;178;121;173;212
7332.0;99;127;179;121;171;212
7338.0;99;127;180;121;171;211
7344.0;98;128;179;121;172;211
7350.0;98;130;180;119;172;210
7356.0;100;130;180;119;172;208
7362.0;100;129;180;120;172;208
7368.0;100;129;180;120;172;208
7374.0;100;127;181;121;172;208
7380.0;97;129;182;120;173;208
7386.0;97;128;180;122;173;209
7392.0;97;128;180;122;172;210
7398.0;97;128;180;122;172;210
7404.0;97;128;180;122;172;210
7410.0;96;128;180;122;173;210
7416.0;95;127;182;122;173;210
7422.0;95;127;182;123;172;210
7428.0;94;128;182;122;172;211
7434.0;94;128;183;122;172;210
7440.0;94;126;184;121;175;209
7446.0;94;125;184;121;176;209
7452.0;94;126;184;121;175;209
7458.0;94;127;183;122;175;208
7464.0;94;127;183;122;175;208
7470.0;94;127;183;122;175;208
7476.0;93;129;183;122;175;207
7482.0;93;129;182;122;176;207
7488.0;93;129;183;121;176;207
7494.0;93;129;183;121;176;207
7500.0;93;128;180;122;177;209
7506.0;93;128;180;122;178;208
7512.0;94;128;180;122;177;208
7518.0;95;126;182;120;178;208
7524.0;96;126;181;120;179;207
7530.0;97;126;181;120;178;207
7536.0;98;126;180;120;177;208
7542.0;97;125;180;120;177;210
7548.0;97;125;180;121;177;209
7554.0;96;124;181;123;177;208
7560.0;96;124;182;123;176;208
7566.0;96;125;184;122;174;208
7572.0;96;125;184;122;174;208
7578.0;95;126;185;122;174;207
7584.0;93;126;187;122;174;207
7590.0;93;125;187;123;174;207
7596.0;93;125;186;123;174;208
7602.0;95;125;184;123;174;208
7608.0;94;127;185;123;174;206
7614.0;97;128;183;123;173;205
7620.0;98;130;182;123;173;203
7626.0;100;130;182;123;173;201
7632.0;101;130;182;123;173;200
7638.0;101;129;182;124;173;200
7644.0;102;130;181;124;175;197
7650.0;100;131;181;126;175;196
7656.0;100;132;181;125;174;197
7662.0;100;132;181;125;173;198
7668.0;100;129;182;126;174;198
7674.0;101;129;183;125;173;198
7680.0;100;130;182;126;173;198
7686.0;101;130;182;125;175;196
7692.0;101;130;182;127;173;196
7698.0;101;130;184;126;172;196
7704.0;99;130;185;127;172;196
7710.0;99;130;185;126;172;197
7716.0;99;130;185;126;171;198
7722.0;99;132;185;125;171;197
7728.0;100;132;184;124;171;198
7734.0;100;132;184;124;171;198
7740.0;100;132;184;123;171;199
7746.0;101;132;185;122;171;198
7752.0;100;131;185;125;170;198
7758.0;100;131;185;125;170;198
7764.0;100;131;185;125;170;198
7770.0;100;133;184;125;170;197
7776.0;100;132;184;125;171;197
7782.0;99;133;184;125;171;197
7788.0;100;133;185;125;169;197
7794.0;98;134;185;125;169;198
7800.0;98;134;185;125;169;198
7806.0;96;136;185;125;169;198
7812.0;96;136;185;125;169;198
7818.0;95;135;186;125;169;199
7824.0;95;134;187;125;171;197
7830.0;95;135;187;125;170;197
7836.0;94;134;187;126;171;197
7842.0;94;134;187;126;171;197
7848.0;93;134;187;126;172;197
7854.0;93;136;187;126;170;197
7860.0;92;136;187;125;172;197
7866.0;93;135;188;126;173;194
7872.0;92;135;188;125;176;193
7878.0;92;135;188;125;176;193
7884.0;91;136;188;125;176;193
7890.0;92;136;188;125;177;191
7896.0;92;136;188;125;177;191
7902.0;91;136;188;126;177;191
7908.0;92;136;188;125;177;191
7914.0;93;137;189;124;175;191
7920.0;94;136;187;124;177;191
7926.0;94;137;186;124;176;192
7932.0;94;138;187;123;175;192
7938.0;93;138;188;123;175;192
7944.0;93;138;188;124;174;192
7950.0;93;138;188;124;174;192
7956.0;92;138;189;124;174;192
7962.0;90;138;190;125;174;192
7968.0;90;139;188;125;172;195
7974.0;90;139;188;124;172;196
7980.0;89;141;188;123;172;196
7986.0;90;140;187;123;174;195
7992.0;91;140;187;123;174;194
7998.0;92;140;188;122;173;194
8004.0;92;140;187;123;173;194
8010.0;92;140;187;123;173;194
8016.0;92;141;188;122;173;193
8022.0;92;142;189;120;173;193
8028.0;91;143;187;121;174;193
8034.0;90;141;187;122;177;192
8040.0;90;141;187;122;177;192
8046.0;91;140;186;122;176;194
8052.0;90;139;185;122;179;194
8058.0;91;139;183;122;179;195
8064.0;89;139;183;122;179;197
8070.0;88;139;183;123;179;197
8076.0;89;138;183;123;179;197
8082.0;90;138;182;123;179;197
8088.0;91;137;181;124;179;197
8094.0;92;137;181;125;178;196
8100.0;92;137;181;126;178;195
8106.0;94;136;183;124;177;195
8112.0;93;137;183;124;177;195
8118.0;93;137;183;124;177;195
8124.0;92;135;183;124;181;194
8130.0;92;135;183;124;181;194
8136.0;92;135;183;123;180;196
8142.0;93;134;183;123;181;195
8148.0;93;134;183;123;181;195
8154.0;95;131;183;123;181;196
8160.0;95;131;183;123;181;196
8166.0;96;130;183;122;181;197
8172.0;95;131;183;123;180;197
8178.0;95;131;182;124;180;197
8184.0;94;131;182;124;180;198
8190.0;93;132;183;124;180;197
8196.0;92;132;184;125;178;198
8202.0;92;133;184;125;176;199
8208.0;91;133;185;125;176;199
8214.0;90;133;186;125;176;199
8220.0;90;133;187;124;176;199
8226.0;91;134;185;124;176;199
8232.0;92;133;185;124;176;199
8238.0;92;135;184;124;176;198
8244.0;92;134;184;123;176;200
8250.0;92;134;185;123;176;199
8256.0;93;133;185;122;176;200
8262.0;93;133;186;123;174;200
8268.0;93;132;186;122;175;201
8274.0;93;133;186;121;174;202
8280.0;94;133;185;121;174;202
8286.0;96;134;186;120;172;201
8292.0;96;135;183;121;173;201
8298.0;96;135;183;121;173;201
8304.0;96;136;184;121;171;201
8310.0;96;136;185;121;171;200
8316.0;96;136;185;121;170;201
8322.0;96;136;185;121;169;202
8328.0;94;135;186;121;170;203
8334.0;93;136;186;122;170;202
8340.0;94;134;186;122;171;202
8346.0;94;134;185;123;171;202
8352.0;94;133;185;123;172;202
8358.0;93;133;185;122;173;203
8364.0;93;132;187;121;174;202
8370.0;95;132;187;121;174;200
8376.0;95;132;187;122;173;200
8382.0;95;134;186;122;173;199
8388.0;96;134;186;122;172;199
8394.0;99;133;185;122;171;199
8400.0;99;133;186;122;171;198
8406.0;98;133;186;122;172;198
8412.0;98;134;186;122;172;197
8418.0;97;134;186;122;173;197
8424.0;97;134;185;123;173;197
8430.0;98;134;183;123;175;196
8436.0;98;133;184;123;175;196
8442.0;100;133;184;123;173;196
8448.0;99;134;184;124;173;195
8454.0;97;134;185;124;174;195
8460.0;97;136;185;123;174;194
8466.0;97;137;185;123;173;194
8472.0;96;137;185;124;173;194
8478.0;97;136;186;124;173;193
8484.0;97;137;186;123;173;193
8490.0;97;137;186;123;173;193
8496.0;97;137;185;123;173;194
8502.0;97;138;184;124;173;193
8508.0;97;138;184;124;173;193
8514.0;97;138;183;124;174;193
8520.0;97;139;183;123;174;193
8526.0;98;138;182;123;175;193
8532.0;98;138;182;123;174;194
8538.0;98;137;182;122;176;194
8544.0;97;137;182;123;176;194
8550.0;99;136;184;122;174;194
8556.0;98;137;184;123;173;194
8562.0;98;137;184;123;173;194
8568.0;97;137;183;123;174;195
8574.0;96;138;186;122;172;195
8580.0;95;137;185;124;173;195
8586.0;94;138;186;123;173;195
8592.0;94;138;186;123;173;195
8598.0;95;138;185;123;174;194
8604.0;96;137;185;123;174;194
8610.0;96;136;186;124;174;193
8616.0;95;136;186;125;174;193
8622.0;94;136;186;125;175;193
8628.0;94;135;185;126;175;194
8634.0;94;135;187;126;175;192
8640.0;95;135;187;125;175;192
8646.0;95;134;187;126;175;192
8652.0;94;135;187;126;176;191
8658.0;95;135;186;125;177;191
8664.0;93;135;185;125;180;191
8670.0;93;136;184;124;181;191
8676.0;94;136;184;123;181;191
8682.0;95;137;184;122;180;191
8688.0;95;138;184;121;180;191
8694.0;95;139;183;122;180;190
8700.0;94;139;184;122;180;190
8706.0;94;139;184;122;180;190
8712.0;94;139;184;122;180;190
8718.0;93;139;184;122;180;191
8724.0;92;139;185;121;181;191
8730.0;92;137;186;121;181;192
8736.0;91;138;185;121;181;193
8742.0;91;137;184;121;183;193
8748.0;91;137;183;120;183;195
8754.0;91;137;183;120;183;195
8760.0;92;136;182;120;183;196
8766.0;92;136;184;120;182;195
8772.0;93;136;184;121;182;193
8778.0;91;138;183;121;182;194
8784.0;91;138;183;120;183;194
8790.0;92;138;182;120;183;194
8796.0;93;139;183;119;182;193
8802.0;92;140;183;120;182;192
8808.0;93;140;182;120;182;192
8814.0;93;140;182;120;182;192
8820.0;94;140;183;118;181;193
8826.0;94;140;183;117;183;192
8832.0;94;139;182;119;185;190
8838.0;93;139;183;119;184;191
8844.0;93;139;183;118;184;192
8850.0;93;138;183;119;185;191
8856.0;93;137;183;121;185;190
8862.0;93;136;184;122;185;189
8868.0;93;136;184;122;186;188
8874.0;93;136;184;122;186;188
8880.0;94;135;183;123;186;188
8886.0;94;134;183;124;186;188
8892.0;94;133;184;124;186;188
8898.0;94;133;185;125;185;187
8904.0;93;133;186;125;184;188
8910.0;94;133;186;125;183;188
8916.0;94;132;186;125;183;189
8922.0;93;134;185;124;184;189
8928.0;94;133;185;124;183;190
8934.0;93;133;185;124;183;191
8940.0;93;133;184;124;184;191
8946.0;95;132;184;125;182;191
8952.0;96;133;183;125;181;191
8958.0;96;132;183;126;181;191
8964.0;97;131;183;124;182;192
8970.0;97;132;183;123;181;193
8976.0;98;132;184;122;180;193
8982.0;98;132;184;122;179;194
8988.0;97;132;185;122;179;194
8994.0;98;131;184;122;180;194
9000.0;98;131;184;121;178;197
9006.0;98;132;185;121;177;196
9012.0;97;132;185;121;177;197
9018.0;97;132;186;121;176;197
9024.0;95;132;187;121;176;198
9030.0;94;131;188;123;175;198
9036.0;94;131;188;124;174;198
9042.0;96;129;186;125;174;199
9048.0;95;130;186;124;175;199
9054.0;95;129;187;124;175;199
9060.0;95;129;186;125;175;199
9066.0;95;130;185;124;176;199
9072.0;95;130;185;124;176;199
9078.0;95;130;185;123;176;200
9084.0;97;129;184;123;176;200
9090.0;97;130;183;122;177;200
9096.0;96;130;183;122;177;201
9102.0;96;131;182;123;176;201
9108.0;96;130;182;124;176;201
9114.0;98;130;181;124;176;200
9120.0;98;131;182;124;176;198
9126.0;97;132;183;124;176;197
9132.0;94;132;183;124;178;198
9138.0;94;131;184;123;179;198
9144.0;92;132;185;122;179;199
9150.0;92;132;185;122;179;199
9156.0;92;132;185;123;177;200
9162.0;92;132;185;124;176;200
9168.0;92;133;185;124;176;199
9174.0;91;133;185;124;175;201
9180.0;92;134;185;124;174;200
9186.0;92;135;185;123;174;200
9192.0;91;134;185;124;174;201
9198.0;91;134;187;124;173;200
9204.0;91;135;186;124;173;200
9210.0;91;135;186;124;173;200
9216.0;91;135;187;124;173;199
9222.0;91;133;188;124;172;201
9228.0;91;133;188;124;172;201
9234.0;91;133;189;124;172;200
9240.0;91;134;188;126;170;200
9246.0;90;134;189;126;170;200
9252.0;91;133;189;127;169;200
9258.0;91;133;187;129;169;200
9264.0;91;133;186;129;170;200
9270.0;91;132;187;130;170;199
9276.0;90;132;187;131;170;199
9282.0;91;130;187;131;170;200
9288.0;91;132;186;130;170;200
9294.0;89;132;187;130;172;199
9300.0;89;131;187;130;173;199
9306.0;89;131;186;129;173;201
9312.0;91;133;184;130;173;198
9318.0;91;133;184;130;173;198
9324.0;91;133;185;129;173;198
9330.0;91;133;185;129;173;198
9336.0;90;134;186;129;173;197
9342.0;91;134;186;129;172;197
9348.0;90;137;183;130;172;197
9354.0;90;137;183;129;172;198
9360.0;89;137;183;129;173;198
9366.0;90;137;183;129;173;197
9372.0;89;137;182;129;174;198
9378.0;92;137;181;129;173;197
9384.0;92;136;181;128;174;198
9390.0;92;136;181;128;174;198
9396.0;92;136;181;128;172;200
9402.0;92;136;180;129;172;200
9408.0;91;136;180;129;172;201
9414.0;91;136;180;129;172;201
9420.0;91;137;180;129;171;201
9426.0;90;137;181;130;171;200
9432.0;90;136;180;130;171;202
9438.0;90;136;180;129;171;203
9444.0;89;136;181;130;169;204
9450.0;89;136;181;130;169;204
9456.0;88;136;181;130;170;204
9462.0;88;136;181;130;170;204
9468.0;88;137;179;131;170;204
9474.0;87;137;178;131;171;205
9480.0;89;138;178;129;170;205
9486.0;89;137;178;130;170;205
9492.0;90;137;177;131;170;204
9498.0;90;138;177;130;170;204
9504.0;90;139;176;129;171;204
9510.0;91;139;176;130;168;205
9516.0;91;138;176;131;168;205
9522.0;91;138;176;131;168;205
9528.0;91;138;176;131;167;206
9534.0;92;137;176;130;168;206
9540.0;93;137;176;129;168;206
9546.0;93;137;175;130;168;206
9552.0;92;137;175;130;169;206
9558.0;92;136;175;131;169;206
9564.0;91;134;178;131;169;206
9570.0;92;133;179;131;167;207
9576.0;92;131;181;132;165;208
9582.0;92;130;181;132;165;209
9588.0;92;129;181;132;164;211
9594.0;92;129;181;132;164;211
9600.0;92;129;181;132;164;211
9606.0;91;128;181;132;166;211
9612.0;92;128;182;131;166;210
9618.0;93;129;181;130;166;210
9624.0;94;128;181;130;166;210
9630.0;94;128;181;130;167;209
9636.0;94;127;182;131;166;209
9642.0;95;126;183;130;166;209
9648.0;95;127;182;130;164;211
9654.0;96;127;181;131;163;211
9660.0;96;126;183;130;163;211
9666.0;97;126;182;130;163;211
9672.0;95;127;183;131;164;209
9678.0;95;128;183;131;164;208
9684.0;96;128;182;132;163;208
9690.0;95;128;180;134;163;209
9696.0;94;129;180;134;163;209
9702.0;94;130;180;133;163;209
9708.0;94;131;181;133;163;207
9714.0;93;129;182;134;163;208
9720.0;93;129;182;133;163;209
9726.0;93;129;182;132;164;209
9732.0;94;126;182;133;164;210
9738.0;95;125;182;133;165;209
9744.0;95;126;182;133;164;209
9750.0;95;126;182;133;164;209
9756.0;95;126;181;133;164;210
9762.0;97;126;181;133;164;208
9768.0;97;125;181;133;165;208
9774.0;97;125;180;133;165;209
9780.0;97;125;179;134;165;209
9786.0;96;125;178;134;166;210
9792.0;98;125;178;132;166;210
9798.0;98;125;178;132;167;209
9804.0;98;123;179;132;167;210
9810.0;98;123;180;133;167;208
9816.0;97;124;179;134;167;208
9822.0;97;124;180;135;166;207
9828.0;97;124;181;135;166;206
9834.0;95;125;182;134;165;208
9840.0;95;126;182;134;165;207
9846.0;95;127;182;134;164;207
9852.0;95;128;181;134;164;207
9858.0;95;129;181;133;164;207
9864.0;94;128;181;135;164;207
9870.0;95;129;181;134;163;207
9876.0;95;129;181;134;163;207
9882.0;95;132;180;133;165;204
9888.0;93;133;181;133;164;205
9894.0;94;132;181;133;163;206
9900.0;94;131;181;133;163;207
9906.0;93;133;180;133;163;207
9912.0;93;133;180;134;163;206
9918.0;93;133;180;134;163;206
9924.0;92;133;179;136;165;204
9930.0;91;134;179;136;165;204
9936.0;92;132;179;136;166;204
9942.0;92;131;178;136;166;206
9948.0;92;132;178;135;166;206
9954.0;92;130;178;135;167;207
9960.0;93;130;179;134;167;206
9966.0;93;129;180;133;167;207
9972.0;93;130;180;133;167;206
9978.0;93;131;179;133;167;206
9984.0;93;132;178;133;167;206
9990.0;94;131;178;134;167;205
9996.0;94;131;178;133;168;205
10002.0;95;131;177;132;169;205
10008.0;93;131;178;133;169;205
10014.0;94;131;176;133;169;206
10020.0;93;131;176;134;169;206
10026.0;91;131;176;135;170;206
10032.0;90;132;176;135;170;206
10038.0;90;131;175;133;170;210
10044.0;91;131;175;132;171;209
10050.0;89;132;177;132;171;208
10056.0;88;132;177;132;172;208
10062.0;87;132;177;132;173;208
10068.0;87;135;175;133;172;207
10074.0;87;134;174;134;174;206
10080.0;87;135;174;133;174;206
10086.0;87;135;174;133;175;205
10092.0;87;135;174;132;175;206
10098.0;86;135;174;132;175;207
10104.0;86;135;175;132;175;206
10110.0;86;134;175;132;175;207
10116.0;87;134;174;132;174;208
10122.0;87;133;173;133;175;208
10128.0;87;133;174;133;175;207
10134.0;87;132;174;133;175;208
10140.0;86;131;174;135;175;208
10146.0;86;133;174;133;175;208
10152.0;86;132;174;132;176;209
10158.0;85;132;174;132;176;210
10164.0;86;131;174;131;178;209
10170.0;86;129;176;131;179;208
10176.0;86;129;176;131;179;208
10182.0;85;129;177;132;177;209
10188.0;85;129;177;133;177;208
10194.0;84;129;178;133;177;208
10200.0;84;129;178;133;178;207
10206.0;84;128;178;135;177;207
10212.0;84;128;178;136;176;207
10218.0;83;128;179;136;178;205
10224.0;83;127;179;136;178;206
10230.0;83;127;179;136;178;206
10236.0;84;127;179;135;179;205
10242.0;84;126;180;135;180;204
10248.0;85;126;179;134;181;204
10254.0;86;126;179;137;181;200
10260.0;86;125;180;138;180;200
10266.0;85;125;180;138;181;200
10272.0;83;126;181;140;180;199
10278.0;84;125;182;140;180;198
10284.0;84;125;181;140;180;199
10290.0;85;126;180;141;178;199
10296.0;84;126;180;142;179;198
10302.0;84;124;182;140;181;198
10308.0;83;124;183;140;181;198
10314.0;83;124;183;141;180;198
10320.0;84;123;183;140;181;198
10326.0;84;124;183;140;182;196
10332.0;83;124;184;140;182;196
10338.0;83;125;185;139;181;196
10344.0;83;125;185;139;182;195
10350.0;83;124;185;139;182;196
10356.0;83;124;185;138;183;196
10362.0;84;123;185;138;183;196
10368.0;85;124;184;137;184;195
10374.0;85;124;184;137;184;195
10380.0;85;124;184;137;184;195
10386.0;85;124;183;137;186;194
10392.0;85;123;183;137;185;196
10398.0;85;123;183;135;186;197
10404.0;84;123;183;137;186;196
10410.0;85;124;183;137;186;194
10416.0;86;125;182;136;185;195
10422.0;86;125;182;136;185;195
10428.0;86;124;183;135;184;197
10434.0;85;124;183;135;184;198
10440.0;86;124;183;136;184;196
10446.0;87;124;182;136;184;196
10452.0;88;123;182;135;185;196
10458.0;88;123;182;135;185;196
10464.0;88;121;183;136;185;196
10470.0;90;120;181;134;187;197
10476.0;90;120;181;134;188;196
10482.0;90;120;181;133;188;197
10488.0;90;120;180;133;189;197
10494.0;89;120;181;133;189;197
10500.0;88;119;182;133;189;198
10506.0;88;118;184;132;189;198
10512.0;88;118;184;132;189;198
10518.0;87;118;184;132;190;198
10524.0;88;117;184;132;190;198
10530.0;88;117;184;133;190;197
10536.0;86;117;184;135;191;196
10542.0;86;117;185;136;191;194
10548.0;84;117;185;138;192;193
10554.0;83;117;185;139;192;193
10560.0;83;117;185;139;192;193
10566.0;83;117;189;138;191;191
10572.0;83;117;189;138;191;191
10578.0;83;117;189;138;191;191
10584.0;81;117;189;138;190;194
10590.0;81;119;188;138;189;194
10596.0;80;118;188;140;189;194
10602.0;79;118;189;140;189;194
10608.0;79;118;188;141;189;194
10614.0;79;118;188;141;189;194
10620.0;79;118;189;141;189;193
10626.0;78;118;190;141;189;193
10632.0;77;119;191;141;190;191
10638.0;78;119;191;140;190;191
10644.0;78;119;189;142;191;190
10650.0;78;118;189;142;192;190
10656.0;79;119;189;142;190;190
10662.0;80;119;189;143;188;190
10668.0;80;119;189;144;187;190
10674.0;81;120;188;143;186;191
10680.0;81;120;188;143;186;191
10686.0;80;121;188;145;185;190
10692.0;80;123;188;144;185;189
10698.0;79;125;186;144;185;190
10704.0;79;125;186;145;184;190
10710.0;77;127;186;145;183;191
10716.0;77;127;186;145;183;191
10722.0;77;126;186;146;181;193
10728.0;77;126;186;146;181;193
10734.0;76;126;188;146;181;192
10740.0;77;126;187;146;181;192
10746.0;77;126;188;144;181;193
10752.0;77;126;188;143;182;193
10758.0;79;125;188;143;182;192
10764.0;78;126;188;143;182;192
10770.0;78;127;188;142;182;192
10776.0;78;125;190;143;182;191
10782.0;78;128;188;142;182;191
10788.0;77;127;187;143;182;193
10794.0;76;126;188;144;182;193
