#auto generated file!
12.0;205;194;200;207;229;189
18.0;203;196;201;205;230;189
24.0;203;196;202;205;230;188
30.0;201;196;201;207;232;187
36.0;197;197;203;206;232;189
42.0;195;197;205;207;231;189
48.0;196;197;206;206;231;188
54.0;197;197;205;206;231;188
60.0;197;197;205;207;231;187
66.0;197;197;204;209;231;186
72.0;197;198;202;209;231;187
78.0;196;199;202;208;231;188
84.0;197;199;201;207;230;190
90.0;197;198;202;206;231;190
96.0;196;198;202;205;233;190
102.0;193;197;203;205;235;191
108.0;192;196;204;205;235;192
114.0;190;196;206;204;235;193
120.0;191;195;206;204;235;193
126.0;191;195;206;204;235;193
132.0;190;195;208;206;232;193
138.0;190;195;208;206;232;193
144.0;191;196;209;205;231;192
150.0;191;197;207;205;232;192
156.0;192;199;206;206;230;191
162.0;194;200;204;205;230;191
168.0;193;200;203;206;230;192
174.0;192;200;205;205;230;192
180.0;191;198;207;204;231;193
186.0;189;198;209;203;231;194
192.0;189;200;208;203;232;192
198.0;187;199;208;204;233;193
204.0;186;199;208;204;234;193
210.0;186;199;208;204;234;193
216.0;182;198;209;204;237;194
222.0;181;199;209;204;237;194
228.0;181;198;210;204;236;195
234.0;181;197;211;204;236;195
240.0;180;197;212;205;236;194
246.0;178;198;213;206;236;193
252.0;176;198;213;205;237;195
258.0;176;197;212;205;239;195
264.0;176;199;211;204;239;195
270.0;176;200;209;205;239;195
276.0;174;203;209;205;238;195
282.0;174;203;209;204;238;196
288.0;175;202;212;203;240;192
294.0;174;201;214;202;240;193
300.0;173;203;214;201;240;193
306.0;173;202;214;202;240;193
312.0;173;202;215;201;240;193
318.0;172;201;216;201;241;193
324.0;172;200;218;201;240;193
330.0;171;200;217;201;242;193
336.0;172;201;218;200;242;191
342.0;172;203;215;199;243;192
348.0;172;203;215;200;243;191
354.0;172;204;214;199;243;192
360.0;173;203;213;200;245;190
366.0;172;203;212;199;247;191
372.0;170;203;211;200;248;192
378.0;168;202;211;200;250;193
384.0;166;203;211;200;251;193
390.0;166;202;212;199;252;193
396.0;165;202;213;198;253;193
402.0;163;201;213;198;254;195
408.0;163;199;214;200;254;194
414.0;162;199;214;200;255;194
420.0;163;198;214;200;255;194
426.0;161;197;215;201;254;196
432.0;162;198;215;202;253;194
438.0;162;198;215;202;253;194
444.0;161;199;215;200;253;196
450.0;159;198;216;201;254;196
456.0;159;197;216;202;253;197
462.0;159;197;216;202;254;196
468.0;160;198;215;200;254;197
474.0;158;199;213;202;255;197
480.0;158;199;213;203;255;196
486.0;160;198;212;205;253;196
492.0;159;198;212;207;252;196
498.0;160;198;213;207;251;195
504.0;160;198;213;208;250;195
510.0;158;200;214;207;250;195
516.0;158;201;214;206;250;195
522.0;158;201;214;205;250;196
528.0;160;201;214;204;249;196
534.0;158;201;214;207;248;196
540.0;159;201;214;203;249;198
546.0;159;201;215;202;249;198
552.0;161;201;216;203;246;197
558.0;161;201;216;203;246;197
564.0;160;201;216;204;245;198
570.0;160;201;217;203;245;198
576.0;160;203;217;202;243;199
582.0;159;203;217;201;245;199
588.0;160;202;218;201;243;200
594.0;160;204;218;198;244;200
600.0;159;205;220;196;244;200
606.0;157;204;222;196;244;201
612.0;157;204;222;196;244;201
618.0;158;203;220;198;244;201
624.0;159;203;218;198;245;201
630.0;160;203;216;198;245;202
636.0;160;203;216;198;245;202
642.0;161;203;217;198;245;200
648.0;161;203;219;195;245;201
654.0;162;203;219;193;246;201
660.0;162;204;219;193;245;201
666.0;162;204;219;193;245;201
672.0;162;204;219;193;245;201
678.0;162;203;218;193;246;202
684.0;163;203;219;190;247;202
690.0;162;202;219;189;248;204
696.0;162;202;219;189;247;205
702.0;162;201;221;188;248;204
708.0;162;201;222;188;247;204
714.0;161;202;221;188;248;204
720.0;160;202;221;188;249;204
726.0;160;200;222;190;249;203
732.0;160;201;221;188;251;203
738.0;160;201;221;188;251;203
744.0;160;200;220;188;253;203
750.0;158;201;220;189;253;203
756.0;158;200;221;189;253;203
762.0;159;200;222;186;255;202
768.0;161;199;222;188;254;200
774.0;161;198;223;188;254;200
780.0;160;198;225;189;252;200
786.0;160;197;225;189;253;200
792.0;160;197;224;190;253;200
798.0;160;197;223;190;253;201
804.0;160;196;223;190;254;201
810.0;159;196;222;192;254;201
816.0;162;194;224;192;252;200
822.0;162;194;223;193;252;200
828.0;160;192;224;193;252;203
834.0;159;192;224;191;252;206
840.0;158;192;224;191;253;206
846.0;158;193;223;191;253;206
852.0;159;193;223;189;254;206
858.0;159;193;223;187;255;207
864.0;159;193;223;188;255;206
870.0;159;193;222;188;256;206
876.0;159;193;222;187;257;206
882.0;158;191;224;189;257;205
888.0;157;191;225;190;256;205
894.0;156;191;225;190;256;206
900.0;155;190;226;190;256;207
906.0;154;189;227;191;255;208
912.0;155;189;227;192;252;209
918.0;156;189;226;191;251;211
924.0;154;189;227;191;252;211
930.0;153;190;227;191;252;211
936.0;152;193;226;190;253;210
942.0;152;192;227;189;253;211
948.0;149;193;227;191;252;212
954.0;149;192;228;191;252;212
960.0;148;192;227;191;252;214
966.0;149;192;226;191;252;214
972.0;149;191;228;190;253;213
978.0;150;190;227;190;253;214
984.0;148;190;228;190;253;215
990.0;147;190;228;189;254;216
996.0;147;190;229;188;254;216
1002.0;147;189;232;186;254;216
1008.0;147;190;232;186;254;215
1014.0;146;192;232;184;256;214
1020.0;145;196;233;183;255;212
1026.0;144;196;234;181;257;212
1032.0;143;196;235;182;257;211
1038.0;144;194;236;180;259;211
1044.0;144;193;235;181;260;211
1050.0;144;192;235;181;260;212
1056.0;144;193;236;178;260;213
1062.0;145;194;237;177;258;213
1068.0;144;194;237;178;258;213
1074.0;145;193;237;178;258;213
1080.0;145;195;236;177;258;213
1086.0;144;195;236;178;258;213
1092.0;145;195;237;178;257;212
1098.0;145;197;237;178;256;211
1104.0;146;197;237;177;255;212
1110.0;145;196;239;177;255;212
1116.0;145;195;239;177;255;213
1122.0;145;195;238;178;254;214
1128.0;145;197;238;178;253;213
1134.0;144;196;239;178;255;212
1140.0;145;196;238;180;254;211
1146.0;145;196;239;179;254;211
1152.0;144;196;237;180;255;212
1158.0;145;196;237;180;255;211
1164.0;143;197;238;180;255;211
1170.0;143;197;239;178;255;212
1176.0;143;195;238;180;256;212
1182.0;143;194;238;179;257;213
1188.0;144;194;238;178;256;214
1194.0;144;194;240;177;256;213
1200.0;146;194;238;177;256;213
1206.0;146;195;238;178;254;213
1212.0;146;195;239;178;254;212
1218.0;146;194;239;178;253;214
1224.0;145;195;238;178;254;214
1230.0;145;195;235;179;255;215
1236.0;142;195;237;180;255;215
1242.0;142;196;238;181;253;214
1248.0;143;195;238;181;254;213
1254.0;140;195;239;182;254;214
1260.0;138;195;238;182;256;215
1266.0;138;195;238;182;256;215
1272.0;139;194;239;182;257;213
1278.0;139;194;240;181;257;213
1284.0;140;195;240;180;257;212
1290.0;140;196;239;180;257;212
1296.0;139;196;239;181;257;212
1302.0;139;196;239;180;257;213
1308.0;140;195;239;180;258;212
1314.0;142;195;240;179;257;211
1320.0;141;196;242;177;257;211
1326.0;141;197;242;175;257;212
1332.0;140;197;242;177;256;212
1338.0;139;197;244;177;256;211
1344.0;140;197;242;178;256;211
1350.0;138;196;242;179;258;211
1356.0;137;194;242;180;259;212
1362.0;137;194;243;180;258;212
1368.0;137;193;242;180;259;213
1374.0;137;191;243;181;259;213
1380.0;137;189;242;183;258;215
1386.0;137;188;243;183;258;215
1392.0;136;188;245;182;258;215
1398.0;136;189;245;182;258;214
1404.0;135;189;245;183;258;214
1410.0;135;189;245;183;258;214
1416.0;136;188;245;184;257;214
1422.0;136;187;245;185;257;214
1428.0;136;188;247;184;255;214
1434.0;135;188;247;186;254;214
1440.0;135;187;247;186;255;214
1446.0;134;187;246;186;256;215
1452.0;133;187;247;186;256;215
1458.0;133;186;248;186;257;214
1464.0;132;187;248;187;257;213
1470.0;132;187;248;187;257;213
1476.0;132;185;248;188;257;214
1482.0;133;185;248;187;256;215
1488.0;133;185;248;187;256;215
1494.0;133;185;248;187;256;215
1500.0;133;185;248;186;254;218
1506.0;133;185;248;186;254;218
1512.0;133;186;248;186;253;218
1518.0;132;185;248;186;254;219
1524.0;133;185;247;187;254;218
1530.0;130;185;248;189;253;219
1536.0;130;184;249;188;254;219
1542.0;130;183;248;190;254;219
1548.0;129;183;248;191;254;219
1554.0;129;184;248;191;254;218
1560.0;128;183;247;192;253;221
1566.0;128;184;247;191;253;221
1572.0;128;184;247;191;251;223
1578.0;129;184;247;191;250;223
1584.0;129;185;246;191;250;223
1590.0;129;185;247;191;248;224
1596.0;129;185;248;190;246;226
1602.0;130;185;248;189;247;225
1608.0;129;188;247;189;246;225
1614.0;129;188;247;188;247;225
1620.0;129;186;246;191;247;225
1626.0;127;186;246;192;248;225
1632.0;127;185;246;193;248;225
1638.0;127;184;246;193;249;225
1644.0;126;184;246;194;250;224
1650.0;127;183;246;194;250;224
1656.0;127;183;244;195;251;224
1662.0;127;183;244;196;249;225
1668.0;127;184;245;196;247;225
1674.0;126;185;246;196;247;224
1680.0;126;184;246;196;247;225
1686.0;126;185;247;194;247;225
1692.0;128;186;247;192;247;224
1698.0;128;186;245;190;248;227
1704.0;127;185;247;189;248;228
1710.0;125;186;246;187;249;231
1716.0;125;186;245;189;248;231
1722.0;125;186;245;190;247;231
1728.0;125;186;244;191;247;231
1734.0;126;186;243;190;247;232
1740.0;125;186;242;192;247;232
1746.0;127;186;243;193;244;231
1752.0;129;185;244;193;243;230
1758.0;128;187;243;192;244;230
1764.0;129;186;243;192;244;230
1770.0;128;185;245;192;245;229
1776.0;127;187;246;192;244;228
1782.0;125;187;246;193;246;227
1788.0;125;188;246;194;243;228
1794.0;124;189;246;193;244;228
1800.0;124;188;246;193;244;229
1806.0;122;188;245;194;247;228
1812.0;119;188;246;193;249;229
1818.0;119;187;247;194;247;230
1824.0;119;187;246;194;248;230
1830.0;119;187;247;194;247;230
1836.0;119;188;248;193;247;229
1842.0;117;190;247;195;248;227
1848.0;117;190;246;196;248;227
1854.0;117;190;246;196;248;227
1860.0;118;191;243;195;249;228
1866.0;118;192;243;194;248;229
1872.0;118;192;243;194;248;229
1878.0;117;192;243;195;249;228
1884.0;117;192;245;196;246;228
1890.0;117;193;244;196;245;229
1896.0;116;196;242;195;246;229
1902.0;116;196;242;193;248;229
1908.0;117;198;242;192;248;227
1914.0;115;197;243;196;248;225
1920.0;115;197;243;196;248;225
1926.0;116;197;241;196;248;226
1932.0;116;196;242;196;249;225
1938.0;115;197;242;193;249;228
1944.0;114;197;242;194;249;228
1950.0;115;197;240;196;249;227
1956.0;115;196;240;197;248;228
1962.0;115;197;239;197;248;228
1968.0;115;197;238;198;248;228
1974.0;115;197;238;199;247;228
1980.0;114;198;238;198;249;227
1986.0;115;196;238;199;249;227
1992.0;113;199;239;197;250;226
1998.0;113;199;238;198;250;226
2004.0;113;199;239;198;250;225
2010.0;113;198;239;198;250;226
2016.0;113;198;240;199;248;226
2022.0;111;199;241;199;249;225
2028.0;112;199;241;198;249;225
2034.0;112;198;242;198;249;225
2040.0;111;198;241;198;249;227
2046.0;112;197;240;198;249;228
2052.0;110;196;241;196;252;229
2058.0;110;195;242;196;252;229
2064.0;108;195;243;195;254;229
2070.0;108;196;242;194;253;231
2076.0;108;195;242;195;253;231
2082.0;108;195;243;194;254;230
2088.0;107;194;244;192;257;230
2094.0;108;193;243;192;257;231
2100.0;108;193;242;192;257;232
2106.0;108;193;242;192;256;233
2112.0;109;190;242;193;257;233
2118.0;109;190;242;193;258;232
2124.0;108;191;242;192;258;233
2130.0;109;191;242;192;257;233
2136.0;110;192;241;191;258;232
2142.0;108;192;242;191;259;232
2148.0;109;191;242;191;259;232
2154.0;111;190;242;190;259;232
2160.0;111;188;242;191;259;233
2166.0;111;188;241;189;261;234
2172.0;110;188;240;189;262;235
2178.0;110;190;240;190;261;233
2184.0;109;190;241;189;262;233
2190.0;110;190;241;190;262;231
2196.0;109;189;243;189;263;231
2202.0;111;187;240;191;264;231
2208.0;111;187;243;191;261;231
2214.0;111;189;243;192;259;230
2220.0;109;188;243;192;261;231
2226.0;108;188;243;192;263;230
2232.0;108;187;242;193;264;230
2238.0;107;186;243;193;264;231
2244.0;107;187;243;192;263;232
2250.0;107;185;243;193;263;233
2256.0;105;186;245;193;262;233
2262.0;106;185;245;193;263;232
2268.0;106;186;245;193;262;232
2274.0;106;187;245;193;262;231
2280.0;106;186;245;193;264;230
2286.0;106;186;245;193;264;230
2292.0;106;186;245;193;264;230
2298.0;107;185;246;191;265;230
2304.0;107;185;246;192;265;229
2310.0;107;184;244;191;265;233
2316.0;107;183;244;192;265;233
2322.0;109;183;245;191;264;232
2328.0;111;183;245;191;263;231
2334.0;111;183;244;190;264;232
2340.0;112;184;242;189;264;233
2346.0;112;184;242;189;264;233
2352.0;111;185;243;189;263;233
2358.0;111;184;244;189;264;232
2364.0;111;184;245;189;263;232
2370.0;111;185;245;189;263;231
2376.0;112;186;245;187;263;231
2382.0;114;183;246;187;262;232
2388.0;115;183;244;189;262;231
2394.0;114;184;245;189;261;231
2400.0;115;183;244;188;264;230
2406.0;115;182;242;191;264;230
2412.0;115;181;244;191;264;229
2418.0;115;183;244;191;263;228
2424.0;116;183;245;189;263;228
2430.0;117;182;246;189;262;228
2436.0;116;181;247;190;260;230
2442.0;118;179;248;191;260;228
2448.0;118;179;249;191;259;228
2454.0;120;179;250;190;257;228
2460.0;118;179;250;191;257;229
2466.0;116;179;250;192;257;230
2472.0;116;179;249;191;259;230
2478.0;115;179;249;192;259;230
2484.0;115;178;251;192;259;229
2490.0;116;179;252;191;257;229
2496.0;114;179;253;191;257;230
2502.0;113;179;254;191;257;230
2508.0;112;181;251;192;258;230
2514.0;113;181;251;191;258;230
2520.0;114;182;250;190;257;231
2526.0;114;181;249;190;259;231
2532.0;114;180;249;189;259;233
2538.0;115;180;249;188;257;235
2544.0;115;179;248;189;256;237
2550.0;116;178;249;188;256;237
2556.0;116;179;249;188;255;237
2562.0;116;180;249;187;255;237
2568.0;118;179;250;186;255;236
2574.0;118;180;250;186;254;236
2580.0;119;179;251;185;255;235
2586.0;121;178;251;184;255;235
2592.0;121;178;252;183;256;234
2598.0;121;179;252;184;254;234
2604.0;120;179;252;187;252;234
2610.0;119;179;252;188;252;234
2616.0;121;180;250;188;251;234
2622.0;121;178;251;188;252;234
2628.0;120;179;250;189;252;234
2634.0;120;178;251;189;251;235
2640.0;120;177;251;189;251;236
2646.0;120;177;254;189;249;235
2652.0;121;177;253;189;249;235
2658.0;123;178;252;189;248;234
2664.0;123;178;252;190;247;234
2670.0;120;177;254;190;248;235
2676.0;119;175;255;191;248;236
2682.0;119;175;255;192;248;235
2688.0;121;177;254;192;246;234
2694.0;121;178;252;190;248;235
2700.0;120;179;252;191;248;234
2706.0;120;179;253;190;248;234
2712.0;120;178;253;190;249;234
2718.0;120;179;253;189;249;234
2724.0;119;179;253;190;248;235
2730.0;118;181;251;188;249;237
2736.0;118;179;252;187;250;238
2742.0;118;177;253;185;251;240
2748.0;118;177;253;186;251;239
2754.0;118;175;254;187;251;239
2760.0;119;175;255;186;250;239
2766.0;119;176;257;184;249;239
2772.0;119;177;257;184;250;237
2778.0;120;177;257;182;251;237
2784.0;119;176;258;183;253;235
2790.0;118;177;258;181;254;236
2796.0;117;176;258;181;254;238
2802.0;117;175;256;182;255;239
2808.0;116;174;257;182;255;240
2814.0;116;174;257;183;255;239
2820.0;117;172;258;183;255;239
2826.0;117;171;258;183;256;239
2832.0;117;169;259;184;256;239
2838.0;117;170;257;185;256;239
2844.0;116;172;255;186;255;240
2850.0;116;172;254;186;255;241
2856.0;116;173;253;186;255;241
2862.0;116;173;252;186;256;241
2868.0;115;173;253;185;256;242
2874.0;115;174;253;185;256;241
2880.0;116;174;251;184;257;242
2886.0;115;174;251;185;257;242
2892.0;115;174;251;184;257;243
2898.0;114;175;250;184;258;243
2904.0;114;175;250;184;259;242
2910.0;114;175;249;184;260;242
2916.0;114;174;251;182;262;241
2922.0;113;175;250;181;264;241
2928.0;113;175;252;180;264;240
2934.0;114;175;253;180;265;237
2940.0;115;175;252;181;265;236
2946.0;114;175;252;182;265;236
2952.0;112;175;253;184;265;235
2958.0;112;175;254;184;264;235
2964.0;112;175;254;184;263;236
2970.0;111;175;255;183;263;237
2976.0;111;175;254;183;263;238
2982.0;111;175;254;183;263;238
2988.0;113;176;255;183;261;236
2994.0;113;178;256;181;261;235
3000.0;112;178;257;180;261;236
3006.0;112;176;260;180;260;236
3012.0;110;176;260;180;261;237
3018.0;110;176;261;178;261;238
3024.0;112;176;259;178;261;238
3030.0;111;177;259;180;261;236
3036.0;112;175;259;182;260;236
3042.0;112;176;258;182;260;236
3048.0;111;176;258;182;261;236
3054.0;112;176;257;184;261;234
3060.0;113;175;257;182;263;234
3066.0;111;175;257;184;263;234
3072.0;112;174;257;184;263;234
3078.0;112;174;256;185;262;235
3084.0;113;174;255;186;261;235
3090.0;111;175;255;185;262;236
3096.0;110;174;257;186;262;235
3102.0;110;174;258;186;261;235
3108.0;110;174;258;186;261;235
3114.0;113;172;259;184;260;236
3120.0;113;170;257;184;263;237
3126.0;113;168;258;184;263;238
3132.0;114;168;257;182;264;239
3138.0;113;167;257;182;265;240
3144.0;112;167;258;181;267;239
3150.0;112;168;258;181;265;240
3156.0;113;168;256;182;265;240
3162.0;114;168;255;180;265;242
3168.0;116;166;255;182;263;242
3174.0;114;167;256;181;263;243
3180.0;115;166;256;182;262;243
3186.0;115;167;257;181;261;243
3192.0;115;167;258;180;261;243
3198.0;115;167;258;180;262;242
3204.0;114;167;258;180;263;242
3210.0;114;168;257;179;264;242
3216.0;115;168;258;178;264;241
3222.0;114;169;259;178;264;240
3228.0;115;169;260;176;264;240
3234.0;116;169;260;176;264;239
3240.0;116;170;259;175;264;240
3246.0;116;170;259;177;263;239
3252.0;116;170;259;178;262;239
3258.0;115;171;259;177;262;240
3264.0;114;171;257;176;264;242
3270.0;113;168;257;180;263;243
3276.0;112;166;259;181;263;243
3282.0;111;167;258;182;264;242
3288.0;110;169;258;180;265;242
3294.0;109;169;257;180;266;243
3300.0;109;169;256;180;267;243
3306.0;110;169;255;180;267;243
3312.0;109;168;257;180;267;243
3318.0;107;169;257;182;267;242
3324.0;107;169;257;182;266;243
3330.0;107;169;257;182;267;242
3336.0;109;171;257;181;267;239
3342.0;108;172;259;181;265;239
3348.0;108;172;260;180;265;239
3354.0;109;170;260;180;266;239
3360.0;108;170;260;180;267;239
3366.0;109;171;260;181;265;238
3372.0;108;169;261;181;267;238
3378.0;108;169;262;182;266;237
3384.0;107;170;262;182;266;237
3390.0;108;172;261;180;266;237
3396.0;107;172;262;180;266;237
3402.0;107;172;262;181;265;237
3408.0;105;173;262;182;265;237
3414.0;105;173;262;182;266;236
3420.0;105;173;262;182;266;236
3426.0;107;172;261;182;265;237
3432.0;105;172;261;184;265;237
3438.0;106;172;260;185;265;236
3444.0;106;172;260;185;265;236
3450.0;103;173;260;184;267;237
3456.0;103;175;259;184;267;236
3462.0;103;175;258;185;267;236
3468.0;105;175;256;186;267;235
3474.0;104;175;258;185;266;236
3480.0;105;175;258;184;266;236
3486.0;105;174;258;185;267;235
3492.0;106;173;257;185;267;236
3498.0;105;174;257;185;267;236
3504.0;105;175;258;185;267;234
3510.0;106;175;258;184;267;234
3516.0;105;176;258;185;267;233
3522.0;105;176;258;184;267;234
3528.0;103;173;259;187;268;234
3534.0;103;171;259;188;268;235
3540.0;103;172;259;187;268;235
3546.0;103;172;259;188;267;235
3552.0;102;170;259;190;267;236
3558.0;103;170;258;190;267;236
3564.0;104;170;258;189;266;237
3570.0;104;170;260;189;264;237
3576.0;104;170;261;188;264;237
3582.0;104;170;261;188;264;237
3588.0;104;169;261;189;263;238
3594.0;104;168;261;189;264;238
3600.0;104;170;260;189;263;238
3606.0;104;171;258;187;264;240
3612.0;105;171;258;187;263;240
3618.0;105;172;258;187;263;239
3624.0;105;171;257;188;263;240
3630.0;105;170;257;187;265;240
3636.0;104;172;257;188;264;239
3642.0;103;172;255;188;264;242
3648.0;102;173;255;189;262;243
3654.0;102;173;255;188;264;242
3660.0;101;173;255;190;264;241
3666.0;101;174;256;189;262;242
3672.0;100;175;257;188;261;243
3678.0;100;174;258;188;261;243
3684.0;100;175;258;188;260;243
3690.0;100;176;255;188;261;244
3696.0;101;177;255;187;260;244
3702.0;102;176;256;187;260;243
3708.0;103;176;255;186;261;243
3714.0;104;175;255;186;260;244
3720.0;102;175;256;185;261;245
3726.0;103;176;256;184;261;244
3732.0;104;175;258;184;260;243
3738.0;103;175;258;185;260;243
3744.0;104;174;258;185;260;243
3750.0;105;174;257;185;260;243
3756.0;104;174;255;186;261;244
3762.0;104;174;256;186;260;244
3768.0;102;175;255;187;259;246
3774.0;102;174;255;187;260;246
3780.0;101;175;255;187;260;246
3786.0;101;174;255;187;260;247
3792.0;100;175;254;187;260;248
3798.0;99;176;253;187;259;250
3804.0;95;177;252;190;260;250
3810.0;95;176;250;192;260;251
3816.0;96;175;250;190;261;252
3822.0;95;176;249;191;261;252
3828.0;95;175;249;191;261;253
3834.0;95;174;250;191;261;253
3840.0;95;173;251;190;261;254
3846.0;94;172;252;190;259;257
3852.0;93;172;254;190;257;258
3858.0;94;172;253;190;257;258
3864.0;92;173;255;189;257;258
3870.0;92;172;255;188;258;259
3876.0;90;172;255;188;259;260
3882.0;89;173;255;187;260;260
3888.0;89;173;255;187;260;260
3894.0;88;173;255;188;260;260
3900.0;88;173;257;188;261;257
3906.0;87;171;260;188;262;256
3912.0;87;171;260;189;262;255
3918.0;86;172;261;191;260;254
3924.0;83;173;261;191;261;255
3930.0;82;174;261;191;262;254
3936.0;83;174;260;191;262;254
3942.0;83;175;259;193;262;252
3948.0;84;175;258;193;262;252
3954.0;84;175;258;193;262;252
3960.0;84;176;259;193;260;252
3966.0;84;176;260;193;261;250
3972.0;84;176;260;193;262;249
3978.0;84;177;259;193;262;249
3984.0;84;175;259;192;264;250
3990.0;84;175;258;191;266;250
3996.0;85;175;258;188;267;251
4002.0;86;175;256;189;266;252
4008.0;86;173;254;191;265;255
4014.0;85;173;257;190;264;255
4020.0;85;173;257;189;265;255
4026.0;87;173;256;189;264;255
4032.0;88;172;258;187;265;254
4038.0;87;174;258;185;265;255
4044.0;86;173;259;185;266;255
4050.0;86;174;259;184;265;256
4056.0;86;174;257;184;265;258
4062.0;87;174;257;184;264;258
4068.0;87;174;256;184;265;258
4074.0;87;174;255;184;265;259
4080.0;86;174;256;185;264;259
4086.0;87;175;257;185;263;257
4092.0;85;174;258;185;265;257
4098.0;84;174;259;185;264;258
4104.0;84;174;258;185;263;260
4110.0;84;175;261;184;261;259
4116.0;83;177;260;183;262;259
4122.0;83;179;259;183;262;258
4128.0;83;178;259;183;263;258
4134.0;82;179;259;182;265;257
4140.0;82;180;258;182;265;257
4146.0;82;179;258;183;265;257
4152.0;81;178;259;182;264;260
4158.0;81;179;261;181;261;261
4164.0;81;179;261;181;261;261
4170.0;80;180;259;183;261;261
4176.0;81;180;260;182;260;261
4182.0;81;180;260;182;260;261
4188.0;81;180;261;180;260;262
4194.0;79;182;260;180;261;262
4200.0;78;183;260;180;261;262
4206.0;80;184;259;179;262;260
4212.0;80;185;260;179;261;259
4218.0;80;186;260;179;260;259
4224.0;80;187;260;178;261;258
4230.0;80;186;260;178;261;259
4236.0;80;185;259;181;261;258
4242.0;81;185;255;183;262;258
4248.0;82;184;255;182;263;258
4254.0;83;184;254;183;262;258
4260.0;84;183;253;184;262;258
4266.0;85;182;253;185;262;257
4272.0;85;181;255;183;263;257
4278.0;85;180;256;182;262;259
4284.0;85;179;256;181;262;261
4290.0;84;180;256;180;262;262
4296.0;83;181;256;180;263;261
4302.0;82;183;255;181;262;261
4308.0;81;183;255;183;261;261
4314.0;81;182;254;183;262;262
4320.0;81;181;254;185;262;261
4326.0;81;182;253;186;260;262
4332.0;82;181;254;185;260;262
4338.0;82;182;254;184;261;261
4344.0;82;181;255;184;260;262
4350.0;82;181;253;185;261;262
4356.0;83;180;254;185;261;261
4362.0;84;180;253;187;260;260
4368.0;82;182;252;187;261;260
4374.0;81;184;250;187;261;261
4380.0;82;182;251;187;260;262
4386.0;81;182;251;187;261;262
4392.0;83;183;250;185;261;262
4398.0;83;184;250;185;263;259
4404.0;83;183;250;184;264;260
4410.0;83;184;249;184;264;260
4416.0;83;184;249;182;266;260
4422.0;85;184;248;183;264;260
4428.0;85;185;248;184;262;260
4434.0;85;185;248;184;262;260
4440.0;85;184;250;182;262;261
4446.0;84;184;250;183;262;261
4452.0;82;183;248;186;264;261
4458.0;82;184;248;186;264;260
4464.0;82;184;248;186;264;260
4470.0;83;185;249;186;263;258
4476.0;83;186;250;187;262;256
4482.0;83;186;250;187;261;257
4488.0;85;186;250;186;260;257
4494.0;85;186;250;186;260;257
4500.0;86;187;249;187;259;256
4506.0;87;188;249;185;259;256
4512.0;88;186;249;187;259;255
4518.0;88;187;249;187;258;255
4524.0;88;187;249;184;260;256
4530.0;89;187;249;184;259;256
4536.0;88;188;249;184;259;256
4542.0;89;187;250;184;259;255
4548.0;89;189;250;184;258;254
4554.0;90;190;249;184;258;253
4560.0;91;189;249;184;258;253
4566.0;90;189;247;187;256;255
4572.0;90;189;246;187;256;256
4578.0;90;189;247;186;256;256
4584.0;89;189;248;185;257;256
4590.0;88;190;250;185;256;255
4596.0;89;189;249;184;257;256
4602.0;88;188;247;186;259;256
4608.0;86;188;247;188;259;256
4614.0;86;187;247;191;257;256
4620.0;88;187;246;190;257;256
4626.0;89;187;246;189;257;256
4632.0;87;188;246;191;257;255
4638.0;85;188;246;191;258;256
4644.0;85;187;246;191;258;257
4650.0;85;186;245;191;260;257
4656.0;86;186;245;191;260;256
4662.0;83;187;243;191;262;258
4668.0;83;185;244;192;261;259
4674.0;83;186;243;194;261;257
4680.0;83;186;243;192;262;258
4686.0;84;185;242;192;262;259
4692.0;85;185;241;191;262;260
4698.0;85;185;241;192;262;259
4704.0;85;185;241;192;261;260
4710.0;84;185;242;190;263;260
4716.0;85;185;242;190;263;259
4722.0;85;185;242;190;263;259
4728.0;85;185;242;191;264;257
4734.0;85;184;242;192;264;257
4740.0;84;183;243;192;265;257
4746.0;84;184;242;192;265;257
4752.0;85;184;242;192;264;257
4758.0;85;184;240;194;265;256
4764.0;84;184;239;193;267;257
4770.0;85;183;239;193;266;258
4776.0;86;182;239;193;267;257
4782.0;84;181;239;195;268;257
4788.0;84;181;239;195;269;256
4794.0;84;181;238;196;269;256
4800.0;84;181;238;196;269;256
4806.0;83;180;239;196;269;257
4812.0;85;181;239;196;267;256
4818.0;87;181;237;195;268;256
4824.0;87;181;237;195;268;256
4830.0;89;180;237;194;269;255
4836.0;90;181;236;193;270;254
4842.0;91;180;235;193;269;256
4848.0;91;180;235;193;271;254
4854.0;92;179;236;193;271;253
4860.0;92;179;236;194;270;253
4866.0;90;179;239;194;269;253
4872.0;89;178;240;194;270;253
4878.0;87;179;238;195;271;254
4884.0;88;180;237;193;270;256
4890.0;89;181;236;193;269;256
4896.0;88;181;237;193;269;256
4902.0;89;182;237;191;270;255
4908.0;89;182;239;191;269;254
4914.0;90;182;238;190;270;254
4920.0;89;181;240;192;268;254
4926.0;88;180;240;193;269;254
4932.0;87;181;239;193;270;254
4938.0;87;182;239;193;268;255
4944.0;86;183;241;192;267;255
4950.0;89;183;240;192;266;254
4956.0;88;182;240;193;267;254
4962.0;87;182;240;196;266;253
4968.0;87;182;240;197;266;252
4974.0;87;181;240;198;266;252
4980.0;87;181;239;198;267;252
4986.0;86;180;239;197;269;253
4992.0;86;180;239;197;269;253
4998.0;86;179;239;197;269;254
5004.0;85;180;240;196;269;254
5010.0;85;180;240;196;269;254
5016.0;85;180;240;196;269;254
5022.0;85;180;241;196;267;255
5028.0;86;180;240;196;267;255
5034.0;85;180;241;195;266;257
5040.0;85;181;241;195;266;256
5046.0;85;181;241;193;269;255
5052.0;85;181;241;193;269;255
5058.0;86;181;241;193;268;255
5064.0;88;179;242;191;269;255
5070.0;88;178;241;191;268;258
5076.0;88;177;242;191;268;258
5082.0;88;175;240;192;270;259
5088.0;88;176;240;191;270;259
5094.0;87;179;239;191;269;259
5100.0;88;180;239;191;269;257
5106.0;88;181;239;191;267;258
5112.0;88;182;239;191;266;258
5118.0;89;181;240;191;265;258
5124.0;89;181;240;191;265;258
5130.0;89;181;240;191;265;258
5136.0;89;181;241;191;264;258
5142.0;88;182;241;194;263;256
5148.0;88;183;240;193;264;256
5154.0;89;182;239;194;263;257
5160.0;90;182;240;194;263;255
5166.0;89;181;241;194;263;256
5172.0;88;180;241;195;264;256
5178.0;88;181;242;194;264;255
5184.0;88;181;243;194;263;255
5190.0;88;181;240;196;263;256
5196.0;88;182;239;194;262;259
5202.0;88;183;239;193;262;259
5208.0;89;184;237;193;262;259
5214.0;90;183;238;194;262;257
5220.0;91;184;237;193;262;257
5226.0;92;184;237;192;262;257
5232.0;92;184;237;191;264;256
5238.0;92;185;237;191;264;255
5244.0;89;186;237;192;265;255
5250.0;90;185;237;190;267;255
5256.0;90;185;237;190;266;256
5262.0;90;184;237;191;267;255
5268.0;91;183;237;191;268;254
5274.0;92;183;237;190;267;255
5280.0;92;183;237;190;266;256
5286.0;93;183;238;189;266;255
5292.0;92;182;239;189;267;255
5298.0;91;182;239;190;267;255
5304.0;91;182;239;189;267;256
5310.0;91;181;239;189;266;258
5316.0;92;181;240;189;266;256
5322.0;92;180;241;189;266;256
5328.0;92;180;241;188;267;256
5334.0;93;180;241;189;266;255
5340.0;92;179;241;190;267;255
5346.0;92;179;240;191;268;254
5352.0;93;180;240;191;266;254
5358.0;94;180;239;190;266;255
5364.0;93;180;239;189;266;257
5370.0;91;181;240;189;266;257
5376.0;90;181;240;190;266;257
5382.0;89;180;243;189;266;257
5388.0;90;180;242;190;265;257
5394.0;90;178;243;191;265;257
5400.0;89;178;244;191;265;257
5406.0;89;179;245;189;265;257
5412.0;88;180;246;189;264;257
5418.0;88;180;246;189;263;258
5424.0;87;181;246;189;264;257
5430.0;87;182;245;189;265;256
5436.0;86;183;245;190;265;255
5442.0;84;183;245;190;268;254
5448.0;83;182;244;191;269;255
5454.0;82;183;245;191;270;253
5460.0;82;183;245;190;270;254
5466.0;82;183;245;190;270;254
5472.0;84;182;243;191;270;254
5478.0;84;183;243;191;269;254
5484.0;83;185;242;190;270;254
5490.0;81;186;242;191;270;254
5496.0;80;184;242;192;272;254
5502.0;79;185;242;192;272;254
5508.0;79;184;240;193;273;255
5514.0;80;185;240;192;272;255
5520.0;80;185;241;192;271;255
5526.0;79;186;240;192;271;256
5532.0;79;186;240;192;271;256
5538.0;79;187;239;192;270;257
5544.0;80;187;240;191;270;256
5550.0;79;186;239;193;271;256
5556.0;79;185;239;194;271;256
5562.0;79;185;238;195;272;255
5568.0;76;185;239;195;272;257
5574.0;77;185;240;193;273;256
5580.0;77;187;238;193;275;254
5586.0;76;186;238;194;275;255
5592.0;78;185;238;194;274;255
5598.0;78;186;237;195;273;255
5604.0;78;186;238;194;272;256
5610.0;77;186;238;194;272;257
5616.0;77;185;239;194;272;257
5622.0;78;185;242;192;271;256
5628.0;77;184;242;193;272;256
5634.0;77;183;245;191;273;255
5640.0;77;183;247;190;273;254
5646.0;78;185;246;189;273;253
5652.0;77;185;247;190;272;253
5658.0;75;184;248;191;273;253
5664.0;74;185;248;191;272;254
5670.0;71;186;249;191;272;255
5676.0;71;184;248;192;273;256
5682.0;73;183;248;191;274;255
5688.0;74;183;248;192;273;254
5694.0;74;182;249;191;274;254
5700.0;75;182;249;190;274;254
5706.0;73;182;249;191;274;255
5712.0;73;182;250;191;273;255
5718.0;72;180;249;192;276;255
5724.0;73;182;249;191;275;254
5730.0;73;183;250;191;273;254
5736.0;73;183;250;191;272;255
5742.0;75;182;250;192;271;254
5748.0;74;183;250;193;270;254
5754.0;75;183;249;193;270;254
5760.0;75;183;249;193;270;254
5766.0;76;181;251;194;268;254
5772.0;77;181;251;194;267;254
5778.0;77;181;252;194;266;254
5784.0;77;180;253;194;267;253
5790.0;76;181;253;192;268;254
5796.0;77;181;252;192;269;253
5802.0;78;182;251;191;269;253
5808.0;81;182;250;189;269;253
5814.0;80;185;251;189;268;251
5820.0;81;185;251;189;267;251
5826.0;80;185;252;189;267;251
5832.0;80;185;253;188;267;251
5838.0;82;185;254;187;265;251
5844.0;83;185;253;187;265;251
5850.0;83;185;253;186;265;252
5856.0;83;185;252;186;265;253
5862.0;84;185;252;185;266;252
5868.0;84;185;252;185;266;252
5874.0;84;185;252;185;266;252
5880.0;84;184;253;186;266;251
5886.0;85;183;252;187;266;251
5892.0;85;183;252;187;267;250
5898.0;88;182;252;186;266;250
5904.0;88;182;251;185;267;251
5910.0;88;182;251;184;267;252
5916.0;88;181;252;185;267;251
5922.0;89;180;251;185;268;251
5928.0;89;180;253;185;268;249
5934.0;89;182;251;185;267;250
5940.0;91;184;250;184;266;249
5946.0;93;185;250;183;265;248
5952.0;93;184;250;184;264;249
5958.0;93;184;251;183;266;247
5964.0;93;183;252;182;267;247
5970.0;93;184;252;183;267;245
5976.0;95;184;252;182;266;245
5982.0;93;185;253;181;266;246
5988.0;91;185;254;181;266;247
5994.0;91;186;253;179;267;248
6000.0;92;185;253;178;267;249
6006.0;92;185;254;178;266;249
6012.0;91;184;255;178;267;249
6018.0;92;184;254;179;266;249
6024.0;92;184;255;179;266;248
6030.0;92;184;254;180;267;247
6036.0;92;183;254;180;267;248
6042.0;92;183;254;180;268;247
6048.0;91;182;254;181;269;247
6054.0;91;181;254;181;270;247
6060.0;91;181;254;181;270;247
6066.0;91;181;255;179;270;248
6072.0;91;181;255;179;270;248
6078.0;91;181;252;179;272;249
6084.0;90;181;252;181;273;247
6090.0;92;179;253;182;275;243
6096.0;94;177;253;180;276;244
6102.0;95;178;254;179;275;243
6108.0;95;178;253;179;277;242
6114.0;95;178;255;177;277;242
6120.0;97;175;255;179;276;242
6126.0;98;176;256;179;275;240
6132.0;98;177;255;179;275;240
6138.0;97;177;255;180;276;239
6144.0;96;178;255;179;275;241
6150.0;95;178;257;179;275;240
6156.0;95;177;255;181;274;242
6162.0;96;175;255;181;274;243
6168.0;95;174;255;181;274;245
6174.0;95;174;255;181;274;245
6180.0;96;172;256;181;276;243
6186.0;97;173;253;182;276;243
6192.0;97;173;252;181;278;243
6198.0;96;173;253;180;278;244
6204.0;94;176;253;180;277;244
6210.0;93;175;255;180;276;245
6216.0;94;174;255;180;276;245
6222.0;94;174;256;179;276;245
6228.0;94;173;257;179;276;245
6234.0;94;175;258;179;274;244
6240.0;93;175;258;179;275;244
6246.0;93;175;258;179;275;244
6252.0;93;175;258;179;274;245
6258.0;93;174;258;179;274;246
6264.0;95;174;255;179;275;246
6270.0;95;177;253;177;276;246
6276.0;95;177;254;178;274;246
6282.0;95;178;254;175;274;248
6288.0;94;180;253;175;275;247
6294.0;94;180;252;176;275;247
6300.0;92;181;252;179;274;246
6306.0;91;181;252;180;274;246
6312.0;91;181;253;179;274;246
6318.0;90;181;253;179;274;247
6324.0;90;180;255;180;274;245
6330.0;89;180;255;180;274;246
6336.0;89;179;255;180;274;247
6342.0;89;179;254;180;274;248
6348.0;91;177;255;181;273;247
6354.0;91;178;254;181;273;247
6360.0;91;180;254;181;273;245
6366.0;92;180;254;182;270;246
6372.0;92;179;253;182;270;248
6378.0;91;180;254;181;270;248
6384.0;91;180;255;180;270;248
6390.0;90;180;256;180;270;248
6396.0;89;179;255;182;271;248
6402.0;90;179;254;182;271;248
6408.0;89;180;255;182;270;248
6414.0;89;180;256;182;267;250
6420.0;89;180;257;181;266;251
6426.0;89;180;257;182;267;249
6432.0;89;180;257;182;267;249
6438.0;90;179;259;180;266;250
6444.0;90;181;258;179;263;253
6450.0;89;181;258;180;263;253
6456.0;88;181;257;181;264;253
6462.0;84;183;257;183;264;253
6468.0;83;184;257;182;265;253
6474.0;83;185;257;183;264;252
6480.0;83;185;256;183;265;252
6486.0;82;185;257;184;264;252
6492.0;80;186;256;184;266;252
6498.0;78;186;256;186;265;253
6504.0;77;187;255;186;266;253
6510.0;76;187;254;188;266;253
6516.0;74;187;252;189;267;255
6522.0;77;187;252;188;266;254
6528.0;77;188;252;187;266;254
6534.0;77;188;252;186;267;254
6540.0;77;188;252;186;267;254
6546.0;77;187;252;187;267;254
6552.0;77;187;252;186;267;255
6558.0;77;187;252;186;268;254
6564.0;81;185;253;187;266;252
6570.0;83;184;254;185;266;252
6576.0;83;185;253;184;266;253
6582.0;84;185;252;185;264;254
6588.0;83;184;253;186;264;254
6594.0;84;185;253;185;264;253
6600.0;83;184;254;185;266;252
6606.0;82;183;253;185;265;256
6612.0;83;182;252;185;267;255
6618.0;84;182;251;186;268;253
6624.0;86;184;251;183;268;252
6630.0;86;184;252;182;269;251
6636.0;86;182;253;181;270;252
6642.0;86;182;254;180;270;252
6648.0;85;181;255;181;270;252
6654.0;85;181;256;180;270;252
6660.0;84;181;256;180;271;252
6666.0;85;180;256;181;271;251
6672.0;86;180;255;181;271;251
6678.0;87;182;254;183;270;248
6684.0;88;183;254;181;270;248
6690.0;89;182;253;182;270;248
6696.0;89;182;252;183;270;248
6702.0;88;181;253;183;269;250
6708.0;88;181;251;184;268;252
6714.0;88;181;251;184;268;252
6720.0;88;181;251;183;268;253
6726.0;88;182;251;183;268;252
6732.0;86;182;252;183;267;254
6738.0;87;181;252;183;267;254
6744.0;89;180;252;184;266;253
6750.0;89;179;252;185;266;253
6756.0;89;179;252;185;266;253
6762.0;89;179;251;186;264;255
6768.0;88;179;251;186;264;256
6774.0;89;179;251;185;263;257
6780.0;90;178;250;186;264;256
6786.0;90;178;250;186;264;256
6792.0;91;178;252;184;263;256
6798.0;89;178;251;186;263;257
6804.0;88;179;251;186;263;257
6810.0;88;179;248;187;264;258
6816.0;88;179;248;187;264;258
6822.0;88;178;248;188;264;258
6828.0;89;179;248;188;262;258
6834.0;86;179;248;188;262;261
6840.0;86;179;250;187;261;261
6846.0;85;181;251;186;261;260
6852.0;88;181;250;186;259;260
6858.0;87;180;250;184;262;261
6864.0;87;179;249;186;262;261
6870.0;86;180;250;185;261;262
6876.0;86;180;251;184;261;262
6882.0;87;179;250;187;260;261
6888.0;87;179;251;187;258;262
6894.0;86;180;254;185;257;262
6900.0;86;180;255;184;257;262
6906.0;87;179;255;184;258;261
6912.0;85;180;256;185;257;261
6918.0;85;180;256;183;257;263
6924.0;85;180;256;184;256;263
6930.0;85;180;255;184;256;264
6936.0;85;180;252;184;258;265
6942.0;84;179;250;186;259;266
6948.0;85;178;250;187;258;266
6954.0;85;178;250;186;259;266
6960.0;84;178;250;187;259;266
6966.0;82;178;251;189;258;266
6972.0;82;177;252;190;258;265
6978.0;82;175;252;191;259;265
6984.0;81;174;253;193;257;266
6990.0;81;175;253;192;257;266
6996.0;81;174;252;193;258;266
7002.0;83;174;253;191;257;266
7008.0;84;173;252;192;257;266
7014.0;85;175;249;193;256;266
7020.0;85;174;249;193;256;267
7026.0;84;174;250;193;256;267
7032.0;86;174;251;192;255;266
7038.0;87;174;252;192;255;264
7044.0;86;175;252;193;255;263
7050.0;87;175;252;193;253;264
7056.0;86;175;252;193;254;264
7062.0;86;174;253;193;253;265
7068.0;89;174;252;191;253;265
7074.0;89;175;252;190;252;266
7080.0;89;175;252;190;251;267
7086.0;88;174;253;190;250;269
7092.0;90;174;253;189;249;269
7098.0;87;173;255;190;249;270
7104.0;87;174;254;190;249;270
7110.0;86;176;253;194;247;268
7116.0;85;175;253;194;248;269
7122.0;86;175;253;193;248;269
7128.0;86;175;252;194;247;270
7134.0;85;175;253;193;248;270
7140.0;85;172;255;193;248;271
7146.0;86;172;255;193;248;270
7152.0;86;171;256;193;248;270
7158.0;87;170;256;194;248;269
7164.0;87;170;256;195;247;269
7170.0;87;169;256;196;247;269
7176.0;87;169;256;196;247;269
7182.0;87;171;257;195;246;268
7188.0;88;171;257;195;245;268
7194.0;89;170;257;196;245;267
7200.0;90;171;256;193;246;268
7206.0;90;171;257;193;247;266
7212.0;90;170;257;193;248;266
7218.0;89;170;259;193;247;266
7224.0;90;169;260;192;248;265
7230.0;90;169;260;192;248;265
7236.0;90;171;260;190;247;266
7242.0;88;172;261;189;247;267
7248.0;88;174;261;187;247;267
7254.0;88;174;261;187;247;267
7260.0;88;172;262;187;247;268
7266.0;88;172;262;187;247;268
7272.0;91;172;262;184;247;268
7278.0;90;170;263;185;248;268
7284.0;90;170;262;185;248;269
7290.0;90;170;262;185;248;269
7296.0;90;170;261;185;249;269
7302.0;89;170;260;186;249;270
7308.0;88;169;260;187;250;270
7314.0;88;169;260;187;251;269
7320.0;88;169;261;186;253;267
7326.0;86;170;261;186;254;267
7332.0;84;172;260;187;255;266
7338.0;84;171;261;187;255;266
7344.0;85;171;261;187;255;265
7350.0;84;171;261;187;256;265
7356.0;85;172;261;187;254;265
7362.0;82;171;263;189;254;265
7368.0;83;171;263;188;255;264
7374.0;83;170;263;188;256;264
7380.0;82;170;263;189;256;264
7386.0;79;170;265;191;256;263
7392.0;80;170;264;190;257;263
7398.0;80;170;265;192;253;264
7404.0;81;171;265;190;252;265
7410.0;81;171;263;192;253;264
7416.0;81;173;263;190;251;266
7422.0;82;174;261;189;251;267
7428.0;82;174;261;189;251;267
7434.0;81;174;262;189;250;268
7440.0;82;172;263;188;251;268
7446.0;82;171;263;189;251;268
7452.0;81;171;265;190;251;266
7458.0;81;170;266;190;252;265
7464.0;82;169;266;190;251;266
7470.0;83;170;265;190;250;266
7476.0;84;170;265;189;249;267
7482.0;85;170;264;188;250;267
7488.0;90;169;262;188;249;266
7494.0;89;170;262;188;249;266
7500.0;89;170;262;188;248;267
7506.0;90;170;261;189;249;265
7512.0;91;170;260;188;250;265
7518.0;90;170;262;186;251;265
7524.0;90;169;262;185;251;267
7530.0;91;168;263;185;251;266
7536.0;91;168;263;186;250;266
7542.0;90;167;263;189;251;264
7548.0;90;167;263;188;251;265
7554.0;89;168;263;188;250;266
7560.0;89;168;264;188;249;266
7566.0;89;168;265;186;250;266
7572.0;90;169;264;184;251;266
7578.0;92;168;264;183;251;266
7584.0;91;167;267;184;250;265
7590.0;91;166;267;185;251;264
7596.0;92;165;266;184;251;266
7602.0;92;165;265;184;253;265
7608.0;90;164;265;186;254;265
7614.0;90;164;265;186;253;266
7620.0;90;164;265;186;251;268
7626.0;91;166;265;183;250;269
7632.0;90;167;263;183;250;271
7638.0;90;167;262;183;251;271
7644.0;91;168;259;184;250;272
7650.0;90;168;261;185;249;271
7656.0;91;169;262;185;247;270
7662.0;92;169;260;185;247;271
7668.0;94;168;259;184;248;271
7674.0;94;168;260;184;248;270
7680.0;95;168;259;182;249;271
7686.0;95;169;260;182;246;272
7692.0;95;169;259;182;247;272
7698.0;96;169;258;182;247;272
7704.0;95;171;257;181;248;272
7710.0;96;171;256;181;248;272
7716.0;95;170;257;180;248;274
7722.0;96;170;257;181;247;273
7728.0;95;170;257;181;247;274
7734.0;95;171;257;180;246;275
7740.0;94;171;257;180;249;273
7746.0;94;172;255;180;250;273
7752.0;94;172;256;178;249;275
7758.0;97;170;258;177;247;275
7764.0;97;170;258;177;246;276
7770.0;97;169;258;178;246;276
7776.0;96;169;259;178;246;276
7782.0;97;170;259;175;246;277
7788.0;97;169;259;176;246;277
7794.0;96;168;259;178;245;278
7800.0;97;167;257;179;246;278
7806.0;98;166;257;179;245;279
7812.0;99;167;256;179;245;278
7818.0;99;167;257;179;243;279
7824.0;99;168;257;180;243;277
7830.0;99;165;258;181;245;276
7836.0;98;165;259;181;245;276
7842.0;98;164;260;183;243;276
7848.0;99;164;259;183;243;276
7854.0;99;164;259;183;243;276
7860.0;99;166;259;182;243;275
7866.0;98;167;258;181;245;275
7872.0;96;167;259;181;245;276
7878.0;96;168;260;180;244;276
7884.0;97;168;258;181;244;276
7890.0;97;168;258;180;244;277
7896.0;98;167;258;182;244;275
7902.0;98;169;257;182;244;274
7908.0;99;170;256;182;242;275
7914.0;101;171;256;181;242;273
7920.0;99;169;256;183;243;274
7926.0;99;169;256;183;243;274
7932.0;99;170;257;182;242;274
7938.0;99;170;257;183;243;272
7944.0;99;170;256;183;243;273
7950.0;101;170;255;183;242;273
7956.0;100;170;254;184;242;274
7962.0;98;169;254;185;242;276
7968.0;98;168;254;186;242;276
7974.0;99;168;254;186;242;275
7980.0;99;168;254;186;242;275
7986.0;99;169;255;186;240;275
7992.0;101;169;255;185;240;274
7998.0;102;169;253;184;242;274
8004.0;101;169;254;183;241;276
8010.0;102;169;254;183;241;275
8016.0;103;169;253;183;242;274
8022.0;103;169;253;182;242;275
8028.0;103;169;253;181;242;276
8034.0;104;169;253;182;243;273
8040.0;104;168;252;183;243;274
8046.0;102;169;252;183;244;274
8052.0;104;168;254;182;243;273
8058.0;103;168;254;182;245;272
8064.0;102;168;254;182;246;272
8070.0;102;168;254;183;246;271
8076.0;102;168;254;183;246;271
8082.0;102;168;255;183;246;270
8088.0;102;169;256;182;246;269
8094.0;103;169;256;181;247;268
8100.0;103;169;255;182;247;268
8106.0;103;168;255;181;247;270
8112.0;103;169;254;181;249;268
8118.0;103;169;254;181;249;268
8124.0;103;170;255;181;248;267
8130.0;104;168;256;182;247;267
8136.0;104;168;257;183;246;266
8142.0;104;168;257;183;246;266
8148.0;104;167;257;183;247;266
8154.0;104;164;260;183;246;267
8160.0;103;166;259;183;246;267
8166.0;102;165;259;185;245;268
8172.0;102;165;259;185;244;269
8178.0;102;163;260;186;245;268
8184.0;99;163;260;188;246;268
8190.0;99;161;262;189;245;268
8196.0;99;161;261;189;246;268
8202.0;99;162;262;187;247;267
8208.0;99;161;264;187;247;266
8214.0;97;161;266;188;246;266
8220.0;98;162;266;188;245;265
8226.0;97;161;265;189;245;267
8232.0;97;161;265;189;245;267
8238.0;98;161;266;189;243;267
8244.0;97;162;265;190;242;268
8250.0;96;163;265;189;242;269
8256.0;97;163;265;188;242;269
8262.0;95;164;268;188;241;268
8268.0;95;164;267;189;242;267
8274.0;95;164;267;189;242;267
8280.0;95;164;267;189;242;267
8286.0;96;164;267;188;242;267
8292.0;97;163;267;188;242;267
8298.0;96;164;267;188;242;267
8304.0;96;166;267;187;243;265
8310.0;95;166;264;188;243;268
8316.0;95;165;264;188;244;268
8322.0;94;163;264;189;246;268
8328.0;93;164;265;189;246;267
8334.0;92;164;267;189;246;266
8340.0;92;164;267;189;246;266
8346.0;90;164;266;191;247;266
8352.0;91;164;266;191;245;267
8358.0;91;164;266;191;244;268
8364.0;91;165;264;191;244;269
8370.0;92;164;263;193;245;267
8376.0;92;162;263;191;248;268
8382.0;93;162;262;190;250;267
8388.0;95;162;258;189;254;266
8394.0;95;162;259;189;253;266
8400.0;94;162;260;190;253;265
8406.0;93;163;261;191;253;263
8412.0;93;163;261;191;252;264
8418.0;94;164;260;190;252;264
8424.0;94;164;260;193;250;263
8430.0;94;164;260;193;251;262
8436.0;94;164;260;194;250;262
8442.0;96;164;259;194;251;260
8448.0;96;165;259;193;251;260
8454.0;96;164;259;194;251;260
8460.0;96;164;258;196;250;260
8466.0;95;165;257;197;251;259
8472.0;95;165;257;197;251;259
8478.0;95;165;258;197;249;260
8484.0;94;165;257;197;250;261
8490.0;92;167;258;197;249;261
8496.0;91;168;254;197;250;264
8502.0;91;168;254;197;250;264
8508.0;91;168;255;197;249;264
8514.0;91;167;254;197;250;265
8520.0;91;167;254;195;250;267
8526.0;90;168;254;194;251;267
8532.0;90;168;254;194;252;266
8538.0;90;168;254;193;252;267
8544.0;91;168;254;193;252;266
8550.0;93;166;255;193;250;267
8556.0;93;166;254;193;250;268
8562.0;92;167;255;192;248;270
8568.0;93;166;256;191;247;271
8574.0;94;166;257;188;248;271
8580.0;94;165;258;186;248;273
8586.0;95;164;257;187;248;273
8592.0;94;164;257;187;248;274
8598.0;94;165;257;188;246;274
8604.0;95;166;255;189;246;273
8610.0;95;166;256;189;245;273
8616.0;95;166;257;190;244;272
8622.0;96;167;257;190;244;270
8628.0;96;167;256;191;244;270
8634.0;95;167;256;190;245;271
8640.0;94;166;257;190;247;270
8646.0;94;167;256;190;247;270
8652.0;94;167;256;190;247;270
8658.0;94;165;255;190;251;269
8664.0;94;165;254;189;252;270
8670.0;93;169;252;188;252;270
8676.0;93;169;253;187;252;270
8682.0;94;169;253;187;251;270
8688.0;95;169;254;186;251;269
8694.0;96;169;253;185;251;270
8700.0;96;168;253;186;251;270
8706.0;94;169;253;186;251;271
8712.0;93;168;253;190;251;269
8718.0;94;168;253;190;251;268
8724.0;94;168;254;191;251;266
8730.0;92;168;255;189;253;267
8736.0;92;166;258;189;250;269
8742.0;94;166;258;189;251;266
8748.0;94;167;260;189;250;264
8754.0;93;168;262;188;249;264
8760.0;93;168;262;188;248;265
8766.0;93;169;261;188;248;265
8772.0;91;171;262;190;245;265
8778.0;93;171;261;189;246;264
8784.0;92;170;262;189;246;265
8790.0;91;170;262;189;245;267
8796.0;91;170;263;188;244;268
8802.0;93;170;263;187;242;269
8808.0;93;169;264;187;242;269
8814.0;94;168;263;186;243;270
8820.0;94;167;263;185;243;272
8826.0;93;167;262;186;243;273
8832.0;95;167;261;186;242;273
8838.0;96;168;261;186;242;271
8844.0;94;168;262;185;244;271
8850.0;93;169;262;186;243;271
8856.0;92;168;262;187;243;272
8862.0;93;171;260;187;242;271
8868.0;93;173;261;187;240;270
8874.0;93;173;261;188;240;269
8880.0;93;173;263;188;238;269
8886.0;92;174;262;187;239;270
8892.0;92;174;262;187;239;270
8898.0;93;173;262;188;237;271
8904.0;93;171;262;188;237;273
8910.0;93;170;262;188;238;273
8916.0;93;170;263;187;238;273
8922.0;94;170;263;187;237;273
8928.0;92;170;263;188;238;273
8934.0;94;171;263;187;237;272
8940.0;93;170;264;187;238;272
8946.0;94;169;264;186;241;270
8952.0;94;169;263;186;242;270
8958.0;93;169;263;186;242;271
8964.0;94;168;264;185;242;271
8970.0;94;169;264;184;242;271
8976.0;94;170;264;184;239;273
8982.0;94;169;265;184;238;274
8988.0;94;168;265;185;238;274
8994.0;94;168;265;185;239;273
9000.0;98;168;265;181;238;274
9006.0;96;167;266;180;241;274
9012.0;96;166;266;181;241;274
9018.0;94;167;266;181;243;273
9024.0;94;169;267;180;241;273
9030.0;94;169;269;180;241;271
9036.0;95;169;270;180;240;270
9042.0;95;168;270;180;240;271
9048.0;97;170;269;180;238;270
9054.0;98;169;270;180;238;269
9060.0;98;171;268;180;238;269
9066.0;98;171;268;181;237;269
9072.0;98;171;268;181;236;270
9078.0;98;171;267;181;237;270
9084.0;97;172;267;182;237;269
9090.0;96;170;268;182;239;269
9096.0;96;171;269;181;239;268
9102.0;96;171;269;179;239;270
9108.0;96;171;269;177;239;272
9114.0;98;170;269;176;239;272
9120.0;97;169;270;176;239;273
9126.0;95;170;272;176;238;273
9132.0;96;170;273;174;239;272
9138.0;96;170;273;175;240;270
9144.0;96;170;273;175;239;271
9150.0;99;169;271;175;240;270
9156.0;100;167;272;174;240;271
9162.0;101;167;272;174;240;270
9168.0;101;168;273;173;240;269
9174.0;101;168;272;174;240;269
9180.0;102;168;273;174;240;267
9186.0;103;169;272;174;240;266
9192.0;102;168;273;175;240;266
9198.0;104;167;273;175;240;265
9204.0;104;168;273;175;240;264
9210.0;104;167;271;176;240;266
9216.0;106;166;271;176;240;265
9222.0;107;166;271;176;239;265
9228.0;108;166;271;176;239;264
9234.0;106;166;272;178;238;264
9240.0;106;166;272;179;237;264
9246.0;108;166;272;179;237;262
9252.0;108;166;272;180;238;260
9258.0;106;166;273;178;239;262
9264.0;105;166;274;178;239;262
9270.0;105;165;275;178;239;262
9276.0;106;165;277;178;237;261
9282.0;107;164;277;179;237;260
9288.0;107;164;277;179;236;261
9294.0;108;162;277;179;236;262
9300.0;107;162;278;179;237;261
9306.0;107;162;277;178;239;261
9312.0;106;164;277;177;239;261
9318.0;106;163;278;176;240;261
9324.0;106;163;277;177;240;261
9330.0;106;162;279;178;241;258
9336.0;107;161;280;178;241;257
9342.0;107;161;281;178;241;256
9348.0;107;160;281;178;242;256
9354.0;107;160;279;180;242;256
9360.0;108;160;278;179;242;257
9366.0;106;161;278;179;243;257
9372.0;106;160;279;179;244;256
9378.0;106;160;278;180;244;256
9384.0;105;161;278;180;244;256
9390.0;105;161;278;180;243;257
9396.0;104;161;278;180;244;257
9402.0;103;160;279;178;246;258
9408.0;103;159;279;179;246;258
9414.0;104;158;279;179;245;259
9420.0;105;158;279;178;244;260
9426.0;104;158;279;177;245;261
9432.0;103;157;279;178;246;261
9438.0;102;156;280;176;248;262
9444.0;101;157;280;176;247;263
9450.0;104;159;279;175;244;263
9456.0;105;159;280;174;244;262
9462.0;105;158;281;174;244;262
9468.0;105;158;281;174;244;262
9474.0;105;158;281;176;242;262
9480.0;107;157;281;176;242;261
9486.0;107;157;282;177;241;260
9492.0;107;157;282;177;241;260
9498.0;109;157;279;176;243;260
9504.0;110;158;279;176;242;259
9510.0;110;158;278;176;242;260
9516.0;110;159;279;174;242;260
9522.0;110;160;279;173;242;260
9528.0;110;160;280;174;241;259
9534.0;109;157;281;177;242;258
9540.0;108;157;282;177;242;258
9546.0;108;156;282;180;241;257
9552.0;107;156;281;180;243;257
9558.0;107;157;280;180;243;257
9564.0;108;156;280;180;243;257
9570.0;107;156;280;181;242;258
9576.0;109;155;279;181;242;258
9582.0;110;156;277;182;243;256
9588.0;110;156;277;180;244;257
9594.0;109;156;277;179;244;259
9600.0;110;156;278;178;243;259
9606.0;110;154;280;176;244;260
9612.0;110;155;279;176;244;260
9618.0;110;156;279;176;244;259
9624.0;108;156;277;177;245;261
9630.0;108;158;278;179;242;259
9636.0;108;158;277;179;243;259
9642.0;107;159;277;179;242;260
9648.0;109;158;277;179;240;261
9654.0;110;159;279;177;239;260
9660.0;110;159;280;177;238;260
9666.0;110;160;280;176;238;260
9672.0;110;160;280;175;239;260
9678.0;110;160;280;174;240;260
9684.0;110;159;280;174;241;260
9690.0;109;159;281;175;241;259
9696.0;108;159;281;175;242;259
9702.0;108;159;281;175;241;260
9708.0;109;158;281;175;241;260
9714.0;110;158;281;175;241;259
9720.0;110;157;280;175;242;260
9726.0;110;157;280;176;241;260
9732.0;108;156;281;175;244;260
9738.0;108;155;282;176;244;259
9744.0;108;156;281;176;243;260
9750.0;106;157;281;177;243;260
9756.0;107;157;282;177;243;258
9762.0;106;158;282;178;242;258
9768.0;104;158;282;178;244;258
9774.0;105;158;282;178;244;257
9780.0;105;158;283;177;243;258
9786.0;106;158;283;177;243;257
9792.0;106;158;283;178;243;256
9798.0;105;158;283;179;243;256
9804.0;105;159;282;179;243;256
9810.0;103;160;281;179;245;256
9816.0;103;160;280;179;245;257
9822.0;104;161;278;179;245;257
9828.0;103;161;279;179;245;257
9834.0;102;161;280;179;245;257
9840.0;104;161;279;180;244;256
9846.0;105;161;278;181;244;255
9852.0;105;162;279;182;242;254
9858.0;107;164;279;180;240;254
9864.0;107;164;277;184;238;254
9870.0;107;165;277;183;238;254
9876.0;106;164;277;185;238;254
9882.0;106;165;279;185;236;253
9888.0;106;165;278;185;236;254
9894.0;106;165;278;185;236;254
9900.0;106;166;279;183;236;254
9906.0;106;167;277;183;236;255
9912.0;108;164;278;182;236;256
9918.0;107;163;278;183;237;256
9924.0;107;163;277;183;237;257
9930.0;106;164;278;183;237;256
9936.0;104;164;279;184;236;257
9942.0;103;164;279;184;238;256
9948.0;103;163;277;184;238;259
9954.0;102;162;279;183;238;260
9960.0;103;161;279;183;237;261
9966.0;103;161;280;182;237;261
9972.0;103;162;278;181;239;261
9978.0;103;162;278;181;240;260
9984.0;103;163;276;180;242;260
9990.0;103;165;276;178;242;260
9996.0;103;165;275;179;242;260
10002.0;103;164;275;179;242;261
10008.0;102;165;275;178;242;262
10014.0;102;164;276;178;243;261
10020.0;102;167;276;177;243;259
10026.0;103;164;275;178;245;259
10032.0;103;164;276;176;246;259
10038.0;102;163;279;175;246;259
10044.0;102;164;278;174;247;259
10050.0;102;164;277;175;247;259
10056.0;102;164;278;174;247;259
10062.0;103;164;278;173;247;259
10068.0;104;163;276;173;247;261
10074.0;104;163;276;173;247;261
10080.0;104;163;276;173;247;261
10086.0;104;163;276;173;246;262
10092.0;104;165;277;171;246;261
10098.0;104;165;278;171;246;260
10104.0;104;165;280;170;245;260
10110.0;103;166;279;171;245;260
10116.0;104;165;279;171;244;261
10122.0;104;164;279;172;244;261
10128.0;102;163;278;174;245;262
10134.0;104;161;277;174;246;262
10140.0;102;165;277;174;245;261
10146.0;102;165;277;173;246;261
10152.0;103;165;276;173;246;261
10158.0;103;164;278;172;246;261
10164.0;104;165;278;170;246;261
10170.0;103;165;278;171;247;260
10176.0;101;165;280;171;247;260
10182.0;101;163;281;172;247;260
10188.0;101;165;280;172;246;260
10194.0;100;166;280;171;246;261
10200.0;98;165;281;172;247;261
10206.0;99;165;282;172;246;260
10212.0;98;166;281;174;245;260
10218.0;97;165;280;176;245;261
10224.0;96;167;280;174;247;260
10230.0;96;167;280;174;247;260
10236.0;96;166;280;176;246;260
10242.0;94;168;280;175;246;261
10248.0;95;169;279;174;246;261
10254.0;94;170;279;175;245;261
10260.0;93;170;279;174;246;262
10266.0;92;170;278;175;246;263
10272.0;92;170;278;175;245;264
10278.0;92;171;278;174;245;264
10284.0;92;170;279;174;244;265
10290.0;93;170;278;174;244;265
10296.0;93;170;278;175;244;264
10302.0;94;169;277;176;245;263
10308.0;94;169;279;175;246;261
10314.0;94;168;279;175;245;263
10320.0;94;168;280;175;245;262
10326.0;94;168;280;175;245;262
10332.0;94;168;280;175;245;262
10338.0;95;168;280;174;245;262
10344.0;95;168;278;175;245;263
10350.0;95;168;279;176;245;261
10356.0;95;168;281;176;243;261
10362.0;95;168;281;176;244;260
10368.0;95;168;280;177;244;260
10374.0;95;167;278;177;246;261
10380.0;95;167;277;176;248;261
10386.0;96;167;277;176;247;261
10392.0;95;168;277;176;246;262
10398.0;94;167;278;176;247;262
10404.0;94;166;277;176;250;261
10410.0;94;164;277;177;250;262
10416.0;93;165;276;177;250;263
10422.0;93;165;279;177;249;261
10428.0;93;165;279;177;249;261
10434.0;93;164;278;177;250;262
10440.0;94;162;277;178;250;263
10446.0;94;161;279;177;251;262
10452.0;95;159;279;176;252;263
10458.0;96;160;278;175;254;261
10464.0;96;160;279;175;255;259
10470.0;96;159;279;175;256;259
10476.0;97;159;282;174;255;257
10482.0;97;159;282;174;255;257
10488.0;97;159;281;174;256;257
10494.0;98;159;282;174;254;257
10500.0;98;160;282;174;253;257
10506.0;98;161;280;174;254;257
10512.0;99;159;280;174;255;257
10518.0;98;160;280;174;256;256
10524.0;99;157;280;174;256;258
10530.0;99;157;281;173;256;258
10536.0;98;157;281;174;256;258
10542.0;99;157;281;174;254;259
10548.0;100;156;279;174;255;260
10554.0;101;156;279;172;254;262
10560.0;101;155;280;172;254;262
10566.0;102;156;281;170;254;261
10572.0;101;158;281;172;253;259
10578.0;103;159;280;170;254;258
10584.0;103;157;284;169;253;258
10590.0;103;156;284;169;254;258
10596.0;103;155;286;169;253;258
10602.0;103;154;285;170;254;258
10608.0;103;153;285;172;253;258
10614.0;103;152;285;174;254;256
10620.0;102;152;284;175;253;258
10626.0;100;152;284;177;252;259
10632.0;99;152;284;177;253;259
10638.0;99;152;283;175;255;260
10644.0;99;152;283;174;255;261
10650.0;99;152;283;174;255;261
10656.0;100;151;282;174;255;262
10662.0;99;150;283;175;255;262
10668.0;98;150;283;175;256;262
10674.0;98;151;282;175;257;261
10680.0;97;152;282;176;257;260
10686.0;98;153;279;176;257;261
10692.0;98;149;280;176;258;263
10698.0;100;149;280;173;259;263
10704.0;101;149;280;173;259;262
10710.0;102;152;275;174;259;262
10716.0;102;152;275;175;258;262
10722.0;103;154;274;173;260;260
10728.0;104;153;274;171;263;259
10734.0;104;152;274;172;263;259
10740.0;103;152;276;173;261;259
10746.0;104;154;274;173;260;259
10752.0;104;153;273;173;260;261
10758.0;104;154;274;173;259;260
10764.0;105;157;273;172;258;259
10770.0;105;157;274;171;259;258
10776.0;102;161;274;173;258;256
10782.0;101;161;275;173;257;257
10788.0;101;162;276;171;257;257
10794.0;101;163;276;171;257;256
