#auto generated file!
12.0;230;251;245;257;262;285
18.0;234;250;244;257;262;283
24.0;235;251;244;256;261;283
30.0;233;251;245;256;262;283
36.0;232;252;245;256;262;283
42.0;227;251;245;260;265;282
48.0;228;252;246;257;265;282
54.0;228;252;245;257;265;283
60.0;227;251;245;258;264;285
66.0;228;252;245;258;263;284
72.0;227;253;245;255;263;287
78.0;228;254;245;255;262;286
84.0;227;255;244;253;262;289
90.0;227;255;244;252;263;289
96.0;227;254;245;250;265;289
102.0;225;254;248;250;264;289
108.0;223;256;248;250;263;290
114.0;223;257;245;250;266;289
120.0;222;258;246;250;265;289
126.0;225;256;245;251;264;289
132.0;223;256;244;252;266;289
138.0;222;258;242;253;265;290
144.0;217;259;242;254;267;291
150.0;217;260;242;253;267;291
156.0;218;259;243;253;266;291
162.0;221;257;244;252;265;291
168.0;220;257;244;251;265;293
174.0;218;258;245;251;265;293
180.0;213;260;245;253;266;293
186.0;212;262;246;252;265;293
192.0;210;262;248;253;264;293
198.0;210;262;248;252;264;294
204.0;209;261;248;254;263;295
210.0;208;260;248;255;263;296
216.0;208;263;248;252;263;296
222.0;206;264;248;253;262;297
228.0;204;264;248;253;263;298
234.0;205;263;248;253;262;299
240.0;204;263;248;253;263;299
246.0;203;262;249;253;263;300
252.0;205;261;249;251;265;299
258.0;204;261;247;250;266;302
264.0;205;260;248;247;266;304
270.0;203;262;248;247;266;304
276.0;203;260;247;249;266;305
282.0;204;261;245;249;266;305
288.0;202;263;246;248;266;305
294.0;202;262;246;249;266;305
300.0;202;262;246;249;266;305
306.0;203;262;246;247;267;305
312.0;203;262;246;246;270;303
318.0;199;261;246;247;272;305
324.0;199;261;245;248;272;305
330.0;199;261;247;249;269;305
336.0;198;262;249;248;268;305
342.0;195;263;250;247;269;306
348.0;195;264;248;247;270;306
354.0;195;265;246;248;270;306
360.0;195;265;247;248;270;305
366.0;196;265;247;247;269;306
372.0;195;266;247;246;269;307
378.0;195;266;248;246;267;308
384.0;195;265;249;247;267;307
390.0;195;265;247;248;267;308
396.0;195;264;248;247;268;308
402.0;194;264;248;246;269;309
408.0;194;264;248;246;269;309
414.0;194;262;249;246;270;309
420.0;193;261;249;245;272;310
426.0;194;261;249;245;272;309
432.0;196;261;250;243;271;309
438.0;194;262;251;244;270;309
444.0;193;265;250;243;269;310
450.0;193;267;251;241;268;310
456.0;191;267;251;241;268;312
462.0;193;267;249;240;270;311
468.0;194;265;252;238;271;310
474.0;194;263;253;239;269;312
480.0;191;264;253;239;272;311
486.0;190;265;255;238;271;311
492.0;189;265;254;239;271;312
498.0;191;264;254;239;271;311
504.0;191;264;256;239;271;309
510.0;192;264;258;238;270;308
516.0;190;264;259;238;270;309
522.0;190;265;260;238;270;307
528.0;190;265;261;238;269;307
534.0;189;267;262;238;268;306
540.0;185;266;264;240;269;306
546.0;186;264;263;240;269;308
552.0;186;264;263;240;269;308
558.0;186;264;263;240;269;308
564.0;186;264;263;239;269;309
570.0;184;264;263;241;269;309
576.0;181;264;263;242;269;311
582.0;179;265;264;242;269;311
588.0;180;266;264;241;269;310
594.0;180;267;264;240;268;311
600.0;180;267;264;239;269;311
606.0;181;266;265;238;268;312
612.0;181;266;265;238;268;312
618.0;181;267;266;237;269;310
624.0;180;269;266;236;268;311
630.0;181;271;266;235;267;310
636.0;181;270;267;236;266;310
642.0;182;269;268;235;266;310
648.0;183;268;267;235;266;311
654.0;183;266;268;236;266;311
660.0;181;264;267;239;267;312
666.0;180;263;268;239;268;312
672.0;180;264;268;238;268;312
678.0;178;263;268;238;272;311
684.0;180;261;270;237;271;311
690.0;180;260;271;238;271;310
696.0;179;260;272;237;271;311
702.0;177;260;273;237;270;313
708.0;177;259;270;236;273;315
714.0;177;259;270;236;274;314
720.0;177;259;270;237;273;314
726.0;175;258;273;238;272;314
732.0;174;258;272;239;273;314
738.0;173;258;272;239;274;314
744.0;174;256;274;239;274;313
750.0;173;254;273;240;277;313
756.0;173;254;273;240;277;313
762.0;174;254;273;239;276;314
768.0;175;253;272;239;277;314
774.0;176;252;273;239;276;314
780.0;176;252;273;239;276;314
786.0;173;252;274;238;276;317
792.0;173;252;273;239;276;317
798.0;172;252;272;239;278;317
804.0;171;253;273;239;278;316
810.0;169;253;274;239;277;318
816.0;166;253;273;240;278;320
822.0;167;252;273;241;278;319
828.0;166;253;273;240;278;320
834.0;165;252;273;241;278;321
840.0;167;252;273;241;278;319
846.0;166;252;273;240;279;320
852.0;166;250;276;239;279;320
858.0;167;249;275;239;281;319
864.0;167;249;275;240;280;319
870.0;168;248;275;241;279;319
876.0;168;248;274;242;278;320
882.0;169;247;275;242;276;321
888.0;168;245;278;241;277;321
894.0;165;243;280;241;278;323
900.0;164;244;281;241;277;323
906.0;165;244;282;241;276;322
912.0;166;243;281;241;277;322
918.0;166;244;280;241;278;321
924.0;166;245;281;239;278;321
930.0;165;246;282;239;279;319
936.0;163;248;281;238;279;321
942.0;164;249;281;237;278;321
948.0;163;249;282;237;278;321
954.0;163;249;282;236;278;322
960.0;164;248;282;235;278;323
966.0;165;249;283;234;276;323
972.0;165;246;285;233;279;322
978.0;163;245;286;234;280;322
984.0;163;246;285;235;280;321
990.0;164;250;284;232;280;320
996.0;163;251;284;230;281;321
1002.0;162;252;284;229;281;322
1008.0;161;253;286;227;282;321
1014.0;159;253;288;228;283;319
1020.0;159;253;289;227;282;320
1026.0;158;251;289;229;282;321
1032.0;159;252;287;229;281;322
1038.0;159;251;288;228;282;322
1044.0;159;251;288;226;283;323
1050.0;157;253;289;224;284;323
1056.0;156;255;289;224;284;322
1062.0;157;256;287;224;283;323
1068.0;156;257;285;225;286;321
1074.0;159;256;287;225;286;317
1080.0;158;257;287;226;285;317
1086.0;156;256;286;227;288;317
1092.0;156;254;287;227;291;315
1098.0;156;255;286;225;292;316
1104.0;155;256;286;226;291;316
1110.0;157;256;285;227;291;314
1116.0;156;255;286;227;290;316
1122.0;157;254;286;228;289;316
1128.0;157;251;286;229;290;317
1134.0;157;251;286;229;291;316
1140.0;156;251;286;230;290;317
1146.0;155;251;286;229;292;317
1152.0;158;251;286;228;290;317
1158.0;157;253;284;230;289;317
1164.0;156;254;282;231;289;318
1170.0;157;254;283;228;289;319
1176.0;160;252;282;228;289;319
1182.0;160;252;282;228;289;319
1188.0;159;253;282;227;289;320
1194.0;158;254;282;228;288;320
1200.0;156;256;282;227;288;321
1206.0;156;256;282;225;289;322
1212.0;156;255;284;223;289;323
1218.0;156;254;283;224;289;324
1224.0;156;253;283;225;289;324
1230.0;154;254;282;225;290;325
1236.0;155;255;282;224;290;324
1242.0;157;255;283;225;288;322
1248.0;156;255;284;225;289;321
1254.0;155;255;284;227;288;321
1260.0;153;254;284;230;288;321
1266.0;153;253;283;233;287;321
1272.0;154;254;280;233;289;320
1278.0;153;253;280;233;290;321
1284.0;152;251;280;235;290;322
1290.0;152;251;282;233;291;321
1296.0;152;251;282;233;291;321
1302.0;152;251;281;234;291;321
1308.0;151;252;280;234;291;322
1314.0;149;252;280;234;292;323
1320.0;151;252;279;235;291;322
1326.0;151;248;279;238;291;323
1332.0;150;249;280;237;291;323
1338.0;149;248;281;237;293;322
1344.0;150;249;280;239;293;319
1350.0;150;248;279;241;293;319
1356.0;151;248;279;242;294;316
1362.0;151;248;279;243;293;316
1368.0;151;247;281;243;293;315
1374.0;152;246;281;243;293;315
1380.0;155;244;280;243;294;314
1386.0;155;245;279;243;294;314
1392.0;155;245;278;244;293;315
1398.0;154;246;279;242;294;315
1404.0;152;248;278;242;295;315
1410.0;152;247;279;243;293;316
1416.0;151;247;278;244;293;317
1422.0;152;248;278;243;293;316
1428.0;149;249;274;245;297;316
1434.0;146;252;274;245;297;316
1440.0;145;254;276;245;297;313
1446.0;143;255;275;245;297;315
1452.0;142;256;274;247;298;313
1458.0;143;255;276;246;297;313
1464.0;143;255;275;245;298;314
1470.0;143;254;277;245;298;313
1476.0;143;255;277;244;299;312
1482.0;143;255;278;244;299;311
1488.0;142;255;279;245;298;311
1494.0;142;255;277;245;298;313
1500.0;143;254;276;246;299;312
1506.0;142;256;275;246;299;312
1512.0;142;256;276;245;299;312
1518.0;141;255;277;246;299;312
1524.0;138;255;277;247;301;312
1530.0;138;256;277;247;300;312
1536.0;137;254;277;247;301;314
1542.0;137;252;277;248;302;314
1548.0;136;253;278;248;301;314
1554.0;137;254;278;248;300;313
1560.0;136;254;278;248;300;314
1566.0;136;253;277;248;302;314
1572.0;137;254;277;249;300;313
1578.0;137;253;278;249;298;315
1584.0;138;253;279;247;297;316
1590.0;139;253;279;247;297;315
1596.0;140;252;278;249;296;315
1602.0;142;253;277;248;296;314
1608.0;139;253;278;248;296;316
1614.0;140;252;277;250;296;315
1620.0;139;252;276;250;297;316
1626.0;139;252;275;251;297;316
1632.0;137;253;276;251;296;317
1638.0;137;253;275;251;297;317
1644.0;139;253;275;250;298;315
1650.0;139;252;275;251;299;314
1656.0;139;250;275;251;302;313
1662.0;138;250;277;251;302;312
1668.0;139;250;278;249;301;313
1674.0;139;251;279;249;301;311
1680.0;140;250;279;249;301;311
1686.0;140;250;279;249;301;311
1692.0;139;251;278;248;300;314
1698.0;139;251;278;248;300;314
1704.0;138;252;278;247;300;315
1710.0;138;253;278;246;300;315
1716.0;138;252;279;247;299;315
1722.0;140;252;278;248;298;314
1728.0;138;252;278;248;300;314
1734.0;138;252;280;249;299;312
1740.0;138;252;280;250;299;311
1746.0;138;252;278;251;299;312
1752.0;137;253;277;252;299;312
1758.0;135;252;277;252;301;313
1764.0;134;253;278;252;300;313
1770.0;136;250;278;251;301;314
1776.0;138;248;277;251;301;315
1782.0;137;248;279;251;301;314
1788.0;136;247;278;253;300;316
1794.0;137;244;278;253;302;316
1800.0;136;244;279;255;302;314
1806.0;134;244;279;255;304;314
1812.0;134;245;279;254;304;314
1818.0;134;247;278;255;303;313
1824.0;133;247;277;256;303;314
1830.0;133;249;277;255;302;314
1836.0;131;250;278;256;302;313
1842.0;131;249;279;257;302;312
1848.0;132;248;279;257;303;311
1854.0;131;248;281;257;302;311
1860.0;131;247;281;258;301;312
1866.0;128;247;282;262;299;312
1872.0;128;245;283;263;300;311
1878.0;129;244;284;263;298;312
1884.0;130;243;284;263;300;310
1890.0;127;245;286;265;298;309
1896.0;127;244;286;265;299;309
1902.0;125;244;287;264;297;313
1908.0;125;245;289;263;295;313
1914.0;125;246;289;262;295;313
1920.0;124;244;289;262;297;314
1926.0;125;242;289;262;296;316
1932.0;127;242;289;261;295;316
1938.0;126;242;290;259;294;319
1944.0;126;243;291;260;293;317
1950.0;126;244;291;257;293;319
1956.0;128;242;293;256;293;318
1962.0;126;244;292;257;292;319
1968.0;125;244;291;259;293;318
1974.0;126;245;291;260;293;315
1980.0;128;244;291;260;294;313
1986.0;129;245;291;259;295;311
1992.0;126;246;291;260;295;312
1998.0;127;245;291;260;295;312
2004.0;127;243;293;258;295;314
2010.0;127;244;292;258;296;313
2016.0;127;243;293;258;297;312
2022.0;129;244;292;257;297;311
2028.0;129;245;291;256;298;311
2034.0;130;244;291;258;298;309
2040.0;131;243;291;258;299;308
2046.0;130;243;290;259;300;308
2052.0;131;243;290;258;300;308
2058.0;131;244;290;258;299;308
2064.0;130;245;290;258;298;309
2070.0;130;245;291;257;297;310
2076.0;128;245;293;257;297;310
2082.0;126;247;292;258;297;310
2088.0;125;247;291;258;299;310
2094.0;126;247;291;258;300;308
2100.0;126;249;291;258;299;307
2106.0;126;249;292;259;299;305
2112.0;127;250;292;258;298;305
2118.0;127;250;293;257;298;305
2124.0;126;249;293;257;301;304
2130.0;126;249;293;257;301;304
2136.0;125;250;293;257;301;304
2142.0;126;250;293;256;300;305
2148.0;127;250;292;257;299;305
2154.0;126;251;292;257;299;305
2160.0;126;251;293;257;299;304
2166.0;125;252;292;256;299;306
2172.0;125;249;293;257;298;308
2178.0;125;249;292;258;298;308
2184.0;123;251;292;257;299;308
2190.0;123;251;292;258;298;308
2196.0;122;251;292;258;298;309
2202.0;121;251;292;259;298;309
2208.0;121;251;290;260;299;309
2214.0;121;252;291;260;299;307
2220.0;121;251;291;260;299;308
2226.0;121;250;292;260;298;309
2232.0;123;250;291;259;299;308
2238.0;123;249;291;257;299;311
2244.0;123;248;292;257;299;311
2250.0;122;248;292;257;301;310
2256.0;123;247;292;256;301;311
2262.0;124;247;291;257;302;309
2268.0;127;249;290;256;300;308
2274.0;128;249;289;255;301;308
2280.0;128;249;289;255;301;308
2286.0;129;248;289;255;301;308
2292.0;129;247;289;255;302;308
2298.0;130;247;289;255;302;307
2304.0;132;246;290;256;300;306
2310.0;133;246;290;257;299;305
2316.0;132;248;291;256;298;305
2322.0;132;246;292;257;298;305
2328.0;130;247;291;259;297;306
2334.0;129;247;294;258;296;306
2340.0;129;246;293;259;296;307
2346.0;131;247;290;260;297;305
2352.0;132;247;287;260;300;304
2358.0;132;247;287;260;300;304
2364.0;132;247;286;259;301;305
2370.0;130;248;285;260;303;304
2376.0;129;247;285;262;302;305
2382.0;129;247;283;262;301;308
2388.0;129;247;283;261;302;308
2394.0;128;245;283;262;303;309
2400.0;127;244;282;263;302;312
2406.0;127;245;281;263;302;312
2412.0;127;245;281;261;304;312
2418.0;127;244;283;262;303;311
2424.0;127;243;283;262;304;311
2430.0;128;241;283;262;306;310
2436.0;128;240;284;262;307;309
2442.0;128;241;285;261;308;307
2448.0;128;240;285;260;308;309
2454.0;128;239;285;260;309;309
2460.0;128;239;285;260;307;311
2466.0;126;238;285;262;307;312
2472.0;124;240;287;260;306;313
2478.0;123;241;288;260;305;313
2484.0;124;240;287;261;305;313
2490.0;125;239;287;261;305;313
2496.0;125;239;287;261;305;313
2502.0;126;240;287;259;304;314
2508.0;126;240;288;259;302;315
2514.0;127;240;287;258;302;316
2520.0;128;238;288;258;302;316
2526.0;127;238;288;259;303;315
2532.0;129;237;288;260;302;314
2538.0;127;238;289;261;303;312
2544.0;126;239;288;260;302;315
2550.0;126;238;288;261;302;315
2556.0;125;238;288;261;303;315
2562.0;125;238;288;262;303;314
2568.0;127;239;286;262;302;314
2574.0;124;239;289;260;303;315
2580.0;125;238;289;258;304;316
2586.0;122;237;290;259;307;315
2592.0;123;237;290;258;307;315
2598.0;121;239;290;257;307;316
2604.0;121;239;290;258;307;315
2610.0;119;237;291;260;308;315
2616.0;119;236;293;257;309;316
2622.0;120;235;296;256;307;316
2628.0;119;235;299;253;308;316
2634.0;120;234;299;253;309;315
2640.0;120;233;300;254;310;313
2646.0;119;231;302;256;309;313
2652.0;119;231;302;256;309;313
2658.0;122;230;300;255;309;314
2664.0;122;231;300;254;308;315
2670.0;121;231;300;254;308;316
2676.0;121;231;299;253;310;316
2682.0;125;229;300;252;309;315
2688.0;125;228;301;252;308;316
2694.0;125;226;304;252;306;317
2700.0;126;225;304;252;306;317
2706.0;127;226;304;252;306;315
2712.0;128;227;303;251;306;315
2718.0;128;227;304;251;305;315
2724.0;127;227;304;251;306;315
2730.0;126;227;307;251;305;314
2736.0;126;229;305;250;305;315
2742.0;126;227;306;251;305;315
2748.0;126;225;308;249;305;317
2754.0;126;223;308;251;305;317
2760.0;125;222;308;252;304;319
2766.0;126;221;309;251;304;319
2772.0;128;221;308;250;302;321
2778.0;128;221;309;250;301;321
2784.0;128;220;311;250;301;320
2790.0;126;221;313;250;303;317
2796.0;129;221;310;251;302;317
2802.0;130;222;310;251;301;316
2808.0;127;225;310;250;302;316
2814.0;127;225;310;250;302;316
2820.0;128;224;310;249;302;317
2826.0;130;225;310;249;300;316
2832.0;131;226;310;247;301;315
2838.0;131;226;309;246;302;316
2844.0;134;225;310;243;302;316
2850.0;133;223;313;243;303;315
2856.0;132;223;313;243;303;316
2862.0;132;223;315;242;302;316
2868.0;131;222;315;243;303;316
2874.0;130;223;314;243;302;318
2880.0;130;223;313;242;300;322
2886.0;131;223;314;243;299;320
2892.0;131;222;315;243;299;320
2898.0;131;223;316;244;299;317
2904.0;131;225;313;244;301;316
2910.0;131;225;313;242;303;316
2916.0;131;225;313;242;302;317
2922.0;131;227;313;242;301;316
2928.0;132;227;313;242;300;316
2934.0;131;227;312;242;301;317
2940.0;133;228;311;240;302;316
2946.0;134;226;312;237;304;317
2952.0;135;226;312;239;303;315
2958.0;135;228;312;239;302;314
2964.0;135;227;312;240;302;314
2970.0;135;228;311;241;302;313
2976.0;135;227;311;242;302;313
2982.0;135;227;313;240;303;312
2988.0;136;229;311;240;303;311
2994.0;138;227;313;238;302;312
3000.0;138;227;313;240;301;311
3006.0;139;229;312;240;299;311
3012.0;139;228;313;240;299;311
3018.0;139;228;313;240;299;311
3024.0;139;229;313;240;298;311
3030.0;140;229;311;239;299;312
3036.0;140;229;311;238;299;313
3042.0;140;229;310;237;299;315
3048.0;141;229;309;236;299;316
3054.0;143;226;309;235;300;317
3060.0;143;226;309;236;299;317
3066.0;142;225;311;236;296;320
3072.0;143;224;311;236;296;320
3078.0;144;223;308;235;297;323
3084.0;143;224;309;235;298;321
3090.0;143;225;307;234;300;321
3096.0;142;227;309;234;299;319
3102.0;140;226;310;235;299;320
3108.0;139;226;310;236;299;320
3114.0;140;226;309;236;299;320
3120.0;140;228;308;237;299;318
3126.0;141;228;308;237;300;316
3132.0;143;230;307;235;299;316
3138.0;143;230;308;234;299;316
3144.0;145;230;311;232;299;313
3150.0;145;229;313;230;300;313
3156.0;144;229;313;230;301;313
3162.0;146;227;313;227;304;313
3168.0;146;228;314;228;302;312
3174.0;145;228;314;230;301;312
3180.0;146;227;315;229;301;312
3186.0;147;226;316;229;301;311
3192.0;147;226;316;229;301;311
3198.0;147;226;316;229;300;312
3204.0;147;226;318;228;300;311
3210.0;150;226;318;225;299;312
3216.0;149;226;319;223;300;313
3222.0;149;225;319;223;300;314
3228.0;148;224;320;224;299;315
3234.0;149;224;318;224;300;315
3240.0;149;223;318;224;300;316
3246.0;149;223;319;223;299;317
3252.0;149;223;319;223;299;317
3258.0;149;221;319;223;300;318
3264.0;153;222;318;221;299;317
3270.0;153;222;319;221;298;317
3276.0;154;223;319;219;298;317
3282.0;154;221;319;218;301;317
3288.0;153;221;318;216;303;319
3294.0;155;221;318;214;303;319
3300.0;155;222;318;214;302;319
3306.0;155;222;318;213;303;319
3312.0;154;222;318;213;305;318
3318.0;154;222;318;212;305;319
3324.0;154;222;317;211;306;320
3330.0;156;221;317;213;304;319
3336.0;155;219;317;214;304;321
3342.0;154;220;317;215;304;320
3348.0;154;220;317;214;305;320
3354.0;154;220;316;216;304;320
3360.0;153;219;317;216;306;319
3366.0;150;220;318;218;306;318
3372.0;152;219;319;217;306;317
3378.0;151;218;318;218;306;319
3384.0;150;219;316;218;307;320
3390.0;149;220;315;217;308;321
3396.0;151;222;315;216;306;320
3402.0;151;221;317;217;304;320
3408.0;151;221;317;218;303;320
3414.0;151;222;318;218;302;319
3420.0;152;221;320;217;302;318
3426.0;152;220;320;217;302;319
3432.0;152;220;323;216;300;319
3438.0;150;220;324;216;300;320
3444.0;147;221;325;217;299;321
3450.0;146;221;324;218;299;322
3456.0;146;220;324;218;300;322
3462.0;145;220;323;219;301;322
3468.0;147;220;322;219;301;321
3474.0;146;218;322;220;302;322
3480.0;146;218;322;220;302;322
3486.0;147;219;322;220;301;321
3492.0;144;218;323;224;300;321
3498.0;144;220;322;223;300;321
3504.0;145;220;322;221;301;321
3510.0;141;220;324;218;304;323
3516.0;141;220;324;218;304;323
3522.0;140;221;325;217;304;323
3528.0;139;222;325;219;302;323
3534.0;139;224;323;219;302;323
3540.0;138;224;325;219;301;323
3546.0;137;224;325;219;302;323
3552.0;139;223;325;216;303;324
3558.0;137;225;325;216;303;324
3564.0;134;228;325;215;303;325
3570.0;133;228;324;216;303;326
3576.0;133;227;324;216;304;326
3582.0;133;227;324;216;303;327
3588.0;134;227;324;214;303;328
3594.0;134;225;325;215;303;328
3600.0;133;225;325;217;302;328
3606.0;133;225;325;217;302;328
3612.0;135;224;324;217;303;327
3618.0;135;226;323;217;303;326
3624.0;135;226;324;217;302;326
3630.0;136;225;324;215;303;327
3636.0;136;224;324;216;303;327
3642.0;135;224;323;216;304;328
3648.0;135;224;322;218;303;328
3654.0;135;225;323;217;302;328
3660.0;135;225;324;217;300;329
3666.0;136;225;323;216;300;330
3672.0;137;224;322;217;300;330
3678.0;135;222;324;218;302;329
3684.0;135;222;321;219;304;329
3690.0;134;221;321;220;304;330
3696.0;133;220;322;220;304;331
3702.0;133;219;322;220;305;331
3708.0;132;220;322;219;305;332
3714.0;131;221;322;222;304;330
3720.0;131;223;322;221;305;328
3726.0;133;221;323;220;305;328
3732.0;133;221;321;221;306;328
3738.0;132;220;322;220;308;328
3744.0;133;220;322;219;306;330
3750.0;134;219;322;218;307;330
3756.0;134;219;322;218;307;330
3762.0;133;219;323;218;307;330
3768.0;131;221;323;218;307;330
3774.0;134;222;321;217;306;330
3780.0;135;221;321;218;306;329
3786.0;136;221;321;218;305;329
3792.0;138;220;321;217;306;328
3798.0;138;219;322;215;306;330
3804.0;138;219;321;215;308;329
3810.0;137;219;321;215;308;330
3816.0;137;220;321;214;307;331
3822.0;135;219;320;214;308;334
3828.0;137;220;320;212;309;332
3834.0;135;220;321;215;308;331
3840.0;134;221;321;215;309;330
3846.0;134;222;320;215;310;329
3852.0;134;221;320;214;311;330
3858.0;135;221;320;214;308;332
3864.0;136;220;319;213;309;333
3870.0;136;219;319;213;310;333
3876.0;135;219;320;214;311;331
3882.0;135;219;320;213;313;330
3888.0;135;219;320;213;313;330
3894.0;134;220;319;213;314;330
3900.0;134;220;321;213;314;328
3906.0;135;219;321;211;314;330
3912.0;135;218;320;211;315;331
3918.0;135;218;320;212;314;331
3924.0;136;218;321;213;313;329
3930.0;138;217;319;213;314;329
3936.0;138;217;319;216;313;327
3942.0;137;218;319;216;313;327
3948.0;137;220;319;216;312;326
3954.0;137;221;318;216;310;328
3960.0;138;222;318;216;310;326
3966.0;137;221;319;218;311;324
3972.0;137;224;320;216;309;324
3978.0;137;224;320;216;309;324
3984.0;137;224;323;216;306;324
3990.0;137;226;323;214;306;324
3996.0;137;226;323;214;306;324
4002.0;137;228;323;214;304;324
4008.0;137;227;323;214;306;323
4014.0;136;227;322;216;306;323
4020.0;137;227;323;215;305;323
4026.0;136;225;323;218;304;324
4032.0;135;225;325;217;305;323
4038.0;134;225;324;217;306;324
4044.0;133;226;323;216;306;326
4050.0;133;227;323;216;305;326
4056.0;132;230;322;216;305;325
4062.0;135;228;322;216;304;325
4068.0;137;227;322;216;304;324
4074.0;137;228;321;215;305;324
4080.0;136;228;321;216;305;324
4086.0;134;227;323;215;306;325
4092.0;133;226;323;215;307;326
4098.0;133;227;322;215;308;325
4104.0;132;227;324;215;309;323
4110.0;132;228;323;216;307;324
4116.0;133;227;323;216;308;323
4122.0;136;225;323;216;308;322
4128.0;135;224;323;216;309;323
4134.0;136;225;323;216;308;322
4140.0;136;225;321;215;309;324
4146.0;137;223;321;215;309;325
4152.0;139;224;321;214;308;324
4158.0;139;224;322;215;308;322
4164.0;138;224;322;215;308;323
4170.0;138;225;323;213;308;323
4176.0;136;225;325;214;307;323
4182.0;135;225;324;215;308;323
4188.0;135;226;325;213;308;323
4194.0;134;226;324;213;309;324
4200.0;134;226;325;213;309;323
4206.0;132;225;328;213;309;323
4212.0;133;226;327;213;308;323
4218.0;133;226;329;212;307;323
4224.0;135;226;328;211;305;325
4230.0;134;226;328;211;307;324
4236.0;136;225;328;210;307;324
4242.0;135;226;328;210;307;324
4248.0;133;227;329;210;307;324
4254.0;133;228;330;209;306;324
4260.0;133;227;331;208;308;323
4266.0;132;229;331;206;309;323
4272.0;132;228;331;206;309;324
4278.0;132;229;331;206;308;324
4284.0;132;228;331;206;309;324
4290.0;133;228;330;206;308;325
4296.0;136;226;328;207;310;323
4302.0;135;226;329;207;310;323
4308.0;137;226;329;207;308;323
4314.0;139;227;327;207;307;323
4320.0;139;227;327;207;307;323
4326.0;140;226;328;208;306;322
4332.0;142;228;326;206;306;322
4338.0;142;228;327;204;307;322
4344.0;142;228;327;204;307;322
4350.0;144;227;327;206;304;322
4356.0;145;228;325;205;304;323
4362.0;145;227;324;205;304;325
4368.0;145;227;323;205;305;325
4374.0;144;227;323;203;307;326
4380.0;143;227;322;203;308;327
4386.0;145;228;321;204;307;325
4392.0;145;227;322;204;307;325
4398.0;147;227;321;205;307;323
4404.0;146;227;321;206;307;323
4410.0;148;228;322;204;307;321
4416.0;148;228;323;204;306;321
4422.0;147;228;323;204;306;322
4428.0;146;229;325;202;306;322
4434.0;145;229;322;204;307;323
4440.0;144;228;322;205;307;324
4446.0;143;228;322;206;307;324
4452.0;143;228;322;205;307;325
4458.0;142;226;322;208;307;325
4464.0;141;225;322;210;309;323
4470.0;141;225;322;210;309;323
4476.0;139;226;321;210;310;324
4482.0;139;226;321;210;310;324
4488.0;138;226;321;210;311;324
4494.0;137;225;321;210;312;325
4500.0;140;223;321;209;312;325
4506.0;140;221;323;209;312;325
4512.0;139;223;322;208;314;324
4518.0;139;223;320;209;314;325
4524.0;139;223;321;208;313;326
4530.0;139;225;319;208;313;326
4536.0;140;227;320;206;312;325
4542.0;139;227;321;206;312;325
4548.0;140;226;322;208;310;324
4554.0;139;228;321;208;313;321
4560.0;137;228;323;208;313;321
4566.0;137;229;322;209;314;319
4572.0;136;228;323;209;315;319
4578.0;135;229;322;210;315;319
4584.0;135;229;320;212;316;318
4590.0;137;229;320;212;315;317
4596.0;137;229;321;212;314;317
4602.0;136;230;321;212;313;318
4608.0;137;228;321;212;314;318
4614.0;138;229;320;211;314;318
4620.0;139;231;319;210;314;317
4626.0;138;231;320;209;314;318
4632.0;138;232;319;210;315;316
4638.0;138;232;319;210;314;317
4644.0;139;231;319;209;314;318
4650.0;137;230;319;208;317;319
4656.0;137;227;319;207;318;322
4662.0;137;227;320;207;316;323
4668.0;138;227;320;206;314;325
4674.0;138;228;320;207;315;322
4680.0;137;228;321;207;315;322
4686.0;136;227;322;207;315;323
4692.0;135;229;322;208;314;322
4698.0;134;230;320;211;314;321
4704.0;134;230;318;210;315;323
4710.0;133;231;319;209;316;322
4716.0;132;230;319;208;317;324
4722.0;131;229;320;208;318;324
4728.0;132;228;318;209;319;324
4734.0;134;228;316;209;319;324
4740.0;137;229;316;207;318;323
4746.0;137;231;315;204;319;324
4752.0;135;232;315;204;319;325
4758.0;133;232;315;205;319;326
4764.0;133;232;315;205;318;327
4770.0;133;235;314;205;317;326
4776.0;133;235;314;205;318;325
4782.0;133;234;314;204;319;326
4788.0;133;233;315;204;318;327
4794.0;132;233;315;205;318;327
4800.0;133;233;315;205;318;326
4806.0;132;232;314;207;319;326
4812.0;132;234;312;205;320;327
4818.0;131;233;311;207;322;326
4824.0;131;232;312;207;322;326
4830.0;132;233;311;206;322;326
4836.0;132;230;312;209;321;326
4842.0;131;231;312;208;322;326
4848.0;129;231;313;207;323;327
4854.0;129;231;313;207;323;327
4860.0;129;231;313;208;323;326
4866.0;128;233;312;208;320;329
4872.0;126;234;314;208;322;326
4878.0;126;234;314;208;321;327
4884.0;127;235;312;207;321;328
4890.0;127;236;309;207;322;329
4896.0;127;236;308;208;322;329
4902.0;127;236;309;208;322;328
4908.0;127;237;307;208;322;329
4914.0;127;238;307;205;324;329
4920.0;126;238;307;204;325;330
4926.0;127;240;307;202;324;330
4932.0;127;240;310;203;323;327
4938.0;128;240;312;204;320;326
4944.0;131;240;309;204;320;326
4950.0;132;240;308;205;318;327
4956.0;133;241;308;205;317;326
4962.0;133;240;308;205;317;327
4968.0;135;240;308;206;317;324
4974.0;135;240;309;206;316;324
4980.0;135;239;308;207;316;325
4986.0;133;240;306;206;320;325
4992.0;133;240;306;205;321;325
4998.0;134;240;307;205;320;324
5004.0;134;239;306;205;321;325
5010.0;132;239;308;205;322;324
5016.0;134;239;306;205;322;324
5022.0;137;236;307;206;319;325
5028.0;136;237;305;207;319;326
5034.0;136;237;305;207;319;326
5040.0;136;235;305;210;319;325
5046.0;135;235;306;210;319;325
5052.0;134;236;307;210;318;325
5058.0;133;236;306;211;318;326
5064.0;133;235;306;214;317;325
5070.0;133;234;306;215;317;325
5076.0;133;236;306;214;315;326
5082.0;133;235;306;214;316;326
5088.0;136;235;304;213;316;326
5094.0;135;236;304;214;316;325
5100.0;135;238;305;213;316;323
5106.0;136;237;307;213;316;321
5112.0;135;237;307;212;317;322
5118.0;136;237;308;212;315;322
5124.0;135;236;308;214;315;322
5130.0;135;236;308;214;315;322
5136.0;134;237;307;215;316;321
5142.0;134;237;306;216;316;321
5148.0;134;236;308;215;317;320
5154.0;134;237;309;215;316;319
5160.0;134;238;309;215;316;318
5166.0;135;238;309;214;316;318
5172.0;135;236;311;214;316;318
5178.0;133;236;311;216;314;320
5184.0;134;237;310;216;313;320
5190.0;132;235;311;217;313;322
5196.0;133;235;312;215;312;323
5202.0;132;236;311;215;311;325
5208.0;132;235;311;216;311;325
5214.0;133;234;312;215;311;325
5220.0;133;233;313;214;312;325
5226.0;133;234;312;214;312;325
5232.0;132;235;312;214;311;326
5238.0;133;236;311;211;310;329
5244.0;132;237;310;210;311;330
5250.0;132;236;310;211;311;330
5256.0;131;238;310;211;310;330
5262.0;130;237;308;213;310;332
5268.0;129;237;310;215;309;330
5274.0;128;238;310;215;309;330
5280.0;130;239;308;213;308;332
5286.0;131;238;307;213;308;333
5292.0;131;239;306;211;308;335
5298.0;132;237;308;211;308;334
5304.0;132;238;307;210;309;334
5310.0;133;237;308;211;309;332
5316.0;133;238;307;211;309;332
5322.0;132;238;307;211;310;332
5328.0;132;237;306;211;309;335
5334.0;134;237;307;210;309;333
5340.0;134;238;308;209;309;332
5346.0;134;239;309;209;307;332
5352.0;134;240;308;208;308;332
5358.0;133;240;309;208;308;332
5364.0;132;240;309;208;309;332
5370.0;133;239;309;208;309;332
5376.0;133;240;309;208;308;332
5382.0;133;238;308;210;308;333
5388.0;131;239;310;209;309;332
5394.0;130;239;309;209;309;334
5400.0;130;238;310;209;309;334
5406.0;130;239;309;209;310;333
5412.0;129;239;310;209;310;333
5418.0;130;238;309;210;310;333
5424.0;129;240;310;209;312;330
5430.0;127;242;310;209;313;329
5436.0;127;241;309;208;316;329
5442.0;126;241;309;208;316;330
5448.0;126;240;310;208;317;329
5454.0;126;240;311;207;317;329
5460.0;126;241;311;207;316;329
5466.0;127;241;311;207;315;329
5472.0;126;241;311;207;315;330
5478.0;126;241;312;206;315;330
5484.0;127;243;310;207;315;328
5490.0;125;243;311;208;314;329
5496.0;125;243;312;208;313;329
5502.0;126;242;313;207;312;330
5508.0;126;242;313;209;311;329
5514.0;125;243;313;208;312;329
5520.0;127;242;313;208;312;328
5526.0;128;241;313;208;312;328
5532.0;128;240;314;207;312;329
5538.0;127;239;314;208;312;330
5544.0;127;239;313;208;312;331
5550.0;128;239;313;207;312;331
5556.0;129;238;313;207;312;331
5562.0;130;238;312;208;311;331
5568.0;131;238;313;206;311;331
5574.0;132;238;314;206;309;331
5580.0;130;238;313;206;310;333
5586.0;131;239;312;208;306;334
5592.0;131;239;312;208;306;334
5598.0;132;237;314;208;306;333
5604.0;132;237;314;208;306;333
5610.0;133;237;314;208;305;333
5616.0;133;235;314;209;306;333
5622.0;131;235;314;209;307;334
5628.0;131;236;315;207;306;335
5634.0;130;235;314;208;307;336
5640.0;131;234;313;209;306;337
5646.0;131;235;313;208;305;338
5652.0;129;238;313;208;304;338
5658.0;129;237;313;208;305;338
5664.0;129;237;312;208;305;339
5670.0;129;236;311;210;306;338
5676.0;127;237;312;209;306;339
5682.0;126;235;312;209;307;341
5688.0;126;235;312;210;304;343
5694.0;126;236;314;208;304;342
5700.0;127;236;315;209;302;341
5706.0;127;236;315;210;301;341
5712.0;127;236;315;211;300;341
5718.0;123;236;315;212;301;343
5724.0;122;237;315;213;302;341
5730.0;122;237;314;213;303;341
5736.0;123;237;313;212;304;341
5742.0;121;237;312;213;306;341
5748.0;120;237;311;214;306;342
5754.0;121;237;309;214;305;344
5760.0;121;235;306;216;306;346
5766.0;121;235;303;218;306;347
5772.0;120;236;304;218;307;345
5778.0;120;236;305;217;307;345
5784.0;120;236;305;217;307;345
5790.0;118;236;305;218;307;346
5796.0;118;236;305;219;307;345
5802.0;117;238;305;220;306;344
5808.0;118;238;304;220;304;346
5814.0;118;238;305;220;304;345
5820.0;119;238;304;221;303;345
5826.0;117;240;303;221;303;346
5832.0;116;239;302;219;305;349
5838.0;114;241;301;219;306;349
5844.0;116;242;299;220;304;349
5850.0;116;241;298;220;305;350
5856.0;115;240;299;221;305;350
5862.0;115;241;298;220;305;351
5868.0;115;243;298;218;306;350
5874.0;114;243;299;217;307;350
5880.0;114;244;299;216;307;350
5886.0;113;244;300;216;307;350
5892.0;112;245;301;216;306;350
5898.0;112;244;302;217;307;348
5904.0;113;245;301;216;307;348
5910.0;111;245;302;216;307;349
5916.0;111;244;302;215;309;349
5922.0;111;243;302;214;310;350
5928.0;112;242;302;213;313;348
5934.0;113;244;302;214;310;347
5940.0;113;244;302;213;311;347
5946.0;115;243;301;214;311;346
5952.0;115;244;301;214;310;346
5958.0;115;243;301;214;311;346
5964.0;115;246;300;212;311;346
5970.0;114;247;300;213;310;346
5976.0;115;247;301;212;308;347
5982.0;116;248;299;213;308;346
5988.0;117;248;299;213;308;345
5994.0;117;247;298;215;307;346
6000.0;117;246;296;215;307;349
6006.0;117;248;295;215;306;349
6012.0;116;249;295;215;307;348
6018.0;115;249;294;215;308;349
6024.0;115;248;294;217;308;348
6030.0;115;248;294;218;308;347
6036.0;115;247;294;218;309;347
6042.0;116;246;293;219;309;347
6048.0;117;246;295;217;308;347
6054.0;115;248;295;215;308;349
6060.0;115;248;295;212;310;350
6066.0;113;249;296;213;307;352
6072.0;111;251;297;214;306;351
6078.0;111;251;297;214;306;351
6084.0;111;251;298;213;305;352
6090.0;111;251;297;215;303;353
6096.0;111;250;297;215;305;352
6102.0;110;250;297;216;304;353
6108.0;110;250;298;216;304;352
6114.0;111;249;297;215;306;352
6120.0;110;251;299;213;306;351
6126.0;110;251;296;213;307;353
6132.0;109;253;297;212;307;352
6138.0;109;252;298;211;308;352
6144.0;109;253;299;212;308;349
6150.0;109;252;298;211;310;350
6156.0;109;251;299;211;310;350
6162.0;110;251;299;210;309;351
6168.0;111;250;299;210;308;352
6174.0;113;249;299;210;308;351
6180.0;114;249;299;213;305;350
6186.0;112;250;300;214;303;351
6192.0;111;250;301;213;304;351
6198.0;113;250;301;212;303;351
6204.0;114;250;301;215;300;350
6210.0;113;250;300;215;302;350
6216.0;113;250;300;215;302;350
6222.0;113;249;299;217;302;350
6228.0;111;247;301;218;304;349
6234.0;109;250;301;218;304;348
6240.0;110;249;300;219;305;347
6246.0;110;247;300;221;305;347
6252.0;109;247;299;222;305;348
6258.0;110;248;299;223;303;347
6264.0;110;248;299;223;304;346
6270.0;110;247;300;225;302;346
6276.0;108;247;300;226;303;346
6282.0;108;247;299;227;303;346
6288.0;108;247;299;228;303;345
6294.0;108;247;300;227;302;346
6300.0;107;247;300;227;302;347
6306.0;106;245;303;226;302;348
6312.0;106;246;302;226;303;347
6318.0;105;246;302;228;302;347
6324.0;105;246;302;228;302;347
6330.0;104;245;302;227;304;348
6336.0;103;245;302;228;303;349
6342.0;103;245;300;229;305;348
6348.0;104;244;300;228;305;349
6354.0;105;243;300;225;307;350
6360.0;106;243;299;225;306;351
6366.0;105;242;298;225;310;350
6372.0;106;243;298;226;309;348
6378.0;106;241;299;226;310;348
6384.0;106;241;298;226;311;348
6390.0;107;242;297;226;310;348
6396.0;108;241;299;226;309;347
6402.0;108;240;299;228;309;346
6408.0;109;240;297;228;310;346
6414.0;108;239;297;228;310;348
6420.0;108;239;298;227;311;347
6426.0;109;239;296;229;310;347
6432.0;111;239;296;229;310;345
6438.0;110;236;297;230;309;348
6444.0;111;233;297;231;310;348
6450.0;111;231;300;233;309;346
6456.0;111;230;301;235;309;344
6462.0;111;226;304;233;311;345
6468.0;111;229;304;232;309;345
6474.0;112;229;302;232;309;346
6480.0;111;229;302;232;308;348
6486.0;113;230;301;233;307;346
6492.0;113;231;300;233;307;346
6498.0;110;234;304;232;305;345
6504.0;109;233;305;232;306;345
6510.0;111;232;305;230;306;346
6516.0;110;232;306;229;308;345
6522.0;110;232;309;228;307;344
6528.0;110;232;309;228;307;344
6534.0;111;233;309;227;307;343
6540.0;111;235;309;227;306;342
6546.0;110;236;310;227;306;341
6552.0;111;235;310;227;307;340
6558.0;111;233;312;226;308;340
6564.0;111;234;312;225;308;340
6570.0;111;232;313;224;310;340
6576.0;112;231;313;224;309;341
6582.0;113;231;313;224;308;341
6588.0;112;233;313;224;308;340
6594.0;112;233;316;224;307;338
6600.0;114;235;314;224;306;337
6606.0;113;236;312;225;307;337
6612.0;113;237;311;227;305;337
6618.0;114;238;311;228;304;335
6624.0;114;238;311;228;304;335
6630.0;114;236;311;229;305;335
6636.0;114;238;311;228;305;334
6642.0;113;238;313;228;304;334
6648.0;112;238;313;228;304;335
6654.0;112;240;313;229;304;332
6660.0;112;241;313;230;302;332
6666.0;113;241;313;229;303;331
6672.0;112;241;315;228;302;332
6678.0;112;241;318;226;301;332
6684.0;111;243;317;227;300;332
6690.0;110;244;316;228;300;332
6696.0;110;244;316;228;300;332
6702.0;111;244;316;228;300;331
6708.0;111;242;317;228;300;332
6714.0;110;242;317;227;302;332
6720.0;107;242;317;228;303;333
6726.0;108;243;315;228;303;333
6732.0;108;244;316;227;302;333
6738.0;108;244;316;228;301;333
6744.0;109;244;316;228;299;334
6750.0;111;244;317;229;297;332
6756.0;110;247;317;227;297;332
6762.0;109;248;316;227;299;331
6768.0;109;248;316;227;299;331
6774.0;108;249;316;229;298;330
6780.0;108;246;315;230;301;330
6786.0;109;245;316;231;300;329
6792.0;110;246;316;231;299;328
6798.0;111;247;317;233;296;326
6804.0;111;248;316;232;296;327
6810.0;113;248;316;230;297;326
6816.0;113;247;316;230;298;326
6822.0;115;246;316;230;296;327
6828.0;114;248;317;231;294;326
6834.0;113;248;316;232;295;326
6840.0;112;247;319;234;294;324
6846.0;113;244;318;237;294;324
6852.0;112;244;319;236;295;324
6858.0;111;244;319;237;295;324
6864.0;111;242;318;237;296;326
6870.0;113;242;318;237;296;324
6876.0;111;243;318;237;297;324
6882.0;111;244;318;238;295;324
6888.0;110;246;318;238;293;325
6894.0;111;246;320;237;292;324
6900.0;111;249;321;236;290;323
6906.0;111;250;321;236;290;322
6912.0;112;248;320;234;291;325
6918.0;110;249;320;234;292;325
6924.0;109;250;320;234;293;324
6930.0;109;250;320;235;293;323
6936.0;109;250;320;235;292;324
6942.0;110;249;321;233;292;325
6948.0;109;250;321;231;293;326
6954.0;108;251;320;231;294;326
6960.0;108;252;320;230;295;325
6966.0;108;250;320;230;298;324
6972.0;108;250;319;230;299;324
6978.0;109;249;318;232;300;322
6984.0;107;249;318;232;302;322
6990.0;106;250;320;232;300;322
6996.0;107;248;320;232;300;323
7002.0;107;248;320;233;299;323
7008.0;105;248;320;233;300;324
7014.0;104;249;319;232;300;326
7020.0;104;247;320;232;300;327
7026.0;104;247;320;233;299;327
7032.0;105;247;320;231;300;327
7038.0;104;247;320;231;300;328
7044.0;105;248;321;230;299;327
7050.0;106;251;319;229;299;326
7056.0;106;250;319;228;299;328
7062.0;105;251;320;226;299;329
7068.0;105;251;318;226;301;329
7074.0;105;248;318;227;300;332
7080.0;105;248;316;227;301;333
7086.0;107;247;313;227;302;334
7092.0;107;247;311;227;302;336
7098.0;106;246;313;226;302;337
7104.0;106;246;311;228;302;337
7110.0;106;245;313;228;301;337
7116.0;108;245;312;228;300;337
7122.0;108;245;313;228;300;336
7128.0;108;243;312;230;300;337
7134.0;110;241;315;227;301;336
7140.0;112;242;314;224;301;337
7146.0;111;242;314;226;300;337
7152.0;110;241;313;228;299;339
7158.0;110;243;312;228;298;339
7164.0;112;241;314;226;298;339
7170.0;112;240;315;225;298;340
7176.0;111;240;315;224;300;340
7182.0;110;240;315;223;300;342
7188.0;108;237;315;224;304;342
7194.0;108;238;314;226;303;341
7200.0;108;238;312;227;303;342
7206.0;108;238;311;226;302;345
7212.0;109;239;311;226;300;345
7218.0;109;242;310;225;299;345
7224.0;109;243;312;223;298;345
7230.0;106;243;313;223;299;346
7236.0;105;241;313;225;299;347
7242.0;104;242;312;226;299;347
7248.0;106;239;313;226;301;345
7254.0;106;239;313;226;300;346
7260.0;104;239;312;228;301;346
7266.0;104;239;312;228;302;345
7272.0;103;239;313;228;302;345
7278.0;103;238;312;227;305;345
7284.0;103;238;312;226;305;346
7290.0;104;240;312;225;303;346
7296.0;105;240;313;225;302;345
7302.0;105;241;314;227;300;343
7308.0;103;240;316;224;302;345
7314.0;106;240;316;223;300;345
7320.0;106;238;316;225;300;345
7326.0;105;239;316;225;300;345
7332.0;106;238;318;226;297;345
7338.0;109;236;319;227;295;344
7344.0;109;237;320;225;294;345
7350.0;108;238;321;225;294;344
7356.0;108;235;322;226;294;345
7362.0;108;234;323;227;293;345
7368.0;108;233;323;228;294;344
7374.0;108;232;324;229;295;342
7380.0;108;232;326;227;296;341
7386.0;109;232;325;227;296;341
7392.0;109;231;325;226;296;343
7398.0;110;231;323;227;296;343
7404.0;111;231;322;229;296;341
7410.0;112;232;322;227;296;341
7416.0;112;232;322;226;296;342
7422.0;111;233;323;225;296;342
7428.0;110;233;322;225;297;343
7434.0;109;234;321;226;297;343
7440.0;109;234;320;225;299;343
7446.0;109;234;321;224;299;343
7452.0;108;234;321;224;300;343
7458.0;106;235;320;225;301;343
7464.0;104;237;320;225;301;343
7470.0;104;237;320;225;300;344
7476.0;105;236;319;225;300;345
7482.0;108;235;315;229;300;343
7488.0;108;236;315;227;300;344
7494.0;108;236;315;227;300;344
7500.0;107;235;317;225;302;344
7506.0;107;237;318;222;302;344
7512.0;106;236;318;223;302;345
7518.0;104;236;319;223;303;345
7524.0;103;237;319;223;301;347
7530.0;103;238;320;221;304;344
7536.0;102;240;319;222;303;344
7542.0;102;239;319;222;303;345
7548.0;102;238;319;223;303;345
7554.0;102;239;319;222;303;345
7560.0;103;240;320;223;302;342
7566.0;103;240;321;222;302;342
7572.0;104;240;321;222;302;341
7578.0;104;239;323;221;302;341
7584.0;103;239;322;222;303;341
7590.0;104;239;322;221;303;341
7596.0;104;239;322;222;303;340
7602.0;104;239;322;223;303;339
7608.0;103;238;323;224;304;338
7614.0;103;238;322;225;304;338
7620.0;103;238;322;225;304;338
7626.0;102;238;321;226;304;339
7632.0;101;236;322;226;305;340
7638.0;101;236;322;226;303;342
7644.0;98;236;322;229;304;341
7650.0;99;236;322;229;304;340
7656.0;97;237;323;230;303;340
7662.0;97;238;323;228;305;339
7668.0;96;239;323;227;306;339
7674.0;97;239;323;227;307;337
7680.0;98;240;322;227;307;336
7686.0;97;239;324;227;307;336
7692.0;97;236;325;228;307;337
7698.0;100;234;323;228;308;337
7704.0;100;235;322;227;307;339
7710.0;101;234;322;226;307;340
7716.0;102;234;322;226;307;339
7722.0;102;234;322;226;307;339
7728.0;105;234;322;226;305;338
7734.0;105;234;322;226;307;336
7740.0;105;234;323;226;307;335
7746.0;105;234;322;226;307;336
7752.0;104;235;320;227;307;337
7758.0;102;237;322;225;307;337
7764.0;102;238;321;225;307;337
7770.0;103;238;321;225;307;336
7776.0;103;236;322;225;307;337
7782.0;104;236;321;223;308;338
7788.0;104;237;321;223;307;338
7794.0;104;236;322;224;306;338
7800.0;104;236;320;224;307;339
7806.0;105;236;320;223;308;338
7812.0;104;236;319;222;310;339
7818.0;104;236;318;221;310;341
7824.0;104;237;319;221;310;339
7830.0;103;238;318;222;309;340
7836.0;103;238;319;222;309;339
7842.0;104;239;319;220;309;339
7848.0;102;241;319;222;307;339
7854.0;103;241;318;222;306;340
7860.0;104;241;317;220;307;341
7866.0;104;241;318;219;307;341
7872.0;104;238;317;221;306;344
7878.0;104;237;316;223;306;344
7884.0;104;237;316;223;305;345
7890.0;104;238;317;225;305;341
7896.0;104;240;317;224;305;340
7902.0;103;240;318;223;306;340
7908.0;104;241;315;225;305;340
7914.0;104;242;314;223;307;340
7920.0;104;242;313;223;306;342
7926.0;102;241;314;223;308;342
7932.0;102;241;314;223;308;342
7938.0;103;242;311;223;308;343
7944.0;104;243;309;224;307;343
7950.0;102;243;311;225;307;342
7956.0;102;243;312;226;305;342
7962.0;101;243;312;227;304;343
7968.0;100;240;315;227;305;343
7974.0;100;241;315;228;303;343
7980.0;99;240;317;230;303;341
7986.0;99;239;317;230;303;342
7992.0;101;238;316;230;303;342
7998.0;100;238;316;230;304;342
8004.0;100;239;313;231;305;342
8010.0;100;238;312;233;306;341
8016.0;102;238;312;233;306;339
8022.0;103;237;311;233;307;339
8028.0;103;237;311;234;306;339
8034.0;106;237;310;234;306;337
8040.0;105;235;310;233;309;338
8046.0;106;234;309;233;309;339
8052.0;106;235;308;233;310;338
8058.0;105;235;307;234;310;339
8064.0;106;237;305;236;308;338
8070.0;106;237;305;236;308;338
8076.0;106;237;305;235;308;339
8082.0;107;235;305;234;310;339
8088.0;106;235;306;232;312;339
8094.0;106;238;307;231;311;337
8100.0;108;239;307;230;311;335
8106.0;106;239;310;231;310;334
8112.0;106;240;310;231;311;332
8118.0;106;239;310;232;310;333
8124.0;107;238;310;232;310;333
8130.0;108;237;311;228;311;335
8136.0;107;235;313;227;311;337
8142.0;107;235;312;228;310;338
8148.0;107;236;312;228;309;338
8154.0;107;238;313;228;306;338
8160.0;107;236;314;229;306;338
8166.0;107;234;315;229;306;339
8172.0;107;236;314;229;305;339
8178.0;106;235;314;228;306;341
8184.0;104;233;314;231;308;340
8190.0;104;234;314;231;307;340
8196.0;104;233;314;232;308;339
8202.0;105;232;315;233;308;337
8208.0;107;231;314;231;309;338
8214.0;109;229;315;231;308;338
8220.0;110;230;315;230;306;339
8226.0;110;231;314;231;305;339
8232.0;113;230;314;233;305;335
8238.0;113;230;313;233;307;334
8244.0;114;229;314;231;308;334
8250.0;115;228;312;231;309;335
8256.0;115;228;311;231;309;336
8262.0;114;228;315;231;307;335
8268.0;115;229;314;232;307;333
8274.0;114;229;315;231;309;332
8280.0;114;230;314;230;310;332
8286.0;112;231;315;229;311;332
8292.0;113;230;315;230;310;332
8298.0;113;229;316;230;310;332
8304.0;113;228;321;228;309;331
8310.0;113;229;321;227;309;331
8316.0;116;227;320;227;308;332
8322.0;118;227;319;226;307;333
8328.0;118;227;319;227;307;332
8334.0;118;227;319;227;307;332
8340.0;118;228;320;226;306;332
8346.0;119;228;320;226;308;329
8352.0;119;226;319;226;312;328
8358.0;121;226;317;226;313;327
8364.0;120;225;316;227;314;328
8370.0;120;227;316;227;314;326
8376.0;120;227;315;228;314;326
8382.0;120;227;314;229;314;326
8388.0;120;228;314;230;315;323
8394.0;120;228;313;230;315;324
8400.0;120;227;313;229;316;325
8406.0;120;226;314;226;319;325
8412.0;120;226;313;226;320;325
8418.0;120;225;311;227;320;327
8424.0;118;225;314;225;322;326
8430.0;118;226;313;226;320;327
8436.0;118;227;314;226;320;325
8442.0;117;228;316;226;320;323
8448.0;116;231;317;225;319;322
8454.0;117;232;316;224;319;322
8460.0;117;232;316;224;319;322
8466.0;116;232;318;224;320;320
8472.0;116;232;317;226;320;319
8478.0;116;231;316;228;320;319
8484.0;117;232;315;227;319;320
8490.0;117;232;314;226;320;321
8496.0;118;231;314;225;321;321
8502.0;118;231;313;225;321;322
8508.0;118;231;313;225;321;322
8514.0;116;229;313;228;320;324
8520.0;116;229;313;227;320;325
8526.0;117;229;313;227;319;325
8532.0;118;229;314;227;319;323
8538.0;118;228;315;226;319;324
8544.0;118;229;316;225;320;322
8550.0;115;230;318;227;319;321
8556.0;116;228;319;226;320;321
8562.0;117;228;318;225;320;322
8568.0;117;227;318;226;319;323
8574.0;119;227;319;225;318;322
8580.0;119;228;319;225;317;322
8586.0;120;227;321;224;317;321
8592.0;119;227;323;222;317;322
8598.0;119;227;324;221;317;322
8604.0;121;226;324;220;318;321
8610.0;123;227;324;218;318;320
8616.0;122;226;324;218;318;322
8622.0;124;223;325;218;318;322
8628.0;122;225;324;218;318;323
8634.0;122;226;324;216;318;324
8640.0;122;225;325;218;316;324
8646.0;122;225;326;218;316;323
8652.0;122;224;328;217;316;323
8658.0;123;224;326;218;316;323
8664.0;123;224;327;217;315;324
8670.0;123;225;327;216;315;324
8676.0;121;225;329;215;316;324
8682.0;120;226;329;215;316;324
8688.0;120;226;328;217;316;323
8694.0;118;226;326;216;319;325
8700.0;117;226;325;216;321;325
8706.0;118;226;326;216;321;323
8712.0;119;226;327;215;320;323
8718.0;119;228;326;214;319;324
8724.0;119;227;327;213;321;323
8730.0;118;228;327;215;322;320
8736.0;117;228;328;215;322;320
8742.0;116;228;329;215;322;320
8748.0;116;228;330;214;322;320
8754.0;115;228;331;215;322;319
8760.0;115;228;331;214;322;320
8766.0;115;226;332;214;323;320
8772.0;115;226;331;215;322;321
8778.0;115;226;332;215;322;320
8784.0;116;227;332;213;323;319
8790.0;117;227;333;211;323;319
8796.0;117;226;332;211;325;319
8802.0;116;226;334;212;324;318
8808.0;115;223;335;211;329;317
8814.0;114;222;338;209;330;317
8820.0;114;223;339;209;328;317
8826.0;113;223;339;209;328;318
8832.0;112;223;339;209;330;317
8838.0;113;225;338;209;328;317
8844.0;113;228;338;207;328;316
8850.0;113;229;338;206;329;315
8856.0;112;230;339;206;330;313
8862.0;111;228;340;206;331;314
8868.0;110;228;340;205;331;316
8874.0;111;227;341;205;330;316
8880.0;111;226;341;204;330;318
8886.0;110;226;342;205;329;318
8892.0;110;226;343;205;328;318
8898.0;110;225;344;205;327;319
8904.0;109;224;345;206;325;321
8910.0;107;224;345;208;325;321
8916.0;107;223;345;209;325;321
8922.0;107;221;345;209;326;322
8928.0;107;221;345;209;325;323
8934.0;106;219;346;210;325;324
8940.0;105;218;345;211;328;323
8946.0;106;219;346;211;327;321
8952.0;107;220;344;210;327;322
8958.0;105;219;344;210;330;322
8964.0;105;219;344;209;330;323
8970.0;103;219;345;209;332;322
8976.0;103;218;345;209;332;323
8982.0;103;217;345;210;332;323
8988.0;105;217;343;210;333;322
8994.0;105;217;342;209;334;323
9000.0;106;218;342;210;333;321
9006.0;107;217;342;210;332;322
9012.0;107;215;343;210;331;324
9018.0;108;216;342;209;331;324
9024.0;109;217;344;208;329;323
9030.0;109;217;345;207;328;324
9036.0;111;218;345;206;327;323
9042.0;111;217;344;206;328;324
9048.0;112;217;344;206;328;323
9054.0;112;216;345;205;329;323
9060.0;113;216;345;205;329;322
9066.0;113;217;343;204;332;321
9072.0;113;218;343;204;332;320
9078.0;112;220;341;203;332;322
9084.0;109;221;341;205;332;322
9090.0;111;220;341;204;332;322
9096.0;111;219;342;204;331;323
9102.0;112;220;342;204;331;321
9108.0;112;215;345;208;331;319
9114.0;111;215;344;208;331;321
9120.0;112;215;346;207;331;319
9126.0;111;215;348;208;330;318
9132.0;112;216;348;207;328;319
9138.0;112;215;347;208;327;321
9144.0;112;216;347;209;325;321
9150.0;111;216;347;210;325;321
9156.0;111;217;347;208;325;322
9162.0;111;218;347;207;326;321
9168.0;110;219;345;209;327;320
9174.0;110;220;346;207;327;320
9180.0;110;220;346;206;328;320
9186.0;108;218;348;207;329;320
9192.0;106;219;349;206;329;321
9198.0;107;222;347;206;327;321
9204.0;107;222;347;206;327;321
9210.0;106;219;347;206;327;325
9216.0;107;218;350;206;327;322
9222.0;107;219;349;206;327;322
9228.0;107;218;350;204;327;324
9234.0;108;218;349;204;327;324
9240.0;107;218;350;204;328;323
9246.0;107;218;350;203;330;322
9252.0;107;217;347;203;333;323
9258.0;106;219;346;203;332;324
9264.0;105;219;347;204;331;324
9270.0;107;220;347;204;329;323
9276.0;108;218;347;204;329;324
9282.0;108;218;347;204;329;324
9288.0;109;217;347;203;330;324
9294.0;109;218;347;202;330;324
9300.0;109;218;348;202;329;324
9306.0;109;220;346;202;330;323
9312.0;109;222;345;202;329;323
9318.0;110;222;346;202;329;321
9324.0;110;223;345;203;329;320
9330.0;110;223;344;203;330;320
9336.0;110;222;344;203;331;320
9342.0;109;224;343;203;331;320
9348.0;108;224;343;202;331;322
9354.0;109;224;343;202;330;322
9360.0;109;225;342;201;331;322
9366.0;108;223;341;201;334;323
9372.0;107;223;341;202;334;323
9378.0;107;222;341;203;334;323
9384.0;107;222;341;203;333;324
9390.0;106;222;340;203;332;327
9396.0;104;220;343;203;334;326
9402.0;104;220;343;204;334;325
9408.0;104;220;344;203;334;325
9414.0;105;220;344;203;332;326
9420.0;105;220;345;203;334;323
9426.0;106;219;344;203;336;322
9432.0;106;219;344;203;336;322
9438.0;107;219;343;202;336;323
9444.0;107;217;345;202;336;323
9450.0;106;218;344;202;338;322
9456.0;107;217;345;202;339;320
9462.0;109;217;345;201;338;320
9468.0;110;215;345;203;336;321
9474.0;110;216;344;202;336;322
9480.0;110;216;343;202;336;323
9486.0;110;216;342;203;336;323
9492.0;110;216;342;203;336;323
9498.0;111;216;338;203;338;324
9504.0;111;215;339;203;339;323
9510.0;109;218;339;203;339;322
9516.0;109;218;340;201;337;325
9522.0;109;216;340;202;338;325
9528.0;110;216;341;202;337;324
9534.0;109;214;340;203;339;325
9540.0;108;214;339;205;340;324
9546.0;109;213;341;204;339;324
9552.0;109;212;341;204;341;323
9558.0;109;212;341;206;340;322
9564.0;109;211;340;206;343;321
9570.0;106;213;340;207;343;321
9576.0;107;214;341;206;345;317
9582.0;108;216;341;205;344;316
9588.0;104;219;342;207;343;315
9594.0;104;218;342;208;343;315
9600.0;106;218;339;209;343;315
9606.0;104;219;339;209;343;316
9612.0;102;216;340;213;343;316
9618.0;103;216;339;213;343;316
9624.0;104;217;338;213;343;315
9630.0;105;217;337;212;343;316
9636.0;106;218;336;210;344;316
9642.0;106;218;336;209;346;315
9648.0;105;220;336;210;344;315
9654.0;106;219;337;210;344;314
9660.0;107;218;337;211;343;314
9666.0;108;219;337;211;343;312
9672.0;106;220;337;211;346;310
9678.0;106;219;339;209;347;310
9684.0;105;220;340;211;345;309
9690.0;104;221;340;211;345;309
9696.0;103;221;340;211;346;309
9702.0;104;221;340;212;344;309
9708.0;104;221;341;212;343;309
9714.0;103;220;342;214;343;308
9720.0;103;219;343;213;343;309
9726.0;104;219;344;212;343;308
9732.0;105;220;344;212;342;307
9738.0;105;220;344;213;342;306
9744.0;104;221;344;213;343;305
9750.0;105;221;344;210;342;308
9756.0;104;220;344;212;342;308
9762.0;104;220;344;213;342;307
9768.0;103;220;345;213;342;307
9774.0;102;220;346;212;343;307
9780.0;101;225;344;210;343;307
9786.0;99;224;345;212;343;307
9792.0;99;223;344;214;345;305
9798.0;99;223;345;214;344;305
9804.0;98;221;345;214;347;305
9810.0;97;221;344;216;346;306
9816.0;98;221;343;216;345;307
9822.0;97;222;343;215;345;308
9828.0;96;222;343;215;346;308
9834.0;95;223;343;215;346;308
9840.0;95;224;341;214;346;310
9846.0;95;224;340;216;346;309
9852.0;95;224;341;215;346;309
9858.0;95;225;340;215;345;310
9864.0;95;224;341;213;346;311
9870.0;92;227;342;213;346;310
9876.0;94;228;342;213;346;307
9882.0;95;228;342;213;346;306
9888.0;94;228;342;216;346;304
9894.0;94;228;343;217;346;302
9900.0;95;227;341;217;345;305
9906.0;94;226;342;217;345;306
9912.0;92;226;341;217;347;307
9918.0;93;225;340;218;346;308
9924.0;93;225;340;218;346;308
9930.0;93;224;341;218;346;308
9936.0;95;224;340;217;346;308
9942.0;95;224;340;216;346;309
9948.0;95;222;340;217;346;310
9954.0;94;224;339;216;347;310
9960.0;94;224;339;216;347;310
9966.0;93;223;340;216;347;311
9972.0;95;223;339;215;348;310
9978.0;95;223;338;216;348;310
9984.0;95;220;338;218;348;311
9990.0;96;219;338;216;349;312
9996.0;97;217;338;216;350;312
10002.0;97;217;338;217;348;313
10008.0;99;217;337;217;348;312
10014.0;101;216;337;215;349;312
10020.0;101;217;337;216;347;312
10026.0;103;216;337;216;347;311
10032.0;102;216;337;217;346;312
10038.0;101;217;337;217;346;312
10044.0;101;217;337;217;346;312
10050.0;101;217;337;220;345;310
10056.0;101;219;337;219;344;310
10062.0;102;219;336;219;344;310
10068.0;100;219;335;221;345;310
10074.0;102;217;335;222;344;310
10080.0;101;216;337;222;345;309
10086.0;101;217;336;223;344;309
10092.0;102;218;335;224;342;309
10098.0;102;215;337;224;343;309
10104.0;101;215;337;225;343;309
10110.0;104;213;337;225;342;309
10116.0;104;211;336;225;345;309
10122.0;104;209;336;228;344;309
10128.0;103;210;336;230;342;309
10134.0;102;210;337;228;343;310
10140.0;100;209;337;229;343;312
10146.0;99;209;337;230;343;312
10152.0;99;208;337;230;344;312
10158.0;98;208;337;231;345;311
10164.0;98;207;337;231;347;310
10170.0;98;207;337;231;347;310
10176.0;99;207;337;231;346;310
10182.0;101;205;337;231;346;310
10188.0;102;202;338;233;345;310
10194.0;101;202;339;232;347;309
10200.0;101;201;339;230;349;310
10206.0;103;200;338;230;349;310
10212.0;103;198;338;231;349;311
10218.0;104;198;338;232;348;310
10224.0;101;198;339;233;349;310
10230.0;102;198;338;234;350;308
10236.0;103;198;337;234;349;309
10242.0;103;197;337;234;349;310
10248.0;105;196;339;234;347;309
10254.0;106;195;339;234;348;308
10260.0;108;193;338;234;348;309
10266.0;109;193;337;235;347;309
10272.0;108;195;336;235;347;309
10278.0;107;196;335;235;347;310
10284.0;106;196;336;233;348;311
10290.0;106;197;334;233;348;312
10296.0;106;198;333;234;348;311
10302.0;106;200;335;230;349;310
10308.0;106;201;333;232;348;310
10314.0;104;203;331;233;348;311
10320.0;106;203;333;232;346;310
10326.0;104;203;332;234;346;311
10332.0;103;202;332;236;346;311
10338.0;103;203;333;235;346;310
10344.0;103;202;334;235;346;310
10350.0;104;202;334;237;345;308
10356.0;101;203;334;239;345;308
10362.0;102;203;335;238;344;308
10368.0;104;203;334;238;343;308
10374.0;105;203;335;238;342;307
10380.0;105;202;335;237;344;307
10386.0;105;203;334;238;342;308
10392.0;106;204;332;236;343;309
10398.0;106;204;332;235;344;309
10404.0;106;203;332;235;344;310
10410.0;104;203;333;236;345;309
10416.0;105;203;332;236;344;310
10422.0;106;202;332;236;344;310
10428.0;106;201;332;237;344;310
10434.0;106;200;333;237;344;310
10440.0;106;200;333;237;344;310
10446.0;109;201;333;234;344;309
10452.0;108;201;332;232;346;311
10458.0;106;201;332;231;349;311
10464.0;106;202;333;230;348;311
10470.0;106;202;332;230;349;311
10476.0;106;200;333;232;350;309
10482.0;106;199;334;231;351;309
10488.0;106;198;335;230;351;310
10494.0;106;198;334;231;351;310
10500.0;105;198;333;232;352;310
10506.0;105;196;333;232;353;311
10512.0;107;195;333;233;351;311
10518.0;107;194;333;233;352;311
10524.0;106;193;334;233;353;311
10530.0;106;193;334;233;353;311
10536.0;105;194;332;233;354;312
10542.0;107;192;332;233;355;311
10548.0;108;192;335;233;353;309
10554.0;108;195;335;232;352;308
10560.0;107;193;336;232;353;309
10566.0;106;192;336;231;355;310
10572.0;105;192;336;232;355;310
10578.0;106;192;337;231;356;308
10584.0;108;192;334;232;357;307
10590.0;109;191;332;235;358;305
10596.0;108;192;332;237;357;304
10602.0;108;193;332;237;357;303
10608.0;108;195;331;236;356;304
10614.0;109;197;331;235;356;302
10620.0;109;197;332;235;355;302
10626.0;110;198;330;236;355;301
10632.0;110;198;329;236;356;301
10638.0;110;198;330;235;356;301
10644.0;109;198;331;234;355;303
10650.0;109;199;331;234;354;303
10656.0;111;199;331;235;351;303
10662.0;112;199;330;235;351;303
10668.0;110;199;331;235;352;303
10674.0;111;198;329;235;352;305
10680.0;110;198;329;235;353;305
10686.0;110;199;327;237;353;304
10692.0;107;199;327;240;351;306
10698.0;106;199;329;240;350;306
10704.0;107;199;331;236;352;305
10710.0;107;199;330;237;351;306
10716.0;106;199;328;239;351;307
10722.0;106;198;328;240;351;307
10728.0;106;199;331;239;350;305
10734.0;108;199;330;239;350;304
10740.0;110;198;330;239;349;304
10746.0;106;199;332;237;350;306
10752.0;105;200;332;236;350;307
10758.0;105;200;332;235;351;307
10764.0;106;201;331;235;350;307
10770.0;108;201;331;232;349;309
10776.0;107;201;333;231;349;309
10782.0;104;201;331;232;353;309
10788.0;104;201;331;233;351;310
10794.0;105;200;331;233;351;310
