#auto generated file!
12.0;92;110;114;92;101;97
18.0;91;110;114;92;101;98
24.0;91;110;114;92;101;98
30.0;88;111;116;91;101;99
36.0;88;111;116;91;101;99
42.0;88;111;116;91;101;99
48.0;88;111;115;91;102;99
54.0;89;109;117;91;102;98
60.0;89;109;117;91;102;98
66.0;89;109;117;92;102;97
72.0;90;109;117;92;101;97
78.0;89;110;117;92;101;97
84.0;89;110;118;91;102;96
90.0;89;110;117;92;102;96
96.0;89;110;117;92;102;96
102.0;89;110;117;92;101;97
108.0;88;110;116;92;102;98
114.0;86;109;117;93;104;97
120.0;86;109;117;94;103;97
126.0;86;110;116;94;103;97
132.0;86;110;116;95;103;96
138.0;87;112;115;94;102;96
144.0;86;112;115;94;103;96
150.0;87;110;117;92;103;97
156.0;87;110;116;91;104;98
162.0;87;111;116;93;102;97
168.0;87;111;116;93;102;97
174.0;87;111;116;93;102;97
180.0;88;111;115;94;102;96
186.0;87;111;115;94;103;96
192.0;88;110;114;95;103;96
198.0;87;110;114;95;104;96
204.0;85;112;114;93;105;97
210.0;85;111;114;94;105;97
216.0;84;111;114;94;105;98
222.0;84;112;113;94;105;98
228.0;83;112;113;94;106;98
234.0;83;112;112;94;106;99
240.0;83;112;112;94;106;99
246.0;83;111;113;94;105;100
252.0;83;111;113;94;105;100
258.0;82;112;114;94;105;99
264.0;81;114;113;93;105;100
270.0;81;115;113;93;104;100
276.0;80;116;112;93;105;100
282.0;82;116;111;92;105;100
288.0;80;117;111;92;106;100
294.0;79;118;111;92;106;100
300.0;77;117;110;94;107;101
306.0;76;118;111;94;106;101
312.0;77;118;109;95;106;101
318.0;75;118;108;95;109;101
324.0;75;117;108;97;109;100
330.0;75;116;108;97;109;101
336.0;75;116;108;97;109;101
342.0;75;116;108;97;109;101
348.0;75;115;108;98;108;102
354.0;74;115;109;97;109;102
360.0;74;116;109;98;108;101
366.0;74;116;108;98;109;101
372.0;74;116;108;98;108;102
378.0;74;116;108;98;108;102
384.0;74;117;107;98;108;102
390.0;75;116;107;98;108;102
396.0;73;116;107;99;108;103
402.0;73;114;107;100;109;103
408.0;74;114;107;99;109;103
414.0;72;115;107;99;109;104
420.0;73;115;106;99;109;104
426.0;72;115;106;100;108;105
432.0;72;115;106;99;108;106
438.0;71;116;105;99;108;107
444.0;70;117;105;100;108;106
450.0;70;116;105;100;109;106
456.0;71;117;103;99;110;106
462.0;71;118;104;98;109;106
468.0;70;118;104;98;110;106
474.0;69;118;104;99;109;107
480.0;68;118;105;100;109;106
486.0;68;118;106;99;109;106
492.0;67;119;106;99;109;106
498.0;66;118;108;99;109;106
504.0;66;116;108;101;109;106
510.0;66;115;107;101;110;107
516.0;66;114;107;101;111;107
522.0;66;113;107;101;111;108
528.0;66;113;108;101;110;108
534.0;67;113;109;100;109;108
540.0;63;114;109;100;111;109
546.0;63;114;109;100;111;109
552.0;63;115;108;100;111;109
558.0;64;115;108;99;110;110
564.0;65;115;108;98;110;110
570.0;66;115;108;98;109;110
576.0;66;114;109;98;109;110
582.0;67;114;109;98;109;109
588.0;66;115;109;98;109;109
594.0;66;114;110;98;109;109
600.0;66;114;110;98;109;109
606.0;66;115;108;99;110;108
612.0;66;115;108;99;110;108
618.0;66;115;108;100;109;108
624.0;66;115;109;100;109;107
630.0;66;116;110;99;109;106
636.0;65;116;109;100;110;106
642.0;65;116;109;100;110;106
648.0;66;116;109;99;110;106
654.0;65;116;109;99;110;107
660.0;64;117;109;99;110;107
666.0;62;117;110;100;110;107
672.0;62;117;110;101;110;106
678.0;62;116;111;101;110;106
684.0;63;116;111;101;110;105
690.0;63;115;112;103;108;105
696.0;65;114;112;104;108;103
702.0;66;113;111;104;109;103
708.0;65;112;110;105;110;104
714.0;65;111;110;106;110;104
720.0;66;110;110;106;110;104
726.0;66;110;111;105;110;104
732.0;66;110;111;104;110;105
738.0;65;110;111;104;110;106
744.0;64;111;112;104;110;105
750.0;64;111;112;104;110;105
756.0;65;110;112;104;110;105
762.0;65;110;112;104;110;105
768.0;65;110;112;105;110;104
774.0;65;109;113;105;110;104
780.0;65;109;112;106;110;104
786.0;64;108;113;106;110;105
792.0;63;108;113;106;111;105
798.0;62;106;113;108;112;105
804.0;61;106;114;105;113;107
810.0;61;106;114;106;112;107
816.0;61;106;114;106;112;107
822.0;60;107;114;106;112;107
828.0;60;107;114;106;112;107
834.0;59;107;114;106;113;107
840.0;58;107;114;106;114;107
846.0;57;107;115;106;114;107
852.0;57;107;115;107;113;107
858.0;57;107;115;107;113;107
864.0;58;107;115;108;111;107
870.0;58;107;115;108;111;107
876.0;59;107;114;108;111;107
882.0;59;107;114;108;110;108
888.0;58;107;114;108;111;108
894.0;58;107;114;108;111;108
900.0;57;110;113;107;111;108
906.0;58;110;112;107;111;108
912.0;58;110;112;107;110;109
918.0;58;110;112;107;110;109
924.0;58;110;112;107;110;109
930.0;57;110;113;107;110;109
936.0;57;110;113;107;109;110
942.0;57;110;113;107;109;110
948.0;55;111;114;107;109;110
954.0;56;109;114;108;109;110
960.0;56;109;115;107;109;110
966.0;57;109;115;106;109;110
972.0;57;109;115;106;109;110
978.0;58;109;114;106;109;110
984.0;58;109;115;105;110;109
990.0;57;108;115;105;113;108
996.0;57;108;115;105;113;108
1002.0;57;108;115;105;113;108
1008.0;56;108;115;105;113;109
1014.0;54;108;117;104;113;110
1020.0;54;108;117;104;113;110
1026.0;55;108;117;102;114;110
1032.0;54;108;117;104;114;109
1038.0;54;108;116;104;115;109
1044.0;56;107;117;104;115;107
1050.0;57;107;117;102;115;108
1056.0;56;108;118;102;114;108
1062.0;55;108;118;103;114;108
1068.0;55;108;118;103;113;109
1074.0;55;108;118;102;114;109
1080.0;56;108;117;102;114;109
1086.0;56;108;118;101;114;109
1092.0;56;108;119;101;113;109
1098.0;56;108;119;101;113;109
1104.0;55;107;119;103;111;111
1110.0;55;107;119;103;111;111
1116.0;55;107;118;103;112;111
1122.0;56;106;118;103;112;111
1128.0;56;107;116;104;112;111
1134.0;57;107;115;103;113;111
1140.0;57;108;115;102;113;111
1146.0;59;107;115;102;113;110
1152.0;60;107;114;102;113;110
1158.0;61;105;114;102;114;110
1164.0;60;105;115;102;114;110
1170.0;60;105;115;102;115;109
1176.0;60;106;115;102;115;108
1182.0;60;106;115;103;115;107
1188.0;61;106;115;102;115;107
1194.0;63;105;115;102;117;104
1200.0;63;106;113;102;118;104
1206.0;63;106;113;101;119;104
1212.0;62;108;112;102;119;103
1218.0;62;108;112;102;119;103
1224.0;62;107;112;103;118;104
1230.0;63;107;112;103;118;103
1236.0;64;107;113;101;118;103
1242.0;63;107;113;101;118;104
1248.0;62;108;113;102;118;103
1254.0;62;109;113;102;118;102
1260.0;62;108;113;103;117;103
1266.0;62;108;114;103;116;103
1272.0;62;107;115;104;116;102
1278.0;61;108;116;103;116;102
1284.0;60;109;116;103;116;102
1290.0;60;109;116;103;116;102
1296.0;59;110;116;102;116;103
1302.0;58;110;116;102;116;104
1308.0;59;109;115;102;117;104
1314.0;59;109;115;102;117;104
1320.0;60;109;115;100;118;104
1326.0;60;109;115;100;118;104
1332.0;60;109;115;98;118;106
1338.0;60;109;115;98;118;106
1344.0;59;109;114;99;118;107
1350.0;59;110;113;97;118;109
1356.0;60;109;112;97;118;110
1362.0;61;108;112;97;118;110
1368.0;62;108;111;98;117;110
1374.0;62;108;111;98;117;110
1380.0;61;108;110;99;118;110
1386.0;60;110;110;99;117;110
1392.0;60;110;110;99;117;110
1398.0;60;109;110;98;118;111
1404.0;61;109;110;98;117;111
1410.0;61;109;111;97;117;111
1416.0;59;110;111;97;118;111
1422.0;59;110;109;98;118;112
1428.0;58;110;108;100;118;112
1434.0;58;109;109;101;118;111
1440.0;58;108;109;101;118;112
1446.0;59;107;108;102;118;112
1452.0;59;107;108;101;120;111
1458.0;58;109;108;101;119;111
1464.0;58;107;108;102;119;112
1470.0;58;108;108;102;119;111
1476.0;58;108;107;103;119;111
1482.0;57;109;106;105;119;110
1488.0;57;109;106;105;119;110
1494.0;58;109;106;105;119;109
1500.0;57;110;105;105;119;110
1506.0;57;110;105;105;119;110
1512.0;57;110;106;105;119;109
1518.0;57;110;107;104;119;109
1524.0;57;111;107;103;119;109
1530.0;57;112;107;104;117;109
1536.0;57;112;107;105;116;109
1542.0;57;111;106;107;116;109
1548.0;55;112;106;108;116;109
1554.0;55;112;106;108;116;109
1560.0;54;111;106;109;116;110
1566.0;53;108;108;109;114;114
1572.0;53;109;107;109;114;114
1578.0;55;109;105;109;114;114
1584.0;55;109;105;109;114;114
1590.0;56;109;104;109;114;114
1596.0;56;109;104;109;114;114
1602.0;56;109;104;109;114;114
1608.0;57;109;104;109;113;114
1614.0;57;110;103;109;113;114
1620.0;56;110;103;109;114;114
1626.0;56;110;103;109;114;114
1632.0;56;110;102;109;114;115
1638.0;56;110;101;109;115;115
1644.0;56;110;101;109;115;115
1650.0;56;109;102;109;115;115
1656.0;56;109;102;110;115;114
1662.0;56;108;102;110;115;115
1668.0;56;108;102;110;115;115
1674.0;56;107;102;110;115;116
1680.0;56;107;102;110;115;116
1686.0;55;106;103;110;116;116
1692.0;55;106;102;110;116;117
1698.0;55;106;102;109;117;117
1704.0;55;106;102;108;118;117
1710.0;56;106;101;109;118;116
1716.0;57;104;101;109;119;116
1722.0;58;103;101;109;119;116
1728.0;59;103;101;108;119;116
1734.0;59;102;101;108;119;117
1740.0;60;103;100;107;119;117
1746.0;60;105;99;106;119;117
1752.0;59;106;99;105;119;118
1758.0;59;106;99;106;119;117
1764.0;59;107;99;106;119;116
1770.0;59;108;99;106;118;116
1776.0;59;108;99;106;118;116
1782.0;59;107;101;105;118;116
1788.0;59;107;101;104;119;116
1794.0;60;105;101;104;119;117
1800.0;60;105;101;104;119;117
1806.0;60;106;101;103;119;117
1812.0;60;106;101;103;119;117
1818.0;60;106;101;102;120;117
1824.0;60;106;101;102;120;117
1830.0;60;106;103;102;118;117
1836.0;60;106;103;102;118;117
1842.0;60;106;103;102;118;117
1848.0;60;106;103;102;118;117
1854.0;60;105;104;102;118;117
1860.0;61;105;103;102;118;117
1866.0;62;104;104;101;118;117
1872.0;63;105;105;101;118;114
1878.0;64;104;105;101;118;114
1884.0;64;103;106;101;118;114
1890.0;64;104;105;101;118;114
1896.0;63;103;105;101;119;115
1902.0;63;103;105;101;121;113
1908.0;64;103;105;101;121;112
1914.0;64;104;103;101;122;112
1920.0;64;104;103;101;122;112
1926.0;64;103;103;102;121;113
1932.0;64;102;102;103;121;114
1938.0;65;101;102;103;122;113
1944.0;65;101;102;103;123;112
1950.0;65;101;102;103;123;112
1956.0;67;100;102;103;122;112
1962.0;69;99;102;103;122;111
1968.0;69;99;102;103;122;111
1974.0;69;99;102;103;122;111
1980.0;69;99;103;103;121;111
1986.0;69;97;103;103;123;111
1992.0;68;97;103;104;123;111
1998.0;69;97;102;104;123;111
2004.0;69;97;101;104;124;111
2010.0;69;97;101;103;124;112
2016.0;68;96;102;103;124;113
2022.0;68;96;102;103;124;113
2028.0;68;96;103;102;124;113
2034.0;68;96;103;102;124;113
2040.0;67;95;103;102;123;116
2046.0;67;96;103;102;122;116
2052.0;68;96;103;102;122;115
2058.0;67;96;104;102;122;115
2064.0;67;96;104;102;122;115
2070.0;66;95;106;102;122;115
2076.0;65;96;106;103;121;115
2082.0;65;95;106;102;121;117
2088.0;65;97;106;101;120;117
2094.0;67;95;107;101;120;116
2100.0;67;95;107;101;120;116
2106.0;67;95;107;101;120;116
2112.0;67;95;107;101;120;116
2118.0;68;94;106;102;120;116
2124.0;68;94;106;102;120;116
2130.0;68;94;106;102;120;116
2136.0;70;94;106;102;119;115
2142.0;70;94;106;102;118;116
2148.0;70;93;106;102;119;116
2154.0;70;94;106;101;119;116
2160.0;71;94;105;101;119;116
2166.0;71;94;104;102;119;116
2172.0;72;94;104;101;118;117
2178.0;74;94;103;99;118;118
2184.0;74;94;102;99;119;118
2190.0;73;94;103;99;119;118
2196.0;73;94;103;98;120;118
2202.0;72;95;104;98;119;118
2208.0;73;95;102;98;121;117
2214.0;72;95;102;98;122;117
2220.0;71;95;102;99;122;117
2226.0;71;94;100;100;122;119
2232.0;72;94;101;98;122;119
2238.0;73;94;100;98;123;118
2244.0;73;94;100;98;123;118
2250.0;73;94;100;98;123;118
2256.0;74;94;99;98;123;118
2262.0;74;95;98;98;123;118
2268.0;76;95;97;98;123;117
2274.0;77;94;97;98;123;117
2280.0;77;94;97;98;123;117
2286.0;76;94;97;98;124;117
2292.0;76;96;97;98;122;117
2298.0;77;96;96;98;122;117
2304.0;77;97;95;98;122;117
2310.0;77;97;94;97;122;119
2316.0;78;97;94;97;121;119
2322.0;78;95;95;99;121;118
2328.0;78;95;95;99;121;118
2334.0;75;93;95;99;125;119
2340.0;76;92;95;99;125;119
2346.0;76;92;95;99;125;119
2352.0;74;94;93;100;126;119
2358.0;74;93;91;101;126;121
2364.0;74;93;91;101;126;121
2370.0;74;93;91;101;126;121
2376.0;74;93;91;102;127;119
2382.0;74;93;91;101;127;120
2388.0;74;92;92;101;128;119
2394.0;73;92;92;100;129;120
2400.0;73;91;93;100;129;120
2406.0;73;90;92;100;131;120
2412.0;73;90;93;100;132;118
2418.0;74;90;92;99;132;119
2424.0;74;90;92;99;131;120
2430.0;75;88;93;99;131;120
2436.0;74;89;92;100;132;119
2442.0;74;90;93;100;131;118
2448.0;73;91;93;100;131;118
2454.0;74;91;93;100;130;118
2460.0;74;91;93;99;131;118
2466.0;74;91;93;99;131;118
2472.0;73;91;95;100;129;118
2478.0;72;91;96;100;130;117
2484.0;71;91;96;100;131;117
2490.0;70;92;96;100;131;117
2496.0;70;92;96;100;131;117
2502.0;70;92;96;99;131;118
2508.0;69;93;96;100;130;118
2514.0;69;93;96;100;129;119
2520.0;69;93;96;100;129;119
2526.0;69;93;96;100;129;119
2532.0;69;93;94;102;129;119
2538.0;69;93;94;102;129;119
2544.0;68;93;94;103;129;119
2550.0;67;93;93;103;131;119
2556.0;68;93;91;103;132;119
2562.0;68;93;91;103;133;118
2568.0;68;92;91;103;134;118
2574.0;69;92;91;103;134;117
2580.0;68;93;91;103;134;117
2586.0;68;93;90;103;134;118
2592.0;66;93;90;105;134;118
2598.0;66;92;91;106;133;118
2604.0;68;90;92;106;133;117
2610.0;68;89;92;106;133;118
2616.0;67;88;92;106;134;119
2622.0;66;88;92;105;136;119
2628.0;65;87;92;105;138;119
2634.0;65;87;92;106;137;119
2640.0;65;88;92;106;137;118
2646.0;65;88;92;105;138;118
2652.0;65;88;92;105;138;118
2658.0;64;88;91;105;139;119
2664.0;62;89;91;105;141;118
2670.0;62;88;91;105;142;118
2676.0;62;88;91;105;141;119
2682.0;62;88;91;105;141;119
2688.0;61;88;92;105;141;119
2694.0;62;88;92;105;141;118
2700.0;62;88;92;106;141;117
2706.0;62;88;91;107;141;117
2712.0;62;88;91;108;139;118
2718.0;62;87;93;107;138;119
2724.0;63;88;92;107;139;117
2730.0;63;88;91;108;139;117
2736.0;63;88;90;108;139;118
2742.0;63;88;90;107;140;118
2748.0;60;88;93;108;139;118
2754.0;60;90;93;108;137;118
2760.0;60;90;94;108;136;118
2766.0;60;90;93;109;136;118
2772.0;61;90;93;108;136;118
2778.0;61;90;93;108;136;118
2784.0;61;91;91;108;137;118
2790.0;61;91;91;108;137;118
2796.0;62;91;91;108;136;118
2802.0;61;91;91;108;136;119
2808.0;62;90;91;108;137;118
2814.0;62;91;90;108;138;117
2820.0;61;92;90;108;138;117
2826.0;61;92;90;109;137;117
2832.0;61;92;91;109;136;117
2838.0;61;91;91;109;137;117
2844.0;61;90;91;110;136;118
2850.0;60;89;92;111;136;118
2856.0;60;88;92;111;136;119
2862.0;60;88;93;111;136;118
2868.0;59;87;93;112;137;118
2874.0;59;87;93;113;137;117
2880.0;59;87;93;113;137;117
2886.0;59;87;93;113;138;116
2892.0;59;87;93;113;138;116
2898.0;59;87;92;113;138;117
2904.0;59;88;92;112;138;117
2910.0;59;90;92;111;138;116
2916.0;59;90;92;111;138;116
2922.0;60;90;92;108;139;117
2928.0;60;91;91;108;138;118
2934.0;61;89;91;108;139;118
2940.0;60;89;90;108;140;119
2946.0;60;90;90;108;139;119
2952.0;60;90;91;108;138;119
2958.0;61;91;91;106;138;119
2964.0;60;91;92;105;138;120
2970.0;60;91;92;106;138;119
2976.0;60;91;92;106;138;119
2982.0;59;91;92;106;139;119
2988.0;59;91;93;104;139;120
2994.0;59;91;93;104;138;121
3000.0;59;93;92;104;138;120
3006.0;61;92;92;104;137;120
3012.0;61;92;92;104;137;120
3018.0;61;92;91;104;137;121
3024.0;61;92;91;104;137;121
3030.0;61;92;91;104;137;121
3036.0;61;92;91;104;137;121
3042.0;62;92;91;104;136;121
3048.0;62;92;91;104;136;121
3054.0;62;91;92;106;134;121
3060.0;62;90;92;106;134;122
3066.0;62;90;92;106;134;122
3072.0;62;90;92;106;133;123
3078.0;62;90;92;106;133;123
3084.0;62;89;92;106;134;123
3090.0;62;89;92;105;135;123
3096.0;61;88;92;105;136;124
3102.0;60;90;92;105;136;123
3108.0;59;91;92;104;136;124
3114.0;59;91;92;104;136;124
3120.0;60;91;92;104;135;124
3126.0;60;91;92;104;135;124
3132.0;60;91;92;104;135;124
3138.0;60;91;92;103;135;125
3144.0;60;91;92;103;135;125
3150.0;60;91;92;103;135;125
3156.0;61;91;92;103;134;125
3162.0;60;90;92;104;134;126
3168.0;59;90;92;104;135;126
3174.0;59;91;92;104;134;126
3180.0;59;91;92;105;134;125
3186.0;59;91;93;104;134;125
3192.0;57;90;94;103;133;129
3198.0;57;90;94;103;133;129
3204.0;56;90;95;103;133;129
3210.0;55;90;95;104;133;129
3216.0;54;91;95;104;133;129
3222.0;54;91;95;104;133;129
3228.0;55;91;94;104;133;129
3234.0;56;91;94;104;133;128
3240.0;56;91;94;104;133;128
3246.0;56;93;94;103;132;128
3252.0;56;92;95;103;132;128
3258.0;57;92;95;103;131;128
3264.0;57;91;95;104;131;128
3270.0;57;91;95;105;131;127
3276.0;57;90;95;106;131;127
3282.0;57;90;95;106;131;127
3288.0;57;90;95;106;131;127
3294.0;58;90;95;105;131;127
3300.0;58;90;95;105;131;127
3306.0;59;90;94;106;131;126
3312.0;59;90;94;106;130;127
3318.0;59;90;95;106;129;127
3324.0;59;90;95;107;129;126
3330.0;59;89;95;109;129;125
3336.0;60;89;95;109;129;124
3342.0;60;90;94;109;128;125
3348.0;59;90;95;108;129;125
3354.0;58;90;95;108;130;125
3360.0;58;90;95;108;130;125
3366.0;58;90;94;108;131;125
3372.0;57;92;93;109;130;125
3378.0;57;92;94;108;130;125
3384.0;57;92;93;109;130;125
3390.0;56;91;94;110;130;125
3396.0;56;91;93;110;130;126
3402.0;55;91;93;110;130;127
3408.0;55;90;93;111;129;128
3414.0;55;90;93;111;129;128
3420.0;55;90;93;111;129;128
3426.0;55;90;93;112;128;128
3432.0;55;90;94;112;128;127
3438.0;55;90;94;110;129;128
3444.0;56;90;94;110;129;127
3450.0;57;90;94;110;128;127
3456.0;57;90;93;110;128;128
3462.0;58;89;93;110;128;128
3468.0;58;88;95;109;129;127
3474.0;58;88;95;109;129;127
3480.0;58;88;95;109;129;127
3486.0;58;88;95;109;129;127
3492.0;58;88;95;109;129;127
3498.0;58;88;95;108;130;127
3504.0;58;88;95;108;130;127
3510.0;59;87;94;108;131;127
3516.0;60;86;94;109;130;127
3522.0;61;84;94;110;130;127
3528.0;61;83;94;111;130;127
3534.0;61;83;94;111;130;127
3540.0;62;83;93;112;129;127
3546.0;61;82;93;112;130;128
3552.0;61;81;93;110;131;130
3558.0;62;79;93;111;131;130
3564.0;62;80;94;110;132;128
3570.0;61;81;94;110;132;128
3576.0;62;81;93;110;132;128
3582.0;63;80;93;111;132;127
3588.0;62;80;93;111;134;126
3594.0;62;79;92;111;135;127
3600.0;62;79;92;111;135;127
3606.0;62;79;92;111;135;127
3612.0;62;79;92;111;135;127
3618.0;63;79;91;111;134;128
3624.0;63;80;91;110;134;128
3630.0;64;80;91;109;134;128
3636.0;64;80;90;109;133;130
3642.0;64;80;90;109;133;130
3648.0;65;80;90;108;134;129
3654.0;64;80;91;109;133;129
3660.0;64;81;91;109;133;128
3666.0;64;81;90;110;134;127
3672.0;64;81;90;110;134;127
3678.0;65;81;91;109;133;127
3684.0;65;81;91;109;133;127
3690.0;65;81;91;109;133;127
3696.0;66;80;91;109;133;127
3702.0;66;80;91;108;133;128
3708.0;66;80;91;108;134;127
3714.0;69;80;90;107;133;127
3720.0;69;80;90;107;133;127
3726.0;69;79;90;108;133;127
3732.0;69;78;91;107;134;127
3738.0;69;79;91;107;134;126
3744.0;69;79;92;107;133;126
3750.0;68;80;92;106;134;126
3756.0;68;79;93;106;134;126
3762.0;67;79;94;106;135;125
3768.0;67;79;94;106;135;125
3774.0;67;79;94;106;135;125
3780.0;67;79;93;106;135;126
3786.0;67;80;92;105;136;126
3792.0;67;81;92;105;136;125
3798.0;67;82;92;104;135;126
3804.0;67;81;93;103;136;126
3810.0;67;81;92;105;135;126
3816.0;67;81;93;104;135;126
3822.0;67;80;95;104;135;125
3828.0;66;80;95;105;135;125
3834.0;66;80;95;105;135;125
3840.0;65;81;95;104;135;126
3846.0;65;81;95;106;133;126
3852.0;65;80;95;106;133;127
3858.0;65;80;95;106;133;127
3864.0;64;80;96;106;132;128
3870.0;65;81;96;106;130;128
3876.0;65;81;96;107;129;128
3882.0;66;80;96;107;129;128
3888.0;68;80;94;108;128;128
3894.0;68;81;94;107;128;128
3900.0;68;81;94;107;129;127
3906.0;68;81;93;107;129;128
3912.0;68;81;93;107;129;128
3918.0;68;81;94;107;128;128
3924.0;68;82;94;107;128;127
3930.0;68;83;94;107;128;126
3936.0;69;84;94;105;128;126
3942.0;69;83;93;107;128;126
3948.0;68;85;93;108;127;125
3954.0;67;86;92;107;127;127
3960.0;67;87;92;106;127;127
3966.0;67;88;92;105;128;126
3972.0;68;87;92;105;128;126
3978.0;68;87;92;106;127;126
3984.0;68;87;91;106;128;126
3990.0;68;88;91;105;128;126
3996.0;69;87;91;105;128;126
4002.0;69;85;92;105;128;127
4008.0;68;85;92;105;128;128
4014.0;67;85;93;105;128;128
4020.0;67;84;93;105;129;128
4026.0;66;84;93;104;130;129
4032.0;65;84;93;104;130;130
4038.0;65;84;93;104;130;130
4044.0;65;84;93;104;130;130
4050.0;65;83;93;104;131;130
4056.0;66;82;93;104;130;131
4062.0;65;82;94;103;130;132
4068.0;64;82;94;103;131;132
4074.0;64;82;94;103;131;132
4080.0;64;83;94;103;130;132
4086.0;65;82;94;103;129;133
4092.0;65;82;94;103;129;133
4098.0;65;82;94;103;130;132
4104.0;64;83;94;105;130;130
4110.0;65;82;94;105;130;130
4116.0;64;82;95;105;130;130
4122.0;64;82;96;105;129;130
4128.0;64;81;98;106;127;130
4134.0;64;81;98;106;127;130
4140.0;64;81;98;106;127;130
4146.0;64;80;99;106;127;130
4152.0;64;80;99;106;128;129
4158.0;64;80;98;106;129;129
4164.0;64;79;99;106;129;129
4170.0;64;78;100;105;130;129
4176.0;64;78;100;105;130;129
4182.0;64;78;100;106;128;130
4188.0;64;78;100;106;128;130
4194.0;63;79;100;106;129;129
4200.0;63;80;100;106;128;129
4206.0;62;78;101;107;128;130
4212.0;61;79;101;106;129;130
4218.0;60;80;100;106;130;130
4224.0;60;80;100;106;130;130
4230.0;60;81;100;106;129;130
4236.0;60;81;100;106;129;130
4242.0;61;81;101;104;129;130
4248.0;61;81;101;104;129;130
4254.0;62;81;100;104;130;129
4260.0;60;81;100;105;130;130
4266.0;60;81;100;105;129;131
4272.0;61;81;99;104;130;131
4278.0;61;81;99;104;130;131
4284.0;61;81;99;105;130;130
4290.0;60;81;100;105;130;130
4296.0;60;81;100;104;131;130
4302.0;60;81;100;104;131;130
4308.0;61;81;100;104;131;129
4314.0;60;81;101;104;131;129
4320.0;60;80;101;105;131;129
4326.0;60;80;101;105;131;129
4332.0;60;81;101;105;130;129
4338.0;60;81;101;106;129;129
4344.0;59;81;101;106;131;128
4350.0;59;80;101;106;131;129
4356.0;59;80;100;106;131;130
4362.0;59;79;100;106;132;130
4368.0;59;80;100;105;132;130
4374.0;59;80;99;105;133;130
4380.0;59;80;99;105;134;129
4386.0;59;81;99;103;134;130
4392.0;58;80;99;104;135;130
4398.0;58;80;99;104;133;132
4404.0;58;80;99;104;133;132
4410.0;57;81;98;105;133;132
4416.0;58;81;98;105;132;132
4422.0;58;81;98;105;132;132
4428.0;58;80;99;106;131;132
4434.0;57;80;100;106;131;132
4440.0;57;80;100;106;131;132
4446.0;58;80;100;106;131;131
4452.0;58;80;101;105;131;131
4458.0;58;80;101;105;130;132
4464.0;58;82;100;105;130;131
4470.0;58;81;100;106;130;131
4476.0;57;82;99;106;130;132
4482.0;57;82;99;106;129;133
4488.0;57;82;99;106;129;133
4494.0;56;84;99;105;129;133
4500.0;56;84;100;105;127;134
4506.0;56;84;100;105;127;134
4512.0;57;83;99;106;127;134
4518.0;58;82;99;106;127;134
4524.0;57;82;99;106;128;134
4530.0;58;83;99;105;128;133
4536.0;59;83;99;105;127;133
4542.0;59;83;99;105;127;133
4548.0;58;84;99;105;127;133
4554.0;59;84;99;106;125;133
4560.0;59;83;99;106;126;133
4566.0;58;83;100;107;126;132
4572.0;58;84;99;107;126;132
4578.0;58;82;99;108;126;133
4584.0;58;82;99;108;126;133
4590.0;57;83;100;106;126;134
4596.0;57;83;100;106;126;134
4602.0;57;83;101;105;125;135
4608.0;57;83;101;105;125;135
4614.0;57;82;101;105;126;135
4620.0;58;81;101;105;126;135
4626.0;58;82;101;103;127;135
4632.0;58;81;102;103;127;135
4638.0;59;81;103;101;128;134
4644.0;59;81;103;101;128;134
4650.0;59;81;102;101;128;135
4656.0;58;81;102;101;128;136
4662.0;58;81;102;101;129;135
4668.0;58;82;100;100;130;136
4674.0;58;83;100;100;130;135
4680.0;58;83;100;100;130;135
4686.0;57;85;100;101;129;134
4692.0;57;85;100;101;129;134
4698.0;55;85;99;103;129;135
4704.0;55;86;98;103;129;135
4710.0;56;85;98;103;129;135
4716.0;56;84;98;103;130;135
4722.0;57;85;97;102;129;136
4728.0;56;84;98;102;130;136
4734.0;56;84;99;102;129;136
4740.0;56;84;99;103;129;135
4746.0;56;85;99;102;129;135
4752.0;57;85;99;102;129;134
4758.0;57;85;99;102;129;134
4764.0;56;84;99;102;129;136
4770.0;55;84;100;102;127;138
4776.0;55;84;100;102;127;138
4782.0;53;84;102;101;128;138
4788.0;53;84;102;101;128;138
4794.0;53;84;102;101;128;138
4800.0;51;84;102;101;129;139
4806.0;50;84;103;101;129;139
4812.0;49;84;103;100;131;139
4818.0;48;84;103;100;132;139
4824.0;48;84;104;99;133;138
4830.0;48;84;104;99;133;138
4836.0;47;84;104;99;133;139
4842.0;46;84;105;99;133;139
4848.0;46;85;104;99;133;139
4854.0;46;85;104;99;134;138
4860.0;46;85;104;99;134;138
4866.0;46;86;104;99;133;138
4872.0;46;87;104;99;133;137
4878.0;45;87;105;99;133;137
4884.0;46;86;105;99;133;137
4890.0;44;88;106;98;134;136
4896.0;44;89;106;98;133;136
4902.0;44;88;107;98;133;136
4908.0;44;87;107;99;133;136
4914.0;44;86;107;99;133;137
4920.0;43;86;108;99;133;137
4926.0;43;86;108;99;133;137
4932.0;42;87;107;98;134;138
4938.0;42;87;107;98;133;139
4944.0;43;85;107;97;135;139
4950.0;43;84;107;97;136;139
4956.0;43;84;107;98;135;139
4962.0;43;84;106;98;136;139
4968.0;42;85;106;99;136;138
4974.0;43;85;106;99;136;137
4980.0;43;84;106;98;138;137
4986.0;42;84;107;98;138;137
4992.0;42;84;107;98;138;137
4998.0;42;84;106;99;138;137
5004.0;42;84;105;100;138;137
5010.0;42;84;105;100;138;137
5016.0;42;84;105;100;138;137
5022.0;42;84;105;100;138;137
5028.0;42;85;105;100;138;136
5034.0;42;85;105;100;138;136
5040.0;41;85;106;100;138;136
5046.0;39;86;108;101;137;135
5052.0;39;87;108;101;136;135
5058.0;40;87;108;100;137;134
5064.0;41;88;108;99;136;134
5070.0;41;88;108;99;136;134
5076.0;41;88;108;98;137;134
5082.0;41;88;108;98;137;134
5088.0;41;88;108;98;137;134
5094.0;41;88;108;98;137;134
5100.0;42;88;107;98;137;134
5106.0;42;88;107;98;137;134
5112.0;43;89;107;98;136;133
5118.0;42;90;107;98;136;133
5124.0;42;90;107;99;135;133
5130.0;42;90;107;100;135;132
5136.0;42;90;107;100;135;132
5142.0;43;89;108;100;134;132
5148.0;43;89;109;99;134;132
5154.0;43;89;109;99;134;132
5160.0;43;89;109;100;134;131
5166.0;44;89;109;99;134;131
5172.0;44;89;110;99;133;131
5178.0;45;88;111;98;133;131
5184.0;43;87;112;98;133;133
5190.0;43;88;112;98;133;132
5196.0;43;89;113;98;132;131
5202.0;43;91;113;96;132;131
5208.0;42;91;113;97;132;131
5214.0;42;92;113;98;132;129
5220.0;42;92;115;96;132;129
5226.0;42;92;114;97;132;129
5232.0;41;93;115;96;132;129
5238.0;42;92;115;96;132;129
5244.0;41;95;115;95;131;129
5250.0;41;95;114;96;131;129
5256.0;41;95;114;96;131;129
5262.0;41;95;114;96;129;131
5268.0;41;94;115;96;128;132
5274.0;41;95;115;98;126;131
5280.0;42;95;116;97;125;131
5286.0;42;95;115;97;125;132
5292.0;42;95;115;98;124;132
5298.0;42;95;115;97;125;132
5304.0;42;96;115;96;127;130
5310.0;42;97;115;95;127;130
5316.0;42;97;114;95;127;131
5322.0;42;97;114;95;127;131
5328.0;42;98;114;95;126;131
5334.0;42;98;114;95;126;131
5340.0;42;98;114;95;126;131
5346.0;42;98;114;95;126;131
5352.0;42;98;114;95;126;131
5358.0;42;97;114;96;126;131
5364.0;42;98;114;97;125;130
5370.0;42;98;114;97;124;131
5376.0;42;99;114;96;123;132
5382.0;42;99;114;97;121;133
5388.0;41;99;115;97;121;133
5394.0;41;99;117;96;121;132
5400.0;41;99;116;96;121;133
5406.0;42;98;116;97;121;132
5412.0;42;96;116;99;121;132
5418.0;43;95;117;98;120;133
5424.0;43;96;116;99;119;133
5430.0;43;96;116;99;119;133
5436.0;44;94;116;98;120;134
5442.0;44;94;114;99;120;135
5448.0;46;93;114;99;119;135
5454.0;45;93;114;99;120;135
5460.0;47;94;113;98;119;135
5466.0;47;93;114;98;119;135
5472.0;47;93;114;98;119;135
5478.0;48;93;115;98;117;135
5484.0;48;94;115;97;117;135
5490.0;49;94;115;96;117;135
5496.0;49;94;115;95;117;136
5502.0;49;94;114;95;117;137
5508.0;49;94;114;95;117;137
5514.0;50;94;115;93;117;137
5520.0;50;94;115;93;117;137
5526.0;50;94;115;93;117;137
5532.0;50;94;115;93;118;136
5538.0;50;94;115;93;118;136
5544.0;50;94;114;94;118;136
5550.0;50;94;114;92;119;137
5556.0;50;94;114;92;120;136
5562.0;51;94;112;92;121;136
5568.0;51;94;111;92;122;136
5574.0;51;94;111;91;122;137
5580.0;51;93;111;91;123;137
5586.0;52;93;111;91;123;136
5592.0;52;93;111;90;125;135
5598.0;52;94;110;90;125;135
5604.0;52;94;110;90;125;135
5610.0;52;94;109;91;125;135
5616.0;52;94;109;92;124;135
5622.0;53;94;108;93;123;135
5628.0;53;94;108;93;124;134
5634.0;53;95;108;93;123;134
5640.0;52;95;109;93;124;133
5646.0;52;95;109;93;124;133
5652.0;53;95;108;94;123;133
5658.0;53;95;108;93;124;133
5664.0;53;95;109;92;122;135
5670.0;53;95;110;90;123;135
5676.0;53;94;111;90;123;135
5682.0;54;94;111;90;124;133
5688.0;55;95;110;90;123;133
5694.0;56;95;110;90;122;133
5700.0;56;94;110;90;123;133
5706.0;56;94;110;89;123;134
5712.0;55;95;110;88;124;134
5718.0;56;94;111;88;123;134
5724.0;56;93;111;88;124;134
5730.0;56;92;111;90;123;134
5736.0;56;92;110;90;122;136
5742.0;56;91;110;90;122;137
5748.0;56;91;110;90;122;137
5754.0;57;92;110;90;121;136
5760.0;58;92;109;90;121;136
5766.0;58;92;108;90;122;136
5772.0;58;93;107;90;122;136
5778.0;57;94;108;88;123;136
5784.0;57;94;108;86;123;138
5790.0;57;94;108;86;123;138
5796.0;57;94;108;86;123;138
5802.0;57;94;107;87;123;138
5808.0;56;93;108;87;124;138
5814.0;56;93;108;87;124;138
5820.0;56;94;108;86;124;138
5826.0;56;94;108;86;124;138
5832.0;56;93;108;86;124;139
5838.0;56;92;107;87;125;139
5844.0;56;92;107;87;127;137
5850.0;56;92;107;87;127;137
5856.0;57;92;107;87;127;136
5862.0;57;92;107;87;127;136
5868.0;56;92;108;87;127;136
5874.0;56;92;108;87;127;136
5880.0;57;92;108;87;127;135
5886.0;57;92;109;86;126;136
5892.0;58;90;109;87;126;136
5898.0;58;90;109;86;126;137
5904.0;58;90;109;86;126;137
5910.0;58;90;109;86;126;137
5916.0;59;88;109;86;127;137
5922.0;59;88;109;86;127;137
5928.0;59;88;109;86;127;137
5934.0;59;87;110;86;127;137
5940.0;58;87;108;88;128;137
5946.0;58;87;108;89;128;136
5952.0;58;87;108;89;128;136
5958.0;58;87;108;89;128;136
5964.0;58;88;108;89;128;135
5970.0;58;88;108;90;127;135
5976.0;58;88;107;90;128;135
5982.0;58;88;108;90;128;134
5988.0;58;90;108;90;126;134
5994.0;58;89;108;90;127;134
6000.0;57;88;107;92;127;135
6006.0;56;88;106;92;128;136
6012.0;57;87;107;91;128;136
6018.0;58;87;108;91;128;134
6024.0;58;87;108;91;128;134
6030.0;58;87;108;91;128;134
6036.0;58;87;107;91;129;134
6042.0;59;87;107;90;129;134
6048.0;60;87;106;89;130;134
6054.0;60;87;106;89;130;134
6060.0;62;87;105;89;129;134
6066.0;62;87;105;88;131;133
6072.0;62;87;105;88;132;132
6078.0;63;88;104;88;132;131
6084.0;63;88;104;88;132;131
6090.0;63;88;104;88;132;131
6096.0;63;88;103;88;132;132
6102.0;63;89;103;88;132;131
6108.0;63;89;103;88;132;131
6114.0;63;89;103;88;132;131
6120.0;63;89;103;88;132;131
6126.0;63;90;103;88;131;131
6132.0;63;89;102;88;133;131
6138.0;63;89;103;88;132;131
6144.0;65;89;103;88;132;129
6150.0;65;89;103;88;132;129
6156.0;65;89;103;88;132;129
6162.0;65;89;103;88;132;129
6168.0;65;89;103;88;132;129
6174.0;65;88;105;89;130;129
6180.0;65;88;105;88;131;129
6186.0;64;88;105;89;132;128
6192.0;64;89;105;89;131;128
6198.0;64;89;104;89;133;127
6204.0;64;91;104;89;132;126
6210.0;64;90;104;89;133;126
6216.0;64;90;104;89;133;126
6222.0;63;90;104;89;134;126
6228.0;63;90;104;89;133;127
6234.0;62;91;105;89;132;127
6240.0;62;91;105;89;131;128
6246.0;62;92;105;90;130;127
6252.0;62;91;105;91;130;127
6258.0;62;92;105;91;129;127
6264.0;62;92;105;91;129;127
6270.0;62;92;105;91;129;127
6276.0;62;92;105;91;129;127
6282.0;61;93;105;91;129;127
6288.0;61;93;105;92;128;127
6294.0;62;93;105;92;126;128
6300.0;62;93;105;93;125;128
6306.0;60;93;105;94;125;129
6312.0;59;93;105;95;124;130
6318.0;59;92;107;94;125;129
6324.0;59;91;107;95;126;128
6330.0;58;91;107;95;126;129
6336.0;58;91;107;95;125;130
6342.0;59;91;107;93;126;130
6348.0;59;91;107;93;126;130
6354.0;59;92;107;93;125;130
6360.0;59;92;107;93;125;130
6366.0;59;93;107;92;125;130
6372.0;59;93;107;93;125;129
6378.0;59;94;106;93;124;130
6384.0;60;95;107;90;124;130
6390.0;60;94;108;91;123;130
6396.0;61;93;108;91;123;130
6402.0;61;93;109;91;123;129
6408.0;61;92;110;91;123;129
6414.0;61;92;110;91;123;129
6420.0;61;91;109;92;124;129
6426.0;60;91;109;93;124;129
6432.0;60;90;109;94;124;129
6438.0;60;90;108;95;124;129
6444.0;62;90;109;95;123;127
6450.0;62;90;109;95;123;127
6456.0;63;90;109;95;123;126
6462.0;64;90;108;95;123;126
6468.0;64;90;108;94;124;126
6474.0;64;90;108;94;124;126
6480.0;64;90;108;94;124;126
6486.0;65;90;108;94;124;125
6492.0;65;90;108;94;124;125
6498.0;65;91;107;93;125;125
6504.0;65;91;107;93;124;126
6510.0;64;91;107;92;125;127
6516.0;64;91;107;92;125;127
6522.0;65;90;107;92;125;127
6528.0;66;89;106;92;125;128
6534.0;66;89;106;92;125;128
6540.0;65;89;106;92;126;128
6546.0;65;89;106;92;126;128
6552.0;63;89;107;92;126;129
6558.0;63;89;107;91;126;130
6564.0;63;89;107;91;126;130
6570.0;64;88;107;91;126;130
6576.0;64;88;107;91;126;130
6582.0;64;88;107;91;126;130
6588.0;64;88;107;91;126;130
6594.0;64;88;107;91;126;130
6600.0;64;87;107;91;126;131
6606.0;64;87;107;91;126;131
6612.0;64;87;107;91;126;131
6618.0;64;87;107;91;127;130
6624.0;64;86;108;90;128;130
6630.0;64;86;108;90;128;130
6636.0;64;85;109;90;128;130
6642.0;64;86;107;90;127;132
6648.0;66;87;107;88;127;131
6654.0;65;88;107;88;128;130
6660.0;65;88;107;88;128;130
6666.0;66;88;106;89;128;129
6672.0;66;89;106;89;128;128
6678.0;66;89;105;90;129;127
6684.0;65;88;106;90;129;128
6690.0;64;88;107;89;129;129
6696.0;63;88;107;90;129;129
6702.0;63;88;107;90;129;129
6708.0;63;88;107;90;129;129
6714.0;60;90;107;90;130;129
6720.0;60;89;108;89;131;129
6726.0;58;89;109;89;132;129
6732.0;60;90;108;89;131;128
6738.0;60;90;108;89;131;128
6744.0;62;90;108;87;130;129
6750.0;62;89;108;87;130;130
6756.0;62;90;108;87;130;129
6762.0;63;90;108;87;130;128
6768.0;63;89;108;87;130;129
6774.0;62;89;109;87;130;129
6780.0;63;88;109;86;132;128
6786.0;63;87;109;87;132;128
6792.0;64;87;110;87;132;126
6798.0;64;87;110;87;132;126
6804.0;64;88;110;88;131;125
6810.0;64;88;110;88;131;125
6816.0;63;88;110;88;132;125
6822.0;63;87;108;89;132;127
6828.0;64;87;108;89;132;126
6834.0;64;87;108;89;132;126
6840.0;64;86;108;89;132;127
6846.0;63;86;109;88;134;126
6852.0;63;86;109;88;134;126
6858.0;63;86;110;86;134;127
6864.0;63;86;110;86;135;126
6870.0;63;86;110;85;135;127
6876.0;63;86;110;85;135;127
6882.0;63;85;110;85;135;128
6888.0;62;85;110;86;135;128
6894.0;62;84;110;86;136;128
6900.0;62;84;110;86;136;128
6906.0;61;84;110;87;136;128
6912.0;61;84;111;87;135;128
6918.0;61;84;111;87;135;128
6924.0;62;84;111;86;136;127
6930.0;64;82;111;86;135;128
6936.0;63;82;112;87;135;127
6942.0;63;82;112;87;135;127
6948.0;63;82;111;87;136;127
6954.0;63;81;110;87;137;128
6960.0;63;82;108;87;137;129
6966.0;63;83;108;87;136;129
6972.0;63;83;108;87;136;129
6978.0;63;84;108;86;136;129
6984.0;63;84;108;86;136;129
6990.0;63;84;108;86;136;129
6996.0;62;83;109;86;136;130
7002.0;64;83;110;85;134;130
7008.0;64;83;110;85;134;130
7014.0;66;83;109;85;133;130
7020.0;66;82;109;84;135;130
7026.0;66;81;109;84;136;130
7032.0;66;81;109;83;136;131
7038.0;67;81;110;82;135;131
7044.0;65;82;111;82;135;131
7050.0;65;82;111;82;135;131
7056.0;64;82;109;83;138;130
7062.0;64;82;109;86;136;129
7068.0;64;83;108;86;136;129
7074.0;64;83;108;86;134;131
7080.0;64;84;107;86;133;132
7086.0;64;84;107;86;133;132
7092.0;64;84;106;88;132;132
7098.0;64;84;106;88;132;132
7104.0;65;81;106;88;132;134
7110.0;65;82;107;87;131;134
7116.0;65;82;107;87;131;134
7122.0;65;82;107;87;131;134
7128.0;65;82;107;88;131;133
7134.0;65;82;107;88;131;133
7140.0;65;82;107;88;131;133
7146.0;64;82;107;89;131;133
7152.0;64;82;107;89;131;133
7158.0;64;82;106;89;132;133
7164.0;64;83;105;89;131;134
7170.0;64;82;105;89;131;135
7176.0;64;82;105;89;131;135
7182.0;64;81;105;89;131;136
7188.0;65;81;105;88;129;138
7194.0;65;81;105;88;129;138
7200.0;65;81;105;88;129;138
7206.0;65;81;105;88;129;138
7212.0;65;80;105;89;129;138
7218.0;65;78;106;89;130;138
7224.0;65;78;105;89;131;138
7230.0;65;78;105;89;131;138
7236.0;65;76;105;89;131;140
7242.0;66;76;106;89;131;138
7248.0;65;75;106;89;134;137
7254.0;65;75;106;90;134;136
7260.0;64;75;107;91;133;136
7266.0;64;75;106;92;133;136
7272.0;64;76;105;92;133;136
7278.0;64;76;106;89;134;137
7284.0;63;77;106;90;132;138
7290.0;63;77;105;91;131;139
7296.0;62;78;104;91;131;140
7302.0;62;78;104;92;131;139
7308.0;62;78;104;92;132;138
7314.0;62;78;103;92;133;138
7320.0;62;77;103;93;134;137
7326.0;62;78;101;93;135;137
7332.0;62;78;101;93;135;137
7338.0;62;78;101;93;135;137
7344.0;62;78;101;93;135;137
7350.0;62;79;100;93;135;137
7356.0;62;78;100;93;135;138
7362.0;62;78;100;93;135;138
7368.0;62;77;100;93;135;139
7374.0;60;77;100;95;136;138
7380.0;60;78;100;95;135;138
7386.0;60;79;101;95;133;138
7392.0;62;78;101;95;133;137
7398.0;62;78;101;95;133;137
7404.0;62;80;101;94;132;137
7410.0;63;80;101;93;132;137
7416.0;63;80;101;93;131;138
7422.0;63;80;101;94;130;138
7428.0;63;79;101;95;130;138
7434.0;63;79;101;94;131;138
7440.0;63;80;101;94;130;138
7446.0;63;80;101;94;129;139
7452.0;64;80;101;95;127;139
7458.0;63;80;102;96;126;139
7464.0;64;79;102;96;126;139
7470.0;64;79;103;96;126;138
7476.0;64;79;103;96;126;138
7482.0;64;79;103;96;126;138
7488.0;64;80;101;96;126;139
7494.0;65;80;100;97;125;139
7500.0;66;78;100;97;126;139
7506.0;66;78;100;96;127;139
7512.0;66;79;99;96;127;139
7518.0;66;79;99;96;127;139
7524.0;66;79;99;96;127;139
7530.0;66;78;100;95;128;139
7536.0;65;79;100;94;127;141
7542.0;65;79;100;94;127;141
7548.0;65;79;101;94;126;141
7554.0;66;78;101;94;126;141
7560.0;67;78;101;94;125;141
7566.0;66;78;102;93;126;141
7572.0;66;78;102;93;126;141
7578.0;65;79;103;93;125;141
7584.0;65;79;103;93;125;141
7590.0;65;80;102;93;125;141
7596.0;63;81;102;93;125;142
7602.0;63;81;102;93;125;142
7608.0;62;81;102;93;124;144
7614.0;64;81;102;92;124;143
7620.0;64;81;102;93;123;143
7626.0;65;81;103;93;123;141
7632.0;66;81;102;93;123;141
7638.0;66;81;102;94;122;141
7644.0;66;81;103;94;121;141
7650.0;64;82;103;94;122;141
7656.0;64;83;101;94;123;141
7662.0;64;83;101;94;122;142
7668.0;63;83;102;93;123;142
7674.0;61;83;103;93;124;142
7680.0;62;82;103;93;124;142
7686.0;62;82;103;93;124;142
7692.0;62;82;103;93;124;142
7698.0;61;83;104;93;124;141
7704.0;60;82;104;94;125;141
7710.0;59;83;104;94;125;141
7716.0;59;83;104;94;125;141
7722.0;59;85;104;93;125;140
7728.0;59;85;104;92;126;140
7734.0;58;84;105;93;126;140
7740.0;58;84;105;93;126;140
7746.0;58;85;107;91;126;139
7752.0;58;85;107;91;126;139
7758.0;57;86;107;92;125;139
7764.0;57;85;107;92;126;139
7770.0;57;85;107;92;126;139
7776.0;57;87;107;91;126;138
7782.0;58;85;108;91;126;138
7788.0;59;85;108;90;126;138
7794.0;60;84;108;91;125;138
7800.0;60;84;108;91;125;138
7806.0;60;83;108;92;125;138
7812.0;61;83;108;91;125;138
7818.0;59;84;108;91;125;139
7824.0;58;84;108;91;126;139
7830.0;57;84;109;91;126;139
7836.0;56;84;110;91;126;139
7842.0;56;83;110;91;126;140
7848.0;56;83;109;91;126;141
7854.0;56;83;108;91;128;140
7860.0;54;84;110;91;127;140
7866.0;55;83;109;93;126;140
7872.0;54;84;109;93;127;139
7878.0;54;84;109;94;127;138
7884.0;54;84;109;94;126;139
7890.0;53;84;110;93;126;140
7896.0;53;84;109;94;124;142
7902.0;53;84;107;94;126;142
7908.0;53;84;107;94;126;142
7914.0;53;84;107;94;126;142
7920.0;54;83;107;94;126;142
7926.0;54;83;107;94;126;142
7932.0;53;83;108;93;126;143
7938.0;53;83;108;93;126;143
7944.0;53;83;109;92;127;142
7950.0;53;83;109;92;127;142
7956.0;54;83;109;92;126;142
7962.0;54;83;108;92;126;143
7968.0;54;83;108;92;126;143
7974.0;54;83;108;92;126;143
7980.0;54;84;109;90;125;144
7986.0;54;84;110;90;124;144
7992.0;54;84;109;90;124;145
7998.0;54;84;109;90;124;145
8004.0;54;84;108;89;126;145
8010.0;54;83;108;89;127;145
8016.0;54;83;108;89;127;145
8022.0;54;84;107;89;127;145
8028.0;54;84;106;91;126;145
8034.0;54;84;105;90;126;147
8040.0;53;83;106;90;126;148
8046.0;52;83;106;91;126;148
8052.0;52;83;106;91;126;148
8058.0;52;84;106;91;125;148
8064.0;53;84;107;91;125;146
8070.0;53;84;107;91;125;146
8076.0;52;85;107;92;124;146
8082.0;52;85;107;92;124;146
8088.0;52;85;107;93;123;146
8094.0;52;85;108;92;123;146
8100.0;51;85;108;92;124;146
8106.0;49;85;108;93;124;147
8112.0;48;85;109;93;124;147
8118.0;49;85;109;93;123;147
8124.0;49;85;109;94;123;146
8130.0;49;85;109;94;123;146
8136.0;48;85;108;94;123;148
8142.0;48;87;108;93;123;147
8148.0;48;85;109;94;122;148
8154.0;48;86;109;94;122;147
8160.0;49;85;109;93;122;148
8166.0;49;85;109;92;123;148
8172.0;49;85;109;93;122;148
8178.0;49;85;109;94;121;148
8184.0;49;86;108;95;120;148
8190.0;48;86;110;95;120;147
8196.0;48;86;110;95;120;147
8202.0;48;86;110;95;120;147
8208.0;47;87;110;95;120;147
8214.0;46;88;110;94;121;147
8220.0;46;88;110;93;123;146
8226.0;46;88;110;93;123;146
8232.0;47;88;110;93;122;146
8238.0;47;88;110;92;123;146
8244.0;46;89;110;93;123;145
8250.0;46;89;111;94;122;144
8256.0;46;89;111;94;123;143
8262.0;46;89;111;94;123;143
8268.0;46;89;112;93;123;143
8274.0;46;89;112;93;123;143
8280.0;45;90;112;93;123;143
8286.0;45;90;112;93;122;144
8292.0;46;90;112;93;122;143
8298.0;46;90;112;92;122;144
8304.0;46;90;112;92;122;144
8310.0;46;90;111;92;121;146
8316.0;46;91;111;90;122;146
8322.0;46;91;111;90;122;146
8328.0;46;91;112;90;122;145
8334.0;46;91;111;91;122;145
8340.0;46;92;110;92;122;144
8346.0;45;92;111;92;122;144
8352.0;44;92;111;92;123;144
8358.0;43;92;111;93;123;144
8364.0;42;93;111;93;123;144
8370.0;42;93;111;93;123;144
8376.0;42;93;111;94;122;144
8382.0;41;93;110;95;123;144
8388.0;40;92;110;96;123;145
8394.0;39;93;109;97;123;145
8400.0;39;93;109;97;123;145
8406.0;38;93;108;97;124;146
8412.0;38;93;108;97;124;146
8418.0;38;93;108;96;124;147
8424.0;38;93;108;97;124;146
8430.0;38;93;108;97;124;146
8436.0;38;92;108;97;125;146
8442.0;37;91;111;96;125;146
8448.0;37;91;111;96;125;146
8454.0;36;92;111;95;126;146
8460.0;35;92;111;95;127;146
8466.0;35;92;111;95;127;146
8472.0;35;92;111;95;127;146
8478.0;35;94;111;94;126;146
8484.0;36;93;110;94;126;147
8490.0;36;93;110;94;125;148
8496.0;36;93;110;94;125;148
8502.0;36;93;110;94;124;149
8508.0;36;92;110;95;123;150
8514.0;36;92;110;96;123;149
8520.0;36;92;109;96;123;150
8526.0;36;91;108;98;123;150
8532.0;36;91;108;98;123;150
8538.0;36;92;108;98;122;150
8544.0;36;91;108;98;122;151
8550.0;34;90;108;98;124;152
8556.0;33;91;110;97;123;152
8562.0;33;91;111;97;122;152
8568.0;34;90;111;97;122;152
8574.0;34;90;111;97;122;152
8580.0;34;90;111;97;122;152
8586.0;34;89;112;97;122;152
8592.0;33;89;113;97;122;152
8598.0;33;89;112;98;122;152
8604.0;35;89;111;97;122;152
8610.0;35;90;110;97;123;151
8616.0;34;89;111;97;123;152
8622.0;35;90;111;96;123;151
8628.0;35;90;111;96;123;151
8634.0;36;90;111;95;123;151
8640.0;34;90;112;95;124;151
8646.0;34;91;113;94;124;150
8652.0;34;90;113;94;124;151
8658.0;34;90;113;94;125;150
8664.0;32;91;113;95;125;150
8670.0;33;91;113;95;124;150
8676.0;33;92;112;95;125;149
8682.0;33;91;112;95;125;150
8688.0;33;91;113;94;125;150
8694.0;33;91;113;94;124;151
8700.0;32;91;114;93;125;151
8706.0;32;89;115;92;125;153
8712.0;32;90;114;91;126;153
8718.0;32;89;115;91;126;153
8724.0;32;89;116;90;126;153
8730.0;33;89;115;90;126;153
8736.0;33;89;115;90;126;153
8742.0;34;88;115;90;126;153
8748.0;34;88;115;89;127;153
8754.0;34;89;115;89;126;153
8760.0;34;89;115;89;126;153
8766.0;34;89;115;89;126;153
8772.0;35;89;115;89;125;153
8778.0;35;89;115;89;125;153
8784.0;35;90;115;88;126;152
8790.0;35;90;115;88;126;152
8796.0;35;90;115;89;125;152
8802.0;35;90;115;89;125;152
8808.0;35;91;115;89;124;152
8814.0;36;91;114;90;123;152
8820.0;37;91;113;90;123;152
8826.0;39;90;115;89;122;151
8832.0;39;90;115;89;122;151
8838.0;39;90;115;88;124;150
8844.0;39;91;115;88;123;150
8850.0;39;91;115;88;123;150
8856.0;39;91;115;88;122;151
8862.0;38;91;114;88;122;153
8868.0;38;90;112;88;123;155
8874.0;38;91;112;89;122;154
8880.0;38;91;112;89;122;154
8886.0;38;92;111;89;122;154
8892.0;38;92;111;89;122;154
8898.0;38;93;111;88;122;154
8904.0;38;94;111;88;123;152
8910.0;38;94;111;88;123;152
8916.0;38;93;111;89;124;151
8922.0;39;94;111;89;122;151
8928.0;39;95;110;89;123;150
8934.0;39;95;110;88;124;150
8940.0;39;95;110;89;124;149
8946.0;39;95;109;90;124;149
8952.0;41;94;109;90;124;148
8958.0;42;95;109;89;123;148
8964.0;43;96;107;88;124;148
8970.0;43;96;107;88;124;148
8976.0;43;96;107;88;125;147
8982.0;43;96;108;88;125;146
8988.0;43;96;108;88;125;146
8994.0;43;97;110;86;124;146
9000.0;43;97;110;87;124;145
9006.0;43;98;110;87;124;144
9012.0;45;99;110;86;123;143
9018.0;45;99;110;86;123;143
9024.0;45;98;111;87;123;142
9030.0;45;98;111;87;123;142
9036.0;45;99;112;87;123;140
9042.0;45;99;112;86;123;141
9048.0;44;99;112;86;124;141
9054.0;44;98;112;86;125;141
9060.0;44;99;111;85;125;142
9066.0;44;99;112;85;124;142
9072.0;44;100;113;85;124;140
9078.0;46;98;113;85;124;140
9084.0;46;98;113;85;124;140
9090.0;45;98;113;85;124;141
9096.0;45;98;113;85;124;141
9102.0;45;98;113;85;124;141
9108.0;45;98;113;85;124;141
9114.0;44;99;113;85;124;141
9120.0;44;99;113;84;125;141
9126.0;44;99;113;84;125;141
9132.0;43;99;114;83;125;142
9138.0;43;99;114;83;125;142
9144.0;43;99;114;83;125;142
9150.0;42;99;114;83;125;143
9156.0;43;98;114;83;125;143
9162.0;43;98;114;83;125;143
9168.0;43;98;114;83;125;143
9174.0;44;98;115;81;126;142
9180.0;44;98;115;81;126;142
9186.0;44;98;115;81;126;142
9192.0;43;98;115;82;125;143
9198.0;42;98;115;82;126;143
9204.0;42;98;116;82;126;142
9210.0;41;98;117;82;126;142
9216.0;42;97;118;82;125;142
9222.0;42;98;119;81;125;141
9228.0;43;98;118;80;125;142
9234.0;43;98;118;80;124;143
9240.0;43;98;118;80;124;143
9246.0;42;99;120;82;123;140
9252.0;43;100;119;82;123;139
9258.0;43;101;119;82;123;138
9264.0;43;101;119;82;123;138
9270.0;43;100;119;83;123;138
9276.0;45;98;118;84;123;138
9282.0;45;98;118;84;123;138
9288.0;44;99;119;83;122;139
9294.0;44;99;119;83;123;138
9300.0;44;99;119;83;123;138
9306.0;43;99;119;84;123;138
9312.0;43;99;118;84;125;137
9318.0;43;100;118;82;126;137
9324.0;43;100;117;83;126;137
9330.0;42;100;118;83;126;137
9336.0;41;98;119;83;127;138
9342.0;42;97;119;83;127;138
9348.0;42;97;120;82;127;138
9354.0;43;96;121;81;127;138
9360.0;43;96;120;81;128;138
9366.0;41;97;121;81;128;138
9372.0;41;97;121;81;128;138
9378.0;41;97;119;81;129;139
9384.0;41;97;119;81;129;139
9390.0;41;99;118;82;128;138
9396.0;41;99;117;84;128;137
9402.0;41;99;117;84;128;137
9408.0;40;100;117;84;129;136
9414.0;40;100;117;84;129;136
9420.0;39;100;116;84;129;138
9426.0;39;101;116;83;127;140
9432.0;39;101;116;84;127;139
9438.0;40;101;115;85;127;138
9444.0;39;103;115;84;127;138
9450.0;39;103;116;84;126;138
9456.0;37;103;116;85;126;139
9462.0;37;103;116;85;126;139
9468.0;37;103;115;85;128;138
9474.0;37;103;115;84;128;139
9480.0;37;102;116;84;128;139
9486.0;37;103;116;85;127;138
9492.0;37;102;117;86;127;137
9498.0;37;102;116;86;127;138
9504.0;37;102;116;86;127;138
9510.0;37;102;116;86;127;138
9516.0;37;102;116;86;127;138
9522.0;37;102;116;86;127;138
9528.0;37;102;117;86;127;137
9534.0;37;100;117;85;128;139
9540.0;37;99;117;86;128;139
9546.0;37;99;117;86;128;139
9552.0;37;99;117;86;128;139
9558.0;37;100;116;86;128;139
9564.0;37;100;116;86;128;139
9570.0;37;100;116;85;128;140
9576.0;37;100;116;86;128;139
9582.0;36;101;116;86;128;139
9588.0;36;101;116;87;127;139
9594.0;35;101;117;87;127;139
9600.0;35;101;115;87;128;140
9606.0;34;101;116;87;128;140
9612.0;35;101;117;87;126;140
9618.0;34;102;117;87;126;140
9624.0;34;100;118;87;126;141
9630.0;34;101;117;87;126;141
9636.0;34;101;117;87;126;141
9642.0;34;100;118;87;126;141
9648.0;34;100;118;87;126;141
9654.0;34;100;118;88;126;140
9660.0;34;101;118;88;125;140
9666.0;34;101;119;88;124;140
9672.0;34;101;119;88;124;140
9678.0;34;101;120;88;123;140
9684.0;34;101;122;88;122;139
9690.0;34;100;123;88;122;139
9696.0;34;100;123;88;122;139
9702.0;33;100;123;88;122;140
9708.0;34;100;123;88;122;139
9714.0;35;100;122;89;121;139
9720.0;36;99;122;90;120;139
9726.0;37;98;121;89;122;139
9732.0;37;97;121;90;122;139
9738.0;37;96;122;90;122;139
9744.0;37;96;123;90;121;139
9750.0;37;96;123;91;121;138
9756.0;37;97;123;91;121;137
9762.0;37;97;122;91;121;138
9768.0;38;97;122;90;121;138
9774.0;37;97;123;90;121;138
9780.0;37;96;124;91;120;138
9786.0;37;96;124;91;120;138
9792.0;37;96;124;91;120;138
9798.0;37;96;124;92;120;137
9804.0;37;96;124;92;120;137
9810.0;37;97;124;92;120;136
9816.0;37;97;125;91;120;136
9822.0;38;97;125;89;121;136
9828.0;38;97;125;89;121;136
9834.0;38;98;125;89;120;136
9840.0;37;98;125;89;119;138
9846.0;37;98;125;89;119;138
9852.0;37;98;125;89;119;138
9858.0;37;98;125;89;118;139
9864.0;37;97;126;89;117;140
9870.0;37;96;126;89;117;141
9876.0;38;96;126;88;117;141
9882.0;38;95;127;88;117;141
9888.0;38;96;127;88;117;140
9894.0;38;96;127;88;116;141
9900.0;38;96;127;88;116;141
9906.0;38;96;128;88;116;140
9912.0;38;96;127;88;116;141
9918.0;38;96;127;87;117;141
9924.0;38;96;127;88;116;141
9930.0;40;96;126;88;116;140
9936.0;40;95;126;88;117;140
9942.0;41;96;125;87;117;140
9948.0;42;95;124;87;117;141
9954.0;42;95;125;86;116;142
9960.0;42;94;125;86;116;143
9966.0;42;94;125;86;116;143
9972.0;43;94;125;86;116;142
9978.0;43;94;124;86;117;142
9984.0;44;93;123;86;117;143
9990.0;44;93;123;87;117;142
9996.0;44;93;123;87;117;142
10002.0;44;93;123;87;118;141
10008.0;44;94;123;86;118;141
10014.0;44;95;122;86;118;141
10020.0;43;96;122;86;118;141
10026.0;43;95;122;87;118;141
10032.0;43;95;122;87;118;141
10038.0;43;95;123;86;119;140
10044.0;43;95;123;87;119;139
10050.0;43;95;123;87;119;139
10056.0;43;96;123;87;118;139
10062.0;44;96;122;88;117;139
10068.0;44;96;121;87;119;139
10074.0;45;95;121;87;119;139
10080.0;44;96;120;87;119;140
10086.0;44;96;120;87;119;140
10092.0;45;97;120;86;118;140
10098.0;45;97;120;86;118;140
10104.0;46;98;120;85;117;140
10110.0;46;98;120;85;117;140
10116.0;45;98;120;85;118;140
10122.0;45;98;120;85;119;139
10128.0;45;98;120;85;119;139
10134.0;44;99;120;85;119;139
10140.0;44;99;120;86;120;137
10146.0;44;99;120;86;120;137
10152.0;43;100;119;86;121;137
10158.0;43;100;119;86;121;137
10164.0;43;100;119;86;121;137
10170.0;43;100;118;86;122;137
10176.0;43;96;120;86;124;137
10182.0;43;96;120;86;124;137
10188.0;42;96;119;87;124;138
10194.0;42;98;119;86;124;137
10200.0;42;98;119;86;124;137
10206.0;42;98;120;85;124;137
10212.0;40;98;121;85;124;138
10218.0;41;98;121;85;124;137
10224.0;41;97;120;86;125;137
10230.0;41;98;118;87;125;137
10236.0;42;97;118;87;125;137
10242.0;41;96;118;87;127;137
10248.0;41;96;118;87;127;137
10254.0;41;96;118;87;127;137
10260.0;41;96;118;88;127;136
10266.0;41;94;117;89;128;137
10272.0;41;94;118;89;127;137
10278.0;40;94;119;89;127;137
10284.0;40;94;119;90;126;137
10290.0;40;94;119;90;126;137
10296.0;40;94;119;90;126;137
10302.0;40;94;118;92;125;137
10308.0;41;94;119;91;125;136
10314.0;42;94;118;91;126;135
10320.0;42;96;118;89;126;135
10326.0;42;97;118;89;124;136
10332.0;42;97;118;88;124;137
10338.0;42;96;118;87;126;137
10344.0;42;96;118;87;126;137
10350.0;43;95;118;87;125;138
10356.0;43;95;118;87;125;138
10362.0;43;96;118;87;126;136
10368.0;43;96;118;87;126;136
10374.0;43;96;118;87;126;136
10380.0;43;96;118;87;126;136
10386.0;43;95;118;88;126;136
10392.0;42;96;119;87;125;137
10398.0;42;96;120;86;126;136
10404.0;42;95;120;86;127;136
10410.0;42;96;120;86;127;135
10416.0;42;96;120;86;127;135
10422.0;42;96;118;87;127;136
10428.0;42;96;118;87;127;136
10434.0;43;97;117;87;126;136
10440.0;42;98;117;87;126;136
10446.0;42;98;117;87;126;136
10452.0;42;98;117;87;126;136
10458.0;44;98;115;87;126;136
10464.0;44;98;115;87;126;136
10470.0;44;99;114;88;126;135
10476.0;44;99;114;88;126;135
10482.0;43;99;114;87;126;137
10488.0;43;98;114;88;127;136
10494.0;43;98;114;88;127;136
10500.0;43;98;114;88;127;136
10506.0;43;98;114;88;127;136
10512.0;42;97;115;90;127;135
10518.0;41;97;115;91;127;135
10524.0;41;98;115;91;127;134
10530.0;41;99;115;92;127;132
10536.0;41;99;115;92;127;132
10542.0;42;96;115;91;129;133
10548.0;44;96;115;87;129;135
10554.0;44;96;115;87;130;134
10560.0;44;95;115;88;130;134
10566.0;45;94;115;88;131;133
10572.0;45;95;115;87;131;133
10578.0;46;96;115;87;130;132
10584.0;46;96;116;87;130;131
10590.0;46;96;116;87;130;131
10596.0;46;96;117;86;129;132
10602.0;46;99;116;83;129;133
10608.0;46;99;115;83;129;134
10614.0;46;100;116;83;128;133
10620.0;47;100;114;82;128;135
10626.0;49;98;114;83;127;135
10632.0;49;99;113;83;127;135
10638.0;49;98;113;84;127;135
10644.0;51;98;114;83;126;134
10650.0;51;98;115;83;126;133
10656.0;51;98;115;83;127;132
10662.0;51;98;116;83;127;131
10668.0;53;98;115;83;127;130
10674.0;53;98;115;82;129;129
10680.0;53;98;115;84;129;127
10686.0;53;98;115;85;129;126
10692.0;52;97;117;85;129;126
10698.0;51;96;117;85;130;127
10704.0;51;97;116;85;130;127
10710.0;52;97;116;85;129;127
10716.0;53;97;116;85;129;126
10722.0;52;96;118;86;129;125
10728.0;52;96;118;86;129;125
10734.0;52;96;117;87;129;125
10740.0;52;97;116;88;129;124
10746.0;52;97;115;88;130;124
10752.0;52;97;115;88;130;124
10758.0;52;97;115;88;130;124
10764.0;52;97;115;88;130;124
10770.0;53;97;114;88;130;124
10776.0;53;98;114;88;130;123
10782.0;52;97;115;88;130;124
10788.0;52;96;115;88;130;125
10794.0;53;94;115;88;131;125
