#auto generated file!
12.0;138;148;163;174;141;148
18.0;137;149;162;174;142;148
24.0;138;148;164;174;142;146
30.0;138;149;163;174;142;146
36.0;137;148;163;176;142;146
42.0;137;148;165;176;141;145
48.0;135;148;165;176;141;147
54.0;133;149;164;176;142;148
60.0;134;148;165;176;141;148
66.0;134;149;166;175;140;148
72.0;135;148;164;176;141;148
78.0;135;148;163;176;143;147
84.0;134;149;164;175;143;147
90.0;132;149;165;175;143;148
96.0;132;150;165;175;143;147
102.0;132;151;165;173;143;148
108.0;132;151;165;173;143;148
114.0;132;152;165;172;143;148
120.0;132;151;165;173;144;147
126.0;130;152;167;174;143;146
132.0;130;150;167;175;145;145
138.0;130;150;168;174;145;145
144.0;129;152;168;174;144;145
150.0;130;151;168;174;144;145
156.0;130;152;168;173;144;145
162.0;129;154;168;173;143;145
168.0;128;155;168;173;143;145
174.0;128;155;170;172;142;145
180.0;127;157;170;171;142;145
186.0;126;157;170;171;143;145
192.0;127;156;171;170;142;146
198.0;126;157;172;169;142;146
204.0;125;156;172;170;143;146
210.0;125;155;172;170;144;146
216.0;124;155;170;170;147;146
222.0;124;155;171;168;148;146
228.0;124;156;171;168;147;146
234.0;125;156;170;168;147;146
240.0;126;156;171;166;147;146
246.0;124;156;171;167;148;146
252.0;123;154;173;166;148;148
258.0;121;154;173;166;149;149
264.0;121;154;173;166;149;149
270.0;117;156;174;165;150;150
276.0;118;155;173;166;150;150
282.0;117;154;174;166;149;152
288.0;118;153;174;166;148;153
294.0;118;153;174;165;149;153
300.0;117;154;174;164;149;154
306.0;117;153;174;165;149;154
312.0;115;154;176;165;148;154
318.0;114;154;175;164;150;155
324.0;117;153;176;162;149;155
330.0;117;153;176;162;149;155
336.0;117;154;175;162;149;155
342.0;116;153;176;161;149;157
348.0;114;154;176;161;150;157
354.0;114;154;175;161;151;157
360.0;114;154;175;161;151;157
366.0;115;153;176;162;150;156
372.0;116;153;175;162;150;156
378.0;115;153;175;162;151;156
384.0;114;153;176;162;151;156
390.0;113;152;178;162;151;156
396.0;114;148;178;162;152;158
402.0;114;147;178;162;153;158
408.0;114;146;176;162;155;159
414.0;113;145;176;162;155;161
420.0;114;147;174;161;154;162
426.0;113;148;174;161;154;162
432.0;114;147;174;160;155;162
438.0;113;148;174;160;155;162
444.0;114;149;172;158;154;165
450.0;114;149;172;158;154;165
456.0;113;150;173;157;155;164
462.0;112;151;173;157;155;164
468.0;112;152;173;156;155;164
474.0;112;151;173;156;155;165
480.0;112;151;173;155;155;166
486.0;111;152;173;155;156;165
492.0;111;152;174;154;156;165
498.0;112;151;174;154;157;164
504.0;111;152;174;153;157;165
510.0;108;154;174;153;158;165
516.0;108;156;174;150;160;164
522.0;107;157;174;150;160;164
528.0;108;157;173;150;160;164
534.0;108;158;174;148;160;164
540.0;110;158;175;146;160;163
546.0;109;158;176;145;160;164
552.0;109;159;176;146;160;162
558.0;110;159;174;146;160;163
564.0;110;159;176;143;160;164
570.0;109;159;175;143;162;164
576.0;110;159;174;142;162;165
582.0;110;159;175;142;161;165
588.0;109;157;175;143;161;167
594.0;109;157;175;143;161;167
600.0;108;158;177;142;159;168
606.0;108;157;179;142;158;168
612.0;108;156;179;143;157;169
618.0;108;156;179;143;157;169
624.0;108;157;178;143;157;169
630.0;107;157;178;144;158;168
636.0;108;157;178;144;157;168
642.0;103;160;178;145;159;167
648.0;103;160;177;145;159;168
654.0;102;161;177;144;160;168
660.0;102;161;177;144;160;168
666.0;102;161;177;144;160;168
672.0;102;162;176;144;160;168
678.0;103;161;176;143;161;168
684.0;103;162;175;142;162;168
690.0;103;160;176;142;161;170
696.0;103;159;176;141;162;171
702.0;102;159;177;141;162;171
708.0;102;158;177;141;163;171
714.0;102;157;178;140;163;172
720.0;101;155;179;141;164;172
726.0;101;157;179;140;163;172
732.0;100;156;179;140;163;174
738.0;101;154;180;140;164;173
744.0;100;154;180;140;163;175
750.0;101;154;180;140;162;175
756.0;102;154;180;138;162;176
762.0;101;156;179;137;162;177
768.0;100;156;180;138;160;178
774.0;102;154;178;140;160;178
780.0;101;155;178;138;160;180
786.0;101;155;178;138;160;180
792.0;101;155;178;138;160;180
798.0;101;155;179;138;159;180
804.0;100;155;180;139;159;179
810.0;100;154;181;140;158;179
816.0;100;153;181;140;158;180
822.0;99;153;180;140;158;182
828.0;99;153;180;140;159;181
834.0;99;153;181;140;158;181
840.0;98;153;180;142;158;181
846.0;98;152;181;142;158;181
852.0;97;153;182;141;158;181
858.0;96;154;181;141;158;182
864.0;94;155;180;141;158;184
870.0;93;156;181;140;158;184
876.0;93;155;181;139;159;185
882.0;93;155;181;139;158;186
888.0;95;154;180;140;158;185
894.0;95;154;180;140;158;185
900.0;95;155;180;140;157;185
906.0;95;155;180;140;157;185
912.0;95;155;180;140;157;185
918.0;96;155;179;140;157;185
924.0;96;152;180;140;157;187
930.0;97;152;180;139;157;187
936.0;97;152;180;139;157;187
942.0;97;152;180;139;156;188
948.0;98;150;181;139;157;187
954.0;98;150;180;139;158;187
960.0;97;150;180;139;160;186
966.0;98;150;180;139;160;185
972.0;97;151;180;139;161;184
978.0;97;151;180;138;161;185
984.0;95;151;182;139;160;185
990.0;95;149;183;139;160;186
996.0;95;149;183;138;159;188
1002.0;95;149;184;138;158;188
1008.0;96;149;182;138;159;188
1014.0;94;149;184;137;159;189
1020.0;94;147;184;137;161;189
1026.0;94;147;184;137;161;189
1032.0;95;148;182;137;161;189
1038.0;95;148;182;137;161;189
1044.0;95;147;182;138;161;189
1050.0;93;148;182;138;160;191
1056.0;94;147;182;138;160;191
1062.0;96;146;182;138;160;190
1068.0;96;145;182;139;159;191
1074.0;96;145;182;139;158;192
1080.0;96;145;182;139;158;192
1086.0;96;144;182;140;158;192
1092.0;96;145;181;140;158;192
1098.0;95;145;181;140;159;192
1104.0;96;145;181;139;159;192
1110.0;97;146;180;140;159;190
1116.0;98;146;180;140;158;190
1122.0;98;146;181;138;159;190
1128.0;98;146;182;138;158;190
1134.0;98;147;182;139;159;187
1140.0;97;147;183;139;159;187
1146.0;98;147;183;139;159;186
1152.0;98;147;182;139;160;186
1158.0;97;148;181;140;160;186
1164.0;97;150;180;140;160;185
1170.0;95;151;180;141;158;187
1176.0;96;151;180;141;158;186
1182.0;95;152;180;140;159;186
1188.0;94;155;180;140;158;185
1194.0;95;154;180;140;158;185
1200.0;95;154;180;140;158;185
1206.0;95;155;179;140;159;184
1212.0;95;155;180;139;158;185
1218.0;93;156;180;138;158;187
1224.0;93;156;180;138;158;187
1230.0;91;156;180;138;158;189
1236.0;91;156;182;138;156;189
1242.0;92;155;183;138;155;189
1248.0;92;155;183;138;155;189
1254.0;91;154;183;140;154;190
1260.0;91;155;182;142;153;189
1266.0;91;154;182;143;153;189
1272.0;91;154;181;143;153;190
1278.0;91;153;180;145;153;190
1284.0;92;151;181;145;153;190
1290.0;92;148;182;146;154;190
1296.0;92;148;182;146;155;189
1302.0;92;149;182;145;155;189
1308.0;92;149;182;145;154;190
1314.0;93;149;182;144;154;190
1320.0;93;148;181;145;154;191
1326.0;93;148;181;145;153;192
1332.0;93;147;180;146;154;192
1338.0;93;147;180;146;154;192
1344.0;91;148;181;145;155;192
1350.0;91;148;180;145;155;193
1356.0;91;147;180;145;156;193
1362.0;89;146;180;145;158;194
1368.0;89;146;180;145;158;194
1374.0;89;145;180;146;158;194
1380.0;89;144;181;145;159;194
1386.0;86;143;181;145;161;196
1392.0;86;142;180;145;162;197
1398.0;84;142;182;145;162;197
1404.0;83;141;183;146;162;197
1410.0;85;141;182;148;162;194
1416.0;85;141;183;147;162;194
1422.0;85;142;183;147;162;193
1428.0;85;142;184;148;161;192
1434.0;86;141;182;149;162;192
1440.0;85;140;182;148;165;192
1446.0;84;141;182;148;165;192
1452.0;83;141;182;149;165;192
1458.0;83;141;182;149;165;192
1464.0;83;140;182;149;165;193
1470.0;84;139;183;148;165;193
1476.0;84;139;184;147;165;193
1482.0;84;139;184;147;165;193
1488.0;83;138;183;150;165;193
1494.0;80;143;182;149;165;193
1500.0;81;140;185;148;165;193
1506.0;82;140;185;147;165;193
1512.0;81;141;184;147;165;194
1518.0;80;141;184;146;166;195
1524.0;81;140;183;146;166;196
1530.0;80;139;184;147;166;196
1536.0;80;140;183;148;165;196
1542.0;81;140;183;148;164;196
1548.0;78;139;186;147;165;197
1554.0;76;140;186;147;166;197
1560.0;75;140;185;149;166;197
1566.0;76;140;184;149;165;198
1572.0;75;139;184;149;166;199
1578.0;74;140;183;150;166;199
1584.0;73;141;183;148;167;200
1590.0;72;142;182;148;168;200
1596.0;71;142;182;148;168;201
1602.0;71;142;181;149;168;201
1608.0;71;144;181;150;166;200
1614.0;70;144;181;150;167;200
1620.0;70;142;182;150;169;199
1626.0;70;143;181;150;169;199
1632.0;71;143;181;149;170;198
1638.0;70;143;183;149;170;197
1644.0;70;143;183;149;169;198
1650.0;69;144;183;149;170;197
1656.0;69;143;184;148;171;197
1662.0;69;140;184;149;172;198
1668.0;69;140;184;149;172;198
1674.0;69;140;183;149;172;199
1680.0;70;140;183;152;169;198
1686.0;71;139;184;150;169;199
1692.0;72;140;183;149;169;199
1698.0;70;141;183;149;169;200
1704.0;70;143;183;148;169;199
1710.0;72;142;181;150;168;199
1716.0;72;141;181;150;168;200
1722.0;71;142;181;150;168;200
1728.0;70;141;183;149;170;199
1734.0;70;141;182;150;170;199
1740.0;70;141;181;150;171;199
1746.0;69;143;181;150;170;199
1752.0;68;143;180;149;171;201
1758.0;69;143;180;149;171;200
1764.0;69;144;180;149;170;200
1770.0;69;145;180;149;170;199
1776.0;69;145;180;149;170;199
1782.0;69;144;180;149;170;200
1788.0;70;144;179;149;171;199
1794.0;70;143;179;150;171;199
1800.0;70;143;179;150;171;199
1806.0;70;141;179;151;171;200
1812.0;70;141;177;152;171;201
1818.0;70;141;177;152;171;201
1824.0;71;141;178;153;171;198
1830.0;70;142;178;153;171;198
1836.0;69;144;178;152;172;197
1842.0;69;143;179;153;172;196
1848.0;70;143;179;153;171;196
1854.0;71;143;181;151;171;195
1860.0;72;142;182;150;171;195
1866.0;72;140;182;150;171;197
1872.0;73;140;181;150;170;198
1878.0;72;139;181;151;173;196
1884.0;72;138;181;152;173;196
1890.0;71;136;182;154;173;196
1896.0;71;137;181;154;173;196
1902.0;72;138;181;154;171;196
1908.0;72;141;180;154;171;194
1914.0;73;140;181;154;171;193
1920.0;73;137;181;155;172;194
1926.0;73;137;181;155;172;194
1932.0;73;137;181;155;172;194
1938.0;74;137;180;156;172;193
1944.0;76;136;180;155;173;192
1950.0;76;135;180;155;173;193
1956.0;76;134;180;156;173;193
1962.0;75;135;181;156;173;192
1968.0;75;133;181;156;173;194
1974.0;75;135;181;154;175;192
1980.0;75;135;181;155;175;191
1986.0;75;135;181;155;175;191
1992.0;76;134;181;155;174;192
1998.0;77;134;181;155;173;192
2004.0;78;135;182;153;171;193
2010.0;79;134;182;153;172;192
2016.0;79;134;182;153;172;192
2022.0;79;134;180;155;172;192
2028.0;79;134;179;157;172;191
2034.0;81;134;178;155;172;192
2040.0;81;133;177;158;171;192
2046.0;80;133;177;157;172;193
2052.0;80;133;177;154;171;197
2058.0;80;133;178;156;171;194
2064.0;80;133;178;157;170;194
2070.0;80;133;178;157;170;194
2076.0;79;131;179;158;172;193
2082.0;79;131;179;158;172;193
2088.0;79;131;178;157;173;194
2094.0;79;132;179;157;172;193
2100.0;78;132;180;157;172;193
2106.0;77;131;180;158;172;194
2112.0;76;132;180;157;172;195
2118.0;76;132;181;157;172;194
2124.0;77;133;181;158;170;193
2130.0;78;133;181;157;169;194
2136.0;77;133;182;159;167;194
2142.0;77;132;182;160;167;194
2148.0;77;132;183;158;167;195
2154.0;77;134;184;157;167;193
2160.0;77;134;183;158;168;192
2166.0;78;133;183;157;169;192
2172.0;81;132;183;157;168;191
2178.0;82;132;182;157;168;191
2184.0;82;132;182;158;168;190
2190.0;82;131;182;159;168;190
2196.0;81;131;182;158;170;190
2202.0;81;131;182;159;169;190
2208.0;82;132;183;159;167;189
2214.0;82;132;184;159;167;188
2220.0;82;133;183;161;167;186
2226.0;82;133;183;161;167;186
2232.0;80;133;183;163;168;185
2238.0;79;133;183;163;169;185
2244.0;80;133;183;163;169;184
2250.0;80;132;185;163;168;184
2256.0;80;132;185;163;168;184
2262.0;80;132;185;163;168;184
2268.0;80;132;185;163;169;183
2274.0;79;132;185;163;170;183
2280.0;79;132;183;164;171;183
2286.0;79;132;183;166;170;182
2292.0;79;132;186;165;169;181
2298.0;80;132;186;164;170;180
2304.0;80;133;187;164;169;179
2310.0;81;133;187;164;169;178
2316.0;81;131;187;164;170;179
2322.0;81;131;186;165;170;179
2328.0;81;131;187;165;170;178
2334.0;81;131;187;166;169;178
2340.0;80;130;187;166;169;180
2346.0;79;131;187;166;170;179
2352.0;79;131;187;167;169;179
2358.0;79;131;187;166;168;181
2364.0;79;131;188;166;168;180
2370.0;75;132;190;167;168;180
2376.0;75;132;191;166;168;180
2382.0;75;132;190;166;169;180
2388.0;74;133;190;166;169;180
2394.0;74;133;189;166;170;180
2400.0;75;132;189;166;170;180
2406.0;75;132;188;166;170;181
2412.0;74;131;187;168;171;181
2418.0;74;132;186;169;171;180
2424.0;74;132;186;169;171;180
2430.0;74;133;185;169;171;180
2436.0;75;131;186;169;171;180
2442.0;75;131;186;169;171;180
2448.0;75;132;187;168;170;180
2454.0;76;131;188;168;171;178
2460.0;78;131;188;166;171;178
2466.0;80;131;187;166;172;176
2472.0;80;130;187;167;172;176
2478.0;79;130;186;166;175;176
2484.0;79;131;187;166;173;176
2490.0;80;131;187;166;172;176
2496.0;81;129;187;163;175;177
2502.0;80;128;189;164;174;177
2508.0;80;129;189;164;174;176
2514.0;79;128;190;163;174;178
2520.0;79;128;190;163;174;178
2526.0;79;128;191;161;175;178
2532.0;79;128;192;160;175;178
2538.0;79;128;189;163;176;177
2544.0;80;129;189;162;176;176
2550.0;80;129;189;162;176;176
2556.0;80;129;190;159;177;177
2562.0;80;129;191;158;177;177
2568.0;79;129;192;158;177;177
2574.0;79;129;191;158;178;177
2580.0;78;129;191;159;178;177
2586.0;78;129;191;159;179;176
2592.0;77;130;192;159;178;176
2598.0;76;130;192;159;178;177
2604.0;76;130;191;160;178;177
2610.0;76;130;189;160;180;177
2616.0;75;128;189;160;182;178
2622.0;74;129;188;160;182;179
2628.0;73;128;190;159;183;179
2634.0;73;129;189;160;183;178
2640.0;73;128;189;160;184;178
2646.0;73;131;188;160;183;177
2652.0;73;129;188;162;182;178
2658.0;73;129;187;162;183;178
2664.0;73;129;187;162;183;178
2670.0;73;129;187;162;184;177
2676.0;73;128;187;163;184;177
2682.0;74;128;188;162;184;176
2688.0;75;128;189;161;184;175
2694.0;74;128;189;162;184;175
2700.0;75;128;188;163;184;174
2706.0;76;130;188;160;184;174
2712.0;78;130;189;158;183;174
2718.0;78;130;188;159;183;174
2724.0;80;130;189;158;183;172
2730.0;80;131;189;157;183;172
2736.0;80;130;190;157;184;171
2742.0;80;130;190;157;184;171
2748.0;80;130;191;157;184;170
2754.0;80;131;191;156;185;169
2760.0;80;130;191;157;185;169
2766.0;81;129;190;157;186;169
2772.0;81;129;190;158;186;168
2778.0;82;129;187;158;187;169
2784.0;80;129;187;158;190;168
2790.0;81;129;187;156;190;169
2796.0;81;128;187;156;190;170
2802.0;83;128;187;156;189;169
2808.0;83;128;189;155;189;168
2814.0;83;128;189;156;189;167
2820.0;82;129;189;155;191;166
2826.0;82;128;190;155;190;167
2832.0;81;128;191;155;190;167
2838.0;81;129;191;155;189;167
2844.0;81;129;190;155;190;167
2850.0;82;127;192;155;189;167
2856.0;82;127;190;154;190;169
2862.0;84;128;190;153;189;168
2868.0;86;128;190;152;189;167
2874.0;86;129;189;152;189;167
2880.0;86;130;188;153;189;166
2886.0;84;130;189;154;189;166
2892.0;84;130;189;154;189;166
2898.0;83;130;189;154;189;167
2904.0;84;130;189;153;189;167
2910.0;85;130;189;153;189;166
2916.0;85;130;189;152;189;167
2922.0;84;131;189;152;189;167
2928.0;84;132;190;153;187;166
2934.0;84;132;190;153;188;165
2940.0;84;132;191;152;188;165
2946.0;83;133;190;153;188;165
2952.0;83;132;191;153;188;165
2958.0;83;132;191;153;188;165
2964.0;82;133;191;152;189;165
2970.0;82;133;191;152;189;165
2976.0;82;134;191;151;189;165
2982.0;81;135;191;151;187;167
2988.0;81;135;191;151;187;167
2994.0;81;134;190;151;188;168
3000.0;82;134;190;151;186;169
3006.0;83;134;190;151;185;169
3012.0;84;134;190;151;185;168
3018.0;83;135;190;152;185;167
3024.0;85;135;190;152;183;167
3030.0;85;135;191;152;183;166
3036.0;87;136;190;152;181;166
3042.0;88;137;189;152;180;166
3048.0;89;136;189;153;180;165
3054.0;88;137;189;153;180;165
3060.0;88;137;189;153;180;165
3066.0;87;137;191;152;181;164
3072.0;87;137;192;151;180;165
3078.0;88;137;191;152;180;164
3084.0;87;137;190;151;181;166
3090.0;86;137;189;152;182;166
3096.0;86;137;188;153;181;167
3102.0;86;136;190;152;180;168
3108.0;85;136;191;152;180;168
3114.0;83;137;193;152;179;168
3120.0;83;138;193;152;179;167
3126.0;84;136;194;151;180;167
3132.0;83;136;194;151;180;168
3138.0;83;137;194;151;180;167
3144.0;84;137;192;151;181;167
3150.0;84;137;193;151;180;167
3156.0;85;137;192;151;180;167
3162.0;85;137;191;151;181;167
3168.0;85;137;191;150;182;167
3174.0;85;138;191;148;183;167
3180.0;85;137;192;148;183;167
3186.0;86;136;191;148;184;167
3192.0;85;136;190;148;185;168
3198.0;87;136;190;148;183;168
3204.0;87;137;189;149;183;167
3210.0;88;135;189;150;183;167
3216.0;87;135;189;150;183;168
3222.0;87;135;189;150;183;168
3228.0;87;135;190;149;183;168
3234.0;87;135;190;149;183;168
3240.0;87;133;191;149;183;169
3246.0;85;133;192;150;183;169
3252.0;86;133;192;149;183;169
3258.0;87;132;192;149;183;169
3264.0;87;132;193;149;182;169
3270.0;87;131;192;149;183;170
3276.0;85;130;191;150;183;173
3282.0;85;130;191;150;183;173
3288.0;84;131;191;150;183;173
3294.0;84;131;191;149;184;173
3300.0;82;133;191;149;184;173
3306.0;81;133;189;148;187;174
3312.0;82;133;189;147;187;174
3318.0;81;133;189;148;188;173
3324.0;81;132;189;149;189;172
3330.0;81;132;189;150;189;171
3336.0;79;131;189;150;191;172
3342.0;79;132;188;150;190;173
3348.0;79;132;187;150;191;173
3354.0;80;131;187;150;191;173
3360.0;80;131;187;150;191;173
3366.0;80;131;188;151;189;173
3372.0;80;132;189;150;188;173
3378.0;80;132;190;149;188;173
3384.0;81;132;190;150;185;174
3390.0;81;132;190;150;186;173
3396.0;81;132;190;150;186;173
3402.0;81;132;190;149;185;175
3408.0;82;132;190;148;185;175
3414.0;81;131;190;148;186;176
3420.0;80;132;189;148;187;176
3426.0;80;133;189;147;187;176
3432.0;81;133;189;147;186;176
3438.0;81;133;189;145;188;176
3444.0;82;133;189;146;187;175
3450.0;83;133;189;146;186;175
3456.0;82;134;188;146;187;175
3462.0;82;134;188;145;187;176
3468.0;81;134;187;145;189;176
3474.0;83;135;186;146;186;176
3480.0;84;134;186;147;184;177
3486.0;83;135;187;147;184;176
3492.0;84;135;187;146;184;176
3498.0;83;135;188;146;184;176
3504.0;84;136;188;146;183;175
3510.0;84;137;187;146;183;175
3516.0;85;135;187;146;183;176
3522.0;85;135;187;146;182;177
3528.0;86;135;187;145;182;177
3534.0;86;135;187;145;182;177
3540.0;86;136;187;144;182;177
3546.0;86;138;187;144;181;176
3552.0;87;137;187;144;182;175
3558.0;87;137;190;143;182;173
3564.0;87;138;190;142;182;173
3570.0;87;138;190;142;182;173
3576.0;86;140;190;142;182;172
3582.0;86;140;190;141;183;172
3588.0;85;140;192;139;184;172
3594.0;85;140;193;139;183;172
3600.0;81;140;194;141;184;172
3606.0;81;140;195;141;184;171
3612.0;81;140;195;141;184;171
3618.0;80;140;195;142;184;171
3624.0;81;140;195;143;182;171
3630.0;82;139;194;142;183;172
3636.0;81;140;194;142;183;172
3642.0;81;140;195;140;184;172
3648.0;81;141;195;141;183;171
3654.0;81;142;194;140;183;172
3660.0;81;142;195;140;183;171
3666.0;81;142;195;140;183;171
3672.0;81;143;195;140;183;170
3678.0;81;142;196;139;184;170
3684.0;80;141;197;139;184;171
3690.0;80;140;196;139;186;171
3696.0;79;138;199;139;187;170
3702.0;79;138;200;138;187;170
3708.0;79;137;200;138;187;171
3714.0;79;138;201;139;186;169
3720.0;80;137;200;140;186;169
3726.0;80;139;199;140;185;169
3732.0;80;140;199;140;184;169
3738.0;79;141;199;139;185;169
3744.0;79;140;200;139;185;169
3750.0;77;141;198;138;187;171
3756.0;77;140;199;138;187;171
3762.0;76;140;199;139;186;172
3768.0;76;141;198;139;186;172
3774.0;76;141;198;139;186;172
3780.0;77;141;198;139;186;171
3786.0;76;142;199;137;186;172
3792.0;75;140;200;137;186;174
3798.0;76;140;200;135;185;176
3804.0;76;139;200;135;186;176
3810.0;75;139;199;136;186;177
3816.0;75;139;199;136;186;177
3822.0;75;138;200;137;184;178
3828.0;75;139;200;137;183;178
3834.0;75;140;199;137;183;178
3840.0;75;140;199;137;183;178
3846.0;75;140;199;137;183;178
3852.0;77;139;199;134;184;179
3858.0;77;140;199;131;185;180
3864.0;77;140;199;132;185;179
3870.0;77;140;198;131;186;180
3876.0;78;139;197;131;186;181
3882.0;78;138;197;132;184;183
3888.0;78;137;198;132;184;183
3894.0;79;138;198;131;184;182
3900.0;79;138;198;131;184;182
3906.0;79;138;199;131;183;182
3912.0;80;137;201;130;180;184
3918.0;80;138;199;130;179;186
3924.0;80;139;198;131;178;186
3930.0;79;140;197;131;178;187
3936.0;78;140;198;131;178;187
3942.0;79;140;197;132;178;186
3948.0;79;141;196;131;179;186
3954.0;79;141;196;131;178;187
3960.0;79;142;194;131;178;188
3966.0;78;142;195;131;178;188
3972.0;80;142;197;130;175;188
3978.0;80;142;196;130;176;188
3984.0;80;144;196;130;175;187
3990.0;81;144;196;129;175;187
3996.0;82;144;194;130;175;187
4002.0;82;144;193;130;176;187
4008.0;81;145;194;130;174;188
4014.0;81;145;195;131;173;187
4020.0;82;146;195;130;173;186
4026.0;82;147;195;128;175;185
4032.0;82;146;196;128;174;186
4038.0;82;146;196;128;174;186
4044.0;82;148;195;128;173;186
4050.0;83;148;193;128;173;187
4056.0;84;148;193;128;173;186
4062.0;86;148;193;127;173;185
4068.0;85;149;193;128;171;186
4074.0;85;149;194;127;171;186
4080.0;85;149;194;127;172;185
4086.0;85;149;194;127;172;185
4092.0;83;149;194;128;173;185
4098.0;83;149;195;126;174;185
4104.0;83;150;194;125;175;185
4110.0;84;149;194;125;175;185
4116.0;83;149;194;125;175;186
4122.0;84;148;195;125;175;185
4128.0;84;149;195;124;175;185
4134.0;83;149;194;125;175;186
4140.0;83;149;194;125;175;186
4146.0;81;152;191;126;175;187
4152.0;82;151;191;125;177;186
4158.0;82;151;191;126;177;185
4164.0;82;152;190;126;177;185
4170.0;83;154;188;125;177;185
4176.0;82;153;189;126;177;185
4182.0;82;152;189;126;178;185
4188.0;83;152;189;126;178;184
4194.0;82;154;188;125;178;185
4200.0;83;154;188;125;178;184
4206.0;81;154;189;126;178;184
4212.0;80;154;189;127;178;184
4218.0;79;154;189;125;181;184
4224.0;80;153;190;125;181;183
4230.0;81;153;190;125;181;182
4236.0;81;152;190;125;181;183
4242.0;79;153;190;125;181;184
4248.0;79;151;191;126;181;184
4254.0;80;150;193;125;180;184
4260.0;81;150;193;124;180;184
4266.0;80;151;193;124;180;184
4272.0;80;151;193;123;180;185
4278.0;80;152;193;122;179;186
4284.0;79;152;194;122;179;186
4290.0;79;152;194;123;179;185
4296.0;79;152;194;123;179;185
4302.0;78;151;194;124;180;185
4308.0;77;151;195;126;179;184
4314.0;77;151;195;126;180;183
4320.0;75;151;196;126;182;182
4326.0;74;151;196;127;182;182
4332.0;74;151;196;126;182;183
4338.0;74;151;196;126;182;183
4344.0;75;151;196;126;181;183
4350.0;74;151;197;128;180;182
4356.0;74;151;197;128;180;182
4362.0;75;151;197;128;179;182
4368.0;75;151;197;128;179;182
4374.0;75;151;197;128;179;182
4380.0;75;150;196;129;180;182
4386.0;75;149;196;130;180;182
4392.0;76;149;196;129;179;183
4398.0;76;149;196;129;179;183
4404.0;75;149;196;130;180;182
4410.0;75;149;196;130;180;182
4416.0;76;147;198;128;180;183
4422.0;78;147;198;127;179;183
4428.0;77;147;197;127;180;184
4434.0;77;147;197;126;180;185
4440.0;77;146;197;127;180;185
4446.0;77;147;197;126;180;185
4452.0;77;147;197;126;180;185
4458.0;77;145;197;128;180;185
4464.0;76;144;198;127;182;185
4470.0;78;144;196;126;184;184
4476.0;78;144;196;125;185;184
4482.0;79;144;196;125;184;184
4488.0;80;143;196;125;184;184
4494.0;79;142;197;126;184;184
4500.0;79;140;198;127;184;184
4506.0;77;140;199;127;184;185
4512.0;76;140;199;129;183;185
4518.0;77;141;199;129;182;184
4524.0;78;142;199;127;182;184
4530.0;76;142;199;128;181;186
4536.0;75;141;200;130;181;185
4542.0;75;140;199;130;182;186
4548.0;74;140;200;130;182;186
4554.0;74;140;200;129;181;188
4560.0;74;139;200;129;181;189
4566.0;74;140;199;128;181;190
4572.0;75;140;198;128;181;190
4578.0;74;139;198;129;181;191
4584.0;75;139;199;128;180;191
4590.0;75;139;197;129;181;191
4596.0;75;140;197;129;180;191
4602.0;76;139;198;129;180;190
4608.0;76;138;199;129;180;190
4614.0;76;138;199;129;180;190
4620.0;76;138;200;128;180;190
4626.0;74;138;201;127;180;192
4632.0;73;137;203;127;180;192
4638.0;74;137;202;127;181;191
4644.0;74;137;202;127;182;190
4650.0;74;138;201;127;182;190
4656.0;74;138;201;127;182;190
4662.0;72;139;202;128;181;190
4668.0;74;138;201;128;181;190
4674.0;73;137;202;125;183;192
4680.0;74;137;201;125;183;192
4686.0;74;138;201;125;182;192
4692.0;74;139;200;127;180;192
4698.0;75;138;199;127;180;193
4704.0;76;138;198;127;182;191
4710.0;76;139;199;127;180;191
4716.0;76;139;199;127;180;191
4722.0;76;141;197;127;180;191
4728.0;76;141;197;127;180;191
4734.0;76;140;197;128;179;192
4740.0;79;139;196;128;178;192
4746.0;79;139;196;130;178;190
4752.0;79;139;196;130;179;189
4758.0;79;141;196;129;179;188
4764.0;78;142;195;130;179;188
4770.0;79;143;196;128;179;187
4776.0;80;142;196;128;180;186
4782.0;79;142;196;128;180;187
4788.0;79;142;196;128;180;187
4794.0;79;142;196;129;180;186
4800.0;79;142;196;128;181;186
4806.0;79;142;196;129;179;187
4812.0;78;141;196;131;179;187
4818.0;78;141;197;131;179;186
4824.0;79;140;197;130;179;187
4830.0;80;140;198;130;178;186
4836.0;80;140;198;130;178;186
4842.0;80;141;198;128;180;185
4848.0;80;141;199;128;179;185
4854.0;80;141;199;128;179;185
4860.0;79;141;200;128;179;185
4866.0;80;141;201;128;179;183
4872.0;81;141;202;127;179;182
4878.0;82;140;201;127;180;182
4884.0;82;139;201;128;180;182
4890.0;81;139;201;128;179;184
4896.0;81;139;202;128;179;183
4902.0;82;135;203;127;180;185
4908.0;82;135;204;125;180;186
4914.0;81;136;205;125;180;185
4920.0;81;137;207;125;179;183
4926.0;80;137;207;125;179;184
4932.0;80;137;206;126;179;184
4938.0;81;136;206;125;179;185
4944.0;81;138;206;125;178;184
4950.0;81;138;205;126;178;184
4956.0;82;137;204;127;178;184
4962.0;81;136;205;127;179;184
4968.0;82;136;205;127;178;184
4974.0;83;136;205;126;178;184
4980.0;80;135;205;126;181;185
4986.0;80;134;205;126;180;187
4992.0;80;134;206;125;181;186
4998.0;80;134;206;126;180;186
5004.0;80;134;207;127;179;185
5010.0;80;134;207;127;179;185
5016.0;80;133;208;128;179;184
5022.0;80;133;208;128;179;184
5028.0;79;134;208;127;180;184
5034.0;76;134;209;127;181;185
5040.0;76;134;209;128;181;184
5046.0;76;134;209;128;181;184
5052.0;76;134;208;128;182;184
5058.0;77;134;209;127;181;184
5064.0;77;135;209;125;181;185
5070.0;77;135;209;125;181;185
5076.0;76;135;211;125;180;185
5082.0;75;134;211;127;180;185
5088.0;74;134;210;128;180;186
5094.0;75;134;209;127;180;187
5100.0;75;135;208;127;179;188
5106.0;76;134;210;127;177;188
5112.0;75;134;211;126;177;189
5118.0;75;134;212;123;178;190
5124.0;75;134;210;123;179;191
5130.0;74;133;211;124;180;190
5136.0;74;131;212;125;179;191
5142.0;74;131;211;125;179;192
5148.0;74;131;212;124;179;192
5154.0;73;131;213;123;179;193
5160.0;73;131;213;123;179;193
5166.0;73;131;213;123;179;193
5172.0;74;131;212;124;178;193
5178.0;74;131;214;122;178;193
5184.0;74;131;212;121;180;194
5190.0;73;128;215;121;180;195
5196.0;72;128;216;121;180;195
5202.0;73;127;216;123;179;194
5208.0;73;126;216;123;182;192
5214.0;72;126;214;123;184;193
5220.0;72;126;214;123;184;193
5226.0;72;126;214;124;183;193
5232.0;72;126;214;124;183;193
5238.0;71;126;215;124;183;193
5244.0;70;128;216;124;182;192
5250.0;70;127;216;124;182;193
5256.0;70;127;216;124;182;193
5262.0;70;127;215;124;183;193
5268.0;71;126;216;124;183;192
5274.0;71;126;215;124;183;193
5280.0;71;126;214;123;184;194
5286.0;72;124;215;123;184;194
5292.0;71;124;215;124;184;194
5298.0;71;125;215;123;184;194
5304.0;70;123;216;125;185;193
5310.0;71;123;215;125;185;193
5316.0;72;123;215;123;186;193
5322.0;72;123;215;122;187;193
5328.0;72;124;215;121;187;193
5334.0;72;124;214;121;187;194
5340.0;71;121;216;121;187;196
5346.0;70;121;214;122;188;197
5352.0;70;121;214;122;188;197
5358.0;71;121;213;123;188;196
5364.0;72;121;213;123;188;195
5370.0;71;121;212;125;188;195
5376.0;71;121;212;125;188;195
5382.0;72;121;212;125;187;195
5388.0;71;121;212;125;187;196
5394.0;70;121;212;125;188;196
5400.0;70;121;213;124;188;196
5406.0;69;121;213;126;188;195
5412.0;68;121;214;126;187;196
5418.0;68;121;213;126;188;196
5424.0;68;121;213;126;188;196
5430.0;68;121;212;126;188;197
5436.0;68;123;211;126;187;197
5442.0;66;122;211;126;188;199
5448.0;67;121;211;126;188;199
5454.0;69;122;211;125;187;198
5460.0;70;121;212;125;186;198
5466.0;70;121;212;125;186;198
5472.0;70;119;213;125;186;199
5478.0;70;118;214;125;186;199
5484.0;69;118;213;125;188;199
5490.0;69;117;214;125;188;199
5496.0;68;117;214;125;189;199
5502.0;67;118;214;125;189;199
5508.0;67;116;215;126;190;198
5514.0;65;118;216;125;189;199
5520.0;65;118;216;124;189;200
5526.0;64;118;217;123;189;201
5532.0;64;119;217;122;189;201
5538.0;63;119;219;122;188;201
5544.0;65;118;218;122;188;201
5550.0;64;118;219;122;188;201
5556.0;64;118;219;122;188;201
5562.0;64;118;219;122;188;201
5568.0;64;118;219;122;188;201
5574.0;64;118;219;122;188;201
5580.0;64;119;218;122;188;201
5586.0;63;117;219;123;188;202
5592.0;64;117;219;123;188;201
5598.0;67;116;219;123;186;201
5604.0;67;117;219;122;186;201
5610.0;68;118;219;121;184;202
5616.0;68;118;219;121;184;202
5622.0;68;118;219;121;185;201
5628.0;67;118;219;122;184;202
5634.0;66;117;219;123;185;202
5640.0;67;116;218;123;185;203
5646.0;68;116;217;123;185;203
5652.0;68;116;215;124;186;203
5658.0;68;115;215;124;187;203
5664.0;68;115;213;125;187;204
5670.0;68;115;214;124;187;204
5676.0;71;115;213;123;186;204
5682.0;70;114;214;122;187;205
5688.0;71;115;212;121;189;204
5694.0;74;115;212;119;188;204
5700.0;74;115;212;119;188;204
5706.0;73;115;213;119;188;204
5712.0;73;115;212;120;188;204
5718.0;73;115;211;120;189;204
5724.0;72;118;210;120;188;204
5730.0;71;116;210;122;189;204
5736.0;71;116;210;122;189;204
5742.0;71;117;208;123;188;205
5748.0;72;116;207;123;189;205
5754.0;71;116;208;123;189;205
5760.0;70;116;207;124;188;207
5766.0;68;117;209;124;188;206
5772.0;69;115;209;125;188;206
5778.0;69;115;209;125;188;206
5784.0;68;115;209;126;188;206
5790.0;68;115;211;125;187;206
5796.0;68;115;211;125;187;206
5802.0;69;115;211;125;186;206
5808.0;69;114;211;124;187;207
5814.0;70;114;213;123;186;206
5820.0;70;115;214;122;185;206
5826.0;70;115;214;121;186;206
5832.0;70;115;214;121;186;206
5838.0;69;116;215;121;185;206
5844.0;69;116;216;121;184;206
5850.0;69;116;217;120;183;207
5856.0;69;116;217;120;183;207
5862.0;68;117;217;118;184;208
5868.0;68;117;216;118;185;208
5874.0;69;117;215;119;185;207
5880.0;69;117;216;119;184;207
5886.0;69;117;217;118;184;207
5892.0;68;117;217;118;184;208
5898.0;67;118;217;118;184;208
5904.0;67;117;218;118;184;208
5910.0;67;116;219;118;185;207
5916.0;67;116;220;117;185;207
5922.0;67;116;219;118;185;207
5928.0;67;116;218;119;185;207
5934.0;66;115;220;119;185;207
5940.0;67;115;220;118;185;207
5946.0;67;116;217;119;186;207
5952.0;69;116;216;119;186;206
5958.0;69;116;217;119;186;205
5964.0;69;116;217;119;186;205
5970.0;70;117;217;118;185;205
5976.0;70;116;216;118;185;207
5982.0;69;116;218;117;184;208
5988.0;68;116;217;117;185;209
5994.0;67;115;217;118;185;210
6000.0;67;116;216;118;184;211
6006.0;66;116;215;119;184;212
6012.0;68;116;214;118;184;212
6018.0;67;116;213;117;186;213
6024.0;68;116;213;115;187;213
6030.0;69;118;212;115;187;211
6036.0;69;118;211;116;187;211
6042.0;68;119;211;116;187;211
6048.0;68;118;212;116;187;211
6054.0;69;117;211;116;187;212
6060.0;69;117;211;116;187;212
6066.0;68;119;212;116;186;211
6072.0;68;120;211;116;186;211
6078.0;69;120;211;115;186;211
6084.0;70;120;211;114;186;211
6090.0;69;122;211;114;186;210
6096.0;69;122;210;114;187;210
6102.0;69;123;210;114;186;210
6108.0;68;122;211;113;188;210
6114.0;68;122;211;113;188;210
6120.0;67;121;210;116;188;210
6126.0;67;121;210;116;188;210
6132.0;66;120;209;116;190;211
6138.0;66;120;210;116;189;211
6144.0;66;120;210;116;189;211
6150.0;68;119;208;116;190;211
6156.0;68;120;207;115;190;212
6162.0;67;120;208;113;191;213
6168.0;67;119;208;113;191;214
6174.0;66;120;208;113;190;215
6180.0;66;121;207;112;192;214
6186.0;66;121;207;113;192;213
6192.0;66;121;207;113;192;213
6198.0;66;120;207;113;193;213
6204.0;66;120;206;114;192;214
6210.0;66;120;206;115;192;213
6216.0;66;121;205;114;194;212
6222.0;66;121;205;114;194;212
6228.0;66;121;206;113;194;212
6234.0;66;121;206;113;194;212
6240.0;65;121;206;113;194;213
6246.0;65;121;206;113;194;213
6252.0;64;121;206;113;194;214
6258.0;64;121;205;113;194;215
6264.0;65;120;204;113;194;216
6270.0;66;121;203;113;194;215
6276.0;67;120;203;114;194;214
6282.0;67;120;203;115;193;214
6288.0;68;120;203;114;193;214
6294.0;68;119;204;114;193;214
6300.0;68;118;207;113;193;213
6306.0;67;118;207;114;193;213
6312.0;67;118;207;113;194;213
6318.0;67;118;207;113;194;213
6324.0;68;118;206;114;193;213
6330.0;67;117;206;116;193;213
6336.0;66;116;206;117;193;214
6342.0;66;115;207;117;194;213
6348.0;67;115;206;118;193;213
6354.0;66;115;206;118;194;213
6360.0;66;115;205;119;193;214
6366.0;66;115;204;119;196;212
6372.0;66;115;204;120;196;211
6378.0;66;115;204;120;196;211
6384.0;65;115;203;124;194;211
6390.0;65;115;203;124;194;211
6396.0;66;115;202;125;193;211
6402.0;65;115;202;126;193;211
6408.0;66;115;202;126;192;211
6414.0;66;114;203;126;192;211
6420.0;66;115;202;126;191;212
6426.0;66;115;202;126;191;212
6432.0;66;116;200;126;192;212
6438.0;66;116;200;126;192;212
6444.0;67;117;200;125;191;212
6450.0;67;116;201;126;190;212
6456.0;66;116;201;126;190;213
6462.0;67;118;201;126;187;213
6468.0;67;118;198;124;190;215
6474.0;67;118;198;124;190;215
6480.0;67;118;197;123;191;216
6486.0;68;118;197;123;191;215
6492.0;70;118;196;123;191;214
6498.0;71;118;195;123;191;214
6504.0;71;118;196;123;188;216
6510.0;71;118;195;123;188;217
6516.0;70;119;194;123;188;218
6522.0;70;119;194;123;188;218
6528.0;70;118;195;120;191;218
6534.0;70;118;195;119;191;219
6540.0;69;119;195;119;193;217
6546.0;69;120;195;120;191;217
6552.0;69;120;195;120;191;217
6558.0;68;120;195;120;192;217
6564.0;67;121;195;120;192;217
6570.0;66;121;193;121;194;217
6576.0;66;120;193;121;195;217
6582.0;66;120;193;122;195;216
6588.0;65;120;191;122;195;219
6594.0;65;121;190;122;196;218
6600.0;66;121;191;123;195;216
6606.0;67;121;191;123;195;215
6612.0;66;121;191;124;195;215
6618.0;65;123;192;122;196;214
6624.0;65;124;192;122;196;213
6630.0;65;124;192;123;196;212
6636.0;65;124;192;122;196;213
6642.0;65;123;191;122;196;215
6648.0;65;125;191;120;196;215
6654.0;65;125;191;120;197;214
6660.0;66;125;189;121;198;213
6666.0;66;124;188;122;198;214
6672.0;65;124;188;121;200;214
6678.0;65;124;188;121;199;215
6684.0;63;124;189;121;200;215
6690.0;64;124;189;119;201;215
6696.0;64;125;189;120;200;214
6702.0;64;128;188;120;199;213
6708.0;64;128;188;120;199;213
6714.0;64;128;188;119;200;213
6720.0;65;128;187;118;200;214
6726.0;65;128;188;119;200;212
6732.0;65;128;188;118;201;212
6738.0;67;127;188;118;201;211
6744.0;67;126;188;118;201;212
6750.0;67;126;189;120;199;211
6756.0;67;125;189;120;199;212
6762.0;67;124;189;120;199;213
6768.0;66;124;190;120;199;213
6774.0;65;124;191;118;200;214
6780.0;66;123;191;118;200;214
6786.0;68;122;191;118;200;213
6792.0;67;123;192;118;200;212
6798.0;66;124;191;119;200;212
6804.0;66;123;192;118;199;214
6810.0;66;124;192;118;198;214
6816.0;66;124;192;120;197;213
6822.0;66;123;192;120;197;214
6828.0;64;123;192;121;198;214
6834.0;65;122;193;121;197;214
6840.0;67;122;192;121;197;213
6846.0;68;124;191;123;196;210
6852.0;68;123;193;122;196;210
6858.0;67;124;193;123;196;209
6864.0;67;125;192;123;196;209
6870.0;67;125;191;123;197;209
6876.0;66;126;191;123;197;209
6882.0;68;127;191;123;196;207
6888.0;68;127;191;123;196;207
6894.0;70;127;191;122;195;207
6900.0;70;127;191;122;195;207
6906.0;70;127;191;122;195;207
6912.0;70;127;191;122;195;207
6918.0;71;126;189;123;196;207
6924.0;72;126;188;124;197;205
6930.0;71;127;188;125;195;206
6936.0;70;128;189;124;196;205
6942.0;69;128;189;124;197;205
6948.0;70;127;189;124;196;206
6954.0;69;127;189;125;196;206
6960.0;68;127;188;126;197;206
6966.0;68;127;188;127;196;206
6972.0;68;127;189;127;196;205
6978.0;67;127;190;127;196;205
6984.0;67;125;191;128;195;206
6990.0;66;127;191;127;195;206
6996.0;65;127;190;128;195;207
7002.0;64;126;190;128;195;209
7008.0;64;124;192;128;195;209
7014.0;65;126;190;128;194;209
7020.0;65;126;190;128;196;207
7026.0;65;126;190;128;196;207
7032.0;65;127;189;127;196;208
7038.0;65;127;189;127;196;208
7044.0;65;127;189;127;196;208
7050.0;66;129;187;127;195;208
7056.0;66;129;188;125;196;208
7062.0;66;129;188;125;195;209
7068.0;66;129;187;125;196;209
7074.0;66;130;186;125;197;208
7080.0;66;130;185;126;197;208
7086.0;66;130;185;126;199;206
7092.0;67;129;186;128;199;203
7098.0;67;127;187;128;199;204
7104.0;69;126;186;128;199;204
7110.0;69;126;186;128;200;203
7116.0;69;126;187;127;200;203
7122.0;69;127;187;129;198;202
7128.0;70;125;187;131;199;200
7134.0;71;124;187;131;200;199
7140.0;71;125;187;131;199;199
7146.0;71;126;186;131;199;199
7152.0;71;126;186;131;199;199
7158.0;70;128;186;131;199;198
7164.0;70;128;187;129;200;198
7170.0;70;127;187;130;200;198
7176.0;69;128;186;130;201;198
7182.0;69;128;186;129;201;199
7188.0;69;128;184;129;202;200
7194.0;70;128;184;129;201;200
7200.0;70;128;184;129;201;200
7206.0;69;128;182;132;201;200
7212.0;68;129;181;133;201;200
7218.0;67;131;182;132;199;201
7224.0;67;130;182;132;200;201
7230.0;67;130;182;131;202;200
7236.0;67;130;182;131;201;201
7242.0;67;130;183;130;201;201
7248.0;66;129;183;131;201;202
7254.0;65;128;184;131;201;203
7260.0;63;128;184;132;202;203
7266.0;62;127;185;134;201;203
7272.0;63;126;185;134;202;202
7278.0;63;128;185;133;201;202
7284.0;63;128;185;133;202;201
7290.0;63;127;185;133;202;202
7296.0;64;127;186;132;200;203
7302.0;65;127;185;132;199;204
7308.0;65;127;186;131;199;204
7314.0;66;128;184;131;199;204
7320.0;65;128;185;131;199;204
7326.0;65;128;186;131;198;204
7332.0;66;128;185;131;198;204
7338.0;65;129;185;132;199;202
7344.0;65;129;185;132;199;202
7350.0;66;128;188;129;198;203
7356.0;66;128;188;129;198;203
7362.0;66;129;188;130;198;201
7368.0;66;129;189;129;199;200
7374.0;67;129;189;129;199;199
7380.0;67;130;189;129;199;198
7386.0;67;129;189;129;199;199
7392.0;66;130;191;129;199;197
7398.0;66;129;192;130;197;198
7404.0;66;129;192;130;197;198
7410.0;65;129;193;129;197;199
7416.0;65;129;193;128;198;199
7422.0;67;128;193;128;197;199
7428.0;67;128;193;129;196;199
7434.0;68;126;193;129;196;200
7440.0;68;127;193;130;195;199
7446.0;67;127;193;130;195;200
7452.0;69;128;195;126;195;199
7458.0;70;128;194;126;195;199
7464.0;69;127;195;126;197;198
7470.0;69;127;196;125;196;199
7476.0;69;125;197;125;197;199
7482.0;70;124;198;127;196;197
7488.0;72;124;197;128;195;196
7494.0;73;124;197;128;194;196
7500.0;73;124;199;128;191;197
7506.0;73;124;200;129;189;197
7512.0;73;124;200;130;188;197
7518.0;74;124;199;130;188;197
7524.0;71;125;201;131;187;197
7530.0;70;126;200;132;189;195
7536.0;70;126;200;132;190;194
7542.0;70;128;201;131;189;193
7548.0;71;129;201;129;190;192
7554.0;71;129;201;130;190;191
7560.0;71;129;201;130;191;190
7566.0;70;129;201;131;191;190
7572.0;71;129;201;131;191;189
7578.0;72;128;201;131;192;188
7584.0;72;127;201;131;193;188
7590.0;72;128;201;129;193;189
7596.0;73;128;200;129;193;189
7602.0;73;129;200;126;193;191
7608.0;73;130;200;125;193;191
7614.0;73;130;201;124;193;191
7620.0;73;130;201;125;192;191
7626.0;72;129;200;126;193;192
7632.0;72;130;200;125;191;194
7638.0;71;130;201;124;192;194
7644.0;72;131;200;123;192;194
7650.0;72;131;201;122;192;194
7656.0;73;132;201;120;192;194
7662.0;73;132;201;120;192;194
7668.0;73;131;201;122;192;193
7674.0;74;130;201;123;190;194
7680.0;74;130;202;123;189;194
7686.0;74;130;202;123;189;194
7692.0;74;131;203;122;189;193
7698.0;73;131;203;122;190;193
7704.0;74;132;202;122;190;192
7710.0;74;132;202;122;189;193
7716.0;74;131;204;124;187;192
7722.0;74;132;203;125;186;192
7728.0;74;132;202;125;186;193
7734.0;75;132;203;124;187;191
7740.0;74;132;202;124;188;192
7746.0;74;133;202;124;188;191
7752.0;73;133;203;124;188;191
7758.0;73;133;203;124;188;191
7764.0;72;133;203;124;191;189
7770.0;72;134;203;124;191;188
7776.0;70;134;204;125;193;186
7782.0;70;135;204;125;193;185
7788.0;69;135;205;124;193;186
7794.0;69;135;205;125;192;186
7800.0;69;133;205;127;193;185
7806.0;69;132;206;127;193;185
7812.0;70;133;205;127;192;185
7818.0;70;132;206;127;192;185
7824.0;68;133;206;128;191;186
7830.0;68;134;206;128;191;185
7836.0;69;133;205;129;191;185
7842.0;69;133;205;129;191;185
7848.0;70;132;204;128;192;186
7854.0;70;132;204;128;192;186
7860.0;69;133;205;128;191;186
7866.0;69;133;205;128;191;186
7872.0;69;133;205;128;191;186
7878.0;69;134;205;128;189;187
7884.0;69;134;205;128;189;187
7890.0;71;134;205;128;189;185
7896.0;71;134;205;128;189;185
7902.0;72;133;205;129;188;185
7908.0;72;133;205;128;189;185
7914.0;74;133;204;127;189;185
7920.0;75;133;205;125;187;187
7926.0;75;133;204;126;187;187
7932.0;75;133;204;127;186;187
7938.0;75;133;204;127;186;187
7944.0;75;134;203;128;185;187
7950.0;74;136;203;126;185;188
7956.0;74;136;203;126;185;188
7962.0;74;134;204;125;186;189
7968.0;74;134;203;126;186;189
7974.0;73;134;203;127;185;190
7980.0;73;134;202;127;186;190
7986.0;73;135;201;128;185;190
7992.0;73;135;201;127;185;191
7998.0;74;136;202;126;183;191
8004.0;74;136;201;126;183;192
8010.0;74;137;200;127;183;191
8016.0;74;137;199;128;183;191
8022.0;77;137;199;126;183;190
8028.0;77;139;197;126;183;190
8034.0;77;139;197;126;183;190
8040.0;76;140;197;125;183;191
8046.0;76;141;195;126;182;192
8052.0;76;141;194;126;183;192
8058.0;76;141;194;126;183;192
8064.0;76;141;194;126;183;192
8070.0;76;142;194;126;183;191
8076.0;78;143;193;126;183;189
8082.0;78;143;193;126;184;188
8088.0;79;143;192;126;184;188
8094.0;79;143;192;126;184;188
8100.0;79;144;192;126;184;187
8106.0;80;141;191;126;185;189
8112.0;80;141;190;126;186;189
8118.0;80;140;190;126;187;189
8124.0;80;140;190;126;186;190
8130.0;81;140;189;126;186;190
8136.0;84;141;188;126;186;187
8142.0;84;142;187;126;187;186
8148.0;85;142;187;126;187;185
8154.0;86;142;187;126;187;184
8160.0;87;142;187;126;187;183
8166.0;87;142;186;126;188;183
8172.0;87;141;187;129;188;180
8178.0;87;141;186;129;189;180
8184.0;88;141;185;129;188;181
8190.0;88;142;185;128;189;180
8196.0;87;141;186;128;189;181
8202.0;88;141;185;127;190;181
8208.0;88;141;185;127;190;181
8214.0;88;141;186;126;190;181
8220.0;89;141;186;126;189;181
8226.0;88;142;186;127;188;181
8232.0;90;141;187;127;186;181
8238.0;88;141;187;128;185;183
8244.0;86;142;188;125;187;184
8250.0;88;143;188;125;186;182
8256.0;87;143;188;126;186;182
8262.0;87;143;188;126;186;182
8268.0;87;144;188;126;185;182
8274.0;86;145;187;126;185;183
8280.0;86;145;186;126;184;185
8286.0;87;146;184;128;184;183
8292.0;87;147;184;128;184;182
8298.0;87;147;186;126;184;182
8304.0;86;147;187;127;182;183
8310.0;87;147;188;127;180;183
8316.0;88;147;187;127;180;183
8322.0;87;147;187;127;180;184
8328.0;88;147;187;125;180;185
8334.0;88;147;186;125;180;186
8340.0;88;147;186;125;180;186
8346.0;87;147;187;125;181;185
8352.0;88;146;187;124;181;186
8358.0;87;146;186;124;183;186
8364.0;87;147;185;124;183;186
8370.0;88;146;186;125;182;185
8376.0;87;147;186;125;182;185
8382.0;86;147;186;124;184;185
8388.0;86;147;185;124;185;185
8394.0;86;147;185;125;184;185
8400.0;87;146;185;125;184;185
8406.0;87;145;185;126;184;185
8412.0;87;144;185;126;184;186
8418.0;86;143;186;127;184;186
8424.0;84;144;187;127;184;186
8430.0;83;144;189;127;184;185
8436.0;83;145;189;126;184;185
8442.0;84;144;189;127;183;185
8448.0;84;144;188;127;183;186
8454.0;83;144;190;126;184;185
8460.0;82;144;190;126;183;187
8466.0;82;145;188;126;183;188
8472.0;82;145;187;127;182;189
8478.0;82;145;188;127;182;188
8484.0;82;145;188;127;182;188
8490.0;83;144;189;127;183;186
8496.0;82;144;190;127;183;186
8502.0;80;145;189;128;183;187
8508.0;78;146;189;129;183;187
8514.0;78;146;189;129;183;187
8520.0;77;146;188;130;183;188
8526.0;77;146;188;130;182;189
8532.0;77;146;188;131;181;189
8538.0;77;146;189;132;181;187
8544.0;76;147;190;133;181;185
8550.0;76;147;190;132;181;186
8556.0;76;147;191;131;181;186
8562.0;76;146;191;131;182;186
8568.0;77;146;191;131;182;185
8574.0;77;145;193;131;181;185
8580.0;77;146;193;132;180;184
8586.0;78;147;192;131;180;184
8592.0;78;146;192;131;181;184
8598.0;79;146;193;131;180;183
8604.0;79;148;192;131;180;182
8610.0;80;147;194;130;180;181
8616.0;80;148;194;130;181;179
8622.0;81;148;192;132;180;179
8628.0;81;148;191;132;180;180
8634.0;81;147;192;132;180;180
8640.0;81;146;193;132;180;180
8646.0;81;145;195;131;180;180
8652.0;81;145;194;131;180;181
8658.0;81;144;194;130;181;182
8664.0;80;144;195;129;183;181
8670.0;80;144;195;129;183;181
8676.0;80;143;195;128;185;181
8682.0;80;143;193;129;186;181
8688.0;81;143;194;128;186;180
8694.0;80;143;194;129;186;180
8700.0;81;142;194;127;187;181
8706.0;81;142;194;127;187;181
8712.0;81;143;193;127;188;180
8718.0;79;144;192;129;189;179
8724.0;79;143;192;129;190;179
8730.0;80;143;192;129;189;179
8736.0;79;144;191;129;191;178
8742.0;78;144;190;131;190;179
8748.0;78;144;191;131;190;178
8754.0;78;144;190;132;190;178
8760.0;77;145;190;132;190;178
8766.0;77;145;191;133;188;178
8772.0;77;144;191;133;188;179
8778.0;77;144;189;134;188;180
8784.0;78;144;190;132;188;180
8790.0;77;143;191;133;188;180
8796.0;77;142;192;133;189;179
8802.0;77;141;192;133;189;180
8808.0;77;140;192;134;189;180
8814.0;77;142;192;133;190;178
8820.0;77;142;193;133;190;177
8826.0;76;142;193;133;190;178
8832.0;76;141;193;133;189;180
8838.0;76;140;193;134;188;181
8844.0;77;139;194;135;187;180
8850.0;78;138;195;134;187;180
8856.0;78;139;195;134;186;180
8862.0;78;137;195;135;187;180
8868.0;78;137;195;136;187;179
8874.0;78;137;195;136;187;179
8880.0;78;138;196;135;186;179
8886.0;79;138;197;134;186;178
8892.0;79;138;196;134;187;178
8898.0;79;138;195;134;187;179
8904.0;79;138;196;134;187;178
8910.0;80;138;197;132;187;178
8916.0;80;138;197;132;186;179
8922.0;80;138;197;132;185;180
8928.0;80;138;197;132;185;180
8934.0;80;139;197;131;186;179
8940.0;80;137;197;131;186;181
8946.0;81;137;196;133;184;181
8952.0;81;137;195;134;184;181
8958.0;81;139;195;133;183;181
8964.0;81;139;195;132;183;182
8970.0;81;140;195;131;183;182
8976.0;80;140;195;129;185;183
8982.0;79;140;194;129;186;184
8988.0;79;141;195;127;187;183
8994.0;79;141;195;126;188;183
9000.0;80;141;193;126;189;183
9006.0;80;140;194;126;189;183
9012.0;80;141;193;127;190;181
9018.0;80;140;193;128;190;181
9024.0;80;140;193;128;190;181
9030.0;80;140;193;128;190;181
9036.0;80;140;193;128;188;183
9042.0;80;140;193;130;188;181
9048.0;81;139;194;130;188;180
9054.0;81;139;194;131;187;180
9060.0;82;139;193;130;187;181
9066.0;81;139;193;130;188;181
9072.0;79;139;193;131;189;181
9078.0;80;140;193;130;188;181
9084.0;80;140;193;131;187;181
9090.0;82;138;192;131;188;181
9096.0;82;137;194;131;187;181
9102.0;82;137;194;130;187;182
9108.0;83;137;192;130;187;183
9114.0;82;138;192;130;187;183
9120.0;82;138;192;130;187;183
9126.0;82;138;191;130;189;182
9132.0;82;139;191;130;190;180
9138.0;82;139;191;131;191;178
9144.0;81;141;191;131;190;178
9150.0;81;142;191;131;190;177
9156.0;81;142;191;131;189;178
9162.0;80;143;193;130;187;179
9168.0;79;143;194;130;188;178
9174.0;79;143;193;130;190;177
9180.0;79;143;194;130;190;176
9186.0;79;142;194;130;191;176
9192.0;79;141;194;131;191;176
9198.0;79;141;194;131;190;177
9204.0;80;141;196;129;190;176
9210.0;82;140;195;129;190;176
9216.0;82;140;195;128;191;176
9222.0;82;140;196;129;191;174
9228.0;81;140;196;130;191;174
9234.0;81;141;196;130;190;174
9240.0;81;141;197;131;189;173
9246.0;80;142;197;131;189;173
9252.0;78;143;198;131;190;172
9258.0;78;143;200;129;191;171
9264.0;78;144;199;129;191;171
9270.0;79;144;198;130;192;169
9276.0;80;144;195;130;193;170
9282.0;80;144;195;130;193;170
9288.0;81;142;195;131;191;172
9294.0;81;142;195;132;190;172
9300.0;81;143;194;133;189;172
9306.0;82;141;194;133;189;173
9312.0;82;141;194;133;190;172
9318.0;83;140;194;133;190;172
9324.0;83;141;194;132;191;171
9330.0;83;141;194;131;191;172
9336.0;83;141;195;131;191;171
9342.0;84;141;194;130;191;172
9348.0;84;141;194;130;191;172
9354.0;85;140;194;130;191;172
9360.0;84;139;195;129;192;173
9366.0;85;138;195;129;192;173
9372.0;86;138;195;130;189;174
9378.0;84;139;196;130;189;174
9384.0;84;140;196;130;189;173
9390.0;84;140;196;129;190;173
9396.0;84;140;196;129;190;173
9402.0;85;140;194;129;191;173
9408.0;85;141;194;129;190;173
9414.0;85;141;194;128;191;173
9420.0;84;140;195;129;191;173
9426.0;84;140;195;129;191;173
9432.0;84;140;195;129;190;174
9438.0;85;139;196;129;190;173
9444.0;85;139;197;128;190;173
9450.0;86;139;197;127;189;174
9456.0;86;140;197;126;189;174
9462.0;87;141;197;124;187;176
9468.0;87;141;195;125;188;176
9474.0;87;141;195;126;187;176
9480.0;88;141;194;126;186;177
9486.0;87;140;194;128;186;177
9492.0;88;140;193;128;185;178
9498.0;88;140;193;128;185;178
9504.0;87;141;191;128;187;178
9510.0;88;141;191;128;186;178
9516.0;89;141;188;130;187;177
9522.0;89;141;186;132;187;177
9528.0;89;141;186;132;187;177
9534.0;89;141;186;132;187;177
9540.0;90;141;185;132;187;177
9546.0;91;141;184;131;187;178
9552.0;92;140;184;130;187;179
9558.0;90;142;185;129;187;179
9564.0;91;142;185;129;185;180
9570.0;90;141;187;129;185;180
9576.0;90;141;187;128;185;181
9582.0;91;140;186;128;186;181
9588.0;91;140;186;129;185;181
9594.0;91;140;186;129;184;182
9600.0;90;140;186;129;185;182
9606.0;91;140;186;128;185;182
9612.0;90;141;185;129;185;182
9618.0;91;141;185;129;184;182
9624.0;90;141;185;130;184;182
9630.0;90;141;185;132;183;181
9636.0;90;141;185;132;183;181
9642.0;89;141;185;134;182;181
9648.0;89;142;185;133;182;181
9654.0;89;142;185;133;182;181
9660.0;88;142;186;133;180;183
9666.0;88;142;185;133;180;184
9672.0;89;143;186;132;179;183
9678.0;88;144;186;132;179;183
9684.0;89;145;186;130;179;183
9690.0;89;144;185;130;178;186
9696.0;88;144;185;130;179;186
9702.0;90;145;185;128;178;186
9708.0;90;145;185;128;178;186
9714.0;89;145;186;129;178;185
9720.0;88;146;187;128;179;184
9726.0;87;146;188;128;179;184
9732.0;87;146;188;128;179;184
9738.0;87;145;187;129;179;185
9744.0;87;145;187;129;180;184
9750.0;88;145;187;129;180;183
9756.0;90;144;185;128;181;184
9762.0;90;144;185;127;181;185
9768.0;92;144;184;125;181;186
9774.0;91;144;183;127;181;186
9780.0;92;144;182;127;181;186
9786.0;92;144;183;126;180;187
9792.0;92;143;184;126;180;187
9798.0;92;144;182;126;182;186
9804.0;92;144;181;125;182;188
9810.0;92;144;181;126;181;188
9816.0;91;144;182;126;181;188
9822.0;91;144;182;127;181;187
9828.0;91;144;182;127;180;188
9834.0;89;144;183;128;181;187
9840.0;89;144;183;128;181;187
9846.0;89;144;184;127;181;187
9852.0;88;142;185;129;181;187
9858.0;85;143;186;129;182;187
9864.0;85;143;185;129;182;188
9870.0;86;143;186;129;182;186
9876.0;84;144;187;128;183;186
9882.0;85;143;187;129;182;186
9888.0;86;144;185;128;183;186
9894.0;87;144;186;128;182;185
9900.0;87;144;186;128;182;185
9906.0;87;143;188;128;182;184
9912.0;86;144;188;128;181;185
9918.0;86;144;188;128;181;185
9924.0;86;143;190;129;179;185
9930.0;86;143;190;129;179;185
9936.0;86;143;190;129;179;185
9942.0;85;144;190;129;181;183
9948.0;85;145;190;128;181;183
9954.0;86;146;187;128;182;183
9960.0;86;146;187;128;182;183
9966.0;83;146;189;129;180;185
9972.0;82;146;189;130;180;185
9978.0;81;147;189;131;179;185
9984.0;81;147;188;131;180;185
9990.0;81;146;188;131;180;186
9996.0;80;146;188;132;180;186
10002.0;80;147;187;133;180;185
10008.0;80;146;187;134;180;185
10014.0;80;147;187;134;179;185
10020.0;80;147;186;134;180;185
10026.0;80;147;186;135;179;185
10032.0;81;147;185;135;179;185
10038.0;80;147;186;135;179;185
10044.0;80;147;186;133;180;186
10050.0;80;147;185;133;180;187
10056.0;80;147;185;133;180;187
10062.0;81;147;185;133;180;186
10068.0;80;142;184;137;179;190
10074.0;79;143;185;137;179;189
10080.0;78;143;185;137;179;190
10086.0;78;145;185;136;178;190
10092.0;78;144;185;136;179;190
10098.0;78;144;185;137;179;189
10104.0;78;145;185;137;177;190
10110.0;78;145;184;138;177;190
10116.0;78;145;184;138;177;190
10122.0;79;144;183;139;177;190
10128.0;80;144;183;139;176;190
10134.0;77;145;182;141;177;190
10140.0;77;144;182;142;177;190
10146.0;77;144;183;142;177;189
10152.0;77;144;183;142;177;189
10158.0;77;143;183;143;177;189
10164.0;77;143;184;143;176;189
10170.0;77;143;185;143;176;188
10176.0;76;144;185;143;176;188
10182.0;75;145;185;143;176;188
10188.0;75;146;184;142;176;189
10194.0;74;146;184;143;175;190
10200.0;74;146;184;143;176;189
10206.0;74;145;185;144;176;188
10212.0;73;144;186;144;177;188
10218.0;72;144;184;147;177;188
10224.0;72;143;184;147;178;188
10230.0;72;143;183;146;180;188
10236.0;72;144;182;146;180;188
10242.0;73;143;182;146;180;188
10248.0;73;143;182;146;180;188
10254.0;72;140;182;147;183;188
10260.0;71;140;183;147;183;188
10266.0;70;139;183;148;184;188
10272.0;70;139;183;148;184;188
10278.0;71;139;183;146;185;188
10284.0;70;141;183;146;184;188
10290.0;70;141;183;145;184;189
10296.0;71;140;183;144;185;189
10302.0;72;138;183;144;186;189
10308.0;72;139;184;144;185;188
10314.0;72;138;184;144;185;189
10320.0;72;137;185;144;185;189
10326.0;70;138;185;145;185;189
10332.0;71;138;185;144;185;189
10338.0;70;138;185;144;185;190
10344.0;72;138;186;143;183;190
10350.0;72;139;185;143;184;189
10356.0;72;139;184;144;184;189
10362.0;72;139;182;144;185;190
10368.0;72;139;182;143;185;191
10374.0;72;138;181;143;186;192
10380.0;72;138;181;144;186;191
10386.0;72;138;182;143;186;191
10392.0;72;139;182;143;186;190
10398.0;72;140;182;143;185;190
10404.0;72;140;182;143;185;190
10410.0;72;140;181;143;185;191
10416.0;72;140;182;140;186;192
10422.0;73;139;183;140;185;192
10428.0;72;140;182;139;184;195
10434.0;73;138;182;140;184;195
10440.0;72;138;182;139;185;196
10446.0;71;140;183;138;186;194
10452.0;70;140;183;139;186;194
10458.0;70;142;184;140;183;193
10464.0;70;142;184;139;183;194
10470.0;70;143;184;139;182;194
10476.0;70;142;184;139;182;195
10482.0;70;142;183;140;183;194
10488.0;71;141;183;140;183;194
10494.0;71;141;184;140;184;192
10500.0;70;142;184;141;183;192
10506.0;69;140;186;142;184;191
10512.0;69;140;186;142;184;191
10518.0;68;140;185;142;184;193
10524.0;67;140;187;142;183;193
10530.0;67;138;188;143;183;193
10536.0;67;138;187;143;184;193
10542.0;68;138;187;144;183;192
10548.0;67;140;187;142;183;193
10554.0;67;140;187;142;182;194
10560.0;68;140;187;141;183;193
10566.0;68;140;186;142;183;193
10572.0;68;139;187;143;183;192
10578.0;67;140;188;142;182;193
10584.0;67;141;188;142;180;194
10590.0;67;141;187;142;180;195
10596.0;66;142;186;142;181;195
10602.0;66;142;186;142;181;195
10608.0;67;141;185;142;182;195
10614.0;67;140;185;143;183;194
10620.0;66;139;186;144;184;193
10626.0;67;139;185;144;184;193
10632.0;67;138;185;144;184;194
10638.0;67;138;186;144;183;194
10644.0;68;137;185;144;183;195
10650.0;68;137;185;143;184;195
10656.0;70;138;185;143;184;192
10662.0;70;139;184;144;184;191
10668.0;69;140;185;144;184;190
10674.0;70;139;185;143;186;189
10680.0;70;137;186;143;186;190
10686.0;71;137;186;143;186;189
10692.0;71;137;188;141;186;189
10698.0;72;136;188;142;185;189
10704.0;72;136;188;141;186;189
10710.0;72;134;189;142;186;189
10716.0;72;134;187;143;187;189
10722.0;70;134;187;144;188;189
10728.0;70;134;186;144;190;188
10734.0;70;134;187;144;190;187
10740.0;71;133;186;146;189;187
10746.0;72;134;185;147;187;187
10752.0;73;135;185;145;188;186
10758.0;74;134;184;144;190;186
10764.0;74;133;184;144;190;187
10770.0;76;131;185;143;190;187
10776.0;77;130;185;144;189;187
10782.0;76;129;184;144;189;190
10788.0;76;129;185;143;190;189
10794.0;76;129;185;143;190;189
