#auto generated file!
12.0;252;263;234;259;267;249
18.0;251;263;235;258;268;249
24.0;249;261;238;258;268;250
30.0;249;259;238;257;269;252
36.0;249;259;238;258;268;252
42.0;250;257;240;257;268;252
48.0;247;260;240;257;269;251
54.0;246;260;238;259;270;251
60.0;245;260;238;259;270;252
66.0;245;261;238;259;269;252
72.0;247;261;238;260;267;251
78.0;244;261;239;261;268;251
84.0;242;260;239;264;267;252
90.0;241;260;239;262;268;254
96.0;239;260;242;262;267;254
102.0;240;260;242;261;267;254
108.0;239;261;241;260;267;256
114.0;240;263;241;258;267;255
120.0;240;264;241;257;267;255
126.0;239;264;240;256;267;258
132.0;238;266;240;257;266;257
138.0;238;266;240;257;267;256
144.0;238;266;242;254;267;257
150.0;234;265;243;254;270;258
156.0;234;266;243;253;270;258
162.0;234;267;242;253;269;259
168.0;233;267;242;253;269;260
174.0;232;267;243;254;268;260
180.0;234;264;242;254;267;263
186.0;234;264;241;254;268;263
192.0;233;263;240;255;270;263
198.0;231;263;242;255;270;263
204.0;228;263;243;256;270;264
210.0;227;262;244;255;272;264
216.0;227;263;244;254;272;264
222.0;227;263;245;255;272;262
228.0;226;264;245;255;271;263
234.0;224;264;245;255;272;264
240.0;224;264;246;254;271;265
246.0;222;268;245;253;270;266
252.0;223;267;246;251;270;267
258.0;223;267;248;252;267;267
264.0;224;266;246;252;267;269
270.0;225;266;246;252;267;268
276.0;225;265;248;251;266;269
282.0;225;264;247;252;266;270
288.0;224;266;247;252;266;269
294.0;226;267;246;250;265;270
300.0;223;269;248;250;264;270
306.0;224;269;247;251;265;268
312.0;226;267;246;251;265;269
318.0;228;267;245;250;265;269
324.0;228;268;245;250;266;267
330.0;227;267;248;249;267;266
336.0;227;270;248;247;268;264
342.0;226;272;248;246;268;264
348.0;225;272;247;247;267;266
354.0;225;272;248;246;267;266
360.0;223;272;249;246;269;265
366.0;223;273;250;245;270;263
372.0;222;272;251;244;272;263
378.0;220;271;252;244;275;262
384.0;222;268;252;245;275;262
390.0;221;269;253;244;275;262
396.0;220;269;256;243;274;262
402.0;219;269;256;244;273;263
408.0;221;268;256;243;272;264
414.0;221;267;257;243;272;264
420.0;222;266;256;242;274;264
426.0;221;268;258;239;273;265
432.0;220;268;258;239;273;266
438.0;220;268;257;238;273;268
444.0;218;267;257;238;276;268
450.0;218;266;257;238;277;268
456.0;216;266;255;241;277;269
462.0;215;265;256;242;277;269
468.0;215;267;254;243;277;268
474.0;216;267;253;244;276;268
480.0;216;267;253;244;277;267
486.0;216;266;254;244;277;267
492.0;217;265;254;244;277;267
498.0;219;265;256;243;275;266
504.0;218;266;258;243;274;265
510.0;218;267;258;242;274;265
516.0;216;267;259;242;275;265
522.0;214;267;262;242;274;265
528.0;216;264;264;241;272;267
534.0;216;265;263;241;272;267
540.0;215;267;264;241;268;269
546.0;214;267;264;242;268;269
552.0;213;267;265;243;268;268
558.0;213;267;265;242;268;269
564.0;212;267;267;242;267;269
570.0;213;267;268;242;265;269
576.0;212;269;267;241;266;269
582.0;212;267;266;243;266;270
588.0;210;266;265;243;268;272
594.0;209;265;266;243;267;274
600.0;208;265;266;244;266;275
606.0;207;267;268;241;265;276
612.0;207;268;268;240;266;275
618.0;205;267;269;240;266;277
624.0;203;268;269;240;266;278
630.0;204;268;268;240;266;278
636.0;203;267;268;241;267;278
642.0;203;267;268;241;267;278
648.0;201;266;268;241;268;280
654.0;201;268;268;241;267;279
660.0;201;269;268;241;267;278
666.0;202;269;267;241;267;278
672.0;202;270;267;241;268;276
678.0;201;269;267;242;269;276
684.0;200;268;268;240;270;278
690.0;199;269;267;240;270;279
696.0;200;268;267;240;270;279
702.0;199;268;267;243;268;279
708.0;202;266;267;240;270;279
714.0;202;265;266;241;271;279
720.0;198;267;267;241;272;279
726.0;196;267;267;241;272;281
732.0;196;269;266;239;272;282
738.0;197;270;266;237;271;283
744.0;196;272;267;237;272;280
750.0;194;274;266;238;272;280
756.0;194;274;264;239;273;280
762.0;194;274;264;239;273;280
768.0;193;273;265;239;272;282
774.0;191;272;265;240;274;282
780.0;189;273;265;240;273;284
786.0;189;274;265;239;273;284
792.0;188;272;263;239;275;287
798.0;185;272;263;240;277;287
804.0;184;272;263;242;275;288
810.0;182;273;263;241;277;288
816.0;182;274;264;241;275;288
822.0;182;275;264;241;275;287
828.0;180;277;263;241;275;288
834.0;180;278;262;241;275;288
840.0;182;278;261;241;275;287
846.0;181;277;261;242;275;288
852.0;180;279;261;241;275;288
858.0;177;277;263;243;275;289
864.0;177;276;261;242;275;293
870.0;178;273;262;242;276;293
876.0;177;274;262;241;277;293
882.0;176;272;262;242;279;293
888.0;175;271;263;243;279;293
894.0;174;272;263;242;280;293
900.0;173;272;263;243;280;293
906.0;173;272;263;243;280;293
912.0;174;270;263;244;281;292
918.0;174;270;264;244;280;292
924.0;175;270;266;243;279;291
930.0;173;271;266;243;280;291
936.0;173;270;266;241;281;293
942.0;172;271;265;240;282;294
948.0;171;271;267;241;283;291
954.0;172;272;268;240;281;291
960.0;172;271;270;240;281;290
966.0;171;271;271;238;281;292
972.0;172;270;271;238;282;291
978.0;171;270;270;239;283;291
984.0;170;271;270;240;283;290
990.0;170;270;270;239;284;291
996.0;170;270;269;240;284;291
1002.0;169;270;270;240;284;291
1008.0;169;270;270;239;284;292
1014.0;168;269;271;239;284;293
1020.0;168;268;273;240;281;294
1026.0;166;267;275;240;282;294
1032.0;165;266;277;241;281;294
1038.0;164;268;277;239;282;294
1044.0;164;268;276;239;282;295
1050.0;163;268;276;239;282;296
1056.0;163;267;276;239;283;296
1062.0;161;267;276;241;281;298
1068.0;162;266;276;240;283;297
1074.0;162;266;276;241;283;296
1080.0;162;265;277;241;283;296
1086.0;162;265;278;239;284;296
1092.0;161;265;278;240;284;296
1098.0;162;265;280;240;283;294
1104.0;162;264;279;242;282;295
1110.0;161;264;281;242;281;295
1116.0;162;264;281;242;280;295
1122.0;161;264;281;242;281;295
1128.0;161;264;282;240;281;296
1134.0;161;261;282;243;280;297
1140.0;159;261;281;244;281;298
1146.0;161;258;281;244;280;300
1152.0;161;256;282;242;281;302
1158.0;161;256;281;242;282;302
1164.0;162;256;280;243;282;301
1170.0;161;257;281;241;282;302
1176.0;162;257;280;243;281;301
1182.0;162;257;279;243;281;302
1188.0;163;257;278;243;281;302
1194.0;160;257;280;243;283;301
1200.0;160;257;279;243;284;301
1206.0;160;256;279;243;286;300
1212.0;160;256;279;243;286;300
1218.0;158;256;280;244;286;300
1224.0;156;257;281;244;285;301
1230.0;155;257;280;244;286;302
1236.0;155;259;279;245;286;300
1242.0;156;259;279;246;285;299
1248.0;154;260;280;247;284;299
1254.0;154;262;280;247;282;299
1260.0;155;261;281;247;280;300
1266.0;154;261;281;248;281;299
1272.0;155;261;281;247;281;299
1278.0;156;260;279;247;282;300
1284.0;157;259;278;249;282;299
1290.0;157;259;278;249;282;299
1296.0;157;257;279;250;282;299
1302.0;157;257;280;249;281;300
1308.0;155;256;279;252;281;301
1314.0;154;255;281;252;281;301
1320.0;152;255;281;252;283;301
1326.0;152;254;281;252;284;301
1332.0;151;255;282;252;283;301
1338.0;150;255;282;253;284;300
1344.0;150;254;281;253;285;301
1350.0;150;254;281;253;285;301
1356.0;149;254;283;253;285;300
1362.0;150;254;283;252;286;299
1368.0;151;253;282;252;287;299
1374.0;150;254;282;252;287;299
1380.0;148;254;283;252;287;300
1386.0;148;252;282;252;287;303
1392.0;149;252;282;252;287;302
1398.0;148;253;281;253;287;302
1404.0;148;254;280;252;288;302
1410.0;148;253;279;252;289;303
1416.0;148;253;279;252;289;303
1422.0;149;250;280;252;290;303
1428.0;151;247;281;250;292;303
1434.0;151;246;282;250;293;302
1440.0;151;246;281;250;294;302
1446.0;152;243;282;249;295;303
1452.0;152;244;281;249;296;302
1458.0;151;243;283;249;297;301
1464.0;151;242;279;248;300;304
1470.0;149;241;281;249;299;305
1476.0;149;241;282;249;299;304
1482.0;148;242;282;248;300;304
1488.0;147;245;283;248;298;303
1494.0;148;246;282;246;298;304
1500.0;148;247;283;244;298;304
1506.0;148;246;283;245;298;304
1512.0;148;246;283;243;300;304
1518.0;148;246;282;243;300;305
1524.0;149;246;283;241;300;305
1530.0;150;247;284;240;299;304
1536.0;148;246;284;239;301;306
1542.0;147;247;281;241;299;309
1548.0;147;246;279;244;299;309
1554.0;146;246;280;244;298;310
1560.0;144;248;279;244;299;310
1566.0;144;248;279;243;300;310
1572.0;144;246;281;243;301;309
1578.0;144;244;281;243;302;310
1584.0;144;244;280;244;303;309
1590.0;141;243;282;244;304;310
1596.0;142;241;283;244;305;309
1602.0;141;241;282;246;304;310
1608.0;141;241;282;246;304;310
1614.0;143;240;284;243;305;309
1620.0;144;239;284;243;305;309
1626.0;143;239;284;243;305;310
1632.0;143;238;284;243;306;310
1638.0;143;238;283;243;306;311
1644.0;143;238;283;243;305;312
1650.0;143;236;284;243;306;312
1656.0;143;236;284;242;307;312
1662.0;143;235;283;243;308;312
1668.0;143;235;282;244;308;312
1674.0;144;236;283;242;308;311
1680.0;143;236;283;243;308;311
1686.0;143;235;284;243;307;312
1692.0;142;237;282;244;308;311
1698.0;141;236;282;246;308;311
1704.0;140;236;282;246;309;311
1710.0;141;236;282;246;308;311
1716.0;142;235;281;247;309;310
1722.0;142;233;281;249;308;311
1728.0;141;233;281;249;309;311
1734.0;142;233;280;249;309;311
1740.0;142;232;280;249;311;310
1746.0;144;232;279;249;311;309
1752.0;147;231;279;249;310;308
1758.0;147;232;279;250;310;306
1764.0;146;231;280;251;310;306
1770.0;146;230;280;253;309;306
1776.0;146;231;280;253;308;306
1782.0;147;229;281;252;308;307
1788.0;148;229;281;252;308;306
1794.0;148;230;281;252;307;306
1800.0;145;231;281;254;307;306
1806.0;144;232;280;254;309;305
1812.0;144;233;279;253;309;306
1818.0;141;237;279;252;309;306
1824.0;141;237;279;252;309;306
1830.0;141;237;279;252;309;306
1836.0;140;238;280;252;308;306
1842.0;140;238;280;251;309;306
1848.0;139;238;282;250;309;306
1854.0;139;238;282;249;310;306
1860.0;138;238;282;248;311;307
1866.0;137;240;281;247;311;308
1872.0;136;239;282;245;311;311
1878.0;136;240;283;245;311;309
1884.0;136;240;284;245;309;310
1890.0;135;237;284;244;310;314
1896.0;135;235;285;245;311;313
1902.0;136;235;284;245;310;314
1908.0;136;235;284;245;310;314
1914.0;134;235;284;247;311;313
1920.0;134;235;284;248;310;313
1926.0;134;234;284;248;310;314
1932.0;134;233;284;248;310;315
1938.0;134;233;286;248;308;315
1944.0;135;232;285;249;308;315
1950.0;136;232;285;248;308;315
1956.0;136;234;281;250;308;315
1962.0;135;234;281;250;309;315
1968.0;135;234;281;250;309;315
1974.0;136;234;281;250;308;315
1980.0;136;234;281;250;309;314
1986.0;135;235;282;251;309;312
1992.0;135;234;284;251;308;312
1998.0;132;237;285;249;309;312
2004.0;134;236;283;249;309;313
2010.0;134;237;284;249;308;312
2016.0;136;235;287;250;307;309
2022.0;137;233;288;251;306;309
2028.0;135;234;289;251;307;308
2034.0;134;235;289;251;308;307
2040.0;133;233;290;252;309;307
2046.0;134;232;290;252;309;307
2052.0;132;233;291;251;309;308
2058.0;133;232;290;251;310;308
2064.0;134;232;289;251;310;308
2070.0;132;232;291;251;309;309
2076.0;133;231;290;252;309;309
2082.0;133;230;291;252;309;309
2088.0;133;230;291;252;309;309
2094.0;133;229;292;253;308;309
2100.0;133;231;291;253;307;309
2106.0;134;231;290;253;308;308
2112.0;135;231;291;252;308;307
2118.0;135;230;292;252;307;308
2124.0;135;230;292;251;307;309
2130.0;134;229;294;249;307;311
2136.0;134;229;294;249;308;310
2142.0;133;227;294;249;311;310
2148.0;132;228;293;248;312;311
2154.0;132;227;293;251;311;310
2160.0;132;226;293;252;309;312
2166.0;131;226;294;252;309;312
2172.0;132;228;293;251;308;312
2178.0;131;229;294;251;306;313
2184.0;132;229;294;251;306;312
2190.0;131;230;293;252;306;312
2196.0;132;230;293;252;305;312
2202.0;131;232;293;252;305;311
2208.0;132;232;293;251;304;312
2214.0;131;233;292;251;305;312
2220.0;130;232;292;250;308;312
2226.0;130;236;292;248;307;311
2232.0;133;233;291;246;308;313
2238.0;132;234;291;245;309;313
2244.0;132;235;292;244;307;314
2250.0;130;236;292;244;308;314
2256.0;129;235;290;246;310;314
2262.0;128;235;288;248;309;316
2268.0;128;235;287;248;310;316
2274.0;128;235;287;248;310;316
2280.0;126;235;288;249;311;315
2286.0;128;236;287;249;312;312
2292.0;127;236;287;249;313;312
2298.0;128;236;287;249;312;312
2304.0;127;236;290;249;311;311
2310.0;127;237;290;249;310;311
2316.0;128;235;289;250;311;311
2322.0;128;234;289;250;311;312
2328.0;127;233;289;251;312;312
2334.0;127;234;290;250;312;311
2340.0;126;233;290;251;312;312
2346.0;126;233;290;250;314;311
2352.0;124;232;289;252;316;311
2358.0;123;233;289;251;317;311
2364.0;123;234;289;250;317;311
2370.0;124;234;288;251;316;311
2376.0;124;234;288;250;316;312
2382.0;124;236;289;250;316;309
2388.0;126;235;289;249;316;309
2394.0;127;236;290;247;315;309
2400.0;128;237;289;248;315;307
2406.0;128;237;289;248;315;307
2412.0;126;240;289;246;315;308
2418.0;125;239;288;245;318;309
2424.0;127;239;288;244;317;309
2430.0;127;239;287;245;317;309
2436.0;126;239;287;245;318;309
2442.0;125;238;288;246;317;310
2448.0;124;238;287;247;319;309
2454.0;125;236;287;248;319;309
2460.0;124;235;287;248;320;310
2466.0;122;236;287;248;322;309
2472.0;121;235;288;249;322;309
2478.0;121;235;288;250;321;309
2484.0;121;236;288;250;318;311
2490.0;121;234;289;250;318;312
2496.0;120;235;289;250;318;312
2502.0;120;235;289;249;318;313
2508.0;118;236;289;250;318;313
2514.0;118;235;289;251;318;313
2520.0;119;233;289;251;319;313
2526.0;118;233;291;250;319;313
2532.0;117;234;292;249;319;313
2538.0;118;235;293;248;318;312
2544.0;118;235;293;248;318;312
2550.0;117;236;293;248;318;312
2556.0;117;235;293;247;318;314
2562.0;118;235;293;247;317;314
2568.0;118;233;294;246;319;314
2574.0;116;231;296;246;320;315
2580.0;114;232;297;247;320;314
2586.0;114;231;297;248;320;314
2592.0;114;231;297;248;320;314
2598.0;112;229;299;249;321;314
2604.0;111;230;299;248;321;315
2610.0;110;230;300;249;320;315
2616.0;110;231;300;249;319;315
2622.0;110;230;301;249;320;314
2628.0;112;228;301;249;321;313
2634.0;112;229;300;249;321;313
2640.0;112;227;300;250;323;312
2646.0;113;227;299;250;322;313
2652.0;114;225;299;251;322;313
2658.0;115;224;299;251;324;311
2664.0;116;225;297;251;324;311
2670.0;116;224;297;250;323;314
2676.0;115;226;297;250;323;313
2682.0;115;225;297;250;324;313
2688.0;117;224;297;249;323;314
2694.0;117;224;296;250;324;313
2700.0;117;223;297;251;324;312
2706.0;115;222;297;251;326;313
2712.0;115;222;298;253;324;312
2718.0;114;223;297;253;325;312
2724.0;114;223;297;252;327;311
2730.0;115;222;297;252;326;312
2736.0;113;222;297;251;329;312
2742.0;113;221;296;250;331;313
2748.0;113;221;297;248;332;313
2754.0;114;221;296;248;332;313
2760.0;116;220;294;247;333;314
2766.0;116;219;294;248;333;314
2772.0;114;221;293;250;334;312
2778.0;115;222;293;247;335;312
2784.0;116;220;294;247;335;312
2790.0;116;220;294;245;337;312
2796.0;116;220;294;246;336;312
2802.0;116;219;296;246;335;312
2808.0;117;217;295;245;338;312
2814.0;118;216;295;243;340;312
2820.0;119;214;296;241;341;313
2826.0;120;214;295;241;341;313
2832.0;119;216;296;238;343;312
2838.0;122;215;295;237;343;312
2844.0;124;214;295;237;342;312
2850.0;124;215;294;237;341;313
2856.0;123;216;294;239;339;313
2862.0;123;216;294;239;338;314
2868.0;122;214;294;240;337;317
2874.0;124;215;294;239;338;314
2880.0;123;216;294;241;336;314
2886.0;125;216;293;241;336;313
2892.0;125;216;294;241;335;313
2898.0;124;217;295;239;335;314
2904.0;124;217;295;239;335;314
2910.0;124;217;295;238;336;314
2916.0;124;217;296;238;334;315
2922.0;124;217;297;239;332;315
2928.0;124;216;298;237;333;316
2934.0;123;216;300;237;333;315
2940.0;124;216;300;235;333;316
2946.0;123;218;300;234;333;316
2952.0;124;218;301;234;331;316
2958.0;123;217;303;234;332;315
2964.0;122;218;302;233;334;315
2970.0;124;221;301;232;331;315
2976.0;125;219;301;231;332;316
2982.0;125;219;302;232;330;316
2988.0;123;220;303;233;329;316
2994.0;121;221;303;232;331;316
3000.0;120;221;302;231;333;317
3006.0;120;222;303;230;331;318
3012.0;119;224;303;230;330;318
3018.0;119;224;304;229;330;318
3024.0;119;223;303;229;333;317
3030.0;120;223;302;228;335;316
3036.0;121;224;302;228;333;316
3042.0;122;223;302;228;333;316
3048.0;122;227;301;227;332;315
3054.0;122;228;301;227;331;315
3060.0;122;228;301;228;329;316
3066.0;122;227;303;226;329;317
3072.0;121;228;303;225;330;317
3078.0;121;228;303;226;330;316
3084.0;120;230;302;227;329;316
3090.0;121;229;303;228;329;314
3096.0;123;229;302;226;329;315
3102.0;125;227;302;225;330;315
3108.0;124;227;303;224;330;316
3114.0;123;228;303;224;328;318
3120.0;123;228;302;225;329;317
3126.0;122;228;302;226;329;317
3132.0;123;227;301;227;330;316
3138.0;124;228;299;227;330;316
3144.0;123;229;299;227;330;316
3150.0;122;230;300;229;329;314
3156.0;121;234;300;229;329;311
3162.0;121;234;300;228;330;311
3168.0;123;231;300;230;331;309
3174.0;124;232;299;229;333;307
3180.0;124;232;300;227;334;307
3186.0;125;232;299;226;335;307
3192.0;126;232;299;226;335;306
3198.0;126;232;298;225;334;309
3204.0;128;233;296;226;334;307
3210.0;129;233;294;226;335;307
3216.0;128;233;295;226;335;307
3222.0;127;236;294;225;337;305
3228.0;127;237;293;225;337;305
3234.0;126;236;293;226;337;306
3240.0;127;235;291;228;336;307
3246.0;128;234;290;229;336;307
3252.0;127;235;291;228;337;306
3258.0;128;236;291;227;335;307
3264.0;126;235;293;228;336;306
3270.0;126;237;292;228;336;305
3276.0;125;238;292;228;337;304
3282.0;125;237;292;228;337;305
3288.0;126;237;292;230;335;304
3294.0;126;236;292;229;337;304
3300.0;125;237;292;229;337;304
3306.0;124;239;291;228;339;303
3312.0;125;239;291;228;339;302
3318.0;125;240;291;227;339;302
3324.0;125;239;291;226;340;303
3330.0;124;239;291;226;342;302
3336.0;123;239;292;226;342;302
3342.0;124;240;294;223;343;300
3348.0;124;240;293;223;344;300
3354.0;123;241;292;223;345;300
3360.0;122;241;291;222;346;302
3366.0;123;239;293;222;345;302
3372.0;123;239;294;221;345;302
3378.0;122;239;295;222;344;302
3384.0;123;242;296;221;342;300
3390.0;125;241;296;221;342;299
3396.0;123;241;296;222;342;300
3402.0;123;241;296;223;341;300
3408.0;125;242;295;222;340;300
3414.0;126;244;294;220;340;300
3420.0;128;243;296;220;338;299
3426.0;126;244;296;221;339;298
3432.0;126;242;297;221;339;299
3438.0;125;241;298;221;339;300
3444.0;126;239;296;221;341;301
3450.0;126;239;294;223;340;302
3456.0;128;240;294;222;339;301
3462.0;127;240;294;223;338;302
3468.0;127;242;293;222;337;303
3474.0;128;242;294;222;337;301
3480.0;129;242;294;221;336;302
3486.0;129;242;294;221;337;301
3492.0;130;243;295;220;335;301
3498.0;129;243;296;219;335;302
3504.0;130;243;296;220;333;302
3510.0;131;243;296;220;331;303
3516.0;132;243;296;220;331;302
3522.0;133;242;295;220;332;302
3528.0;134;242;295;221;331;301
3534.0;136;241;295;221;330;301
3540.0;135;240;297;222;329;301
3546.0;135;240;297;222;331;299
3552.0;135;239;298;220;332;300
3558.0;136;240;296;219;334;299
3564.0;136;239;298;219;333;299
3570.0;136;239;298;219;333;299
3576.0;134;239;301;218;333;299
3582.0;134;239;301;219;333;298
3588.0;133;239;300;219;334;299
3594.0;131;239;300;221;334;299
3600.0;130;241;300;219;335;299
3606.0;130;241;299;220;335;299
3612.0;131;242;299;216;336;300
3618.0;130;242;300;217;335;300
3624.0;130;241;300;217;336;300
3630.0;131;240;298;218;335;302
3636.0;131;240;298;218;335;302
3642.0;132;239;298;218;335;302
3648.0;133;239;298;217;334;303
3654.0;132;239;299;216;334;304
3660.0;133;240;298;216;334;303
3666.0;133;240;296;219;334;302
3672.0;134;239;296;220;334;301
3678.0;133;241;294;218;336;302
3684.0;133;241;294;219;335;302
3690.0;133;239;293;220;336;303
3696.0;136;239;291;219;336;303
3702.0;136;238;292;219;336;303
3708.0;136;236;295;218;335;304
3714.0;134;237;295;220;336;302
3720.0;133;236;297;221;337;300
3726.0;133;236;298;221;336;300
3732.0;133;236;298;222;336;299
3738.0;132;237;300;220;336;299
3744.0;132;235;299;221;338;299
3750.0;132;235;296;225;338;298
3756.0;134;232;299;224;338;297
3762.0;134;234;299;224;336;297
3768.0;135;234;299;222;336;298
3774.0;137;235;299;221;338;294
3780.0;135;237;300;220;338;294
3786.0;135;236;300;220;338;295
3792.0;132;237;300;219;340;296
3798.0;131;237;300;220;341;295
3804.0;130;237;300;220;341;296
3810.0;128;238;301;221;340;296
3816.0;129;238;300;220;340;297
3822.0;129;240;298;219;338;300
3828.0;129;242;299;219;337;298
3834.0;131;243;299;219;336;296
3840.0;131;245;297;220;333;298
3846.0;130;245;297;222;333;297
3852.0;129;244;300;222;332;297
3858.0;129;244;299;223;330;299
3864.0;130;245;298;221;331;299
3870.0;129;244;300;220;330;301
3876.0;130;243;301;219;329;302
3882.0;131;244;298;219;329;303
3888.0;131;245;297;219;329;303
3894.0;131;244;297;219;330;303
3900.0;128;244;298;218;333;303
3906.0;128;244;299;217;333;303
3912.0;128;245;298;218;331;304
3918.0;126;244;301;218;332;303
3924.0;126;246;301;218;330;303
3930.0;126;247;301;216;331;303
3936.0;128;246;301;215;331;303
3942.0;129;247;300;212;331;305
3948.0;128;249;300;212;331;304
3954.0;127;249;302;212;331;303
3960.0;127;249;302;213;330;303
3966.0;126;248;302;214;330;304
3972.0;127;247;300;214;330;306
3978.0;127;247;300;215;328;307
3984.0;127;246;300;216;328;307
3990.0;126;246;301;216;328;307
3996.0;126;244;301;216;329;308
4002.0;126;245;301;214;329;309
4008.0;126;246;302;214;330;306
4014.0;126;246;301;214;332;305
4020.0;125;248;302;214;331;304
4026.0;125;248;303;214;331;303
4032.0;125;247;304;214;331;303
4038.0;125;247;304;214;330;304
4044.0;127;247;302;215;329;304
4050.0;127;248;302;213;330;304
4056.0;127;247;302;215;329;304
4062.0;127;245;302;215;329;306
4068.0;127;244;301;216;329;307
4074.0;126;245;302;215;329;307
4080.0;127;245;302;214;329;307
4086.0;129;243;303;213;330;306
4092.0;130;243;304;212;329;306
4098.0;129;241;305;212;331;306
4104.0;129;242;304;212;331;306
4110.0;129;242;304;212;331;306
4116.0;127;241;305;211;332;308
4122.0;127;240;309;211;331;306
4128.0;128;238;310;211;331;306
4134.0;128;238;311;211;330;306
4140.0;125;238;311;212;331;307
4146.0;126;238;311;213;329;307
4152.0;127;240;311;213;328;305
4158.0;125;240;311;214;328;306
4164.0;125;239;313;213;327;307
4170.0;125;239;315;213;327;305
4176.0;127;241;314;212;326;304
4182.0;128;237;317;213;325;304
4188.0;127;237;318;215;323;304
4194.0;128;235;318;215;324;304
4200.0;127;235;319;215;324;304
4206.0;127;233;320;216;325;303
4212.0;129;233;319;216;325;302
4218.0;128;234;318;216;326;302
4224.0;127;234;318;217;326;302
4230.0;127;234;318;216;326;303
4236.0;126;234;318;215;329;302
4242.0;126;235;318;213;330;302
4248.0;123;236;317;216;329;303
4254.0;123;236;316;217;330;302
4260.0;124;236;316;217;329;302
4266.0;123;236;317;217;329;302
4272.0;122;236;318;217;329;302
4278.0;120;238;316;217;330;303
4284.0;120;238;315;218;330;303
4290.0;120;238;316;218;329;303
4296.0;120;237;316;217;329;305
4302.0;120;237;316;217;329;305
4308.0;121;234;316;219;331;303
4314.0;119;235;316;219;332;303
4320.0;120;235;316;219;332;302
4326.0;119;234;318;220;329;304
4332.0;120;234;318;222;327;303
4338.0;120;233;317;223;325;306
4344.0;121;232;316;225;324;306
4350.0;121;235;315;223;323;307
4356.0;122;236;316;222;321;307
4362.0;123;236;315;221;322;307
4368.0;121;236;317;221;322;307
4374.0;121;235;316;223;322;307
4380.0;120;234;316;223;324;307
4386.0;120;234;315;223;325;307
4392.0;122;232;316;224;326;304
4398.0;121;231;318;223;327;304
4404.0;121;231;319;222;327;304
4410.0;121;229;319;223;327;305
4416.0;120;229;317;224;328;306
4422.0;120;230;315;227;329;303
4428.0;120;231;316;227;328;302
4434.0;120;233;316;224;328;303
4440.0;121;233;315;224;329;302
4446.0;122;233;317;223;329;300
4452.0;118;232;319;226;328;301
4458.0;118;230;319;227;328;302
4464.0;117;229;320;227;329;302
4470.0;117;228;319;226;329;305
4476.0;118;226;321;225;329;305
4482.0;116;226;318;224;334;306
4488.0;116;227;318;224;332;307
4494.0;116;227;319;224;332;306
4500.0;119;226;319;224;329;307
4506.0;119;225;318;225;329;308
4512.0;119;223;318;226;330;308
4518.0;120;223;318;226;329;308
4524.0;118;223;318;225;329;311
4530.0;116;223;318;226;330;311
4536.0;116;222;318;227;330;311
4542.0;117;222;315;226;331;313
4548.0;116;221;316;227;330;314
4554.0;116;222;316;227;328;315
4560.0;117;222;314;227;328;316
4566.0;117;222;315;226;329;315
4572.0;119;222;314;225;330;314
4578.0;121;221;315;225;329;313
4584.0;120;219;315;227;330;313
4590.0;120;218;316;227;330;313
4596.0;120;220;317;227;327;313
4602.0;119;220;317;228;327;313
4608.0;121;219;317;228;326;313
4614.0;120;219;318;228;328;311
4620.0;122;219;315;229;326;313
4626.0;121;218;315;229;325;316
4632.0;121;216;316;230;326;315
4638.0;120;216;315;230;327;316
4644.0;120;217;315;231;326;315
4650.0;121;217;315;230;327;314
4656.0;122;217;315;230;327;313
4662.0;122;217;314;232;328;311
4668.0;122;216;315;231;329;311
4674.0;124;216;314;231;328;311
4680.0;124;217;315;232;326;310
4686.0;125;218;315;232;325;309
4692.0;124;217;315;233;326;309
4698.0;124;217;315;233;326;309
4704.0;124;217;315;233;326;309
4710.0;125;216;314;234;325;310
4716.0;124;216;315;235;323;311
4722.0;124;218;314;234;323;311
4728.0;126;216;318;235;324;305
4734.0;126;216;318;236;323;305
4740.0;125;214;319;237;324;305
4746.0;125;213;320;238;323;305
4752.0;127;212;320;239;322;304
4758.0;130;209;320;238;323;304
4764.0;133;209;318;237;323;304
4770.0;130;208;320;234;326;306
4776.0;131;211;318;234;326;304
4782.0;130;211;319;234;326;304
4788.0;131;211;318;234;326;304
4794.0;131;211;320;235;324;303
4800.0;131;213;320;234;324;302
4806.0;131;213;321;235;322;302
4812.0;130;213;322;236;323;300
4818.0;126;215;321;235;323;304
4824.0;126;215;320;235;323;305
4830.0;126;217;319;234;324;304
4836.0;127;217;319;233;325;303
4842.0;129;215;317;233;327;303
4848.0;129;215;316;233;326;305
4854.0;130;215;316;231;326;306
4860.0;131;215;317;230;325;306
4866.0;131;215;316;230;326;306
4872.0;132;215;317;231;324;305
4878.0;132;215;317;231;324;305
4884.0;132;216;316;232;325;303
4890.0;133;216;316;230;326;303
4896.0;130;218;315;230;329;302
4902.0;130;218;314;231;328;303
4908.0;129;219;313;232;328;303
4914.0;130;219;314;230;328;303
4920.0;131;220;311;229;329;304
4926.0;130;220;314;228;329;303
4932.0;132;219;313;226;329;305
4938.0;133;219;312;226;329;305
4944.0;133;218;313;226;329;305
4950.0;132;217;313;228;329;305
4956.0;132;218;314;227;327;306
4962.0;133;217;312;228;328;306
4968.0;134;216;311;228;329;306
4974.0;134;215;312;229;328;306
4980.0;134;212;312;229;331;306
4986.0;134;212;312;229;331;306
4992.0;132;211;314;227;333;307
4998.0;133;211;313;227;333;307
5004.0;133;211;313;227;332;308
5010.0;132;210;314;226;333;309
5016.0;133;211;314;224;332;310
5022.0;133;210;316;225;331;309
5028.0;133;209;316;225;332;309
5034.0;133;209;316;225;333;308
5040.0;134;209;316;224;334;307
5046.0;134;206;317;224;335;308
5052.0;135;206;317;224;334;308
5058.0;136;204;318;222;335;309
5064.0;137;204;318;221;335;309
5070.0;136;205;318;221;335;309
5076.0;136;205;319;221;334;309
5082.0;136;202;318;225;333;310
5088.0;136;201;318;226;334;309
5094.0;137;201;320;225;332;309
5100.0;137;202;321;223;331;310
5106.0;137;201;321;223;331;311
5112.0;137;202;318;225;332;310
5118.0;136;202;319;225;331;311
5124.0;136;202;320;225;331;310
5130.0;136;201;321;226;331;309
5136.0;138;202;319;226;330;309
5142.0;138;202;319;227;330;308
5148.0;135;203;320;227;330;309
5154.0;134;204;320;226;330;310
5160.0;133;206;320;226;330;309
5166.0;135;205;318;227;330;309
5172.0;131;206;317;228;331;311
5178.0;131;205;316;229;330;313
5184.0;131;206;316;229;329;313
5190.0;132;206;316;229;328;313
5196.0;133;206;317;228;328;312
5202.0;134;205;317;228;328;312
5208.0;134;204;317;229;326;314
5214.0;136;205;316;228;326;313
5220.0;138;204;315;227;327;313
5226.0;137;205;313;228;327;314
5232.0;137;205;312;229;327;314
5238.0;137;204;312;229;328;314
5244.0;137;208;312;229;326;312
5250.0;137;208;312;229;325;313
5256.0;137;208;309;230;326;314
5262.0;138;209;311;228;324;314
5268.0;137;209;310;230;325;313
5274.0;138;209;310;231;323;313
5280.0;137;210;310;231;323;313
5286.0;138;211;310;231;322;312
5292.0;138;210;311;230;323;312
5298.0;138;209;315;228;323;311
5304.0;137;210;315;228;323;311
5310.0;138;209;315;228;322;312
5316.0;137;210;315;229;321;312
5322.0;137;210;317;229;319;312
5328.0;137;211;317;228;321;310
5334.0;135;214;316;228;320;311
5340.0;135;213;315;229;321;311
5346.0;135;214;316;227;321;311
5352.0;133;215;315;228;321;312
5358.0;132;215;315;230;320;312
5364.0;132;215;316;229;320;312
5370.0;131;214;316;230;321;312
5376.0;130;213;317;230;321;313
5382.0;131;214;317;229;320;313
5388.0;131;212;316;232;320;313
5394.0;129;211;316;234;320;314
5400.0;130;211;315;232;321;315
5406.0;130;211;315;231;322;315
5412.0;130;212;315;231;321;315
5418.0;128;212;315;231;322;316
5424.0;128;213;315;230;322;316
5430.0;127;213;315;231;322;316
5436.0;127;211;317;230;322;317
5442.0;127;211;317;228;324;317
5448.0;127;210;317;228;324;318
5454.0;127;210;317;227;326;317
5460.0;128;210;318;226;325;317
5466.0;128;210;317;225;327;317
5472.0;129;209;316;225;328;317
5478.0;129;209;316;226;327;317
5484.0;130;210;315;226;327;316
5490.0;130;208;316;225;327;318
5496.0;130;209;316;224;328;317
5502.0;128;208;317;225;328;318
5508.0;131;207;318;223;328;317
5514.0;131;207;318;222;329;317
5520.0;131;207;319;223;327;317
5526.0;131;207;319;223;327;317
5532.0;131;207;320;222;328;316
5538.0;132;207;320;222;326;317
5544.0;132;207;319;222;326;318
5550.0;131;207;319;222;327;318
5556.0;132;207;318;221;327;319
5562.0;128;207;321;221;328;319
5568.0;128;207;324;221;327;317
5574.0;130;208;322;221;328;315
5580.0;130;205;321;222;329;317
5586.0;131;204;322;222;327;318
5592.0;131;204;322;222;327;318
5598.0;131;204;322;222;326;319
5604.0;130;204;323;224;325;318
5610.0;130;204;323;223;327;317
5616.0;128;204;325;223;329;315
5622.0;127;204;325;223;327;318
5628.0;128;203;324;222;327;320
5634.0;128;201;327;221;326;321
5640.0;128;201;328;220;326;321
5646.0;127;202;327;220;327;321
5652.0;125;201;326;220;330;322
5658.0;124;201;327;220;330;322
5664.0;124;200;326;221;331;322
5670.0;126;199;326;222;330;321
5676.0;126;199;326;221;329;323
5682.0;126;200;326;219;329;324
5688.0;126;199;327;216;330;326
5694.0;124;199;329;216;330;326
5700.0;125;200;327;216;329;327
5706.0;127;201;325;216;329;326
5712.0;124;201;325;217;329;328
5718.0;126;202;324;215;328;329
5724.0;123;202;326;216;327;330
5730.0;123;201;326;215;331;328
5736.0;123;201;322;218;332;328
5742.0;123;201;323;219;331;327
5748.0;122;200;325;220;331;326
5754.0;121;200;327;220;330;326
5760.0;121;200;327;220;330;326
5766.0;121;201;328;218;329;327
5772.0;122;202;326;218;329;327
5778.0;123;202;327;217;327;328
5784.0;123;200;328;217;328;328
5790.0;123;198;328;220;329;326
5796.0;123;198;327;221;329;326
5802.0;124;197;328;221;329;325
5808.0;124;197;328;221;329;325
5814.0;124;197;327;223;328;325
5820.0;125;198;327;222;328;324
5826.0;125;198;327;220;330;324
5832.0;125;198;327;220;329;325
5838.0;121;198;327;222;331;325
5844.0;120;199;328;219;332;326
5850.0;120;200;327;219;331;327
5856.0;122;196;327;220;331;328
5862.0;122;197;328;219;330;328
5868.0;123;197;329;218;330;327
5874.0;122;198;330;217;330;327
5880.0;122;198;329;218;330;327
5886.0;122;198;329;218;330;327
5892.0;123;197;329;218;330;327
5898.0;126;197;326;219;329;327
5904.0;127;195;327;218;328;329
5910.0;127;195;327;218;329;328
5916.0;130;195;328;215;328;328
5922.0;130;194;326;217;327;330
5928.0;129;193;325;220;328;329
5934.0;128;193;325;220;328;330
5940.0;126;193;326;222;327;330
5946.0;125;192;326;222;329;330
5952.0;125;189;327;225;327;331
5958.0;125;190;325;225;329;330
5964.0;124;191;324;225;329;331
5970.0;125;192;325;224;328;330
5976.0;125;192;324;225;328;330
5982.0;124;191;325;226;328;330
5988.0;124;191;327;225;327;330
5994.0;124;191;326;226;327;330
6000.0;125;192;325;228;326;328
6006.0;126;191;325;228;326;328
6012.0;126;190;324;228;328;328
6018.0;126;192;323;229;326;328
6024.0;128;191;321;228;327;329
6030.0;128;193;320;227;326;330
6036.0;129;193;317;228;327;330
6042.0;129;193;318;229;327;328
6048.0;129;193;318;229;327;328
6054.0;129;193;318;229;328;327
6060.0;128;194;320;226;329;327
6066.0;123;195;322;226;330;328
6072.0;121;196;323;226;330;328
6078.0;121;198;324;225;330;326
6084.0;122;198;325;223;330;326
6090.0;122;196;328;223;329;326
6096.0;121;197;329;223;327;327
6102.0;122;197;329;223;325;328
6108.0;119;196;330;225;324;330
6114.0;119;197;330;225;325;328
6120.0;120;196;331;225;326;326
6126.0;120;196;331;223;327;327
6132.0;119;194;331;223;328;329
6138.0;119;195;329;224;327;330
6144.0;118;196;329;224;327;330
6150.0;118;196;329;224;327;330
6156.0;118;196;329;225;327;329
6162.0;115;199;329;225;327;329
6168.0;116;199;330;225;328;326
6174.0;116;200;332;224;327;325
6180.0;115;199;332;224;329;325
6186.0;115;201;332;224;329;323
6192.0;117;202;332;225;328;320
6198.0;115;203;332;226;328;320
6204.0;114;204;332;228;327;319
6210.0;113;204;331;230;327;319
6216.0;114;205;330;230;327;318
6222.0;114;205;331;230;327;317
6228.0;113;206;331;231;326;317
6234.0;112;207;332;231;327;315
6240.0;113;206;333;231;326;315
6246.0;113;207;334;231;324;315
6252.0;114;207;333;231;325;314
6258.0;115;209;333;230;325;312
6264.0;115;210;331;228;327;313
6270.0;114;211;329;228;326;316
6276.0;114;210;328;230;327;315
6282.0;115;211;327;230;327;314
6288.0;116;211;326;231;327;313
6294.0;116;211;325;232;327;313
6300.0;118;209;325;231;328;313
6306.0;118;208;325;233;327;313
6312.0;118;210;327;230;327;312
6318.0;120;209;327;230;328;310
6324.0;119;210;327;230;327;311
6330.0;119;210;326;230;327;312
6336.0;119;210;327;228;328;312
6342.0;119;208;329;228;329;311
6348.0;118;206;331;229;327;313
6354.0;118;206;332;230;326;312
6360.0;115;207;331;230;327;314
6366.0;115;206;332;229;326;316
6372.0;114;207;332;230;324;317
6378.0;114;207;333;230;324;316
6384.0;115;207;333;229;325;315
6390.0;115;208;333;228;325;315
6396.0;118;208;333;227;325;313
6402.0;119;208;333;226;325;313
6408.0;119;207;332;226;328;312
6414.0;119;207;331;226;329;312
6420.0;118;206;331;227;328;314
6426.0;120;207;330;227;327;313
6432.0;120;206;330;228;328;312
6438.0;121;207;330;227;327;312
6444.0;121;206;330;228;327;312
6450.0;121;203;330;230;327;313
6456.0;122;204;330;230;326;312
6462.0;122;204;328;230;327;313
6468.0;123;204;329;229;326;313
6474.0;123;204;330;228;327;312
6480.0;124;204;328;227;327;314
6486.0;124;203;329;227;327;314
6492.0;124;204;329;228;326;313
6498.0;123;203;331;230;325;312
6504.0;123;205;330;230;326;310
6510.0;123;205;330;230;326;310
6516.0;123;205;331;230;325;310
6522.0;123;206;330;229;326;310
6528.0;122;207;328;231;326;310
6534.0;122;206;330;231;325;310
6540.0;122;208;328;230;325;311
6546.0;122;210;328;228;325;311
6552.0;122;211;328;229;324;310
6558.0;121;210;328;229;325;311
6564.0;121;210;328;227;326;312
6570.0;121;209;329;225;328;312
6576.0;119;209;329;226;329;312
6582.0;120;208;330;227;325;314
6588.0;120;208;331;225;325;315
6594.0;120;208;330;225;325;316
6600.0;120;210;329;225;325;315
6606.0;121;209;329;225;325;315
6612.0;121;207;330;226;324;316
6618.0;122;206;329;225;325;317
6624.0;122;205;327;227;325;318
6630.0;121;205;328;226;325;319
6636.0;121;205;327;226;325;320
6642.0;121;206;327;227;322;321
6648.0;120;208;329;227;322;318
6654.0;120;209;328;227;322;318
6660.0;120;210;326;227;322;319
6666.0;121;210;326;227;321;319
6672.0;121;211;324;227;322;319
6678.0;121;212;323;227;322;319
6684.0;121;212;323;228;323;317
6690.0;121;211;322;229;323;318
6696.0;122;212;323;226;323;318
6702.0;122;212;323;227;322;318
6708.0;122;214;323;225;322;318
6714.0;122;212;325;224;323;318
6720.0;122;212;324;224;324;318
6726.0;123;212;325;223;324;317
6732.0;122;212;326;224;325;315
6738.0;122;212;326;222;326;316
6744.0;123;212;325;222;326;316
6750.0;123;212;325;222;327;315
6756.0;123;211;326;222;328;314
6762.0;123;211;326;222;328;314
6768.0;123;212;328;220;327;314
6774.0;120;213;328;222;327;314
6780.0;122;213;327;221;326;315
6786.0;122;214;326;220;326;316
6792.0;123;213;326;220;327;315
6798.0;123;214;326;219;327;315
6804.0;123;215;326;217;328;315
6810.0;123;215;325;218;328;315
6816.0;123;215;323;220;329;314
6822.0;124;215;323;219;328;315
6828.0;123;216;323;219;328;315
6834.0;124;215;324;216;329;316
6840.0;122;217;324;214;331;316
6846.0;122;217;323;216;330;316
6852.0;121;218;323;216;330;316
6858.0;121;220;323;215;329;316
6864.0;119;223;323;214;328;317
6870.0;118;222;323;215;329;317
6876.0;119;222;323;215;328;317
6882.0;119;224;323;215;327;316
6888.0;119;224;324;216;326;315
6894.0;119;223;323;219;325;315
6900.0;118;224;324;218;325;315
6906.0;116;222;326;220;324;316
6912.0;115;220;326;220;325;318
6918.0;118;219;325;220;325;317
6924.0;117;220;326;220;325;316
6930.0;118;219;327;220;324;316
6936.0;119;217;328;219;325;316
6942.0;119;217;328;219;323;318
6948.0;117;218;328;221;322;318
6954.0;118;218;328;221;322;317
6960.0;117;218;328;222;322;317
6966.0;117;217;328;223;322;317
6972.0;117;217;325;225;323;317
6978.0;116;217;324;225;324;318
6984.0;116;217;323;225;325;318
6990.0;115;217;323;223;326;320
6996.0;115;216;322;223;326;322
7002.0;115;217;322;223;326;321
7008.0;115;217;322;222;327;321
7014.0;115;216;321;223;328;321
7020.0;114;215;322;224;328;321
7026.0;114;216;323;224;326;321
7032.0;114;212;322;225;329;322
7038.0;112;213;324;225;327;323
7044.0;112;214;324;225;327;322
7050.0;112;213;324;226;325;324
7056.0;111;214;324;227;325;323
7062.0;111;214;323;229;323;324
7068.0;111;213;324;228;323;325
7074.0;111;213;324;228;323;325
7080.0;111;212;324;227;324;326
7086.0;111;213;324;226;325;325
7092.0;108;214;327;225;324;326
7098.0;108;213;327;225;325;326
7104.0;108;214;326;225;325;326
7110.0;107;214;325;226;324;328
7116.0;107;214;325;226;324;328
7122.0;106;214;327;226;324;327
7128.0;106;214;326;226;324;328
7134.0;107;215;326;226;324;326
7140.0;107;215;326;226;324;326
7146.0;108;215;325;225;325;326
7152.0;107;215;325;226;325;326
7158.0;106;216;326;226;326;324
7164.0;106;216;324;226;327;325
7170.0;106;215;324;225;329;325
7176.0;106;214;324;225;330;325
7182.0;106;214;322;225;332;325
7188.0;108;212;322;224;333;325
7194.0;109;211;322;222;334;326
7200.0;108;211;322;222;334;327
7206.0;108;213;322;221;333;327
7212.0;106;212;323;222;335;326
7218.0;106;211;323;223;335;326
7224.0;104;213;324;223;335;325
7230.0;104;212;327;221;335;325
7236.0;105;212;326;221;335;325
7242.0;103;212;326;221;336;326
7248.0;104;212;327;221;334;326
7254.0;104;212;327;221;334;326
7260.0;105;214;326;221;332;326
7266.0;105;214;326;220;333;326
7272.0;105;216;325;219;332;327
7278.0;104;216;325;220;330;329
7284.0;105;216;325;219;329;330
7290.0;104;217;325;218;330;330
7296.0;105;216;326;217;330;330
7302.0;106;214;326;218;330;330
7308.0;108;213;325;219;328;331
7314.0;107;212;326;218;330;331
7320.0;107;212;326;219;331;329
7326.0;106;211;326;220;332;329
7332.0;106;212;327;221;331;327
7338.0;106;213;326;220;332;327
7344.0;105;213;325;220;333;328
7350.0;104;215;326;220;331;328
7356.0;105;214;325;220;331;329
7362.0;105;214;325;221;331;328
7368.0;104;214;325;221;331;329
7374.0;104;214;325;221;331;329
7380.0;104;210;325;223;332;330
7386.0;103;210;325;224;333;329
7392.0;103;210;325;225;333;328
7398.0;102;209;326;225;333;329
7404.0;101;209;325;226;334;329
7410.0;99;211;325;226;334;329
7416.0;100;210;325;226;334;329
7422.0;100;210;324;225;336;329
7428.0;101;209;324;225;335;330
7434.0;100;209;324;225;336;330
7440.0;99;210;323;228;334;330
7446.0;99;210;324;226;335;330
7452.0;99;210;325;225;336;329
7458.0;100;212;322;227;336;327
7464.0;100;213;321;227;337;326
7470.0;98;214;320;229;337;326
7476.0;99;214;318;232;337;324
7482.0;99;217;317;232;336;323
7488.0;100;216;316;234;336;322
7494.0;100;216;315;234;336;323
7500.0;99;215;316;234;336;324
7506.0;99;216;315;234;336;324
7512.0;98;216;316;234;336;324
7518.0;99;215;315;234;337;324
7524.0;100;214;315;235;336;324
7530.0;100;212;314;237;336;325
7536.0;100;213;314;237;337;323
7542.0;100;214;314;237;336;323
7548.0;99;213;313;239;338;322
7554.0;99;214;314;239;338;320
7560.0;100;215;314;237;338;320
7566.0;101;214;313;237;337;322
7572.0;102;214;311;237;337;323
7578.0;103;214;313;236;338;320
7584.0;103;214;314;237;336;320
7590.0;104;213;313;238;336;320
7596.0;103;213;313;238;336;321
7602.0;103;213;313;237;337;321
7608.0;102;214;315;235;337;321
7614.0;104;215;312;235;338;320
7620.0;103;216;313;235;338;319
7626.0;101;218;313;235;339;318
7632.0;101;218;313;235;338;319
7638.0;102;216;313;235;340;318
7644.0;101;219;314;236;340;314
7650.0;101;218;313;236;341;315
7656.0;101;218;313;236;341;315
7662.0;102;220;314;235;340;313
7668.0;103;221;314;234;338;314
7674.0;102;220;314;235;337;316
7680.0;100;219;314;235;340;316
7686.0;100;219;315;234;341;315
7692.0;98;217;316;236;342;315
7698.0;98;217;316;236;342;315
7704.0;100;218;317;234;341;314
7710.0;99;219;318;234;340;314
7716.0;98;219;320;234;340;313
7722.0;98;220;322;233;339;312
7728.0;96;222;323;232;338;313
7734.0;97;221;324;233;338;311
7740.0;95;221;323;233;339;313
7746.0;95;221;322;233;339;314
7752.0;98;220;319;233;338;316
7758.0;96;223;318;235;336;316
7764.0;96;222;319;236;336;315
7770.0;97;224;318;235;335;315
7776.0;97;224;318;234;336;315
7782.0;97;225;318;233;337;314
7788.0;97;225;319;231;337;315
7794.0;97;227;318;230;336;316
7800.0;97;226;318;231;336;316
7806.0;98;225;317;232;338;314
7812.0;98;225;318;231;337;315
7818.0;98;223;319;230;338;316
7824.0;99;224;317;229;338;317
7830.0;101;225;314;228;338;318
7836.0;100;226;315;228;336;319
7842.0;100;227;314;227;337;319
7848.0;100;227;313;227;338;319
7854.0;100;227;313;227;338;319
7860.0;102;225;312;227;340;318
7866.0;103;225;314;226;339;317
7872.0;103;223;315;226;340;317
7878.0;103;224;315;225;342;315
7884.0;104;224;315;224;343;314
7890.0;104;223;314;225;344;314
7896.0;102;227;314;222;346;313
7902.0;102;228;314;222;345;313
7908.0;103;229;313;222;346;311
7914.0;102;230;313;222;347;310
7920.0;100;232;312;223;346;311
7926.0;100;232;311;223;347;311
7932.0;101;231;309;224;347;312
7938.0;101;232;309;223;346;313
7944.0;101;231;309;223;346;314
7950.0;101;230;309;224;345;315
7956.0;102;230;310;224;343;315
7962.0;103;229;309;223;344;316
7968.0;104;229;307;224;344;316
7974.0;106;228;307;223;344;316
7980.0;108;226;305;223;346;316
7986.0;107;226;306;223;345;317
7992.0;107;226;306;223;345;317
7998.0;106;227;308;222;345;316
8004.0;106;227;308;222;345;316
8010.0;106;229;308;222;344;315
8016.0;107;228;310;221;344;314
8022.0;107;228;310;221;344;314
8028.0;107;227;310;220;344;316
8034.0;107;229;311;219;343;315
8040.0;107;229;310;219;343;316
8046.0;107;228;310;221;342;316
8052.0;106;229;309;220;344;316
8058.0;108;228;309;219;344;316
8064.0;108;228;309;219;344;316
8070.0;108;228;309;219;343;317
8076.0;108;229;309;219;342;317
8082.0;107;230;310;218;342;317
8088.0;107;230;309;218;343;317
8094.0;109;230;309;219;340;317
8100.0;110;229;310;218;341;316
8106.0;109;229;310;218;343;315
8112.0;109;233;311;217;341;313
8118.0;106;234;311;219;341;313
8124.0;106;234;313;217;341;313
8130.0;106;234;314;216;340;314
8136.0;106;234;315;216;340;313
8142.0;105;236;316;214;340;313
8148.0;105;236;316;215;340;312
8154.0;107;236;315;215;340;311
8160.0;105;236;315;217;340;311
8166.0;105;236;314;218;340;311
8172.0;105;236;315;218;340;310
8178.0;104;236;315;218;341;310
8184.0;104;236;316;217;341;310
8190.0;104;238;316;216;340;310
8196.0;104;238;315;217;339;311
8202.0;106;236;314;217;339;312
8208.0;107;235;315;217;337;313
8214.0;108;236;314;218;335;313
8220.0;108;235;315;218;337;311
8226.0;108;235;315;218;337;311
8232.0;108;235;317;218;336;310
8238.0;108;235;318;217;335;311
8244.0;108;235;319;215;337;310
8250.0;108;234;317;217;337;311
8256.0;108;234;316;217;338;311
8262.0;108;234;316;216;339;311
8268.0;108;234;318;216;340;308
8274.0;110;235;317;217;339;306
8280.0;108;235;317;217;340;307
8286.0;108;235;318;218;341;304
8292.0;108;235;317;217;342;305
8298.0;109;234;317;217;343;304
8304.0;105;236;317;217;345;304
8310.0;105;238;316;216;346;303
8316.0;105;237;317;218;344;303
8322.0;103;238;321;216;344;302
8328.0;104;238;319;216;346;301
8334.0;104;239;318;215;347;301
8340.0;104;240;318;216;346;300
8346.0;105;239;318;217;346;299
8352.0;105;238;319;217;346;299
8358.0;105;239;318;217;346;299
8364.0;105;240;318;217;346;298
8370.0;103;240;318;218;348;297
8376.0;104;241;319;214;348;298
8382.0;105;241;318;215;347;298
8388.0;104;239;319;216;349;297
8394.0;104;240;320;216;348;296
8400.0;104;239;320;216;349;296
8406.0;105;239;320;217;348;295
8412.0;108;237;320;216;347;296
8418.0;108;236;321;217;347;295
8424.0;108;235;322;217;347;295
8430.0;107;236;323;217;347;294
8436.0;110;237;324;214;344;295
8442.0;112;237;322;214;344;295
8448.0;111;240;322;214;343;294
8454.0;111;239;321;218;342;293
8460.0;112;239;320;217;342;294
8466.0;114;238;319;216;341;296
8472.0;114;238;320;216;341;295
8478.0;114;239;318;216;342;295
8484.0;113;240;318;217;342;294
8490.0;111;241;320;216;342;294
8496.0;112;240;320;217;341;294
8502.0;111;240;322;217;342;292
8508.0;111;240;322;217;342;292
8514.0;110;239;321;218;342;294
8520.0;110;238;321;219;341;295
8526.0;111;238;321;218;340;296
8532.0;113;237;320;218;340;296
8538.0;114;237;320;217;340;296
8544.0;114;239;320;217;340;294
8550.0;114;239;320;217;340;294
8556.0;114;240;319;217;340;294
8562.0;112;241;320;216;339;296
8568.0;112;241;319;215;340;297
8574.0;112;241;320;214;339;298
8580.0;112;242;319;215;339;297
8586.0;110;243;316;215;342;298
8592.0;109;243;317;215;342;298
8598.0;109;244;317;215;340;299
8604.0;109;244;316;216;340;299
8610.0;108;246;316;215;339;300
8616.0;108;246;317;214;339;300
8622.0;109;247;316;213;339;300
8628.0;110;248;318;213;338;297
8634.0;110;248;319;212;338;297
8640.0;110;246;319;212;338;299
8646.0;111;246;319;212;337;299
8652.0;110;246;318;213;338;299
8658.0;110;247;317;214;337;299
8664.0;110;247;317;215;337;298
8670.0;111;247;317;215;337;297
8676.0;111;245;317;215;337;299
8682.0;109;248;315;215;336;301
8688.0;109;247;316;214;337;301
8694.0;109;246;316;215;337;301
8700.0;109;247;315;214;337;302
8706.0;109;247;314;214;337;303
8712.0;108;248;314;214;337;303
8718.0;107;247;315;215;338;302
8724.0;108;246;318;213;339;300
8730.0;108;245;320;213;338;300
8736.0;108;245;320;213;339;299
8742.0;108;244;320;214;339;299
8748.0;107;243;320;215;340;299
8754.0;106;243;321;212;342;300
8760.0;107;243;319;212;343;300
8766.0;106;244;319;213;341;301
8772.0;106;244;319;213;340;302
8778.0;106;244;319;213;340;302
8784.0;106;244;319;214;339;302
8790.0;106;244;318;212;341;303
8796.0;105;244;319;211;341;304
8802.0;105;243;319;213;341;303
8808.0;105;242;319;213;341;304
8814.0;103;242;319;213;342;305
8820.0;104;243;318;213;343;303
8826.0;105;243;318;212;343;303
8832.0;106;243;319;211;342;303
8838.0;105;243;319;212;342;303
8844.0;105;243;320;211;342;303
8850.0;107;240;321;212;341;303
8856.0;106;241;320;212;341;304
8862.0;106;241;320;211;341;305
8868.0;105;240;322;212;341;304
8874.0;104;241;323;212;341;303
8880.0;105;240;323;211;341;304
8886.0;106;242;323;211;337;305
8892.0;107;243;322;210;338;304
8898.0;108;243;322;210;339;302
8904.0;108;242;322;212;338;302
8910.0;109;242;323;212;335;303
8916.0;109;242;325;214;335;299
8922.0;107;243;325;213;336;300
8928.0;104;242;326;214;338;300
8934.0;104;239;327;216;339;299
8940.0;105;240;328;214;338;299
8946.0;105;240;328;214;339;298
8952.0;106;241;327;213;339;298
8958.0;107;240;327;215;338;297
8964.0;107;241;325;215;339;297
8970.0;106;240;326;217;338;297
8976.0;106;241;327;218;337;295
8982.0;106;240;329;217;337;295
8988.0;108;240;329;216;337;294
8994.0;107;241;330;216;336;294
9000.0;109;241;330;219;331;294
9006.0;110;242;328;220;330;294
9012.0;109;243;328;221;330;293
9018.0;109;244;328;222;328;293
9024.0;109;242;329;221;329;294
9030.0;110;242;330;221;328;293
9036.0;112;241;329;221;329;292
9042.0;111;240;331;220;330;292
9048.0;109;240;332;220;331;292
9054.0;111;241;331;221;330;290
9060.0;111;241;332;221;329;290
9066.0;110;242;333;221;328;290
9072.0;112;242;332;221;328;289
9078.0;110;242;331;223;329;289
9084.0;110;240;331;223;331;289
9090.0;109;241;332;222;331;289
9096.0;107;239;334;223;331;290
9102.0;108;239;334;225;328;290
9108.0;108;236;333;226;329;292
9114.0;108;234;333;226;330;293
9120.0;108;235;334;224;330;293
9126.0;108;236;335;225;329;291
9132.0;106;236;331;228;329;294
9138.0;108;234;331;227;330;294
9144.0;108;233;331;227;331;294
9150.0;109;232;331;227;331;294
9156.0;107;234;330;227;331;295
9162.0;108;234;329;226;331;296
9168.0;108;235;330;225;331;295
9174.0;109;234;330;226;331;294
9180.0;109;233;330;226;331;295
9186.0;109;233;332;226;329;295
9192.0;109;233;331;226;330;295
9198.0;108;235;331;227;329;294
9204.0;107;235;331;227;331;293
9210.0;106;235;332;226;331;294
9216.0;107;235;333;226;330;293
9222.0;108;231;332;228;332;293
9228.0;108;231;332;229;330;294
9234.0;107;233;331;229;330;294
9240.0;108;234;329;229;331;293
9246.0;108;234;330;229;331;292
9252.0;108;233;330;229;332;292
9258.0;108;234;331;230;330;291
9264.0;108;233;331;228;331;293
9270.0;110;234;331;226;329;294
9276.0;109;233;332;228;328;294
9282.0;112;233;333;223;328;295
9288.0;111;236;333;222;327;295
9294.0;110;236;334;222;327;295
9300.0;109;235;335;222;327;296
9306.0;106;234;338;222;328;296
9312.0;105;234;337;223;329;296
9318.0;106;234;335;224;329;296
9324.0;106;234;336;224;328;296
9330.0;106;231;338;224;329;296
9336.0;105;232;336;226;329;296
9342.0;103;233;336;227;329;296
9348.0;103;236;336;225;329;295
9354.0;105;236;336;225;328;294
9360.0;106;237;334;225;328;294
9366.0;107;234;335;225;328;295
9372.0;106;233;335;226;329;295
9378.0;108;232;331;229;329;295
9384.0;107;232;331;230;329;295
9390.0;107;231;331;231;330;294
9396.0;109;231;331;230;330;293
9402.0;107;231;333;232;328;293
9408.0;107;231;335;232;325;294
9414.0;107;230;337;233;324;293
9420.0;106;229;338;233;324;294
9426.0;106;228;339;231;325;295
9432.0;104;225;341;233;325;296
9438.0;105;225;342;233;325;294
9444.0;105;224;342;233;325;295
9450.0;104;223;344;233;325;295
9456.0;104;223;343;232;326;296
9462.0;103;224;343;233;326;295
9468.0;104;223;345;233;325;294
9474.0;105;223;346;233;323;294
9480.0;106;223;347;232;321;295
9486.0;106;223;347;232;321;295
9492.0;107;223;347;234;319;294
9498.0;108;221;346;236;319;294
9504.0;110;221;346;236;318;293
9510.0;109;223;347;234;319;292
9516.0;109;223;345;235;319;293
9522.0;108;224;345;235;319;293
9528.0;109;221;343;237;321;293
9534.0;109;220;344;237;321;293
9540.0;109;220;343;235;322;295
9546.0;109;220;342;236;321;296
9552.0;108;220;343;235;321;297
9558.0;110;221;341;235;321;296
9564.0;112;220;342;236;321;293
9570.0;112;220;341;237;321;293
9576.0;112;219;342;235;323;293
9582.0;113;217;341;235;324;294
9588.0;112;217;341;237;321;296
9594.0;113;215;340;236;324;296
9600.0;113;214;338;237;326;296
9606.0;114;213;338;237;324;298
9612.0;114;212;340;236;324;298
9618.0;113;213;342;235;324;297
9624.0;113;212;343;237;324;295
9630.0;113;212;343;236;324;296
9636.0;110;211;344;238;325;296
9642.0;111;210;344;236;326;297
9648.0;111;210;345;236;326;296
9654.0;111;210;345;235;329;294
9660.0;113;210;344;235;328;294
9666.0;111;209;344;235;331;294
9672.0;113;208;343;235;331;294
9678.0;112;208;345;235;331;293
9684.0;113;209;346;233;330;293
9690.0;113;209;345;232;332;293
9696.0;113;209;345;230;332;295
9702.0;113;212;344;228;332;295
9708.0;114;212;344;226;333;295
9714.0;113;211;344;226;334;296
9720.0;113;212;344;226;334;295
9726.0;113;212;344;226;334;295
9732.0;113;211;345;226;334;295
9738.0;112;211;346;226;335;294
9744.0;113;212;347;225;334;293
9750.0;112;212;347;226;334;293
9756.0;110;209;349;227;335;294
9762.0;111;209;348;227;334;295
9768.0;113;213;346;225;333;294
9774.0;115;214;346;224;333;292
9780.0;113;216;348;224;332;291
9786.0;113;216;349;224;332;290
9792.0;112;218;348;225;330;291
9798.0;112;220;348;222;331;291
9804.0;113;219;348;223;331;290
9810.0;113;219;349;223;329;291
9816.0;113;219;348;222;329;293
9822.0;112;219;348;222;329;294
9828.0;112;219;348;221;330;294
9834.0;114;218;347;222;330;293
9840.0;115;218;347;222;330;292
9846.0;114;219;347;222;330;292
9852.0;114;220;347;222;329;292
9858.0;114;220;347;221;329;293
9864.0;113;221;346;221;328;295
9870.0;111;221;348;220;328;296
9876.0;114;221;347;218;327;297
9882.0;115;221;348;218;326;296
9888.0;114;219;350;217;326;298
9894.0;112;216;353;218;326;299
9900.0;113;215;353;218;326;299
9906.0;113;216;352;218;327;298
9912.0;111;217;354;217;327;298
9918.0;111;219;354;217;329;294
9924.0;112;218;354;216;329;295
9930.0;112;218;354;216;330;294
9936.0;111;218;354;215;331;295
9942.0;111;218;355;214;331;295
9948.0;110;221;355;213;330;295
9954.0;109;222;354;213;331;295
9960.0;109;222;353;213;332;295
9966.0;110;222;352;211;333;296
9972.0;111;223;351;211;332;296
9978.0;112;223;349;211;332;297
9984.0;113;223;350;210;330;298
9990.0;113;223;350;211;330;297
9996.0;113;222;348;213;332;296
10002.0;114;221;347;213;332;297
10008.0;115;222;348;212;331;296
10014.0;115;223;349;211;330;296
10020.0;116;223;351;210;328;296
10026.0;117;222;353;209;327;296
10032.0;117;224;355;210;324;294
10038.0;117;225;353;209;325;295
10044.0;117;224;355;208;325;295
10050.0;117;223;356;208;326;294
10056.0;117;223;356;208;326;294
10062.0;117;225;358;208;324;292
10068.0;119;227;356;209;321;292
10074.0;116;229;355;211;321;292
10080.0;115;230;355;211;321;292
10086.0;115;229;355;211;321;293
10092.0;115;231;354;211;320;293
10098.0;115;231;353;210;321;294
10104.0;116;228;353;210;323;294
10110.0;118;227;353;210;323;293
10116.0;118;226;354;209;323;294
10122.0;119;226;356;210;321;292
10128.0;118;228;357;208;322;291
10134.0;119;227;357;208;323;290
10140.0;119;227;357;209;323;289
10146.0;119;227;357;209;321;291
10152.0;118;226;357;209;321;293
10158.0;119;225;357;209;321;293
10164.0;121;222;358;209;321;293
10170.0;121;223;355;210;321;294
10176.0;121;223;355;210;321;294
10182.0;124;221;354;211;320;294
10188.0;126;219;354;210;320;295
10194.0;126;219;354;210;320;295
10200.0;126;219;354;210;320;295
10206.0;126;220;354;210;320;294
10212.0;126;220;354;210;320;294
10218.0;126;221;355;210;317;295
10224.0;127;220;355;210;317;295
10230.0;128;220;355;210;316;295
10236.0;128;220;353;212;316;295
10242.0;128;219;353;213;316;295
10248.0;128;219;354;212;316;295
10254.0;129;219;353;212;317;294
10260.0;131;220;352;211;316;294
10266.0;131;221;351;211;316;294
10272.0;134;220;351;211;315;293
10278.0;135;216;352;211;315;295
10284.0;134;216;353;208;318;295
10290.0;133;216;354;208;319;294
10296.0;133;216;355;207;319;294
10302.0;132;214;356;208;319;295
10308.0;132;214;357;208;318;295
10314.0;132;213;358;208;318;295
10320.0;131;212;360;208;318;295
10326.0;131;213;360;207;317;296
10332.0;129;214;360;207;319;295
10338.0;129;213;361;206;319;296
10344.0;130;213;361;206;318;296
10350.0;129;210;364;207;317;297
10356.0;130;209;363;208;316;298
10362.0;131;210;363;209;316;295
10368.0;131;207;363;211;319;293
10374.0;131;208;362;211;317;295
10380.0;130;208;364;210;318;294
10386.0;130;209;364;211;317;293
10392.0;130;209;364;211;317;293
10398.0;130;210;363;210;318;293
10404.0;130;208;365;211;318;292
10410.0;130;207;367;211;318;291
10416.0;130;208;367;213;316;290
10422.0;130;208;366;212;317;291
10428.0;129;210;367;213;316;289
10434.0;129;211;369;214;314;287
10440.0;129;211;369;215;312;288
10446.0;128;211;369;216;312;288
10452.0;128;212;367;218;310;289
10458.0;127;212;367;218;310;290
10464.0;126;213;367;218;311;289
10470.0;125;213;367;216;313;290
10476.0;126;213;364;216;312;293
10482.0;125;213;365;216;313;292
10488.0;126;214;364;216;313;291
10494.0;125;214;366;215;313;291
10500.0;124;214;365;214;314;293
10506.0;124;215;365;213;315;292
10512.0;124;216;363;214;316;291
10518.0;123;216;364;213;316;292
10524.0;122;216;364;213;316;293
10530.0;121;216;364;212;316;295
10536.0;122;216;363;214;316;293
10542.0;122;217;363;212;316;294
10548.0;124;214;364;212;313;297
10554.0;122;214;364;213;313;298
10560.0;121;214;365;213;313;298
10566.0;122;213;365;213;313;298
10572.0;123;211;365;212;314;299
10578.0;123;208;364;213;315;301
10584.0;123;207;364;215;314;301
10590.0;124;207;363;216;314;300
10596.0;125;205;363;216;314;301
10602.0;128;204;361;217;313;301
10608.0;127;205;360;217;315;300
10614.0;126;206;359;217;316;300
10620.0;129;204;359;217;315;300
10626.0;129;204;359;217;315;300
10632.0;129;204;357;218;315;301
10638.0;129;205;359;217;312;302
10644.0;129;203;361;217;312;302
10650.0;128;205;362;215;312;302
10656.0;127;208;363;214;310;302
10662.0;128;209;363;214;308;302
10668.0;129;209;363;212;309;302
10674.0;129;209;364;212;307;303
10680.0;132;210;363;210;305;304
10686.0;133;209;361;210;307;304
10692.0;132;209;361;212;306;304
10698.0;131;209;362;212;306;304
10704.0;132;207;361;212;307;305
10710.0;133;206;360;213;307;305
10716.0;132;207;359;213;307;306
10722.0;131;206;360;214;308;305
10728.0;130;207;359;213;308;307
10734.0;129;209;360;210;310;306
10740.0;130;209;362;209;308;306
10746.0;131;209;362;209;306;307
10752.0;132;209;361;209;304;309
10758.0;131;209;362;209;304;309
10764.0;131;211;362;208;304;308
10770.0;130;211;362;208;305;308
10776.0;131;209;363;209;304;308
10782.0;130;210;364;208;306;306
10788.0;128;212;363;207;306;308
10794.0;129;212;362;208;305;308
