#auto generated file!
12.0;225;210;188;189;189;217
18.0;221;208;190;190;190;219
24.0;222;209;188;190;190;219
30.0;220;210;188;190;191;219
36.0;220;208;188;191;191;220
42.0;219;210;187;190;193;219
48.0;219;211;186;189;194;219
54.0;220;211;187;189;193;218
60.0;217;212;187;189;193;220
66.0;219;211;187;189;193;219
72.0;218;211;187;190;193;219
78.0;218;210;188;190;192;220
84.0;218;210;185;192;192;221
90.0;218;209;185;192;192;222
96.0;218;208;185;193;192;222
102.0;218;208;187;190;193;222
108.0;218;210;186;188;193;223
114.0;217;210;186;189;193;223
120.0;218;212;189;189;190;220
126.0;219;211;188;190;190;220
132.0;220;211;188;191;188;220
138.0;219;210;187;191;190;221
144.0;220;210;188;189;189;222
150.0;219;210;188;189;191;221
156.0;216;210;188;191;191;222
162.0;217;210;188;189;192;222
168.0;216;210;188;190;192;222
174.0;216;210;188;190;192;222
180.0;215;210;187;192;192;222
186.0;216;208;188;193;191;222
192.0;216;208;187;192;190;225
198.0;216;208;187;192;189;226
204.0;214;207;189;192;189;227
210.0;213;206;189;193;190;227
216.0;211;206;190;194;189;228
222.0;209;204;191;196;189;229
228.0;210;204;191;195;190;228
234.0;207;205;192;195;191;228
240.0;208;204;192;196;192;226
246.0;209;203;192;196;192;226
252.0;209;204;193;196;191;225
258.0;210;204;192;196;191;225
264.0;209;205;193;194;191;226
270.0;208;207;192;193;192;226
276.0;208;207;191;193;193;226
282.0;207;206;191;194;194;226
288.0;207;206;191;193;192;229
294.0;205;205;192;192;193;231
300.0;205;206;192;192;192;231
306.0;204;206;192;193;192;231
312.0;201;208;193;193;193;230
318.0;201;206;195;193;193;230
324.0;203;205;194;191;195;230
330.0;203;206;194;191;194;230
336.0;203;204;194;192;195;230
342.0;202;203;195;192;196;230
348.0;201;203;195;192;197;230
354.0;201;202;196;193;197;229
360.0;200;202;196;192;198;230
366.0;200;203;195;192;197;231
372.0;200;202;195;192;197;232
378.0;199;200;196;193;196;234
384.0;198;200;196;192;198;234
390.0;198;199;197;192;198;234
396.0;195;199;197;194;199;234
402.0;194;198;197;194;199;236
408.0;194;199;199;194;198;234
414.0;195;199;198;193;198;235
420.0;196;198;199;192;198;235
426.0;197;197;199;193;198;234
432.0;197;196;199;193;199;234
438.0;198;198;199;192;196;235
444.0;199;197;199;192;196;235
450.0;198;197;199;192;196;236
456.0;198;196;201;192;195;236
462.0;197;197;201;191;195;237
468.0;200;195;201;190;196;236
474.0;200;194;199;190;198;237
480.0;199;194;199;191;200;235
486.0;198;195;199;191;200;235
492.0;198;195;201;191;200;233
498.0;198;195;202;189;202;232
504.0;199;196;202;189;202;230
510.0;200;195;203;186;203;231
516.0;199;193;203;189;203;231
522.0;196;196;204;191;201;230
528.0;197;197;203;190;201;230
534.0;197;197;203;189;201;231
540.0;196;195;204;189;201;233
546.0;196;195;204;189;201;233
552.0;195;195;206;189;201;232
558.0;191;195;206;188;205;233
564.0;190;195;209;188;203;233
570.0;191;195;209;188;203;232
576.0;190;195;209;189;202;233
582.0;189;195;209;188;203;234
588.0;188;195;209;189;203;234
594.0;188;195;209;189;203;234
600.0;189;194;209;188;204;234
606.0;189;194;210;188;204;233
612.0;189;194;210;189;205;231
618.0;187;195;213;188;204;231
624.0;187;193;212;189;205;232
630.0;187;194;213;187;205;232
636.0;186;194;214;188;204;232
642.0;186;193;215;187;205;232
648.0;186;193;216;186;205;232
654.0;184;193;216;187;204;234
660.0;184;193;216;187;204;234
666.0;183;194;216;187;204;234
672.0;182;195;215;188;204;234
678.0;181;196;216;187;204;234
684.0;178;197;216;186;206;235
690.0;178;197;216;186;206;235
696.0;180;200;215;184;204;235
702.0;181;202;212;184;204;235
708.0;181;200;212;185;204;236
714.0;182;198;212;185;204;237
720.0;181;198;211;185;205;238
726.0;180;196;211;188;205;238
732.0;180;195;211;189;205;238
738.0;179;195;211;191;204;238
744.0;179;197;211;189;204;238
750.0;179;198;211;187;204;239
756.0;178;199;210;187;205;239
762.0;176;202;212;186;204;238
768.0;174;202;212;189;202;239
774.0;173;200;211;190;205;239
780.0;171;200;211;190;206;240
786.0;169;200;211;192;206;240
792.0;168;201;209;193;205;242
798.0;169;200;209;193;205;242
804.0;169;200;208;193;206;242
810.0;170;199;208;193;207;241
816.0;170;198;208;193;206;243
822.0;171;198;207;192;207;243
828.0;171;197;207;192;207;244
834.0;172;195;207;192;208;244
840.0;172;197;207;193;207;242
846.0;172;198;207;192;207;242
852.0;172;199;206;192;207;242
858.0;172;198;205;192;206;245
864.0;172;197;204;192;207;246
870.0;171;197;204;194;206;246
876.0;171;196;205;194;206;246
882.0;172;190;209;194;207;246
888.0;172;190;210;195;206;245
894.0;171;190;210;197;206;244
900.0;171;190;210;197;205;245
906.0;173;190;211;197;205;242
912.0;173;189;212;198;206;240
918.0;172;189;212;198;207;240
924.0;172;190;212;197;208;239
930.0;172;190;212;197;209;238
936.0;169;191;212;197;210;239
942.0;169;190;213;197;211;238
948.0;169;190;213;196;211;239
954.0;170;190;216;195;211;236
960.0;169;190;215;197;210;237
966.0;170;188;215;198;209;238
972.0;170;188;215;197;209;239
978.0;171;189;215;196;208;239
984.0;170;190;215;196;207;240
990.0;169;191;216;197;206;239
996.0;170;191;217;196;205;239
1002.0;168;192;217;196;206;239
1008.0;169;189;217;197;206;240
1014.0;168;189;217;197;206;241
1020.0;168;189;218;196;206;241
1026.0;167;188;219;197;206;241
1032.0;167;186;219;196;207;243
1038.0;167;189;219;195;206;242
1044.0;168;189;219;196;204;242
1050.0;167;190;219;195;205;242
1056.0;167;190;219;195;207;240
1062.0;166;189;219;195;208;241
1068.0;163;189;221;195;210;240
1074.0;163;190;220;193;211;241
1080.0;162;190;221;193;210;242
1086.0;163;190;221;192;211;241
1092.0;163;191;221;192;211;240
1098.0;164;189;221;191;213;240
1104.0;164;189;220;191;214;240
1110.0;164;188;220;190;215;241
1116.0;164;187;219;192;215;241
1122.0;164;185;219;193;215;242
1128.0;161;187;219;192;214;245
1134.0;163;186;222;189;215;243
1140.0;163;187;222;188;215;243
1146.0;162;188;223;187;215;243
1152.0;162;189;223;187;215;242
1158.0;162;189;223;187;214;243
1164.0;162;188;222;188;214;244
1170.0;161;187;221;189;214;246
1176.0;161;188;221;189;213;246
1182.0;159;188;223;188;214;246
1188.0;161;190;222;188;212;245
1194.0;161;190;222;188;213;244
1200.0;161;190;220;188;215;244
1206.0;158;191;221;188;215;245
1212.0;158;191;221;188;215;245
1218.0;159;194;221;186;215;243
1224.0;159;194;221;186;215;243
1230.0;160;194;221;187;214;242
1236.0;160;194;220;187;214;243
1242.0;158;195;220;188;214;243
1248.0;158;194;220;189;215;242
1254.0;158;193;220;190;215;242
1260.0;158;192;220;190;215;243
1266.0;158;191;221;188;216;244
1272.0;157;191;221;188;217;244
1278.0;153;193;220;189;220;243
1284.0;154;194;219;187;220;244
1290.0;153;194;219;189;220;243
1296.0;152;193;220;190;220;243
1302.0;151;193;220;191;221;242
1308.0;150;193;219;191;222;243
1314.0;148;194;220;191;223;242
1320.0;148;195;220;192;221;242
1326.0;150;195;217;193;220;243
1332.0;150;194;219;192;219;244
1338.0;148;194;219;192;221;244
1344.0;146;194;218;192;223;245
1350.0;146;194;218;192;223;245
1356.0;145;195;218;194;221;245
1362.0;145;195;218;194;222;244
1368.0;145;195;217;194;222;245
1374.0;146;194;217;194;222;245
1380.0;145;194;219;193;223;244
1386.0;146;196;219;193;221;243
1392.0;144;196;219;196;220;243
1398.0;143;196;219;195;220;245
1404.0;142;196;222;195;220;243
1410.0;142;196;222;195;220;243
1416.0;142;195;221;196;220;244
1422.0;142;196;220;196;220;244
1428.0;142;196;220;196;220;244
1434.0;144;196;219;196;220;243
1440.0;143;196;219;197;220;243
1446.0;141;195;217;197;222;246
1452.0;141;196;217;197;222;245
1458.0;140;196;218;198;221;245
1464.0;141;197;218;199;220;243
1470.0;140;197;218;200;220;243
1476.0;141;199;218;198;220;242
1482.0;141;198;218;199;220;242
1488.0;142;196;219;200;219;242
1494.0;141;196;219;201;220;241
1500.0;142;196;220;201;219;240
1506.0;142;196;220;200;220;240
1512.0;143;196;219;198;221;241
1518.0;142;196;220;197;221;242
1524.0;141;197;219;198;221;242
1530.0;144;197;218;197;220;242
1536.0;144;195;219;197;221;242
1542.0;144;196;218;196;221;243
1548.0;144;196;218;196;221;243
1554.0;144;198;218;196;222;240
1560.0;144;198;218;196;222;240
1566.0;144;198;218;196;221;241
1572.0;143;200;217;195;221;242
1578.0;142;200;215;194;223;244
1584.0;140;200;215;195;224;244
1590.0;140;200;216;193;224;245
1596.0;139;199;217;193;225;245
1602.0;138;198;217;193;227;245
1608.0;139;197;218;193;226;245
1614.0;139;199;218;193;225;244
1620.0;139;199;218;193;225;244
1626.0;139;200;218;190;227;244
1632.0;138;199;220;190;228;243
1638.0;136;200;220;190;229;243
1644.0;134;200;220;192;229;243
1650.0;135;199;219;193;228;244
1656.0;135;197;219;195;227;245
1662.0;134;197;220;194;227;246
1668.0;133;196;220;195;227;247
1674.0;132;196;220;195;228;247
1680.0;133;196;220;194;229;246
1686.0;133;196;219;194;230;246
1692.0;133;197;218;194;230;246
1698.0;135;197;217;193;231;245
1704.0;133;199;217;194;230;245
1710.0;133;199;217;195;229;245
1716.0;133;198;217;195;230;245
1722.0;134;199;217;194;229;245
1728.0;134;198;217;195;229;245
1734.0;133;198;217;196;230;244
1740.0;134;199;217;196;229;243
1746.0;135;199;218;195;228;243
1752.0;135;198;218;195;228;244
1758.0;133;199;218;194;228;246
1764.0;133;199;218;194;229;245
1770.0;134;198;217;194;230;245
1776.0;134;198;217;194;231;244
1782.0;133;198;217;194;232;244
1788.0;131;198;217;194;232;246
1794.0;131;198;217;194;232;246
1800.0;131;198;217;194;232;246
1806.0;131;198;216;195;232;246
1812.0;133;197;214;195;233;246
1818.0;133;197;213;196;233;246
1824.0;133;198;214;195;233;245
1830.0;131;199;213;195;234;246
1836.0;131;199;214;194;235;245
1842.0;131;200;214;193;235;245
1848.0;132;201;214;193;233;245
1854.0;133;199;214;193;233;246
1860.0;130;199;214;193;234;248
1866.0;131;198;213;194;234;248
1872.0;131;199;212;195;234;247
1878.0;131;197;212;197;234;247
1884.0;130;196;209;198;236;249
1890.0;130;196;209;198;235;250
1896.0;130;196;210;198;235;249
1902.0;131;196;212;197;233;249
1908.0;132;197;211;197;232;249
1914.0;130;197;211;199;232;249
1920.0;130;199;212;197;232;248
1926.0;130;199;211;198;232;248
1932.0;130;199;212;197;232;248
1938.0;130;199;213;196;232;248
1944.0;130;199;212;196;231;250
1950.0;129;198;213;197;231;250
1956.0;130;198;213;198;230;249
1962.0;129;199;211;200;230;249
1968.0;129;199;211;201;229;249
1974.0;128;197;212;201;231;249
1980.0;128;198;213;201;229;249
1986.0;128;197;214;201;230;248
1992.0;128;197;214;202;230;247
1998.0;128;196;214;202;229;249
2004.0;126;199;214;200;230;249
2010.0;126;199;214;200;230;249
2016.0;125;201;213;201;229;249
2022.0;126;202;213;198;229;250
2028.0;125;202;212;198;230;251
2034.0;124;202;210;199;233;250
2040.0;124;202;211;200;232;249
2046.0;124;202;210;199;233;250
2052.0;124;202;209;199;233;251
2058.0;124;201;209;199;234;251
2064.0;124;201;209;200;235;249
2070.0;125;200;209;200;234;250
2076.0;124;199;209;199;235;252
2082.0;123;197;210;199;236;253
2088.0;122;196;210;201;237;252
2094.0;122;196;211;202;237;250
2100.0;123;196;211;202;238;248
2106.0;123;195;210;203;238;249
2112.0;124;195;210;203;237;249
2118.0;123;196;210;205;236;248
2124.0;123;196;209;206;236;248
2130.0;120;196;208;207;238;249
2136.0;120;195;208;208;239;248
2142.0;120;194;209;207;240;248
2148.0;119;196;208;208;240;247
2154.0;119;197;207;208;240;247
2160.0;118;197;207;209;241;246
2166.0;116;197;207;211;241;246
2172.0;116;196;207;212;240;247
2178.0;115;196;208;211;240;248
2184.0;116;196;208;211;239;248
2190.0;118;197;207;210;239;247
2196.0;119;195;210;209;238;247
2202.0;119;196;210;208;238;247
2208.0;119;196;210;208;238;247
2214.0;120;194;211;207;240;246
2220.0;121;194;212;205;240;246
2226.0;121;193;212;205;242;245
2232.0;121;193;212;205;242;245
2238.0;120;192;215;205;241;245
2244.0;119;195;214;204;241;245
2250.0;119;193;213;204;244;245
2256.0;119;194;212;204;244;245
2262.0;118;193;214;202;246;245
2268.0;118;194;213;203;245;245
2274.0;119;195;211;202;245;246
2280.0;118;194;211;203;247;245
2286.0;118;194;211;203;247;245
2292.0;118;196;210;202;248;244
2298.0;120;196;210;201;248;243
2304.0;120;198;209;201;248;242
2310.0;120;198;209;201;249;241
2316.0;116;198;210;201;252;241
2322.0;116;198;211;201;251;241
2328.0;116;197;210;201;253;241
2334.0;117;196;211;200;254;240
2340.0;117;194;211;198;255;243
2346.0;117;194;211;198;255;243
2352.0;117;194;211;199;256;241
2358.0;115;194;211;199;257;242
2364.0;117;194;211;200;255;241
2370.0;117;193;211;198;256;243
2376.0;117;192;212;198;256;243
2382.0;116;192;214;198;256;242
2388.0;117;190;214;200;255;242
2394.0;116;189;214;201;256;242
2400.0;116;188;214;202;256;242
2406.0;116;188;215;202;256;241
2412.0;116;189;216;199;255;243
2418.0;117;188;213;201;255;244
2424.0;118;187;213;201;254;245
2430.0;116;189;213;201;255;244
2436.0;119;187;213;201;253;245
2442.0;120;187;213;201;252;245
2448.0;121;187;213;200;252;245
2454.0;120;188;212;200;253;245
2460.0;118;188;212;201;255;244
2466.0;119;187;213;199;255;245
2472.0;120;186;214;199;256;243
2478.0;122;187;213;199;256;241
2484.0;123;186;212;199;256;242
2490.0;123;186;212;199;256;242
2496.0;123;186;212;199;256;242
2502.0;121;188;210;201;256;242
2508.0;122;187;209;202;257;241
2514.0;123;185;209;203;257;241
2520.0;124;185;209;203;258;239
2526.0;122;186;210;201;260;239
2532.0;122;186;210;200;263;237
2538.0;125;183;210;200;262;238
2544.0;125;183;211;200;262;237
2550.0;125;184;211;199;262;237
2556.0;123;184;214;198;263;236
2562.0;122;186;214;194;264;238
2568.0;122;186;214;196;260;240
2574.0;124;185;214;195;261;239
2580.0;123;184;214;196;261;240
2586.0;123;184;214;195;263;239
2592.0;122;184;213;194;263;242
2598.0;122;184;213;194;263;242
2604.0;122;183;214;196;263;240
2610.0;122;182;214;198;262;240
2616.0;122;181;215;199;262;239
2622.0;122;181;215;196;263;241
2628.0;120;181;216;197;263;241
2634.0;121;181;214;197;266;239
2640.0;120;183;212;198;265;240
2646.0;120;183;212;198;266;239
2652.0;119;183;212;198;267;239
2658.0;120;184;213;196;268;237
2664.0;118;184;214;197;268;237
2670.0;118;184;214;197;267;238
2676.0;118;184;214;197;267;238
2682.0;119;184;213;197;267;238
2688.0;121;183;212;196;268;238
2694.0;120;183;212;196;271;236
2700.0;119;183;212;197;271;236
2706.0;118;183;213;197;270;237
2712.0;118;182;215;197;269;237
2718.0;118;184;217;195;268;236
2724.0;117;184;217;195;268;237
2730.0;116;186;216;193;270;237
2736.0;115;187;217;192;269;238
2742.0;116;185;217;192;268;240
2748.0;117;186;216;192;267;240
2754.0;116;186;217;193;266;240
2760.0;116;186;217;194;265;240
2766.0;116;186;218;194;264;240
2772.0;116;187;218;192;265;240
2778.0;117;187;218;190;267;239
2784.0;117;185;218;191;268;239
2790.0;117;186;218;190;268;239
2796.0;117;187;218;189;268;239
2802.0;115;189;219;189;268;238
2808.0;115;189;219;189;268;238
2814.0;114;190;218;188;268;240
2820.0;114;190;219;187;269;239
2826.0;115;191;219;187;268;238
2832.0;115;189;219;189;266;240
2838.0;117;189;219;189;262;242
2844.0;116;189;221;189;261;242
2850.0;117;189;221;189;260;242
2856.0;116;189;223;188;260;242
2862.0;114;189;224;187;261;243
2868.0;115;188;224;187;262;242
2874.0;117;188;222;187;261;243
2880.0;118;189;221;189;259;242
2886.0;118;190;222;189;257;242
2892.0;118;191;221;190;257;241
2898.0;119;190;222;189;257;241
2904.0;118;191;223;188;257;241
2910.0;118;191;223;189;257;240
2916.0;119;193;223;188;257;238
2922.0;117;192;224;189;258;238
2928.0;118;194;224;188;257;237
2934.0;117;194;224;190;256;237
2940.0;117;194;225;188;258;236
2946.0;116;192;224;189;259;238
2952.0;116;191;225;189;260;237
2958.0;115;191;225;189;261;237
2964.0;115;191;227;188;260;237
2970.0;114;192;227;189;259;237
2976.0;116;192;227;189;257;237
2982.0;116;192;227;189;257;237
2988.0;116;193;225;188;257;239
2994.0;117;193;222;187;256;243
3000.0;117;194;222;188;255;242
3006.0;117;193;221;189;256;242
3012.0;114;196;219;189;257;243
3018.0;117;194;218;188;257;244
3024.0;116;195;218;189;256;244
3030.0;116;194;218;190;257;243
3036.0;117;194;217;191;256;243
3042.0;118;193;216;191;256;244
3048.0;118;193;216;191;256;244
3054.0;118;192;217;190;256;245
3060.0;118;192;217;190;256;245
3066.0;116;192;218;190;256;246
3072.0;116;192;218;190;256;246
3078.0;114;193;218;191;256;246
3084.0;113;193;218;191;257;246
3090.0;111;193;219;191;258;246
3096.0;109;193;219;192;259;246
3102.0;109;192;219;193;259;246
3108.0;113;192;215;193;259;246
3114.0;113;193;215;193;259;245
3120.0;114;193;215;193;258;245
3126.0;114;192;215;193;258;246
3132.0;114;193;217;193;257;244
3138.0;114;192;215;195;257;245
3144.0;115;191;216;195;254;247
3150.0;115;190;216;197;251;249
3156.0;116;190;218;197;250;247
3162.0;116;190;217;197;251;247
3168.0;115;189;217;198;252;247
3174.0;114;189;217;200;249;249
3180.0;114;190;217;201;249;247
3186.0;113;190;217;202;249;247
3192.0;111;193;216;203;248;247
3198.0;111;193;216;203;248;247
3204.0;109;193;217;203;249;247
3210.0;107;193;217;204;250;247
3216.0;108;193;217;204;250;246
3222.0;108;193;217;204;250;246
3228.0;107;194;217;204;250;246
3234.0;106;195;216;205;250;246
3240.0;107;195;216;205;249;246
3246.0;107;196;215;204;250;246
3252.0;107;196;215;204;252;244
3258.0;107;195;214;202;254;246
3264.0;107;195;213;202;254;247
3270.0;106;194;212;202;257;247
3276.0;108;194;210;201;258;247
3282.0;107;195;209;200;259;248
3288.0;110;195;206;200;259;248
3294.0;110;194;207;201;258;248
3300.0;110;194;207;201;258;248
3306.0;111;193;207;201;257;249
3312.0;112;192;207;201;257;249
3318.0;111;194;206;200;258;249
3324.0;112;193;206;200;260;247
3330.0;112;191;205;200;262;248
3336.0;112;191;205;200;261;249
3342.0;112;190;204;201;261;250
3348.0;113;190;203;202;260;250
3354.0;114;189;205;201;259;250
3360.0;114;189;205;200;261;249
3366.0;113;187;206;202;262;248
3372.0;113;188;207;202;260;248
3378.0;113;188;207;202;261;247
3384.0;114;187;207;203;261;246
3390.0;115;187;208;203;261;244
3396.0;116;188;209;203;259;243
3402.0;113;189;210;203;259;244
3408.0;113;190;209;204;259;243
3414.0;116;188;208;204;260;242
3420.0;116;188;207;205;260;242
3426.0;116;189;206;205;259;243
3432.0;117;187;205;206;260;243
3438.0;116;186;205;206;260;245
3444.0;115;186;205;206;260;246
3450.0;113;186;207;207;261;244
3456.0;111;185;207;209;262;244
3462.0;110;184;209;210;262;243
3468.0;110;185;210;208;260;245
3474.0;109;185;210;208;261;245
3480.0;109;186;209;209;261;244
3486.0;108;185;209;211;261;244
3492.0;108;185;208;212;261;244
3498.0;107;185;208;212;261;245
3504.0;107;185;208;212;261;245
3510.0;107;187;206;210;263;245
3516.0;109;186;205;211;263;244
3522.0;109;186;205;210;263;245
3528.0;108;183;204;214;262;247
3534.0;109;183;203;215;261;247
3540.0;110;182;205;214;260;247
3546.0;110;182;206;214;259;247
3552.0;111;183;205;214;258;247
3558.0;111;182;205;215;258;247
3564.0;112;181;205;215;258;247
3570.0;111;180;208;215;257;247
3576.0;109;180;209;214;259;247
3582.0;108;178;209;214;260;249
3588.0;107;178;208;217;259;249
3594.0;104;179;207;219;261;248
3600.0;103;180;206;221;260;248
3606.0;103;181;206;221;259;248
3612.0;103;180;207;221;259;248
3618.0;103;180;207;221;259;248
3624.0;103;179;207;221;259;249
3630.0;101;179;208;222;260;248
3636.0;103;179;207;221;261;247
3642.0;103;179;207;221;261;247
3648.0;104;178;207;221;262;246
3654.0;104;177;206;222;262;247
3660.0;103;177;205;225;261;247
3666.0;100;177;205;227;261;248
3672.0;100;176;205;227;263;247
3678.0;100;175;205;227;264;247
3684.0;100;175;206;228;263;246
3690.0;100;175;206;227;264;246
3696.0;100;175;205;227;265;246
3702.0;101;175;205;227;265;245
3708.0;102;174;203;229;265;245
3714.0;102;173;204;227;266;246
3720.0;102;174;204;227;266;245
3726.0;102;174;204;227;266;245
3732.0;100;175;206;226;267;244
3738.0;98;176;204;228;267;245
3744.0;98;176;204;229;266;245
3750.0;99;177;205;227;265;245
3756.0;98;177;205;227;265;246
3762.0;96;177;206;227;267;245
3768.0;97;176;205;227;267;246
3774.0;97;177;204;227;267;246
3780.0;96;175;205;227;267;248
3786.0;96;177;206;225;266;248
3792.0;94;177;207;224;266;250
3798.0;94;177;208;224;265;250
3804.0;91;179;210;224;264;250
3810.0;92;179;210;223;264;250
3816.0;92;179;210;222;264;251
3822.0;92;179;209;222;264;252
3828.0;93;179;209;221;264;252
3834.0;93;179;209;221;264;252
3840.0;92;179;211;221;263;252
3846.0;93;178;212;221;262;252
3852.0;93;178;211;221;262;253
3858.0;94;178;210;220;263;253
3864.0;93;179;210;220;263;253
3870.0;91;182;212;218;263;252
3876.0;89;182;212;218;264;253
3882.0;90;182;212;219;262;253
3888.0;90;182;211;218;266;251
3894.0;89;182;211;219;266;251
3900.0;90;182;211;220;264;251
3906.0;89;181;211;221;265;251
3912.0;91;181;211;219;264;252
3918.0;91;179;211;221;263;253
3924.0;91;177;211;221;263;255
3930.0;90;178;211;220;264;255
3936.0;90;178;211;220;263;256
3942.0;90;178;211;219;263;257
3948.0;88;179;211;219;264;257
3954.0;88;179;210;222;264;255
3960.0;88;179;210;221;264;256
3966.0;88;177;211;222;265;255
3972.0;89;177;210;222;265;255
3978.0;88;177;209;222;266;256
3984.0;88;177;209;224;267;253
3990.0;88;178;209;224;266;253
3996.0;88;179;209;223;266;253
4002.0;88;180;208;224;265;253
4008.0;86;178;212;224;265;253
4014.0;85;177;213;225;265;253
4020.0;86;176;217;224;262;253
4026.0;86;175;216;224;263;254
4032.0;85;176;215;224;264;254
4038.0;85;177;216;223;264;253
4044.0;85;178;216;222;264;253
4050.0;85;178;214;223;265;253
4056.0;86;176;215;222;266;253
4062.0;87;176;214;222;265;254
4068.0;86;175;214;223;266;254
4074.0;86;175;215;223;267;252
4080.0;87;177;214;221;267;252
4086.0;87;177;214;221;267;252
4092.0;90;177;212;219;267;253
4098.0;90;177;212;218;267;254
4104.0;90;177;212;220;265;254
4110.0;90;175;212;220;267;254
4116.0;90;175;212;220;267;254
4122.0;89;175;213;221;266;254
4128.0;88;175;214;220;267;254
4134.0;89;174;213;219;269;254
4140.0;90;174;215;219;268;252
4146.0;90;174;215;220;268;251
4152.0;89;174;214;220;269;252
4158.0;89;175;215;221;269;249
4164.0;87;175;215;221;270;250
4170.0;89;174;216;221;270;248
4176.0;89;175;215;221;270;248
4182.0;90;175;215;220;270;248
4188.0;90;174;214;222;270;248
4194.0;90;173;216;221;270;248
4200.0;90;172;216;222;269;249
4206.0;90;172;216;222;269;249
4212.0;88;173;216;223;267;251
4218.0;87;173;216;223;267;252
4224.0;87;172;216;225;267;251
4230.0;87;174;215;226;265;251
4236.0;88;174;215;224;265;252
4242.0;88;175;217;222;264;252
4248.0;88;174;218;221;264;253
4254.0;89;174;218;221;262;254
4260.0;89;174;219;221;261;254
4266.0;89;174;220;220;262;253
4272.0;88;178;221;219;261;251
4278.0;89;178;220;218;261;252
4284.0;87;180;220;218;261;252
4290.0;86;181;220;219;261;251
4296.0;85;181;221;219;260;252
4302.0;84;180;221;218;261;254
4308.0;84;180;221;217;261;255
4314.0;83;180;221;215;263;256
4320.0;83;179;220;215;263;258
4326.0;85;178;220;216;263;256
4332.0;85;178;221;214;264;256
4338.0;86;177;222;214;264;255
4344.0;88;177;222;213;263;255
4350.0;87;179;223;213;261;255
4356.0;86;179;224;211;261;257
4362.0;85;179;224;212;261;257
4368.0;87;179;225;211;260;256
4374.0;89;182;224;210;258;255
4380.0;90;183;224;209;257;255
4386.0;90;183;225;207;259;254
4392.0;90;183;225;207;261;252
4398.0;88;182;227;208;261;252
4404.0;88;182;227;208;261;252
4410.0;88;183;225;208;261;253
4416.0;87;182;224;207;264;254
4422.0;87;182;224;207;264;254
4428.0;87;183;224;207;263;254
4434.0;87;184;226;204;263;254
4440.0;88;184;227;203;262;254
4446.0;87;184;227;205;262;253
4452.0;89;183;228;205;264;249
4458.0;90;181;228;205;266;248
4464.0;91;180;228;205;267;247
4470.0;93;180;227;204;266;248
4476.0;93;180;227;204;266;248
4482.0;95;181;225;204;265;248
4488.0;97;180;226;203;264;248
4494.0;97;180;227;203;264;247
4500.0;97;180;225;205;264;247
4506.0;98;180;225;205;263;247
4512.0;97;180;226;204;263;248
4518.0;99;175;226;204;264;250
4524.0;99;176;226;203;264;250
4530.0;100;175;227;204;262;250
4536.0;102;173;228;202;263;250
4542.0;102;174;228;201;261;252
4548.0;102;175;228;200;261;252
4554.0;102;175;228;200;262;251
4560.0;102;173;231;199;262;251
4566.0;100;173;233;198;262;252
4572.0;100;173;231;198;264;252
4578.0;100;173;231;199;264;251
4584.0;100;173;231;199;265;250
4590.0;99;173;232;200;264;250
4596.0;100;172;233;200;265;248
4602.0;100;172;234;200;266;246
4608.0;98;172;237;201;264;246
4614.0;98;172;237;201;264;246
4620.0;99;173;236;201;265;244
4626.0;100;172;236;201;264;245
4632.0;100;172;236;203;263;244
4638.0;101;170;236;204;261;246
4644.0;101;171;235;204;262;245
4650.0;100;171;234;203;266;244
4656.0;100;170;234;203;267;244
4662.0;99;169;234;204;267;245
4668.0;98;169;235;204;267;245
4674.0;98;170;234;204;267;245
4680.0;97;171;232;204;270;244
4686.0;99;171;231;204;270;243
4692.0;99;171;231;205;268;244
4698.0;101;170;231;205;268;243
4704.0;102;170;232;206;267;241
4710.0;102;171;232;205;266;242
4716.0;102;171;231;206;267;241
4722.0;102;171;231;206;267;241
4728.0;102;170;231;206;268;241
4734.0;101;172;232;206;266;241
4740.0;101;171;232;206;267;241
4746.0;100;171;233;205;267;242
4752.0;101;169;234;205;267;242
4758.0;101;171;233;205;266;242
4764.0;101;171;233;204;269;240
4770.0;103;171;232;202;270;240
4776.0;103;171;233;202;269;240
4782.0;104;172;235;200;270;237
4788.0;104;172;235;200;270;237
4794.0;105;171;235;200;270;237
4800.0;106;171;235;200;270;236
4806.0;106;172;234;201;269;236
4812.0;105;172;233;201;271;236
4818.0;105;174;232;202;269;236
4824.0;104;175;232;202;269;236
4830.0;104;175;232;201;269;237
4836.0;106;176;230;202;266;238
4842.0;106;176;229;202;268;237
4848.0;106;176;228;203;268;237
4854.0;106;176;227;203;268;238
4860.0;106;175;228;202;268;239
4866.0;106;176;229;201;267;239
4872.0;106;177;229;200;267;239
4878.0;106;176;228;200;268;240
4884.0;104;176;229;201;267;241
4890.0;105;176;229;201;267;240
4896.0;105;175;229;201;268;240
4902.0;107;173;229;202;267;240
4908.0;106;176;228;201;267;240
4914.0;106;176;228;200;268;240
4920.0;106;174;231;199;269;239
4926.0;106;174;232;199;269;238
4932.0;106;172;233;197;271;239
4938.0;106;171;234;197;270;240
4944.0;106;171;235;197;269;240
4950.0;107;170;235;195;270;241
4956.0;107;170;236;195;269;241
4962.0;107;169;238;195;268;241
4968.0;109;167;237;198;266;241
4974.0;109;168;238;200;264;239
4980.0;109;168;238;200;264;239
4986.0;108;170;238;199;264;239
4992.0;108;171;237;198;264;240
4998.0;108;172;238;198;261;241
5004.0;109;172;235;198;261;243
5010.0;109;172;235;198;261;243
5016.0;109;172;237;198;260;242
5022.0;108;171;240;197;260;242
5028.0;108;172;240;196;259;243
5034.0;108;172;240;196;259;243
5040.0;109;171;239;196;260;243
5046.0;109;172;239;196;261;241
5052.0;109;172;239;196;262;240
5058.0;109;172;239;196;262;240
5064.0;110;171;238;196;262;241
5070.0;110;171;238;196;262;241
5076.0;110;171;238;195;262;242
5082.0;109;171;239;196;262;241
5088.0;108;171;239;196;263;241
5094.0;107;172;240;196;263;240
5100.0;107;173;239;196;263;240
5106.0;107;173;238;195;264;241
5112.0;108;172;240;195;264;239
5118.0;108;170;242;194;264;240
5124.0;107;170;242;195;264;240
5130.0;107;170;242;196;263;240
5136.0;106;170;242;197;263;240
5142.0;106;170;242;195;265;240
5148.0;107;168;242;195;264;242
5154.0;107;167;242;195;265;242
5160.0;107;166;242;195;266;242
5166.0;108;165;241;196;266;242
5172.0;110;162;242;195;266;243
5178.0;109;161;243;195;267;243
5184.0;109;161;244;194;267;243
5190.0;109;160;244;194;267;244
5196.0;109;160;244;194;266;245
5202.0;110;156;246;192;269;245
5208.0;110;155;246;193;267;247
5214.0;110;155;245;194;266;248
5220.0;109;156;244;194;266;249
5226.0;109;157;245;194;266;247
5232.0;107;157;246;194;266;248
5238.0;108;157;245;194;266;248
5244.0;108;158;245;194;264;249
5250.0;107;159;245;194;265;248
5256.0;107;159;246;194;264;248
5262.0;106;160;245;195;263;249
5268.0;105;160;246;194;265;248
5274.0;104;161;245;193;265;250
5280.0;106;161;245;193;264;249
5286.0;105;161;245;193;266;248
5292.0;106;162;244;192;266;248
5298.0;104;162;244;192;267;249
5304.0;104;162;244;192;268;248
5310.0;105;162;245;191;267;248
5316.0;104;161;246;191;267;249
5322.0;103;161;246;191;268;249
5328.0;103;161;246;191;268;249
5334.0;103;162;247;190;267;249
5340.0;105;162;247;188;267;249
5346.0;105;160;248;188;268;249
5352.0;106;159;248;188;268;249
5358.0;107;158;247;188;268;250
5364.0;106;158;248;188;268;250
5370.0;107;158;249;187;268;249
5376.0;108;158;249;188;266;249
5382.0;108;158;248;189;267;248
5388.0;107;160;247;189;267;248
5394.0;109;160;249;186;266;248
5400.0;109;159;248;188;265;249
5406.0;109;157;249;187;267;249
5412.0;109;158;248;188;266;249
5418.0;108;158;247;189;267;249
5424.0;110;157;246;190;268;247
5430.0;109;157;245;190;269;248
5436.0;111;158;244;189;269;247
5442.0;111;158;248;185;268;248
5448.0;110;157;248;186;269;248
5454.0;110;155;248;186;271;248
5460.0;111;155;248;185;272;247
5466.0;111;155;248;184;272;248
5472.0;113;155;247;184;272;247
5478.0;114;155;247;184;270;248
5484.0;116;155;248;184;270;245
5490.0;116;154;248;185;269;246
5496.0;116;154;248;185;268;247
5502.0;115;155;247;187;266;248
5508.0;114;156;246;188;265;249
5514.0;114;156;247;188;265;248
5520.0;116;157;246;188;265;246
5526.0;116;157;246;189;265;245
5532.0;115;157;246;189;267;244
5538.0;114;156;247;190;266;245
5544.0;114;157;246;191;266;244
5550.0;113;158;246;191;266;244
5556.0;113;160;247;192;263;243
5562.0;111;161;246;192;264;244
5568.0;112;160;246;191;265;244
5574.0;111;161;245;190;267;244
5580.0;111;162;245;190;266;244
5586.0;112;161;244;190;265;246
5592.0;111;162;244;189;266;246
5598.0;111;161;244;189;266;247
5604.0;110;161;246;189;266;246
5610.0;112;161;246;189;265;245
5616.0;112;162;246;188;266;244
5622.0;111;162;246;189;266;244
5628.0;113;162;247;186;267;243
5634.0;113;162;247;185;268;243
5640.0;113;162;247;186;267;243
5646.0;112;162;249;187;265;243
5652.0;113;163;248;187;264;243
5658.0;114;163;247;187;264;243
5664.0;114;163;247;186;264;244
5670.0;114;163;247;186;264;244
5676.0;114;162;247;186;264;245
5682.0;114;162;248;185;264;245
5688.0;114;161;248;185;264;246
5694.0;114;161;247;186;265;245
5700.0;113;160;247;187;266;245
5706.0;113;160;247;187;266;245
5712.0;113;161;247;187;265;245
5718.0;112;161;248;186;265;246
5724.0;112;162;247;186;265;246
5730.0;112;162;248;186;264;246
5736.0;112;162;248;188;263;245
5742.0;112;163;249;188;263;243
5748.0;113;163;248;188;263;243
5754.0;113;164;248;187;263;243
5760.0;114;165;246;185;265;243
5766.0;113;165;246;185;266;243
5772.0;114;163;248;185;265;243
5778.0;113;162;248;184;266;245
5784.0;113;162;249;184;266;244
5790.0;113;163;248;183;267;244
5796.0;112;164;245;184;268;245
5802.0;114;164;244;183;269;244
5808.0;116;162;244;181;269;246
5814.0;115;162;244;182;269;246
5820.0;115;161;244;183;269;246
5826.0;115;162;243;182;270;246
5832.0;113;161;242;184;271;247
5838.0;112;161;241;184;271;249
5844.0;112;162;241;184;271;248
5850.0;111;161;239;188;271;248
5856.0;112;161;239;188;270;248
5862.0;112;159;241;188;271;247
5868.0;112;159;241;188;271;247
5874.0;113;158;241;188;271;247
5880.0;113;160;241;187;271;246
5886.0;114;161;240;187;271;245
5892.0;116;160;241;186;271;244
5898.0;116;163;240;186;270;243
5904.0;114;163;241;186;271;243
5910.0;115;163;242;185;270;243
5916.0;115;164;241;185;271;242
5922.0;114;163;243;186;272;240
5928.0;114;163;243;186;272;240
5934.0;113;160;243;188;274;240
5940.0;110;163;244;187;273;241
5946.0;110;163;244;187;273;241
5952.0;110;161;243;188;274;242
5958.0;111;160;242;188;275;242
5964.0;110;160;242;188;276;242
5970.0;110;160;243;189;274;242
5976.0;110;159;246;190;273;240
5982.0;111;160;245;188;272;242
5988.0;111;160;244;188;272;243
5994.0;110;161;243;189;272;243
6000.0;110;161;242;189;272;244
6006.0;112;160;243;188;272;243
6012.0;112;160;243;188;272;243
6018.0;114;160;240;189;271;244
6024.0;113;162;240;190;272;241
6030.0;114;162;240;189;271;242
6036.0;113;165;238;190;271;241
6042.0;111;165;239;190;272;241
6048.0;108;163;239;190;274;244
6054.0;108;163;239;190;274;244
6060.0;109;164;237;189;274;245
6066.0;109;164;236;189;274;246
6072.0;109;164;236;187;273;249
6078.0;109;165;237;188;270;249
6084.0;109;162;239;189;271;248
6090.0;109;161;239;189;271;249
6096.0;108;163;238;189;271;249
6102.0;108;163;238;189;271;249
6108.0;107;163;240;188;271;249
6114.0;107;163;240;188;272;248
6120.0;107;163;240;188;273;247
6126.0;105;165;240;188;272;248
6132.0;105;165;240;188;272;248
6138.0;105;166;241;186;272;248
6144.0;106;164;241;188;272;247
6150.0;105;164;242;188;272;247
6156.0;105;163;241;189;277;243
6162.0;106;164;242;188;275;243
6168.0;107;164;241;188;276;242
6174.0;108;165;240;188;275;242
6180.0;108;165;239;188;275;243
6186.0;107;165;240;188;275;243
6192.0;107;166;240;187;276;242
6198.0;107;168;239;186;278;240
6204.0;107;169;240;185;278;239
6210.0;107;168;240;185;279;239
6216.0;107;167;241;187;278;238
6222.0;107;167;241;187;278;238
6228.0;105;167;243;188;277;238
6234.0;104;167;243;188;277;239
6240.0;104;168;243;188;276;239
6246.0;104;168;243;188;277;238
6252.0;104;167;243;188;279;237
6258.0;104;169;242;188;279;236
6264.0;104;168;243;187;280;236
6270.0;103;166;244;188;280;237
6276.0;103;166;244;188;280;237
6282.0;104;165;244;188;280;237
6288.0;105;165;244;189;279;236
6294.0;106;164;244;189;279;236
6300.0;105;164;244;191;278;236
6306.0;106;164;244;191;277;236
6312.0;104;164;247;191;276;236
6318.0;104;164;247;191;275;237
6324.0;103;164;248;191;276;236
6330.0;103;161;249;191;277;237
6336.0;102;161;252;190;278;235
6342.0;102;160;253;190;278;235
6348.0;102;161;252;188;277;238
6354.0;102;160;252;189;276;239
6360.0;104;160;251;188;276;239
6366.0;103;160;251;187;277;240
6372.0;103;160;250;187;278;240
6378.0;103;160;249;187;279;240
6384.0;103;159;250;187;279;240
6390.0;102;159;250;187;279;241
6396.0;99;159;251;187;281;241
6402.0;99;160;251;187;282;239
6408.0;97;160;251;189;282;239
6414.0;98;160;251;188;282;239
6420.0;99;161;250;187;282;239
6426.0;98;161;250;188;282;239
6432.0;98;161;250;188;282;239
6438.0;97;162;249;189;282;239
6444.0;97;162;249;189;282;239
6450.0;98;163;249;188;282;238
6456.0;98;164;249;188;280;239
6462.0;97;161;251;189;281;239
6468.0;97;160;250;190;283;238
6474.0;97;159;249;190;285;238
6480.0;96;159;249;190;286;238
6486.0;98;161;247;190;284;238
6492.0;99;161;246;190;283;239
6498.0;99;161;247;190;282;239
6504.0;96;162;249;188;283;240
6510.0;97;162;249;187;284;239
6516.0;96;164;249;185;284;240
6522.0;95;163;251;183;284;242
6528.0;95;163;252;183;283;242
6534.0;95;162;252;186;282;241
6540.0;95;161;252;186;282;242
6546.0;93;162;252;186;282;243
6552.0;93;163;252;186;282;242
6558.0;94;163;252;185;282;242
6564.0;96;161;251;184;283;243
6570.0;96;160;251;183;284;244
6576.0;95;159;251;183;284;246
6582.0;94;159;252;183;284;246
6588.0;94;159;253;183;284;245
6594.0;93;160;254;183;285;243
6600.0;91;159;256;183;285;244
6606.0;91;160;256;183;284;244
6612.0;90;162;255;183;283;245
6618.0;91;162;255;183;283;244
6624.0;92;162;256;182;282;244
6630.0;93;162;253;182;284;244
6636.0;92;164;252;182;284;244
6642.0;94;165;252;181;283;243
6648.0;92;164;253;181;285;243
6654.0;92;164;253;182;285;242
6660.0;92;164;252;182;286;242
6666.0;96;163;252;179;287;241
6672.0;98;163;251;178;288;240
6678.0;97;164;251;178;288;240
6684.0;97;165;251;178;288;239
6690.0;96;166;251;179;287;239
6696.0;97;165;252;179;286;239
6702.0;98;166;252;179;284;239
6708.0;96;168;254;178;283;239
6714.0;96;168;254;178;284;238
6720.0;96;168;254;179;283;238
6726.0;96;169;254;179;285;235
6732.0;94;169;254;182;283;236
6738.0;94;169;253;184;282;236
6744.0;94;169;253;184;282;236
6750.0;94;168;254;183;283;236
6756.0;92;167;254;185;284;236
6762.0;92;167;253;185;285;236
6768.0;92;167;252;185;285;237
6774.0;91;167;253;184;286;237
6780.0;91;168;252;184;286;237
6786.0;90;168;252;185;286;237
6792.0;90;169;252;185;285;237
6798.0;91;170;252;185;283;237
6804.0;91;168;252;185;284;238
6810.0;90;168;252;184;286;238
6816.0;90;168;252;185;286;237
6822.0;91;166;252;184;288;237
6828.0;92;166;253;185;287;235
6834.0;92;166;253;185;288;234
6840.0;92;166;253;184;288;235
6846.0;92;166;253;185;287;235
6852.0;92;166;253;185;287;235
6858.0;92;167;251;185;288;235
6864.0;90;168;250;186;288;236
6870.0;90;168;250;186;288;236
6876.0;92;168;250;185;288;235
6882.0;92;168;251;184;288;235
6888.0;92;167;252;183;289;235
6894.0;91;167;252;183;290;235
6900.0;91;168;252;184;289;234
6906.0;90;171;251;184;286;236
6912.0;91;170;251;184;287;235
6918.0;91;170;251;184;287;235
6924.0;91;169;251;186;287;234
6930.0;91;168;249;186;289;235
6936.0;92;168;248;185;290;235
6942.0;92;168;248;184;290;236
6948.0;91;168;248;184;291;236
6954.0;91;168;248;184;291;236
6960.0;94;169;248;183;289;235
6966.0;93;170;249;183;292;231
6972.0;92;172;248;183;291;232
6978.0;91;173;247;183;292;232
6984.0;91;173;246;182;292;234
6990.0;91;171;248;183;292;233
6996.0;91;171;248;181;293;234
7002.0;91;170;248;182;293;234
7008.0;91;170;248;181;293;235
7014.0;91;170;248;182;291;236
7020.0;91;170;247;183;291;236
7026.0;90;167;248;187;291;235
7032.0;90;166;249;187;291;235
7038.0;88;165;249;188;292;236
7044.0;88;165;251;188;290;236
7050.0;89;165;249;188;290;237
7056.0;89;166;250;186;289;238
7062.0;89;167;249;186;288;239
7068.0;90;166;249;185;289;239
7074.0;90;167;248;185;289;239
7080.0;90;167;249;185;289;238
7086.0;91;167;249;184;289;238
7092.0;92;166;249;183;290;238
7098.0;92;164;250;184;289;239
7104.0;91;164;251;183;289;240
7110.0;91;164;253;182;288;240
7116.0;93;162;253;180;290;240
7122.0;93;163;252;180;290;240
7128.0;92;163;251;181;291;240
7134.0;92;163;250;180;291;242
7140.0;92;161;252;180;293;240
7146.0;92;160;253;181;293;239
7152.0;93;159;254;181;293;238
7158.0;93;160;254;181;293;237
7164.0;96;160;255;181;290;236
7170.0;96;160;255;181;290;236
7176.0;95;160;255;182;291;235
7182.0;95;159;255;182;292;235
7188.0;95;158;256;183;291;235
7194.0;95;157;256;183;291;236
7200.0;95;158;256;182;291;236
7206.0;96;158;255;182;291;236
7212.0;96;157;256;182;291;236
7218.0;94;158;258;182;290;236
7224.0;94;158;259;182;290;235
7230.0;94;157;261;182;289;235
7236.0;94;158;262;183;287;234
7242.0;94;156;262;183;289;234
7248.0;94;156;262;183;289;234
7254.0;92;157;262;184;289;234
7260.0;92;157;261;185;288;235
7266.0;94;157;261;184;287;235
7272.0;94;157;261;184;287;235
7278.0;95;156;262;184;287;234
7284.0;93;156;262;183;289;235
7290.0;93;156;262;182;290;235
7296.0;93;157;262;183;290;233
7302.0;93;157;261;182;291;234
7308.0;93;158;260;182;291;234
7314.0;93;159;260;182;291;233
7320.0;92;159;259;183;293;232
7326.0;92;159;259;181;295;232
7332.0;92;158;258;183;295;232
7338.0;94;158;258;182;294;232
7344.0;94;159;258;182;293;232
7350.0;93;159;259;183;294;230
7356.0;92;159;260;181;293;233
7362.0;92;159;260;181;293;233
7368.0;91;159;259;181;296;232
7374.0;90;160;258;181;296;233
7380.0;90;159;257;181;295;236
7386.0;90;160;258;180;294;236
7392.0;88;160;258;182;294;236
7398.0;88;159;256;183;293;239
7404.0;89;157;256;184;294;238
7410.0;88;156;255;185;294;240
7416.0;88;155;256;185;294;240
7422.0;88;156;255;184;295;240
7428.0;89;156;256;184;294;239
7434.0;89;156;256;184;294;239
7440.0;88;156;257;184;294;239
7446.0;89;155;258;183;294;239
7452.0;87;154;258;184;296;239
7458.0;89;155;257;185;293;239
7464.0;89;157;257;185;292;238
7470.0;88;157;259;185;291;238
7476.0;87;156;259;186;291;239
7482.0;88;157;260;185;291;237
7488.0;88;156;261;186;291;236
7494.0;88;155;261;187;291;236
7500.0;88;155;261;188;290;236
7506.0;87;156;261;188;290;236
7512.0;88;156;261;186;290;237
7518.0;87;156;261;187;290;237
7524.0;87;156;260;187;291;237
7530.0;86;157;261;187;291;236
7536.0;85;158;260;187;292;236
7542.0;85;159;259;187;292;236
7548.0;84;160;261;187;291;235
7554.0;84;159;262;186;292;235
7560.0;84;158;263;186;292;235
7566.0;84;157;263;186;292;236
7572.0;84;157;263;186;291;237
7578.0;84;159;261;186;292;236
7584.0;84;159;260;187;293;235
7590.0;85;159;261;186;293;234
7596.0;84;159;263;187;291;234
7602.0;85;159;263;186;291;234
7608.0;86;158;263;186;289;236
7614.0;85;157;261;187;291;237
7620.0;85;157;262;187;290;237
7626.0;86;156;262;187;291;236
7632.0;86;155;262;187;292;236
7638.0;84;155;261;189;293;236
7644.0;84;155;260;190;293;236
7650.0;85;155;259;190;292;237
7656.0;87;156;259;189;292;235
7662.0;87;155;259;190;292;235
7668.0;87;155;259;190;292;235
7674.0;86;156;258;190;292;236
7680.0;84;154;259;191;294;236
7686.0;84;153;259;192;294;236
7692.0;84;153;260;192;293;236
7698.0;83;153;262;192;292;236
7704.0;82;154;264;191;292;235
7710.0;83;154;265;190;291;235
7716.0;83;154;265;189;291;236
7722.0;83;154;264;190;291;236
7728.0;83;153;265;191;291;235
7734.0;83;153;264;190;293;235
7740.0;82;154;264;191;292;235
7746.0;82;154;264;190;293;235
7752.0;83;155;264;190;291;235
7758.0;82;155;265;190;291;235
7764.0;81;154;267;191;290;235
7770.0;81;154;266;190;289;238
7776.0;83;154;265;188;289;239
7782.0;84;153;266;187;289;239
7788.0;84;153;265;186;291;239
7794.0;85;153;266;187;290;237
7800.0;86;153;266;188;290;235
7806.0;87;150;267;187;291;236
7812.0;86;152;267;188;290;235
7818.0;86;151;267;188;292;234
7824.0;87;151;267;187;292;234
7830.0;87;151;267;187;292;234
7836.0;88;150;266;189;291;234
7842.0;89;149;265;190;291;234
7848.0;88;150;264;188;291;237
7854.0;85;152;264;190;291;236
7860.0;87;152;263;190;291;235
7866.0;87;149;261;192;293;236
7872.0;87;149;261;192;292;237
7878.0;88;150;260;191;293;236
7884.0;90;150;260;190;292;236
7890.0;90;151;259;191;291;236
7896.0;90;151;260;192;289;236
7902.0;90;151;260;192;289;236
7908.0;92;152;261;191;286;236
7914.0;93;152;262;189;286;236
7920.0;93;152;262;189;286;236
7926.0;93;153;262;189;287;234
7932.0;93;153;261;189;287;235
7938.0;93;154;262;187;286;236
7944.0;93;153;264;187;285;236
7950.0;93;154;264;187;282;238
7956.0;93;154;264;187;281;239
7962.0;94;154;264;186;281;239
7968.0;92;154;265;188;280;239
7974.0;89;154;265;189;281;240
7980.0;89;153;265;190;280;241
7986.0;90;153;267;188;280;240
7992.0;90;153;266;189;280;240
7998.0;89;155;265;188;280;241
8004.0;89;155;265;187;281;241
8010.0;90;155;265;186;281;241
8016.0;90;155;265;187;280;241
8022.0;90;154;265;187;281;241
8028.0;90;157;262;187;280;242
8034.0;91;157;262;187;279;242
8040.0;92;158;261;187;278;242
8046.0;94;157;261;189;275;242
8052.0;94;158;260;191;274;241
8058.0;94;158;262;189;274;241
8064.0;94;159;262;188;274;241
8070.0;92;159;264;188;274;241
8076.0;93;159;263;189;274;240
8082.0;92;159;262;189;274;242
8088.0;92;159;262;188;276;241
8094.0;91;158;262;188;277;242
8100.0;90;158;263;188;276;243
8106.0;90;158;263;188;276;243
8112.0;91;159;264;187;275;242
8118.0;91;161;264;187;275;240
8124.0;91;162;263;187;275;240
8130.0;91;162;264;186;275;240
8136.0;91;162;264;186;275;240
8142.0;91;164;263;185;275;240
8148.0;90;164;263;186;275;240
8154.0;88;165;263;187;276;239
8160.0;86;165;264;189;277;237
8166.0;89;166;263;188;276;236
8172.0;89;165;264;188;277;235
8178.0;89;166;261;191;276;235
8184.0;89;165;261;190;278;235
8190.0;88;165;260;192;276;237
8196.0;90;164;259;192;277;236
8202.0;87;164;259;192;281;235
8208.0;89;163;260;190;282;234
8214.0;89;163;260;191;282;233
8220.0;89;164;261;191;280;233
8226.0;89;165;262;192;278;232
8232.0;89;165;262;192;279;231
8238.0;88;165;261;193;279;232
8244.0;88;164;261;191;281;233
8250.0;88;163;262;190;281;234
8256.0;89;162;262;191;280;234
8262.0;90;162;262;192;278;234
8268.0;92;161;263;192;276;234
8274.0;93;161;262;192;276;234
8280.0;93;161;262;191;276;235
8286.0;94;160;260;192;276;236
8292.0;93;157;262;191;278;237
8298.0;93;156;262;191;278;238
8304.0;94;156;261;192;278;237
8310.0;95;156;261;192;277;237
8316.0;95;157;261;192;278;235
8322.0;95;157;261;192;278;235
8328.0;97;157;259;192;278;235
8334.0;94;157;259;192;279;237
8340.0;94;158;260;191;276;239
8346.0;94;159;258;192;277;238
8352.0;94;159;259;193;277;236
8358.0;93;161;260;193;277;234
8364.0;93;160;260;192;278;235
8370.0;92;161;258;193;278;236
8376.0;93;160;257;194;278;236
8382.0;93;162;256;193;278;236
8388.0;91;162;256;194;280;235
8394.0;91;162;259;194;278;234
8400.0;90;163;258;196;277;234
8406.0;90;159;260;193;280;236
8412.0;91;159;259;193;281;235
8418.0;92;159;259;195;279;234
8424.0;92;158;259;196;280;233
8430.0;92;157;260;195;281;233
8436.0;93;157;259;194;281;234
8442.0;94;156;258;195;282;233
8448.0;94;156;259;195;281;233
8454.0;95;156;258;196;280;233
8460.0;95;155;257;196;281;234
8466.0;95;154;258;197;282;232
8472.0;96;154;258;195;284;231
8478.0;97;155;257;194;284;231
8484.0;97;155;257;195;285;229
8490.0;98;155;257;194;285;229
8496.0;97;157;256;195;284;229
8502.0;96;158;256;196;284;228
8508.0;93;159;256;197;284;229
8514.0;92;160;254;197;285;230
8520.0;95;158;255;196;284;230
8526.0;96;158;254;196;284;230
8532.0;98;157;255;195;284;229
8538.0;99;156;255;196;284;228
8544.0;99;156;255;197;283;228
8550.0;98;156;254;196;284;230
8556.0;99;156;254;196;283;230
8562.0;100;154;254;195;286;229
8568.0;100;153;254;195;288;228
8574.0;99;153;256;195;288;227
8580.0;99;152;256;196;289;226
8586.0;98;153;256;197;288;226
8592.0;96;153;257;198;288;226
8598.0;94;154;257;198;288;227
8604.0;94;156;256;197;288;227
8610.0;95;156;256;197;288;226
8616.0;95;155;256;198;288;226
8622.0;93;156;257;197;288;227
8628.0;93;156;257;197;288;227
8634.0;93;155;256;198;289;227
8640.0;91;155;256;201;289;226
8646.0;91;156;254;201;289;227
8652.0;91;156;252;201;291;227
8658.0;91;156;254;200;291;226
8664.0;92;157;254;199;290;226
8670.0;93;157;254;198;290;226
8676.0;92;156;256;198;290;226
8682.0;92;156;257;197;290;226
8688.0;93;156;256;198;289;226
8694.0;93;156;256;199;288;226
8700.0;93;155;256;200;288;226
8706.0;92;155;257;199;288;227
8712.0;92;155;258;199;288;226
8718.0;92;153;258;200;288;227
8724.0;92;152;258;201;288;227
8730.0;93;151;259;202;287;226
8736.0;93;152;257;202;288;226
8742.0;93;152;257;202;288;226
8748.0;93;152;258;202;287;226
8754.0;93;152;257;202;287;227
8760.0;93;150;257;203;288;227
8766.0;93;150;258;203;287;227
8772.0;93;149;259;201;288;228
8778.0;93;151;260;201;288;225
8784.0;93;150;260;201;289;225
8790.0;91;151;261;201;289;225
8796.0;91;152;262;201;289;223
8802.0;91;151;261;202;289;224
8808.0;92;153;260;200;289;224
8814.0;93;153;260;200;287;225
8820.0;93;152;260;201;286;226
8826.0;92;154;262;199;286;225
8832.0;92;155;263;198;285;225
8838.0;91;156;264;195;287;225
8844.0;92;154;265;195;287;225
8850.0;93;153;265;196;286;225
8856.0;93;155;264;195;286;225
8862.0;94;155;264;195;286;224
8868.0;94;156;263;195;287;223
8874.0;96;155;262;195;287;223
8880.0;95;157;261;194;288;223
8886.0;95;159;262;193;287;222
8892.0;94;158;264;193;287;222
8898.0;96;157;264;192;287;222
8904.0;96;157;264;194;285;222
8910.0;95;159;264;193;286;221
8916.0;95;159;264;193;286;221
8922.0;94;159;264;193;286;222
8928.0;94;160;263;194;286;221
8934.0;94;160;263;195;286;220
8940.0;93;160;264;195;286;220
8946.0;94;161;264;194;286;219
8952.0;92;164;262;194;286;220
8958.0;91;164;262;195;286;220
8964.0;90;166;262;197;284;219
8970.0;90;165;260;196;284;223
8976.0;90;165;260;196;284;223
8982.0;91;164;259;196;286;222
8988.0;93;165;259;194;285;222
8994.0;93;165;260;192;285;223
9000.0;93;164;261;192;287;221
9006.0;93;164;261;192;287;221
9012.0;93;165;261;192;287;220
9018.0;95;163;261;191;288;220
9024.0;95;164;260;192;286;221
9030.0;95;164;260;192;286;221
9036.0;95;164;260;192;287;220
9042.0;96;164;260;192;287;219
9048.0;97;164;260;191;287;219
9054.0;97;164;259;191;289;218
9060.0;97;163;260;191;289;218
9066.0;99;163;261;190;288;217
9072.0;99;163;261;190;289;216
9078.0;98;164;262;191;288;215
9084.0;98;166;260;191;287;216
9090.0;99;166;260;189;286;218
9096.0;99;167;259;190;284;219
9102.0;99;167;258;190;285;219
9108.0;100;167;258;189;285;219
9114.0;100;166;259;188;286;219
9120.0;100;166;260;188;286;218
9126.0;99;166;260;188;287;218
9132.0;99;166;260;188;287;218
9138.0;99;166;261;188;286;218
9144.0;98;166;260;188;288;218
9150.0;98;167;260;189;288;216
9156.0;97;168;260;189;288;216
9162.0;97;168;260;188;288;217
9168.0;99;167;259;188;288;217
9174.0;96;168;259;188;289;218
9180.0;94;170;262;186;288;218
9186.0;94;168;262;186;291;217
9192.0;94;167;262;186;291;218
9198.0;93;167;263;185;291;219
9204.0;93;167;263;184;291;220
9210.0;94;168;262;182;291;221
9216.0;94;166;262;184;291;221
9222.0;95;166;262;183;292;220
9228.0;95;166;262;183;292;220
9234.0;95;168;261;182;293;219
9240.0;96;169;260;180;294;219
9246.0;97;169;259;180;294;219
9252.0;98;168;259;181;294;218
9258.0;100;168;257;181;295;217
9264.0;99;168;258;181;295;217
9270.0;97;169;258;181;295;218
9276.0;97;169;258;181;294;219
9282.0;97;170;258;182;294;217
9288.0;97;169;258;182;295;217
9294.0;97;169;258;181;295;218
9300.0;98;170;258;180;294;218
9306.0;102;167;259;179;294;217
9312.0;102;168;259;180;294;215
9318.0;101;169;258;180;293;217
9324.0;101;169;258;181;292;217
9330.0;103;169;257;181;291;217
9336.0;104;168;256;182;290;218
9342.0;103;168;259;181;291;216
9348.0;101;169;259;181;292;216
9354.0;102;168;257;181;293;217
9360.0;101;166;258;183;293;217
9366.0;103;166;259;183;290;217
9372.0;103;166;259;183;290;217
9378.0;104;165;260;183;289;217
9384.0;104;165;260;183;289;217
9390.0;104;165;259;185;289;216
9396.0;106;163;258;186;289;216
9402.0;106;163;257;186;290;216
9408.0;105;162;257;187;291;216
9414.0;103;163;257;185;291;219
9420.0;103;163;256;184;292;220
9426.0;102;165;256;182;292;221
9432.0;102;164;257;182;292;221
9438.0;102;164;257;182;292;221
9444.0;101;163;257;182;293;222
9450.0;101;162;258;182;293;222
9456.0;101;162;259;181;293;222
9462.0;100;164;257;181;293;223
9468.0;101;164;258;181;292;222
9474.0;99;165;258;181;292;223
9480.0;99;165;257;181;293;223
9486.0;100;165;258;179;292;224
9492.0;100;165;259;178;292;224
9498.0;101;163;259;178;293;224
9504.0;101;162;259;179;292;225
9510.0;101;162;258;179;293;225
9516.0;101;163;256;180;293;225
9522.0;103;163;256;178;293;225
9528.0;103;161;257;178;293;226
9534.0;104;162;258;178;292;224
9540.0;102;163;259;179;291;224
9546.0;102;162;258;180;292;224
9552.0;103;161;258;180;292;224
9558.0;103;162;257;181;290;225
9564.0;102;161;259;182;290;224
9570.0;103;162;259;181;289;224
9576.0;104;162;259;180;289;224
9582.0;104;163;256;181;289;225
9588.0;105;162;257;182;286;226
9594.0;104;162;257;183;286;226
9600.0;106;163;256;183;285;225
9606.0;105;161;256;187;284;225
9612.0;104;161;257;186;284;226
9618.0;104;161;257;186;284;226
9624.0;104;160;259;186;283;226
9630.0;106;160;258;186;281;227
9636.0;106;160;259;186;282;225
9642.0;105;159;260;187;282;225
9648.0;109;159;258;187;280;225
9654.0;109;160;257;187;280;225
9660.0;109;161;259;186;279;224
9666.0;109;160;260;187;277;225
9672.0;109;160;262;186;275;226
9678.0;110;161;264;185;271;227
9684.0;110;161;264;187;270;226
9690.0;109;161;265;188;270;225
9696.0;109;162;265;188;268;226
9702.0;109;161;265;188;269;226
9708.0;107;161;266;188;269;227
9714.0;106;159;266;188;270;229
9720.0;106;159;266;188;270;229
9726.0;107;159;266;189;269;228
9732.0;106;160;266;190;268;228
9738.0;106;160;267;190;267;228
9744.0;107;160;267;189;267;228
9750.0;108;160;266;189;266;229
9756.0;108;159;267;189;266;229
9762.0;107;160;266;190;266;229
9768.0;108;162;266;190;265;227
9774.0;108;164;266;189;265;226
9780.0;109;164;266;186;266;227
9786.0;109;164;265;185;267;228
9792.0;111;162;265;184;268;228
9798.0;111;163;266;184;267;227
9804.0;112;164;267;182;266;227
9810.0;111;165;266;182;266;228
9816.0;113;164;269;178;265;229
9822.0;113;164;268;178;264;231
9828.0;110;167;269;178;262;232
9834.0;110;169;268;178;260;233
9840.0;110;170;269;177;259;233
9846.0;109;170;269;177;259;234
9852.0;107;171;269;176;260;235
9858.0;108;171;268;176;260;235
9864.0;108;170;270;172;260;238
9870.0;108;169;270;171;261;239
9876.0;108;169;270;171;261;239
9882.0;108;169;270;171;261;239
9888.0;108;169;269;172;261;239
9894.0;107;168;270;172;261;240
9900.0;106;169;270;172;261;240
9906.0;107;169;269;172;261;240
9912.0;106;169;270;172;262;239
9918.0;107;169;268;172;261;241
9924.0;107;169;268;173;261;240
9930.0;107;169;270;172;261;239
9936.0;107;169;270;172;260;240
9942.0;109;168;269;172;260;240
9948.0;109;168;269;172;261;239
9954.0;108;168;269;172;262;239
9960.0;108;169;270;172;260;239
9966.0;108;168;270;172;261;239
9972.0;108;168;269;172;262;239
9978.0;108;168;268;173;262;239
9984.0;108;168;266;175;261;240
9990.0;107;168;266;176;260;241
9996.0;108;167;266;176;260;241
10002.0;108;167;267;176;260;240
10008.0;108;166;268;177;258;241
10014.0;108;167;269;176;256;242
10020.0;108;167;268;176;256;243
10026.0;108;168;268;176;256;242
10032.0;108;168;267;177;256;242
10038.0;109;167;268;177;256;241
10044.0;108;168;268;176;255;243
10050.0;110;166;269;177;255;241
10056.0;107;166;269;179;255;242
10062.0;105;166;268;181;255;243
10068.0;105;167;267;181;255;243
10074.0;105;167;266;181;255;244
10080.0;106;168;266;180;255;243
10086.0;104;168;268;181;255;242
10092.0;105;168;269;181;254;241
10098.0;105;169;269;181;254;240
10104.0;104;168;273;179;253;241
10110.0;104;168;273;178;254;241
10116.0;104;171;274;176;254;239
10122.0;104;170;274;175;254;241
10128.0;103;169;275;175;254;242
10134.0;102;169;275;174;255;243
10140.0;102;166;275;174;257;244
10146.0;102;166;275;173;258;244
10152.0;102;166;274;174;258;244
10158.0;101;166;276;174;257;244
10164.0;100;166;278;173;257;244
10170.0;100;167;277;173;258;243
10176.0;101;166;276;173;258;244
10182.0;101;164;277;173;259;244
10188.0;103;162;278;171;260;244
10194.0;103;163;278;171;260;243
10200.0;103;163;277;171;261;243
10206.0;102;163;278;171;261;243
10212.0;102;163;278;171;261;243
10218.0;101;162;279;170;262;244
10224.0;100;161;280;171;261;245
10230.0;100;162;279;171;260;246
10236.0;100;165;277;169;260;247
10242.0;101;165;276;169;259;248
10248.0;101;165;276;169;259;248
10254.0;102;164;276;170;259;247
10260.0;103;164;276;171;257;247
10266.0;104;164;276;171;257;246
10272.0;104;165;275;172;255;247
10278.0;103;165;277;171;256;246
10284.0;103;167;276;171;255;246
10290.0;103;168;276;172;254;245
10296.0;104;168;275;173;253;245
10302.0;104;168;275;173;252;246
10308.0;104;169;275;172;252;246
10314.0;103;170;275;172;252;246
10320.0;104;169;274;171;254;246
10326.0;103;170;274;171;254;246
10332.0;103;171;274;172;252;246
10338.0;103;172;275;171;251;246
10344.0;104;173;275;169;251;246
10350.0;104;173;275;169;250;247
10356.0;104;172;273;170;251;248
10362.0;101;175;273;170;250;249
10368.0;101;175;273;170;250;249
10374.0;101;174;273;172;249;249
10380.0;100;174;273;173;250;248
10386.0;99;174;273;173;250;249
10392.0;101;174;272;172;249;250
10398.0;101;173;271;172;250;251
10404.0;103;172;271;173;249;250
10410.0;102;171;271;174;249;251
10416.0;102;171;271;174;249;251
10422.0;100;173;271;173;249;252
10428.0;100;173;272;173;248;252
10434.0;100;172;272;173;250;251
10440.0;102;172;271;172;250;251
10446.0;103;173;270;171;250;251
10452.0;102;174;269;169;249;255
10458.0;103;174;268;168;250;255
10464.0;103;174;265;167;253;256
10470.0;103;173;265;167;253;257
10476.0;103;174;265;165;252;259
10482.0;104;174;264;165;252;259
10488.0;105;175;263;165;252;258
10494.0;107;175;262;165;251;258
10500.0;107;175;262;166;250;258
10506.0;107;175;260;168;252;256
10512.0;105;176;261;168;252;256
10518.0;106;177;260;168;251;256
10524.0;105;178;261;167;250;257
10530.0;104;179;261;167;250;257
10536.0;104;178;261;167;251;257
10542.0;104;180;261;166;251;256
10548.0;104;182;259;167;251;255
10554.0;104;184;259;168;248;255
10560.0;103;183;260;168;246;258
10566.0;103;183;259;168;247;258
10572.0;103;184;256;168;247;260
10578.0;103;184;255;170;246;260
10584.0;102;184;255;170;247;260
10590.0;103;184;254;168;248;261
10596.0;104;184;254;167;248;261
10602.0;102;184;255;169;247;261
10608.0;103;182;255;168;248;262
10614.0;102;183;255;168;249;261
10620.0;102;182;256;169;248;261
10626.0;102;182;256;169;248;261
10632.0;103;181;256;169;247;262
10638.0;103;181;255;170;247;262
10644.0;102;181;255;170;248;262
10650.0;101;181;254;170;249;263
10656.0;99;180;254;170;250;265
10662.0;100;180;255;169;250;264
10668.0;100;181;255;169;250;263
10674.0;100;181;254;170;250;263
10680.0;101;180;254;170;250;263
10686.0;99;180;255;169;250;265
10692.0;99;181;256;168;250;264
10698.0;99;182;256;168;249;264
10704.0;99;183;257;168;247;264
10710.0;98;183;258;168;247;264
10716.0;98;183;258;167;247;265
10722.0;99;183;258;167;247;264
10728.0;99;184;258;167;248;262
10734.0;99;184;258;167;249;261
10740.0;99;184;256;170;248;261
10746.0;99;184;257;169;248;261
10752.0;98;186;256;170;247;261
10758.0;97;185;258;169;249;260
10764.0;96;185;257;168;251;261
10770.0;95;186;257;169;249;262
10776.0;96;184;258;169;248;263
10782.0;96;184;259;169;247;263
10788.0;96;183;260;169;247;263
10794.0;94;184;260;170;250;260
