#auto generated file!
12.0;215;201;209;211;195;187
18.0;215;201;212;212;193;185
24.0;215;201;213;210;193;186
30.0;214;202;212;210;192;188
36.0;215;202;209;209;193;190
42.0;217;200;210;209;192;190
48.0;217;200;211;208;192;190
54.0;217;199;212;209;192;189
60.0;216;199;213;210;192;188
66.0;217;199;214;210;191;187
72.0;217;198;216;208;191;188
78.0;215;198;217;208;192;188
84.0;215;197;219;207;192;188
90.0;214;198;220;206;192;188
96.0;215;198;218;206;192;189
102.0;215;199;218;205;193;188
108.0;215;199;218;205;193;188
114.0;214;201;219;205;192;187
120.0;214;201;219;203;193;188
126.0;211;200;221;205;193;188
132.0;212;202;219;204;194;187
138.0;211;201;220;206;194;186
144.0;212;202;220;204;194;186
150.0;211;201;221;204;195;186
156.0;212;202;221;203;195;185
162.0;212;202;221;202;195;186
168.0;211;202;222;203;195;185
174.0;211;201;223;203;195;185
180.0;211;201;225;202;194;185
186.0;211;200;225;201;195;186
192.0;210;201;225;202;195;185
198.0;210;200;226;201;197;184
204.0;208;199;227;202;197;185
210.0;207;201;227;202;197;184
216.0;207;201;226;202;198;184
222.0;208;201;226;201;198;184
228.0;208;201;226;200;198;185
234.0;207;202;226;200;198;185
240.0;205;203;227;198;200;185
246.0;204;202;229;198;199;186
252.0;202;202;231;197;199;187
258.0;202;202;230;198;198;188
264.0;203;205;228;198;196;188
270.0;203;205;228;198;196;188
276.0;203;205;227;198;196;189
282.0;203;205;228;199;195;188
288.0;203;206;227;200;194;188
294.0;203;205;228;200;193;189
300.0;201;205;229;200;193;190
306.0;201;204;229;200;194;190
312.0;199;204;231;200;195;189
318.0;198;204;230;200;194;192
324.0;199;204;230;200;193;192
330.0;197;203;229;201;194;194
336.0;195;205;229;199;195;195
342.0;194;205;231;199;194;195
348.0;193;205;231;200;194;195
354.0;193;206;231;200;193;195
360.0;192;208;231;200;193;194
366.0;192;208;231;199;194;194
372.0;190;208;232;201;195;192
378.0;188;210;232;200;195;193
384.0;187;209;234;199;195;194
390.0;185;209;236;199;195;194
396.0;186;209;235;197;196;195
402.0;186;208;235;197;197;195
408.0;187;207;235;197;197;195
414.0;188;207;235;198;195;195
420.0;186;207;236;198;195;196
426.0;184;207;237;198;196;196
432.0;182;207;238;198;196;197
438.0;181;208;237;198;196;198
444.0;180;206;237;199;198;198
450.0;181;206;235;198;198;200
456.0;181;207;236;197;197;200
462.0;182;208;235;197;197;199
468.0;181;208;235;200;195;199
474.0;181;208;236;201;194;198
480.0;181;208;235;202;194;198
486.0;178;209;235;203;195;198
492.0;178;211;234;202;195;198
498.0;178;212;234;201;194;199
504.0;179;211;234;201;195;198
510.0;178;211;233;202;196;198
516.0;176;212;235;201;196;198
522.0;177;213;233;201;196;198
528.0;177;212;232;202;197;198
534.0;176;212;234;200;197;199
540.0;176;212;232;201;199;198
546.0;176;212;234;200;199;197
552.0;176;210;235;199;199;199
558.0;176;210;235;198;200;199
564.0;177;209;235;196;201;200
570.0;176;211;235;193;202;201
576.0;176;211;235;193;202;201
582.0;176;211;235;194;201;201
588.0;176;211;235;194;201;201
594.0;177;208;236;194;201;202
600.0;178;207;237;193;201;202
606.0;177;207;239;193;201;201
612.0;178;206;240;193;201;200
618.0;177;206;240;193;202;200
624.0;174;206;239;194;202;203
630.0;175;205;240;193;202;203
636.0;176;205;240;193;201;203
642.0;176;206;240;193;202;201
648.0;173;206;240;194;203;202
654.0;173;204;240;195;204;202
660.0;173;203;240;194;204;204
666.0;172;203;240;194;205;204
672.0;172;203;240;194;204;205
678.0;172;204;240;193;204;205
684.0;171;206;240;193;203;205
690.0;169;208;239;193;202;207
696.0;167;211;236;196;201;207
702.0;167;211;238;196;200;206
708.0;168;209;239;194;201;207
714.0;167;211;238;194;201;207
720.0;164;211;237;195;204;207
726.0;165;211;237;193;205;207
732.0;164;210;236;196;206;206
738.0;165;210;236;195;206;206
744.0;165;209;237;195;204;208
750.0;165;209;238;194;203;209
756.0;164;207;238;195;204;210
762.0;165;206;239;193;206;209
768.0;165;203;238;194;209;209
774.0;165;203;238;194;209;209
780.0;165;204;238;192;210;209
786.0;165;203;238;192;211;209
792.0;166;204;237;192;211;208
798.0;166;203;237;192;212;208
804.0;164;203;238;193;213;207
810.0;163;204;238;193;213;207
816.0;161;204;238;194;214;207
822.0;158;204;238;194;216;208
828.0;158;204;238;194;216;208
834.0;158;204;238;194;216;208
840.0;158;205;239;194;216;206
846.0;156;206;239;194;217;206
852.0;156;207;239;195;216;205
858.0;153;209;239;197;215;205
864.0;155;209;239;196;215;204
870.0;154;208;240;196;216;204
876.0;154;207;240;197;215;205
882.0;154;208;240;194;215;207
888.0;154;209;240;193;215;207
894.0;154;209;240;193;215;207
900.0;154;209;240;193;215;207
906.0;153;207;241;193;216;208
912.0;156;205;238;193;216;210
918.0;156;207;237;192;217;209
924.0;155;210;237;191;216;209
930.0;155;210;236;190;217;210
936.0;154;211;236;190;217;210
942.0;154;211;236;189;218;210
948.0;154;211;235;189;220;209
954.0;157;210;233;188;221;209
960.0;157;211;233;188;219;210
966.0;155;210;234;187;221;211
972.0;156;209;234;185;222;212
978.0;155;210;234;186;222;211
984.0;157;209;234;187;221;210
990.0;153;209;233;190;223;210
996.0;153;210;234;190;223;208
1002.0;152;211;232;191;223;209
1008.0;150;210;234;191;222;211
1014.0;150;210;235;191;221;211
1020.0;150;210;236;190;221;211
1026.0;151;210;237;190;220;210
1032.0;151;208;238;188;221;212
1038.0;150;209;240;187;221;211
1044.0;147;211;240;188;223;209
1050.0;148;212;240;187;222;209
1056.0;149;209;241;188;222;209
1062.0;149;207;241;189;223;209
1068.0;149;206;243;189;222;209
1074.0;148;207;243;189;222;209
1080.0;147;206;245;188;223;209
1086.0;146;206;245;189;225;207
1092.0;147;205;247;189;223;207
1098.0;145;205;248;188;225;207
1104.0;145;205;248;188;224;208
1110.0;145;206;249;187;223;208
1116.0;145;207;249;185;224;208
1122.0;145;206;248;185;224;210
1128.0;144;205;249;186;225;209
1134.0;145;205;248;186;225;209
1140.0;145;204;248;186;225;210
1146.0;144;204;249;186;226;209
1152.0;144;204;249;186;226;209
1158.0;144;204;248;186;226;210
1164.0;144;203;246;187;226;212
1170.0;144;204;245;187;226;212
1176.0;144;203;246;187;225;213
1182.0;142;205;247;189;222;213
1188.0;141;205;247;189;222;214
1194.0;143;205;246;188;222;214
1200.0;140;205;249;188;222;214
1206.0;140;206;248;187;222;215
1212.0;140;205;250;186;222;215
1218.0;140;206;250;186;221;215
1224.0;140;205;249;185;223;216
1230.0;142;206;247;184;223;216
1236.0;144;206;248;184;221;215
1242.0;142;208;248;184;220;216
1248.0;142;208;248;183;221;216
1254.0;142;207;249;183;221;216
1260.0;143;204;252;183;221;215
1266.0;144;205;252;182;220;215
1272.0;145;205;253;180;221;214
1278.0;144;204;253;180;222;215
1284.0;144;204;253;180;222;215
1290.0;144;204;252;180;223;215
1296.0;143;203;255;179;223;215
1302.0;144;202;254;179;224;215
1308.0;145;201;253;179;225;215
1314.0;146;201;251;179;226;215
1320.0;144;201;249;180;225;219
1326.0;144;202;248;180;226;218
1332.0;143;203;247;182;226;217
1338.0;143;203;246;183;226;217
1344.0;144;204;247;181;224;218
1350.0;143;205;247;181;224;218
1356.0;142;205;246;180;224;221
1362.0;140;206;246;179;225;222
1368.0;139;205;246;180;225;223
1374.0;140;205;246;180;224;223
1380.0;142;205;246;178;225;222
1386.0;142;205;247;176;225;223
1392.0;142;205;248;175;224;224
1398.0;141;205;249;175;224;224
1404.0;139;205;250;175;225;224
1410.0;138;207;250;174;225;224
1416.0;139;206;249;176;224;224
1422.0;139;206;248;179;223;223
1428.0;138;203;249;182;223;223
1434.0;138;203;249;182;223;223
1440.0;138;203;249;182;223;223
1446.0;139;202;248;183;221;225
1452.0;140;202;246;183;222;225
1458.0;140;203;246;183;222;224
1464.0;139;204;245;182;223;225
1470.0;138;204;245;183;223;225
1476.0;138;203;246;184;222;225
1482.0;139;204;244;183;221;227
1488.0;136;204;245;183;223;227
1494.0;138;203;245;182;223;227
1500.0;137;204;245;181;223;228
1506.0;136;204;246;181;223;228
1512.0;135;205;247;181;224;226
1518.0;134;206;247;181;224;226
1524.0;135;207;247;181;222;226
1530.0;136;206;246;181;222;227
1536.0;136;204;246;180;223;229
1542.0;136;203;247;180;223;229
1548.0;136;203;247;180;223;229
1554.0;136;202;248;180;225;227
1560.0;136;202;247;180;225;228
1566.0;134;202;247;181;226;228
1572.0;134;201;246;183;226;228
1578.0;135;199;246;183;228;227
1584.0;133;202;247;183;228;225
1590.0;133;202;247;183;228;225
1596.0;134;200;247;183;229;225
1602.0;133;201;248;183;228;225
1608.0;134;201;248;182;228;225
1614.0;132;201;247;183;229;226
1620.0;133;202;245;182;229;227
1626.0;131;202;245;181;232;227
1632.0;132;200;245;183;232;226
1638.0;132;201;245;182;232;226
1644.0;132;200;246;183;231;226
1650.0;130;201;246;183;229;229
1656.0;129;200;247;184;229;229
1662.0;128;200;247;184;229;230
1668.0;128;201;247;184;228;230
1674.0;127;199;248;185;228;231
1680.0;127;199;249;183;229;231
1686.0;127;197;250;184;229;231
1692.0;128;198;251;182;229;230
1698.0;128;198;251;182;229;230
1704.0;127;198;251;182;230;230
1710.0;127;198;252;182;230;229
1716.0;127;197;252;184;229;229
1722.0;125;196;252;186;228;231
1728.0;125;195;252;186;229;231
1734.0;126;194;252;186;229;231
1740.0;126;194;253;186;228;231
1746.0;126;195;252;187;230;228
1752.0;126;194;252;187;230;229
1758.0;126;194;252;187;230;229
1764.0;126;194;252;186;229;231
1770.0;127;194;250;187;230;230
1776.0;127;194;249;187;230;231
1782.0;127;194;250;187;229;231
1788.0;127;193;250;186;229;233
1794.0;127;194;249;185;229;234
1800.0;127;196;248;184;230;233
1806.0;128;196;248;185;230;231
1812.0;128;197;245;186;230;232
1818.0;127;196;245;187;230;233
1824.0;126;198;245;186;230;233
1830.0;125;198;244;186;231;234
1836.0;126;199;243;184;232;234
1842.0;126;200;243;183;232;234
1848.0;128;200;244;182;231;233
1854.0;128;200;244;182;231;233
1860.0;128;200;244;180;231;235
1866.0;129;198;242;182;232;235
1872.0;129;199;242;183;232;233
1878.0;129;198;243;185;231;232
1884.0;128;197;244;187;230;232
1890.0;128;197;245;186;230;232
1896.0;128;198;245;185;229;233
1902.0;128;199;244;185;229;233
1908.0;128;200;243;185;229;233
1914.0;127;200;244;185;229;233
1920.0;127;200;243;186;230;232
1926.0;127;200;242;186;230;233
1932.0;126;199;243;187;230;233
1938.0;126;199;242;190;229;232
1944.0;127;199;242;191;229;230
1950.0;128;200;243;189;230;228
1956.0;130;198;244;190;229;227
1962.0;130;202;243;190;228;225
1968.0;130;203;242;190;228;225
1974.0;129;202;243;191;227;226
1980.0;128;201;244;192;228;225
1986.0;128;199;243;192;229;227
1992.0;128;199;243;192;230;226
1998.0;127;198;245;192;230;226
2004.0;128;199;246;192;228;225
2010.0;125;200;246;193;230;224
2016.0;124;200;247;192;231;224
2022.0;124;198;246;193;231;226
2028.0;124;197;247;193;231;226
2034.0;123;195;249;193;231;227
2040.0;124;195;249;193;230;227
2046.0;124;195;250;193;230;226
2052.0;126;195;250;192;229;226
2058.0;123;196;249;192;232;226
2064.0;122;196;250;192;232;226
2070.0;122;194;249;192;234;227
2076.0;122;194;250;191;234;227
2082.0;123;193;250;191;234;227
2088.0;122;193;250;191;235;227
2094.0;122;194;250;190;235;227
2100.0;122;194;249;189;236;228
2106.0;122;194;248;188;237;229
2112.0;123;194;248;188;237;228
2118.0;124;192;248;187;236;231
2124.0;124;193;249;187;234;231
2130.0;124;193;249;187;233;232
2136.0;120;193;250;186;235;234
2142.0;121;193;251;185;236;232
2148.0;120;194;251;187;235;231
2154.0;119;194;250;186;237;232
2160.0;120;194;250;186;236;232
2166.0;119;193;250;188;236;232
2172.0;117;193;250;188;238;232
2178.0;116;193;250;189;238;232
2184.0;117;192;249;190;237;233
2190.0;118;191;248;189;237;235
2196.0;118;191;248;189;237;235
2202.0;118;191;248;189;237;235
2208.0;117;191;249;189;237;235
2214.0;118;191;248;189;238;234
2220.0;118;190;248;191;238;233
2226.0;115;190;248;191;240;234
2232.0;115;191;247;191;240;234
2238.0;116;191;246;191;240;234
2244.0;115;191;246;189;242;235
2250.0;115;191;246;188;242;236
2256.0;116;190;246;187;244;235
2262.0;116;190;246;188;244;234
2268.0;119;190;246;186;243;234
2274.0;113;190;246;188;244;237
2280.0;111;189;246;190;246;236
2286.0;111;188;248;188;246;237
2292.0;109;188;251;188;245;237
2298.0;111;188;250;188;244;237
2304.0;110;188;250;190;243;237
2310.0;109;187;250;190;245;237
2316.0;108;188;250;190;245;237
2322.0;109;187;251;190;245;236
2328.0;110;187;250;190;245;236
2334.0;109;188;250;189;245;237
2340.0;109;188;250;189;244;238
2346.0;109;189;249;189;244;238
2352.0;109;189;250;189;244;237
2358.0;108;189;251;189;244;237
2364.0;104;190;253;191;244;236
2370.0;105;189;253;192;243;236
2376.0;105;190;252;193;243;235
2382.0;104;189;252;192;244;237
2388.0;104;188;251;194;244;237
2394.0;104;187;251;194;245;237
2400.0;104;187;252;196;242;237
2406.0;104;187;250;197;243;237
2412.0;103;187;250;197;243;238
2418.0;102;187;249;197;245;238
2424.0;102;188;251;195;243;239
2430.0;102;188;251;196;242;239
2436.0;102;187;251;197;243;238
2442.0;103;188;252;196;242;237
2448.0;104;188;250;196;243;237
2454.0;106;187;249;195;244;237
2460.0;107;187;250;195;243;236
2466.0;108;186;251;196;242;235
2472.0;109;188;250;195;241;235
2478.0;109;188;250;194;242;235
2484.0;109;190;248;194;243;234
2490.0;109;188;247;196;245;233
2496.0;109;189;246;196;245;233
2502.0;109;189;246;196;245;233
2508.0;108;189;245;197;246;233
2514.0;107;190;244;197;246;234
2520.0;107;190;242;195;248;236
2526.0;107;192;241;194;249;235
2532.0;107;194;241;192;248;236
2538.0;106;195;241;192;248;236
2544.0;105;195;242;191;248;237
2550.0;106;195;241;189;249;238
2556.0;105;196;241;190;248;238
2562.0;102;197;241;190;248;240
2568.0;102;198;242;188;248;240
2574.0;100;199;242;188;248;241
2580.0;101;200;242;188;246;241
2586.0;99;199;244;189;247;240
2592.0;99;198;245;189;247;240
2598.0;99;197;246;189;247;240
2604.0;99;197;246;189;247;240
2610.0;99;199;245;191;246;238
2616.0;101;200;245;190;245;237
2622.0;101;199;246;188;246;238
2628.0;100;200;246;189;245;238
2634.0;98;200;245;188;247;240
2640.0;96;201;245;189;247;240
2646.0;95;200;244;191;248;240
2652.0;94;201;245;191;248;239
2658.0;95;200;245;188;248;242
2664.0;95;201;244;188;249;241
2670.0;97;200;245;187;248;241
2676.0;97;200;246;188;247;240
2682.0;97;200;246;187;249;239
2688.0;95;199;248;188;249;239
2694.0;95;199;249;187;249;239
2700.0;96;199;249;185;249;240
2706.0;96;199;249;185;249;240
2712.0;97;197;249;185;250;240
2718.0;97;197;248;183;252;241
2724.0;96;198;249;182;252;241
2730.0;96;197;248;183;252;242
2736.0;98;197;251;182;250;240
2742.0;96;197;251;185;249;240
2748.0;96;198;250;185;248;241
2754.0;96;199;251;185;247;240
2760.0;95;199;251;187;248;238
2766.0;99;196;250;187;248;238
2772.0;99;196;252;185;250;236
2778.0;99;195;253;185;250;236
2784.0;100;194;252;185;250;237
2790.0;100;193;251;185;252;237
2796.0;100;192;252;186;252;236
2802.0;100;188;254;185;255;236
2808.0;99;188;254;185;256;236
2814.0;99;188;257;185;254;235
2820.0;100;189;256;185;253;235
2826.0;101;189;257;185;254;232
2832.0;100;189;257;185;254;233
2838.0;99;189;258;184;254;234
2844.0;99;189;257;184;254;235
2850.0;100;189;258;185;252;234
2856.0;101;189;256;186;251;235
2862.0;101;189;256;184;251;237
2868.0;102;189;256;184;251;236
2874.0;102;189;257;183;251;236
2880.0;102;190;257;183;251;235
2886.0;104;190;256;183;250;235
2892.0;105;190;256;183;249;235
2898.0;105;191;258;182;249;233
2904.0;105;191;258;182;250;232
2910.0;106;191;258;181;249;233
2916.0;106;191;259;181;248;233
2922.0;106;192;260;181;245;234
2928.0;107;192;261;180;245;233
2934.0;107;191;261;179;245;235
2940.0;108;192;261;178;244;235
2946.0;109;192;261;178;244;234
2952.0;110;190;261;178;245;234
2958.0;110;190;263;177;244;234
2964.0;110;192;263;174;245;234
2970.0;110;192;264;173;245;234
2976.0;110;192;263;174;246;233
2982.0;111;193;262;173;244;235
2988.0;111;193;262;173;244;235
2994.0;109;194;262;173;245;235
3000.0;109;195;261;174;245;234
3006.0;109;195;261;173;245;235
3012.0;110;197;261;174;245;231
3018.0;110;197;262;173;245;231
3024.0;110;197;261;171;247;232
3030.0;110;196;261;172;247;232
3036.0;109;197;260;172;249;231
3042.0;110;196;260;172;248;232
3048.0;110;196;257;173;249;233
3054.0;112;196;257;171;249;233
3060.0;113;196;257;172;247;233
3066.0;112;196;256;173;247;234
3072.0;112;196;256;174;247;233
3078.0;110;198;256;175;247;232
3084.0;110;198;256;175;248;231
3090.0;110;197;256;175;249;231
3096.0;108;199;256;175;249;231
3102.0;109;198;255;175;250;231
3108.0;108;197;254;176;250;233
3114.0;108;197;252;177;251;233
3120.0;108;196;253;176;252;233
3126.0;109;199;253;173;251;233
3132.0;109;200;252;174;249;234
3138.0;109;200;253;172;250;234
3144.0;108;201;254;170;249;236
3150.0;108;201;254;170;249;236
3156.0;109;201;254;171;247;236
3162.0;108;201;253;171;248;237
3168.0;107;201;253;172;248;237
3174.0;107;200;254;172;248;237
3180.0;108;198;254;172;248;238
3186.0;108;197;255;173;247;238
3192.0;108;197;255;171;248;239
3198.0;108;197;254;170;249;240
3204.0;107;200;252;170;249;240
3210.0;106;201;251;172;248;240
3216.0;105;203;248;173;248;241
3222.0;105;203;246;173;250;241
3228.0;103;203;248;174;249;241
3234.0;103;203;248;174;249;241
3240.0;103;203;247;174;249;242
3246.0;103;203;250;174;247;241
3252.0;103;202;251;173;247;242
3258.0;102;202;251;173;248;242
3264.0;101;202;249;173;250;243
3270.0;102;203;247;172;251;243
3276.0;103;203;247;171;250;244
3282.0;102;202;248;171;251;244
3288.0;101;203;248;170;252;244
3294.0;100;203;249;170;252;244
3300.0;99;204;249;169;251;246
3306.0;100;203;248;170;252;245
3312.0;100;201;248;172;252;245
3318.0;100;200;249;172;253;244
3324.0;101;201;248;172;253;243
3330.0;101;199;249;172;254;243
3336.0;100;199;249;173;254;243
3342.0;100;199;249;173;253;244
3348.0;101;198;249;172;252;246
3354.0;101;198;250;171;252;246
3360.0;102;199;251;170;251;245
3366.0;104;200;252;169;252;241
3372.0;104;201;254;168;252;239
3378.0;104;199;256;167;255;237
3384.0;104;198;256;167;255;238
3390.0;104;197;256;167;255;239
3396.0;103;197;256;167;255;240
3402.0;103;199;256;166;256;238
3408.0;103;200;257;167;254;237
3414.0;102;201;256;167;254;238
3420.0;102;201;256;168;253;238
3426.0;102;201;257;167;253;238
3432.0;102;200;257;168;252;239
3438.0;102;200;258;167;252;239
3444.0;101;200;258;169;251;239
3450.0;100;200;257;170;251;240
3456.0;98;200;258;169;252;241
3462.0;98;200;258;170;251;241
3468.0;97;200;259;170;250;242
3474.0;97;200;259;169;251;242
3480.0;97;200;259;169;251;242
3486.0;97;201;257;168;252;243
3492.0;97;199;258;168;253;243
3498.0;98;199;258;168;253;242
3504.0;99;199;258;169;251;242
3510.0;100;199;258;170;250;241
3516.0;98;199;258;171;252;240
3522.0;98;199;258;171;252;240
3528.0;98;200;258;171;251;240
3534.0;98;199;259;171;252;239
3540.0;98;199;258;171;253;239
3546.0;97;199;258;171;253;240
3552.0;97;199;258;171;253;240
3558.0;98;199;257;170;253;241
3564.0;98;199;257;169;254;241
3570.0;98;199;256;170;255;240
3576.0;98;200;255;171;255;239
3582.0;97;201;257;171;255;237
3588.0;95;200;258;173;255;237
3594.0;96;200;260;171;255;236
3600.0;96;200;260;171;255;236
3606.0;98;199;261;169;255;236
3612.0;97;200;262;167;256;236
3618.0;98;200;261;167;256;236
3624.0;97;201;260;167;257;236
3630.0;97;201;261;165;257;237
3636.0;98;202;261;165;257;235
3642.0;98;201;261;165;258;235
3648.0;99;201;259;164;259;236
3654.0;99;200;260;165;258;236
3660.0;100;200;260;165;257;236
3666.0;100;199;260;167;256;236
3672.0;101;198;260;166;256;237
3678.0;99;198;261;167;256;237
3684.0;99;196;261;167;256;239
3690.0;100;196;262;166;256;238
3696.0;101;195;261;166;256;239
3702.0;101;193;263;166;256;239
3708.0;103;194;263;165;255;238
3714.0;103;194;262;166;254;239
3720.0;102;194;262;165;256;239
3726.0;100;195;260;166;258;239
3732.0;100;197;259;166;257;239
3738.0;99;196;260;167;258;238
3744.0;98;196;260;167;258;239
3750.0;98;196;260;167;258;239
3756.0;98;197;258;167;259;239
3762.0;99;196;258;166;259;240
3768.0;98;195;259;165;261;240
3774.0;97;194;259;166;259;243
3780.0;96;194;259;167;259;243
3786.0;97;192;261;166;259;243
3792.0;97;191;262;164;261;243
3798.0;97;191;261;166;261;242
3804.0;97;189;262;166;262;242
3810.0;96;191;262;167;261;241
3816.0;96;191;262;167;261;241
3822.0;96;191;265;165;262;239
3828.0;96;190;266;165;262;239
3834.0;96;191;267;164;259;241
3840.0;96;190;268;164;259;241
3846.0;96;191;268;164;258;241
3852.0;96;191;269;164;257;241
3858.0;97;190;269;164;258;240
3864.0;96;190;267;164;258;243
3870.0;95;191;267;164;258;243
3876.0;97;189;266;164;258;244
3882.0;98;190;263;164;259;244
3888.0;98;189;263;165;260;243
3894.0;98;189;262;166;260;243
3900.0;98;189;262;166;260;243
3906.0;98;189;264;166;260;241
3912.0;98;188;263;167;262;240
3918.0;98;187;263;169;262;239
3924.0;99;186;263;168;262;240
3930.0;99;184;265;166;265;239
3936.0;98;185;265;166;265;239
3942.0;97;185;264;165;267;240
3948.0;97;185;264;166;266;240
3954.0;97;185;264;166;266;240
3960.0;96;185;263;167;266;241
3966.0;96;185;263;168;265;241
3972.0;95;187;263;167;265;241
3978.0;94;186;263;167;266;242
3984.0;93;186;264;167;266;242
3990.0;92;186;264;167;267;242
3996.0;93;185;263;169;266;242
4002.0;94;185;263;169;265;242
4008.0;93;186;263;169;265;242
4014.0;93;186;262;169;266;242
4020.0;93;186;262;169;266;242
4026.0;93;185;264;169;266;241
4032.0;93;184;263;170;266;242
4038.0;95;184;262;170;265;242
4044.0;96;185;260;170;266;241
4050.0;96;184;259;170;266;243
4056.0;95;183;261;171;267;241
4062.0;95;183;261;171;268;240
4068.0;95;183;262;169;268;241
4074.0;94;182;263;169;269;241
4080.0;94;181;263;170;269;241
4086.0;95;181;263;171;268;240
4092.0;95;180;265;170;268;240
4098.0;94;180;265;170;269;240
4104.0;94;180;265;171;268;240
4110.0;93;182;264;170;267;242
4116.0;93;184;265;169;266;241
4122.0;94;184;265;169;266;240
4128.0;94;184;265;170;265;240
4134.0;96;185;265;169;265;238
4140.0;95;185;264;170;266;238
4146.0;95;184;264;171;266;238
4152.0;95;183;264;171;267;238
4158.0;96;184;263;172;266;237
4164.0;97;184;262;173;265;237
4170.0;97;183;262;174;265;237
4176.0;97;183;260;175;265;238
4182.0;98;184;260;175;264;237
4188.0;100;184;260;173;263;238
4194.0;101;183;260;173;263;238
4200.0;102;183;260;173;263;237
4206.0;103;182;260;173;263;237
4212.0;103;181;260;174;263;237
4218.0;101;183;260;173;263;238
4224.0;101;183;260;173;263;238
4230.0;101;182;259;173;263;240
4236.0;101;181;259;174;263;240
4242.0;102;180;259;175;262;240
4248.0;103;179;258;175;262;241
4254.0;103;179;258;175;262;241
4260.0;103;179;256;175;263;242
4266.0;105;180;255;174;262;242
4272.0;105;180;254;174;264;241
4278.0;106;179;255;175;264;239
4284.0;106;179;255;175;264;239
4290.0;106;179;255;175;264;239
4296.0;106;179;255;175;264;239
4302.0;106;182;254;174;264;238
4308.0;106;182;254;174;263;239
4314.0;105;182;253;175;264;239
4320.0;104;184;253;175;264;238
4326.0;104;183;254;174;265;238
4332.0;104;184;254;174;265;237
4338.0;105;183;253;174;266;237
4344.0;104;185;252;174;267;236
4350.0;106;185;253;174;268;232
4356.0;106;185;253;174;268;232
4362.0;106;184;254;174;268;232
4368.0;107;185;254;173;267;232
4374.0;106;184;253;174;267;234
4380.0;106;183;253;174;268;234
4386.0;106;183;253;174;269;233
4392.0;109;185;254;171;265;234
4398.0;111;185;254;171;264;233
4404.0;111;184;253;172;265;233
4410.0;110;184;253;172;265;234
4416.0;110;184;255;172;264;233
4422.0;109;185;255;173;263;233
4428.0;109;186;255;173;262;233
4434.0;109;186;255;173;262;233
4440.0;110;186;256;173;261;232
4446.0;110;187;256;172;261;232
4452.0;110;187;256;173;260;232
4458.0;108;187;258;172;261;232
4464.0;108;188;258;172;261;231
4470.0;107;188;259;171;261;232
4476.0;107;187;257;171;263;233
4482.0;107;188;256;171;263;233
4488.0;107;187;256;172;261;235
4494.0;106;187;256;174;259;236
4500.0;109;186;255;173;260;235
4506.0;109;186;255;173;260;235
4512.0;109;186;256;173;259;235
4518.0;109;184;257;172;260;236
4524.0;109;184;256;172;260;237
4530.0;108;184;257;172;260;237
4536.0;108;183;256;173;261;237
4542.0;108;184;257;173;260;236
4548.0;104;183;259;174;262;236
4554.0;104;184;258;175;262;235
4560.0;104;183;259;175;262;235
4566.0;106;183;258;176;262;233
4572.0;107;183;258;176;262;232
4578.0;106;184;258;177;261;232
4584.0;108;183;258;177;261;231
4590.0;107;183;258;176;261;233
4596.0;108;184;258;176;260;232
4602.0;108;184;258;176;260;232
4608.0;106;184;258;177;260;233
4614.0;104;186;258;176;260;234
4620.0;104;186;257;177;261;233
4626.0;103;187;257;178;262;231
4632.0;104;186;257;179;262;230
4638.0;106;187;254;179;262;230
4644.0;107;187;254;180;261;229
4650.0;107;187;255;179;261;229
4656.0;109;186;255;178;260;230
4662.0;110;185;255;178;260;230
4668.0;110;184;256;178;259;231
4674.0;109;185;256;179;258;231
4680.0;109;185;257;178;258;231
4686.0;109;185;257;179;258;230
4692.0;109;185;256;181;257;230
4698.0;109;185;258;181;255;230
4704.0;109;186;258;181;255;229
4710.0;107;185;261;181;255;229
4716.0;106;185;261;181;255;230
4722.0;106;186;261;180;257;228
4728.0;107;186;260;180;257;228
4734.0;107;186;261;179;257;228
4740.0;107;184;261;179;258;229
4746.0;104;184;262;180;258;230
4752.0;104;184;263;180;257;230
4758.0;103;182;263;182;257;231
4764.0;104;183;263;181;256;231
4770.0;104;184;263;181;255;231
4776.0;105;182;263;181;255;232
4782.0;103;182;265;177;257;234
4788.0;104;183;265;176;257;233
4794.0;104;184;265;176;258;231
4800.0;104;184;263;177;258;232
4806.0;104;185;262;176;259;232
4812.0;104;185;261;176;260;232
4818.0;104;185;260;177;260;232
4824.0;103;185;263;176;260;231
4830.0;102;185;263;177;260;231
4836.0;101;185;264;177;259;232
4842.0;101;186;262;178;258;233
4848.0;102;184;262;181;254;235
4854.0;102;184;262;182;253;235
4860.0;102;183;264;181;254;234
4866.0;102;184;263;181;254;234
4872.0;101;183;263;182;254;235
4878.0;101;183;263;181;255;235
4884.0;101;183;263;183;253;235
4890.0;102;182;263;183;253;235
4896.0;103;182;262;182;253;236
4902.0;102;185;260;182;253;236
4908.0;103;186;260;182;251;236
4914.0;105;185;259;182;252;235
4920.0;104;185;259;182;252;236
4926.0;103;186;259;182;252;236
4932.0;102;186;259;182;252;237
4938.0;104;186;257;181;252;238
4944.0;104;186;256;182;250;240
4950.0;105;186;256;181;249;241
4956.0;105;186;256;180;249;242
4962.0;104;187;257;179;249;242
4968.0;103;187;257;180;249;242
4974.0;103;185;257;180;252;241
4980.0;103;184;258;179;252;242
4986.0;104;184;258;179;252;241
4992.0;104;184;258;179;252;241
4998.0;102;184;258;178;254;242
5004.0;104;184;258;176;253;243
5010.0;105;185;257;174;253;244
5016.0;105;185;256;175;253;244
5022.0;104;187;255;175;255;242
5028.0;105;187;255;175;254;242
5034.0;105;186;255;175;254;243
5040.0;103;187;255;176;254;243
5046.0;101;188;256;175;254;244
5052.0;102;188;257;174;254;243
5058.0;101;189;256;174;254;244
5064.0;101;188;256;175;253;245
5070.0;101;188;256;176;253;244
5076.0;101;188;256;177;251;245
5082.0;101;189;256;176;250;246
5088.0;102;188;256;176;248;248
5094.0;102;188;256;176;248;248
5100.0;101;188;257;176;248;248
5106.0;101;189;257;176;247;248
5112.0;101;188;258;176;247;248
5118.0;101;188;258;177;247;247
5124.0;102;188;258;176;246;248
5130.0;102;189;257;176;247;247
5136.0;102;189;257;176;246;248
5142.0;101;189;258;176;246;248
5148.0;101;189;258;178;245;247
5154.0;101;190;258;178;244;247
5160.0;101;190;255;181;242;249
5166.0;102;190;254;180;242;250
5172.0;102;190;255;180;242;249
5178.0;100;190;257;179;243;249
5184.0;101;191;254;181;243;248
5190.0;101;192;254;181;242;248
5196.0;102;192;255;181;242;246
5202.0;102;192;255;181;242;246
5208.0;101;192;255;181;242;247
5214.0;100;190;257;180;245;246
5220.0;101;189;258;180;244;246
5226.0;100;190;260;181;243;244
5232.0;100;190;260;182;242;244
5238.0;100;190;260;182;242;244
5244.0;100;191;258;183;241;245
5250.0;101;191;260;182;240;244
5256.0;100;191;260;182;240;245
5262.0;99;190;260;183;239;247
5268.0;100;190;260;183;238;247
5274.0;99;190;261;183;239;246
5280.0;98;191;260;183;240;246
5286.0;98;191;261;182;240;246
5292.0;98;192;261;181;240;246
5298.0;97;194;261;182;239;245
5304.0;99;192;261;182;239;245
5310.0;99;193;260;182;239;245
5316.0;99;193;260;182;239;245
5322.0;98;193;260;182;240;245
5328.0;99;192;260;185;239;243
5334.0;98;192;261;185;239;243
5340.0;97;191;260;186;240;244
5346.0;98;192;260;185;238;245
5352.0;99;192;260;185;238;244
5358.0;99;192;260;185;239;243
5364.0;101;193;260;184;237;243
5370.0;100;195;260;184;236;243
5376.0;99;195;259;184;238;243
5382.0;99;197;260;184;235;243
5388.0;100;197;260;184;234;243
5394.0;99;198;260;184;234;243
5400.0;101;197;258;185;234;243
5406.0;101;197;258;185;234;243
5412.0;102;198;257;185;234;242
5418.0;102;198;256;186;234;242
5424.0;103;198;256;186;234;241
5430.0;102;198;257;187;233;241
5436.0;102;198;255;188;233;242
5442.0;102;198;254;188;233;243
5448.0;103;198;253;187;234;243
5454.0;103;199;252;187;233;244
5460.0;102;199;254;186;233;244
5466.0;103;199;256;186;232;242
5472.0;103;199;256;186;232;242
5478.0;105;198;257;185;230;243
5484.0;105;199;257;185;230;242
5490.0;105;200;257;183;230;243
5496.0;105;198;257;184;230;244
5502.0;105;197;256;184;231;245
5508.0;105;197;255;183;232;246
5514.0;106;197;255;182;232;246
5520.0;106;197;256;183;231;245
5526.0;108;197;255;182;231;245
5532.0;108;198;255;182;231;244
5538.0;107;199;255;181;231;245
5544.0;106;198;254;184;232;244
5550.0;105;197;253;185;234;244
5556.0;105;196;254;184;234;245
5562.0;106;197;255;182;233;245
5568.0;105;198;255;184;231;245
5574.0;105;199;255;184;230;245
5580.0;104;198;256;184;231;245
5586.0;105;201;256;182;230;244
5592.0;108;200;253;182;230;245
5598.0;109;202;253;182;228;244
5604.0;109;202;254;182;227;244
5610.0;108;202;257;179;228;244
5616.0;106;203;257;179;229;244
5622.0;107;201;257;179;229;245
5628.0;106;201;259;179;228;245
5634.0;105;201;259;180;228;245
5640.0;105;200;259;181;228;245
5646.0;104;199;258;183;229;245
5652.0;107;198;259;182;227;245
5658.0;107;198;259;181;228;245
5664.0;108;196;259;181;229;245
5670.0;108;196;259;181;229;245
5676.0;108;196;258;181;229;246
5682.0;109;197;258;180;229;245
5688.0;110;197;259;179;228;245
5694.0;111;196;259;180;228;244
5700.0;111;197;259;180;228;243
5706.0;109;196;258;180;231;244
5712.0;108;197;258;179;232;244
5718.0;107;197;259;179;233;243
5724.0;107;198;259;179;232;243
5730.0;107;198;258;179;233;243
5736.0;109;198;255;180;233;243
5742.0;109;198;255;180;233;243
5748.0;111;199;256;179;233;240
5754.0;109;199;257;178;234;241
5760.0;110;197;257;179;233;242
5766.0;109;197;259;179;233;241
5772.0;110;198;259;180;232;239
5778.0;112;196;259;181;231;239
5784.0;112;196;260;181;230;239
5790.0;113;196;260;181;229;239
5796.0;115;196;259;180;229;239
5802.0;116;196;259;178;231;238
5808.0;116;197;257;178;231;239
5814.0;116;196;257;178;232;239
5820.0;115;195;255;181;233;239
5826.0;115;195;255;182;231;240
5832.0;116;193;255;182;231;241
5838.0;117;191;255;182;231;242
5844.0;117;190;257;181;230;243
5850.0;117;189;257;181;231;243
5856.0;116;189;258;181;230;244
5862.0;116;188;257;180;232;245
5868.0;115;187;259;180;231;246
5874.0;116;187;259;179;231;246
5880.0;117;187;258;181;230;245
5886.0;118;186;258;181;230;245
5892.0;117;186;259;180;231;245
5898.0;118;184;259;180;231;246
5904.0;118;185;260;177;232;246
5910.0;119;186;258;178;231;246
5916.0;119;187;257;177;231;247
5922.0;118;187;256;179;230;248
5928.0;118;187;255;179;231;248
5934.0;118;187;254;179;231;249
5940.0;118;187;254;179;232;248
5946.0;118;186;255;179;232;248
5952.0;119;186;255;178;232;248
5958.0;119;186;255;177;232;249
5964.0;118;185;255;179;233;248
5970.0;117;186;254;180;233;248
5976.0;118;184;254;180;233;249
5982.0;120;183;253;180;232;250
5988.0;120;182;253;180;233;250
5994.0;119;181;253;182;234;249
6000.0;118;182;253;182;235;248
6006.0;119;182;251;182;235;249
6012.0;118;183;251;182;235;249
6018.0;119;184;250;182;235;248
6024.0;120;183;250;184;233;248
6030.0;119;184;250;186;233;246
6036.0;118;184;249;187;234;246
6042.0;117;185;250;186;234;246
6048.0;117;185;250;185;235;246
6054.0;115;186;250;186;233;248
6060.0;115;186;250;185;234;248
6066.0;115;186;251;185;234;247
6072.0;113;186;251;185;235;248
6078.0;113;186;252;185;234;248
6084.0;113;186;252;185;234;248
6090.0;114;187;250;187;233;247
6096.0;113;188;249;185;235;248
6102.0;114;188;249;185;235;247
6108.0;113;187;250;186;235;247
6114.0;112;187;250;186;235;248
6120.0;112;187;250;187;235;247
6126.0;110;186;251;186;236;249
6132.0;109;186;252;184;238;249
6138.0;108;189;251;185;235;250
6144.0;107;189;252;184;236;250
6150.0;106;190;251;185;236;250
6156.0;106;190;250;185;237;250
6162.0;104;190;252;185;237;250
6168.0;103;193;251;184;238;249
6174.0;101;193;250;187;238;249
6180.0;100;193;251;187;239;248
6186.0;98;194;253;186;239;248
6192.0;98;193;254;185;240;248
6198.0;98;194;254;184;240;248
6204.0;97;194;255;183;240;249
6210.0;98;192;257;182;240;249
6216.0;97;190;256;182;242;251
6222.0;97;191;256;182;241;251
6228.0;96;191;257;183;241;250
6234.0;96;190;256;185;242;249
6240.0;96;189;256;186;242;249
6246.0;95;189;257;185;243;249
6252.0;95;190;257;184;243;249
6258.0;95;188;257;185;243;250
6264.0;95;187;256;186;243;251
6270.0;94;188;255;187;243;251
6276.0;95;188;255;187;243;250
6282.0;95;188;256;186;243;250
6288.0;95;187;258;186;243;249
6294.0;95;188;261;184;241;249
6300.0;96;187;261;184;241;249
6306.0;95;187;260;184;242;250
6312.0;94;188;260;184;242;250
6318.0;94;187;260;184;243;250
6324.0;93;188;260;183;243;251
6330.0;93;189;260;184;243;249
6336.0;93;188;260;184;242;251
6342.0;95;187;260;184;243;249
6348.0;96;186;259;185;244;248
6354.0;97;186;258;185;243;249
6360.0;97;185;260;184;243;249
6366.0;97;187;260;183;243;248
6372.0;97;187;260;184;240;250
6378.0;95;189;260;185;239;250
6384.0;96;188;259;186;241;248
6390.0;96;187;260;185;241;249
6396.0;95;187;261;185;241;249
6402.0;95;188;261;184;240;250
6408.0;94;189;261;184;240;250
6414.0;93;189;261;185;240;250
6420.0;93;189;261;186;239;250
6426.0;92;189;261;185;240;251
6432.0;93;189;260;183;241;252
6438.0;93;190;260;183;240;252
6444.0;95;190;260;181;241;251
6450.0;93;190;259;183;242;251
6456.0;93;190;258;182;243;252
6462.0;92;191;257;181;244;253
6468.0;92;191;258;181;244;252
6474.0;91;190;260;182;243;252
6480.0;89;192;260;181;245;251
6486.0;89;192;260;181;246;250
6492.0;89;192;261;180;246;250
6498.0;89;193;260;182;246;248
6504.0;89;193;260;182;246;248
6510.0;89;192;259;182;247;249
6516.0;90;191;259;182;248;248
6522.0;90;190;259;183;248;248
6528.0;91;190;258;182;247;250
6534.0;92;190;257;182;247;250
6540.0;91;189;257;183;248;250
6546.0;91;189;257;183;248;250
6552.0;91;188;256;184;249;250
6558.0;90;186;255;186;251;250
6564.0;92;187;252;186;251;250
6570.0;92;186;252;186;251;251
6576.0;90;188;251;188;250;251
6582.0;91;189;252;187;248;251
6588.0;89;187;254;187;248;253
6594.0;90;187;254;186;248;253
6600.0;90;188;254;184;249;253
6606.0;89;189;254;184;250;252
6612.0;91;188;254;184;250;251
6618.0;91;188;254;184;250;251
6624.0;92;188;253;182;251;252
6630.0;94;187;254;182;250;251
6636.0;94;187;254;183;250;250
6642.0;95;187;254;184;248;250
6648.0;95;187;253;184;247;252
6654.0;95;187;253;183;247;253
6660.0;97;189;252;180;247;253
6666.0;98;189;253;180;245;253
6672.0;97;191;253;180;244;253
6678.0;98;191;253;179;242;255
6684.0;98;191;253;179;242;255
6690.0;98;191;253;179;242;255
6696.0;98;193;252;180;241;254
6702.0;98;192;252;180;242;254
6708.0;101;191;250;180;243;253
6714.0;101;190;249;183;243;252
6720.0;101;190;250;183;242;252
6726.0;101;188;251;183;242;253
6732.0;100;190;251;182;242;253
6738.0;98;190;251;184;241;254
6744.0;98;190;251;182;243;254
6750.0;96;191;253;183;243;252
6756.0;96;191;254;182;242;253
6762.0;94;191;254;183;243;253
6768.0;93;192;254;183;243;253
6774.0;93;192;253;185;242;253
6780.0;92;192;253;188;242;251
6786.0;92;191;253;189;242;251
6792.0;93;191;252;189;240;253
6798.0;92;190;252;190;241;253
6804.0;92;191;253;188;241;253
6810.0;92;191;253;188;240;254
6816.0;93;190;254;188;240;253
6822.0;94;189;254;187;240;254
6828.0;95;189;255;186;240;253
6834.0;95;190;253;186;241;253
6840.0;94;190;254;186;241;253
6846.0;94;190;254;186;241;253
6852.0;95;190;254;187;240;252
6858.0;94;189;254;188;240;253
6864.0;94;189;254;190;238;253
6870.0;95;188;254;190;238;253
6876.0;95;186;255;189;240;253
6882.0;96;185;255;189;239;254
6888.0;97;185;254;187;239;256
6894.0;98;188;253;184;241;254
6900.0;98;188;253;184;241;254
6906.0;97;188;255;184;239;255
6912.0;98;188;255;184;238;255
6918.0;98;188;253;185;238;256
6924.0;98;188;253;185;238;256
6930.0;96;188;255;186;238;255
6936.0;96;187;255;184;241;255
6942.0;96;190;254;185;241;252
6948.0;96;190;253;185;241;253
6954.0;96;191;253;184;241;253
6960.0;96;191;252;183;243;253
6966.0;97;190;252;183;242;254
6972.0;97;190;252;183;241;255
6978.0;95;190;254;182;241;256
6984.0;93;189;256;182;241;257
6990.0;92;190;256;182;241;257
6996.0;92;191;257;181;240;257
7002.0;95;189;257;182;239;256
7008.0;97;187;258;180;239;257
7014.0;98;188;257;178;239;258
7020.0;101;187;258;177;238;257
7026.0;98;187;259;179;238;257
7032.0;98;188;260;178;238;256
7038.0;100;186;260;178;237;257
7044.0;99;186;260;179;237;257
7050.0;99;186;259;179;238;257
7056.0;98;187;258;180;238;257
7062.0;98;187;258;180;238;257
7068.0;98;188;258;180;238;256
7074.0;98;188;259;179;239;255
7080.0;98;188;261;178;239;254
7086.0;99;189;261;178;240;251
7092.0;100;189;260;178;241;250
7098.0;100;189;261;178;241;249
7104.0;100;189;260;179;241;249
7110.0;99;188;260;181;241;249
7116.0;98;188;262;182;240;248
7122.0;98;187;260;184;243;246
7128.0;98;189;261;182;242;246
7134.0;99;190;261;181;243;244
7140.0;97;191;261;181;244;244
7146.0;97;191;261;181;244;244
7152.0;97;191;260;183;244;243
7158.0;98;192;258;183;243;244
7164.0;98;192;259;185;243;241
7170.0;98;192;261;183;244;240
7176.0;98;192;263;182;243;240
7182.0;96;193;263;183;243;240
7188.0;95;193;265;181;244;240
7194.0;95;192;265;182;244;240
7200.0;96;193;263;181;243;242
7206.0;96;193;263;182;242;242
7212.0;95;193;262;183;242;243
7218.0;94;192;262;184;241;245
7224.0;94;190;263;184;241;246
7230.0;93;190;264;182;240;249
7236.0;92;192;264;181;239;250
7242.0;93;192;264;182;238;249
7248.0;93;191;261;184;239;250
7254.0;93;191;263;184;239;248
7260.0;92;191;264;184;239;248
7266.0;92;192;264;183;239;248
7272.0;91;193;263;185;240;246
7278.0;92;191;265;186;239;245
7284.0;93;190;265;187;240;243
7290.0;92;190;266;186;241;243
7296.0;93;189;266;185;242;243
7302.0;94;190;265;185;240;244
7308.0;94;190;266;186;240;242
7314.0;95;188;266;187;240;242
7320.0;95;186;266;187;242;242
7326.0;94;187;265;187;243;242
7332.0;93;186;266;186;245;242
7338.0;93;185;265;188;244;243
7344.0;94;184;265;188;244;243
7350.0;93;184;265;188;244;244
7356.0;93;184;266;188;243;244
7362.0;93;185;267;188;242;243
7368.0;93;185;267;189;242;242
7374.0;93;185;267;189;243;241
7380.0;94;185;266;189;243;241
7386.0;95;185;266;188;243;241
7392.0;94;185;266;188;244;241
7398.0;93;185;263;188;247;242
7404.0;93;185;264;189;247;240
7410.0;94;185;262;189;247;241
7416.0;94;185;261;189;249;240
7422.0;93;187;261;190;247;240
7428.0;93;186;260;190;248;241
7434.0;93;187;260;190;247;241
7440.0;93;187;260;189;249;240
7446.0;93;187;259;189;249;241
7452.0;93;187;258;188;250;242
7458.0;94;186;259;188;249;242
7464.0;95;185;259;188;249;242
7470.0;94;185;259;187;251;242
7476.0;94;185;259;187;251;242
7482.0;94;185;259;188;250;242
7488.0;93;186;259;188;249;243
7494.0;94;185;259;188;249;243
7500.0;96;185;259;188;248;242
7506.0;95;185;259;188;249;242
7512.0;95;185;259;189;249;241
7518.0;94;186;259;189;249;241
7524.0;93;186;259;191;248;241
7530.0;93;186;258;191;247;243
7536.0;93;186;257;192;247;243
7542.0;92;186;257;193;247;243
7548.0;92;185;257;193;246;245
7554.0;94;186;254;192;246;246
7560.0;94;187;254;192;246;245
7566.0;93;186;254;192;246;247
7572.0;93;184;252;193;247;249
7578.0;94;184;252;192;248;248
7584.0;93;184;254;191;248;248
7590.0;93;185;253;190;249;248
7596.0;92;186;252;190;250;248
7602.0;92;185;252;190;249;250
7608.0;92;184;253;190;250;249
7614.0;92;184;255;191;250;246
7620.0;92;184;254;192;250;246
7626.0;92;183;254;192;249;248
7632.0;93;182;254;192;249;248
7638.0;93;181;252;192;251;249
7644.0;93;181;252;191;251;250
7650.0;93;181;252;192;251;249
7656.0;93;182;253;191;249;250
7662.0;93;180;253;193;249;250
7668.0;91;180;254;193;250;250
7674.0;93;178;253;196;250;248
7680.0;93;178;253;196;250;248
7686.0;92;179;253;194;250;250
7692.0;90;180;254;195;250;249
7698.0;89;181;255;194;250;249
7704.0;89;181;254;194;250;250
7710.0;89;182;253;194;250;250
7716.0;89;183;252;194;251;249
7722.0;89;182;253;195;251;248
7728.0;89;182;253;195;251;248
7734.0;88;181;253;197;250;249
7740.0;88;181;253;197;250;249
7746.0;88;181;253;197;250;249
7752.0;89;180;253;199;249;248
7758.0;89;180;254;199;249;247
7764.0;91;178;255;198;250;246
7770.0;90;179;255;197;249;248
7776.0;90;178;255;198;249;248
7782.0;90;178;255;200;249;246
7788.0;89;178;255;200;248;248
7794.0;89;175;256;199;249;250
7800.0;88;174;257;199;251;249
7806.0;88;174;257;199;249;251
7812.0;89;174;256;197;249;253
7818.0;87;173;256;199;250;253
7824.0;87;173;256;199;249;254
7830.0;87;173;255;199;252;252
7836.0;87;173;255;199;252;252
7842.0;87;173;255;200;254;249
7848.0;88;173;256;199;253;249
7854.0;88;174;256;199;251;250
7860.0;89;174;256;198;250;251
7866.0;91;176;253;197;251;250
7872.0;92;177;253;197;250;249
7878.0;92;177;254;196;251;248
7884.0;91;177;253;197;252;248
7890.0;90;176;251;198;254;249
7896.0;88;176;251;198;254;251
7902.0;88;176;251;197;255;251
7908.0;89;176;249;197;255;252
7914.0;89;175;249;198;256;251
7920.0;89;176;247;199;257;250
7926.0;90;173;246;198;258;253
7932.0;91;172;247;196;258;254
7938.0;92;172;248;195;257;254
7944.0;93;172;246;195;258;254
7950.0;93;171;248;195;257;254
7956.0;92;172;249;195;256;254
7962.0;92;172;249;195;256;254
7968.0;92;172;249;193;259;253
7974.0;91;172;248;194;260;253
7980.0;90;171;249;194;260;254
7986.0;90;172;249;194;260;253
7992.0;92;172;249;193;259;253
7998.0;92;173;248;194;258;253
8004.0;89;173;249;194;258;255
8010.0;89;174;249;193;258;255
8016.0;89;174;251;192;258;254
8022.0;90;174;251;193;258;252
8028.0;90;175;252;193;257;251
8034.0;90;175;253;193;257;250
8040.0;90;175;253;193;257;250
8046.0;89;175;254;193;257;250
8052.0;90;176;254;193;256;249
8058.0;88;177;254;195;257;247
8064.0;87;179;254;195;257;246
8070.0;86;180;254;195;257;246
8076.0;86;180;254;195;257;246
8082.0;87;180;255;195;256;245
8088.0;88;181;256;194;255;244
8094.0;89;182;256;194;253;244
8100.0;89;183;256;193;253;244
8106.0;90;182;257;193;252;244
8112.0;90;183;258;194;251;242
8118.0;90;183;258;194;251;242
8124.0;91;184;260;191;251;241
8130.0;91;184;262;191;249;241
8136.0;91;185;263;191;247;241
8142.0;91;184;263;191;248;241
8148.0;91;184;264;189;248;242
8154.0;90;185;264;189;248;242
8160.0;91;185;264;188;249;241
8166.0;92;185;263;187;250;241
8172.0;91;186;263;186;250;242
8178.0;91;187;263;185;250;242
8184.0;91;187;263;185;249;243
8190.0;91;187;262;184;250;244
8196.0;92;186;264;183;248;245
8202.0;93;186;262;184;249;244
8208.0;93;186;262;184;249;244
8214.0;92;185;262;185;249;245
8220.0;93;185;262;184;248;246
8226.0;94;184;260;185;249;246
8232.0;94;184;260;184;250;246
8238.0;93;184;260;183;251;247
8244.0;91;184;261;183;251;248
8250.0;90;184;261;183;250;250
8256.0;90;184;259;185;249;251
8262.0;90;184;260;184;249;251
8268.0;89;185;260;184;249;251
8274.0;89;185;261;184;248;251
8280.0;89;185;261;184;248;251
8286.0;88;186;261;184;249;250
8292.0;88;184;263;184;249;250
8298.0;88;184;263;184;249;250
8304.0;88;185;262;184;249;250
8310.0;89;183;262;185;249;250
8316.0;89;184;261;185;249;250
8322.0;88;186;262;186;246;250
8328.0;88;186;262;186;246;250
8334.0;88;185;262;186;247;250
8340.0;88;185;261;186;248;250
8346.0;89;185;260;186;248;250
8352.0;89;184;261;185;249;250
8358.0;88;185;262;185;249;249
8364.0;90;184;261;184;248;251
8370.0;91;183;261;184;247;252
8376.0;89;182;261;184;248;254
8382.0;88;181;260;183;251;255
8388.0;88;181;259;184;251;255
8394.0;88;182;258;184;251;255
8400.0;88;182;258;186;251;253
8406.0;86;183;258;185;253;253
8412.0;85;183;258;186;253;253
8418.0;84;183;258;187;253;253
8424.0;83;186;260;185;251;253
8430.0;83;185;260;185;250;255
8436.0;81;185;261;185;251;255
8442.0;81;184;260;185;252;256
8448.0;82;184;259;183;253;257
8454.0;82;184;259;184;253;256
8460.0;82;184;260;184;253;255
8466.0;84;183;258;182;257;254
8472.0;85;182;256;180;259;256
8478.0;85;182;257;179;259;256
8484.0;83;181;258;179;260;257
8490.0;85;182;257;178;259;257
8496.0;85;182;257;179;259;256
8502.0;87;181;256;179;259;256
8508.0;87;182;257;178;258;256
8514.0;87;183;256;177;259;256
8520.0;86;182;256;177;261;256
8526.0;85;182;256;177;260;258
8532.0;85;184;256;176;260;257
8538.0;86;185;255;176;259;257
8544.0;86;185;255;176;259;257
8550.0;86;187;255;175;259;256
8556.0;86;187;255;175;259;256
8562.0;85;188;255;177;259;254
8568.0;84;189;254;178;258;255
8574.0;83;190;256;178;256;255
8580.0;81;190;256;177;259;255
8586.0;81;189;254;177;261;256
8592.0;82;187;253;179;263;254
8598.0;82;186;253;179;264;254
8604.0;82;186;253;179;264;254
8610.0;81;187;252;179;265;254
8616.0;82;185;252;181;264;254
8622.0;82;185;252;182;264;253
8628.0;80;185;253;184;263;253
8634.0;80;186;253;184;263;252
8640.0;80;186;252;185;265;250
8646.0;80;184;253;185;266;250
8652.0;80;184;253;185;266;250
8658.0;80;184;254;184;266;250
8664.0;80;184;255;185;264;250
8670.0;81;186;256;184;263;248
8676.0;81;187;254;185;261;250
8682.0;81;186;254;185;262;250
8688.0;82;187;253;185;263;248
8694.0;84;187;252;189;259;247
8700.0;84;188;252;189;259;246
8706.0;84;187;253;190;259;245
8712.0;84;189;251;188;260;246
8718.0;84;189;252;187;260;246
8724.0;82;188;253;189;259;247
8730.0;82;186;256;188;260;246
8736.0;83;186;255;189;259;246
8742.0;84;185;255;188;259;247
8748.0;83;185;256;188;259;247
8754.0;83;186;257;188;260;244
8760.0;82;186;258;188;260;244
8766.0;83;185;258;188;260;244
8772.0;83;185;259;187;260;244
8778.0;83;186;259;187;259;244
8784.0;83;184;260;187;260;244
8790.0;82;185;259;188;259;245
8796.0;82;184;260;189;259;244
8802.0;83;184;260;189;258;244
8808.0;84;186;259;189;256;244
8814.0;83;183;260;190;257;245
8820.0;83;183;261;190;257;244
8826.0;84;184;261;192;256;241
8832.0;83;184;260;194;256;241
8838.0;83;184;260;194;255;242
8844.0;84;184;259;192;257;242
8850.0;84;183;259;192;258;242
8856.0;85;181;259;193;259;241
8862.0;84;181;259;192;260;242
8868.0;84;181;260;193;259;241
8874.0;85;180;262;191;259;241
8880.0;84;180;262;191;259;242
8886.0;84;181;262;191;259;241
8892.0;84;178;262;193;260;241
8898.0;84;178;262;194;260;240
8904.0;84;177;260;195;261;241
8910.0;84;178;259;195;260;242
8916.0;82;179;259;196;260;242
8922.0;83;177;257;196;262;243
8928.0;84;177;257;196;262;242
8934.0;82;178;257;194;263;244
8940.0;81;179;256;194;263;245
8946.0;81;179;256;194;263;245
8952.0;82;178;256;193;263;246
8958.0;81;178;256;194;262;247
8964.0;83;178;254;193;263;247
8970.0;82;178;254;192;264;248
8976.0;82;178;254;192;264;248
8982.0;83;178;254;193;263;247
8988.0;85;177;254;194;263;245
8994.0;85;176;255;195;263;244
9000.0;86;177;255;193;262;245
9006.0;86;177;255;193;262;245
9012.0;85;177;254;194;263;245
9018.0;84;177;252;194;265;246
9024.0;85;177;252;194;265;245
9030.0;86;176;251;195;264;246
9036.0;86;175;251;196;264;246
9042.0;85;174;251;196;264;248
9048.0;83;175;251;196;265;248
9054.0;81;175;251;196;267;248
9060.0;81;175;250;196;267;249
9066.0;81;176;249;194;268;250
9072.0;81;177;248;194;267;251
9078.0;81;177;247;194;267;252
9084.0;80;177;247;194;268;252
9090.0;79;177;249;193;267;253
9096.0;81;177;249;192;268;251
9102.0;80;176;251;191;268;252
9108.0;79;180;250;187;269;253
9114.0;78;179;250;188;270;253
9120.0;78;179;248;189;269;255
9126.0;79;178;248;189;269;255
9132.0;80;177;250;188;268;255
9138.0;82;177;249;188;268;254
9144.0;81;177;249;189;268;254
9150.0;81;177;249;188;270;253
9156.0;81;178;248;189;269;253
9162.0;81;179;248;188;269;253
9168.0;81;179;248;188;269;253
9174.0;81;177;251;189;268;252
9180.0;81;178;251;188;268;252
9186.0;79;178;251;188;271;251
9192.0;78;178;251;189;271;251
9198.0;78;178;252;189;271;250
9204.0;78;179;252;189;272;248
9210.0;78;179;253;189;272;247
9216.0;77;182;251;188;272;248
9222.0;77;182;250;187;273;249
9228.0;78;181;251;186;274;248
9234.0;78;180;251;188;274;247
9240.0;77;179;252;190;274;246
9246.0;77;179;252;190;274;246
9252.0;77;180;252;190;273;246
9258.0;77;179;254;190;271;247
9264.0;77;179;253;191;270;248
9270.0;78;179;254;190;269;248
9276.0;81;180;252;190;267;248
9282.0;79;181;250;192;268;248
9288.0;79;182;250;192;266;249
9294.0;78;181;250;192;267;250
9300.0;78;180;252;193;266;249
9306.0;79;181;252;194;263;249
9312.0;79;183;251;194;262;249
9318.0;78;183;252;194;262;249
9324.0;78;182;252;194;261;251
9330.0;79;181;251;194;262;251
9336.0;79;181;251;194;262;251
9342.0;77;180;252;196;261;252
9348.0;77;179;252;198;261;251
9354.0;78;179;252;197;261;251
9360.0;78;179;252;198;260;251
9366.0;79;178;252;197;262;250
9372.0;78;179;251;195;263;252
9378.0;79;178;253;195;262;251
9384.0;79;178;254;195;262;250
9390.0;79;178;254;195;262;250
9396.0;76;178;254;196;263;251
9402.0;76;178;254;195;263;252
9408.0;76;178;254;197;262;251
9414.0;76;177;254;197;262;252
9420.0;75;178;256;195;262;252
9426.0;75;178;256;195;262;252
9432.0;77;177;254;194;263;253
9438.0;78;176;255;193;263;253
9444.0;78;176;254;194;263;253
9450.0;78;176;254;192;265;253
9456.0;77;177;254;193;265;252
9462.0;77;177;254;193;265;252
9468.0;79;177;253;193;265;251
9474.0;79;177;253;193;264;252
9480.0;79;176;251;195;265;252
9486.0;80;177;250;196;263;252
9492.0;80;177;250;195;264;252
9498.0;82;177;249;195;264;251
9504.0;83;178;247;195;265;250
9510.0;84;177;247;193;268;249
9516.0;85;175;248;193;269;248
9522.0;85;176;248;192;269;248
9528.0;85;176;247;192;270;248
9534.0;84;177;247;193;270;247
9540.0;84;176;250;191;270;247
9546.0;86;175;249;191;270;247
9552.0;85;174;250;191;269;249
9558.0;85;176;251;189;268;249
9564.0;84;176;251;189;269;249
9570.0;84;176;251;190;268;249
9576.0;84;177;250;190;268;249
9582.0;81;177;251;190;268;251
9588.0;81;176;251;189;269;252
9594.0;80;176;250;189;271;252
9600.0;79;178;251;186;272;252
9606.0;79;177;252;185;273;252
9612.0;78;178;252;185;273;252
9618.0;79;178;252;184;273;252
9624.0;79;178;252;186;272;251
9630.0;79;178;253;185;272;251
9636.0;78;180;251;184;274;251
9642.0;76;180;253;183;274;252
9648.0;76;181;254;181;274;252
9654.0;76;181;255;181;272;253
9660.0;76;182;255;181;271;253
9666.0;76;182;255;181;271;253
9672.0;75;183;255;182;271;252
9678.0;75;182;255;182;271;253
9684.0;75;183;253;180;274;253
9690.0;77;186;251;179;273;252
9696.0;77;186;250;181;273;251
9702.0;77;185;249;183;274;250
9708.0;76;183;250;182;276;251
9714.0;77;184;249;180;277;251
9720.0;76;184;250;180;277;251
9726.0;75;185;249;179;278;252
9732.0;74;185;249;181;278;251
9738.0;74;185;250;181;277;251
9744.0;75;185;250;181;276;251
9750.0;77;184;250;180;276;251
9756.0;78;186;249;180;276;249
9762.0;79;186;248;181;274;250
9768.0;78;186;250;182;274;248
9774.0;79;186;251;181;274;247
9780.0;80;185;251;181;274;247
9786.0;81;183;251;181;274;248
9792.0;83;183;250;180;274;248
9798.0;84;183;248;182;274;247
9804.0;84;183;248;182;274;247
9810.0;84;183;249;181;275;246
9816.0;84;182;248;182;276;246
9822.0;83;182;248;183;276;246
9828.0;84;180;248;184;276;246
9834.0;84;180;249;183;277;245
9840.0;83;180;250;182;278;245
9846.0;83;180;250;182;277;246
9852.0;83;181;250;182;275;247
9858.0;83;181;250;182;275;247
9864.0;83;181;248;183;275;248
9870.0;82;180;247;185;275;249
9876.0;83;180;247;184;275;249
9882.0;83;180;248;184;274;249
9888.0;83;178;247;185;273;252
9894.0;85;177;246;185;274;251
9900.0;85;174;247;186;273;253
9906.0;84;174;247;185;274;254
9912.0;84;173;245;187;275;254
9918.0;85;172;245;187;275;254
9924.0;84;172;246;188;275;253
9930.0;84;172;245;188;276;253
9936.0;84;172;245;188;276;253
9942.0;83;172;246;188;276;253
9948.0;83;172;246;187;275;255
9954.0;84;172;245;187;275;255
9960.0;85;172;244;188;274;255
9966.0;85;172;243;187;275;256
9972.0;84;172;244;187;275;256
9978.0;84;172;243;188;275;256
9984.0;84;175;242;189;273;255
9990.0;84;175;240;190;274;255
9996.0;84;175;240;189;275;255
10002.0;83;176;239;189;275;256
10008.0;83;176;240;190;274;255
10014.0;83;176;241;190;274;254
10020.0;84;176;241;190;272;255
10026.0;85;176;241;190;272;254
10032.0;85;177;241;190;272;253
10038.0;85;176;240;190;273;254
10044.0;83;177;242;189;274;253
10050.0;83;178;240;191;273;253
10056.0;83;177;239;194;272;253
10062.0;82;180;239;194;271;252
10068.0;82;180;239;194;272;251
10074.0;83;180;238;194;272;251
10080.0;83;180;238;194;272;251
10086.0;85;179;238;192;273;251
10092.0;85;179;238;192;273;251
10098.0;85;179;239;192;273;250
10104.0;84;179;239;192;274;250
10110.0;84;178;239;191;275;251
10116.0;85;180;239;190;273;251
10122.0;84;180;239;190;274;251
10128.0;86;181;238;190;272;251
10134.0;85;181;238;191;271;252
10140.0;83;182;237;191;271;254
10146.0;83;182;237;192;271;253
10152.0;82;182;237;193;271;253
10158.0;82;182;236;193;271;254
10164.0;82;182;236;193;271;254
10170.0;82;182;237;192;271;254
10176.0;82;181;235;192;271;257
10182.0;82;180;236;192;271;257
10188.0;83;180;236;193;270;256
10194.0;83;179;236;192;271;257
10200.0;84;179;236;191;271;257
10206.0;84;179;236;191;271;257
10212.0;84;178;238;191;271;256
10218.0;83;178;238;191;271;257
10224.0;83;181;237;193;268;256
10230.0;83;181;236;193;268;257
10236.0;84;180;238;192;267;257
10242.0;85;177;239;194;268;255
10248.0;85;177;239;194;269;254
10254.0;84;177;239;195;269;254
10260.0;84;178;238;195;269;254
10266.0;85;178;238;194;269;254
10272.0;85;178;239;193;268;255
10278.0;86;178;239;192;269;254
10284.0;87;177;240;191;269;254
10290.0;87;176;240;191;270;254
10296.0;87;175;241;192;269;254
10302.0;87;175;241;192;269;254
10308.0;87;176;241;192;268;254
10314.0;88;178;241;191;267;253
10320.0;89;179;240;190;267;253
10326.0;91;178;240;190;266;253
10332.0;91;177;243;190;267;250
10338.0;90;176;245;190;267;250
10344.0;90;174;245;190;269;250
10350.0;90;174;245;189;271;249
10356.0;89;173;246;190;271;249
10362.0;90;173;245;192;270;248
10368.0;90;172;246;191;271;248
10374.0;90;169;246;192;273;248
10380.0;91;169;246;191;273;248
10386.0;90;168;248;190;273;249
10392.0;91;168;250;189;271;249
10398.0;92;168;250;189;271;248
10404.0;92;168;250;190;270;248
10410.0;92;168;250;190;270;248
10416.0;92;167;251;189;271;248
10422.0;91;168;250;190;270;249
10428.0;93;168;250;190;270;247
10434.0;92;168;250;190;270;248
10440.0;92;168;250;191;271;246
10446.0;92;169;250;192;270;245
10452.0;91;170;250;192;271;244
10458.0;92;171;250;192;270;243
10464.0;91;171;251;191;271;243
10470.0;90;170;251;192;272;243
10476.0;90;172;252;189;272;243
10482.0;90;173;251;190;272;242
10488.0;91;174;249;191;271;242
10494.0;92;173;249;191;272;241
10500.0;93;174;249;191;271;240
10506.0;93;174;249;191;271;240
10512.0;93;175;249;190;271;240
10518.0;93;175;249;190;271;240
10524.0;93;175;249;190;272;239
10530.0;93;175;249;190;272;239
10536.0;94;174;248;192;272;238
10542.0;95;175;247;192;271;238
10548.0;95;175;248;193;270;237
10554.0;94;176;249;192;271;236
10560.0;94;176;249;192;272;235
10566.0;94;176;249;192;273;234
10572.0;95;175;246;193;275;234
10578.0;95;176;247;190;276;234
10584.0;95;176;247;189;276;235
10590.0;96;176;247;189;275;235
10596.0;94;178;246;190;274;236
10602.0;94;178;246;189;274;237
10608.0;93;178;245;189;275;238
10614.0;92;178;244;190;275;239
10620.0;91;177;244;190;278;238
10626.0;91;177;243;189;280;238
10632.0;90;175;244;188;282;239
10638.0;91;176;246;187;279;239
10644.0;90;176;246;188;280;238
10650.0;89;176;248;189;279;237
10656.0;89;176;249;189;279;236
10662.0;88;179;248;188;278;237
10668.0;88;178;248;188;279;237
10674.0;88;179;248;188;279;236
10680.0;88;179;249;188;278;236
10686.0;87;179;247;188;279;238
10692.0;87;179;247;188;278;239
10698.0;86;180;247;188;278;239
10704.0;85;180;246;188;278;241
10710.0;85;180;246;189;277;241
10716.0;87;179;246;189;277;240
10722.0;87;178;248;188;276;241
10728.0;88;179;248;188;274;241
10734.0;87;180;248;189;274;240
10740.0;87;181;249;189;273;239
10746.0;88;183;248;189;271;239
10752.0;86;184;247;190;273;238
10758.0;86;185;246;190;274;237
10764.0;86;185;246;191;274;236
10770.0;86;185;244;193;274;236
10776.0;86;185;245;193;272;237
10782.0;86;186;244;194;272;236
10788.0;87;186;243;194;272;236
10794.0;87;187;243;193;272;236
