#auto generated file!
12.0;259;262;254;243;252;254
18.0;259;263;254;242;252;254
24.0;259;261;256;242;251;255
30.0;259;260;255;241;251;258
36.0;258;260;254;242;252;258
42.0;257;261;253;243;252;258
48.0;255;261;255;243;252;258
54.0;255;261;255;242;253;258
60.0;254;260;255;242;255;258
66.0;256;258;255;242;257;256
72.0;257;257;256;243;255;256
78.0;256;258;257;240;255;258
84.0;254;256;260;242;255;257
90.0;251;258;261;243;255;256
96.0;245;258;262;245;256;258
102.0;244;257;262;245;257;259
108.0;245;256;261;244;258;260
114.0;243;256;261;245;258;261
120.0;242;257;261;245;258;261
126.0;241;257;262;242;259;263
132.0;239;257;262;244;260;262
138.0;238;257;262;244;261;262
144.0;236;258;263;244;260;263
150.0;235;256;263;242;263;265
156.0;232;258;263;242;262;267
162.0;234;257;264;240;262;267
168.0;234;257;263;241;262;267
174.0;234;257;263;241;262;267
180.0;236;257;262;240;263;266
186.0;235;257;263;239;264;266
192.0;235;257;264;238;264;266
198.0;233;256;264;239;266;266
204.0;233;256;264;239;266;266
210.0;232;256;263;240;267;266
216.0;230;257;265;240;266;266
222.0;230;257;266;239;265;267
228.0;229;256;267;239;264;269
234.0;228;256;267;239;265;269
240.0;228;257;264;239;267;269
246.0;230;257;263;238;266;270
252.0;232;257;262;237;266;270
258.0;231;256;262;237;267;271
264.0;231;255;262;238;267;271
270.0;228;255;264;237;268;272
276.0;227;254;265;238;268;272
282.0;226;254;266;238;269;271
288.0;225;253;267;238;274;267
294.0;224;253;266;238;275;268
300.0;224;253;267;238;273;269
306.0;225;253;268;237;272;269
312.0;222;255;268;239;271;269
318.0;222;256;268;237;271;270
324.0;222;257;269;236;271;269
330.0;219;256;273;236;272;268
336.0;219;255;273;236;272;269
342.0;219;255;273;235;272;270
348.0;216;255;273;236;273;271
354.0;216;256;273;236;273;270
360.0;214;256;273;236;273;272
366.0;213;257;272;234;276;272
372.0;213;259;272;233;275;272
378.0;212;256;275;234;277;270
384.0;210;258;276;234;276;270
390.0;208;259;276;233;277;271
396.0;208;259;275;232;278;272
402.0;207;258;274;234;281;270
408.0;207;258;274;233;280;272
414.0;205;257;275;233;281;273
420.0;204;258;274;234;281;273
426.0;206;257;272;237;279;273
432.0;207;257;272;236;278;274
438.0;207;258;273;236;278;272
444.0;206;258;273;237;279;271
450.0;206;258;274;236;279;271
456.0;204;258;274;237;279;272
462.0;203;259;276;237;278;271
468.0;203;259;277;237;278;270
474.0;203;258;277;240;277;269
480.0;202;258;279;239;278;268
486.0;203;257;279;239;277;269
492.0;205;256;278;239;278;268
498.0;207;254;278;239;278;268
504.0;207;254;277;240;278;268
510.0;205;255;276;239;282;267
516.0;203;256;276;240;282;267
522.0;204;255;276;240;282;267
528.0;206;253;275;241;283;266
534.0;205;253;276;242;283;265
540.0;204;253;276;243;283;265
546.0;205;253;276;243;283;264
552.0;205;254;276;243;282;264
558.0;205;252;277;243;283;264
564.0;204;251;278;243;283;265
570.0;203;252;280;242;283;264
576.0;203;251;280;242;282;266
582.0;202;253;280;241;283;265
588.0;200;254;281;241;283;265
594.0;200;256;279;240;283;266
600.0;199;255;278;239;286;267
606.0;199;255;280;238;285;267
612.0;199;257;280;236;286;266
618.0;198;258;281;236;286;265
624.0;200;257;282;235;285;265
630.0;201;256;282;232;286;267
636.0;199;255;281;233;288;268
642.0;199;254;282;233;288;268
648.0;199;253;281;234;289;268
654.0;198;254;281;235;289;267
660.0;199;254;281;234;287;269
666.0;200;253;280;235;287;269
672.0;199;252;280;236;288;269
678.0;201;252;280;235;287;269
684.0;201;253;278;234;289;269
690.0;197;254;280;235;290;268
696.0;195;256;279;236;290;268
702.0;194;256;279;238;289;268
708.0;195;258;279;237;288;267
714.0;193;259;279;237;289;267
720.0;191;260;279;238;289;267
726.0;191;261;278;238;288;268
732.0;189;262;279;238;287;269
738.0;186;261;280;239;289;269
744.0;187;260;279;240;290;268
750.0;186;260;280;240;290;268
756.0;184;262;281;238;291;268
762.0;185;264;281;236;290;268
768.0;185;264;280;234;291;270
774.0;185;263;282;235;290;269
780.0;185;262;282;234;289;272
786.0;184;263;282;234;289;272
792.0;185;262;282;234;289;272
798.0;184;261;283;236;290;270
804.0;185;260;282;235;292;270
810.0;185;261;281;235;292;270
816.0;184;263;280;233;292;272
822.0;184;261;281;235;291;272
828.0;183;262;282;233;291;273
834.0;183;260;282;235;291;273
840.0;184;260;281;236;291;272
846.0;181;261;283;236;291;272
852.0;181;261;280;236;292;274
858.0;181;262;280;236;291;274
864.0;181;261;281;236;291;274
870.0;181;261;282;234;292;274
876.0;180;259;282;235;292;276
882.0;179;257;283;236;292;277
888.0;178;257;284;237;291;277
894.0;177;258;284;237;290;278
900.0;178;258;283;239;289;277
906.0;179;260;281;237;290;277
912.0;179;260;284;233;291;277
918.0;177;260;284;233;293;277
924.0;177;260;285;233;293;276
930.0;178;259;285;231;295;276
936.0;179;257;286;230;294;278
942.0;179;257;286;229;294;279
948.0;177;260;286;228;294;279
954.0;178;259;286;227;294;280
960.0;177;259;284;226;297;281
966.0;178;258;284;225;297;282
972.0;177;258;284;226;297;282
978.0;179;256;285;226;295;283
984.0;179;256;285;227;294;283
990.0;180;256;284;227;294;283
996.0;179;256;284;228;294;283
1002.0;177;257;285;228;292;285
1008.0;177;258;285;228;291;285
1014.0;177;258;285;228;291;285
1020.0;177;258;285;227;291;286
1026.0;174;259;287;227;292;285
1032.0;174;257;289;227;293;284
1038.0;174;257;289;227;293;284
1044.0;174;257;289;227;293;284
1050.0;172;255;286;230;300;281
1056.0;167;254;288;230;302;283
1062.0;166;256;287;231;301;283
1068.0;165;258;285;232;302;282
1074.0;165;259;283;232;303;282
1080.0;167;258;282;231;304;282
1086.0;167;256;284;230;305;282
1092.0;166;256;283;228;307;284
1098.0;166;258;283;225;305;287
1104.0;165;258;286;224;304;287
1110.0;166;257;286;224;304;287
1116.0;167;259;286;223;303;286
1122.0;166;259;287;223;303;286
1128.0;166;257;288;226;302;285
1134.0;166;257;290;226;299;286
1140.0;165;255;292;226;300;286
1146.0;165;255;292;227;300;285
1152.0;167;253;290;228;299;287
1158.0;167;250;293;229;300;285
1164.0;165;251;293;227;301;287
1170.0;165;252;293;225;302;287
1176.0;164;253;293;224;302;288
1182.0;165;253;293;224;303;286
1188.0;165;254;292;224;304;285
1194.0;164;255;291;225;304;285
1200.0;164;255;291;224;307;283
1206.0;164;255;289;224;307;285
1212.0;164;255;290;224;306;285
1218.0;164;256;290;223;307;284
1224.0;164;257;290;224;307;282
1230.0;163;257;293;222;307;282
1236.0;163;258;294;222;306;281
1242.0;163;259;294;222;306;280
1248.0;165;259;295;220;305;280
1254.0;164;261;296;219;305;279
1260.0;165;261;295;219;305;279
1266.0;166;260;294;220;305;279
1272.0;166;261;293;220;305;279
1278.0;168;261;293;220;304;278
1284.0;168;261;293;221;303;278
1290.0;166;262;292;225;303;276
1296.0;167;261;292;225;304;275
1302.0;168;260;294;225;303;274
1308.0;167;261;294;224;303;275
1314.0;167;261;295;223;303;275
1320.0;167;261;294;222;302;278
1326.0;165;261;295;222;302;279
1332.0;166;260;295;221;303;279
1338.0;166;260;295;220;303;280
1344.0;166;259;296;220;303;280
1350.0;165;259;296;220;304;280
1356.0;163;260;297;222;303;279
1362.0;164;260;295;222;304;279
1368.0;164;260;296;223;303;278
1374.0;163;262;296;223;303;277
1380.0;162;262;296;221;304;279
1386.0;162;263;296;219;305;279
1392.0;162;261;296;219;305;281
1398.0;164;258;296;219;306;281
1404.0;165;257;296;219;306;281
1410.0;165;257;295;219;307;281
1416.0;164;256;296;220;307;281
1422.0;162;254;297;221;308;282
1428.0;161;254;296;221;311;281
1434.0;158;255;297;222;313;279
1440.0;160;254;296;221;314;279
1446.0;160;252;297;221;314;280
1452.0;160;251;298;220;315;280
1458.0;160;251;298;220;314;281
1464.0;159;248;300;220;315;282
1470.0;159;248;301;221;314;281
1476.0;158;248;301;221;315;281
1482.0;157;248;302;220;315;282
1488.0;157;247;302;219;315;284
1494.0;156;246;301;219;317;285
1500.0;156;246;301;217;319;285
1506.0;156;247;301;216;319;285
1512.0;155;246;301;218;319;285
1518.0;158;246;301;216;319;284
1524.0;158;246;301;216;319;284
1530.0;161;243;301;216;318;285
1536.0;161;242;299;218;319;285
1542.0;162;242;299;219;318;284
1548.0;162;243;300;219;317;283
1554.0;162;244;300;218;316;284
1560.0;162;245;300;218;315;284
1566.0;160;248;301;217;314;284
1572.0;159;250;302;217;314;282
1578.0;160;251;301;217;313;282
1584.0;165;250;300;216;312;281
1590.0;166;250;301;216;309;282
1596.0;167;249;300;217;309;282
1602.0;167;250;300;216;309;282
1608.0;165;250;301;217;309;282
1614.0;165;250;300;218;309;282
1620.0;164;249;300;218;311;282
1626.0;164;249;301;218;309;283
1632.0;163;249;303;217;309;283
1638.0;162;249;303;219;309;282
1644.0;164;249;304;219;309;279
1650.0;164;249;303;219;310;279
1656.0;164;250;303;219;310;278
1662.0;163;249;303;220;312;277
1668.0;163;249;304;221;310;277
1674.0;163;250;303;222;309;277
1680.0;163;250;303;221;309;278
1686.0;164;249;303;223;308;277
1692.0;162;250;303;223;309;277
1698.0;161;250;303;223;310;277
1704.0;160;254;303;223;309;275
1710.0;158;255;302;223;310;276
1716.0;156;253;302;223;313;277
1722.0;156;253;302;223;313;277
1728.0;157;253;303;222;313;276
1734.0;158;254;304;221;312;275
1740.0;159;253;303;222;313;274
1746.0;159;255;303;221;312;274
1752.0;159;253;304;221;312;275
1758.0;159;251;307;221;312;274
1764.0;162;251;304;220;312;275
1770.0;162;250;303;218;314;277
1776.0;162;249;304;219;314;276
1782.0;162;249;306;218;313;276
1788.0;162;247;307;217;314;277
1794.0;164;249;307;217;313;274
1800.0;165;248;307;216;312;276
1806.0;163;247;309;216;313;276
1812.0;163;247;308;216;313;277
1818.0;164;244;307;215;315;279
1824.0;162;244;309;214;316;279
1830.0;161;244;310;215;315;279
1836.0;159;245;310;214;315;281
1842.0;158;246;310;214;316;280
1848.0;157;246;310;214;316;281
1854.0;156;246;311;215;316;280
1860.0;157;242;310;214;319;282
1866.0;158;241;310;215;318;282
1872.0;158;240;311;214;319;282
1878.0;157;241;311;214;319;282
1884.0;157;242;310;215;320;280
1890.0;156;242;310;215;321;280
1896.0;156;243;311;214;323;277
1902.0;156;242;310;215;324;277
1908.0;153;242;311;217;323;278
1914.0;154;243;312;216;323;276
1920.0;154;244;313;215;321;277
1926.0;153;245;312;215;322;277
1932.0;150;247;314;215;321;277
1938.0;148;247;315;216;320;278
1944.0;146;246;317;217;320;278
1950.0;145;246;318;215;321;279
1956.0;146;244;318;217;322;277
1962.0;145;245;318;214;324;278
1968.0;144;246;318;215;324;277
1974.0;146;248;317;214;322;277
1980.0;145;250;316;214;323;276
1986.0;144;252;316;214;323;275
1992.0;144;251;316;215;323;275
1998.0;142;250;320;215;323;274
2004.0;144;249;319;215;323;274
2010.0;144;249;319;215;324;273
2016.0;144;248;320;215;324;273
2022.0;145;248;320;216;323;272
2028.0;146;246;319;217;321;275
2034.0;145;246;320;217;319;277
2040.0;145;247;319;217;319;277
2046.0;146;245;320;217;319;277
2052.0;146;246;320;217;319;276
2058.0;147;247;320;215;319;276
2064.0;146;247;321;216;319;275
2070.0;148;247;321;215;319;274
2076.0;148;245;320;217;319;275
2082.0;146;245;320;218;319;276
2088.0;146;246;319;219;318;276
2094.0;145;245;319;219;318;278
2100.0;148;245;319;220;316;276
2106.0;149;244;320;219;315;277
2112.0;151;242;319;218;317;277
2118.0;151;244;318;220;317;274
2124.0;152;243;319;220;318;272
2130.0;152;243;319;220;317;273
2136.0;151;243;321;221;318;270
2142.0;151;242;320;223;317;271
2148.0;149;242;320;225;317;271
2154.0;150;242;319;226;316;271
2160.0;151;241;320;225;316;271
2166.0;152;240;321;225;315;271
2172.0;153;240;321;224;315;271
2178.0;154;239;321;224;315;271
2184.0;154;239;321;224;315;271
2190.0;154;238;323;224;314;271
2196.0;155;237;321;225;313;273
2202.0;156;238;321;222;313;274
2208.0;154;234;325;222;314;275
2214.0;154;234;325;221;314;276
2220.0;152;234;326;221;315;276
2226.0;152;235;326;220;315;276
2232.0;151;236;326;219;315;277
2238.0;150;239;326;219;313;277
2244.0;149;239;326;220;312;278
2250.0;149;238;326;221;311;279
2256.0;151;239;326;218;312;278
2262.0;149;238;327;220;312;278
2268.0;149;238;325;220;312;280
2274.0;149;236;325;222;312;280
2280.0;149;235;327;220;312;281
2286.0;150;235;327;219;312;281
2292.0;149;235;327;220;312;281
2298.0;148;237;327;219;312;281
2304.0;147;237;328;219;312;281
2310.0;148;238;329;218;311;280
2316.0;148;238;329;217;312;280
2322.0;147;240;328;218;312;279
2328.0;147;240;328;218;312;279
2334.0;147;239;328;219;312;279
2340.0;149;239;327;219;312;278
2346.0;149;239;326;218;311;281
2352.0;149;239;327;217;311;281
2358.0;149;239;326;217;312;281
2364.0;149;237;326;218;312;282
2370.0;148;238;326;218;312;282
2376.0;149;238;325;217;313;282
2382.0;150;238;325;216;313;282
2388.0;150;238;326;215;313;282
2394.0;148;239;327;215;314;281
2400.0;146;243;327;215;314;279
2406.0;147;243;328;214;314;278
2412.0;147;244;328;214;313;278
2418.0;147;243;330;212;313;279
2424.0;146;245;330;212;313;278
2430.0;148;244;330;213;312;277
2436.0;148;244;330;213;311;278
2442.0;147;242;329;216;311;279
2448.0;149;242;326;215;311;281
2454.0;150;244;324;215;311;280
2460.0;149;244;324;215;311;281
2466.0;149;244;324;215;311;281
2472.0;148;244;322;217;312;281
2478.0;148;244;322;216;312;282
2484.0;148;243;322;216;312;283
2490.0;148;242;321;217;313;283
2496.0;149;242;321;216;313;283
2502.0;151;245;317;216;313;282
2508.0;151;247;317;216;313;280
2514.0;150;248;316;218;312;280
2520.0;149;248;316;219;314;278
2526.0;147;248;318;218;314;279
2532.0;148;245;319;218;315;279
2538.0;149;243;320;217;314;281
2544.0;147;244;320;218;314;281
2550.0;147;246;320;217;313;281
2556.0;145;246;322;217;313;281
2562.0;145;245;324;217;312;281
2568.0;143;245;324;217;314;281
2574.0;146;244;324;216;314;280
2580.0;145;243;324;216;314;282
2586.0;146;243;323;215;315;282
2592.0;147;239;322;215;318;283
2598.0;147;239;321;215;319;283
2604.0;148;238;322;214;319;283
2610.0;147;239;322;216;318;282
2616.0;146;240;322;216;317;283
2622.0;146;238;322;218;317;283
2628.0;146;241;322;219;315;281
2634.0;146;243;320;219;315;281
2640.0;146;242;321;219;315;281
2646.0;145;241;321;220;316;281
2652.0;143;242;320;219;318;282
2658.0;143;242;320;219;317;283
2664.0;142;244;320;217;319;282
2670.0;143;244;320;215;319;283
2676.0;145;243;320;216;317;283
2682.0;145;243;320;217;315;284
2688.0;145;244;320;217;315;283
2694.0;145;244;320;218;315;282
2700.0;146;243;320;218;316;281
2706.0;150;245;319;215;315;280
2712.0;150;245;321;215;312;281
2718.0;151;245;322;213;312;281
2724.0;152;246;320;212;312;282
2730.0;154;246;319;212;313;280
2736.0;154;246;319;212;313;280
2742.0;152;247;320;211;312;282
2748.0;152;246;321;211;312;282
2754.0;153;244;321;211;313;282
2760.0;154;244;320;210;312;284
2766.0;156;243;320;209;312;284
2772.0;155;242;320;209;315;283
2778.0;154;243;320;208;314;285
2784.0;155;243;322;208;314;282
2790.0;155;242;322;208;315;282
2796.0;153;241;324;208;316;282
2802.0;154;240;322;206;318;284
2808.0;156;239;322;206;317;284
2814.0;157;239;321;206;317;284
2820.0;157;238;321;208;315;285
2826.0;154;238;322;209;315;286
2832.0;154;238;322;209;316;285
2838.0;154;237;321;210;316;286
2844.0;153;239;321;212;313;286
2850.0;154;238;316;214;316;286
2856.0;155;238;317;214;318;282
2862.0;155;237;318;214;318;282
2868.0;152;237;317;214;320;284
2874.0;150;237;318;212;321;286
2880.0;151;236;318;214;321;284
2886.0;151;235;318;215;321;284
2892.0;153;235;318;214;320;284
2898.0;152;236;318;214;319;285
2904.0;153;235;318;215;320;283
2910.0;152;233;317;216;322;284
2916.0;151;235;315;216;322;285
2922.0;152;235;315;215;321;286
2928.0;152;233;313;217;322;287
2934.0;153;233;314;216;321;287
2940.0;154;232;315;217;321;285
2946.0;154;232;314;218;320;286
2952.0;153;233;313;220;320;285
2958.0;153;233;313;220;320;285
2964.0;152;233;314;221;319;285
2970.0;153;232;313;221;320;285
2976.0;153;233;311;221;321;285
2982.0;152;235;310;220;322;285
2988.0;152;236;309;219;324;284
2994.0;151;234;309;220;327;283
3000.0;153;233;309;219;328;282
3006.0;153;233;309;218;328;283
3012.0;153;233;308;218;327;285
3018.0;152;234;306;220;328;284
3024.0;152;234;307;219;328;284
3030.0;152;232;307;219;329;285
3036.0;152;233;308;218;329;284
3042.0;151;233;308;218;329;285
3048.0;152;234;309;218;327;284
3054.0;153;236;307;217;326;285
3060.0;152;239;308;217;325;283
3066.0;152;240;308;216;326;282
3072.0;150;241;309;216;326;282
3078.0;149;240;309;216;328;282
3084.0;150;241;310;215;327;281
3090.0;150;241;309;214;327;283
3096.0;151;240;308;214;327;284
3102.0;152;240;308;214;327;283
3108.0;152;242;305;211;328;286
3114.0;153;239;305;211;330;286
3120.0;153;238;306;212;329;286
3126.0;152;237;308;212;329;286
3132.0;150;237;307;212;330;288
3138.0;150;237;306;213;331;287
3144.0;150;237;305;213;330;289
3150.0;150;239;305;212;330;288
3156.0;148;239;307;212;330;288
3162.0;147;240;308;210;330;289
3168.0;148;237;308;211;330;290
3174.0;148;237;307;211;331;290
3180.0;146;239;306;208;333;292
3186.0;146;240;307;208;332;291
3192.0;145;240;307;208;332;292
3198.0;146;239;307;207;332;293
3204.0;147;240;307;207;331;292
3210.0;147;240;305;209;332;291
3216.0;146;240;308;210;331;289
3222.0;145;240;309;211;330;289
3228.0;145;239;309;211;331;289
3234.0;147;238;307;211;331;290
3240.0;147;237;307;212;331;290
3246.0;148;236;307;213;330;290
3252.0;148;236;307;213;330;290
3258.0;147;237;307;213;330;290
3264.0;148;239;305;213;329;290
3270.0;148;240;304;213;329;290
3276.0;149;240;302;213;329;291
3282.0;150;241;300;211;329;293
3288.0;151;240;301;211;329;292
3294.0;151;240;302;212;327;292
3300.0;149;241;303;213;327;291
3306.0;149;242;303;213;328;289
3312.0;148;241;303;215;326;291
3318.0;147;239;303;217;327;291
3324.0;146;239;302;218;328;291
3330.0;146;238;302;218;328;292
3336.0;145;240;301;217;328;293
3342.0;142;239;301;219;329;294
3348.0;142;239;301;221;328;293
3354.0;143;238;300;222;327;294
3360.0;143;236;299;223;329;294
3366.0;143;235;299;223;329;295
3372.0;141;234;298;226;329;296
3378.0;144;234;298;225;327;296
3384.0;144;232;298;224;328;298
3390.0;144;232;297;224;328;299
3396.0;144;233;297;222;328;300
3402.0;143;233;296;224;328;300
3408.0;141;233;298;223;329;300
3414.0;142;234;298;223;328;299
3420.0;142;235;297;225;326;299
3426.0;143;234;298;223;328;298
3432.0;144;235;296;224;327;298
3438.0;144;233;296;225;328;298
3444.0;145;232;296;225;328;298
3450.0;146;232;296;224;328;298
3456.0;144;234;294;225;329;298
3462.0;146;233;294;223;328;300
3468.0;146;234;293;224;327;300
3474.0;146;234;293;224;326;301
3480.0;146;233;294;224;327;300
3486.0;145;233;294;224;327;301
3492.0;144;234;295;224;326;301
3498.0;146;233;295;225;325;300
3504.0;147;233;295;225;325;299
3510.0;147;233;295;225;325;299
3516.0;147;233;295;224;324;301
3522.0;146;232;295;226;323;302
3528.0;147;233;296;225;322;301
3534.0;147;233;296;226;321;301
3540.0;147;232;295;226;322;302
3546.0;146;232;296;226;322;302
3552.0;146;232;297;227;321;301
3558.0;146;232;297;227;322;300
3564.0;147;232;298;226;322;299
3570.0;147;232;297;226;323;299
3576.0;147;231;297;226;322;301
3582.0;147;231;296;226;322;302
3588.0;149;230;295;225;322;303
3594.0;148;231;296;226;321;302
3600.0;147;228;296;227;322;304
3606.0;147;229;297;226;321;304
3612.0;148;229;296;226;321;304
3618.0;148;228;297;224;321;306
3624.0;148;231;296;220;322;307
3630.0;148;232;297;218;322;307
3636.0;149;232;297;217;321;308
3642.0;149;231;299;219;320;306
3648.0;150;231;300;217;321;305
3654.0;152;232;298;217;319;306
3660.0;152;231;299;218;320;304
3666.0;152;230;299;216;320;307
3672.0;151;230;302;215;321;305
3678.0;150;228;302;215;323;306
3684.0;147;230;301;215;325;306
3690.0;148;228;301;216;327;304
3696.0;148;230;300;216;327;303
3702.0;146;230;301;216;327;304
3708.0;146;230;300;215;328;305
3714.0;146;229;301;215;328;305
3720.0;146;230;302;216;326;304
3726.0;146;232;301;216;326;303
3732.0;146;232;301;215;326;304
3738.0;148;231;301;215;325;304
3744.0;146;230;300;216;327;305
3750.0;145;229;299;218;327;306
3756.0;145;229;299;218;327;306
3762.0;145;228;299;219;327;306
3768.0;145;229;299;218;327;306
3774.0;148;228;298;217;329;304
3780.0;147;228;298;217;329;305
3786.0;148;228;298;216;329;305
3792.0;147;228;297;215;330;307
3798.0;147;228;300;215;329;305
3804.0;146;229;300;213;330;306
3810.0;144;229;300;213;329;309
3816.0;146;229;298;212;330;309
3822.0;146;229;298;212;330;309
3828.0;148;229;297;213;328;309
3834.0;150;231;297;211;328;307
3840.0;150;232;297;209;329;307
3846.0;149;230;297;210;330;308
3852.0;149;230;296;210;331;308
3858.0;148;230;295;211;333;307
3864.0;148;233;296;212;331;304
3870.0;147;233;297;212;331;304
3876.0;146;234;298;213;329;304
3882.0;146;235;297;212;330;304
3888.0;146;236;297;211;330;304
3894.0;144;236;298;211;330;305
3900.0;145;234;298;212;330;305
3906.0;147;235;298;212;327;305
3912.0;146;233;298;213;329;305
3918.0;147;233;298;213;329;304
3924.0;149;231;300;213;328;303
3930.0;150;229;301;213;327;304
3936.0;150;228;298;214;329;305
3942.0;149;228;298;214;329;306
3948.0;150;228;298;212;328;308
3954.0;150;230;297;210;328;309
3960.0;151;229;296;211;327;310
3966.0;151;229;295;211;327;311
3972.0;148;230;295;210;328;313
3978.0;147;230;294;211;327;315
3984.0;146;230;293;213;327;315
3990.0;147;230;293;212;327;315
3996.0;146;228;296;213;327;314
4002.0;145;228;297;213;327;314
4008.0;145;228;298;211;327;315
4014.0;145;228;299;211;327;314
4020.0;144;229;299;211;327;314
4026.0;141;230;302;211;326;314
4032.0;140;230;304;208;329;313
4038.0;140;230;303;208;331;312
4044.0;141;230;305;205;331;312
4050.0;138;231;305;207;330;313
4056.0;137;231;304;207;330;315
4062.0;138;230;307;205;328;316
4068.0;137;231;307;204;327;318
4074.0;138;231;307;202;328;318
4080.0;138;231;309;201;327;318
4086.0;138;229;308;202;327;320
4092.0;138;231;308;202;327;318
4098.0;138;232;306;201;327;320
4104.0;139;230;306;201;326;322
4110.0;139;231;306;202;326;320
4116.0;141;230;305;202;326;320
4122.0;141;231;305;202;325;320
4128.0;140;231;304;202;327;320
4134.0;139;231;303;201;330;320
4140.0;139;230;303;200;331;321
4146.0;140;229;303;200;332;320
4152.0;141;230;302;199;332;320
4158.0;140;231;303;198;332;320
4164.0;141;229;303;197;331;323
4170.0;141;228;305;196;331;323
4176.0;139;229;305;197;331;323
4182.0;139;230;304;198;330;323
4188.0;139;230;304;199;329;323
4194.0;139;231;305;198;326;325
4200.0;140;229;304;198;326;327
4206.0;141;231;304;197;326;325
4212.0;141;229;306;197;325;326
4218.0;139;228;307;198;324;328
4224.0;139;228;308;199;323;327
4230.0;138;228;308;200;324;326
4236.0;137;228;308;201;323;327
4242.0;137;227;309;201;325;325
4248.0;137;227;309;201;325;325
4254.0;136;228;307;200;326;327
4260.0;135;229;306;200;326;328
4266.0;134;228;306;202;326;328
4272.0;134;228;305;202;327;328
4278.0;134;230;302;202;327;329
4284.0;134;230;302;203;325;330
4290.0;134;231;300;203;325;331
4296.0;135;231;300;203;325;330
4302.0;136;231;299;203;325;330
4308.0;136;233;298;203;323;331
4314.0;135;235;299;204;322;329
4320.0;135;236;299;203;322;329
4326.0;134;235;302;202;322;329
4332.0;135;234;302;203;321;329
4338.0;135;233;301;203;322;330
4344.0;135;232;300;204;321;332
4350.0;137;232;300;202;321;332
4356.0;136;231;301;203;323;330
4362.0;138;229;301;202;325;329
4368.0;138;228;302;203;323;330
4374.0;140;229;301;201;322;331
4380.0;139;229;301;201;323;331
4386.0;138;231;302;200;321;332
4392.0;139;231;302;201;320;331
4398.0;138;230;303;202;321;330
4404.0;140;229;301;205;319;330
4410.0;140;228;301;205;319;331
4416.0;136;228;302;207;321;330
4422.0;136;229;303;206;320;330
4428.0;138;228;303;205;320;330
4434.0;139;227;303;205;320;330
4440.0;139;226;303;206;320;330
4446.0;138;226;302;205;322;331
4452.0;137;226;303;205;321;332
4458.0;137;227;304;203;321;332
4464.0;137;227;306;203;319;332
4470.0;137;226;305;205;319;332
4476.0;136;228;305;204;319;332
4482.0;137;229;303;203;320;332
4488.0;136;230;303;202;322;331
4494.0;136;229;304;202;322;331
4500.0;136;227;304;204;323;330
4506.0;136;227;305;205;322;329
4512.0;137;226;304;206;322;329
4518.0;135;226;306;207;321;329
4524.0;134;226;308;206;322;328
4530.0;135;224;307;207;322;329
4536.0;135;224;307;207;323;328
4542.0;135;225;307;205;324;328
4548.0;136;225;307;204;324;328
4554.0;135;225;307;204;324;329
4560.0;135;225;306;206;323;329
4566.0;134;227;305;206;322;330
4572.0;133;228;305;204;322;332
4578.0;133;228;303;206;323;331
4584.0;134;229;300;206;324;331
4590.0;133;229;299;206;325;332
4596.0;133;228;300;206;322;335
4602.0;133;227;302;206;321;335
4608.0;134;228;301;205;322;334
4614.0;134;228;301;204;324;333
4620.0;133;227;300;206;325;333
4626.0;131;228;301;206;325;333
4632.0;133;228;300;206;324;333
4638.0;132;228;301;205;324;334
4644.0;132;227;299;208;325;333
4650.0;131;226;300;209;325;333
4656.0;131;227;299;208;326;333
4662.0;131;227;299;207;327;333
4668.0;131;226;298;207;329;333
4674.0;131;226;298;207;330;332
4680.0;131;225;299;207;328;334
4686.0;131;227;299;207;327;333
4692.0;130;227;299;208;327;333
4698.0;131;226;298;209;327;333
4704.0;133;226;298;208;327;332
4710.0;132;226;298;207;327;334
4716.0;131;226;299;205;328;335
4722.0;132;225;297;206;329;335
4728.0;132;229;296;205;327;335
4734.0;132;230;296;205;325;336
4740.0;131;230;296;206;325;336
4746.0;132;231;296;206;322;337
4752.0;134;229;295;206;322;338
4758.0;134;229;294;206;324;337
4764.0;133;230;295;205;327;334
4770.0;134;230;294;203;329;334
4776.0;135;228;293;205;328;335
4782.0;135;225;293;207;329;335
4788.0;135;224;293;208;328;336
4794.0;133;222;292;211;331;335
4800.0;132;221;292;212;331;336
4806.0;130;221;294;213;330;336
4812.0;128;222;294;214;331;335
4818.0;129;222;293;214;332;334
4824.0;129;222;293;215;333;332
4830.0;130;222;294;214;333;331
4836.0;130;222;294;213;334;331
4842.0;130;224;294;213;333;330
4848.0;131;223;294;213;333;330
4854.0;132;224;296;213;333;326
4860.0;131;225;295;212;333;328
4866.0;132;225;296;210;333;328
4872.0;132;225;298;208;333;328
4878.0;132;223;299;209;333;328
4884.0;132;223;299;209;334;327
4890.0;131;223;300;211;333;326
4896.0;130;222;302;212;333;325
4902.0;130;222;303;211;333;325
4908.0;131;222;302;212;333;324
4914.0;129;222;303;214;332;324
4920.0;127;221;305;215;332;324
4926.0;127;219;305;215;332;326
4932.0;127;220;305;215;332;325
4938.0;126;220;306;215;331;326
4944.0;127;220;306;215;332;324
4950.0;125;223;307;213;333;323
4956.0;125;223;308;211;335;322
4962.0;125;223;307;210;337;322
4968.0;124;223;308;211;337;321
4974.0;123;221;309;211;338;322
4980.0;124;220;309;211;338;322
4986.0;125;220;308;212;337;322
4992.0;123;219;308;213;338;323
4998.0;121;221;309;214;336;323
5004.0;121;221;309;214;337;322
5010.0;121;218;310;217;337;321
5016.0;120;217;311;218;339;319
5022.0;120;217;311;218;339;319
5028.0;121;217;311;219;338;318
5034.0;120;217;313;218;338;318
5040.0;121;217;312;218;338;318
5046.0;122;217;312;218;340;315
5052.0;121;217;312;216;341;317
5058.0;120;217;311;217;339;320
5064.0;122;217;310;217;339;319
5070.0;122;219;307;218;339;319
5076.0;119;218;309;218;340;320
5082.0;120;219;309;217;339;320
5088.0;120;218;309;217;341;319
5094.0;120;216;311;215;342;320
5100.0;120;216;312;215;342;319
5106.0;118;215;313;217;341;320
5112.0;118;216;313;217;340;320
5118.0;116;215;313;218;342;320
5124.0;115;215;313;218;343;320
5130.0;115;214;311;218;346;320
5136.0;116;213;312;218;346;319
5142.0;115;212;312;220;347;318
5148.0;115;214;313;220;346;316
5154.0;115;212;313;221;347;316
5160.0;115;215;312;219;345;318
5166.0;115;218;313;218;345;315
5172.0;114;218;314;219;345;314
5178.0;114;215;315;222;344;314
5184.0;114;216;315;221;344;314
5190.0;112;217;315;220;346;314
5196.0;112;215;315;219;348;315
5202.0;112;215;315;219;347;316
5208.0;113;215;316;218;346;316
5214.0;113;213;317;219;346;316
5220.0;115;213;316;220;344;316
5226.0;116;213;315;219;345;316
5232.0;114;213;316;221;344;316
5238.0;114;214;315;220;345;316
5244.0;115;215;312;220;347;315
5250.0;116;215;313;219;345;316
5256.0;116;216;312;219;344;317
5262.0;116;216;312;219;344;317
5268.0;116;216;312;219;343;318
5274.0;117;215;312;220;342;318
5280.0;115;216;312;223;341;317
5286.0;114;216;311;224;341;318
5292.0;114;216;311;224;341;318
5298.0;113;216;310;226;341;318
5304.0;113;216;310;226;341;318
5310.0;113;218;309;225;340;319
5316.0;114;216;311;226;340;317
5322.0;114;216;311;226;340;317
5328.0;114;213;313;226;340;318
5334.0;114;212;314;227;339;318
5340.0;113;212;314;228;339;318
5346.0;113;211;313;229;339;319
5352.0;113;211;313;227;339;321
5358.0;114;208;313;228;340;321
5364.0;114;207;313;228;340;322
5370.0;111;209;314;228;340;322
5376.0;114;209;314;227;340;320
5382.0;113;209;316;227;339;320
5388.0;112;210;315;228;338;321
5394.0;111;211;315;229;338;320
5400.0;112;209;316;229;338;320
5406.0;112;209;316;227;339;321
5412.0;111;211;317;225;339;321
5418.0;110;213;318;224;338;321
5424.0;110;213;318;224;338;321
5430.0;110;214;317;224;338;321
5436.0;109;216;317;224;337;321
5442.0;109;216;317;226;335;321
5448.0;108;216;317;225;337;321
5454.0;108;216;318;226;337;319
5460.0;108;216;319;226;337;318
5466.0;108;216;320;226;336;318
5472.0;109;216;321;225;336;317
5478.0;110;216;321;225;333;319
5484.0;111;217;319;225;332;320
5490.0;113;217;318;225;330;321
5496.0;111;218;319;227;329;320
5502.0;110;219;318;228;329;320
5508.0;113;219;318;229;328;317
5514.0;114;218;318;229;328;317
5520.0;114;217;318;229;327;319
5526.0;116;217;318;229;327;317
5532.0;116;217;320;229;325;317
5538.0;116;217;321;230;325;315
5544.0;116;218;322;229;325;314
5550.0;115;218;321;230;325;315
5556.0;116;218;320;228;327;315
5562.0;114;222;318;227;326;317
5568.0;115;222;318;227;325;317
5574.0;117;223;318;225;324;317
5580.0;116;224;316;224;324;320
5586.0;117;221;318;226;323;319
5592.0;116;222;318;227;322;319
5598.0;117;223;318;227;320;319
5604.0;117;223;318;227;319;320
5610.0;117;223;318;226;320;320
5616.0;116;224;317;225;322;320
5622.0;116;225;317;224;323;319
5628.0;116;224;318;225;322;319
5634.0;117;223;321;225;322;316
5640.0;117;224;322;226;321;314
5646.0;118;223;322;225;322;314
5652.0;117;224;323;225;321;314
5658.0;118;225;321;225;322;313
5664.0;120;226;321;224;322;311
5670.0;120;225;320;224;324;311
5676.0;120;227;318;224;325;310
5682.0;120;227;317;225;324;311
5688.0;120;227;316;225;324;312
5694.0;118;227;316;226;325;312
5700.0;117;226;317;225;327;312
5706.0;118;226;317;225;327;311
5712.0;119;225;316;226;328;310
5718.0;115;227;316;229;327;310
5724.0;115;226;315;230;327;311
5730.0;115;226;316;229;327;311
5736.0;115;226;317;229;326;311
5742.0;115;226;316;229;326;312
5748.0;114;226;317;229;326;312
5754.0;115;226;317;229;324;313
5760.0;116;224;317;230;323;314
5766.0;117;224;317;229;322;315
5772.0;117;224;317;229;322;315
5778.0;116;224;318;230;323;313
5784.0;119;221;319;231;322;312
5790.0;119;220;319;232;321;313
5796.0;119;219;317;233;322;314
5802.0;119;218;317;235;322;313
5808.0;121;215;316;236;325;311
5814.0;121;214;317;236;325;311
5820.0;121;214;319;235;325;310
5826.0;122;214;318;235;325;310
5832.0;122;214;318;236;325;309
5838.0;123;215;319;235;324;308
5844.0;121;215;317;235;326;310
5850.0;120;214;318;234;328;310
5856.0;118;215;317;234;330;310
5862.0;117;215;317;236;329;310
5868.0;118;215;318;234;330;309
5874.0;116;215;318;234;332;309
5880.0;119;213;318;234;332;308
5886.0;118;212;319;235;332;308
5892.0;119;212;319;234;332;308
5898.0;119;213;318;234;333;307
5904.0;120;213;315;234;334;308
5910.0;118;212;317;236;334;307
5916.0;120;212;315;234;336;307
5922.0;120;210;316;234;334;310
5928.0;119;210;317;235;333;310
5934.0;117;213;317;234;334;309
5940.0;117;213;317;233;335;309
5946.0;118;214;317;231;335;309
5952.0;118;213;318;231;335;309
5958.0;116;216;317;231;337;307
5964.0;117;217;317;229;337;307
5970.0;117;218;317;228;336;308
5976.0;116;218;319;227;335;309
5982.0;116;218;319;229;334;308
5988.0;115;219;318;229;335;308
5994.0;117;218;320;228;332;309
6000.0;116;218;319;229;333;309
6006.0;116;218;319;229;333;309
6012.0;117;218;318;228;334;309
6018.0;119;217;318;228;334;308
6024.0;118;216;319;229;334;308
6030.0;118;217;319;229;334;307
6036.0;117;219;320;228;333;307
6042.0;118;219;318;229;332;308
6048.0;118;219;320;229;332;306
6054.0;117;220;320;230;331;306
6060.0;115;221;321;229;330;308
6066.0;116;222;320;229;330;307
6072.0;117;221;321;229;329;307
6078.0;116;222;321;230;328;307
6084.0;117;221;319;230;329;308
6090.0;116;222;319;227;330;310
6096.0;116;223;318;226;331;310
6102.0;116;223;318;226;331;310
6108.0;116;224;318;225;331;310
6114.0;115;224;318;223;332;312
6120.0;115;224;317;224;333;311
6126.0;116;226;318;224;328;312
6132.0;114;225;319;225;330;311
6138.0;116;226;321;219;331;311
6144.0;116;225;321;219;332;311
6150.0;118;225;320;219;332;310
6156.0;120;227;321;218;328;310
6162.0;121;227;321;217;327;311
6168.0;121;228;318;217;327;313
6174.0;122;228;319;216;326;313
6180.0;122;225;319;218;327;313
6186.0;122;225;319;218;326;314
6192.0;122;225;320;218;326;313
6198.0;124;225;320;218;324;313
6204.0;124;225;319;218;322;316
6210.0;124;224;319;218;322;317
6216.0;124;223;318;219;323;317
6222.0;125;224;318;219;322;316
6228.0;124;226;319;218;321;316
6234.0;124;227;319;218;320;316
6240.0;124;226;319;219;321;315
6246.0;123;228;315;221;321;316
6252.0;122;229;316;222;320;315
6258.0;120;229;315;223;321;316
6264.0;121;230;314;224;320;315
6270.0;120;230;316;223;321;314
6276.0;120;231;316;223;321;313
6282.0;118;230;316;224;322;314
6288.0;118;229;317;225;321;314
6294.0;118;231;315;224;321;315
6300.0;118;233;316;221;321;315
6306.0;117;234;316;221;320;316
6312.0;115;234;318;221;321;315
6318.0;115;233;320;221;320;315
6324.0;113;233;321;221;320;316
6330.0;113;233;320;222;320;316
6336.0;113;234;321;221;320;315
6342.0;115;235;321;220;317;316
6348.0;113;237;321;219;317;317
6354.0;114;236;319;218;319;318
6360.0;115;237;317;219;318;318
6366.0;113;238;317;219;318;319
6372.0;114;238;317;218;317;320
6378.0;114;238;317;218;318;319
6384.0;115;237;318;219;318;317
6390.0;116;237;317;219;318;317
6396.0;116;237;318;218;317;318
6402.0;117;237;318;218;317;317
6408.0;117;238;318;217;317;317
6414.0;115;237;319;217;318;318
6420.0;116;236;318;220;317;317
6426.0;115;236;319;217;319;318
6432.0;115;236;317;218;319;319
6438.0;115;237;316;219;318;319
6444.0;114;236;315;221;316;322
6450.0;114;235;315;219;318;323
6456.0;115;234;315;220;317;323
6462.0;114;235;314;218;317;326
6468.0;113;235;314;218;317;327
6474.0;114;235;313;219;315;328
6480.0;115;235;313;219;315;327
6486.0;117;236;312;217;314;328
6492.0;116;236;313;217;314;328
6498.0;118;236;313;217;311;329
6504.0;119;236;312;217;311;329
6510.0;120;238;310;217;311;328
6516.0;120;238;309;217;311;329
6522.0;119;237;311;217;311;329
6528.0;119;237;312;216;310;330
6534.0;118;237;312;216;311;330
6540.0;118;237;313;216;311;329
6546.0;117;238;313;216;311;329
6552.0;118;237;313;216;311;329
6558.0;118;237;313;216;311;329
6564.0;118;236;310;218;312;330
6570.0;120;237;308;217;311;331
6576.0;117;238;309;217;311;332
6582.0;118;238;311;216;311;330
6588.0;118;238;310;217;311;330
6594.0;119;237;309;217;312;330
6600.0;120;238;308;218;312;328
6606.0;120;237;308;218;313;328
6612.0;119;236;308;220;311;330
6618.0;116;239;307;221;311;330
6624.0;116;241;306;221;311;329
6630.0;115;241;308;221;311;328
6636.0;114;241;307;221;312;329
6642.0;116;243;306;219;312;328
6648.0;116;243;307;218;312;328
6654.0;117;243;306;217;310;331
6660.0;117;243;306;217;311;330
6666.0;121;243;301;217;311;331
6672.0;122;244;301;216;310;331
6678.0;123;244;301;215;310;331
6684.0;123;244;302;216;310;329
6690.0;123;243;302;217;310;329
6696.0;123;240;302;219;311;329
6702.0;124;240;302;217;312;329
6708.0;124;241;301;218;312;328
6714.0;124;242;300;217;314;327
6720.0;124;244;299;216;313;328
6726.0;123;245;298;218;312;328
6732.0;124;244;298;218;312;328
6738.0;124;244;298;219;313;326
6744.0;122;244;299;219;315;325
6750.0;121;242;303;219;315;324
6756.0;120;241;303;221;316;323
6762.0;116;241;303;222;317;325
6768.0;117;243;301;219;319;325
6774.0;118;244;300;218;319;325
6780.0;119;247;298;217;319;324
6786.0;121;245;298;216;318;326
6792.0;122;245;300;215;316;326
6798.0;121;245;299;217;317;325
6804.0;120;246;301;215;318;324
6810.0;120;246;298;215;319;326
6816.0;120;246;299;215;318;326
6822.0;120;246;299;216;317;326
6828.0;122;245;299;217;316;325
6834.0;124;244;299;217;315;325
6840.0;125;245;298;217;314;325
6846.0;123;248;298;217;312;326
6852.0;123;247;299;216;312;327
6858.0;123;247;300;215;312;327
6864.0;123;244;298;216;313;330
6870.0;126;244;299;214;311;330
6876.0;127;241;299;214;312;331
6882.0;127;241;299;214;312;331
6888.0;127;241;299;216;312;329
6894.0;125;243;298;216;311;331
6900.0;126;243;298;217;310;330
6906.0;126;243;297;218;311;329
6912.0;124;240;298;219;312;331
6918.0;124;242;298;218;311;331
6924.0;126;244;298;216;311;329
6930.0;126;244;298;217;311;328
6936.0;127;244;295;219;312;327
6942.0;124;243;296;221;312;328
6948.0;127;239;294;222;313;329
6954.0;126;240;295;221;313;329
6960.0;125;243;297;217;310;332
6966.0;124;244;296;217;312;331
6972.0;123;246;298;215;313;329
6978.0;123;247;298;215;313;328
6984.0;125;246;298;215;312;328
6990.0;125;246;298;214;312;329
6996.0;122;247;298;216;314;327
7002.0;122;247;297;218;313;327
7008.0;122;247;296;219;313;327
7014.0;122;247;295;220;314;326
7020.0;120;248;297;219;314;326
7026.0;119;248;298;219;314;326
7032.0;119;249;298;220;313;325
7038.0;120;249;297;220;313;325
7044.0;120;248;298;220;312;326
7050.0;120;248;298;221;311;326
7056.0;120;248;298;222;310;326
7062.0;120;249;298;221;311;325
7068.0;121;251;297;220;310;325
7074.0;122;251;297;219;310;325
7080.0;123;253;296;218;310;324
7086.0;124;253;295;218;309;325
7092.0;124;254;296;218;309;323
7098.0;124;255;296;218;309;322
7104.0;124;255;296;218;310;321
7110.0;124;255;296;219;309;321
7116.0;122;255;296;220;309;322
7122.0;122;255;296;218;310;323
7128.0;119;254;298;218;313;322
7134.0;119;257;300;217;310;321
7140.0;117;255;302;218;311;321
7146.0;117;255;304;217;310;321
7152.0;117;256;304;217;310;320
7158.0;116;256;305;215;313;319
7164.0;116;257;304;215;313;319
7170.0;117;255;303;215;316;318
7176.0;119;255;303;214;315;318
7182.0;117;257;303;214;315;318
7188.0;118;255;303;213;316;319
7194.0;118;255;304;212;316;319
7200.0;118;255;304;212;317;318
7206.0;117;254;305;212;317;319
7212.0;118;256;304;211;316;319
7218.0;118;256;304;210;317;319
7224.0;118;256;304;210;317;319
7230.0;117;255;305;211;317;319
7236.0;116;256;304;211;318;319
7242.0;115;256;305;210;319;319
7248.0;116;257;304;211;317;319
7254.0;115;256;304;212;318;319
7260.0;115;255;304;210;320;320
7266.0;116;254;305;209;320;320
7272.0;115;255;304;209;321;320
7278.0;115;256;303;208;322;320
7284.0;117;256;302;208;323;318
7290.0;120;255;302;209;321;317
7296.0;120;256;301;208;321;318
7302.0;121;255;301;209;320;318
7308.0;122;255;302;209;319;317
7314.0;121;256;303;208;320;316
7320.0;121;256;306;209;317;315
7326.0;121;255;307;207;319;315
7332.0;121;255;307;207;320;314
7338.0;121;254;306;207;322;314
7344.0;121;254;306;208;323;312
7350.0;120;256;307;208;322;311
7356.0;120;257;308;208;321;310
7362.0;120;258;307;208;321;310
7368.0;120;257;309;209;319;310
7374.0;121;258;310;208;318;309
7380.0;122;258;307;208;319;310
7386.0;122;258;304;210;320;310
7392.0;122;258;304;210;320;310
7398.0;122;258;305;210;320;309
7404.0;122;256;307;210;319;310
7410.0;122;257;306;210;318;311
7416.0;122;259;306;209;317;311
7422.0;123;259;306;208;317;311
7428.0;125;258;307;206;317;311
7434.0;125;259;306;207;317;310
7440.0;126;261;304;207;316;310
7446.0;125;261;304;208;316;310
7452.0;125;263;303;208;316;309
7458.0;125;263;302;208;316;310
7464.0;125;262;302;207;315;313
7470.0;125;261;302;207;316;313
7476.0;126;262;304;206;314;312
7482.0;125;264;303;206;314;312
7488.0;126;263;302;207;313;313
7494.0;128;264;300;208;312;312
7500.0;127;265;300;209;310;313
7506.0;129;266;300;209;310;310
7512.0;129;264;300;210;311;310
7518.0;129;263;301;209;314;308
7524.0;128;265;302;208;313;308
7530.0;126;264;300;209;314;311
7536.0;127;263;300;210;313;311
7542.0;126;262;302;209;312;313
7548.0;126;260;303;210;311;314
7554.0;128;258;303;209;311;315
7560.0;128;257;303;208;313;315
7566.0;130;257;301;208;312;316
7572.0;130;258;301;208;313;314
7578.0;131;258;300;208;313;314
7584.0;133;258;299;209;312;313
7590.0;133;259;300;209;311;312
7596.0;132;260;300;210;312;310
7602.0;130;261;300;211;312;310
7608.0;131;261;299;213;310;310
7614.0;130;260;300;213;310;311
7620.0;130;259;300;215;310;310
7626.0;129;259;300;215;310;311
7632.0;129;259;300;214;310;312
7638.0;129;258;301;215;310;311
7644.0;130;259;300;214;311;310
7650.0;128;263;299;213;311;310
7656.0;130;262;299;213;311;309
7662.0;130;264;298;213;310;309
7668.0;131;263;299;211;309;311
7674.0;132;262;299;211;308;312
7680.0;132;262;300;211;308;311
7686.0;130;263;302;210;307;312
7692.0;129;262;302;211;308;312
7698.0;128;261;304;211;307;313
7704.0;128;260;303;210;310;313
7710.0;128;261;301;210;310;314
7716.0;127;260;301;207;311;318
7722.0;127;260;301;207;311;318
7728.0;126;260;302;207;311;318
7734.0;126;259;302;207;311;319
7740.0;126;259;302;208;310;319
7746.0;127;260;302;208;309;318
7752.0;127;260;302;208;310;317
7758.0;126;259;305;208;309;317
7764.0;126;258;304;209;308;319
7770.0;127;258;304;208;309;318
7776.0;127;258;305;207;309;318
7782.0;128;256;305;209;308;318
7788.0;129;256;305;208;308;318
7794.0;129;256;306;209;307;317
7800.0;129;255;305;212;305;318
7806.0;131;254;304;211;305;319
7812.0;130;255;305;212;303;319
7818.0;129;254;306;212;305;318
7824.0;130;254;306;212;302;320
7830.0;132;253;306;210;302;321
7836.0;133;251;307;211;301;321
7842.0;134;251;305;212;301;321
7848.0;134;252;306;212;300;320
7854.0;134;254;305;211;298;322
7860.0;135;255;304;211;298;321
7866.0;135;258;303;212;295;321
7872.0;135;259;302;211;295;322
7878.0;137;258;303;211;295;320
7884.0;137;258;304;209;296;320
7890.0;137;258;304;209;296;320
7896.0;137;259;303;209;296;320
7902.0;137;257;304;210;295;321
7908.0;134;258;303;211;296;322
7914.0;134;257;304;211;296;322
7920.0;134;257;303;212;296;322
7926.0;134;256;303;212;296;323
7932.0;134;257;302;211;296;324
7938.0;133;259;302;211;295;324
7944.0;131;263;303;211;292;324
7950.0;132;262;303;211;292;324
7956.0;130;264;303;209;293;325
7962.0;127;265;304;210;293;325
7968.0;126;264;304;210;293;327
7974.0;127;262;303;211;293;328
7980.0;125;262;303;212;291;331
7986.0;128;261;304;212;288;331
7992.0;130;258;305;212;288;331
7998.0;129;260;306;211;288;330
8004.0;129;259;307;210;288;331
8010.0;130;259;307;210;288;330
8016.0;132;257;307;211;288;329
8022.0;133;260;306;209;287;329
8028.0;133;261;306;208;285;331
8034.0;132;261;307;208;285;331
8040.0;132;262;307;208;284;331
8046.0;130;263;308;205;287;331
8052.0;133;262;306;205;287;331
8058.0;133;261;306;204;289;331
8064.0;133;259;305;204;290;333
8070.0;133;259;305;204;290;333
8076.0;134;257;304;205;291;333
8082.0;135;256;305;205;292;331
8088.0;135;256;305;205;292;331
8094.0;136;256;303;206;292;331
8100.0;136;255;301;207;294;331
8106.0;137;256;301;205;294;331
8112.0;139;256;302;204;292;331
8118.0;140;256;301;205;292;330
8124.0;142;258;302;204;289;329
8130.0;142;258;302;204;289;329
8136.0;142;258;302;204;289;329
8142.0;141;258;303;204;289;329
8148.0;141;258;302;205;288;330
8154.0;142;255;303;207;286;331
8160.0;141;255;303;205;289;331
8166.0;142;256;303;205;288;330
8172.0;141;256;303;204;288;332
8178.0;141;256;303;203;288;333
8184.0;141;256;303;203;288;333
8190.0;141;257;304;203;288;331
8196.0;140;256;303;205;287;333
8202.0;138;257;304;204;286;335
8208.0;138;256;304;205;286;335
8214.0;139;256;304;206;285;334
8220.0;140;258;303;206;285;332
8226.0;140;258;303;208;283;332
8232.0;142;258;302;208;282;332
8238.0;141;260;302;207;282;332
8244.0;139;260;302;208;281;334
8250.0;139;259;303;208;281;334
8256.0;139;260;302;207;279;337
8262.0;141;261;302;206;280;334
8268.0;140;262;303;205;279;335
8274.0;140;263;303;205;278;335
8280.0;139;264;302;206;278;335
8286.0;136;265;302;205;279;337
8292.0;134;262;302;206;281;339
8298.0;133;259;302;205;284;341
8304.0;129;257;304;206;287;341
8310.0;129;257;303;206;287;342
8316.0;131;257;302;205;286;343
8322.0;132;256;303;206;283;344
8328.0;132;253;305;205;285;344
8334.0;132;252;305;205;287;343
8340.0;132;253;305;203;287;344
8346.0;131;255;305;202;287;344
8352.0;129;255;306;202;288;344
8358.0;127;256;307;203;286;345
8364.0;127;257;306;203;285;346
8370.0;130;256;306;203;285;344
8376.0;131;255;305;204;285;344
8382.0;132;255;304;204;285;344
8388.0;132;255;303;205;285;344
8394.0;134;254;305;205;282;344
8400.0;132;255;306;206;282;343
8406.0;131;256;307;207;282;341
8412.0;131;255;307;207;283;341
8418.0;130;255;308;207;282;342
8424.0;128;256;309;204;286;341
8430.0;128;256;310;203;286;341
8436.0;131;254;310;203;286;340
8442.0;130;253;310;204;286;341
8448.0;130;252;311;203;286;342
8454.0;131;251;310;203;288;341
8460.0;132;251;310;202;288;341
8466.0;131;249;309;204;291;340
8472.0;132;250;308;204;291;339
8478.0;133;250;308;205;290;338
8484.0;135;249;307;205;290;338
8490.0;135;247;306;208;289;339
8496.0;135;247;305;207;290;340
8502.0;134;248;304;206;290;342
8508.0;136;248;302;205;291;342
8514.0;137;249;299;204;292;343
8520.0;137;250;300;203;292;342
8526.0;137;250;300;205;292;340
8532.0;138;251;301;203;291;340
8538.0;138;251;301;203;290;341
8544.0;139;251;302;201;290;341
8550.0;140;251;303;200;290;340
8556.0;140;251;303;200;290;340
8562.0;139;251;305;199;289;341
8568.0;139;251;305;200;288;341
8574.0;138;248;305;201;290;342
8580.0;140;247;305;201;289;342
8586.0;138;246;307;201;290;342
8592.0;137;248;306;201;290;342
8598.0;135;248;307;200;292;342
8604.0;134;247;308;199;293;343
8610.0;135;247;307;199;293;343
8616.0;136;247;306;201;293;341
8622.0;133;249;307;200;293;342
8628.0;132;250;307;201;292;342
8634.0;132;249;306;201;292;344
8640.0;131;248;306;201;293;345
8646.0;130;248;306;202;293;345
8652.0;133;248;304;201;293;345
8658.0;133;248;304;201;293;345
8664.0;132;247;304;201;294;346
8670.0;132;249;303;201;294;345
8676.0;131;249;303;200;295;346
8682.0;132;247;301;200;296;348
8688.0;132;248;300;200;298;346
8694.0;131;248;300;200;299;346
8700.0;130;248;301;200;299;346
8706.0;127;249;303;200;300;345
8712.0;127;247;303;202;301;344
8718.0;128;246;303;202;300;345
8724.0;127;247;303;200;301;346
8730.0;126;248;305;200;300;345
8736.0;126;248;305;200;300;345
8742.0;127;249;303;200;299;346
8748.0;127;248;303;200;299;347
8754.0;127;248;302;201;300;346
8760.0;127;250;302;199;300;346
8766.0;127;250;304;196;300;347
8772.0;124;251;308;195;300;346
8778.0;122;250;310;196;300;346
8784.0;121;250;310;197;301;345
8790.0;119;250;310;197;302;346
8796.0;117;250;312;196;303;346
8802.0;117;251;312;196;303;345
8808.0;118;250;312;196;304;344
8814.0;118;250;312;197;305;342
8820.0;118;250;311;197;304;344
8826.0;118;252;309;197;307;341
8832.0;119;251;308;196;310;340
8838.0;119;252;306;196;310;341
8844.0;120;251;306;195;310;342
8850.0;120;250;306;195;310;343
8856.0;119;249;308;195;311;342
8862.0;117;248;306;196;314;343
8868.0;116;247;308;195;313;345
8874.0;114;246;309;196;315;344
8880.0;114;243;310;198;314;345
8886.0;114;243;311;199;312;345
8892.0;115;242;312;199;312;344
8898.0;117;243;311;198;312;343
8904.0;115;242;312;198;314;343
8910.0;115;242;311;199;314;343
8916.0;116;243;311;198;314;342
8922.0;116;242;312;197;315;342
8928.0;116;242;311;195;317;343
8934.0;115;242;310;194;319;344
8940.0;115;241;309;195;321;343
8946.0;114;240;308;196;323;343
8952.0;113;239;309;197;324;342
8958.0;113;240;307;197;325;342
8964.0;114;240;306;196;325;343
8970.0;113;240;305;198;325;343
8976.0;114;240;303;198;326;343
8982.0;116;239;302;197;326;344
8988.0;116;241;299;198;325;345
8994.0;117;242;299;199;323;344
9000.0;117;243;298;200;323;343
9006.0;115;242;298;201;324;344
9012.0;117;241;297;202;324;343
9018.0;117;240;295;203;322;347
9024.0;117;240;295;203;322;347
9030.0;117;240;295;203;322;347
9036.0;118;241;294;203;320;348
9042.0;118;240;296;202;322;346
9048.0;119;239;297;202;322;345
9054.0;118;238;300;201;323;344
9060.0;120;236;300;203;321;344
9066.0;121;234;300;203;321;345
9072.0;121;233;298;205;321;346
9078.0;121;233;298;205;321;346
9084.0;123;233;296;203;322;347
9090.0;121;233;297;203;322;348
9096.0;123;232;297;202;322;348
9102.0;121;234;296;203;321;349
9108.0;121;234;295;204;321;349
9114.0;122;231;295;204;322;350
9120.0;122;230;297;203;321;351
9126.0;122;230;297;204;320;351
9132.0;122;229;297;205;320;351
9138.0;122;230;295;205;319;353
9144.0;120;227;296;205;323;353
9150.0;121;228;295;205;322;353
9156.0;120;228;296;206;322;352
9162.0;120;228;294;207;324;351
9168.0;121;229;292;208;325;349
9174.0;122;231;292;209;323;347
9180.0;121;231;291;207;325;349
9186.0;120;232;291;208;324;349
9192.0;120;231;291;207;326;349
9198.0;121;229;291;207;326;350
9204.0;118;230;291;207;326;352
9210.0;119;230;290;208;325;352
9216.0;120;230;290;208;325;351
9222.0;121;230;289;209;325;350
9228.0;121;232;289;209;327;346
9234.0;123;232;287;209;327;346
9240.0;122;232;287;210;327;346
9246.0;121;233;288;208;328;346
9252.0;121;234;288;211;327;343
9258.0;124;234;287;212;326;341
9264.0;122;233;288;212;326;343
9270.0;125;232;287;212;326;342
9276.0;125;233;287;212;326;341
9282.0;124;233;286;213;327;341
9288.0;123;234;286;214;326;341
9294.0;124;232;285;214;326;343
9300.0;124;233;286;213;325;343
9306.0;123;234;286;215;323;343
9312.0;123;234;286;216;322;343
9318.0;122;233;286;217;321;345
9324.0;122;233;285;217;322;345
9330.0;122;233;286;215;323;345
9336.0;121;234;287;216;323;343
9342.0;121;235;286;217;322;343
9348.0;121;235;286;219;322;341
9354.0;121;234;287;220;322;340
9360.0;122;232;286;222;323;339
9366.0;122;232;285;222;324;339
9372.0;123;232;284;222;323;340
9378.0;129;231;282;221;324;337
9384.0;128;231;281;222;326;336
9390.0;127;231;282;222;326;336
9396.0;126;231;282;223;326;336
9402.0;126;231;283;223;326;335
9408.0;126;230;285;222;326;335
9414.0;126;230;285;221;327;335
9420.0;126;230;285;220;327;336
9426.0;127;229;285;221;326;336
9432.0;126;229;285;220;326;338
9438.0;126;228;286;220;325;339
9444.0;127;227;286;220;325;339
9450.0;127;228;286;220;325;338
9456.0;127;228;287;219;326;337
9462.0;127;229;285;219;328;336
9468.0;126;231;284;219;328;336
9474.0;125;230;285;220;328;336
9480.0;127;231;285;218;328;335
9486.0;127;231;285;219;328;334
9492.0;127;229;284;220;330;334
9498.0;128;228;283;219;329;337
9504.0;128;228;283;219;329;337
9510.0;128;228;284;218;329;337
9516.0;128;227;284;220;329;336
9522.0;130;227;285;219;328;335
9528.0;130;226;286;217;330;335
9534.0;127;227;288;217;330;335
9540.0;128;226;287;219;330;334
9546.0;127;226;288;218;330;335
9552.0;127;226;286;219;329;337
9558.0;127;226;285;218;329;339
9564.0;126;226;285;218;329;340
9570.0;126;226;285;218;330;339
9576.0;127;227;284;216;331;339
9582.0;127;227;284;219;329;338
9588.0;128;225;284;220;330;337
9594.0;129;224;286;219;330;336
9600.0;127;225;286;220;331;335
9606.0;128;223;289;219;331;334
9612.0;126;221;288;223;330;336
9618.0;125;221;289;222;331;336
9624.0;124;221;287;222;334;336
9630.0;127;220;286;225;332;334
9636.0;128;222;284;225;331;334
9642.0;129;221;284;225;330;335
9648.0;128;221;283;226;331;335
9654.0;128;221;283;225;332;335
9660.0;128;221;283;226;331;335
9666.0;128;219;285;225;332;335
9672.0;127;217;286;226;333;335
9678.0;128;217;286;226;334;333
9684.0;128;218;286;226;333;333
9690.0;127;218;287;226;332;334
9696.0;128;218;288;226;331;333
9702.0;127;218;289;226;331;333
9708.0;126;219;288;227;331;333
9714.0;126;219;287;226;332;334
9720.0;125;219;286;227;333;334
9726.0;125;218;287;227;331;336
9732.0;125;218;287;230;329;335
9738.0;123;219;288;230;329;335
9744.0;124;219;289;227;328;337
9750.0;124;219;290;227;327;337
9756.0;125;219;290;226;327;337
9762.0;126;220;289;225;327;337
9768.0;127;221;289;224;326;337
9774.0;127;221;288;224;326;338
9780.0;131;219;288;222;327;337
9786.0;131;218;288;220;329;338
9792.0;132;217;288;220;329;338
9798.0;132;219;288;219;328;338
9804.0;131;220;288;218;328;339
9810.0;131;220;287;219;329;338
9816.0;132;220;285;220;331;336
9822.0;133;220;284;219;331;337
9828.0;133;219;284;220;331;337
9834.0;132;220;283;220;331;338
9840.0;131;219;283;220;333;338
9846.0;132;218;282;220;334;338
9852.0;132;217;282;219;334;340
9858.0;131;217;284;219;332;341
9864.0;133;218;284;218;331;340
9870.0;131;218;286;218;329;342
9876.0;132;218;286;217;329;342
9882.0;131;219;287;216;328;343
9888.0;130;218;288;216;328;344
9894.0;129;216;288;218;329;344
9900.0;129;217;288;218;328;344
9906.0;128;218;289;218;326;345
9912.0;129;218;287;217;326;347
9918.0;127;219;287;217;328;346
9924.0;128;218;286;217;329;346
9930.0;126;217;286;220;330;345
9936.0;126;216;285;221;331;345
9942.0;125;215;284;222;332;346
9948.0;126;215;284;221;332;346
9954.0;126;213;286;223;332;344
9960.0;128;213;286;222;332;343
9966.0;130;213;286;222;331;342
9972.0;129;214;287;223;329;342
9978.0;129;212;288;223;331;341
9984.0;128;211;288;223;331;343
9990.0;128;211;287;223;332;343
9996.0;127;212;285;223;333;344
10002.0;128;213;284;222;331;346
10008.0;130;212;284;223;329;346
10014.0;130;213;283;224;328;346
10020.0;130;211;283;224;329;347
10026.0;129;212;283;224;328;348
10032.0;128;213;283;224;327;349
10038.0;128;213;287;221;329;346
10044.0;128;212;290;220;327;347
10050.0;128;211;290;220;328;347
10056.0;126;211;290;221;331;345
10062.0;126;212;287;222;332;345
10068.0;128;212;287;221;330;346
10074.0;128;213;288;220;329;346
10080.0;127;213;286;218;331;349
10086.0;127;214;286;218;331;348
10092.0;129;213;285;220;331;346
10098.0;129;213;284;220;332;346
10104.0;129;211;284;221;333;346
10110.0;130;212;282;222;331;347
10116.0;132;210;282;223;331;346
10122.0;133;209;282;224;330;346
10128.0;133;209;282;224;331;345
10134.0;133;209;282;224;333;343
10140.0;134;210;279;224;334;343
10146.0;135;209;279;224;334;343
10152.0;136;208;279;224;334;343
10158.0;136;208;279;224;333;344
10164.0;136;209;279;223;333;344
10170.0;136;209;279;223;333;344
10176.0;139;207;279;222;334;343
10182.0;139;206;279;223;335;342
10188.0;139;206;279;223;335;342
10194.0;140;205;281;223;334;341
10200.0;140;207;280;222;335;340
10206.0;139;209;281;219;338;338
10212.0;140;207;281;220;339;337
10218.0;139;206;282;220;339;338
10224.0;139;206;282;219;340;338
10230.0;137;205;284;219;339;340
10236.0;137;205;284;220;339;339
10242.0;137;206;285;221;338;337
10248.0;137;206;286;220;335;340
10254.0;136;206;286;219;336;341
10260.0;135;205;285;221;336;342
10266.0;136;205;286;221;334;342
10272.0;134;205;286;221;336;342
10278.0;131;206;285;222;338;342
10284.0;130;206;286;221;339;342
10290.0;130;206;286;221;338;343
10296.0;130;204;284;223;340;343
10302.0;131;205;282;224;339;343
10308.0;131;204;282;225;339;343
10314.0;130;204;284;225;337;344
10320.0;130;204;284;226;335;345
10326.0;130;202;283;226;338;345
10332.0;131;203;281;226;338;345
10338.0;129;203;283;226;340;343
10344.0;129;203;283;226;339;344
10350.0;129;202;283;226;341;343
10356.0;129;201;282;226;341;345
10362.0;130;200;282;225;340;347
10368.0;132;201;280;224;339;348
10374.0;133;202;280;223;339;347
10380.0;132;203;280;223;340;346
10386.0;132;202;281;224;340;345
10392.0;132;204;280;222;340;346
10398.0;132;205;281;223;337;346
10404.0;130;204;282;223;338;347
10410.0;129;206;281;225;337;346
10416.0;130;207;281;225;336;345
10422.0;131;208;281;225;336;343
10428.0;131;208;282;224;335;344
10434.0;129;210;283;224;336;342
10440.0;129;210;283;224;335;343
10446.0;129;208;283;225;335;344
10452.0;128;210;282;224;336;344
10458.0;128;210;281;224;337;344
10464.0;127;210;281;224;337;345
10470.0;127;209;281;224;337;346
10476.0;125;209;281;225;335;349
10482.0;124;211;279;226;335;349
10488.0;122;212;279;227;335;349
10494.0;121;212;278;229;335;349
10500.0;121;212;279;229;335;348
10506.0;120;212;281;229;333;349
10512.0;119;212;279;229;336;349
10518.0;119;211;279;229;337;349
10524.0;120;211;279;230;336;348
10530.0;119;210;279;231;336;349
10536.0;119;210;279;231;336;349
10542.0;120;209;278;233;335;349
10548.0;120;209;278;234;335;348
10554.0;120;211;275;233;336;349
10560.0;119;211;276;233;336;349
10566.0;119;212;276;232;336;349
10572.0;119;215;273;232;336;349
10578.0;120;215;272;230;338;349
10584.0;120;215;272;230;338;349
10590.0;122;215;271;228;337;351
10596.0;122;214;272;228;336;352
10602.0;122;214;273;229;334;352
10608.0;122;214;273;228;335;352
10614.0;122;215;274;228;335;350
10620.0;124;216;272;228;333;351
10626.0;124;217;273;228;331;351
10632.0;122;218;273;230;331;350
10638.0;122;218;272;231;331;350
10644.0;122;219;273;232;330;348
10650.0;123;219;272;228;332;350
10656.0;125;219;271;228;332;349
10662.0;125;220;271;228;332;348
10668.0;125;219;270;227;333;350
10674.0;126;220;268;225;334;351
10680.0;125;221;268;226;333;351
10686.0;125;223;268;225;332;351
10692.0;128;220;269;223;332;352
10698.0;128;220;268;224;332;352
10704.0;131;219;266;223;332;353
10710.0;132;219;268;221;331;353
10716.0;130;220;268;222;331;353
10722.0;130;222;267;222;331;352
10728.0;131;221;269;222;331;350
10734.0;133;220;267;219;333;352
10740.0;133;219;268;219;333;352
10746.0;133;218;267;221;333;352
10752.0;133;218;267;220;333;353
10758.0;132;219;266;220;334;353
10764.0;132;219;267;220;336;350
10770.0;132;219;267;221;335;350
10776.0;133;217;267;223;335;349
10782.0;134;217;267;224;334;348
10788.0;135;217;267;224;334;347
10794.0;134;217;268;225;332;348
