#auto generated file!
12.0;59;43;53;50;45;50
18.0;59;43;53;49;45;51
24.0;58;43;53;50;45;51
30.0;56;43;54;51;45;51
36.0;56;42;55;51;46;50
42.0;56;42;56;52;45;49
48.0;56;42;57;52;45;48
54.0;56;42;57;53;44;48
60.0;56;42;57;53;44;48
66.0;56;41;58;52;45;48
72.0;56;41;58;52;45;48
78.0;56;40;58;53;45;48
84.0;56;40;58;53;45;48
90.0;56;41;56;52;45;50
96.0;56;40;56;52;46;50
102.0;56;40;56;52;46;50
108.0;56;40;56;52;45;51
114.0;56;40;56;51;45;52
120.0;56;40;56;51;45;52
126.0;56;41;55;51;45;52
132.0;57;41;54;51;45;52
138.0;57;41;54;51;45;52
144.0;56;41;54;51;46;52
150.0;56;41;55;50;46;52
156.0;56;41;55;50;46;52
162.0;56;41;55;50;46;52
168.0;55;41;54;51;47;52
174.0;55;41;54;52;47;51
180.0;54;41;54;52;48;51
186.0;54;41;54;51;49;51
192.0;54;41;54;52;49;50
198.0;53;41;54;52;50;50
204.0;52;41;55;52;50;50
210.0;52;41;55;52;50;50
216.0;52;41;56;51;50;50
222.0;52;41;56;51;50;50
228.0;52;41;57;51;50;49
234.0;52;41;58;51;50;48
240.0;52;40;58;52;50;48
246.0;51;39;59;52;51;48
252.0;51;40;58;52;52;47
258.0;51;40;58;52;52;47
264.0;51;40;58;52;52;47
270.0;51;41;58;51;52;47
276.0;51;41;59;50;52;47
282.0;51;41;59;50;52;47
288.0;51;40;59;51;52;47
294.0;51;40;59;51;52;47
300.0;52;39;59;51;52;47
306.0;52;39;59;52;52;46
312.0;52;39;59;52;52;46
318.0;52;39;59;52;52;46
324.0;52;39;58;52;53;46
330.0;52;39;58;52;53;46
336.0;51;39;58;51;53;48
342.0;51;39;58;51;52;49
348.0;51;39;58;51;52;49
354.0;51;40;58;50;52;49
360.0;51;40;58;50;52;49
366.0;50;41;58;50;52;49
372.0;50;41;58;49;53;49
378.0;49;41;59;49;53;49
384.0;50;40;59;49;53;49
390.0;50;40;59;49;53;49
396.0;50;40;59;50;52;49
402.0;50;40;59;50;52;49
408.0;50;41;59;50;53;47
414.0;50;41;59;50;53;47
420.0;49;41;59;52;53;46
426.0;49;41;59;52;53;46
432.0;49;41;59;52;53;46
438.0;49;41;59;52;53;46
444.0;49;41;59;53;52;46
450.0;50;40;59;53;52;46
456.0;49;41;59;53;53;45
462.0;49;42;58;53;53;45
468.0;49;42;59;52;53;45
474.0;49;42;59;52;53;45
480.0;49;41;59;52;53;46
486.0;50;41;59;52;52;46
492.0;50;41;59;52;52;46
498.0;50;41;59;52;52;46
504.0;50;41;59;52;52;46
510.0;50;41;59;52;52;46
516.0;49;41;59;52;51;48
522.0;49;41;59;52;51;48
528.0;48;41;61;52;51;47
534.0;48;41;61;52;51;47
540.0;49;41;62;51;51;46
546.0;49;41;62;51;51;46
552.0;48;41;62;51;51;47
558.0;48;41;62;51;51;47
564.0;48;41;62;51;51;47
570.0;49;41;62;51;51;46
576.0;49;41;63;50;51;46
582.0;49;41;63;50;51;46
588.0;49;41;63;50;51;46
594.0;49;41;64;49;51;46
600.0;49;41;64;49;51;46
606.0;49;41;64;49;51;46
612.0;49;41;64;49;51;46
618.0;48;41;64;50;51;46
624.0;48;41;65;49;51;46
630.0;48;41;65;48;52;46
636.0;47;41;65;48;52;47
642.0;47;41;65;48;52;47
648.0;47;41;65;48;52;47
654.0;47;41;65;48;52;47
660.0;46;41;66;48;52;47
666.0;44;42;66;48;52;48
672.0;44;42;66;48;52;48
678.0;44;42;66;48;52;48
684.0;44;42;66;48;52;48
690.0;44;42;66;48;52;48
696.0;43;43;66;48;52;48
702.0;43;43;66;48;52;48
708.0;42;43;66;48;53;48
714.0;41;44;66;48;53;48
720.0;41;44;66;48;52;49
726.0;40;45;65;48;54;48
732.0;40;45;65;48;54;48
738.0;41;45;64;47;54;49
744.0;41;44;64;48;54;49
750.0;41;44;64;48;54;49
756.0;42;43;63;48;54;50
762.0;42;43;63;48;54;50
768.0;41;42;63;50;54;50
774.0;41;42;63;50;54;50
780.0;41;42;63;50;54;50
786.0;41;41;63;50;54;51
792.0;41;41;63;50;54;51
798.0;41;41;63;51;55;49
804.0;40;41;63;51;55;50
810.0;40;41;63;52;54;50
816.0;40;41;63;52;54;50
822.0;42;40;62;52;54;50
828.0;42;40;62;52;54;50
834.0;42;39;64;51;54;50
840.0;42;39;64;51;54;50
846.0;42;39;64;51;54;50
852.0;42;39;64;51;54;50
858.0;42;38;64;51;55;50
864.0;43;38;64;51;55;49
870.0;44;39;64;50;54;49
876.0;45;39;64;50;54;48
882.0;45;39;64;50;54;48
888.0;45;39;64;51;54;47
894.0;45;40;64;51;53;47
900.0;45;41;64;50;53;47
906.0;45;41;64;50;53;47
912.0;45;40;66;49;53;47
918.0;45;40;66;49;53;47
924.0;45;40;66;49;53;47
930.0;45;40;66;49;53;47
936.0;45;40;66;49;52;48
942.0;46;40;65;49;52;48
948.0;45;40;65;50;52;48
954.0;45;40;65;50;52;48
960.0;45;38;66;51;52;48
966.0;46;38;66;51;51;48
972.0;47;38;65;52;50;48
978.0;47;38;65;51;50;49
984.0;47;38;64;51;50;50
990.0;47;38;64;51;50;50
996.0;47;38;64;51;50;50
1002.0;46;38;65;51;50;50
1008.0;46;38;65;51;50;50
1014.0;46;38;65;51;50;50
1020.0;46;38;65;50;51;50
1026.0;46;38;65;50;51;50
1032.0;46;38;64;51;51;50
1038.0;46;38;64;51;51;50
1044.0;46;38;64;51;50;51
1050.0;45;38;64;52;50;51
1056.0;45;38;65;52;49;51
1062.0;44;38;65;53;49;51
1068.0;44;38;65;53;49;51
1074.0;44;37;65;53;50;51
1080.0;43;37;65;53;51;51
1086.0;43;38;64;53;51;51
1092.0;43;38;64;53;51;51
1098.0;43;39;64;53;51;50
1104.0;43;39;65;53;51;49
1110.0;43;39;65;53;51;49
1116.0;43;39;66;52;51;49
1122.0;43;39;66;52;51;49
1128.0;43;39;65;53;51;49
1134.0;42;39;66;53;51;49
1140.0;42;39;66;53;51;49
1146.0;42;39;67;52;51;49
1152.0;42;39;67;52;51;49
1158.0;42;40;66;52;51;49
1164.0;42;40;66;52;50;50
1170.0;42;40;66;52;50;50
1176.0;42;40;66;52;50;50
1182.0;41;41;66;52;50;50
1188.0;41;42;65;52;50;50
1194.0;39;42;64;51;54;50
1200.0;39;42;64;51;54;50
1206.0;39;42;64;51;54;50
1212.0;40;42;64;51;53;50
1218.0;40;42;64;51;53;50
1224.0;40;42;64;51;53;50
1230.0;39;43;64;51;53;50
1236.0;38;43;64;51;54;50
1242.0;36;44;65;52;53;50
1248.0;36;44;65;52;53;50
1254.0;36;44;65;52;53;50
1260.0;36;44;65;52;53;50
1266.0;36;44;65;52;53;50
1272.0;36;44;65;52;53;50
1278.0;37;45;65;50;53;50
1284.0;37;44;65;50;54;50
1290.0;36;44;66;50;54;50
1296.0;36;44;66;50;54;50
1302.0;36;44;66;50;54;50
1308.0;36;44;66;50;54;50
1314.0;36;44;65;50;54;51
1320.0;36;44;65;50;54;51
1326.0;36;44;65;50;54;51
1332.0;36;43;66;50;53;52
1338.0;36;43;66;50;53;52
1344.0;35;43;66;50;54;52
1350.0;35;43;66;50;54;52
1356.0;34;42;68;50;54;52
1362.0;34;41;68;51;53;53
1368.0;34;41;67;52;53;53
1374.0;34;41;67;52;53;53
1380.0;34;41;66;53;53;53
1386.0;34;41;67;53;53;52
1392.0;33;41;68;53;52;53
1398.0;33;41;69;53;51;53
1404.0;33;41;70;52;51;53
1410.0;33;41;70;52;51;53
1416.0;33;41;70;52;51;53
1422.0;33;40;70;52;52;53
1428.0;33;40;70;52;52;53
1434.0;32;40;70;53;52;53
1440.0;32;40;70;53;52;53
1446.0;32;39;70;54;52;53
1452.0;31;41;69;54;52;53
1458.0;31;42;68;54;52;53
1464.0;31;42;68;54;52;53
1470.0;31;42;67;54;53;53
1476.0;31;41;67;55;54;52
1482.0;31;41;67;54;54;53
1488.0;31;41;67;54;54;53
1494.0;31;41;67;54;54;53
1500.0;30;42;68;53;55;52
1506.0;30;42;68;53;55;52
1512.0;29;42;68;54;55;52
1518.0;29;42;68;54;54;53
1524.0;29;43;68;54;54;52
1530.0;29;43;68;54;54;52
1536.0;29;43;68;53;54;53
1542.0;28;44;69;52;54;53
1548.0;28;43;69;53;54;53
1554.0;27;43;69;53;54;54
1560.0;27;43;69;53;54;54
1566.0;27;44;68;53;54;54
1572.0;27;44;68;52;55;54
1578.0;27;44;68;52;55;54
1584.0;27;44;69;51;55;54
1590.0;26;44;69;52;55;54
1596.0;26;44;69;52;55;54
1602.0;26;44;69;52;55;54
1608.0;26;44;69;52;55;54
1614.0;26;44;69;51;55;55
1620.0;26;43;69;50;57;55
1626.0;26;43;68;50;57;56
1632.0;26;43;68;50;57;56
1638.0;25;43;68;51;57;56
1644.0;25;42;68;52;57;56
1650.0;24;42;68;52;57;57
1656.0;24;42;68;52;57;57
1662.0;24;42;67;52;56;59
1668.0;24;41;67;52;56;60
1674.0;24;41;67;52;56;60
1680.0;24;41;67;52;56;60
1686.0;24;41;67;52;55;61
1692.0;23;41;67;53;55;61
1698.0;22;42;67;53;54;62
1704.0;22;42;67;53;54;62
1710.0;22;42;66;53;54;63
1716.0;22;42;66;53;54;63
1722.0;22;42;66;53;55;62
1728.0;23;42;66;53;54;62
1734.0;22;43;66;52;56;61
1740.0;22;43;66;52;56;61
1746.0;22;43;66;51;57;61
1752.0;23;43;65;51;57;61
1758.0;22;42;65;51;58;62
1764.0;22;41;64;52;58;63
1770.0;22;41;63;53;58;63
1776.0;22;41;63;53;58;63
1782.0;23;39;63;53;60;62
1788.0;23;39;63;53;60;62
1794.0;23;39;63;53;60;62
1800.0;23;40;63;54;59;61
1806.0;23;40;63;54;59;61
1812.0;23;40;63;54;59;61
1818.0;23;40;64;54;58;61
1824.0;23;40;64;54;58;61
1830.0;23;40;64;55;58;60
1836.0;23;40;64;53;58;62
1842.0;22;40;64;53;58;63
1848.0;22;40;64;53;58;63
1854.0;22;40;64;53;58;63
1860.0;22;40;64;53;58;63
1866.0;21;41;63;54;58;63
1872.0;21;41;63;54;58;63
1878.0;21;42;64;52;58;63
1884.0;22;40;64;51;60;63
1890.0;21;41;64;51;60;63
1896.0;21;43;64;49;60;63
1902.0;21;43;64;49;60;63
1908.0;21;42;64;49;60;64
1914.0;21;42;64;49;60;64
1920.0;21;41;66;48;60;64
1926.0;21;41;67;48;59;64
1932.0;21;41;67;47;59;65
1938.0;21;41;67;47;59;65
1944.0;22;40;68;47;58;65
1950.0;22;40;69;47;58;64
1956.0;22;40;69;47;58;64
1962.0;22;40;69;47;58;64
1968.0;22;40;69;47;58;64
1974.0;22;40;69;47;58;64
1980.0;22;40;70;47;57;64
1986.0;22;40;71;46;57;64
1992.0;22;40;71;46;56;65
1998.0;22;40;71;46;56;65
2004.0;22;40;71;46;56;65
2010.0;22;41;71;46;56;64
2016.0;22;41;71;46;56;64
2022.0;22;41;71;46;56;64
2028.0;22;41;71;46;57;63
2034.0;23;41;70;46;57;63
2040.0;23;41;70;46;57;63
2046.0;23;41;70;46;57;63
2052.0;23;41;70;46;57;63
2058.0;23;41;70;46;57;63
2064.0;23;41;70;46;57;63
2070.0;24;41;69;46;57;63
2076.0;25;41;69;45;57;63
2082.0;25;41;69;45;57;63
2088.0;25;41;69;45;57;63
2094.0;24;41;69;46;57;63
2100.0;24;41;69;46;57;63
2106.0;24;42;69;46;57;62
2112.0;24;43;69;46;57;61
2118.0;24;43;69;46;57;61
2124.0;23;43;69;46;57;62
2130.0;23;43;68;46;58;62
2136.0;23;43;68;46;58;62
2142.0;23;44;68;45;58;62
2148.0;23;44;68;45;58;62
2154.0;24;44;67;45;58;62
2160.0;24;44;67;45;58;62
2166.0;24;44;67;45;58;62
2172.0;24;44;67;45;58;62
2178.0;24;43;69;45;58;61
2184.0;24;43;69;45;58;61
2190.0;24;43;69;45;58;61
2196.0;24;43;69;45;58;61
2202.0;24;43;69;45;58;61
2208.0;24;43;69;45;58;61
2214.0;24;42;69;45;59;61
2220.0;23;42;70;45;59;61
2226.0;23;42;70;45;59;61
2232.0;23;42;70;45;59;61
2238.0;23;42;70;46;59;60
2244.0;23;42;70;46;59;60
2250.0;23;41;70;46;60;60
2256.0;22;41;70;46;60;61
2262.0;22;41;70;46;60;61
2268.0;22;41;70;46;60;61
2274.0;22;41;70;46;60;61
2280.0;22;41;70;46;60;61
2286.0;22;41;70;46;60;61
2292.0;20;41;72;46;60;61
2298.0;20;42;72;45;60;61
2304.0;20;42;71;45;60;62
2310.0;20;42;71;45;60;62
2316.0;21;42;69;45;61;62
2322.0;21;42;69;45;61;62
2328.0;21;42;69;45;61;62
2334.0;22;42;69;44;61;62
2340.0;22;42;69;44;61;62
2346.0;22;42;69;44;61;62
2352.0;22;42;69;44;61;62
2358.0;22;42;69;44;61;62
2364.0;22;42;69;44;61;62
2370.0;21;41;69;44;61;64
2376.0;21;41;69;44;61;64
2382.0;21;41;69;44;61;64
2388.0;21;41;69;44;61;64
2394.0;21;41;69;44;61;64
2400.0;21;41;68;44;61;65
2406.0;21;41;68;44;61;65
2412.0;21;41;68;45;61;64
2418.0;21;41;68;45;61;64
2424.0;21;41;69;45;61;63
2430.0;21;41;69;45;61;63
2436.0;21;41;69;45;61;63
2442.0;21;43;69;43;61;63
2448.0;20;44;68;43;62;63
2454.0;20;44;68;43;62;63
2460.0;20;44;68;43;62;63
2466.0;20;44;68;43;62;63
2472.0;20;44;68;43;62;63
2478.0;20;44;68;43;62;63
2484.0;20;44;68;43;62;63
2490.0;20;44;68;43;62;63
2496.0;21;43;66;44;63;63
2502.0;21;42;66;45;63;63
2508.0;21;42;65;45;64;63
2514.0;21;42;65;45;64;63
2520.0;21;42;66;44;64;63
2526.0;21;42;66;43;65;63
2532.0;21;43;66;42;65;63
2538.0;21;43;66;42;65;63
2544.0;21;43;66;41;65;64
2550.0;21;43;67;40;65;64
2556.0;22;43;67;40;64;64
2562.0;22;43;67;40;63;65
2568.0;22;43;67;39;64;65
2574.0;22;43;65;41;64;65
2580.0;22;43;64;42;64;65
2586.0;22;43;64;42;64;65
2592.0;22;43;64;43;63;65
2598.0;22;43;64;43;63;65
2604.0;22;43;64;43;63;65
2610.0;22;42;64;43;64;65
2616.0;22;42;64;43;64;65
2622.0;22;43;63;42;65;65
2628.0;23;42;63;42;65;65
2634.0;23;42;62;42;65;66
2640.0;23;43;62;42;65;65
2646.0;23;43;62;41;65;66
2652.0;23;43;62;41;65;66
2658.0;22;43;63;41;65;66
2664.0;22;43;63;41;65;66
2670.0;22;42;64;41;65;66
2676.0;22;42;64;41;65;66
2682.0;22;42;64;42;64;66
2688.0;22;42;64;42;64;66
2694.0;24;42;63;41;64;66
2700.0;24;42;63;41;64;66
2706.0;24;43;64;41;63;65
2712.0;24;43;64;42;62;65
2718.0;25;43;63;43;62;64
2724.0;25;43;63;43;62;64
2730.0;25;43;63;43;62;64
2736.0;25;43;63;45;62;62
2742.0;25;43;64;45;61;62
2748.0;25;43;64;45;61;62
2754.0;25;44;64;45;61;61
2760.0;25;45;63;45;61;61
2766.0;25;46;64;44;61;60
2772.0;25;45;64;44;61;61
2778.0;23;45;63;45;62;62
2784.0;23;45;63;45;62;62
2790.0;23;44;64;45;62;62
2796.0;23;44;63;45;63;62
2802.0;23;45;62;45;63;62
2808.0;23;46;61;44;63;63
2814.0;23;47;61;44;63;62
2820.0;24;47;61;44;62;62
2826.0;24;47;61;44;62;62
2832.0;24;47;61;44;62;62
2838.0;24;47;61;44;62;62
2844.0;24;47;61;44;62;62
2850.0;24;47;61;44;62;62
2856.0;24;47;61;44;62;62
2862.0;24;47;61;44;62;62
2868.0;25;47;61;43;61;63
2874.0;25;47;60;43;61;64
2880.0;25;46;61;43;61;64
2886.0;25;46;61;44;61;63
2892.0;24;46;62;46;61;61
2898.0;25;45;62;46;60;62
2904.0;25;45;62;46;60;62
2910.0;25;44;63;45;60;63
2916.0;25;44;63;44;61;63
2922.0;24;44;64;44;61;63
2928.0;24;46;64;44;59;63
2934.0;24;46;64;44;59;63
2940.0;23;45;65;44;59;64
2946.0;23;44;65;45;58;65
2952.0;22;45;65;45;58;65
2958.0;22;45;65;45;58;65
2964.0;22;45;65;45;58;65
2970.0;22;45;65;45;58;65
2976.0;22;45;64;45;58;66
2982.0;22;45;63;46;58;66
2988.0;22;45;63;46;58;66
2994.0;22;45;63;46;58;66
3000.0;22;45;63;46;58;66
3006.0;22;45;63;46;58;66
3012.0;22;44;63;47;58;66
3018.0;22;44;63;47;58;66
3024.0;22;45;63;46;57;67
3030.0;22;45;63;47;56;67
3036.0;22;45;64;46;54;69
3042.0;22;45;64;46;55;68
3048.0;22;45;64;46;55;68
3054.0;22;46;65;46;54;67
3060.0;22;46;65;46;54;67
3066.0;22;46;65;46;54;67
3072.0;22;46;65;46;54;67
3078.0;22;46;65;46;54;67
3084.0;22;46;66;45;54;67
3090.0;23;46;66;45;53;67
3096.0;23;46;67;45;53;66
3102.0;22;46;67;46;53;66
3108.0;22;46;67;46;53;66
3114.0;22;46;65;47;53;67
3120.0;22;46;65;47;53;67
3126.0;22;46;65;47;53;67
3132.0;22;46;65;47;53;67
3138.0;22;46;65;47;53;67
3144.0;22;46;66;46;53;67
3150.0;22;46;66;46;53;67
3156.0;22;45;66;46;55;66
3162.0;22;45;66;46;55;66
3168.0;22;44;68;47;53;66
3174.0;20;44;67;47;55;67
3180.0;20;44;67;47;55;67
3186.0;20;44;67;47;55;67
3192.0;20;44;67;47;55;67
3198.0;20;44;67;47;55;67
3204.0;20;44;67;47;55;67
3210.0;20;43;68;47;55;67
3216.0;21;43;69;46;54;67
3222.0;21;43;69;46;55;66
3228.0;21;43;69;46;55;66
3234.0;21;43;68;47;55;66
3240.0;21;43;68;47;55;66
3246.0;21;43;68;47;56;65
3252.0;21;43;68;47;56;65
3258.0;21;43;68;47;56;65
3264.0;21;43;68;47;56;65
3270.0;21;43;68;47;56;65
3276.0;21;43;68;47;56;65
3282.0;21;41;68;48;56;66
3288.0;21;41;68;48;56;66
3294.0;21;41;67;48;56;67
3300.0;22;40;66;48;56;68
3306.0;22;40;66;48;56;68
3312.0;22;39;66;49;56;68
3318.0;22;39;67;48;56;68
3324.0;22;39;67;48;56;68
3330.0;22;39;67;48;56;68
3336.0;22;39;67;48;56;68
3342.0;22;39;67;48;56;68
3348.0;22;38;67;48;58;67
3354.0;22;38;67;48;58;67
3360.0;24;38;67;48;56;67
3366.0;24;38;67;48;56;67
3372.0;23;38;67;48;56;68
3378.0;23;37;67;49;56;68
3384.0;23;37;67;49;56;68
3390.0;23;37;66;51;55;68
3396.0;23;37;66;51;55;68
3402.0;22;37;66;52;55;68
3408.0;22;37;66;52;55;68
3414.0;22;37;66;52;55;68
3420.0;22;37;66;52;55;68
3426.0;23;37;66;52;55;67
3432.0;23;37;66;52;55;67
3438.0;23;37;66;52;55;67
3444.0;23;37;66;52;55;67
3450.0;23;37;67;52;55;66
3456.0;23;37;68;51;55;66
3462.0;23;37;68;51;55;66
3468.0;23;37;68;51;55;66
3474.0;23;37;68;51;55;66
3480.0;22;38;68;51;55;66
3486.0;22;38;68;51;55;66
3492.0;22;38;68;51;55;66
3498.0;21;38;68;51;56;66
3504.0;21;38;68;51;56;66
3510.0;21;38;69;51;55;66
3516.0;22;37;69;51;55;66
3522.0;22;37;68;51;55;67
3528.0;21;37;68;51;56;67
3534.0;21;37;68;51;56;67
3540.0;21;38;67;51;56;67
3546.0;22;38;67;50;56;67
3552.0;22;38;67;50;56;67
3558.0;22;38;67;50;56;67
3564.0;22;41;66;48;56;67
3570.0;22;41;66;48;56;67
3576.0;21;40;66;48;57;68
3582.0;21;40;66;48;57;68
3588.0;21;40;68;48;56;67
3594.0;21;40;68;48;56;67
3600.0;21;39;68;48;58;66
3606.0;21;39;68;48;58;66
3612.0;21;40;68;48;57;66
3618.0;20;41;66;49;57;67
3624.0;18;43;66;49;57;67
3630.0;18;43;66;49;57;67
3636.0;18;42;66;50;57;67
3642.0;18;42;66;50;57;67
3648.0;18;42;66;50;57;67
3654.0;19;42;66;50;57;66
3660.0;19;42;66;50;57;66
3666.0;19;42;66;50;57;66
3672.0;19;42;66;50;57;66
3678.0;19;42;66;50;57;66
3684.0;19;42;66;50;57;66
3690.0;19;42;66;50;57;66
3696.0;19;42;66;50;57;66
3702.0;19;42;66;50;57;66
3708.0;19;41;67;50;57;66
3714.0;18;41;67;50;57;67
3720.0;18;42;67;50;56;67
3726.0;18;42;67;50;56;67
3732.0;18;42;67;50;56;67
3738.0;18;42;67;50;56;67
3744.0;18;42;67;50;56;67
3750.0;17;44;67;49;56;67
3756.0;17;44;67;49;56;67
3762.0;16;45;67;49;56;67
3768.0;16;45;69;49;55;66
3774.0;16;45;69;49;55;66
3780.0;16;45;68;49;56;66
3786.0;16;44;68;49;56;67
3792.0;18;43;69;48;55;67
3798.0;17;44;69;48;55;67
3804.0;18;44;68;48;55;67
3810.0;18;44;68;48;55;67
3816.0;18;44;68;48;55;67
3822.0;18;45;68;48;54;67
3828.0;19;45;67;48;54;67
3834.0;19;45;67;48;54;67
3840.0;19;45;67;48;54;67
3846.0;20;45;66;48;54;67
3852.0;20;45;66;48;54;67
3858.0;20;45;66;48;54;67
3864.0;19;45;65;50;54;67
3870.0;19;46;66;49;53;67
3876.0;19;47;66;49;52;67
3882.0;19;47;66;49;52;67
3888.0;19;47;66;49;52;67
3894.0;19;47;66;49;53;66
3900.0;19;47;66;49;53;66
3906.0;19;47;66;49;53;66
3912.0;19;48;65;49;53;66
3918.0;19;48;64;51;52;66
3924.0;20;47;63;50;54;66
3930.0;20;47;63;50;54;66
3936.0;20;47;63;50;54;66
3942.0;20;47;63;50;54;66
3948.0;20;46;62;51;54;67
3954.0;20;46;62;51;54;67
3960.0;20;46;62;50;55;67
3966.0;20;46;62;50;55;67
3972.0;20;46;62;50;55;67
3978.0;20;46;62;50;55;67
3984.0;20;46;63;49;55;67
3990.0;20;46;63;49;55;67
3996.0;20;46;63;49;55;67
4002.0;20;46;63;49;55;67
4008.0;20;46;63;49;55;67
4014.0;20;46;63;49;55;67
4020.0;20;46;63;49;55;67
4026.0;20;46;64;49;55;66
4032.0;20;46;64;49;55;66
4038.0;20;46;65;48;55;66
4044.0;20;46;65;48;55;66
4050.0;20;46;65;48;55;66
4056.0;22;45;65;47;55;66
4062.0;22;45;65;47;56;65
4068.0;22;45;65;47;56;65
4074.0;22;45;66;46;56;65
4080.0;22;45;66;46;57;64
4086.0;22;44;66;46;58;64
4092.0;22;44;66;46;58;64
4098.0;22;43;66;45;59;65
4104.0;22;43;66;45;59;65
4110.0;22;43;66;45;59;65
4116.0;23;43;66;46;59;63
4122.0;23;43;66;46;59;63
4128.0;22;43;67;46;59;63
4134.0;22;43;67;46;59;63
4140.0;22;43;67;46;59;63
4146.0;24;43;65;46;60;62
4152.0;24;43;65;46;60;62
4158.0;24;41;65;48;60;62
4164.0;24;41;65;48;60;62
4170.0;24;41;65;48;60;62
4176.0;24;41;65;48;59;63
4182.0;24;41;65;49;58;63
4188.0;24;41;65;50;58;62
4194.0;24;41;65;50;58;62
4200.0;23;41;66;50;57;63
4206.0;23;41;67;50;56;63
4212.0;23;41;68;50;55;63
4218.0;22;42;68;51;55;62
4224.0;23;42;67;51;55;62
4230.0;23;42;67;51;55;62
4236.0;24;42;67;51;55;61
4242.0;25;42;66;51;55;61
4248.0;25;42;66;50;55;62
4254.0;25;42;66;51;55;61
4260.0;25;42;66;51;55;61
4266.0;25;42;66;51;55;61
4272.0;25;42;66;51;55;61
4278.0;25;42;66;51;55;61
4284.0;25;42;65;52;55;61
4290.0;25;42;65;52;55;61
4296.0;25;42;65;52;55;61
4302.0;25;42;65;52;55;61
4308.0;25;42;65;52;55;61
4314.0;24;43;66;50;56;61
4320.0;24;43;65;51;56;61
4326.0;24;43;65;51;55;62
4332.0;24;43;64;51;55;63
4338.0;25;43;64;51;55;62
4344.0;25;43;63;52;55;62
4350.0;25;43;64;52;54;62
4356.0;25;43;64;52;54;62
4362.0;24;43;64;53;54;62
4368.0;23;44;64;53;54;62
4374.0;23;44;64;53;54;62
4380.0;23;44;64;53;54;62
4386.0;23;43;64;54;54;62
4392.0;23;43;63;55;54;62
4398.0;23;43;63;55;54;62
4404.0;23;43;63;55;54;62
4410.0;23;43;63;55;54;62
4416.0;23;43;63;55;54;62
4422.0;23;43;63;56;53;62
4428.0;23;43;63;56;53;62
4434.0;23;44;62;56;53;62
4440.0;23;44;62;56;53;62
4446.0;23;43;62;56;54;62
4452.0;23;43;62;56;54;62
4458.0;23;43;62;56;54;62
4464.0;23;43;62;56;54;62
4470.0;23;43;62;56;53;63
4476.0;23;43;62;56;52;64
4482.0;23;43;62;56;51;65
4488.0;23;43;62;56;51;65
4494.0;23;43;62;56;51;65
4500.0;22;43;62;56;52;65
4506.0;24;43;62;54;52;65
4512.0;24;43;62;54;52;65
4518.0;24;43;62;54;52;65
4524.0;24;43;62;54;52;65
4530.0;24;43;61;54;52;66
4536.0;24;43;61;54;52;66
4542.0;24;43;61;54;52;66
4548.0;24;43;61;54;52;66
4554.0;24;44;61;54;52;65
4560.0;24;44;61;54;52;65
4566.0;24;45;61;54;52;64
4572.0;23;45;61;55;52;64
4578.0;22;46;60;55;51;66
4584.0;22;46;60;55;50;67
4590.0;22;46;61;55;50;66
4596.0;22;46;61;55;50;66
4602.0;22;46;60;56;50;66
4608.0;22;47;60;56;50;65
4614.0;22;47;60;56;51;64
4620.0;22;47;60;56;51;64
4626.0;22;47;60;56;51;64
4632.0;23;47;60;56;51;63
4638.0;24;47;59;56;51;63
4644.0;25;47;59;56;50;63
4650.0;25;47;59;56;50;63
4656.0;25;47;59;56;50;63
4662.0;25;47;59;56;50;63
4668.0;25;47;59;56;50;63
4674.0;24;47;59;57;50;63
4680.0;24;47;59;56;50;64
4686.0;24;47;59;56;50;64
4692.0;25;47;59;55;50;64
4698.0;25;48;59;54;50;64
4704.0;25;48;60;54;48;65
4710.0;25;48;60;54;48;65
4716.0;25;48;60;54;48;65
4722.0;25;48;60;54;48;65
4728.0;25;48;59;55;48;65
4734.0;25;49;60;55;48;63
4740.0;25;49;60;55;48;63
4746.0;25;50;60;54;48;63
4752.0;25;50;60;54;48;63
4758.0;26;49;60;54;48;63
4764.0;25;50;60;54;48;63
4770.0;25;50;60;54;48;63
4776.0;25;51;60;53;48;63
4782.0;25;51;60;53;48;63
4788.0;25;52;60;53;48;62
4794.0;24;53;60;52;48;63
4800.0;24;53;59;52;49;63
4806.0;24;54;60;52;48;62
4812.0;23;54;60;52;48;63
4818.0;25;54;60;51;48;62
4824.0;25;54;61;50;48;62
4830.0;25;54;61;50;48;62
4836.0;24;55;61;50;48;62
4842.0;24;55;61;50;48;62
4848.0;24;55;61;50;48;62
4854.0;24;55;61;50;48;62
4860.0;24;55;61;50;48;62
4866.0;24;55;61;50;48;62
4872.0;24;55;61;49;49;62
4878.0;24;55;63;49;47;62
4884.0;24;54;63;50;47;62
4890.0;24;54;63;50;47;62
4896.0;25;54;63;50;46;62
4902.0;25;54;62;50;47;62
4908.0;25;52;62;50;47;64
4914.0;25;52;61;51;47;64
4920.0;26;52;61;51;47;63
4926.0;26;52;62;51;47;62
4932.0;26;53;62;50;47;62
4938.0;26;53;62;50;47;62
4944.0;26;53;62;50;47;62
4950.0;26;52;63;50;47;62
4956.0;26;52;63;50;47;62
4962.0;26;52;63;50;47;62
4968.0;26;52;63;49;48;62
4974.0;26;51;63;50;48;62
4980.0;26;50;64;50;48;62
4986.0;27;50;64;50;48;61
4992.0;27;50;64;50;48;61
4998.0;27;50;64;50;48;61
5004.0;27;51;64;50;48;60
5010.0;27;51;64;50;48;60
5016.0;27;51;63;50;48;61
5022.0;27;50;63;50;48;62
5028.0;28;48;63;50;49;62
5034.0;28;48;63;50;49;62
5040.0;28;48;63;50;49;62
5046.0;28;48;63;50;49;62
5052.0;27;49;63;50;49;62
5058.0;27;49;63;50;49;62
5064.0;27;49;63;50;49;62
5070.0;27;48;64;50;49;62
5076.0;28;48;64;50;49;61
5082.0;29;48;62;50;50;61
5088.0;29;48;63;50;49;61
5094.0;29;48;63;50;49;61
5100.0;29;49;63;49;49;61
5106.0;29;49;63;49;49;61
5112.0;30;50;62;49;49;60
5118.0;30;50;62;49;49;60
5124.0;30;50;62;50;48;60
5130.0;30;50;62;50;48;60
5136.0;30;50;63;50;47;60
5142.0;30;50;63;50;47;60
5148.0;29;50;63;50;48;60
5154.0;29;50;64;49;48;60
5160.0;29;50;64;49;48;60
5166.0;29;49;64;50;48;60
5172.0;29;49;63;49;50;60
5178.0;29;49;63;49;51;59
5184.0;29;49;63;49;51;59
5190.0;30;48;64;49;50;59
5196.0;30;48;64;49;50;59
5202.0;30;49;65;48;50;58
5208.0;30;49;65;48;50;58
5214.0;30;49;65;48;49;59
5220.0;30;48;65;49;49;59
5226.0;30;48;65;49;49;59
5232.0;30;49;64;49;49;59
5238.0;30;50;64;49;48;59
5244.0;29;49;65;49;49;59
5250.0;29;49;64;49;49;60
5256.0;28;49;63;50;49;61
5262.0;28;49;63;50;49;61
5268.0;27;49;64;50;49;61
5274.0;26;49;66;49;49;61
5280.0;26;49;66;49;48;62
5286.0;26;49;66;49;48;62
5292.0;26;49;66;49;48;62
5298.0;26;49;66;50;47;62
5304.0;26;49;66;50;46;63
5310.0;26;50;66;49;46;63
5316.0;27;50;64;49;47;63
5322.0;27;49;64;49;47;64
5328.0;27;48;64;49;47;65
5334.0;27;48;65;49;47;64
5340.0;27;48;65;49;47;64
5346.0;27;48;65;49;47;64
5352.0;27;49;65;49;47;63
5358.0;27;49;65;49;47;63
5364.0;27;49;65;49;47;63
5370.0;27;49;64;49;47;64
5376.0;27;49;64;49;47;64
5382.0;28;49;64;48;47;64
5388.0;28;49;64;48;47;64
5394.0;28;50;63;48;47;64
5400.0;28;50;63;47;48;64
5406.0;28;50;63;47;48;64
5412.0;28;51;63;47;47;64
5418.0;29;50;63;47;47;64
5424.0;28;50;64;47;47;64
5430.0;28;49;64;48;47;64
5436.0;28;49;64;48;47;64
5442.0;28;48;64;48;48;64
5448.0;27;48;64;48;49;64
5454.0;27;48;64;48;49;64
5460.0;27;48;64;48;49;64
5466.0;27;48;64;48;49;64
5472.0;27;48;64;48;49;64
5478.0;27;49;63;48;49;64
5484.0;27;49;63;48;49;64
5490.0;27;49;63;48;49;64
5496.0;27;49;63;46;49;66
5502.0;27;49;63;46;50;65
5508.0;26;49;63;46;50;66
5514.0;26;49;63;46;50;66
5520.0;26;48;62;47;50;67
5526.0;26;48;63;47;49;67
5532.0;26;48;62;47;49;68
5538.0;26;48;62;47;49;68
5544.0;27;48;61;47;49;68
5550.0;27;50;61;46;48;68
5556.0;27;50;61;46;48;68
5562.0;25;50;61;47;49;68
5568.0;25;50;61;47;49;68
5574.0;25;50;61;47;49;68
5580.0;25;50;61;46;49;69
5586.0;25;50;61;47;49;68
5592.0;25;50;60;47;50;68
5598.0;25;50;60;47;50;68
5604.0;25;50;59;47;50;69
5610.0;25;50;60;46;49;70
5616.0;25;50;60;46;49;70
5622.0;26;50;60;46;49;69
5628.0;26;50;60;47;49;68
5634.0;26;50;60;47;49;68
5640.0;27;50;61;47;47;68
5646.0;27;50;61;47;48;67
5652.0;27;50;61;47;48;67
5658.0;28;50;61;47;48;66
5664.0;28;50;61;47;48;66
5670.0;29;50;61;47;48;65
5676.0;29;50;61;47;48;65
5682.0;29;50;61;47;48;65
5688.0;29;50;61;47;48;65
5694.0;29;50;61;48;47;65
5700.0;29;50;61;48;47;65
5706.0;29;50;60;49;47;65
5712.0;30;51;60;49;47;63
5718.0;30;51;60;49;47;63
5724.0;30;51;60;49;47;63
5730.0;30;51;60;49;47;63
5736.0;30;51;59;49;48;63
5742.0;30;51;59;49;48;63
5748.0;30;50;59;49;48;64
5754.0;30;50;59;49;48;64
5760.0;30;51;59;48;48;64
5766.0;30;52;59;49;48;62
5772.0;30;52;59;49;48;62
5778.0;28;51;59;49;49;64
5784.0;26;52;59;49;49;65
5790.0;26;52;58;49;50;65
5796.0;26;53;57;49;50;65
5802.0;26;52;57;49;51;65
5808.0;26;52;57;49;52;64
5814.0;26;52;57;49;51;65
5820.0;26;52;57;49;51;65
5826.0;26;53;56;49;51;65
5832.0;26;53;55;50;51;65
5838.0;26;53;55;50;51;65
5844.0;26;53;55;50;51;65
5850.0;26;53;55;50;51;65
5856.0;26;52;56;50;51;65
5862.0;26;52;56;50;51;65
5868.0;26;52;56;51;50;65
5874.0;27;52;56;51;50;64
5880.0;27;52;56;51;50;64
5886.0;28;52;56;51;49;64
5892.0;28;52;56;51;48;65
5898.0;28;52;56;51;48;65
5904.0;28;52;56;51;48;65
5910.0;28;53;56;51;48;64
5916.0;28;54;55;51;48;64
5922.0;28;54;55;50;48;65
5928.0;28;54;54;51;48;65
5934.0;28;54;54;51;48;65
5940.0;28;54;54;51;48;65
5946.0;25;54;54;52;50;65
5952.0;25;55;54;52;50;64
5958.0;25;55;54;52;50;64
5964.0;26;54;54;52;50;64
5970.0;26;54;54;52;50;64
5976.0;26;55;53;52;50;64
5982.0;26;54;52;52;51;65
5988.0;26;53;52;52;52;65
5994.0;27;52;52;52;53;64
6000.0;27;52;52;52;53;64
6006.0;27;52;52;52;53;64
6012.0;27;52;52;52;53;64
6018.0;27;52;53;53;53;62
6024.0;26;51;53;53;53;64
6030.0;26;51;53;53;53;64
6036.0;26;51;53;53;53;64
6042.0;27;51;52;53;52;65
6048.0;27;51;52;53;52;65
6054.0;27;51;52;53;52;65
6060.0;28;51;52;53;51;65
6066.0;29;49;52;53;52;65
6072.0;28;49;53;53;52;65
6078.0;28;49;54;52;52;65
6084.0;28;49;54;52;52;65
6090.0;29;49;54;52;51;65
6096.0;29;49;54;52;51;65
6102.0;29;49;55;52;50;65
6108.0;29;48;55;52;50;66
6114.0;29;48;55;52;50;66
6120.0;29;48;55;52;50;66
6126.0;29;48;55;52;50;66
6132.0;29;48;57;52;48;66
6138.0;29;49;56;53;47;66
6144.0;29;49;56;54;47;65
6150.0;29;49;56;54;47;65
6156.0;29;49;56;53;47;66
6162.0;29;49;56;53;47;66
6168.0;28;50;56;53;47;66
6174.0;28;50;56;53;47;66
6180.0;28;50;56;53;47;66
6186.0;28;50;56;53;47;66
6192.0;28;50;56;53;47;66
6198.0;28;50;56;53;47;66
6204.0;28;51;55;53;47;66
6210.0;28;51;55;52;48;66
6216.0;28;51;56;52;47;66
6222.0;28;51;56;52;47;66
6228.0;28;51;57;51;47;66
6234.0;29;51;57;50;47;66
6240.0;29;51;57;50;47;66
6246.0;29;51;57;50;47;66
6252.0;29;51;57;50;47;66
6258.0;29;51;57;51;47;65
6264.0;27;52;57;51;48;65
6270.0;26;52;58;51;48;65
6276.0;26;52;58;51;48;65
6282.0;26;52;58;51;48;65
6288.0;26;52;58;51;48;65
6294.0;26;52;58;51;48;65
6300.0;26;52;58;51;48;65
6306.0;26;53;58;51;48;64
6312.0;26;53;58;51;48;64
6318.0;26;53;58;51;48;64
6324.0;26;53;58;51;48;64
6330.0;26;53;59;50;48;64
6336.0;25;53;59;50;49;64
6342.0;25;53;59;50;49;64
6348.0;24;53;59;50;50;64
6354.0;24;53;59;49;51;64
6360.0;25;53;59;49;51;63
6366.0;25;53;59;49;51;63
6372.0;25;54;59;48;51;63
6378.0;26;54;59;47;51;63
6384.0;26;54;59;47;51;63
6390.0;25;54;60;48;51;62
6396.0;26;54;60;47;51;62
6402.0;26;54;60;47;51;62
6408.0;26;54;60;47;50;63
6414.0;26;54;59;47;50;64
6420.0;26;54;59;47;50;64
6426.0;27;54;59;47;49;64
6432.0;28;54;59;47;49;63
6438.0;28;55;59;47;50;61
6444.0;27;56;59;47;50;61
6450.0;27;56;59;47;50;61
6456.0;27;56;59;47;50;61
6462.0;27;56;59;47;50;61
6468.0;27;57;59;47;50;60
6474.0;26;58;59;47;50;60
6480.0;26;58;59;47;50;60
6486.0;26;58;59;47;50;60
6492.0;26;58;60;46;50;60
6498.0;27;58;60;45;50;60
6504.0;27;57;60;45;49;62
6510.0;27;57;60;45;49;62
6516.0;27;56;60;44;50;63
6522.0;27;56;60;44;50;63
6528.0;26;56;60;44;51;63
6534.0;27;56;59;44;51;63
6540.0;27;55;59;44;52;63
6546.0;27;55;59;44;52;63
6552.0;27;56;60;43;51;63
6558.0;28;56;59;43;51;63
6564.0;29;57;58;42;51;63
6570.0;29;57;58;42;51;63
6576.0;29;57;58;42;51;63
6582.0;30;57;57;42;52;62
6588.0;30;57;57;42;52;62
6594.0;30;57;57;42;52;62
6600.0;30;57;58;42;53;60
6606.0;30;57;57;43;54;59
6612.0;30;58;56;43;55;58
6618.0;30;57;56;43;55;59
6624.0;29;58;56;43;55;59
6630.0;29;58;57;42;55;59
6636.0;29;57;57;42;56;59
6642.0;29;58;56;42;56;59
6648.0;29;58;56;42;56;59
6654.0;29;58;55;42;58;58
6660.0;29;58;55;43;57;58
6666.0;28;59;55;43;57;58
6672.0;28;59;55;43;57;58
6678.0;28;58;55;44;57;58
6684.0;28;58;55;44;57;58
6690.0;29;58;55;43;57;58
6696.0;29;57;55;43;58;58
6702.0;29;57;55;43;58;58
6708.0;28;57;55;44;58;58
6714.0;28;57;55;44;58;58
6720.0;28;58;54;44;58;58
6726.0;26;60;54;44;58;58
6732.0;26;60;54;44;58;58
6738.0;26;60;54;44;58;58
6744.0;26;61;54;43;58;58
6750.0;26;61;54;43;58;58
6756.0;26;62;54;43;57;58
6762.0;25;61;55;43;57;59
6768.0;26;61;56;41;56;60
6774.0;27;61;55;41;56;60
6780.0;27;61;55;41;56;60
6786.0;27;61;55;41;56;60
6792.0;27;62;54;41;56;60
6798.0;27;63;53;41;56;60
6804.0;27;63;53;41;56;60
6810.0;27;63;53;41;56;60
6816.0;27;63;54;40;56;60
6822.0;26;63;54;41;56;60
6828.0;26;62;55;41;55;61
6834.0;26;62;55;41;55;61
6840.0;26;62;55;41;55;61
6846.0;27;62;55;40;55;61
6852.0;27;62;55;40;55;61
6858.0;27;62;55;40;55;61
6864.0;27;62;56;39;55;61
6870.0;27;62;56;39;55;61
6876.0;27;60;56;39;55;63
6882.0;27;60;56;39;55;63
6888.0;27;60;56;39;55;63
6894.0;26;59;57;39;56;63
6900.0;27;59;57;39;56;62
6906.0;27;59;57;39;56;62
6912.0;27;59;57;39;56;62
6918.0;27;59;57;39;56;62
6924.0;27;59;57;39;56;62
6930.0;26;58;57;40;57;62
6936.0;26;58;57;40;57;62
6942.0;25;58;57;42;57;61
6948.0;25;58;57;42;57;61
6954.0;25;58;57;41;58;61
6960.0;25;57;57;42;58;61
6966.0;25;56;58;42;58;61
6972.0;25;56;59;42;57;61
6978.0;25;56;59;42;57;61
6984.0;24;56;60;41;58;61
6990.0;23;56;61;41;58;61
6996.0;23;56;61;40;58;62
7002.0;24;55;61;40;58;62
7008.0;24;55;61;40;58;62
7014.0;24;55;61;40;58;62
7020.0;24;55;61;40;58;62
7026.0;24;55;61;40;58;62
7032.0;24;56;60;40;58;62
7038.0;24;55;60;40;58;63
7044.0;26;55;60;39;58;62
7050.0;26;55;62;38;58;61
7056.0;26;55;62;37;59;61
7062.0;26;55;62;37;59;61
7068.0;26;55;63;37;58;61
7074.0;26;55;63;37;58;61
7080.0;26;55;64;37;58;60
7086.0;25;53;64;39;59;60
7092.0;26;53;64;39;58;60
7098.0;26;53;64;39;58;60
7104.0;26;54;64;39;57;60
7110.0;26;54;64;39;57;60
7116.0;26;53;64;39;58;60
7122.0;26;53;64;39;58;60
7128.0;26;53;64;39;58;60
7134.0;26;52;64;39;58;61
7140.0;26;51;64;39;59;61
7146.0;26;50;64;39;59;62
7152.0;27;49;64;39;59;62
7158.0;27;49;64;39;59;62
7164.0;27;50;64;38;59;62
7170.0;27;50;64;38;59;62
7176.0;28;51;64;37;59;61
7182.0;28;51;64;37;59;61
7188.0;28;51;64;37;59;61
7194.0;28;51;64;37;59;61
7200.0;28;51;64;37;59;61
7206.0;28;52;65;37;58;60
7212.0;28;52;65;37;58;60
7218.0;28;52;65;37;58;60
7224.0;28;52;65;37;58;60
7230.0;28;52;65;37;58;60
7236.0;28;52;65;37;57;61
7242.0;28;52;65;37;57;61
7248.0;29;52;65;37;57;60
7254.0;28;52;65;37;58;60
7260.0;28;52;65;37;58;60
7266.0;28;52;65;37;58;60
7272.0;29;52;64;37;58;60
7278.0;29;52;64;37;58;60
7284.0;29;53;62;37;58;61
7290.0;29;53;62;37;58;61
7296.0;28;53;62;38;58;61
7302.0;28;53;63;38;58;60
7308.0;28;53;63;38;58;60
7314.0;29;52;63;39;59;58
7320.0;29;52;63;39;59;58
7326.0;29;52;64;39;58;58
7332.0;29;52;64;39;58;58
7338.0;29;52;64;39;59;57
7344.0;29;53;63;39;59;57
7350.0;30;52;64;39;59;56
7356.0;29;52;64;40;59;56
7362.0;28;52;64;40;59;57
7368.0;28;52;64;40;59;57
7374.0;28;52;64;41;58;57
7380.0;29;51;64;40;59;57
7386.0;29;51;64;40;59;57
7392.0;29;52;64;40;58;57
7398.0;28;52;64;41;58;57
7404.0;28;52;64;41;58;57
7410.0;28;51;64;41;59;57
7416.0;28;51;64;41;59;57
7422.0;28;51;64;41;59;57
7428.0;29;51;62;41;59;58
7434.0;29;50;62;41;60;58
7440.0;29;50;62;41;60;58
7446.0;29;50;62;41;60;58
7452.0;29;51;62;41;59;58
7458.0;29;51;62;41;59;58
7464.0;30;51;62;40;59;58
7470.0;30;51;62;40;59;58
7476.0;31;51;61;40;59;58
7482.0;31;52;60;40;60;57
7488.0;30;52;60;40;61;57
7494.0;30;52;60;40;61;57
7500.0;30;52;60;40;61;57
7506.0;31;52;59;39;61;58
7512.0;31;52;59;39;61;58
7518.0;31;51;59;40;61;58
7524.0;32;50;59;40;61;58
7530.0;32;49;60;40;61;58
7536.0;32;49;60;40;61;58
7542.0;32;49;60;40;61;58
7548.0;32;49;61;40;61;57
7554.0;32;49;61;40;61;57
7560.0;32;50;61;39;61;57
7566.0;32;49;62;39;61;57
7572.0;32;49;62;39;61;57
7578.0;32;49;62;39;61;57
7584.0;32;50;62;38;61;57
7590.0;32;50;62;38;61;57
7596.0;32;50;62;39;61;56
7602.0;32;51;62;39;60;56
7608.0;33;49;63;39;60;56
7614.0;32;49;64;39;60;56
7620.0;34;49;63;37;60;57
7626.0;34;50;61;37;60;58
7632.0;34;50;61;37;60;58
7638.0;33;51;61;37;60;58
7644.0;32;52;61;37;60;58
7650.0;32;52;61;37;60;58
7656.0;32;52;62;37;60;57
7662.0;32;52;62;37;60;57
7668.0;32;52;62;37;60;57
7674.0;33;52;62;36;60;57
7680.0;32;52;63;37;60;56
7686.0;32;52;63;37;60;56
7692.0;32;52;63;37;60;56
7698.0;32;52;63;37;60;56
7704.0;32;52;63;37;60;56
7710.0;32;51;63;38;59;57
7716.0;32;51;63;39;58;57
7722.0;32;52;63;39;58;56
7728.0;32;52;63;39;58;56
7734.0;33;53;62;39;57;56
7740.0;33;53;62;37;58;57
7746.0;34;53;61;37;58;57
7752.0;34;53;61;37;58;57
7758.0;34;53;62;37;58;56
7764.0;34;53;62;37;58;56
7770.0;34;53;62;37;58;56
7776.0;34;53;62;37;58;56
7782.0;34;53;62;37;58;56
7788.0;35;53;62;36;58;56
7794.0;35;53;63;36;58;55
7800.0;34;53;63;36;59;55
7806.0;34;52;63;36;59;56
7812.0;34;52;63;36;59;56
7818.0;33;52;63;36;60;56
7824.0;33;52;63;36;60;56
7830.0;34;51;64;35;61;55
7836.0;34;51;64;35;60;56
7842.0;34;50;64;35;61;56
7848.0;34;49;64;34;61;58
7854.0;34;49;63;34;62;58
7860.0;34;49;63;34;62;58
7866.0;34;49;63;34;62;58
7872.0;34;50;63;33;62;58
7878.0;33;51;63;33;62;58
7884.0;33;50;63;33;63;58
7890.0;33;50;63;33;63;58
7896.0;33;50;62;33;64;58
7902.0;33;50;62;33;64;58
7908.0;33;50;62;33;64;58
7914.0;33;50;62;33;64;58
7920.0;33;50;62;33;64;58
7926.0;33;50;62;33;64;58
7932.0;32;50;62;34;64;58
7938.0;33;50;62;34;63;58
7944.0;33;50;62;34;63;58
7950.0;33;50;62;34;63;58
7956.0;34;50;62;33;63;58
7962.0;33;51;62;33;63;58
7968.0;33;51;62;33;63;58
7974.0;33;51;62;33;63;58
7980.0;33;50;62;34;63;58
7986.0;34;50;62;34;63;57
7992.0;34;50;62;33;63;58
7998.0;34;50;62;33;63;58
8004.0;34;50;62;33;63;58
8010.0;34;50;62;33;63;58
8016.0;34;50;62;33;63;58
8022.0;34;50;63;33;62;58
8028.0;34;50;62;34;62;58
8034.0;33;49;62;35;62;59
8040.0;33;49;62;35;62;59
8046.0;33;49;62;35;62;59
8052.0;33;50;63;35;61;58
8058.0;33;50;63;35;61;58
8064.0;33;50;63;35;61;58
8070.0;33;50;63;35;61;58
8076.0;33;49;63;36;61;58
8082.0;33;49;63;36;61;58
8088.0;32;50;62;37;61;58
8094.0;32;51;62;37;60;58
8100.0;32;51;62;37;60;58
8106.0;32;51;61;37;60;59
8112.0;32;51;61;37;60;59
8118.0;32;51;61;38;60;58
8124.0;33;51;60;38;60;58
8130.0;32;51;60;38;60;59
8136.0;32;51;60;38;60;59
8142.0;32;51;60;38;60;59
8148.0;31;52;60;39;59;59
8154.0;31;52;60;39;59;59
8160.0;31;52;59;39;60;59
8166.0;30;52;59;39;61;59
8172.0;29;52;59;40;61;59
8178.0;28;52;59;40;61;60
8184.0;27;52;59;41;61;60
8190.0;27;52;59;42;61;59
8196.0;27;52;59;42;61;59
8202.0;27;51;59;42;61;60
8208.0;26;52;59;42;61;60
8214.0;25;52;59;42;62;60
8220.0;26;51;59;42;62;60
8226.0;26;51;59;42;62;60
8232.0;26;51;59;42;62;60
8238.0;26;51;59;42;62;60
8244.0;26;51;58;43;62;60
8250.0;24;52;58;43;62;61
8256.0;23;52;59;43;62;61
8262.0;23;53;59;43;61;61
8268.0;23;53;59;42;62;61
8274.0;23;53;59;42;62;61
8280.0;23;53;59;42;61;62
8286.0;23;53;59;42;61;62
8292.0;23;53;60;43;61;60
8298.0;23;53;60;43;61;60
8304.0;23;53;60;43;61;60
8310.0;23;53;60;43;61;60
8316.0;23;55;59;43;60;60
8322.0;24;55;59;43;59;60
8328.0;25;55;60;43;57;60
8334.0;25;55;60;43;57;60
8340.0;25;55;60;43;57;60
8346.0;25;55;60;43;57;60
8352.0;25;54;60;42;57;62
8358.0;25;54;60;42;57;62
8364.0;25;54;59;42;58;62
8370.0;25;54;59;42;58;62
8376.0;26;54;58;42;58;62
8382.0;26;54;58;42;58;62
8388.0;26;54;58;42;58;62
8394.0;26;54;58;42;58;62
8400.0;26;54;57;43;58;62
8406.0;26;54;57;43;58;62
8412.0;26;53;58;43;58;62
8418.0;26;53;58;43;58;62
8424.0;26;53;58;43;58;62
8430.0;26;53;57;42;59;63
8436.0;26;53;58;42;59;62
8442.0;27;53;58;42;59;61
8448.0;27;53;58;42;59;61
8454.0;28;53;58;41;59;61
8460.0;28;53;58;41;59;61
8466.0;28;52;59;41;59;61
8472.0;28;52;59;40;59;62
8478.0;28;52;59;40;59;62
8484.0;28;52;59;40;59;62
8490.0;28;52;59;40;59;62
8496.0;28;52;59;40;59;62
8502.0;28;52;59;40;59;62
8508.0;28;51;59;41;59;62
8514.0;28;52;59;42;58;61
8520.0;28;52;59;42;58;61
8526.0;28;52;59;41;58;62
8532.0;28;52;59;41;58;62
8538.0;28;53;58;41;58;62
8544.0;29;53;58;42;57;61
8550.0;28;53;58;43;57;61
8556.0;29;53;58;43;56;61
8562.0;28;53;58;44;56;61
8568.0;28;52;60;43;56;61
8574.0;28;52;60;43;56;61
8580.0;28;53;60;43;55;61
8586.0;28;54;60;43;55;60
8592.0;28;54;60;43;55;60
8598.0;28;54;61;42;55;60
8604.0;28;54;61;42;55;60
8610.0;27;55;60;42;56;60
8616.0;27;55;61;41;56;60
8622.0;27;57;61;40;55;60
8628.0;27;57;61;40;54;61
8634.0;27;57;61;41;54;60
8640.0;27;56;62;41;54;60
8646.0;27;55;63;42;53;60
8652.0;27;55;63;43;52;60
8658.0;27;55;63;43;52;60
8664.0;26;55;63;43;52;61
8670.0;26;55;63;43;52;61
8676.0;26;55;63;43;52;61
8682.0;27;55;64;43;51;60
8688.0;27;55;64;43;51;60
8694.0;27;55;64;43;51;60
8700.0;27;55;64;43;52;59
8706.0;27;54;64;43;53;59
8712.0;28;54;63;43;53;59
8718.0;28;54;63;43;53;59
8724.0;29;53;63;43;53;59
8730.0;29;53;63;43;53;59
8736.0;29;53;63;43;53;59
8742.0;29;53;63;43;53;59
8748.0;29;53;63;43;53;59
8754.0;29;53;63;43;53;59
8760.0;30;53;63;42;53;59
8766.0;29;53;63;42;53;60
8772.0;29;53;63;42;53;60
8778.0;29;52;64;44;53;58
8784.0;29;52;64;44;53;58
8790.0;29;52;64;44;53;58
8796.0;28;52;64;44;54;58
8802.0;27;52;64;44;54;59
8808.0;28;52;63;43;55;59
8814.0;28;52;63;43;55;59
8820.0;28;52;63;43;55;59
8826.0;29;52;63;43;55;58
8832.0;28;53;63;43;55;58
8838.0;27;53;64;43;55;58
8844.0;27;53;64;43;55;58
8850.0;27;53;64;43;55;58
8856.0;27;53;64;43;55;58
8862.0;27;53;64;43;54;59
8868.0;25;54;64;43;55;59
8874.0;25;54;65;43;55;58
8880.0;25;54;65;43;55;58
8886.0;25;54;66;43;55;57
8892.0;25;53;66;43;56;57
8898.0;24;53;66;43;57;57
8904.0;24;53;66;43;57;57
8910.0;24;54;64;44;57;57
8916.0;24;54;64;44;57;57
8922.0;24;54;64;44;57;57
8928.0;24;54;63;45;57;57
8934.0;24;54;63;44;58;57
8940.0;23;55;63;44;58;57
8946.0;24;55;63;43;58;57
8952.0;23;56;63;43;58;57
8958.0;23;57;63;43;57;57
8964.0;23;57;63;43;57;57
8970.0;23;57;63;43;57;57
8976.0;22;57;63;42;58;58
8982.0;21;57;63;43;58;58
8988.0;22;56;62;44;58;58
8994.0;22;56;62;44;58;58
9000.0;22;56;62;44;58;58
9006.0;22;55;62;45;58;58
9012.0;22;55;62;45;58;58
9018.0;22;55;62;45;59;57
9024.0;21;56;62;45;59;57
9030.0;21;56;62;45;59;57
9036.0;21;56;61;45;59;58
9042.0;21;56;61;45;59;58
9048.0;21;56;60;46;59;58
9054.0;21;56;60;46;59;58
9060.0;21;56;60;45;60;58
9066.0;21;56;60;45;60;58
9072.0;21;55;60;47;60;57
9078.0;22;54;60;47;60;57
9084.0;22;54;60;48;60;56
9090.0;22;54;60;48;60;56
9096.0;22;54;60;48;60;56
9102.0;21;54;60;49;60;56
9108.0;21;54;60;49;60;56
9114.0;21;54;60;49;60;56
9120.0;21;54;60;49;60;56
9126.0;21;54;59;49;61;56
9132.0;21;54;59;49;61;56
9138.0;21;54;59;49;61;56
9144.0;21;54;59;49;61;56
9150.0;21;54;58;49;61;57
9156.0;21;54;58;49;61;57
9162.0;20;54;58;49;61;58
9168.0;20;54;58;49;61;58
9174.0;20;54;58;49;61;58
9180.0;19;55;58;49;61;58
9186.0;19;55;58;49;61;58
9192.0;19;55;56;49;62;59
9198.0;19;55;56;49;62;59
9204.0;19;56;56;49;61;59
9210.0;19;57;56;48;62;58
9216.0;19;57;56;48;62;58
9222.0;19;58;56;48;61;58
9228.0;19;58;56;48;61;58
9234.0;19;59;56;49;59;58
9240.0;19;59;56;49;59;58
9246.0;19;59;56;49;59;58
9252.0;19;59;56;49;59;58
9258.0;19;58;56;50;59;58
9264.0;19;58;56;50;59;58
9270.0;20;58;56;49;59;58
9276.0;20;57;57;47;60;59
9282.0;20;57;56;47;61;59
9288.0;20;57;56;48;61;58
9294.0;20;57;56;48;61;58
9300.0;20;56;57;48;61;58
9306.0;19;56;57;48;62;58
9312.0;19;56;57;48;62;58
9318.0;19;57;57;48;61;58
9324.0;19;57;57;48;61;58
9330.0;19;58;57;47;61;58
9336.0;19;58;57;47;61;58
9342.0;19;58;57;47;61;58
9348.0;19;58;57;47;61;58
9354.0;20;57;57;47;61;58
9360.0;20;57;56;47;62;58
9366.0;20;57;56;47;62;58
9372.0;21;56;55;47;63;58
9378.0;21;55;55;47;63;59
9384.0;21;55;55;47;63;59
9390.0;21;55;55;47;63;59
9396.0;21;54;55;47;64;59
9402.0;21;54;55;47;64;59
9408.0;21;54;55;47;64;59
9414.0;21;54;55;47;64;59
9420.0;22;55;55;46;64;58
9426.0;22;55;55;46;64;58
9432.0;22;55;55;46;64;58
9438.0;22;55;55;46;64;58
9444.0;23;54;55;45;65;58
9450.0;23;54;55;45;65;58
9456.0;23;53;56;44;66;58
9462.0;23;53;56;44;66;58
9468.0;23;53;56;43;66;59
9474.0;24;54;56;42;65;59
9480.0;24;54;56;42;65;59
9486.0;24;53;57;42;65;59
9492.0;25;53;57;42;65;58
9498.0;25;53;57;42;65;58
9504.0;25;53;57;42;65;58
9510.0;25;52;57;43;64;59
9516.0;25;52;56;43;64;60
9522.0;25;52;56;43;64;60
9528.0;25;52;56;43;64;60
9534.0;25;52;56;43;63;61
9540.0;25;52;56;43;63;61
9546.0;26;51;56;43;63;61
9552.0;26;52;56;43;63;60
9558.0;26;52;56;43;63;60
9564.0;27;52;55;44;63;59
9570.0;27;52;55;45;63;58
9576.0;27;51;55;45;63;59
9582.0;27;51;55;45;62;60
9588.0;27;51;56;45;61;60
9594.0;27;51;56;45;61;60
9600.0;27;50;57;45;61;60
9606.0;27;50;57;44;62;60
9612.0;27;50;57;44;63;59
9618.0;26;50;57;46;63;58
9624.0;26;50;56;47;63;58
9630.0;26;50;56;47;64;57
9636.0;27;49;56;47;64;57
9642.0;27;49;56;47;64;57
9648.0;28;48;57;47;63;57
9654.0;28;48;57;47;63;57
9660.0;28;48;57;47;64;56
9666.0;28;48;57;47;64;56
9672.0;28;48;57;47;64;56
9678.0;28;48;57;47;64;56
9684.0;28;48;56;47;65;56
9690.0;28;48;56;47;65;56
9696.0;28;48;56;45;66;57
9702.0;28;48;56;46;65;57
9708.0;28;48;56;46;65;57
9714.0;26;48;57;46;65;58
9720.0;26;48;57;46;65;58
9726.0;26;48;57;45;66;58
9732.0;26;48;57;45;66;58
9738.0;27;49;58;43;65;58
9744.0;26;49;58;45;65;57
9750.0;26;49;58;46;65;56
9756.0;26;49;58;46;65;56
9762.0;26;48;60;46;65;55
9768.0;26;48;60;46;65;55
9774.0;26;48;60;46;65;55
9780.0;25;48;61;46;65;55
9786.0;25;48;61;46;65;55
9792.0;25;49;60;46;65;55
9798.0;26;47;61;47;65;54
9804.0;26;47;62;47;64;54
9810.0;25;48;62;47;64;54
9816.0;25;48;62;47;64;54
9822.0;25;48;62;47;64;54
9828.0;25;49;61;47;64;54
9834.0;25;50;61;46;63;55
9840.0;25;50;61;46;63;55
9846.0;25;50;61;46;63;55
9852.0;25;49;61;46;63;56
9858.0;25;49;61;46;63;56
9864.0;25;49;61;46;63;56
9870.0;25;49;60;46;63;57
9876.0;26;49;60;45;63;57
9882.0;26;49;60;45;63;57
9888.0;25;49;60;46;63;57
9894.0;25;49;60;46;63;57
9900.0;25;49;60;46;63;57
9906.0;24;49;60;45;65;57
9912.0;24;49;60;45;65;57
9918.0;24;49;60;45;65;57
9924.0;24;49;60;45;65;57
9930.0;24;49;60;45;65;57
9936.0;24;49;60;45;65;57
9942.0;24;49;60;45;65;57
9948.0;24;49;60;45;65;57
9954.0;24;49;60;45;65;57
9960.0;24;49;60;45;65;57
9966.0;24;49;61;45;65;56
9972.0;24;49;61;45;65;56
9978.0;24;49;61;45;65;56
9984.0;24;49;61;45;65;56
9990.0;24;49;60;46;65;56
9996.0;23;48;60;47;65;57
10002.0;23;48;61;47;65;56
10008.0;23;48;60;48;65;56
10014.0;23;48;60;48;65;56
10020.0;23;48;60;48;65;56
10026.0;23;48;60;48;65;56
10032.0;23;48;60;48;66;55
10038.0;23;48;61;48;65;55
10044.0;23;48;60;48;66;55
10050.0;23;48;60;48;66;55
10056.0;23;48;61;48;66;54
10062.0;23;49;60;48;66;54
10068.0;23;49;60;48;66;54
10074.0;23;49;60;48;66;54
10080.0;23;49;60;48;66;54
10086.0;23;48;60;48;66;55
10092.0;23;49;59;48;66;55
10098.0;24;48;59;48;66;55
10104.0;24;48;59;48;67;54
10110.0;24;48;59;48;67;54
10116.0;24;48;59;48;67;54
10122.0;24;48;59;49;66;54
10128.0;24;48;59;49;66;54
10134.0;24;48;59;49;66;54
10140.0;25;48;59;49;65;54
10146.0;25;49;58;49;65;54
10152.0;25;49;57;50;65;54
10158.0;25;49;57;50;65;54
10164.0;25;49;57;50;65;54
10170.0;25;49;57;50;65;54
10176.0;25;49;57;50;65;54
10182.0;25;49;57;50;65;54
10188.0;25;49;57;50;65;54
10194.0;24;49;57;51;65;54
10200.0;24;49;57;51;65;54
10206.0;24;50;57;50;65;54
10212.0;24;49;57;50;66;54
10218.0;23;50;57;50;66;54
10224.0;23;50;57;50;66;54
10230.0;23;50;57;50;66;54
10236.0;23;50;56;50;67;54
10242.0;23;49;57;51;66;54
10248.0;23;49;57;51;66;54
10254.0;23;49;57;51;66;54
10260.0;22;49;57;51;66;55
10266.0;22;49;57;51;66;55
10272.0;22;49;57;51;65;56
10278.0;22;50;57;51;65;55
10284.0;22;50;58;50;65;55
10290.0;22;50;57;50;67;54
10296.0;22;50;57;50;67;54
10302.0;22;50;57;50;67;54
10308.0;22;51;57;50;66;54
10314.0;22;50;57;51;66;54
10320.0;22;50;57;50;67;54
10326.0;22;49;57;50;67;55
10332.0;22;49;57;50;67;55
10338.0;22;49;57;50;67;55
10344.0;22;49;58;50;67;54
10350.0;22;49;58;50;67;54
10356.0;22;49;58;50;67;54
10362.0;22;49;58;50;67;54
10368.0;21;49;58;51;68;53
10374.0;21;49;58;51;68;53
10380.0;21;49;58;51;68;53
10386.0;21;49;58;50;68;54
10392.0;21;49;58;50;68;54
10398.0;21;48;58;50;69;54
10404.0;21;48;58;50;69;54
10410.0;21;48;58;50;69;54
10416.0;20;48;58;50;70;54
10422.0;21;48;59;48;70;54
10428.0;21;48;59;49;70;53
10434.0;21;49;59;49;69;53
10440.0;21;49;59;50;68;53
10446.0;22;48;60;49;68;53
10452.0;22;47;60;49;69;53
10458.0;22;47;62;48;68;53
10464.0;21;48;60;49;68;54
10470.0;21;48;60;49;68;54
10476.0;21;48;61;49;67;54
10482.0;21;47;61;50;67;54
10488.0;21;47;60;51;67;54
10494.0;21;47;60;51;66;55
10500.0;21;47;60;51;66;55
10506.0;21;47;60;51;66;55
10512.0;22;47;59;52;66;54
10518.0;22;47;59;52;67;53
10524.0;22;47;59;52;67;53
10530.0;22;47;59;52;67;53
10536.0;22;46;59;52;69;52
10542.0;23;46;59;51;69;52
10548.0;23;46;59;51;69;52
10554.0;23;46;59;51;69;52
10560.0;23;46;58;52;69;52
10566.0;23;46;58;52;69;52
10572.0;23;46;58;52;69;52
10578.0;23;45;58;52;69;53
10584.0;23;45;58;51;70;53
10590.0;23;44;59;51;70;53
10596.0;23;44;59;50;71;53
10602.0;23;44;59;50;71;53
10608.0;23;44;59;50;71;53
10614.0;23;44;59;50;71;53
10620.0;24;44;59;50;71;52
10626.0;24;44;59;50;71;52
10632.0;24;44;59;50;71;52
10638.0;24;44;59;50;71;52
10644.0;24;45;58;50;71;52
10650.0;25;46;58;49;70;52
10656.0;25;46;58;49;70;52
10662.0;25;45;57;50;72;51
10668.0;25;45;58;50;72;50
10674.0;25;45;58;50;72;50
10680.0;25;45;58;51;71;50
10686.0;25;45;58;52;71;49
10692.0;25;44;59;52;71;49
10698.0;25;45;59;51;71;49
10704.0;27;44;59;51;71;48
10710.0;26;44;60;50;72;48
10716.0;24;45;60;50;72;49
10722.0;23;45;61;50;72;49
10728.0;22;45;61;50;73;49
10734.0;23;44;61;50;73;49
10740.0;23;44;61;49;74;49
10746.0;23;44;61;49;73;50
10752.0;23;44;61;49;73;50
10758.0;22;45;61;49;73;50
10764.0;22;45;61;49;73;50
10770.0;22;44;61;48;73;52
10776.0;22;44;61;49;73;51
10782.0;21;45;62;49;72;51
10788.0;21;47;61;49;72;50
10794.0;21;47;61;49;72;50
