#auto generated file!
12.0;95;102;101;118;98;98
18.0;96;103;101;115;98;99
24.0;96;103;102;115;98;98
30.0;96;103;102;115;97;99
36.0;95;105;101;114;98;99
42.0;95;105;101;113;99;99
48.0;95;105;101;113;99;99
54.0;95;105;99;113;99;101
60.0;95;105;99;113;98;102
66.0;95;106;99;112;98;102
72.0;94;106;99;114;97;102
78.0;93;106;101;113;98;101
84.0;94;104;102;113;99;100
90.0;94;104;102;113;99;100
96.0;94;105;102;114;99;98
102.0;95;104;102;112;100;99
108.0;94;104;102;112;100;100
114.0;94;104;102;113;99;100
120.0;92;105;101;112;100;102
126.0;91;105;101;113;100;102
132.0;91;106;102;109;102;102
138.0;91;106;102;110;102;101
144.0;92;106;102;110;101;101
150.0;89;108;102;110;101;102
156.0;90;108;101;110;102;101
162.0;90;108;101;110;101;102
168.0;89;108;100;112;101;102
174.0;89;108;101;112;100;102
180.0;89;108;101;112;99;103
186.0;90;108;100;112;99;103
192.0;90;108;100;112;99;103
198.0;92;107;100;112;98;103
204.0;91;107;100;112;98;104
210.0;90;107;101;112;98;104
216.0;90;107;101;112;98;104
222.0;90;107;101;112;98;104
228.0;90;107;101;112;99;103
234.0;90;108;99;113;99;103
240.0;89;108;99;113;101;102
246.0;89;107;98;111;103;104
252.0;89;108;98;111;103;103
258.0;90;108;98;111;103;102
264.0;88;110;98;110;105;101
270.0;87;112;99;109;105;100
276.0;87;112;100;110;105;98
282.0;87;113;100;110;105;97
288.0;87;113;101;110;104;97
294.0;88;113;100;110;104;97
300.0;89;112;100;110;104;97
306.0;88;112;100;110;105;97
312.0;89;112;99;108;107;97
318.0;90;112;99;107;107;97
324.0;89;112;99;108;107;97
330.0;89;112;99;108;107;97
336.0;89;112;100;107;107;97
342.0;89;112;100;107;107;97
348.0;89;111;100;108;107;97
354.0;89;111;100;108;107;97
360.0;89;111;100;108;107;97
366.0;89;110;100;108;108;97
372.0;89;109;101;105;109;99
378.0;89;109;101;105;109;99
384.0;90;110;98;105;109;100
390.0;90;109;98;105;109;101
396.0;90;109;98;105;109;101
402.0;90;109;99;105;108;101
408.0;90;109;99;105;107;102
414.0;90;109;99;105;107;102
420.0;91;108;99;104;108;102
426.0;92;108;99;104;107;102
432.0;92;108;99;104;107;102
438.0;92;108;99;104;107;102
444.0;92;109;99;104;107;101
450.0;92;108;98;104;109;101
456.0;92;108;98;104;109;101
462.0;92;108;98;105;109;100
468.0;92;108;98;105;109;100
474.0;93;108;98;105;108;100
480.0;92;108;98;105;108;101
486.0;92;107;98;105;108;102
492.0;91;107;98;105;108;103
498.0;91;107;98;105;109;102
504.0;91;107;98;105;109;102
510.0;92;107;98;104;109;102
516.0;93;107;98;104;110;100
522.0;93;107;98;104;110;100
528.0;94;107;98;103;110;100
534.0;94;107;98;103;110;100
540.0;94;106;98;103;111;100
546.0;93;105;99;103;111;101
552.0;92;104;99;103;112;102
558.0;93;104;100;103;111;101
564.0;91;104;100;105;111;101
570.0;91;104;100;105;111;101
576.0;93;104;100;104;110;101
582.0;93;104;101;103;110;101
588.0;93;104;101;103;110;101
594.0;92;104;101;102;110;103
600.0;92;104;101;102;109;104
606.0;91;104;102;101;109;105
612.0;91;104;103;101;109;104
618.0;91;104;103;100;109;105
624.0;90;105;104;97;111;105
630.0;90;105;104;97;111;105
636.0;90;106;104;96;111;105
642.0;90;107;103;95;111;106
648.0;90;107;103;94;111;107
654.0;88;107;103;95;112;107
660.0;88;107;103;94;112;108
666.0;89;107;103;94;111;108
672.0;90;107;102;94;111;108
678.0;91;107;102;93;111;108
684.0;91;107;101;93;111;109
690.0;91;107;101;92;112;109
696.0;90;108;101;92;112;109
702.0;90;108;101;92;112;109
708.0;90;108;101;91;112;110
714.0;90;108;101;91;112;110
720.0;89;108;101;90;113;111
726.0;90;108;102;90;113;109
732.0;89;108;102;91;113;109
738.0;89;107;102;92;113;109
744.0;89;107;102;91;113;110
750.0;89;107;102;91;113;110
756.0;88;107;103;90;113;111
762.0;89;105;104;89;115;110
768.0;89;106;104;88;115;110
774.0;89;106;104;88;115;110
780.0;89;106;104;88;115;110
786.0;88;106;105;88;115;110
792.0;89;106;105;88;114;110
798.0;89;106;104;88;114;111
804.0;88;107;104;88;115;110
810.0;86;106;105;90;116;109
816.0;86;106;105;90;116;109
822.0;88;106;104;89;116;109
828.0;87;105;106;89;116;109
834.0;86;105;106;89;116;110
840.0;87;105;106;89;115;110
846.0;86;105;106;89;115;111
852.0;83;105;108;88;115;113
858.0;83;105;108;88;114;114
864.0;82;105;109;88;114;114
870.0;82;104;109;88;115;114
876.0;82;104;109;88;115;114
882.0;84;103;109;88;115;113
888.0;83;104;109;88;115;113
894.0;83;103;109;88;116;113
900.0;80;102;110;89;117;114
906.0;81;100;110;89;118;114
912.0;81;101;109;90;117;114
918.0;81;101;109;90;117;114
924.0;81;101;109;90;117;114
930.0;81;102;109;90;116;114
936.0;81;102;109;91;116;113
942.0;81;102;110;91;115;113
948.0;82;101;110;91;115;113
954.0;83;101;110;91;115;112
960.0;83;101;111;91;116;110
966.0;83;101;111;91;116;110
972.0;83;101;111;92;116;109
978.0;83;101;111;93;115;109
984.0;83;101;110;93;114;111
990.0;83;100;110;94;114;111
996.0;83;99;110;94;115;111
1002.0;83;99;109;95;115;111
1008.0;82;99;109;95;116;111
1014.0;81;98;109;96;116;112
1020.0;80;98;108;96;117;113
1026.0;80;98;108;96;117;113
1032.0;80;98;108;96;117;113
1038.0;81;97;108;96;117;113
1044.0;81;97;108;96;117;113
1050.0;81;98;109;96;115;113
1056.0;81;98;108;97;115;113
1062.0;82;98;108;97;114;113
1068.0;80;98;109;97;114;114
1074.0;79;98;109;98;114;114
1080.0;79;99;110;97;113;114
1086.0;79;99;109;97;114;114
1092.0;78;99;109;97;114;115
1098.0;78;100;109;97;114;114
1104.0;78;100;109;98;114;113
1110.0;78;100;110;98;113;113
1116.0;78;100;110;98;113;113
1122.0;78;100;110;98;113;113
1128.0;78;100;109;99;113;113
1134.0;78;100;109;99;113;113
1140.0;78;99;110;99;112;114
1146.0;78;99;111;99;113;112
1152.0;77;99;111;99;113;113
1158.0;77;99;110;99;114;113
1164.0;77;99;110;99;114;113
1170.0;76;99;110;100;114;113
1176.0;77;100;110;99;114;112
1182.0;76;100;111;100;113;112
1188.0;76;101;111;98;113;113
1194.0;76;101;111;99;112;113
1200.0;75;101;112;99;113;112
1206.0;74;101;112;99;113;113
1212.0;74;100;112;100;113;113
1218.0;73;101;113;100;113;112
1224.0;73;101;113;100;112;113
1230.0;73;101;113;100;112;113
1236.0;73;101;113;100;112;113
1242.0;73;100;113;100;112;114
1248.0;72;100;113;100;112;115
1254.0;71;101;113;99;114;114
1260.0;70;100;114;99;114;115
1266.0;70;100;114;99;114;115
1272.0;69;100;114;99;115;115
1278.0;69;100;114;99;115;115
1284.0;69;100;114;99;115;115
1290.0;69;100;114;99;115;115
1296.0;69;99;115;98;114;117
1302.0;69;100;114;98;113;118
1308.0;69;99;115;99;113;117
1314.0;70;100;114;99;112;117
1320.0;71;100;114;97;112;118
1326.0;71;100;114;97;113;117
1332.0;71;100;114;96;114;117
1338.0;70;100;115;96;114;117
1344.0;69;100;115;97;114;117
1350.0;69;100;115;97;114;117
1356.0;69;100;115;97;114;117
1362.0;68;100;115;97;114;118
1368.0;68;98;116;98;114;118
1374.0;68;98;117;98;114;117
1380.0;66;98;118;99;114;117
1386.0;66;99;118;99;114;116
1392.0;65;99;118;99;115;116
1398.0;65;99;118;99;115;116
1404.0;65;99;118;99;115;116
1410.0;65;99;117;100;115;116
1416.0;65;98;117;99;117;116
1422.0;65;97;118;99;117;116
1428.0;65;96;118;100;117;116
1434.0;66;96;118;100;117;115
1440.0;66;96;118;100;117;115
1446.0;65;96;118;100;118;115
1452.0;65;96;118;100;118;115
1458.0;64;97;116;101;118;116
1464.0;62;97;117;100;119;117
1470.0;62;97;117;100;119;117
1476.0;62;97;117;100;119;117
1482.0;63;96;117;101;118;117
1488.0;63;96;117;101;118;117
1494.0;62;95;118;101;118;118
1500.0;61;95;118;101;119;118
1506.0;61;95;119;100;119;118
1512.0;61;95;119;100;119;118
1518.0;62;95;117;100;120;118
1524.0;64;95;117;100;119;117
1530.0;64;95;118;100;118;117
1536.0;65;95;117;100;118;117
1542.0;67;94;117;100;117;117
1548.0;68;94;118;98;116;118
1554.0;67;94;118;99;116;118
1560.0;67;95;118;99;116;117
1566.0;67;96;118;99;115;117
1572.0;67;96;117;100;115;117
1578.0;67;96;117;101;115;116
1584.0;66;97;117;101;115;116
1590.0;66;96;116;102;117;115
1596.0;66;96;115;102;116;117
1602.0;67;96;115;102;116;116
1608.0;66;97;116;102;116;115
1614.0;66;96;116;102;116;116
1620.0;66;95;117;102;116;116
1626.0;65;95;118;101;117;116
1632.0;65;95;117;101;118;116
1638.0;64;94;116;102;119;117
1644.0;65;93;115;103;118;118
1650.0;65;93;115;102;119;118
1656.0;66;92;115;102;118;119
1662.0;66;93;117;100;118;118
1668.0;66;93;117;100;118;118
1674.0;66;95;116;100;118;117
1680.0;67;96;115;99;118;117
1686.0;66;96;115;99;119;117
1692.0;67;96;115;99;119;116
1698.0;67;97;115;98;119;116
1704.0;67;97;115;97;120;116
1710.0;66;97;116;97;120;116
1716.0;66;97;116;96;120;117
1722.0;66;97;116;96;120;117
1728.0;66;98;114;96;122;116
1734.0;66;100;115;94;122;115
1740.0;66;100;115;94;122;115
1746.0;65;100;116;93;123;115
1752.0;66;99;115;93;123;116
1758.0;66;99;115;92;124;116
1764.0;66;99;115;93;123;116
1770.0;67;99;115;92;121;118
1776.0;66;99;115;92;121;119
1782.0;67;99;115;92;120;119
1788.0;67;99;115;92;120;119
1794.0;67;99;114;91;121;120
1800.0;67;100;113;91;121;120
1806.0;67;100;113;91;121;120
1812.0;67;101;112;91;121;120
1818.0;67;100;112;92;121;120
1824.0;67;99;113;93;120;120
1830.0;67;99;113;92;121;120
1836.0;67;99;113;92;121;120
1842.0;67;98;114;92;121;120
1848.0;68;96;115;91;121;121
1854.0;68;96;115;91;121;121
1860.0;69;96;114;91;121;121
1866.0;69;96;114;91;122;120
1872.0;69;96;114;91;122;120
1878.0;69;96;114;92;122;119
1884.0;71;94;114;91;122;120
1890.0;71;96;114;89;123;119
1896.0;72;96;114;89;123;118
1902.0;71;96;114;89;124;118
1908.0;71;97;115;85;125;119
1914.0;71;97;115;85;125;119
1920.0;70;98;114;86;125;119
1926.0;70;99;113;87;125;118
1932.0;70;98;113;87;125;119
1938.0;71;98;113;88;125;117
1944.0;71;98;113;88;124;118
1950.0;71;98;113;88;124;118
1956.0;72;98;112;88;124;118
1962.0;72;98;112;88;124;118
1968.0;72;99;111;88;123;119
1974.0;72;98;111;89;123;119
1980.0;72;98;111;90;123;118
1986.0;71;100;110;90;123;118
1992.0;69;100;110;91;123;119
1998.0;69;100;110;91;123;119
2004.0;69;99;110;91;124;119
2010.0;69;98;111;92;124;118
2016.0;70;98;110;92;124;118
2022.0;70;98;111;92;123;118
2028.0;69;98;111;92;124;118
2034.0;67;98;111;92;125;119
2040.0;66;98;110;93;126;119
2046.0;67;98;110;92;126;119
2052.0;67;98;110;92;126;119
2058.0;67;98;109;92;126;120
2064.0;67;98;109;91;126;121
2070.0;66;99;109;91;126;121
2076.0;66;98;110;91;127;120
2082.0;66;97;110;92;127;120
2088.0;66;96;111;91;128;120
2094.0;65;96;111;91;129;120
2100.0;65;96;111;92;129;119
2106.0;65;97;111;91;129;119
2112.0;65;97;111;91;128;120
2118.0;65;97;111;91;128;120
2124.0;65;97;111;91;128;120
2130.0;65;97;110;92;128;120
2136.0;65;97;110;92;128;120
2142.0;65;96;110;93;128;120
2148.0;63;96;111;93;128;121
2154.0;63;96;111;93;128;121
2160.0;64;95;110;93;128;122
2166.0;63;93;113;93;128;122
2172.0;63;94;113;93;129;120
2178.0;64;94;113;93;129;119
2184.0;64;94;113;93;129;119
2190.0;64;94;113;93;130;118
2196.0;64;93;113;93;131;118
2202.0;64;93;113;94;131;117
2208.0;64;93;113;93;132;117
2214.0;63;94;113;93;132;117
2220.0;63;95;113;91;133;117
2226.0;63;95;113;91;133;117
2232.0;63;94;111;92;133;119
2238.0;63;94;111;92;133;119
2244.0;62;95;110;92;133;120
2250.0;61;94;109;93;134;121
2256.0;60;95;110;93;134;120
2262.0;62;95;110;93;132;120
2268.0;62;95;111;91;133;120
2274.0;62;95;112;91;133;119
2280.0;63;94;112;91;133;119
2286.0;63;94;112;91;133;119
2292.0;63;93;112;91;133;120
2298.0;63;93;113;91;132;120
2304.0;63;93;112;90;133;121
2310.0;63;93;111;91;133;121
2316.0;63;94;112;90;132;121
2322.0;64;95;111;90;132;120
2328.0;63;95;111;91;132;120
2334.0;62;95;112;91;132;120
2340.0;63;96;112;90;131;120
2346.0;64;95;112;89;131;121
2352.0;64;95;112;89;131;121
2358.0;64;95;112;88;132;121
2364.0;65;96;111;87;132;121
2370.0;64;97;110;88;132;121
2376.0;64;97;110;88;132;121
2382.0;65;97;110;89;132;119
2388.0;63;97;111;89;132;120
2394.0;62;97;111;90;132;120
2400.0;64;96;110;90;131;121
2406.0;62;96;110;92;131;121
2412.0;60;96;111;92;133;120
2418.0;60;96;112;91;133;120
2424.0;61;96;113;91;132;119
2430.0;61;96;113;91;132;119
2436.0;61;96;113;91;132;119
2442.0;62;96;113;92;130;119
2448.0;61;97;112;92;131;119
2454.0;61;97;112;92;130;120
2460.0;61;97;112;92;130;120
2466.0;62;96;113;92;130;119
2472.0;63;97;113;92;129;118
2478.0;63;97;114;92;128;118
2484.0;63;95;114;93;128;119
2490.0;63;95;114;94;127;119
2496.0;62;96;114;94;127;119
2502.0;62;96;114;94;127;119
2508.0;62;96;114;94;127;119
2514.0;60;95;117;93;128;119
2520.0;59;95;119;93;127;119
2526.0;60;96;118;93;127;118
2532.0;59;96;118;94;126;119
2538.0;59;95;118;94;127;119
2544.0;59;93;119;94;127;120
2550.0;59;93;119;94;128;119
2556.0;59;93;119;94;129;118
2562.0;59;92;120;94;129;118
2568.0;59;92;120;95;128;118
2574.0;59;92;121;94;128;118
2580.0;59;92;121;94;128;118
2586.0;59;92;121;94;128;118
2592.0;59;93;122;93;128;117
2598.0;59;93;122;92;128;118
2604.0;60;94;121;92;127;118
2610.0;60;95;121;91;127;118
2616.0;60;95;121;91;127;118
2622.0;60;95;121;91;127;118
2628.0;62;95;121;91;125;118
2634.0;62;95;121;91;125;118
2640.0;63;94;122;91;124;118
2646.0;63;94;122;92;124;117
2652.0;63;94;122;92;123;118
2658.0;63;94;122;92;123;118
2664.0;62;93;122;93;124;118
2670.0;62;92;124;92;123;119
2676.0;62;93;124;91;123;119
2682.0;62;93;124;91;123;119
2688.0;62;93;125;90;123;119
2694.0;63;93;125;90;122;119
2700.0;64;93;125;89;122;119
2706.0;65;93;123;90;122;119
2712.0;65;94;123;89;122;119
2718.0;66;94;123;89;122;118
2724.0;67;93;124;88;122;118
2730.0;66;93;124;89;121;119
2736.0;66;93;124;89;121;119
2742.0;66;93;123;89;122;119
2748.0;67;91;124;89;122;119
2754.0;67;91;124;89;122;119
2760.0;68;91;124;89;121;119
2766.0;70;90;124;88;122;118
2772.0;70;90;124;88;122;118
2778.0;70;91;124;87;122;118
2784.0;70;89;126;86;123;118
2790.0;70;89;126;86;123;118
2796.0;70;89;126;86;123;118
2802.0;71;88;127;85;123;118
2808.0;71;88;127;85;122;119
2814.0;71;87;127;85;122;120
2820.0;70;88;126;85;123;120
2826.0;69;88;126;86;122;121
2832.0;69;88;126;85;123;121
2838.0;69;88;127;84;123;121
2844.0;69;89;127;84;122;121
2850.0;69;90;127;84;121;121
2856.0;69;90;127;84;121;121
2862.0;69;91;126;84;121;121
2868.0;68;92;126;84;121;121
2874.0;67;92;127;85;121;120
2880.0;67;92;127;85;121;120
2886.0;67;92;128;85;121;119
2892.0;66;92;128;85;121;120
2898.0;66;93;129;85;120;119
2904.0;66;93;129;85;120;119
2910.0;66;93;128;85;120;120
2916.0;66;93;128;85;120;120
2922.0;65;94;129;85;118;121
2928.0;65;94;129;85;118;121
2934.0;64;94;129;85;119;121
2940.0;64;94;129;85;119;121
2946.0;62;94;128;89;119;120
2952.0;62;94;128;90;119;119
2958.0;62;95;128;89;119;119
2964.0;62;96;128;89;119;118
2970.0;63;97;128;88;118;118
2976.0;63;97;129;88;117;118
2982.0;63;97;129;88;117;118
2988.0;63;97;129;88;117;118
2994.0;64;97;127;89;118;117
3000.0;64;97;128;89;118;116
3006.0;64;97;128;89;118;116
3012.0;63;99;128;89;116;117
3018.0;63;99;128;89;116;117
3024.0;63;99;128;90;116;116
3030.0;62;100;130;89;116;115
3036.0;62;100;130;90;115;115
3042.0;62;99;130;90;116;115
3048.0;62;100;129;89;117;115
3054.0;65;98;129;89;117;114
3060.0;66;97;129;89;116;115
3066.0;67;97;128;89;116;115
3072.0;66;97;129;88;117;115
3078.0;66;97;129;88;117;115
3084.0;67;97;129;88;116;115
3090.0;67;97;130;87;115;116
3096.0;68;98;129;87;116;114
3102.0;67;98;128;88;117;114
3108.0;66;98;129;88;117;114
3114.0;65;99;130;87;116;115
3120.0;65;99;130;87;117;114
3126.0;65;100;129;87;117;114
3132.0;66;100;128;87;117;114
3138.0;66;101;128;87;116;114
3144.0;65;100;129;88;116;114
3150.0;65;100;129;88;116;114
3156.0;65;99;129;88;116;115
3162.0;65;99;129;88;116;115
3168.0;63;100;129;88;116;116
3174.0;63;101;130;88;114;116
3180.0;63;102;129;88;114;116
3186.0;62;102;130;87;114;117
3192.0;62;101;131;87;114;117
3198.0;61;100;132;88;114;117
3204.0;61;100;131;87;115;118
3210.0;61;100;131;87;115;118
3216.0;62;101;130;86;115;118
3222.0;62;100;130;86;115;119
3228.0;62;99;130;86;116;119
3234.0;62;100;130;86;115;119
3240.0;63;99;129;87;115;119
3246.0;63;99;129;87;115;119
3252.0;62;98;130;86;116;120
3258.0;61;97;129;87;118;120
3264.0;61;96;129;88;117;121
3270.0;61;96;129;89;118;119
3276.0;61;95;129;88;119;120
3282.0;62;95;129;88;118;120
3288.0;62;95;129;88;118;120
3294.0;62;94;130;88;119;119
3300.0;62;93;130;87;118;122
3306.0;61;93;132;86;117;123
3312.0;61;94;132;86;116;123
3318.0;61;94;132;83;119;123
3324.0;61;94;132;84;118;123
3330.0;61;94;133;84;117;123
3336.0;61;94;133;83;118;123
3342.0;62;95;132;83;118;122
3348.0;62;93;131;87;118;121
3354.0;61;93;131;86;120;121
3360.0;61;93;131;86;120;121
3366.0;61;93;131;86;120;121
3372.0;60;92;132;86;121;121
3378.0;59;93;132;86;121;121
3384.0;59;93;132;86;121;121
3390.0;59;93;132;86;121;121
3396.0;59;93;132;86;121;121
3402.0;59;93;132;86;121;121
3408.0;59;93;132;86;121;121
3414.0;59;93;132;85;122;121
3420.0;59;93;132;85;122;121
3426.0;59;93;132;85;122;121
3432.0;60;95;131;85;121;120
3438.0;60;96;131;84;121;120
3444.0;60;97;131;84;121;119
3450.0;60;97;131;83;121;120
3456.0;60;97;131;83;121;120
3462.0;60;97;131;83;121;120
3468.0;61;97;131;81;121;121
3474.0;60;97;131;81;121;122
3480.0;60;97;131;81;121;122
3486.0;61;97;132;79;119;124
3492.0;61;97;132;79;119;124
3498.0;61;97;132;79;119;124
3504.0;61;98;132;77;120;124
3510.0;61;99;132;77;119;124
3516.0;62;99;132;76;119;124
3522.0;62;100;132;76;118;124
3528.0;62;99;133;76;118;124
3534.0;62;99;133;76;118;124
3540.0;64;99;133;75;117;124
3546.0;63;98;132;76;120;123
3552.0;62;98;132;76;120;124
3558.0;62;97;132;77;120;124
3564.0;62;97;132;76;120;125
3570.0;61;97;132;77;120;125
3576.0;63;97;132;77;120;123
3582.0;63;97;132;76;121;123
3588.0;62;97;133;76;120;124
3594.0;62;97;133;76;120;124
3600.0;62;95;133;76;121;125
3606.0;62;94;133;76;121;126
3612.0;62;93;133;76;123;125
3618.0;62;93;133;76;123;125
3624.0;62;93;133;75;124;125
3630.0;62;93;133;75;124;125
3636.0;62;93;133;75;123;126
3642.0;62;93;133;75;123;126
3648.0;62;92;134;74;123;127
3654.0;62;92;134;74;124;126
3660.0;62;92;134;74;124;126
3666.0;62;92;134;74;124;126
3672.0;62;91;134;74;125;126
3678.0;62;91;134;73;125;127
3684.0;61;91;134;73;125;128
3690.0;60;91;134;73;126;128
3696.0;60;92;134;73;126;127
3702.0;60;92;133;74;126;127
3708.0;59;91;135;74;126;127
3714.0;59;91;135;74;126;127
3720.0;59;93;135;74;125;126
3726.0;59;93;136;73;125;126
3732.0;59;93;136;73;125;126
3738.0;60;93;135;73;124;127
3744.0;58;93;136;73;124;128
3750.0;58;94;136;72;123;129
3756.0;58;93;136;72;124;129
3762.0;58;93;135;73;124;129
3768.0;58;93;135;73;124;129
3774.0;57;93;136;73;124;129
3780.0;57;94;134;73;125;129
3786.0;57;96;132;72;125;130
3792.0;56;96;134;70;126;130
3798.0;55;97;134;70;126;130
3804.0;55;97;134;70;126;130
3810.0;55;97;134;70;126;130
3816.0;55;97;134;71;126;129
3822.0;56;97;135;71;126;127
3828.0;56;98;135;71;125;127
3834.0;55;99;135;70;126;127
3840.0;55;98;135;70;126;128
3846.0;55;98;134;70;126;129
3852.0;56;98;134;70;125;129
3858.0;56;98;134;70;125;129
3864.0;56;99;134;70;124;129
3870.0;57;96;136;70;124;129
3876.0;57;95;137;71;123;129
3882.0;58;94;137;70;124;129
3888.0;58;94;137;70;124;129
3894.0;58;93;138;69;124;130
3900.0;58;93;138;69;124;130
3906.0;59;93;138;68;124;130
3912.0;59;93;139;68;123;130
3918.0;58;93;140;68;123;130
3924.0;58;93;139;68;123;131
3930.0;58;94;138;68;123;131
3936.0;58;93;139;68;123;131
3942.0;58;94;138;67;125;130
3948.0;59;93;137;67;126;130
3954.0;59;94;136;67;127;129
3960.0;59;95;136;67;127;128
3966.0;60;95;135;67;127;128
3972.0;60;95;135;67;127;128
3978.0;60;94;135;68;126;129
3984.0;60;95;134;71;126;126
3990.0;61;94;133;71;127;126
3996.0;61;93;133;71;128;126
4002.0;60;93;133;72;128;126
4008.0;59;92;133;73;129;126
4014.0;59;92;133;72;130;126
4020.0;58;93;134;72;130;125
4026.0;57;93;135;71;131;125
4032.0;57;92;136;70;131;126
4038.0;57;92;136;70;131;126
4044.0;58;92;136;69;131;126
4050.0;58;93;136;69;131;125
4056.0;58;93;136;69;131;125
4062.0;59;92;136;69;131;125
4068.0;60;92;136;70;130;124
4074.0;60;93;135;70;130;124
4080.0;58;94;136;69;130;125
4086.0;58;93;137;69;130;125
4092.0;57;93;137;69;130;126
4098.0;56;93;138;69;129;127
4104.0;55;93;140;69;129;126
4110.0;54;94;140;70;129;125
4116.0;54;94;140;70;129;125
4122.0;55;94;140;69;129;125
4128.0;56;94;140;69;129;124
4134.0;56;94;139;70;128;125
4140.0;55;93;139;70;128;127
4146.0;55;94;138;70;128;127
4152.0;56;93;138;70;128;127
4158.0;55;94;137;70;129;127
4164.0;55;93;137;70;130;127
4170.0;54;93;137;71;129;128
4176.0;54;94;137;70;129;128
4182.0;54;95;136;70;129;128
4188.0;54;95;136;70;129;128
4194.0;54;95;137;70;129;127
4200.0;53;97;136;70;130;126
4206.0;53;97;136;70;130;126
4212.0;53;97;136;70;130;126
4218.0;53;98;134;71;130;126
4224.0;54;97;134;71;130;126
4230.0;55;96;134;71;130;126
4236.0;53;96;135;71;131;126
4242.0;53;97;135;71;131;125
4248.0;53;97;135;70;132;125
4254.0;52;97;135;70;132;126
4260.0;52;97;135;70;131;127
4266.0;51;98;136;70;130;127
4272.0;51;98;136;70;130;127
4278.0;50;98;137;70;130;127
4284.0;52;98;135;71;130;126
4290.0;52;98;136;71;128;127
4296.0;52;97;136;71;128;128
4302.0;52;97;136;71;128;128
4308.0;52;96;136;72;128;128
4314.0;52;96;135;74;127;128
4320.0;52;97;135;74;126;128
4326.0;52;98;135;73;126;128
4332.0;52;98;135;73;126;128
4338.0;52;98;135;73;126;128
4344.0;52;99;134;73;127;127
4350.0;52;99;134;73;127;127
4356.0;52;99;133;73;126;129
4362.0;52;101;133;72;124;130
4368.0;53;101;132;72;124;130
4374.0;53;101;132;73;123;130
4380.0;53;102;131;74;122;130
4386.0;53;102;131;73;122;131
4392.0;53;101;131;74;122;131
4398.0;53;101;132;74;121;131
4404.0;53;100;132;74;122;131
4410.0;53;100;133;74;122;130
4416.0;53;101;132;75;121;130
4422.0;53;101;132;75;121;130
4428.0;52;102;132;74;122;130
4434.0;51;102;132;74;122;131
4440.0;51;102;132;75;120;132
4446.0;51;104;131;75;120;131
4452.0;51;104;131;75;120;131
4458.0;51;104;131;75;120;131
4464.0;51;105;130;75;120;131
4470.0;51;106;129;75;120;131
4476.0;51;107;129;74;120;131
4482.0;52;107;128;73;121;131
4488.0;51;105;128;74;122;132
4494.0;51;105;128;74;122;132
4500.0;51;105;128;74;122;132
4506.0;52;104;128;74;122;132
4512.0;52;103;128;74;123;132
4518.0;53;102;129;73;124;131
4524.0;53;101;128;74;124;132
4530.0;53;101;128;74;124;132
4536.0;52;101;128;74;124;133
4542.0;52;102;128;74;123;133
4548.0;52;100;128;74;124;134
4554.0;51;101;128;74;125;133
4560.0;51;101;127;74;126;133
4566.0;49;102;128;75;125;133
4572.0;49;102;129;74;125;133
4578.0;48;105;129;73;125;132
4584.0;49;104;129;74;124;132
4590.0;49;104;129;74;125;131
4596.0;48;104;130;74;126;130
4602.0;49;104;129;74;125;131
4608.0;48;105;129;74;125;131
4614.0;48;105;128;75;125;131
4620.0;48;105;129;75;124;131
4626.0;48;105;129;75;124;131
4632.0;46;104;130;76;124;132
4638.0;47;103;130;75;124;133
4644.0;48;103;129;75;124;133
4650.0;48;104;129;75;124;132
4656.0;49;104;129;75;124;131
4662.0;48;104;131;74;123;132
4668.0;47;104;131;74;124;132
4674.0;47;104;131;74;125;131
4680.0;47;104;131;74;126;130
4686.0;47;104;130;75;126;130
4692.0;47;104;130;75;126;130
4698.0;46;104;130;76;126;130
4704.0;46;104;130;76;126;130
4710.0;46;103;130;76;126;131
4716.0;46;101;131;77;126;131
4722.0;46;100;131;78;126;131
4728.0;46;99;131;79;126;131
4734.0;46;99;131;79;126;131
4740.0;46;99;131;78;127;131
4746.0;45;99;132;78;127;131
4752.0;45;99;131;78;127;132
4758.0;46;98;131;79;127;131
4764.0;46;97;132;79;127;131
4770.0;46;97;132;79;127;131
4776.0;46;97;132;77;128;132
4782.0;46;98;131;77;128;132
4788.0;45;98;132;76;128;133
4794.0;44;99;131;77;128;133
4800.0;44;99;131;77;128;133
4806.0;44;98;131;77;128;134
4812.0;44;98;131;77;127;135
4818.0;44;97;131;77;128;135
4824.0;43;97;131;77;129;135
4830.0;43;97;131;78;129;134
4836.0;44;96;131;78;129;134
4842.0;44;96;131;78;129;134
4848.0;41;96;131;79;130;135
4854.0;41;96;131;79;130;135
4860.0;41;96;131;78;130;136
4866.0;41;96;131;78;130;136
4872.0;40;97;131;77;131;136
4878.0;40;97;131;76;132;136
4884.0;40;97;130;76;134;135
4890.0;41;97;130;76;134;134
4896.0;41;97;130;76;134;134
4902.0;41;98;129;76;133;135
4908.0;41;98;129;76;133;135
4914.0;42;98;129;74;133;136
4920.0;42;97;129;74;134;136
4926.0;42;96;129;74;134;137
4932.0;42;97;130;74;132;137
4938.0;43;97;129;74;132;137
4944.0;43;97;129;75;132;136
4950.0;43;96;129;75;132;137
4956.0;43;97;129;74;132;137
4962.0;44;97;128;74;132;137
4968.0;44;96;128;75;131;138
4974.0;44;96;129;75;131;137
4980.0;44;95;129;75;131;138
4986.0;44;94;130;75;131;138
4992.0;44;94;131;75;132;136
4998.0;44;94;130;76;132;136
5004.0;44;95;130;75;132;136
5010.0;44;96;131;73;132;136
5016.0;45;96;130;73;132;136
5022.0;45;95;131;73;132;136
5028.0;45;95;131;73;132;136
5034.0;45;95;131;73;131;137
5040.0;45;95;131;72;131;138
5046.0;45;96;131;72;131;137
5052.0;45;96;132;72;130;137
5058.0;44;97;132;71;130;138
5064.0;44;97;132;71;131;137
5070.0;44;96;132;71;132;137
5076.0;44;96;132;71;132;137
5082.0;44;96;132;71;131;138
5088.0;45;96;132;71;130;138
5094.0;45;97;132;71;130;137
5100.0;45;98;132;71;130;136
5106.0;46;98;131;71;129;137
5112.0;47;96;131;72;129;137
5118.0;47;95;131;72;129;138
5124.0;48;94;131;72;129;138
5130.0;48;94;131;71;129;139
5136.0;48;94;132;71;129;138
5142.0;48;94;132;71;129;138
5148.0;48;94;133;71;128;138
5154.0;48;94;133;71;128;138
5160.0;48;94;133;71;128;138
5166.0;48;95;134;71;127;137
5172.0;48;95;133;71;128;137
5178.0;48;95;133;71;128;137
5184.0;49;94;134;72;127;136
5190.0;49;94;134;72;127;136
5196.0;50;94;133;72;125;138
5202.0;50;95;133;73;123;138
5208.0;50;95;133;74;123;137
5214.0;50;94;133;75;123;137
5220.0;50;94;133;75;123;137
5226.0;50;94;135;73;122;138
5232.0;50;94;135;74;122;137
5238.0;49;94;134;76;122;137
5244.0;48;94;134;76;124;136
5250.0;47;95;134;77;123;136
5256.0;47;95;134;78;122;136
5262.0;46;96;135;78;122;135
5268.0;46;96;136;76;123;135
5274.0;46;95;137;78;122;134
5280.0;46;95;137;78;122;134
5286.0;46;96;137;78;122;133
5292.0;47;96;136;78;122;133
5298.0;47;96;137;77;122;133
5304.0;46;95;138;77;123;133
5310.0;46;95;138;77;123;133
5316.0;46;96;138;77;122;133
5322.0;47;96;138;77;121;133
5328.0;47;95;138;77;121;134
5334.0;48;95;137;77;121;134
5340.0;48;94;137;77;122;134
5346.0;47;94;137;76;122;136
5352.0;47;93;137;76;123;136
5358.0;47;93;137;76;123;136
5364.0;48;93;135;76;123;137
5370.0;48;93;135;76;123;137
5376.0;48;93;135;76;123;137
5382.0;47;94;135;76;124;136
5388.0;46;93;136;76;125;136
5394.0;46;93;136;76;125;136
5400.0;47;93;136;75;125;136
5406.0;48;93;135;75;125;136
5412.0;49;93;135;75;125;135
5418.0;49;93;134;76;125;135
5424.0;49;93;134;76;125;135
5430.0;48;93;134;76;125;136
5436.0;48;92;134;76;126;136
5442.0;47;92;134;76;127;136
5448.0;47;92;132;77;128;136
5454.0;47;92;132;76;128;137
5460.0;47;92;132;76;128;137
5466.0;47;92;132;76;128;137
5472.0;47;93;131;76;127;138
5478.0;47;93;131;76;127;138
5484.0;47;94;131;76;126;138
5490.0;46;94;131;76;126;139
5496.0;45;94;131;76;126;140
5502.0;46;93;130;76;126;141
5508.0;46;93;130;77;126;140
5514.0;47;92;129;76;128;140
5520.0;47;92;129;76;128;140
5526.0;48;93;129;76;127;139
5532.0;47;95;129;76;126;139
5538.0;48;96;128;77;124;139
5544.0;48;96;128;77;123;140
5550.0;48;96;128;77;123;140
5556.0;49;96;128;77;123;139
5562.0;50;96;128;76;123;139
5568.0;49;96;129;75;124;139
5574.0;49;95;130;75;124;139
5580.0;49;95;129;75;125;139
5586.0;49;95;129;75;125;139
5592.0;49;95;131;74;126;137
5598.0;49;96;129;75;126;137
5604.0;49;96;129;75;126;137
5610.0;49;97;129;74;126;137
5616.0;48;98;129;74;126;137
5622.0;48;98;129;74;126;137
5628.0;48;99;130;72;126;137
5634.0;48;99;130;72;126;137
5640.0;48;100;130;72;125;137
5646.0;48;101;130;72;125;136
5652.0;48;101;130;71;125;137
5658.0;48;101;129;71;127;136
5664.0;48;101;129;71;127;136
5670.0;48;101;129;71;127;136
5676.0;48;102;129;71;128;134
5682.0;48;102;128;71;129;134
5688.0;47;103;128;72;129;133
5694.0;47;102;128;72;129;134
5700.0;47;102;128;72;129;134
5706.0;48;103;128;71;128;134
5712.0;48;103;128;72;128;133
5718.0;47;103;128;72;129;133
5724.0;47;103;128;72;129;133
5730.0;46;103;128;72;130;133
5736.0;45;103;129;72;130;133
5742.0;45;104;131;72;129;131
5748.0;45;105;131;72;127;132
5754.0;45;105;131;73;127;131
5760.0;45;104;131;72;129;131
5766.0;45;105;130;72;130;130
5772.0;45;105;129;72;130;131
5778.0;45;105;128;72;131;131
5784.0;46;105;127;73;129;132
5790.0;46;106;127;72;128;133
5796.0;46;107;127;71;127;134
5802.0;46;107;127;72;126;134
5808.0;46;107;128;71;126;134
5814.0;46;107;128;71;126;134
5820.0;46;107;128;71;126;134
5826.0;46;107;128;71;126;134
5832.0;46;107;128;71;126;134
5838.0;45;107;128;72;126;134
5844.0;45;106;128;72;127;134
5850.0;45;106;128;72;127;134
5856.0;45;106;128;72;127;134
5862.0;45;106;128;72;127;134
5868.0;45;107;127;72;127;134
5874.0;44;108;127;72;126;135
5880.0;44;108;127;72;126;135
5886.0;44;108;128;72;125;135
5892.0;44;108;128;72;125;135
5898.0;44;108;128;72;125;135
5904.0;44;108;128;72;124;136
5910.0;43;107;128;73;125;136
5916.0;44;107;128;73;124;136
5922.0;44;107;128;73;124;136
5928.0;44;106;129;73;124;136
5934.0;44;106;129;73;123;137
5940.0;42;106;130;73;123;138
5946.0;43;105;130;73;123;138
5952.0;44;104;130;73;123;138
5958.0;44;104;130;74;123;137
5964.0;44;104;129;75;123;137
5970.0;44;104;129;75;123;137
5976.0;44;104;129;75;123;137
5982.0;44;104;129;74;123;138
5988.0;44;105;128;74;123;138
5994.0;43;104;128;76;125;136
6000.0;44;105;128;76;125;134
6006.0;43;105;128;76;125;135
6012.0;43;106;128;75;125;135
6018.0;44;105;128;74;126;135
6024.0;44;104;127;76;126;135
6030.0;44;104;127;76;126;135
6036.0;44;104;127;76;126;135
6042.0;43;105;127;76;126;135
6048.0;44;105;126;78;125;134
6054.0;43;105;126;78;125;135
6060.0;44;105;126;79;124;134
6066.0;44;106;126;79;123;134
6072.0;43;106;127;79;122;135
6078.0;42;106;126;80;122;136
6084.0;42;106;126;80;122;136
6090.0;43;106;127;79;121;136
6096.0;43;106;127;79;121;136
6102.0;43;105;127;79;122;136
6108.0;44;105;126;79;122;136
6114.0;45;106;125;78;122;136
6120.0;46;106;124;78;122;136
6126.0;46;106;124;78;122;136
6132.0;46;106;124;79;122;135
6138.0;45;106;124;79;123;135
6144.0;45;106;125;78;123;135
6150.0;45;106;125;78;123;135
6156.0;45;106;124;79;123;135
6162.0;45;105;124;79;123;136
6168.0;45;105;125;79;122;136
6174.0;45;105;124;79;122;137
6180.0;45;105;124;79;122;137
6186.0;45;105;125;79;121;137
6192.0;46;105;124;79;121;137
6198.0;46;104;125;79;121;137
6204.0;47;103;126;79;120;137
6210.0;48;102;126;81;119;136
6216.0;49;102;125;81;118;137
6222.0;49;103;125;82;118;135
6228.0;49;104;124;83;118;134
6234.0;49;104;124;83;118;134
6240.0;49;104;123;83;118;135
6246.0;50;105;122;82;118;135
6252.0;51;106;122;82;116;135
6258.0;51;106;121;83;116;135
6264.0;51;106;121;83;116;135
6270.0;51;106;121;83;116;135
6276.0;51;106;121;83;116;135
6282.0;51;106;121;83;116;135
6288.0;49;105;122;83;117;136
6294.0;49;105;122;82;118;136
6300.0;50;103;122;83;118;136
6306.0;50;103;122;83;118;136
6312.0;51;103;120;86;118;134
6318.0;51;103;120;86;118;134
6324.0;50;102;121;87;118;134
6330.0;51;103;120;87;118;133
6336.0;51;103;121;86;118;133
6342.0;51;104;121;86;118;132
6348.0;51;103;121;86;118;133
6354.0;52;102;122;85;118;133
6360.0;53;102;121;85;118;133
6366.0;54;102;121;84;117;134
6372.0;54;102;121;84;117;134
6378.0;55;102;121;84;117;133
6384.0;55;102;121;84;117;133
6390.0;54;103;121;84;118;132
6396.0;53;103;120;86;118;132
6402.0;52;103;120;86;119;132
6408.0;52;103;120;85;119;133
6414.0;52;103;120;85;119;133
6420.0;51;103;120;85;119;134
6426.0;50;102;121;86;120;133
6432.0;50;103;122;85;120;132
6438.0;51;102;122;85;120;132
6444.0;50;103;121;86;120;132
6450.0;50;102;121;86;120;133
6456.0;51;102;119;86;120;134
6462.0;53;102;119;85;119;134
6468.0;52;104;119;86;118;133
6474.0;52;105;117;86;119;133
6480.0;52;105;117;86;119;133
6486.0;53;105;117;86;118;133
6492.0;53;105;117;86;118;133
6498.0;53;105;117;86;118;133
6504.0;52;103;118;86;119;134
6510.0;53;103;118;84;119;135
6516.0;53;103;117;84;119;136
6522.0;52;101;118;84;120;137
6528.0;51;101;117;85;120;138
6534.0;51;101;117;84;121;138
6540.0;51;100;117;84;121;139
6546.0;52;99;118;84;121;138
6552.0;52;99;117;84;121;139
6558.0;53;99;117;84;120;139
6564.0;53;99;117;84;121;138
6570.0;54;98;117;84;121;138
6576.0;55;98;117;83;121;138
6582.0;56;98;116;82;121;139
6588.0;56;98;116;82;121;139
6594.0;56;98;116;82;121;139
6600.0;57;98;116;82;121;138
6606.0;57;98;116;82;121;138
6612.0;57;98;116;82;121;138
6618.0;59;99;116;81;120;137
6624.0;59;99;116;81;120;137
6630.0;59;99;117;81;120;136
6636.0;59;99;116;81;121;136
6642.0;57;100;116;81;122;136
6648.0;58;101;116;80;122;135
6654.0;57;102;116;80;122;135
6660.0;57;102;116;80;122;135
6666.0;57;102;116;80;122;135
6672.0;57;102;116;80;122;135
6678.0;57;102;116;80;122;135
6684.0;57;102;116;80;122;135
6690.0;57;102;116;79;123;135
6696.0;57;102;115;80;123;135
6702.0;58;101;114;80;123;136
6708.0;58;101;114;80;122;137
6714.0;57;101;114;80;123;137
6720.0;57;101;114;80;123;137
6726.0;58;102;114;79;122;137
6732.0;58;102;114;80;121;137
6738.0;57;102;115;80;121;137
6744.0;58;102;115;81;120;136
6750.0;58;100;118;81;120;135
6756.0;58;100;118;81;121;134
6762.0;56;100;118;82;121;135
6768.0;58;100;117;82;120;135
6774.0;58;100;117;83;120;134
6780.0;59;101;118;83;117;134
6786.0;59;101;119;82;117;134
6792.0;60;101;122;80;116;133
6798.0;60;101;122;80;116;133
6804.0;60;101;122;80;116;133
6810.0;60;102;122;80;116;132
6816.0;60;102;123;79;116;132
6822.0;60;102;122;80;116;132
6828.0;61;102;122;80;115;132
6834.0;61;101;122;80;115;133
6840.0;61;101;123;80;115;132
6846.0;61;101;123;80;115;132
6852.0;61;100;124;79;115;133
6858.0;61;98;124;80;116;133
6864.0;61;97;125;80;116;133
6870.0;61;97;125;80;116;133
6876.0;61;97;125;80;115;134
6882.0;61;98;125;80;115;133
6888.0;61;98;125;80;115;133
6894.0;60;98;125;80;116;133
6900.0;60;98;125;81;115;133
6906.0;60;97;125;81;115;134
6912.0;60;97;125;82;115;133
6918.0;60;97;125;82;115;133
6924.0;61;98;125;82;113;133
6930.0;61;98;125;82;113;133
6936.0;60;99;127;82;113;131
6942.0;58;100;127;82;113;132
6948.0;57;100;127;82;114;132
6954.0;57;99;128;82;114;132
6960.0;57;99;128;83;113;132
6966.0;57;97;128;84;114;132
6972.0;57;97;128;84;114;132
6978.0;57;97;128;83;114;133
6984.0;57;98;128;83;113;133
6990.0;58;98;128;84;112;132
6996.0;57;98;128;84;112;133
7002.0;57;100;127;83;111;134
7008.0;58;99;126;84;111;134
7014.0;58;99;126;84;111;134
7020.0;58;99;126;84;111;134
7026.0;58;99;127;84;110;134
7032.0;59;99;127;84;109;134
7038.0;59;99;127;84;109;134
7044.0;58;99;128;84;108;135
7050.0;57;100;128;84;108;135
7056.0;57;99;129;87;107;133
7062.0;58;99;128;87;107;133
7068.0;58;99;128;87;107;133
7074.0;58;99;127;87;107;134
7080.0;59;99;126;88;106;134
7086.0;59;99;126;88;106;134
7092.0;59;98;127;88;106;134
7098.0;60;97;127;88;106;134
7104.0;60;95;128;89;106;134
7110.0;60;95;127;89;107;134
7116.0;59;95;127;89;107;135
7122.0;59;95;127;89;107;135
7128.0;59;95;127;89;107;135
7134.0;59;95;127;89;107;135
7140.0;59;95;127;89;107;135
7146.0;59;95;127;89;107;135
7152.0;60;95;127;88;107;135
7158.0;59;96;127;88;106;136
7164.0;59;96;125;87;108;137
7170.0;57;97;126;87;107;138
7176.0;57;97;126;86;108;138
7182.0;57;97;126;86;108;138
7188.0;56;97;126;86;108;139
7194.0;56;97;126;86;108;139
7200.0;57;96;125;87;108;139
7206.0;56;93;128;87;108;140
7212.0;56;93;128;87;108;140
7218.0;56;92;128;89;108;139
7224.0;55;92;127;89;108;141
7230.0;54;91;129;89;108;141
7236.0;55;91;129;89;108;140
7242.0;55;92;129;89;108;139
7248.0;56;92;128;89;108;139
7254.0;57;93;127;89;108;138
7260.0;57;93;127;89;109;137
7266.0;57;93;127;90;109;136
7272.0;56;93;128;89;111;135
7278.0;57;93;130;87;109;136
7284.0;57;92;129;88;109;137
7290.0;57;92;129;90;107;137
7296.0;57;93;128;90;107;137
7302.0;56;93;127;91;108;137
7308.0;56;93;128;90;108;137
7314.0;55;94;128;90;108;137
7320.0;55;94;128;90;108;137
7326.0;55;94;128;90;108;137
7332.0;54;95;128;90;108;137
7338.0;55;95;127;90;107;138
7344.0;55;94;128;90;107;138
7350.0;55;94;128;90;108;137
7356.0;54;94;128;91;109;136
7362.0;54;94;128;91;109;136
7368.0;56;94;127;91;110;134
7374.0;57;96;125;91;110;133
7380.0;58;96;126;89;110;133
7386.0;59;97;126;87;110;133
7392.0;60;96;124;87;112;133
7398.0;60;96;124;87;111;134
7404.0;61;96;124;86;111;134
7410.0;61;96;123;86;111;135
7416.0;61;96;123;86;111;135
7422.0;61;96;123;86;111;135
7428.0;59;97;123;86;112;135
7434.0;59;99;123;85;112;134
7440.0;59;99;123;84;112;135
7446.0;59;99;123;84;113;134
7452.0;59;100;122;84;113;134
7458.0;59;101;120;85;112;135
7464.0;59;101;120;85;112;135
7470.0;58;101;120;86;112;135
7476.0;58;101;120;86;112;135
7482.0;56;101;121;86;113;135
7488.0;57;100;120;86;113;136
7494.0;57;98;123;85;113;136
7500.0;57;98;122;85;114;136
7506.0;57;98;122;86;113;136
7512.0;57;100;120;86;113;136
7518.0;57;100;120;87;112;136
7524.0;57;100;119;87;112;137
7530.0;58;100;119;86;112;137
7536.0;60;100;119;86;112;135
7542.0;60;99;119;86;113;135
7548.0;60;99;119;86;113;135
7554.0;61;98;119;85;113;136
7560.0;61;99;120;85;111;136
7566.0;62;98;120;85;111;136
7572.0;61;98;120;85;111;137
7578.0;61;98;120;85;111;137
7584.0;61;98;120;86;111;136
7590.0;62;97;120;86;111;136
7596.0;61;98;120;86;111;136
7602.0;60;98;120;85;111;138
7608.0;60;98;120;85;111;138
7614.0;59;98;120;85;113;137
7620.0;59;98;120;85;113;137
7626.0;58;99;121;85;113;136
7632.0;58;97;122;85;114;136
7638.0;58;97;122;85;114;136
7644.0;56;99;121;86;114;136
7650.0;55;99;121;86;115;136
7656.0;54;99;122;86;115;136
7662.0;54;98;122;87;115;136
7668.0;54;98;122;87;115;136
7674.0;54;98;122;87;115;136
7680.0;54;97;123;87;115;136
7686.0;54;97;124;87;115;135
7692.0;54;97;124;87;115;135
7698.0;54;97;124;87;115;135
7704.0;54;97;124;87;115;135
7710.0;54;98;124;85;118;133
7716.0;54;97;124;85;118;134
7722.0;53;96;126;85;118;134
7728.0;54;94;126;85;118;135
7734.0;54;93;127;86;117;135
7740.0;54;93;127;86;116;136
7746.0;54;92;128;86;116;136
7752.0;56;92;128;86;115;135
7758.0;58;90;128;88;114;134
7764.0;58;90;128;88;114;134
7770.0;58;90;129;88;114;133
7776.0;58;91;129;88;113;133
7782.0;58;92;128;88;113;133
7788.0;58;93;128;87;113;133
7794.0;58;93;129;86;113;133
7800.0;58;93;129;86;113;133
7806.0;58;93;129;84;113;135
7812.0;58;93;129;84;113;135
7818.0;58;93;129;84;113;135
7824.0;58;91;129;85;113;136
7830.0;59;90;129;85;113;136
7836.0;62;89;128;86;111;136
7842.0;61;90;128;86;111;136
7848.0;61;90;127;87;111;136
7854.0;62;90;126;88;110;136
7860.0;62;89;126;87;110;138
7866.0;63;88;128;86;110;137
7872.0;63;88;128;86;109;138
7878.0;61;88;128;86;108;141
7884.0;61;88;128;86;108;141
7890.0;62;88;127;87;107;141
7896.0;62;86;128;87;107;142
7902.0;62;87;128;87;106;142
7908.0;62;87;128;87;106;142
7914.0;63;86;128;89;104;142
7920.0;63;85;128;88;105;143
7926.0;62;86;129;87;106;142
7932.0;61;86;128;89;106;142
7938.0;61;86;128;89;106;142
7944.0;61;86;128;89;106;142
7950.0;61;85;128;89;107;142
7956.0;62;85;127;89;107;142
7962.0;62;85;127;89;108;141
7968.0;64;85;126;89;107;141
7974.0;64;85;126;88;107;142
7980.0;64;85;126;88;107;142
7986.0;63;85;126;88;108;142
7992.0;61;85;126;88;108;144
7998.0;60;86;125;88;109;144
8004.0;60;86;125;88;109;144
8010.0;60;85;125;89;109;144
8016.0;60;85;125;87;110;145
8022.0;61;84;125;86;110;146
8028.0;61;83;125;86;111;146
8034.0;60;85;125;85;111;146
8040.0;60;84;125;85;111;147
8046.0;61;83;126;85;109;148
8052.0;60;84;127;84;109;148
8058.0;61;84;127;83;109;148
8064.0;61;84;127;83;109;148
8070.0;63;83;127;82;108;149
8076.0;62;83;129;81;109;148
8082.0;62;82;129;81;109;149
8088.0;64;81;128;81;108;150
8094.0;64;80;129;81;108;150
8100.0;64;79;130;81;108;150
8106.0;65;81;130;80;107;149
8112.0;65;80;130;80;108;149
8118.0;65;80;130;80;108;149
8124.0;64;79;130;79;109;151
8130.0;64;79;129;79;109;152
8136.0;64;78;129;79;109;153
8142.0;64;78;129;79;109;153
8148.0;64;78;129;78;109;154
8154.0;64;77;129;78;110;154
8160.0;64;77;128;78;110;155
8166.0;64;77;128;78;110;155
8172.0;64;77;127;78;111;155
8178.0;64;77;127;79;110;155
8184.0;64;76;127;79;111;155
8190.0;64;76;127;79;111;155
8196.0;64;76;127;79;111;155
8202.0;64;77;126;79;111;155
8208.0;63;77;126;79;112;155
8214.0;63;76;127;78;113;155
8220.0;63;75;127;78;114;155
8226.0;63;75;127;78;114;155
8232.0;63;75;127;78;114;155
8238.0;64;76;126;78;113;155
8244.0;63;76;126;78;113;156
8250.0;63;76;127;78;112;156
8256.0;64;75;127;79;112;155
8262.0;65;76;127;78;112;154
8268.0;65;75;128;78;112;154
8274.0;65;76;127;78;113;153
8280.0;64;78;126;77;114;153
8286.0;64;78;126;77;114;153
8292.0;64;79;127;77;114;151
8298.0;64;79;127;77;114;151
8304.0;64;80;127;76;114;151
8310.0;63;80;126;77;115;151
8316.0;63;80;126;76;116;151
8322.0;63;80;126;76;116;151
8328.0;62;81;125;76;117;151
8334.0;61;82;125;76;117;151
8340.0;60;83;126;76;115;152
8346.0;60;83;126;76;115;152
8352.0;59;82;126;77;115;153
8358.0;60;82;125;77;115;153
8364.0;60;82;125;76;116;153
8370.0;60;81;126;76;117;152
8376.0;61;81;126;73;119;152
8382.0;60;80;128;73;120;151
8388.0;60;80;128;73;121;150
8394.0;59;80;128;74;123;148
8400.0;59;80;128;74;123;148
8406.0;60;80;128;73;123;148
8412.0;59;80;127;73;124;149
8418.0;59;80;127;73;124;149
8424.0;59;80;127;73;124;149
8430.0;58;80;126;72;125;151
8436.0;58;81;125;72;125;151
8442.0;57;81;125;72;125;152
8448.0;57;81;125;72;125;152
8454.0;56;82;126;72;125;151
8460.0;56;83;126;72;124;151
8466.0;56;83;126;72;124;151
8472.0;56;81;126;75;124;150
8478.0;56;81;126;75;124;150
8484.0;56;82;126;75;124;149
8490.0;55;83;127;75;124;148
8496.0;54;83;126;76;124;149
8502.0;54;83;126;76;124;149
8508.0;54;83;126;76;124;149
8514.0;53;84;127;76;123;149
8520.0;53;84;127;76;123;149
8526.0;54;83;127;76;123;149
8532.0;54;83;127;76;123;149
8538.0;54;83;128;77;122;148
8544.0;54;83;129;78;120;148
8550.0;54;81;129;80;120;148
8556.0;54;81;128;81;119;149
8562.0;54;81;128;81;119;149
8568.0;54;81;128;81;119;149
8574.0;53;83;127;81;119;149
8580.0;52;83;127;81;119;150
8586.0;52;83;128;81;119;149
8592.0;52;82;130;80;119;149
8598.0;52;82;130;80;118;150
8604.0;52;80;130;82;119;149
8610.0;52;79;131;83;118;149
8616.0;52;79;132;83;118;148
8622.0;52;79;132;83;118;148
8628.0;52;79;132;83;118;148
8634.0;52;79;131;84;118;148
8640.0;51;80;131;84;118;148
8646.0;51;80;131;84;118;148
8652.0;52;80;129;84;118;149
8658.0;51;79;130;83;120;149
8664.0;52;79;130;83;120;148
8670.0;51;79;129;83;121;149
8676.0;51;82;129;81;121;148
8682.0;51;82;129;81;121;148
8688.0;51;82;129;82;120;148
8694.0;51;82;129;82;120;148
8700.0;51;82;129;80;122;148
8706.0;53;82;128;81;121;147
8712.0;53;82;128;81;121;147
8718.0;53;81;128;82;121;147
8724.0;53;82;129;82;119;147
8730.0;54;82;128;83;119;146
8736.0;54;82;127;84;119;146
8742.0;53;82;127;85;120;145
8748.0;54;83;127;84;119;145
8754.0;54;83;128;83;119;145
8760.0;54;83;129;84;119;143
8766.0;53;83;129;84;120;143
8772.0;54;83;128;84;120;143
8778.0;53;84;130;83;120;142
8784.0;53;84;130;83;120;142
8790.0;53;84;130;83;120;142
8796.0;53;84;130;83;120;142
8802.0;53;84;130;83;120;142
8808.0;53;83;131;83;120;142
8814.0;53;83;131;84;119;142
8820.0;53;83;131;84;119;142
8826.0;51;83;133;84;118;143
8832.0;51;83;133;84;119;142
8838.0;52;82;133;85;118;142
8844.0;52;82;134;85;118;141
8850.0;52;82;134;86;118;140
8856.0;51;81;134;86;118;142
8862.0;50;81;134;85;119;143
8868.0;50;81;134;85;119;143
8874.0;51;81;133;85;118;144
8880.0;51;81;136;85;116;143
8886.0;51;81;136;85;116;143
8892.0;51;81;137;85;116;142
8898.0;51;80;138;85;117;141
8904.0;51;80;139;84;117;141
8910.0;51;81;139;84;116;141
8916.0;51;81;139;84;116;141
8922.0;51;81;139;84;116;141
8928.0;51;80;139;84;116;142
8934.0;51;80;140;83;116;142
8940.0;52;78;141;83;116;142
8946.0;52;78;140;82;117;143
8952.0;52;78;141;83;117;141
8958.0;51;78;141;83;118;141
8964.0;51;78;144;83;117;139
8970.0;51;78;143;83;117;140
8976.0;51;78;143;83;117;140
8982.0;52;78;143;83;117;139
8988.0;52;78;143;83;118;138
8994.0;51;78;143;84;118;138
9000.0;51;78;142;84;118;139
9006.0;51;78;143;84;117;139
9012.0;52;79;142;83;117;139
9018.0;52;78;143;82;117;140
9024.0;52;78;141;83;118;140
9030.0;52;78;141;83;118;140
9036.0;52;78;140;83;119;140
9042.0;52;78;140;83;119;140
9048.0;51;79;140;83;118;141
9054.0;50;78;140;83;120;141
9060.0;50;78;141;84;120;139
9066.0;49;78;141;85;120;139
9072.0;49;78;141;85;120;139
9078.0;50;78;141;85;120;138
9084.0;50;78;141;84;120;139
9090.0;51;78;141;83;120;139
9096.0;51;78;140;84;120;139
9102.0;51;78;140;84;121;138
9108.0;51;78;140;83;122;138
9114.0;51;78;140;83;123;137
9120.0;51;79;138;83;123;138
9126.0;51;79;138;82;124;138
9132.0;53;80;136;82;124;137
9138.0;52;80;136;83;124;137
9144.0;52;80;136;83;124;137
9150.0;52;79;135;84;124;138
9156.0;51;79;135;84;125;138
9162.0;51;79;135;84;125;138
9168.0;51;79;134;84;125;139
9174.0;51;80;135;83;125;138
9180.0;51;80;135;83;125;138
9186.0;50;80;136;83;125;138
9192.0;51;79;137;82;125;138
9198.0;51;79;139;82;125;136
9204.0;51;80;138;82;125;136
9210.0;50;80;138;82;125;137
9216.0;50;81;138;82;124;137
9222.0;50;82;138;82;124;136
9228.0;50;82;138;82;124;136
9234.0;49;82;137;83;125;136
9240.0;50;82;137;84;124;135
9246.0;50;83;137;84;124;134
9252.0;50;83;138;84;123;134
9258.0;50;83;138;83;124;134
9264.0;50;83;138;83;124;134
9270.0;49;83;139;83;124;134
9276.0;49;83;139;83;124;134
9282.0;49;83;139;83;124;134
9288.0;50;83;139;82;124;134
9294.0;50;83;140;82;124;133
9300.0;51;82;140;82;124;133
9306.0;51;83;140;81;124;133
9312.0;51;82;140;81;123;135
9318.0;50;82;140;82;123;135
9324.0;50;81;140;82;124;135
9330.0;51;80;140;82;124;135
9336.0;51;79;140;83;124;135
9342.0;51;79;140;83;124;135
9348.0;52;79;139;83;124;135
9354.0;51;80;139;83;124;135
9360.0;52;80;139;82;125;134
9366.0;52;79;139;82;126;134
9372.0;51;80;139;82;126;134
9378.0;51;80;140;82;126;133
9384.0;51;80;140;82;126;133
9390.0;52;80;140;82;126;132
9396.0;52;81;140;83;124;132
9402.0;52;80;140;84;124;132
9408.0;52;80;140;84;125;131
9414.0;53;80;139;84;125;131
9420.0;53;80;140;84;124;131
9426.0;53;80;140;84;124;131
9432.0;52;80;139;86;123;132
9438.0;51;80;139;87;123;132
9444.0;51;80;139;87;123;132
9450.0;51;81;138;87;123;132
9456.0;51;80;137;90;123;131
9462.0;52;80;136;90;123;131
9468.0;52;80;136;90;123;131
9474.0;52;80;136;89;124;131
9480.0;51;79;136;89;125;132
9486.0;51;79;136;88;125;133
9492.0;51;79;136;89;125;132
9498.0;51;80;136;89;125;131
9504.0;51;80;136;89;124;132
9510.0;51;80;136;89;124;132
9516.0;50;80;137;88;124;133
9522.0;50;80;136;88;125;133
9528.0;49;80;136;89;125;133
9534.0;49;79;136;90;124;134
9540.0;48;79;138;89;124;134
9546.0;49;79;138;89;124;133
9552.0;49;79;137;88;125;134
9558.0;49;79;137;88;125;134
9564.0;48;79;137;88;124;136
9570.0;49;80;136;88;124;135
9576.0;49;81;136;88;123;135
9582.0;50;81;136;88;122;135
9588.0;50;80;136;89;121;136
9594.0;50;80;136;89;121;136
9600.0;50;80;136;89;121;136
9606.0;50;80;136;89;121;136
9612.0;50;79;136;90;121;136
9618.0;51;79;136;89;121;136
9624.0;51;79;136;89;121;136
9630.0;50;80;136;88;122;136
9636.0;50;80;137;88;122;135
9642.0;50;80;137;87;123;135
9648.0;50;80;137;87;123;135
9654.0;50;80;137;87;123;135
9660.0;50;80;137;87;123;135
9666.0;50;80;137;87;124;134
9672.0;50;81;137;86;124;134
9678.0;50;81;137;86;124;134
9684.0;50;81;137;86;124;134
9690.0;50;81;137;86;125;133
9696.0;50;81;137;86;125;133
9702.0;51;80;137;85;124;135
9708.0;51;80;137;86;124;134
9714.0;51;80;137;86;124;134
9720.0;52;79;138;85;124;134
9726.0;52;79;139;84;124;134
9732.0;52;79;139;82;124;136
9738.0;52;79;138;82;125;136
9744.0;51;81;136;83;125;136
9750.0;51;80;135;85;125;136
9756.0;50;81;135;85;125;136
9762.0;49;82;135;85;125;136
9768.0;49;82;135;85;125;136
9774.0;49;81;135;87;125;135
9780.0;49;81;135;87;125;135
9786.0;49;81;135;87;125;135
9792.0;50;80;133;89;125;135
9798.0;49;79;135;88;125;136
9804.0;48;79;135;88;126;136
9810.0;48;79;135;88;126;136
9816.0;48;79;135;88;126;136
9822.0;48;80;135;88;126;135
9828.0;47;80;136;88;126;135
9834.0;48;80;134;89;126;135
9840.0;49;78;135;89;126;135
9846.0;49;77;136;89;126;135
9852.0;50;77;136;89;126;134
9858.0;50;78;137;88;127;132
9864.0;50;78;137;89;127;131
9870.0;51;79;137;89;127;129
9876.0;50;80;138;89;126;129
9882.0;50;80;138;89;126;129
9888.0;50;80;138;90;125;129
9894.0;50;79;137;90;127;129
9900.0;51;78;136;93;125;129
9906.0;51;78;136;94;124;129
9912.0;51;78;137;94;123;129
9918.0;51;78;137;94;124;128
9924.0;51;78;137;94;124;128
9930.0;51;78;137;94;123;129
9936.0;51;78;136;94;123;130
9942.0;51;78;136;94;123;130
9948.0;51;78;137;94;121;131
9954.0;50;79;136;95;121;131
9960.0;49;79;136;95;122;131
9966.0;49;80;135;95;122;131
9972.0;49;82;134;94;122;131
9978.0;49;81;135;94;122;131
9984.0;51;81;135;93;122;130
9990.0;51;80;134;94;122;131
9996.0;50;80;134;94;122;132
10002.0;50;80;134;94;122;132
10008.0;50;80;134;93;122;133
10014.0;50;80;134;93;121;134
10020.0;50;81;134;93;120;134
10026.0;50;81;134;93;120;134
10032.0;52;81;134;93;120;132
10038.0;51;81;134;94;120;132
10044.0;49;81;134;95;119;134
10050.0;48;83;134;94;119;134
10056.0;48;83;134;94;120;133
10062.0;47;83;134;95;119;134
10068.0;46;84;133;95;119;135
10074.0;45;85;134;95;119;134
10080.0;45;86;134;94;119;134
10086.0;46;86;133;94;119;134
10092.0;46;86;133;94;119;134
10098.0;46;86;132;94;119;135
10104.0;46;85;133;95;118;135
10110.0;46;86;133;95;118;134
10116.0;47;86;133;95;118;133
10122.0;47;87;133;95;118;132
10128.0;47;87;134;94;118;132
10134.0;47;86;135;94;118;132
10140.0;47;85;136;94;118;132
10146.0;47;85;137;94;118;131
10152.0;48;85;137;93;118;131
10158.0;49;85;137;93;117;131
10164.0;49;85;137;93;117;131
10170.0;49;85;137;93;117;131
10176.0;49;85;138;92;117;131
10182.0;49;84;138;93;117;131
10188.0;50;84;136;93;118;131
10194.0;50;84;136;93;118;131
10200.0;50;85;137;91;117;132
10206.0;49;85;138;90;118;132
10212.0;50;86;139;90;115;132
10218.0;51;86;137;90;116;132
10224.0;50;85;136;91;117;133
10230.0;50;85;136;91;117;133
10236.0;50;85;136;91;118;132
10242.0;51;87;135;90;117;132
10248.0;52;87;133;91;117;132
10254.0;53;87;132;92;117;131
10260.0;53;86;132;92;118;131
10266.0;51;88;133;92;118;130
10272.0;51;88;132;92;118;131
10278.0;51;88;133;93;117;130
10284.0;51;87;133;93;116;132
10290.0;51;88;133;93;114;133
10296.0;51;88;133;93;114;133
10302.0;51;89;132;92;115;133
10308.0;51;89;133;92;115;132
10314.0;51;89;132;93;116;131
10320.0;51;89;132;93;116;131
10326.0;52;88;130;93;118;131
10332.0;54;90;130;92;117;129
10338.0;54;91;130;93;116;128
10344.0;54;91;128;94;117;128
10350.0;54;91;128;94;117;128
10356.0;54;90;129;94;117;128
10362.0;54;90;130;94;116;128
10368.0;54;90;130;94;116;128
10374.0;54;90;131;94;115;128
10380.0;55;88;131;94;116;128
10386.0;55;88;132;94;115;128
10392.0;56;87;133;93;115;128
10398.0;56;87;133;93;115;128
10404.0;57;87;133;93;115;127
10410.0;57;88;132;92;115;128
10416.0;56;88;132;92;115;129
10422.0;57;88;133;91;115;128
10428.0;57;88;132;92;115;128
10434.0;55;90;133;91;115;128
10440.0;55;92;133;90;115;127
10446.0;55;93;133;90;114;127
10452.0;55;93;133;89;115;127
10458.0;55;93;133;89;115;127
10464.0;54;95;132;88;117;126
10470.0;54;95;132;88;118;125
10476.0;53;95;133;87;119;125
10482.0;54;95;134;86;119;124
10488.0;54;96;134;86;118;124
10494.0;54;96;134;86;118;124
10500.0;54;95;135;86;118;124
10506.0;54;95;135;86;117;125
10512.0;54;95;135;86;117;125
10518.0;53;95;137;85;116;126
10524.0;54;94;137;85;116;126
10530.0;53;96;136;84;117;126
10536.0;53;96;135;85;117;126
10542.0;52;95;135;87;117;126
10548.0;53;94;135;87;117;126
10554.0;54;95;135;87;115;126
10560.0;53;95;134;88;115;127
10566.0;53;95;134;88;115;127
10572.0;53;94;134;88;116;127
10578.0;53;94;134;88;116;127
10584.0;54;93;134;88;116;127
10590.0;52;94;136;88;116;126
10596.0;52;93;136;88;116;127
10602.0;52;93;136;88;116;127
10608.0;52;93;136;88;116;127
10614.0;52;93;136;87;116;128
10620.0;52;93;136;87;116;128
10626.0;52;92;138;86;115;129
10632.0;52;92;137;86;115;130
10638.0;52;92;137;86;115;130
10644.0;54;90;137;87;116;128
10650.0;54;89;138;87;116;128
10656.0;54;89;138;87;116;128
10662.0;54;89;138;87;116;128
10668.0;55;89;137;87;116;128
10674.0;55;89;137;87;117;127
10680.0;55;89;139;87;117;125
10686.0;55;89;139;86;117;126
10692.0;55;88;140;85;118;126
10698.0;54;88;141;85;118;126
10704.0;55;88;141;85;117;126
10710.0;54;89;141;85;117;126
10716.0;52;89;140;86;116;129
10722.0;52;89;140;86;116;129
10728.0;52;88;140;86;117;129
10734.0;52;87;140;87;117;129
10740.0;52;88;139;88;117;128
10746.0;51;88;139;89;117;128
10752.0;51;88;139;89;117;128
10758.0;51;87;139;89;118;128
10764.0;51;88;138;89;118;128
10770.0;50;87;137;89;120;129
10776.0;49;87;139;89;119;129
10782.0;49;87;138;90;119;129
10788.0;48;86;138;91;118;131
10794.0;48;86;138;91;118;131
