#auto generated file!
12.0;198;215;216;212;204;179
18.0;197;216;216;211;205;179
24.0;197;216;217;210;205;179
30.0;199;216;217;209;205;178
36.0;195;216;219;209;205;180
42.0;194;215;220;209;205;181
48.0;193;215;221;210;204;181
54.0;193;215;221;210;204;181
60.0;195;213;221;210;203;182
66.0;195;213;221;209;202;184
72.0;194;212;222;210;201;185
78.0;194;210;222;211;201;186
84.0;193;210;222;211;200;188
90.0;192;210;223;211;201;187
96.0;189;209;223;215;201;187
102.0;190;209;223;214;202;186
108.0;192;208;223;213;203;185
114.0;192;208;222;212;204;186
120.0;193;208;221;212;204;186
126.0;192;208;221;212;205;186
132.0;191;209;221;212;204;187
138.0;190;208;222;211;204;189
144.0;190;206;220;214;204;190
150.0;189;206;220;214;205;190
156.0;189;206;220;214;204;191
162.0;189;207;221;213;203;191
168.0;188;205;222;213;205;191
174.0;187;205;222;214;205;191
180.0;185;206;221;214;205;193
186.0;185;205;222;214;205;193
192.0;184;205;223;213;206;193
198.0;181;207;224;213;205;194
204.0;180;208;224;213;204;195
210.0;179;207;225;214;204;195
216.0;178;208;224;212;208;194
222.0;179;209;223;212;208;193
228.0;179;208;221;215;208;193
234.0;179;208;221;215;208;193
240.0;178;209;220;216;208;193
246.0;178;209;220;216;209;192
252.0;177;208;223;215;210;191
258.0;178;207;223;215;210;191
264.0;182;206;222;213;209;192
270.0;182;206;221;213;209;193
276.0;182;205;221;214;209;193
282.0;181;204;222;213;211;193
288.0;182;204;222;212;211;193
294.0;182;204;222;212;211;193
300.0;181;206;223;211;210;193
306.0;180;202;224;214;211;193
312.0;179;201;226;214;211;193
318.0;178;201;226;214;211;194
324.0;177;201;227;214;211;194
330.0;177;202;226;214;211;194
336.0;177;201;227;212;212;195
342.0;177;200;228;210;213;196
348.0;175;200;228;210;214;197
354.0;175;200;228;210;214;197
360.0;174;200;228;209;214;199
366.0;175;200;229;209;212;199
372.0;173;200;230;210;213;198
378.0;173;203;229;210;212;197
384.0;173;203;228;210;213;197
390.0;171;206;228;208;214;197
396.0;170;207;227;209;214;197
402.0;169;207;228;210;213;197
408.0;168;206;228;210;213;199
414.0;170;205;228;210;212;199
420.0;170;205;227;212;210;200
426.0;170;204;229;212;209;200
432.0;171;203;227;211;210;202
438.0;171;201;229;211;209;203
444.0;171;201;229;211;209;203
450.0;172;201;229;211;208;203
456.0;172;201;229;211;208;203
462.0;173;201;228;211;208;203
468.0;173;200;228;211;209;203
474.0;172;198;229;212;209;204
480.0;170;198;229;213;209;205
486.0;171;195;231;212;209;206
492.0;171;194;233;212;208;206
498.0;171;194;233;213;208;205
504.0;171;193;232;215;207;206
510.0;171;192;232;216;207;206
516.0;172;192;232;218;204;206
522.0;174;191;231;218;205;205
528.0;174;190;232;217;205;206
534.0;174;190;234;217;204;205
540.0;173;189;237;217;202;206
546.0;172;189;238;218;202;205
552.0;171;188;239;218;202;206
558.0;172;190;238;218;200;206
564.0;173;190;236;219;200;206
570.0;171;191;236;219;200;207
576.0;168;190;236;219;202;209
582.0;167;191;237;219;201;209
588.0;167;190;238;219;201;209
594.0;166;189;238;220;201;210
600.0;165;188;237;220;202;212
606.0;164;187;239;220;201;213
612.0;164;187;238;218;202;215
618.0;164;188;237;219;203;213
624.0;163;188;237;218;203;215
630.0;163;189;236;217;205;214
636.0;164;189;237;216;205;213
642.0;162;191;238;218;203;212
648.0;160;190;240;219;202;213
654.0;159;190;240;218;202;215
660.0;159;190;240;218;202;215
666.0;157;190;240;218;202;217
672.0;157;189;240;219;201;218
678.0;158;189;240;219;201;217
684.0;157;190;241;217;200;219
690.0;155;188;239;221;200;221
696.0;155;189;238;221;201;220
702.0;155;189;238;221;202;219
708.0;155;189;236;220;205;219
714.0;154;189;236;220;206;219
720.0;155;189;237;220;205;218
726.0;152;189;233;221;206;223
732.0;152;191;233;219;205;224
738.0;152;192;232;217;205;226
744.0;150;192;232;217;206;227
750.0;152;190;232;219;205;226
756.0;153;191;231;218;205;226
762.0;153;190;231;219;205;226
768.0;152;190;232;219;205;226
774.0;152;190;232;219;204;227
780.0;151;189;233;218;204;229
786.0;154;188;233;217;203;229
792.0;155;188;233;216;203;229
798.0;154;187;236;216;202;229
804.0;151;188;238;217;202;228
810.0;151;188;238;216;203;228
816.0;150;188;238;218;203;227
822.0;150;188;241;217;201;227
828.0;152;189;239;216;200;228
834.0;153;188;239;214;200;230
840.0;153;188;239;213;201;230
846.0;152;188;239;214;201;230
852.0;151;189;239;214;201;230
858.0;149;189;240;214;201;231
864.0;149;187;243;213;201;231
870.0;146;187;243;214;203;231
876.0;147;186;245;214;202;230
882.0;147;188;245;210;204;230
888.0;146;188;248;209;205;228
894.0;147;187;247;209;204;230
900.0;145;189;247;208;204;231
906.0;145;188;248;210;203;230
912.0;146;186;248;211;203;230
918.0;146;186;247;210;205;230
924.0;145;187;248;209;205;230
930.0;147;186;247;209;204;231
936.0;147;185;248;210;205;229
942.0;146;186;247;211;203;231
948.0;145;185;248;211;204;231
954.0;145;184;249;210;204;232
960.0;144;187;247;210;204;232
966.0;145;187;246;210;204;232
972.0;146;187;247;212;201;231
978.0;146;187;247;212;201;231
984.0;145;186;248;213;201;231
990.0;144;186;248;213;201;232
996.0;143;185;248;214;202;232
1002.0;143;186;247;214;202;232
1008.0;143;186;248;214;202;231
1014.0;141;188;248;214;201;232
1020.0;140;189;249;213;201;232
1026.0;141;188;249;213;201;232
1032.0;141;188;249;213;201;232
1038.0;140;188;250;214;200;232
1044.0;140;190;249;212;200;233
1050.0;138;189;251;212;201;233
1056.0;137;189;250;213;201;234
1062.0;135;190;250;215;201;233
1068.0;135;189;251;215;201;233
1074.0;134;190;251;215;201;233
1080.0;134;188;251;215;201;235
1086.0;132;188;251;215;201;237
1092.0;133;188;251;214;201;237
1098.0;133;189;251;214;202;235
1104.0;132;189;253;214;202;234
1110.0;131;189;253;214;203;234
1116.0;131;190;252;214;202;235
1122.0;132;191;250;215;202;234
1128.0;131;190;250;216;203;234
1134.0;131;190;250;216;203;234
1140.0;130;190;250;217;202;235
1146.0;131;190;250;218;201;234
1152.0;131;190;250;218;201;234
1158.0;132;190;250;217;201;234
1164.0;131;190;250;217;200;236
1170.0;131;191;249;217;199;237
1176.0;131;190;251;216;199;237
1182.0;131;190;251;215;200;237
1188.0;132;190;251;215;200;236
1194.0;133;192;250;212;201;236
1200.0;132;193;251;212;202;234
1206.0;132;192;251;213;201;235
1212.0;133;191;252;214;201;233
1218.0;134;191;252;214;202;231
1224.0;131;192;252;214;203;232
1230.0;132;191;252;214;203;232
1236.0;132;192;251;214;203;232
1242.0;132;192;252;213;202;233
1248.0;131;193;251;213;203;233
1254.0;133;195;249;212;202;233
1260.0;132;195;250;212;202;233
1266.0;132;194;248;214;203;233
1272.0;133;194;249;214;203;231
1278.0;133;194;248;213;204;232
1284.0;135;194;247;213;203;232
1290.0;135;193;248;214;202;232
1296.0;136;192;247;216;201;232
1302.0;135;195;248;213;202;231
1308.0;135;195;246;215;202;231
1314.0;135;195;246;215;202;231
1320.0;134;195;247;214;203;231
1326.0;134;194;248;213;203;232
1332.0;135;195;247;212;203;232
1338.0;135;195;247;212;204;231
1344.0;136;193;247;213;204;231
1350.0;135;193;247;214;204;231
1356.0;134;192;248;213;205;232
1362.0;134;193;249;212;205;231
1368.0;134;193;249;212;205;231
1374.0;134;192;249;212;206;231
1380.0;134;193;249;212;207;229
1386.0;135;192;249;213;207;228
1392.0;134;193;248;212;208;229
1398.0;134;194;248;211;208;229
1404.0;135;192;248;213;207;229
1410.0;135;191;247;215;207;229
1416.0;134;190;247;215;207;231
1422.0;133;190;247;215;207;232
1428.0;131;189;248;215;208;233
1434.0;131;190;248;216;208;231
1440.0;129;190;248;218;207;232
1446.0;130;190;247;218;208;231
1452.0;130;189;247;218;208;232
1458.0;129;190;247;218;208;232
1464.0;129;189;247;219;208;232
1470.0;129;188;247;220;209;231
1476.0;131;185;246;222;210;230
1482.0;131;185;246;222;210;230
1488.0;132;185;244;222;211;230
1494.0;134;182;246;220;212;230
1500.0;134;181;246;220;213;230
1506.0;133;181;247;220;213;230
1512.0;134;180;247;218;214;231
1518.0;134;179;247;218;215;231
1524.0;133;179;248;219;216;229
1530.0;133;179;247;219;215;231
1536.0;132;179;249;218;215;231
1542.0;132;179;248;218;215;232
1548.0;134;178;247;219;215;231
1554.0;134;178;248;220;215;229
1560.0;133;178;248;220;215;230
1566.0;132;176;252;221;215;228
1572.0;133;174;252;224;214;227
1578.0;135;173;253;222;214;227
1584.0;134;172;253;222;216;227
1590.0;135;173;253;220;215;228
1596.0;137;174;254;218;215;226
1602.0;137;175;254;218;214;226
1608.0;137;175;253;219;214;226
1614.0;136;175;256;219;213;225
1620.0;136;175;256;218;213;226
1626.0;136;175;256;217;214;226
1632.0;136;174;256;218;212;228
1638.0;135;174;256;218;212;229
1644.0;134;174;255;218;214;229
1650.0;136;173;254;217;216;228
1656.0;135;172;254;217;215;231
1662.0;135;173;254;217;214;231
1668.0;133;175;254;215;214;233
1674.0;132;175;252;216;214;235
1680.0;132;176;252;216;215;233
1686.0;132;176;252;218;214;232
1692.0;132;176;252;218;214;232
1698.0;132;178;252;218;214;230
1704.0;132;178;252;218;214;230
1710.0;131;179;252;219;213;230
1716.0;131;179;251;220;213;230
1722.0;131;180;248;220;213;232
1728.0;130;183;244;221;216;230
1734.0;129;183;244;221;217;230
1740.0;131;183;242;220;218;230
1746.0;132;182;241;221;218;230
1752.0;131;182;239;221;220;231
1758.0;132;182;239;220;221;230
1764.0;132;181;238;220;222;231
1770.0;132;181;238;220;222;231
1776.0;133;181;238;220;222;230
1782.0;133;182;239;219;222;229
1788.0;133;182;239;219;222;229
1794.0;132;181;239;218;225;229
1800.0;132;180;239;219;225;229
1806.0;130;180;239;220;224;231
1812.0;131;179;240;220;224;230
1818.0;131;181;242;221;222;227
1824.0;131;180;244;221;222;226
1830.0;131;180;244;221;222;226
1836.0;131;180;244;221;222;226
1842.0;130;181;244;219;224;226
1848.0;129;181;244;219;224;227
1854.0;129;179;245;219;225;227
1860.0;128;181;244;219;224;228
1866.0;130;180;245;220;224;225
1872.0;130;179;246;219;223;227
1878.0;130;178;246;220;223;227
1884.0;129;179;247;220;224;225
1890.0;130;179;247;220;223;225
1896.0;129;180;247;220;222;226
1902.0;131;180;247;219;221;226
1908.0;130;180;247;219;222;226
1914.0;129;182;247;217;224;225
1920.0;129;182;249;217;223;224
1926.0;129;181;249;217;223;225
1932.0;129;184;248;216;223;224
1938.0;131;183;247;215;224;224
1944.0;131;181;248;215;225;224
1950.0;131;182;247;215;225;224
1956.0;129;182;249;216;224;224
1962.0;129;182;249;215;224;225
1968.0;129;182;249;215;224;225
1974.0;129;182;247;216;225;225
1980.0;129;182;247;216;225;225
1986.0;129;183;247;217;224;224
1992.0;130;181;249;217;222;225
1998.0;130;179;249;220;220;226
2004.0;130;179;250;220;220;225
2010.0;130;178;250;218;220;228
2016.0;129;177;250;217;223;228
2022.0;129;174;252;216;224;229
2028.0;128;174;251;217;225;229
2034.0;128;174;253;218;224;227
2040.0;129;174;254;217;224;226
2046.0;130;174;254;218;223;225
2052.0;130;174;254;218;223;225
2058.0;130;174;255;217;222;226
2064.0;129;173;255;216;224;227
2070.0;128;173;255;215;226;227
2076.0;130;173;256;216;226;223
2082.0;130;174;256;216;226;222
2088.0;132;173;256;215;226;222
2094.0;131;173;257;215;226;222
2100.0;129;173;257;216;227;222
2106.0;128;174;258;214;229;221
2112.0;129;175;257;214;228;221
2118.0;129;176;256;214;228;221
2124.0;128;176;256;215;228;221
2130.0;129;175;256;215;227;222
2136.0;130;174;256;214;228;222
2142.0;128;175;256;214;227;224
2148.0;128;175;256;214;228;223
2154.0;130;176;257;213;227;221
2160.0;129;176;257;213;227;222
2166.0;129;176;256;214;227;222
2172.0;129;175;258;215;226;221
2178.0;129;175;259;214;226;221
2184.0;129;175;260;214;225;221
2190.0;130;175;259;213;225;222
2196.0;130;175;259;213;225;222
2202.0;129;175;260;212;224;224
2208.0;129;175;260;212;224;224
2214.0;129;175;260;212;225;223
2220.0;129;174;259;212;226;224
2226.0;128;174;258;214;226;224
2232.0;127;172;261;214;226;224
2238.0;127;172;262;214;226;223
2244.0;127;174;263;212;225;223
2250.0;128;173;264;211;225;223
2256.0;128;173;265;212;224;222
2262.0;127;172;266;213;224;222
2268.0;126;171;266;213;225;223
2274.0;125;170;266;212;226;225
2280.0;124;170;268;212;227;223
2286.0;125;170;267;212;227;223
2292.0;125;169;267;212;227;224
2298.0;125;169;267;213;226;224
2304.0;123;170;266;215;227;223
2310.0;122;170;266;216;227;223
2316.0;122;169;265;217;228;223
2322.0;122;169;266;218;226;223
2328.0;124;169;266;216;225;224
2334.0;125;168;266;216;225;224
2340.0;125;167;266;216;225;225
2346.0;125;169;265;214;225;226
2352.0;124;171;265;211;226;227
2358.0;124;171;264;211;226;228
2364.0;125;172;263;212;224;228
2370.0;125;172;263;212;223;229
2376.0;124;171;263;212;224;230
2382.0;125;172;262;213;222;230
2388.0;124;173;262;214;223;228
2394.0;122;172;263;216;223;228
2400.0;122;172;264;216;223;227
2406.0;123;172;264;215;223;227
2412.0;124;172;265;213;222;228
2418.0;124;172;265;213;222;228
2424.0;123;173;266;213;221;228
2430.0;124;172;266;213;221;228
2436.0;126;172;266;213;220;227
2442.0;126;173;266;212;220;227
2448.0;126;172;265;213;220;228
2454.0;124;173;265;214;220;228
2460.0;125;173;264;214;219;229
2466.0;125;173;265;213;219;229
2472.0;125;173;265;212;219;230
2478.0;125;173;266;212;219;229
2484.0;126;173;266;212;219;228
2490.0;126;173;267;212;220;226
2496.0;126;173;266;213;219;227
2502.0;127;171;267;212;220;227
2508.0;128;171;267;212;219;227
2514.0;129;172;266;211;219;227
2520.0;129;172;265;211;220;227
2526.0;128;173;267;210;220;226
2532.0;127;173;267;211;220;226
2538.0;125;174;268;211;220;226
2544.0;125;172;267;212;222;226
2550.0;125;171;267;212;222;227
2556.0;125;171;267;212;222;227
2562.0;125;172;267;211;221;228
2568.0;126;172;267;212;220;227
2574.0;127;172;267;211;220;227
2580.0;126;171;269;211;220;227
2586.0;125;170;269;210;220;230
2592.0;126;171;267;210;220;230
2598.0;124;171;268;210;220;231
2604.0;122;173;268;212;221;228
2610.0;122;174;268;210;221;229
2616.0;121;174;268;209;222;230
2622.0;121;175;268;209;221;230
2628.0;122;175;268;209;221;229
2634.0;122;175;269;209;220;229
2640.0;121;177;268;209;221;228
2646.0;121;177;269;208;221;228
2652.0;120;176;270;208;223;227
2658.0;121;174;270;206;224;229
2664.0;120;174;271;205;225;229
2670.0;121;174;272;205;224;228
2676.0;121;174;272;205;224;228
2682.0;121;175;272;206;222;228
2688.0;120;175;271;206;224;228
2694.0;121;175;270;205;225;228
2700.0;122;175;270;203;225;229
2706.0;122;175;270;203;225;229
2712.0;121;175;270;202;226;230
2718.0;121;175;270;202;226;230
2724.0;120;176;271;200;227;230
2730.0;120;177;271;199;228;229
2736.0;121;178;269;197;228;231
2742.0;122;178;268;197;228;231
2748.0;121;179;268;197;228;231
2754.0;122;178;268;198;228;230
2760.0;120;178;271;198;227;230
2766.0;120;178;270;198;226;232
2772.0;119;178;270;198;227;232
2778.0;117;177;271;198;227;234
2784.0;118;176;272;198;227;233
2790.0;118;177;273;196;227;233
2796.0;116;178;274;196;228;232
2802.0;115;178;273;197;228;233
2808.0;116;178;274;197;227;232
2814.0;117;177;272;197;228;233
2820.0;119;176;272;196;229;232
2826.0;119;175;272;197;229;232
2832.0;119;175;272;198;229;231
2838.0;118;177;271;199;228;231
2844.0;119;177;271;200;227;230
2850.0;120;177;270;201;226;230
2856.0;118;177;271;201;226;231
2862.0;115;177;271;200;227;234
2868.0;116;177;271;198;227;235
2874.0;115;176;272;197;228;236
2880.0;115;177;272;197;228;235
2886.0;113;178;271;198;227;237
2892.0;114;178;271;198;227;236
2898.0;112;180;272;198;226;236
2904.0;111;181;272;198;226;236
2910.0;112;181;271;198;227;235
2916.0;112;181;270;198;227;236
2922.0;111;181;271;199;226;236
2928.0;112;181;272;197;226;236
2934.0;112;182;273;196;227;234
2940.0;112;184;272;196;226;234
2946.0;110;183;274;196;226;235
2952.0;109;183;275;196;226;235
2958.0;108;184;274;197;226;235
2964.0;108;184;275;197;225;235
2970.0;107;184;275;198;225;235
2976.0;107;184;276;197;225;235
2982.0;107;184;275;197;225;236
2988.0;108;183;275;197;226;235
2994.0;108;184;276;196;226;234
3000.0;108;184;276;196;226;234
3006.0;107;184;276;196;226;235
3012.0;107;184;276;198;224;235
3018.0;105;184;276;197;224;238
3024.0;104;183;276;198;224;239
3030.0;104;184;276;197;224;239
3036.0;105;181;278;197;225;238
3042.0;106;182;277;199;224;236
3048.0;105;182;278;199;224;236
3054.0;105;180;277;200;225;237
3060.0;105;180;277;199;225;238
3066.0;105;179;277;199;226;238
3072.0;105;179;278;200;225;237
3078.0;104;180;278;200;226;236
3084.0;104;179;280;198;228;235
3090.0;104;182;280;196;227;235
3096.0;104;182;280;195;227;236
3102.0;104;181;280;195;227;237
3108.0;104;181;281;193;228;237
3114.0;104;181;281;194;226;238
3120.0;104;181;281;191;228;239
3126.0;104;181;281;190;229;239
3132.0;103;180;281;192;228;240
3138.0;104;179;281;192;228;240
3144.0;104;179;282;192;228;239
3150.0;104;180;281;193;227;239
3156.0;106;179;283;193;224;239
3162.0;105;179;286;192;223;239
3168.0;105;179;286;192;223;239
3174.0;107;178;286;191;223;239
3180.0;106;177;287;191;223;240
3186.0;106;177;288;190;222;241
3192.0;106;176;289;190;222;241
3198.0;106;177;290;191;220;240
3204.0;106;178;290;189;220;241
3210.0;106;179;290;187;221;241
3216.0;108;179;289;186;221;241
3222.0;108;178;288;188;221;241
3228.0;108;178;288;188;222;240
3234.0;108;178;288;189;221;240
3240.0;106;179;288;190;220;241
3246.0;106;179;287;190;221;241
3252.0;106;179;286;190;221;242
3258.0;106;178;286;189;222;243
3264.0;107;179;285;189;222;242
3270.0;109;180;283;188;221;243
3276.0;108;180;284;187;222;243
3282.0;109;178;284;187;223;243
3288.0;109;176;284;189;223;243
3294.0;108;177;284;189;224;242
3300.0;110;176;283;190;222;243
3306.0;111;176;282;190;222;243
3312.0;112;175;282;189;223;243
3318.0;111;175;282;189;223;244
3324.0;110;174;281;190;224;245
3330.0;109;174;280;191;224;246
3336.0;109;173;281;191;223;247
3342.0;110;173;280;191;223;247
3348.0;108;174;280;190;224;248
3354.0;108;174;280;190;225;247
3360.0;108;174;280;191;224;247
3366.0;106;175;279;192;225;247
3372.0;106;176;278;192;224;248
3378.0;107;176;278;192;223;248
3384.0;106;177;277;191;223;250
3390.0;108;177;277;191;223;248
3396.0;108;178;276;192;223;247
3402.0;108;177;276;193;223;247
3408.0;107;177;276;194;222;248
3414.0;107;178;276;194;221;248
3420.0;107;178;277;193;221;248
3426.0;106;178;274;193;223;250
3432.0;107;178;274;192;224;249
3438.0;106;179;274;192;224;249
3444.0;106;179;273;192;223;251
3450.0;104;179;273;193;224;251
3456.0;104;179;273;193;225;250
3462.0;103;180;274;192;225;250
3468.0;103;179;273;192;226;251
3474.0;102;180;274;191;226;251
3480.0;102;179;275;190;226;252
3486.0;100;180;275;189;226;254
3492.0;98;180;277;189;226;254
3498.0;98;181;277;189;226;253
3504.0;98;181;278;190;226;251
3510.0;95;180;280;190;228;251
3516.0;95;180;280;190;228;251
3522.0;97;178;281;189;228;251
3528.0;96;180;280;189;228;251
3534.0;95;180;281;189;228;251
3540.0;95;180;283;189;227;250
3546.0;94;181;284;188;228;249
3552.0;95;180;283;189;229;248
3558.0;95;180;282;189;230;248
3564.0;95;181;281;189;229;249
3570.0;95;181;282;189;230;247
3576.0;95;179;282;190;231;247
3582.0;95;180;282;189;231;247
3588.0;95;180;281;189;233;246
3594.0;95;180;283;188;231;247
3600.0;95;180;281;189;232;247
3606.0;96;180;280;189;231;248
3612.0;96;179;279;190;232;248
3618.0;94;178;280;191;234;247
3624.0;94;176;280;193;234;247
3630.0;94;176;280;192;234;248
3636.0;92;176;280;193;235;248
3642.0;92;177;281;192;234;248
3648.0;93;176;282;191;234;248
3654.0;93;176;282;191;233;249
3660.0;94;177;282;191;231;249
3666.0;95;177;283;191;229;249
3672.0;95;177;283;191;229;249
3678.0;95;178;280;193;230;248
3684.0;96;178;278;193;230;249
3690.0;98;178;278;192;229;249
3696.0;98;177;279;192;229;249
3702.0;96;177;280;194;229;248
3708.0;98;176;278;195;228;249
3714.0;98;176;279;195;227;249
3720.0;99;176;278;195;227;249
3726.0;99;175;277;197;226;250
3732.0;100;176;279;196;222;251
3738.0;102;175;277;196;223;251
3744.0;102;175;278;196;224;249
3750.0;103;175;277;196;224;249
3756.0;103;175;278;196;224;248
3762.0;103;175;278;196;223;249
3768.0;104;175;278;196;223;248
3774.0;105;176;277;197;223;246
3780.0;104;176;277;199;222;246
3786.0;103;178;277;199;222;245
3792.0;104;178;277;199;222;244
3798.0;105;178;280;196;222;243
3804.0;106;177;279;196;223;243
3810.0;107;177;279;197;222;242
3816.0;107;177;278;198;223;241
3822.0;106;178;276;197;223;244
3828.0;106;180;274;196;223;245
3834.0;103;179;273;198;225;246
3840.0;102;179;274;199;223;247
3846.0;104;177;274;199;222;248
3852.0;104;176;275;199;222;248
3858.0;104;176;275;200;222;247
3864.0;105;174;274;201;222;248
3870.0;105;174;274;201;222;248
3876.0;106;173;274;200;221;250
3882.0;107;173;276;199;220;249
3888.0;107;172;277;200;219;249
3894.0;107;172;274;200;219;252
3900.0;107;172;273;199;220;253
3906.0;107;173;272;201;220;251
3912.0;108;173;272;199;219;253
3918.0;108;173;272;200;219;252
3924.0;106;175;272;200;220;251
3930.0;106;176;274;200;219;249
3936.0;105;176;273;201;219;250
3942.0;106;177;272;201;218;250
3948.0;105;177;272;201;217;252
3954.0;104;177;271;201;219;252
3960.0;104;176;271;202;220;251
3966.0;104;176;269;201;223;251
3972.0;105;176;269;202;222;250
3978.0;106;175;269;204;220;250
3984.0;107;176;269;203;219;250
3990.0;107;176;269;204;219;249
3996.0;107;176;269;206;218;248
4002.0;106;176;269;207;218;248
4008.0;106;176;268;207;219;248
4014.0;106;177;268;207;218;248
4020.0;105;178;267;208;217;249
4026.0;105;178;267;208;217;249
4032.0;105;178;268;208;216;249
4038.0;105;179;267;208;215;250
4044.0;104;178;267;207;218;250
4050.0;102;177;267;208;219;251
4056.0;104;177;267;207;219;250
4062.0;105;177;266;207;218;251
4068.0;105;177;266;207;218;251
4074.0;107;176;265;205;218;253
4080.0;108;174;264;208;216;254
4086.0;108;174;264;207;216;255
4092.0;109;174;263;207;216;255
4098.0;108;175;264;205;216;256
4104.0;107;176;263;205;216;257
4110.0;107;177;264;204;216;256
4116.0;107;176;264;204;217;256
4122.0;106;175;263;204;218;258
4128.0;106;174;264;205;218;257
4134.0;107;173;265;204;219;256
4140.0;108;173;265;204;219;255
4146.0;109;172;265;204;218;256
4152.0;109;171;267;205;217;255
4158.0;109;170;268;206;217;254
4164.0;109;170;268;206;217;254
4170.0;108;171;268;205;217;255
4176.0;107;173;267;205;217;255
4182.0;107;173;267;205;217;255
4188.0;106;174;266;205;218;255
4194.0;108;174;266;202;219;255
4200.0;107;173;267;202;221;254
4206.0;107;173;267;202;222;253
4212.0;107;173;267;200;222;255
4218.0;109;175;262;199;224;255
4224.0;110;174;261;201;223;255
4230.0;111;172;261;202;224;254
4236.0;111;174;261;202;222;254
4242.0;113;173;258;202;223;255
4248.0;113;173;258;202;223;255
4254.0;112;174;258;201;224;255
4260.0;114;175;257;198;225;255
4266.0;114;177;257;199;225;252
4272.0;114;177;258;199;223;253
4278.0;116;177;258;198;222;253
4284.0;114;177;259;199;222;253
4290.0;113;178;258;199;222;254
4296.0;113;179;256;200;223;253
4302.0;113;179;255;200;223;254
4308.0;113;180;255;200;222;254
4314.0;112;179;256;200;222;255
4320.0;112;179;255;200;223;255
4326.0;112;180;254;200;222;256
4332.0;112;178;254;200;223;257
4338.0;112;179;254;199;223;257
4344.0;113;178;254;200;222;257
4350.0;111;179;254;201;222;257
4356.0;111;179;254;201;222;257
4362.0;113;179;253;201;221;257
4368.0;112;177;253;201;224;257
4374.0;111;179;252;201;224;257
4380.0;111;179;253;201;223;257
4386.0;111;177;254;202;224;256
4392.0;111;176;253;202;224;258
4398.0;111;176;254;202;223;258
4404.0;111;176;253;203;223;258
4410.0;111;176;253;202;222;260
4416.0;112;175;255;201;222;259
4422.0;110;175;257;201;222;259
4428.0;110;175;257;200;223;259
4434.0;111;175;258;198;223;259
4440.0;111;176;257;197;223;260
4446.0;111;175;256;198;224;260
4452.0;111;175;256;198;225;259
4458.0;112;174;254;199;225;260
4464.0;112;173;256;198;225;260
4470.0;113;175;256;196;225;259
4476.0;114;174;256;195;225;260
4482.0;114;175;256;194;225;260
4488.0;114;175;257;193;225;260
4494.0;113;174;259;194;224;260
4500.0;113;174;260;196;223;258
4506.0;113;175;259;196;223;258
4512.0;113;175;258;196;222;260
4518.0;111;175;259;196;223;260
4524.0;112;175;261;196;221;259
4530.0;113;175;260;197;221;258
4536.0;114;174;261;195;222;258
4542.0;114;175;260;196;222;257
4548.0;113;176;259;196;222;258
4554.0;113;174;258;196;221;262
4560.0;112;175;258;195;219;265
4566.0;113;176;256;196;219;264
4572.0;113;177;256;195;219;264
4578.0;112;177;257;195;218;265
4584.0;111;178;257;195;218;265
4590.0;111;177;256;196;218;266
4596.0;112;178;256;194;219;265
4602.0;111;179;256;195;219;264
4608.0;110;179;257;194;219;265
4614.0;112;179;255;194;220;264
4620.0;112;179;255;194;220;264
4626.0;112;179;254;194;221;264
4632.0;113;180;255;190;221;265
4638.0;114;179;256;188;221;266
4644.0;114;179;255;190;221;265
4650.0;115;178;256;190;221;264
4656.0;114;179;257;189;221;264
4662.0;114;179;256;189;222;264
4668.0;115;180;256;189;221;263
4674.0;115;180;256;189;221;263
4680.0;113;179;257;191;222;262
4686.0;113;181;256;191;222;261
4692.0;113;182;256;190;221;262
4698.0;113;183;255;190;221;262
4704.0;112;183;254;190;222;263
4710.0;113;183;253;191;221;263
4716.0;112;183;252;191;223;263
4722.0;112;183;252;191;223;263
4728.0;112;181;252;191;222;266
4734.0;114;182;251;189;222;266
4740.0;113;182;250;191;223;265
4746.0;114;182;250;191;222;265
4752.0;114;182;249;191;224;264
4758.0;116;181;248;192;225;262
4764.0;116;182;246;192;225;263
4770.0;116;181;246;192;227;262
4776.0;116;179;248;192;226;263
4782.0;116;179;250;191;225;263
4788.0;116;180;249;191;225;263
4794.0;116;178;248;192;226;264
4800.0;116;176;249;191;227;265
4806.0;116;175;249;193;225;266
4812.0;115;175;249;195;225;265
4818.0;115;176;251;194;224;264
4824.0;116;176;250;194;224;264
4830.0;117;177;247;195;224;264
4836.0;116;177;248;196;223;264
4842.0;116;177;248;196;225;262
4848.0;116;178;249;196;225;260
4854.0;117;177;249;196;225;260
4860.0;117;177;250;196;224;260
4866.0;116;177;250;197;224;260
4872.0;115;179;251;196;223;260
4878.0;117;179;251;196;222;259
4884.0;116;179;253;194;223;259
4890.0;116;178;254;194;224;258
4896.0;117;177;255;194;224;257
4902.0;116;179;255;194;223;257
4908.0;116;179;254;194;224;257
4914.0;116;178;255;194;224;257
4920.0;116;178;258;194;224;254
4926.0;116;177;259;194;223;255
4932.0;115;177;260;194;224;254
4938.0;114;180;259;193;224;254
4944.0;114;180;259;193;224;254
4950.0;114;180;259;194;223;254
4956.0;113;180;259;195;223;254
4962.0;113;179;259;196;223;254
4968.0;113;177;260;196;223;255
4974.0;113;177;260;197;222;255
4980.0;112;179;260;196;221;256
4986.0;113;178;260;196;222;255
4992.0;115;179;259;194;221;256
4998.0;115;179;258;194;221;257
5004.0;115;178;258;195;220;258
5010.0;114;178;258;193;224;257
5016.0;114;178;258;193;224;257
5022.0;114;178;257;194;224;257
5028.0;114;178;256;193;225;258
5034.0;114;178;257;193;224;258
5040.0;112;179;255;195;224;259
5046.0;112;179;256;195;224;258
5052.0;111;179;256;195;225;258
5058.0;112;178;256;195;226;257
5064.0;112;179;257;195;225;256
5070.0;112;179;257;195;225;256
5076.0;111;180;256;193;228;256
5082.0;111;181;256;192;228;256
5088.0;111;181;256;192;228;256
5094.0;114;182;252;193;229;254
5100.0;113;182;252;195;228;254
5106.0;114;182;252;195;228;253
5112.0;115;182;252;195;227;253
5118.0;116;182;251;195;227;253
5124.0;116;182;251;195;228;252
5130.0;117;183;248;195;229;252
5136.0;116;184;248;196;229;251
5142.0;115;185;250;195;227;252
5148.0;114;186;249;195;228;252
5154.0;114;186;249;195;228;252
5160.0;113;187;248;194;229;253
5166.0;113;188;247;194;229;253
5172.0;114;189;246;194;228;253
5178.0;114;188;246;193;230;253
5184.0;115;186;245;194;230;254
5190.0;115;187;245;196;227;254
5196.0;114;190;243;196;226;255
5202.0;113;189;242;197;227;256
5208.0;112;189;243;196;227;257
5214.0;112;189;243;196;227;257
5220.0;112;189;245;193;228;257
5226.0;111;189;244;194;229;257
5232.0;111;188;246;194;229;256
5238.0;111;187;246;195;229;256
5244.0;109;188;247;196;227;257
5250.0;110;189;247;195;227;256
5256.0;113;188;247;195;227;254
5262.0;114;190;245;193;227;255
5268.0;114;190;245;193;227;255
5274.0;114;190;246;193;226;255
5280.0;115;190;247;192;227;253
5286.0;117;190;247;191;227;252
5292.0;116;190;248;191;228;251
5298.0;115;191;247;192;228;251
5304.0;116;189;247;192;230;250
5310.0;116;187;249;192;230;250
5316.0;116;187;247;192;231;251
5322.0;115;187;247;193;231;251
5328.0;114;185;246;194;232;253
5334.0;115;183;246;194;232;254
5340.0;114;184;246;194;232;254
5346.0;114;183;246;195;232;254
5352.0;112;185;245;194;232;256
5358.0;112;185;246;192;234;255
5364.0;113;184;246;192;234;255
5370.0;114;184;246;191;234;255
5376.0;114;184;247;191;234;254
5382.0;115;184;248;191;232;254
5388.0;114;185;247;192;232;254
5394.0;115;184;247;192;233;253
5400.0;115;185;247;192;233;252
5406.0;113;185;248;192;233;253
5412.0;113;186;248;193;233;251
5418.0;113;187;249;194;232;249
5424.0;114;187;249;194;232;248
5430.0;115;185;249;193;235;247
5436.0;114;185;250;192;235;248
5442.0;113;185;250;192;237;247
5448.0;114;186;249;193;237;245
5454.0;113;186;250;193;237;245
5460.0;114;187;251;193;234;245
5466.0;114;186;250;193;236;245
5472.0;114;185;250;194;236;245
5478.0;113;187;249;196;235;244
5484.0;113;187;247;196;236;245
5490.0;111;186;248;197;235;247
5496.0;111;185;247;197;236;248
5502.0;111;187;247;196;235;248
5508.0;112;187;247;195;236;247
5514.0;114;189;247;192;235;247
5520.0;114;188;247;193;237;245
5526.0;116;187;247;193;236;245
5532.0;115;189;248;193;235;244
5538.0;117;188;247;192;236;244
5544.0;117;189;247;191;236;244
5550.0;117;189;247;191;235;245
5556.0;117;188;247;191;236;245
5562.0;117;189;247;191;236;244
5568.0;118;185;246;192;238;245
5574.0;118;184;245;192;239;246
5580.0;120;183;245;192;239;245
5586.0;121;183;244;191;239;246
5592.0;121;181;244;192;240;246
5598.0;119;181;244;192;239;249
5604.0;119;181;244;192;238;250
5610.0;118;181;244;192;238;251
5616.0;118;180;245;192;238;251
5622.0;119;180;245;191;239;250
5628.0;119;180;245;192;239;249
5634.0;121;179;243;191;239;251
5640.0;122;178;242;192;239;251
5646.0;121;178;242;192;240;251
5652.0;120;178;242;193;241;250
5658.0;120;177;243;194;241;249
5664.0;121;175;245;191;242;250
5670.0;120;177;243;193;240;251
5676.0;121;177;243;192;241;250
5682.0;120;177;242;193;241;251
5688.0;120;177;242;193;241;251
5694.0;120;178;242;193;241;250
5700.0;122;178;242;192;241;249
5706.0;122;178;241;192;241;250
5712.0;121;179;241;191;242;250
5718.0;121;179;240;192;242;250
5724.0;120;179;240;192;243;250
5730.0;119;179;242;192;242;250
5736.0;118;179;242;194;241;250
5742.0;118;179;242;194;241;250
5748.0;115;180;242;194;242;251
5754.0;114;179;241;194;243;253
5760.0;113;182;241;195;242;251
5766.0;113;182;241;195;242;251
5772.0;111;184;239;195;245;250
5778.0;111;184;240;195;243;251
5784.0;112;184;240;195;242;251
5790.0;113;184;240;194;241;252
5796.0;114;184;240;193;240;253
5802.0;115;184;239;194;240;252
5808.0;115;185;240;192;239;253
5814.0;115;185;239;191;239;255
5820.0;113;182;240;191;241;257
5826.0;113;182;239;192;241;257
5832.0;114;181;238;190;243;258
5838.0;115;179;238;189;244;259
5844.0;117;179;236;189;244;259
5850.0;117;179;236;190;242;260
5856.0;117;179;237;190;240;261
5862.0;117;180;235;191;240;261
5868.0;116;181;235;193;240;259
5874.0;116;180;236;193;240;259
5880.0;116;181;236;193;239;259
5886.0;117;181;236;192;241;257
5892.0;116;182;236;192;241;257
5898.0;117;181;237;192;240;257
5904.0;117;183;236;191;239;258
5910.0;117;183;236;190;240;258
5916.0;118;182;235;191;239;259
5922.0;115;184;237;190;241;257
5928.0;115;185;238;188;241;257
5934.0;115;184;238;186;243;258
5940.0;115;184;238;185;244;258
5946.0;117;184;237;185;242;259
5952.0;117;185;237;185;241;259
5958.0;116;185;237;185;241;260
5964.0;117;186;237;183;241;260
5970.0;116;187;237;184;240;260
5976.0;116;186;238;184;240;260
5982.0;116;185;238;183;240;262
5988.0;115;185;238;184;240;262
5994.0;116;185;237;185;239;262
6000.0;115;185;237;183;241;263
6006.0;116;185;236;183;241;263
6012.0;116;184;235;184;242;263
6018.0;114;186;234;184;242;264
6024.0;114;187;233;183;242;265
6030.0;116;188;232;184;242;262
6036.0;118;189;231;184;241;261
6042.0;118;190;232;184;241;259
6048.0;118;190;232;184;241;259
6054.0;120;190;232;184;241;257
6060.0;119;192;231;186;240;256
6066.0;118;193;230;186;241;256
6072.0;118;193;231;185;241;256
6078.0;116;194;231;185;243;255
6084.0;117;194;231;184;243;255
6090.0;117;194;231;185;243;254
6096.0;116;194;232;185;243;254
6102.0;119;193;232;185;242;253
6108.0;119;192;233;184;243;253
6114.0;118;192;233;184;243;254
6120.0;118;193;233;183;242;255
6126.0;119;191;232;183;244;255
6132.0;119;191;232;183;244;255
6138.0;119;191;230;184;244;256
6144.0;119;189;230;185;243;258
6150.0;118;188;230;186;243;259
6156.0;116;188;231;186;242;261
6162.0;116;188;230;187;241;262
6168.0;115;188;230;188;240;263
6174.0;116;187;230;186;242;263
6180.0;116;187;231;185;242;263
6186.0;117;186;231;185;243;262
6192.0;118;186;234;182;242;262
6198.0;117;185;235;181;242;264
6204.0;117;184;238;180;242;263
6210.0;114;186;237;178;246;263
6216.0;115;185;235;179;247;263
6222.0;115;185;236;178;247;263
6228.0;116;184;234;178;250;262
6234.0;116;183;234;176;253;262
6240.0;116;183;235;175;253;262
6246.0;117;182;236;175;252;262
6252.0;116;182;239;174;251;262
6258.0;116;183;239;173;251;262
6264.0;116;183;238;172;252;263
6270.0;116;183;239;172;252;262
6276.0;115;184;239;172;252;262
6282.0;115;184;239;171;255;260
6288.0;116;183;240;169;255;261
6294.0;115;184;240;170;255;260
6300.0;115;183;240;171;254;261
6306.0;115;183;240;171;254;261
6312.0;116;183;239;171;254;261
6318.0;117;183;239;170;255;260
6324.0;116;183;239;171;255;260
6330.0;117;181;239;171;255;261
6336.0;116;180;241;170;256;261
6342.0;117;179;242;169;255;262
6348.0;117;179;242;170;255;261
6354.0;117;179;241;170;255;262
6360.0;117;178;240;170;255;264
6366.0;116;179;238;171;256;264
6372.0;117;178;239;171;254;265
6378.0;116;178;239;172;255;264
6384.0;116;180;238;171;255;264
6390.0;115;181;239;170;255;264
6396.0;115;181;241;169;254;264
6402.0;115;182;241;169;255;262
6408.0;116;181;241;170;254;262
6414.0;115;182;241;171;254;261
6420.0;115;181;241;171;254;262
6426.0;115;181;241;170;255;262
6432.0;113;182;241;172;255;261
6438.0;112;183;241;172;254;262
6444.0;112;183;241;172;254;262
6450.0;112;180;241;172;254;265
6456.0;112;180;240;171;254;267
6462.0;112;180;241;169;255;267
6468.0;112;179;241;169;255;268
6474.0;113;179;240;169;255;268
6480.0;113;179;239;169;255;269
6486.0;113;179;239;170;256;267
6492.0;112;180;239;170;256;267
6498.0;112;179;241;170;256;266
6504.0;109;180;240;170;256;269
6510.0;108;180;240;170;257;269
6516.0;107;180;240;170;258;269
6522.0;107;182;240;169;257;269
6528.0;107;184;242;168;254;269
6534.0;107;184;242;168;254;269
6540.0;106;185;242;168;255;268
6546.0;106;186;243;166;254;269
6552.0;106;186;244;166;254;268
6558.0;107;187;242;165;255;268
6564.0;105;188;243;164;255;269
6570.0;106;187;244;164;256;267
6576.0;106;187;243;165;255;268
6582.0;106;188;242;165;255;268
6588.0;105;188;239;166;257;269
6594.0;107;189;238;164;258;268
6600.0;108;188;239;163;258;268
6606.0;108;188;239;163;258;268
6612.0;109;190;240;164;255;266
6618.0;108;190;240;163;256;267
6624.0;108;190;240;163;256;267
6630.0;108;188;240;163;258;267
6636.0;108;190;240;163;258;265
6642.0;108;191;240;163;257;265
6648.0;107;190;240;162;259;266
6654.0;106;192;239;161;259;267
6660.0;107;191;238;160;260;268
6666.0;107;191;238;159;260;269
6672.0;106;192;237;158;262;269
6678.0;106;191;238;158;263;268
6684.0;106;192;239;158;262;267
6690.0;104;192;240;159;262;267
6696.0;104;192;240;159;262;267
6702.0;102;195;239;160;262;266
6708.0;103;195;239;158;263;266
6714.0;103;195;239;158;263;266
6720.0;102;194;239;158;265;266
6726.0;102;191;238;158;266;269
6732.0;101;191;235;158;267;272
6738.0;101;190;235;159;267;272
6744.0;101;190;235;159;266;273
6750.0;101;189;236;158;267;273
6756.0;99;190;236;158;268;273
6762.0;98;191;236;159;268;272
6768.0;97;191;237;159;268;272
6774.0;98;190;237;159;268;272
6780.0;97;190;237;159;268;273
6786.0;97;189;238;159;268;273
6792.0;97;189;237;160;268;273
6798.0;97;188;237;159;269;274
6804.0;97;188;237;158;269;275
6810.0;95;188;239;158;269;275
6816.0;94;186;239;159;269;277
6822.0;94;185;239;160;269;277
6828.0;95;186;239;161;268;275
6834.0;95;186;239;160;269;275
6840.0;95;185;238;162;269;275
6846.0;95;184;238;162;270;275
6852.0;95;184;239;161;270;275
6858.0;96;186;238;160;268;276
6864.0;95;187;238;160;268;276
6870.0;93;188;239;161;268;275
6876.0;93;187;238;161;267;278
6882.0;92;188;240;160;267;277
6888.0;92;188;239;161;267;277
6894.0;92;188;240;162;266;276
6900.0;92;188;241;162;266;275
6906.0;90;190;241;163;266;274
6912.0;90;191;241;162;266;274
6918.0;91;189;242;163;266;273
6924.0;90;190;242;164;264;274
6930.0;90;189;242;165;263;275
6936.0;91;189;241;165;264;274
6942.0;92;190;240;164;264;274
6948.0;92;191;240;163;264;274
6954.0;92;192;243;163;260;274
6960.0;92;192;243;162;260;275
6966.0;92;193;242;163;259;275
6972.0;92;192;243;163;258;276
6978.0;92;192;243;163;258;276
6984.0;92;192;242;164;257;277
6990.0;92;192;242;163;257;278
6996.0;92;193;242;162;257;278
7002.0;92;193;243;162;257;277
7008.0;93;194;244;161;257;275
7014.0;93;195;241;161;258;276
7020.0;94;195;241;161;257;276
7026.0;96;194;238;163;257;276
7032.0;97;193;239;164;256;275
7038.0;99;193;238;163;255;276
7044.0;97;194;238;162;257;276
7050.0;97;195;237;163;257;275
7056.0;96;196;238;163;257;274
7062.0;96;196;238;162;258;274
7068.0;97;197;236;163;257;274
7074.0;97;196;237;164;258;272
7080.0;97;195;236;165;259;272
7086.0;96;194;236;165;262;271
7092.0;95;193;236;166;262;272
7098.0;94;193;236;166;262;273
7104.0;94;193;237;166;262;272
7110.0;94;193;236;167;262;272
7116.0;92;193;237;167;262;273
7122.0;91;193;237;168;262;273
7128.0;91;193;237;168;263;272
7134.0;91;193;238;168;262;272
7140.0;92;193;238;168;260;273
7146.0;94;192;241;167;256;274
7152.0;94;192;240;167;258;273
7158.0;94;190;240;167;259;274
7164.0;93;191;240;167;259;274
7170.0;94;191;241;166;258;274
7176.0;95;191;241;166;258;273
7182.0;94;190;241;166;259;274
7188.0;95;187;241;167;258;276
7194.0;95;187;241;167;258;276
7200.0;95;187;240;167;259;276
7206.0;95;186;240;167;259;277
7212.0;95;188;239;168;259;275
7218.0;96;188;239;168;258;275
7224.0;97;187;239;167;257;277
7230.0;99;186;239;167;256;277
7236.0;99;185;239;166;258;277
7242.0;100;186;237;165;258;278
7248.0;99;186;237;165;258;279
7254.0;99;186;238;165;258;278
7260.0;100;185;238;165;258;278
7266.0;100;186;238;165;257;278
7272.0;99;186;236;167;258;278
7278.0;99;185;236;169;258;277
7284.0;98;186;235;170;258;277
7290.0;98;187;235;168;258;278
7296.0;99;185;234;168;259;279
7302.0;100;185;234;166;259;280
7308.0;99;186;235;167;258;279
7314.0;99;185;234;167;258;281
7320.0;99;185;233;167;259;281
7326.0;99;185;235;167;258;280
7332.0;98;187;234;169;256;280
7338.0;98;187;234;169;256;280
7344.0;98;188;234;169;254;281
7350.0;98;189;235;170;254;278
7356.0;98;188;237;170;254;277
7362.0;98;187;237;170;254;278
7368.0;99;186;236;170;256;277
7374.0;100;185;236;171;256;276
7380.0;100;185;236;172;256;275
7386.0;100;188;236;171;256;273
7392.0;100;188;236;171;257;272
7398.0;100;186;237;171;258;272
7404.0;100;186;237;170;258;273
7410.0;101;185;236;170;259;273
7416.0;100;185;237;169;260;273
7422.0;101;186;237;169;258;273
7428.0;101;182;237;169;260;275
7434.0;100;182;238;169;261;274
7440.0;100;179;239;171;260;275
7446.0;101;178;238;171;260;276
7452.0;101;176;238;172;260;277
7458.0;100;176;238;172;261;277
7464.0;101;176;239;173;258;277
7470.0;100;176;239;174;259;276
7476.0;100;176;239;174;259;276
7482.0;100;178;239;173;258;276
7488.0;101;179;239;174;257;274
7494.0;101;179;239;174;257;274
7500.0;99;179;240;175;256;275
7506.0;99;179;240;175;256;275
7512.0;99;179;240;176;256;274
7518.0;99;179;239;177;256;274
7524.0;99;178;240;176;255;276
7530.0;99;179;239;176;256;275
7536.0;97;180;239;177;257;274
7542.0;98;180;238;177;258;273
7548.0;99;181;238;176;258;272
7554.0;99;184;237;177;257;270
7560.0;99;183;237;178;257;270
7566.0;99;184;237;176;257;271
7572.0;99;185;236;177;255;272
7578.0;99;187;235;176;255;272
7584.0;100;185;235;177;255;272
7590.0;100;185;238;175;253;273
7596.0;98;185;239;176;253;273
7602.0;98;185;240;176;252;273
7608.0;97;184;240;176;251;276
7614.0;96;186;240;177;250;275
7620.0;97;184;241;177;250;275
7626.0;97;183;242;177;250;275
7632.0;96;183;242;177;252;274
7638.0;96;184;244;177;250;273
7644.0;95;182;244;177;253;273
7650.0;96;182;245;176;254;271
7656.0;96;183;244;174;255;272
7662.0;96;182;243;173;256;274
7668.0;94;182;244;173;258;273
7674.0;94;183;243;174;258;272
7680.0;95;183;244;173;258;271
7686.0;95;183;245;173;258;270
7692.0;95;182;246;172;259;270
7698.0;96;181;246;172;260;269
7704.0;96;180;246;172;261;269
7710.0;95;178;247;173;261;270
7716.0;94;179;246;174;260;271
7722.0;95;178;247;174;260;270
7728.0;94;179;246;174;260;271
7734.0;94;180;246;173;262;269
7740.0;93;180;248;173;261;269
7746.0;94;180;248;172;261;269
7752.0;93;182;248;172;260;269
7758.0;93;182;246;174;260;269
7764.0;92;183;246;174;260;269
7770.0;92;182;248;175;259;268
7776.0;92;184;246;173;261;268
7782.0;91;184;246;171;262;270
7788.0;92;184;245;170;262;271
7794.0;92;184;246;170;261;271
7800.0;91;185;247;170;260;271
7806.0;92;187;246;169;259;271
7812.0;93;187;244;169;258;273
7818.0;94;187;244;168;258;273
7824.0;93;188;245;168;258;272
7830.0;93;187;243;169;260;272
7836.0;92;186;243;171;260;272
7842.0;91;185;244;171;260;273
7848.0;90;186;244;171;259;274
7854.0;89;187;244;171;260;273
7860.0;89;187;243;171;260;274
7866.0;90;186;243;170;261;274
7872.0;89;186;244;170;261;274
7878.0;90;186;244;168;261;275
7884.0;89;185;245;167;262;276
7890.0;89;184;245;167;262;277
7896.0;89;184;244;168;262;277
7902.0;89;185;242;171;259;278
7908.0;88;186;242;172;258;278
7914.0;88;186;242;172;258;278
7920.0;87;186;242;173;259;277
7926.0;88;185;242;174;258;277
7932.0;87;186;240;175;258;278
7938.0;88;186;240;174;256;280
7944.0;87;187;240;172;257;281
7950.0;88;187;241;172;255;281
7956.0;88;187;241;172;255;281
7962.0;88;187;242;171;255;281
7968.0;88;186;243;170;256;281
7974.0;88;187;243;170;256;280
7980.0;87;187;244;171;255;280
7986.0;87;186;245;171;256;279
7992.0;87;186;245;171;256;279
7998.0;87;186;244;171;256;280
8004.0;86;187;243;172;257;279
8010.0;87;187;242;171;259;278
8016.0;87;188;242;171;259;277
8022.0;85;189;242;171;259;278
8028.0;85;189;243;170;259;278
8034.0;84;188;243;170;260;279
8040.0;85;189;242;169;260;279
8046.0;86;191;239;170;260;278
8052.0;86;192;237;171;260;278
8058.0;86;191;238;171;260;278
8064.0;84;192;236;171;262;279
8070.0;85;194;235;170;261;279
8076.0;84;194;236;170;259;281
8082.0;83;195;237;170;258;281
8088.0;84;196;238;168;258;280
8094.0;84;195;239;167;258;281
8100.0;85;197;238;166;258;280
8106.0;86;198;237;166;258;279
8112.0;86;199;237;167;257;278
8118.0;85;199;235;168;257;280
8124.0;84;199;235;169;257;280
8130.0;83;200;235;169;257;280
8136.0;83;199;236;169;256;281
8142.0;82;200;237;168;256;281
8148.0;82;201;236;169;256;280
8154.0;83;201;235;169;257;279
8160.0;83;200;234;170;257;280
8166.0;82;201;233;170;256;282
8172.0;82;201;232;171;255;283
8178.0;81;201;232;171;255;284
8184.0;80;202;232;171;254;285
8190.0;80;203;231;170;254;286
8196.0;81;202;232;169;254;286
8202.0;81;203;230;169;255;286
8208.0;82;204;229;167;256;286
8214.0;81;203;228;170;257;285
8220.0;81;202;230;170;256;285
8226.0;81;203;230;169;255;286
8232.0;82;204;230;169;254;285
8238.0;82;206;228;168;253;287
8244.0;82;205;229;168;253;287
8250.0;83;205;228;168;254;286
8256.0;83;205;229;168;254;285
8262.0;84;206;229;168;254;283
8268.0;84;206;228;168;255;283
8274.0;84;209;228;168;253;282
8280.0;84;209;226;168;254;283
8286.0;86;208;226;168;254;282
8292.0;87;205;227;170;253;282
8298.0;87;203;228;170;254;282
8304.0;85;205;228;173;252;281
8310.0;86;204;229;173;251;281
8316.0;86;204;229;172;252;281
8322.0;86;203;231;171;252;281
8328.0;84;202;232;170;254;282
8334.0;82;203;231;173;255;280
8340.0;83;202;232;173;254;280
8346.0;83;203;232;173;254;279
8352.0;84;202;233;174;254;277
8358.0;85;202;234;173;256;274
8364.0;86;200;233;172;259;274
8370.0;87;200;234;170;259;274
8376.0;87;200;235;170;258;274
8382.0;87;200;235;170;258;274
8388.0;87;199;234;170;260;274
8394.0;87;199;235;171;260;272
8400.0;87;200;235;170;259;273
8406.0;87;200;234;170;260;273
8412.0;87;199;235;171;260;272
8418.0;88;198;235;171;261;271
8424.0;90;199;233;170;262;270
8430.0;89;198;234;172;260;271
8436.0;89;198;234;172;261;270
8442.0;91;199;232;173;260;269
8448.0;92;198;233;173;259;269
8454.0;92;198;233;173;258;270
8460.0;92;199;233;172;258;270
8466.0;92;199;233;172;258;270
8472.0;92;198;233;173;258;270
8478.0;91;197;234;173;258;271
8484.0;91;196;233;174;259;271
8490.0;91;195;234;176;258;270
8496.0;91;193;236;176;257;271
8502.0;89;193;236;178;258;270
8508.0;89;193;238;179;257;268
8514.0;89;195;238;176;257;269
8520.0;89;196;238;176;256;269
8526.0;89;196;238;177;255;269
8532.0;91;196;239;178;251;269
8538.0;92;196;239;177;251;269
8544.0;92;197;238;177;251;269
8550.0;92;198;238;176;251;269
8556.0;91;200;238;177;249;269
8562.0;93;199;237;175;249;271
8568.0;95;199;237;175;249;269
8574.0;95;199;237;175;249;269
8580.0;96;198;236;175;250;269
8586.0;97;196;237;175;251;268
8592.0;97;196;238;174;251;268
8598.0;97;195;237;176;251;268
8604.0;96;197;238;176;251;266
8610.0;96;197;238;176;251;266
8616.0;94;197;237;176;253;267
8622.0;93;196;238;176;255;266
8628.0;94;195;238;175;257;265
8634.0;95;196;237;176;257;263
8640.0;95;194;237;180;257;261
8646.0;95;193;237;181;257;261
8652.0;95;193;237;181;257;261
8658.0;94;192;236;181;259;262
8664.0;95;191;237;181;260;260
8670.0;94;192;237;180;260;261
8676.0;95;193;235;180;260;261
8682.0;95;192;234;181;260;262
8688.0;95;192;234;181;260;262
8694.0;95;191;234;182;260;262
8700.0;96;192;234;182;260;260
8706.0;96;192;234;183;260;259
8712.0;97;193;234;183;260;257
8718.0;98;193;234;184;259;256
8724.0;98;192;234;184;259;257
8730.0;98;190;234;186;259;257
8736.0;98;190;231;187;259;259
8742.0;98;190;232;188;258;258
8748.0;99;189;232;189;258;257
8754.0;98;189;232;190;258;257
8760.0;97;190;232;190;258;257
8766.0;96;190;231;190;260;257
8772.0;96;191;230;190;259;258
8778.0;96;191;232;190;258;257
8784.0;96;191;233;189;259;256
8790.0;96;191;234;189;259;255
8796.0;96;191;233;190;259;255
8802.0;96;190;234;188;259;257
8808.0;97;189;234;187;258;259
8814.0;97;189;235;187;258;258
8820.0;97;189;234;187;259;258
8826.0;97;189;234;186;260;258
8832.0;97;186;233;188;261;259
8838.0;97;186;234;188;260;259
8844.0;98;184;234;189;260;259
8850.0;98;185;234;188;259;260
8856.0;99;183;234;189;258;261
8862.0;99;182;234;190;258;261
8868.0;98;182;234;190;258;262
8874.0;99;180;234;191;259;261
8880.0;100;179;236;191;258;260
8886.0;99;178;237;191;258;261
8892.0;99;177;236;191;257;264
8898.0;100;175;238;191;256;264
8904.0;101;175;238;190;256;264
8910.0;102;177;236;191;255;263
8916.0;102;178;234;191;254;265
8922.0;102;179;234;192;254;263
8928.0;103;180;232;193;253;263
8934.0;103;181;232;192;253;263
8940.0;103;181;232;192;253;263
8946.0;103;181;233;189;254;264
8952.0;104;183;233;188;254;262
8958.0;104;185;231;189;253;262
8964.0;102;185;231;189;255;262
8970.0;102;184;231;189;256;262
8976.0;103;185;231;186;257;262
8982.0;103;185;231;186;258;261
8988.0;103;186;231;187;259;258
8994.0;104;186;231;186;259;258
9000.0;103;183;231;187;259;261
9006.0;103;182;231;189;260;259
9012.0;103;182;231;189;259;260
9018.0;103;182;230;188;261;260
9024.0;103;182;229;189;260;261
9030.0;103;181;229;191;259;261
9036.0;104;179;229;192;259;261
9042.0;104;178;230;191;259;262
9048.0;104;178;230;191;259;262
9054.0;104;178;230;191;257;264
9060.0;104;177;231;191;256;265
9066.0;104;177;231;191;256;265
9072.0;103;178;231;190;255;267
9078.0;102;178;233;191;253;267
9084.0;102;178;233;191;253;267
9090.0;100;179;232;191;254;268
9096.0;101;180;232;190;253;268
9102.0;100;180;233;191;254;266
9108.0;100;180;233;191;254;266
9114.0;99;181;233;192;254;265
9120.0;100;182;234;191;254;263
9126.0;99;181;233;192;257;262
9132.0;99;179;233;191;257;265
9138.0;99;178;233;192;257;265
9144.0;98;177;235;190;258;266
9150.0;98;178;233;191;257;267
9156.0;98;178;232;191;255;270
9162.0;99;178;231;191;255;270
9168.0;99;177;232;189;256;271
9174.0;100;176;232;189;256;271
9180.0;101;176;232;190;254;271
9186.0;101;176;232;190;254;271
9192.0;100;175;232;191;256;270
9198.0;100;177;230;191;256;270
9204.0;99;177;229;190;256;273
9210.0;100;177;229;190;256;272
9216.0;100;177;229;190;256;272
9222.0;101;176;229;190;256;272
9228.0;101;176;230;190;255;272
9234.0;102;176;230;191;255;270
9240.0;103;175;230;192;255;269
9246.0;100;175;229;193;256;271
9252.0;101;174;228;193;256;272
9258.0;101;175;228;193;256;271
9264.0;101;174;230;192;257;270
9270.0;101;175;230;191;257;270
9276.0;101;176;229;191;257;270
9282.0;100;177;229;191;257;270
9288.0;98;176;230;192;258;270
9294.0;98;176;231;192;256;271
9300.0;97;174;231;193;256;273
9306.0;97;174;230;194;257;272
9312.0;97;173;230;194;257;273
9318.0;97;173;229;195;257;273
9324.0;96;172;231;195;257;273
9330.0;99;172;231;195;256;271
9336.0;99;173;230;194;257;271
9342.0;98;174;230;193;257;272
9348.0;98;174;230;193;257;272
9354.0;99;174;231;193;257;270
9360.0;101;171;229;195;258;270
9366.0;101;171;228;195;259;270
9372.0;100;172;228;195;258;271
9378.0;100;171;228;195;260;270
9384.0;101;171;228;194;260;270
9390.0;101;171;228;195;260;269
9396.0;101;170;227;196;260;270
9402.0;102;170;227;195;260;270
9408.0;103;169;226;195;261;270
9414.0;102;170;226;194;262;270
9420.0;102;171;225;194;262;270
9426.0;102;171;225;194;261;271
9432.0;103;170;225;194;261;271
9438.0;104;169;225;194;261;271
9444.0;105;171;224;192;261;271
9450.0;103;171;225;193;261;271
9456.0;103;171;224;194;261;271
9462.0;103;171;225;193;261;271
9468.0;105;170;224;193;261;271
9474.0;105;172;223;193;261;270
9480.0;105;171;225;192;261;270
9486.0;106;172;225;192;260;269
9492.0;105;172;226;192;260;269
9498.0;103;171;227;191;260;272
9504.0;104;171;227;191;261;270
9510.0;103;172;225;192;262;270
9516.0;103;172;226;192;262;269
9522.0;104;171;225;193;263;268
9528.0;105;171;225;193;262;268
9534.0;106;170;225;193;262;268
9540.0;106;170;225;193;262;268
9546.0;104;170;226;192;263;269
9552.0;104;170;226;193;261;270
9558.0;105;169;224;194;261;271
9564.0;106;168;225;194;260;271
9570.0;104;170;225;195;259;271
9576.0;103;170;226;195;259;271
9582.0;104;171;225;192;259;273
9588.0;103;172;225;191;261;272
9594.0;103;172;225;189;262;273
9600.0;101;172;226;188;262;275
9606.0;101;172;226;188;262;275
9612.0;101;172;226;190;260;275
9618.0;102;169;226;190;262;275
9624.0;102;169;226;190;262;275
9630.0;102;171;225;190;262;274
9636.0;102;172;225;189;263;273
9642.0;101;172;225;190;263;273
9648.0;101;172;226;188;264;273
9654.0;101;172;226;189;263;273
9660.0;100;173;226;189;263;273
9666.0;100;174;225;189;262;274
9672.0;101;172;224;189;263;275
9678.0;102;173;223;189;262;275
9684.0;102;173;222;189;263;275
9690.0;103;174;221;188;263;275
9696.0;102;173;222;188;264;275
9702.0;101;173;223;189;264;274
9708.0;99;173;224;189;265;274
9714.0;101;172;224;188;265;274
9720.0;103;172;224;188;264;273
9726.0;102;173;224;190;263;272
9732.0;101;173;226;190;263;271
9738.0;102;171;227;189;264;271
9744.0;101;171;228;189;263;272
9750.0;101;170;228;189;263;273
9756.0;102;170;226;190;262;274
9762.0;102;171;225;190;263;273
9768.0;101;170;226;190;264;273
9774.0;102;171;227;188;264;272
9780.0;102;172;226;188;265;271
9786.0;101;171;227;190;265;270
9792.0;101;171;227;191;265;269
9798.0;101;171;226;191;266;269
9804.0;101;172;226;190;265;270
9810.0;101;172;227;189;266;269
9816.0;101;173;227;188;266;269
9822.0;101;171;227;188;267;270
9828.0;101;171;227;189;266;270
9834.0;101;172;226;190;263;272
9840.0;101;174;226;189;262;272
9846.0;102;173;226;188;263;272
9852.0;103;174;227;186;262;272
9858.0;104;173;227;186;261;273
9864.0;104;172;228;186;260;274
9870.0;103;172;229;186;260;274
9876.0;103;173;229;187;260;272
9882.0;102;172;229;188;260;273
9888.0;100;170;231;188;262;273
9894.0;100;170;232;188;261;273
9900.0;98;171;232;187;262;274
9906.0;98;172;232;187;261;274
9912.0;100;172;234;185;259;274
9918.0;100;172;233;186;259;274
9924.0;100;172;234;186;258;274
9930.0;100;171;234;187;258;274
9936.0;102;171;234;187;258;272
9942.0;101;170;235;188;258;272
9948.0;100;170;236;188;258;272
9954.0;101;170;236;188;258;271
9960.0;101;171;235;188;258;271
9966.0;100;171;235;188;258;272
9972.0;99;171;237;187;257;273
9978.0;98;171;237;190;256;272
9984.0;97;172;237;190;256;272
9990.0;96;172;237;190;256;273
9996.0;96;173;237;190;255;273
10002.0;97;173;236;190;255;273
10008.0;98;173;237;190;253;273
10014.0;98;171;237;191;254;273
10020.0;101;172;236;190;253;272
10026.0;102;171;237;189;253;272
10032.0;104;170;237;190;252;271
10038.0;106;170;235;191;252;270
10044.0;107;169;235;191;252;270
10050.0;108;170;234;191;250;271
10056.0;108;171;233;192;250;270
10062.0;107;171;231;192;249;274
10068.0;107;171;231;193;249;273
10074.0;107;172;231;192;249;273
10080.0;106;171;232;192;249;274
10086.0;106;171;232;192;250;273
10092.0;106;171;231;192;251;273
10098.0;106;170;231;193;251;273
10104.0;106;171;230;193;251;273
10110.0;105;169;231;193;252;274
10116.0;105;170;231;194;250;274
10122.0;104;170;231;196;249;274
10128.0;104;169;231;198;248;274
10134.0;104;168;233;199;247;273
10140.0;103;168;233;199;248;273
10146.0;102;168;235;199;248;272
10152.0;104;168;236;199;247;270
10158.0;103;167;236;200;248;270
10164.0;102;167;237;198;249;271
10170.0;101;167;236;198;250;272
10176.0;102;166;234;200;249;273
10182.0;100;166;234;200;251;273
10188.0;101;166;236;198;251;272
10194.0;101;166;236;198;251;272
10200.0;101;167;237;197;252;270
10206.0;100;167;239;196;252;270
10212.0;100;167;239;195;253;270
10218.0;101;166;241;194;252;270
10224.0;100;167;240;195;252;270
10230.0;100;167;238;195;253;271
10236.0;100;167;238;194;254;271
10242.0;101;166;238;194;254;271
10248.0;101;167;238;193;254;271
10254.0;102;168;237;193;252;272
10260.0;103;167;236;193;253;272
10266.0;104;166;236;193;253;272
10272.0;104;166;236;193;253;272
10278.0;102;166;235;195;254;272
10284.0;102;164;235;195;256;272
10290.0;102;164;236;195;256;271
10296.0;101;164;235;195;258;271
10302.0;101;164;234;198;258;269
10308.0;102;163;234;197;258;270
10314.0;101;163;234;197;259;270
10320.0;100;163;233;198;260;270
10326.0;102;163;232;197;260;270
10332.0;101;164;232;197;261;269
10338.0;102;164;231;197;260;270
10344.0;103;164;231;196;260;270
10350.0;103;164;231;197;259;270
10356.0;102;165;231;197;259;270
10362.0;103;164;231;197;259;270
10368.0;101;165;234;196;258;270
10374.0;102;164;234;194;258;272
10380.0;100;165;234;195;258;272
10386.0;101;165;234;195;258;271
10392.0;100;165;234;195;259;271
10398.0;100;165;234;195;259;271
10404.0;99;166;235;195;259;270
10410.0;99;166;235;195;259;270
10416.0;100;166;233;196;259;270
10422.0;101;166;234;194;260;269
10428.0;102;166;235;194;259;268
10434.0;101;166;236;194;259;268
10440.0;101;167;235;193;260;268
10446.0;101;167;235;192;261;268
10452.0;102;167;234;192;263;266
10458.0;103;167;234;191;261;268
10464.0;104;166;234;192;261;267
10470.0;102;166;235;191;263;267
10476.0;101;166;236;191;263;267
10482.0;101;166;237;191;264;265
10488.0;102;169;235;190;264;264
10494.0;103;168;234;189;265;265
10500.0;103;167;235;189;266;264
10506.0;103;167;236;188;266;264
10512.0;103;166;237;189;265;264
10518.0;105;165;235;190;264;265
10524.0;106;165;236;188;265;264
10530.0;106;165;236;188;265;264
10536.0;105;168;236;188;264;263
10542.0;106;166;237;188;263;264
10548.0;106;166;237;188;263;264
10554.0;105;166;236;188;264;265
10560.0;105;167;234;190;264;264
10566.0;105;166;233;192;265;263
10572.0;105;168;233;191;265;262
10578.0;105;169;233;190;265;262
10584.0;105;170;234;190;264;261
10590.0;103;169;236;190;265;261
10596.0;104;170;235;189;265;261
10602.0;105;169;236;188;266;260
10608.0;105;168;236;189;266;260
10614.0;105;168;236;189;266;260
10620.0;106;167;235;189;266;261
10626.0;104;168;234;189;268;261
10632.0;104;168;234;186;271;261
10638.0;104;167;233;187;271;262
10644.0;104;167;235;187;269;262
10650.0;103;168;233;187;271;262
10656.0;103;167;234;189;270;261
10662.0;102;167;234;189;271;261
10668.0;102;167;234;189;270;262
10674.0;103;165;234;189;270;263
10680.0;102;164;235;189;269;265
10686.0;100;161;237;189;271;266
10692.0;100;163;237;188;272;264
10698.0;101;164;237;188;272;262
10704.0;102;165;235;188;271;263
10710.0;103;165;234;187;271;264
10716.0;104;165;235;185;270;265
10722.0;105;166;233;185;269;266
10728.0;105;166;233;185;270;265
10734.0;106;169;233;183;270;263
10740.0;106;168;234;181;270;265
10746.0;106;169;234;181;269;265
10752.0;106;168;236;181;269;264
10758.0;106;168;237;181;268;264
10764.0;106;168;238;179;269;264
10770.0;106;168;238;179;269;264
10776.0;105;168;239;179;268;265
10782.0;105;168;239;179;268;265
10788.0;104;168;243;177;268;264
10794.0;104;167;244;176;269;264
