#auto generated file!
12.0;168;143;162;143;158;144
18.0;167;143;162;144;158;144
24.0;166;143;161;145;159;144
30.0;166;143;161;145;158;145
36.0;165;144;161;144;160;144
42.0;164;144;162;145;159;144
48.0;159;146;163;146;160;144
54.0;159;145;164;145;160;145
60.0;156;145;165;145;161;146
66.0;156;145;165;145;161;146
72.0;153;146;164;145;162;148
78.0;151;145;166;143;163;150
84.0;153;145;164;143;164;149
90.0;152;145;164;142;166;149
96.0;151;145;163;143;167;149
102.0;151;145;163;143;168;148
108.0;150;146;163;143;168;148
114.0;150;146;162;143;168;149
120.0;148;146;160;145;169;150
126.0;148;146;160;146;169;149
132.0;148;145;160;146;170;149
138.0;148;146;161;146;170;147
144.0;147;145;161;146;171;148
150.0;147;146;161;146;170;148
156.0;148;145;163;145;170;147
162.0;146;145;163;145;171;148
168.0;142;146;164;148;169;149
174.0;141;146;164;149;169;149
180.0;142;145;164;149;169;149
186.0;142;144;165;149;169;149
192.0;142;144;165;149;169;149
198.0;142;143;165;150;169;149
204.0;142;142;165;150;170;149
210.0;143;145;165;148;168;149
216.0;142;146;166;147;167;150
222.0;141;146;167;147;169;148
228.0;141;146;168;144;171;148
234.0;140;148;168;143;169;150
240.0;139;148;167;144;169;151
246.0;138;148;169;144;169;150
252.0;137;148;170;144;170;149
258.0;137;150;170;142;170;149
264.0;136;150;170;142;170;150
270.0;135;150;171;142;170;150
276.0;135;150;169;143;170;151
282.0;134;151;168;143;171;151
288.0;135;151;167;142;171;152
294.0;135;151;167;142;171;152
300.0;135;151;166;143;172;151
306.0;135;151;166;143;172;151
312.0;135;151;167;142;171;152
318.0;135;151;166;142;172;152
324.0;133;151;167;142;173;152
330.0;132;151;168;142;173;152
336.0;131;151;169;142;173;152
342.0;129;153;169;142;174;151
348.0;129;153;169;142;174;151
354.0;130;152;169;142;174;151
360.0;129;152;169;144;174;150
366.0;128;152;169;143;175;151
372.0;128;152;170;143;175;150
378.0;128;152;170;143;175;150
384.0;128;152;170;143;175;150
390.0;127;151;170;144;176;150
396.0;127;150;171;145;175;150
402.0;128;150;171;145;174;150
408.0;128;149;172;145;174;150
414.0;129;148;172;145;174;150
420.0;128;148;174;144;174;150
426.0;131;147;173;142;175;150
432.0;130;147;172;144;175;150
438.0;130;147;173;144;174;150
444.0;130;146;174;144;174;150
450.0;130;143;176;146;173;150
456.0;128;143;177;146;173;151
462.0;127;143;179;146;172;151
468.0;126;143;179;146;172;152
474.0;125;143;179;146;173;152
480.0;124;144;177;146;173;154
486.0;124;145;177;146;172;154
492.0;124;144;175;146;174;155
498.0;124;144;174;147;174;155
504.0;124;144;174;146;175;155
510.0;123;143;175;144;177;156
516.0;123;143;176;144;176;156
522.0;123;144;174;144;177;156
528.0;121;143;173;147;177;157
534.0;121;143;172;147;176;159
540.0;122;142;172;147;176;159
546.0;123;141;172;148;176;158
552.0;121;142;173;148;176;158
558.0;120;142;173;147;178;158
564.0;119;141;175;148;178;157
570.0;119;141;175;147;179;157
576.0;119;142;176;146;178;157
582.0;119;141;177;147;178;156
588.0;117;141;176;149;178;157
594.0;117;142;175;149;178;157
600.0;118;139;175;151;178;157
606.0;118;141;176;150;178;155
612.0;118;141;177;149;178;155
618.0;119;140;177;149;178;155
624.0;119;140;176;149;179;155
630.0;116;140;176;150;180;156
636.0;116;140;177;150;179;156
642.0;116;140;178;150;179;155
648.0;116;140;178;150;179;155
654.0;116;141;178;151;177;155
660.0;116;141;178;151;177;155
666.0;115;141;178;151;178;155
672.0;115;142;177;151;178;155
678.0;114;142;177;150;180;155
684.0;114;141;177;150;180;156
690.0;113;139;177;152;180;157
696.0;110;139;178;152;181;158
702.0;110;141;177;151;182;157
708.0;107;143;176;151;183;158
714.0;106;144;175;151;183;159
720.0;105;145;175;151;183;159
726.0;105;145;175;151;183;159
732.0;104;144;175;153;184;158
738.0;104;143;175;153;184;159
744.0;105;143;175;154;183;158
750.0;105;143;175;154;183;158
756.0;105;143;175;154;183;158
762.0;104;144;175;154;183;158
768.0;105;144;174;154;182;159
774.0;104;142;174;155;184;159
780.0;102;143;173;157;184;159
786.0;102;142;174;157;184;159
792.0;103;142;174;156;185;158
798.0;104;143;174;155;185;157
804.0;104;143;174;155;185;157
810.0;104;142;172;157;186;157
816.0;102;143;172;157;187;157
822.0;101;143;173;158;186;157
828.0;99;143;174;160;185;157
834.0;98;144;174;159;185;158
840.0;97;145;173;159;185;159
846.0;97;144;174;159;185;159
852.0;96;144;174;159;185;160
858.0;96;144;175;159;185;159
864.0;96;144;175;159;185;159
870.0;96;144;175;158;185;160
876.0;96;144;175;158;185;160
882.0;94;145;175;158;185;161
888.0;94;145;176;157;186;160
894.0;94;145;177;156;186;160
900.0;94;146;177;156;185;160
906.0;95;146;177;154;185;161
912.0;96;148;177;152;184;161
918.0;96;149;176;153;184;160
924.0;95;149;177;153;183;161
930.0;94;150;177;152;183;162
936.0;95;149;178;152;182;162
942.0;97;148;179;150;183;161
948.0;96;147;179;148;185;163
954.0;97;148;178;147;185;163
960.0;97;147;177;148;184;165
966.0;97;147;179;149;183;163
972.0;97;146;180;148;183;164
978.0;97;145;180;148;183;165
984.0;98;145;180;148;183;164
990.0;99;147;179;146;183;164
996.0;99;147;180;145;183;164
1002.0;98;147;181;146;184;162
1008.0;97;146;181;147;184;163
1014.0;98;145;181;148;184;162
1020.0;98;144;180;149;184;163
1026.0;98;144;180;149;183;164
1032.0;98;144;180;149;183;164
1038.0;98;144;180;149;183;164
1044.0;97;145;182;149;181;164
1050.0;97;145;183;147;182;164
1056.0;96;144;185;147;183;163
1062.0;96;145;185;146;183;163
1068.0;97;145;184;145;184;163
1074.0;95;146;186;144;185;162
1080.0;94;146;186;143;186;163
1086.0;94;145;184;144;187;164
1092.0;94;146;184;144;187;163
1098.0;93;146;184;144;187;164
1104.0;92;146;184;144;187;165
1110.0;93;145;183;145;188;164
1116.0;94;145;183;145;187;164
1122.0;94;146;182;145;186;165
1128.0;96;146;181;145;185;165
1134.0;95;147;181;145;185;165
1140.0;95;147;182;146;185;163
1146.0;94;147;182;146;185;164
1152.0;94;146;182;145;186;165
1158.0;94;144;181;145;187;167
1164.0;94;144;181;145;187;167
1170.0;95;145;180;145;187;166
1176.0;94;146;180;145;187;166
1182.0;94;146;180;145;186;167
1188.0;94;146;181;145;185;167
1194.0;94;148;179;145;184;168
1200.0;94;148;180;145;183;168
1206.0;93;149;182;144;182;168
1212.0;93;150;181;142;183;169
1218.0;94;150;180;143;182;169
1224.0;92;150;181;143;183;169
1230.0;92;150;181;143;183;169
1236.0;92;149;181;144;183;169
1242.0;90;150;182;144;183;169
1248.0;89;149;182;145;184;169
1254.0;89;149;182;146;185;167
1260.0;90;148;183;146;184;167
1266.0;90;147;182;146;183;170
1272.0;90;147;182;146;182;171
1278.0;90;147;181;146;183;171
1284.0;90;146;181;145;184;172
1290.0;92;146;182;144;184;170
1296.0;92;145;182;145;184;170
1302.0;91;146;182;144;185;170
1308.0;90;147;182;145;186;168
1314.0;90;148;180;145;186;169
1320.0;91;147;181;144;185;170
1326.0;92;147;181;143;184;171
1332.0;92;147;181;143;185;170
1338.0;92;148;181;142;186;169
1344.0;91;148;181;143;185;170
1350.0;92;147;183;142;183;171
1356.0;92;146;182;143;185;170
1362.0;92;146;182;143;185;170
1368.0;92;146;182;143;185;170
1374.0;92;146;182;143;185;170
1380.0;92;146;182;143;185;170
1386.0;91;146;183;144;184;170
1392.0;91;146;183;144;184;170
1398.0;91;145;180;146;185;171
1404.0;91;146;180;146;184;171
1410.0;91;146;180;145;185;171
1416.0;91;146;179;145;185;172
1422.0;91;147;179;144;186;171
1428.0;90;147;181;143;185;172
1434.0;91;147;182;142;184;172
1440.0;91;146;182;142;184;173
1446.0;90;146;182;143;184;173
1452.0;89;147;182;144;184;172
1458.0;89;146;182;144;184;173
1464.0;90;144;183;144;183;174
1470.0;89;143;183;144;185;174
1476.0;88;143;185;144;184;174
1482.0;88;143;185;144;184;174
1488.0;88;143;185;144;184;174
1494.0;88;143;184;145;184;174
1500.0;88;143;184;146;184;173
1506.0;88;143;185;145;185;172
1512.0;89;143;185;145;184;172
1518.0;89;144;184;145;183;173
1524.0;89;144;183;146;183;173
1530.0;90;144;184;146;182;172
1536.0;90;144;184;146;182;172
1542.0;90;145;184;145;182;172
1548.0;90;144;184;146;183;171
1554.0;91;144;183;146;183;171
1560.0;91;144;183;146;183;171
1566.0;88;143;184;147;184;172
1572.0;89;143;182;146;185;173
1578.0;90;142;181;146;185;174
1584.0;90;142;181;146;187;172
1590.0;91;142;180;145;186;174
1596.0;91;142;181;144;184;176
1602.0;90;141;181;145;184;177
1608.0;90;140;182;144;185;177
1614.0;89;140;182;145;185;177
1620.0;87;140;183;144;185;179
1626.0;87;140;184;144;185;178
1632.0;90;138;184;145;183;178
1638.0;90;137;184;146;183;178
1644.0;89;137;184;146;183;179
1650.0;87;137;185;147;183;179
1656.0;87;137;185;147;183;179
1662.0;86;137;185;147;183;180
1668.0;85;137;185;147;183;181
1674.0;84;137;185;147;183;182
1680.0;86;137;185;146;182;182
1686.0;88;134;185;145;184;182
1692.0;88;134;185;145;184;182
1698.0;86;134;185;144;186;183
1704.0;86;134;185;144;186;183
1710.0;86;134;186;144;186;182
1716.0;86;134;186;144;186;182
1722.0;88;133;186;144;186;181
1728.0;87;132;186;144;187;182
1734.0;86;133;186;143;187;183
1740.0;86;132;186;144;187;183
1746.0;86;132;185;145;187;183
1752.0;86;131;185;145;186;185
1758.0;86;131;185;144;186;186
1764.0;86;131;185;144;186;186
1770.0;86;131;184;144;186;187
1776.0;85;131;184;144;187;187
1782.0;87;131;185;142;187;186
1788.0;87;131;186;143;185;186
1794.0;87;130;186;144;185;186
1800.0;87;130;185;144;185;187
1806.0;86;130;186;144;184;188
1812.0;87;129;186;144;184;188
1818.0;87;131;185;142;184;189
1824.0;88;130;185;143;185;187
1830.0;88;130;185;143;185;187
1836.0;88;129;186;144;184;187
1842.0;87;129;187;143;184;188
1848.0;88;129;187;142;184;188
1854.0;88;129;187;142;184;188
1860.0;88;129;187;142;184;188
1866.0;88;129;187;143;183;188
1872.0;88;129;187;140;185;189
1878.0;87;129;188;138;185;191
1884.0;87;130;188;138;185;190
1890.0;87;130;187;138;186;190
1896.0;88;129;188;138;185;190
1902.0;88;129;188;138;185;190
1908.0;89;130;188;136;185;190
1914.0;90;130;187;135;186;190
1920.0;92;128;188;135;186;189
1926.0;93;127;188;136;186;188
1932.0;93;127;187;137;186;188
1938.0;94;127;186;137;186;188
1944.0;94;126;186;137;187;188
1950.0;94;126;187;136;187;188
1956.0;93;127;187;137;187;187
1962.0;93;126;187;137;187;188
1968.0;93;126;188;137;187;187
1974.0;93;126;188;137;187;187
1980.0;92;125;188;140;186;187
1986.0;92;125;188;140;186;187
1992.0;91;125;188;139;188;187
1998.0;92;125;189;139;186;187
2004.0;94;125;187;139;186;187
2010.0;94;125;187;138;186;188
2016.0;94;125;187;138;187;187
2022.0;95;124;187;137;187;188
2028.0;95;125;187;137;188;186
2034.0;95;125;186;138;188;186
2040.0;95;125;186;139;188;185
2046.0;96;125;185;139;187;186
2052.0;96;126;185;137;188;186
2058.0;96;126;185;136;188;187
2064.0;96;125;186;135;188;188
2070.0;96;124;186;135;188;189
2076.0;96;124;184;136;189;189
2082.0;96;125;184;136;188;189
2088.0;96;125;183;136;188;190
2094.0;96;125;183;136;188;190
2100.0;96;125;182;138;188;189
2106.0;96;126;180;138;189;189
2112.0;96;126;180;137;189;190
2118.0;95;125;181;137;189;191
2124.0;95;126;180;137;189;191
2130.0;95;126;180;136;189;192
2136.0;94;126;181;136;189;192
2142.0;94;126;181;136;189;192
2148.0;97;124;180;135;189;193
2154.0;97;124;181;135;189;192
2160.0;97;124;180;136;189;192
2166.0;98;125;179;136;188;192
2172.0;98;125;179;137;187;192
2178.0;97;127;180;136;186;192
2184.0;95;128;182;135;186;192
2190.0;96;129;181;133;187;192
2196.0;96;129;182;132;185;194
2202.0;96;128;181;131;185;197
2208.0;95;128;180;131;186;198
2214.0;95;128;179;131;187;198
2220.0;95;128;180;130;186;199
2226.0;94;128;180;132;185;199
2232.0;96;128;179;131;185;199
2238.0;94;128;180;131;185;200
2244.0;95;128;180;130;185;200
2250.0;96;128;179;130;185;200
2256.0;96;128;178;130;186;200
2262.0;97;128;178;129;186;200
2268.0;97;127;179;129;186;200
2274.0;96;127;178;129;187;201
2280.0;95;127;178;131;187;200
2286.0;95;127;178;131;187;200
2292.0;95;127;177;131;188;200
2298.0;93;127;178;131;189;200
2304.0;93;127;178;131;189;200
2310.0;93;126;179;129;190;201
2316.0;94;126;179;129;189;201
2322.0;94;126;179;130;190;199
2328.0;94;126;178;130;190;200
2334.0;95;125;177;129;191;201
2340.0;96;125;177;129;190;201
2346.0;96;127;176;130;188;201
2352.0;96;127;176;130;189;200
2358.0;96;126;178;130;189;199
2364.0;96;127;178;130;189;198
2370.0;96;127;178;130;189;198
2376.0;98;127;177;130;188;198
2382.0;98;127;177;130;188;198
2388.0;96;127;178;129;190;198
2394.0;97;127;177;129;191;197
2400.0;97;128;178;128;191;196
2406.0;97;128;178;128;191;196
2412.0;96;130;177;126;192;197
2418.0;95;130;178;126;192;197
2424.0;93;131;177;127;193;197
2430.0;92;132;178;127;193;196
2436.0;92;132;178;125;195;196
2442.0;91;132;178;125;194;198
2448.0;90;134;178;125;194;197
2454.0;90;134;178;125;194;197
2460.0;90;134;178;127;193;196
2466.0;90;133;180;128;192;195
2472.0;89;133;182;128;192;194
2478.0;89;132;182;130;191;194
2484.0;89;132;182;130;191;194
2490.0;90;132;182;129;191;194
2496.0;90;132;181;129;191;195
2502.0;89;130;181;131;191;196
2508.0;89;130;181;131;191;196
2514.0;89;130;181;131;191;196
2520.0;88;131;181;131;190;197
2526.0;88;129;182;131;190;198
2532.0;88;129;182;131;190;198
2538.0;88;131;182;130;189;198
2544.0;87;132;184;128;189;198
2550.0;87;133;185;128;188;197
2556.0;86;133;185;130;188;196
2562.0;85;132;184;130;189;198
2568.0;86;132;182;131;189;198
2574.0;88;130;182;131;189;198
2580.0;88;129;182;130;190;199
2586.0;89;130;182;131;189;197
2592.0;89;130;183;130;189;197
2598.0;91;130;183;129;187;198
2604.0;92;130;181;129;187;199
2610.0;92;129;181;129;188;199
2616.0;92;129;181;129;188;199
2622.0;91;129;182;129;188;199
2628.0;90;129;183;128;188;200
2634.0;90;129;183;129;188;199
2640.0;90;129;183;128;189;199
2646.0;92;128;184;127;189;198
2652.0;92;128;184;126;190;198
2658.0;92;128;184;125;190;199
2664.0;92;127;186;125;189;199
2670.0;91;127;186;125;190;199
2676.0;91;128;186;124;190;199
2682.0;91;128;186;125;190;198
2688.0;90;128;189;124;189;198
2694.0;90;128;191;123;190;196
2700.0;89;128;191;123;190;197
2706.0;89;128;191;123;190;197
2712.0;89;128;191;123;190;197
2718.0;89;128;191;123;190;197
2724.0;89;128;189;126;190;196
2730.0;89;128;189;126;190;196
2736.0;89;128;188;126;191;196
2742.0;89;129;189;126;190;195
2748.0;86;132;189;125;190;196
2754.0;86;132;190;125;190;195
2760.0;85;131;192;125;189;196
2766.0;85;131;192;124;190;196
2772.0;85;131;192;124;190;196
2778.0;85;130;193;122;190;198
2784.0;84;131;192;121;191;199
2790.0;84;131;192;121;191;199
2796.0;86;130;192;120;190;200
2802.0;85;130;192;120;191;200
2808.0;85;131;191;120;191;200
2814.0;84;131;191;121;191;200
2820.0;84;130;192;121;191;200
2826.0;84;130;192;121;192;199
2832.0;84;130;192;120;193;199
2838.0;84;130;192;120;193;199
2844.0;84;131;191;120;193;199
2850.0;84;131;192;120;192;199
2856.0;82;131;193;121;192;199
2862.0;82;131;193;122;192;198
2868.0;82;131;194;122;192;197
2874.0;83;130;194;123;192;196
2880.0;83;131;194;123;191;196
2886.0;83;131;194;123;192;195
2892.0;81;133;194;123;192;195
2898.0;81;133;194;123;191;196
2904.0;81;132;195;123;191;196
2910.0;82;132;195;124;191;194
2916.0;80;133;196;124;191;194
2922.0;82;133;196;122;193;192
2928.0;80;133;196;122;194;193
2934.0;79;133;196;122;195;193
2940.0;80;132;197;122;195;192
2946.0;79;133;196;122;195;193
2952.0;78;135;196;122;195;192
2958.0;78;135;197;121;195;192
2964.0;77;135;197;121;196;192
2970.0;78;134;198;120;196;192
2976.0;78;132;199;120;197;192
2982.0;78;132;199;120;196;193
2988.0;78;132;198;120;197;193
2994.0;76;132;199;120;197;194
3000.0;76;133;199;118;198;194
3006.0;75;134;198;117;199;195
3012.0;74;133;199;116;199;197
3018.0;75;134;198;116;197;198
3024.0;74;135;197;116;198;198
3030.0;74;135;197;116;200;196
3036.0;73;135;198;116;200;196
3042.0;74;135;197;116;200;196
3048.0;74;136;198;116;198;196
3054.0;75;135;198;116;199;195
3060.0;75;134;200;114;200;195
3066.0;79;133;200;114;198;194
3072.0;79;134;199;114;198;194
3078.0;78;136;198;113;199;194
3084.0;78;136;198;113;199;194
3090.0;78;136;199;113;199;193
3096.0;78;137;200;113;196;194
3102.0;79;137;199;113;196;194
3108.0;79;137;198;114;196;194
3114.0;80;137;198;114;195;194
3120.0;80;137;198;114;195;194
3126.0;80;136;197;115;195;195
3132.0;80;136;196;115;195;196
3138.0;80;137;195;114;196;196
3144.0;80;138;195;113;194;198
3150.0;81;138;195;112;194;198
3156.0;81;138;194;112;194;199
3162.0;80;139;193;112;194;200
3168.0;80;139;194;112;193;200
3174.0;80;139;194;112;193;200
3180.0;80;139;195;112;192;200
3186.0;79;139;194;112;193;201
3192.0;80;138;196;111;193;200
3198.0;80;139;196;111;194;198
3204.0;80;139;196;111;194;198
3210.0;81;138;196;112;195;196
3216.0;82;138;195;113;193;197
3222.0;83;135;194;112;193;201
3228.0;84;135;194;112;192;201
3234.0;84;135;193;112;193;201
3240.0;84;135;192;112;193;202
3246.0;84;136;191;111;193;203
3252.0;83;137;191;111;193;203
3258.0;83;137;190;111;193;204
3264.0;83;138;190;110;193;204
3270.0;83;138;190;110;193;204
3276.0;82;139;190;110;193;204
3282.0;83;139;190;110;191;205
3288.0;82;139;190;111;190;206
3294.0;81;138;191;112;191;205
3300.0;81;138;190;113;192;204
3306.0;82;138;190;113;191;204
3312.0;81;138;190;113;191;205
3318.0;83;139;190;113;190;203
3324.0;83;138;190;113;190;204
3330.0;83;138;190;113;190;204
3336.0;82;137;191;114;190;204
3342.0;83;135;191;115;190;204
3348.0;84;135;190;116;190;203
3354.0;83;135;191;116;190;203
3360.0;83;135;190;116;190;204
3366.0;84;135;189;116;190;204
3372.0;84;135;189;116;190;204
3378.0;84;135;189;116;190;204
3384.0;84;137;189;116;188;204
3390.0;85;137;188;116;188;204
3396.0;85;137;188;116;188;204
3402.0;87;137;188;115;188;203
3408.0;85;137;189;116;188;203
3414.0;86;138;188;116;187;203
3420.0;88;138;187;116;187;202
3426.0;88;137;187;116;187;203
3432.0;87;138;188;116;187;202
3438.0;88;138;188;116;186;202
3444.0;87;137;188;116;187;203
3450.0;87;136;188;116;189;202
3456.0;87;136;188;116;189;202
3462.0;87;137;188;115;189;202
3468.0;88;137;189;115;189;200
3474.0;89;138;188;116;189;198
3480.0;88;138;187;118;190;197
3486.0;89;136;187;118;192;196
3492.0;87;135;189;118;194;195
3498.0;88;134;190;118;194;194
3504.0;89;133;191;118;193;194
3510.0;90;133;192;118;192;193
3516.0;90;133;192;118;192;193
3522.0;90;133;191;118;192;194
3528.0;90;134;192;119;191;192
3534.0;89;133;193;120;191;192
3540.0;90;133;193;120;190;192
3546.0;90;134;192;121;190;191
3552.0;91;132;192;122;191;190
3558.0;90;133;191;122;191;191
3564.0;89;135;191;122;190;191
3570.0;89;135;192;122;189;191
3576.0;90;135;191;122;188;192
3582.0;88;134;193;122;189;192
3588.0;89;135;192;121;189;192
3594.0;90;135;191;120;190;192
3600.0;91;137;190;119;190;191
3606.0;90;137;190;119;190;192
3612.0;91;135;191;120;189;192
3618.0;91;135;191;120;189;192
3624.0;93;135;190;119;189;192
3630.0;93;136;190;119;189;191
3636.0;94;135;190;119;189;191
3642.0;94;136;190;119;188;191
3648.0;94;136;190;119;188;191
3654.0;95;135;190;119;187;192
3660.0;95;134;191;119;187;192
3666.0;94;134;191;119;186;194
3672.0;93;134;191;121;185;194
3678.0;93;134;192;121;185;193
3684.0;93;133;193;121;185;193
3690.0;92;133;194;120;185;194
3696.0;91;132;195;120;186;194
3702.0;92;130;196;121;185;194
3708.0;91;131;196;121;185;194
3714.0;93;132;195;121;184;193
3720.0;92;132;195;121;184;194
3726.0;91;133;195;122;183;194
3732.0;90;133;196;122;183;194
3738.0;89;133;197;122;182;195
3744.0;89;133;198;122;182;194
3750.0;90;134;197;121;182;194
3756.0;92;134;196;120;182;194
3762.0;92;134;196;120;182;194
3768.0;92;135;198;119;181;193
3774.0;91;135;198;120;180;194
3780.0;91;136;199;120;179;193
3786.0;91;134;201;121;179;192
3792.0;92;134;201;121;178;192
3798.0;92;134;201;121;178;192
3804.0;91;134;203;121;178;191
3810.0;90;134;203;121;178;192
3816.0;90;134;203;121;178;192
3822.0;92;134;201;121;178;192
3828.0;94;134;201;120;179;190
3834.0;94;132;204;121;179;188
3840.0;93;131;204;122;180;188
3846.0;93;131;203;123;180;188
3852.0;93;130;202;124;179;190
3858.0;95;132;202;122;179;188
3864.0;95;132;202;122;180;187
3870.0;96;131;202;123;180;186
3876.0;96;131;202;123;180;186
3882.0;95;131;201;123;181;187
3888.0;96;132;201;123;179;187
3894.0;96;132;201;123;180;186
3900.0;94;130;202;125;180;187
3906.0;95;130;201;124;180;188
3912.0;95;130;201;124;180;188
3918.0;94;131;202;124;179;188
3924.0;95;131;204;125;177;186
3930.0;96;132;203;125;175;187
3936.0;95;133;202;125;175;188
3942.0;94;133;201;126;176;188
3948.0;93;135;201;124;175;190
3954.0;92;135;202;125;175;189
3960.0;92;135;201;126;175;189
3966.0;91;136;202;126;174;189
3972.0;92;137;201;125;174;189
3978.0;92;138;200;125;174;189
3984.0;92;138;200;125;174;189
3990.0;93;138;200;123;175;189
3996.0;94;137;200;123;175;189
4002.0;93;136;199;125;176;189
4008.0;93;136;200;125;176;188
4014.0;92;136;201;126;175;188
4020.0;92;136;201;125;176;188
4026.0;92;136;202;126;176;186
4032.0;92;136;202;126;176;186
4038.0;93;135;202;125;178;185
4044.0;93;134;204;125;178;184
4050.0;93;134;204;124;179;184
4056.0;93;134;203;124;178;186
4062.0;93;134;204;123;178;186
4068.0;94;134;203;123;176;188
4074.0;95;133;203;122;176;189
4080.0;95;134;204;122;175;188
4086.0;97;133;204;122;174;188
4092.0;97;133;204;122;174;188
4098.0;96;135;205;121;174;187
4104.0;94;135;207;121;174;187
4110.0;94;135;207;121;174;187
4116.0;93;135;208;122;174;186
4122.0;94;134;209;122;173;186
4128.0;94;135;209;122;172;186
4134.0;94;135;209;122;173;185
4140.0;93;135;211;122;172;185
4146.0;92;135;211;122;173;185
4152.0;94;135;209;122;171;187
4158.0;94;135;209;122;170;188
4164.0;94;135;208;122;170;189
4170.0;94;135;209;122;170;188
4176.0;94;135;209;122;169;189
4182.0;94;135;210;121;169;189
4188.0;94;136;209;121;169;189
4194.0;95;136;208;121;170;188
4200.0;95;136;207;121;171;188
4206.0;95;136;207;121;171;188
4212.0;95;137;206;120;172;188
4218.0;95;136;205;122;172;188
4224.0;95;137;205;121;172;188
4230.0;95;136;204;121;172;190
4236.0;94;137;203;121;173;190
4242.0;95;136;203;122;171;191
4248.0;94;136;203;122;172;191
4254.0;94;136;202;123;172;191
4260.0;94;136;202;123;172;191
4266.0;95;136;202;122;173;190
4272.0;94;136;203;122;173;190
4278.0;92;135;204;122;173;192
4284.0;92;134;204;123;174;191
4290.0;91;135;204;124;174;190
4296.0;91;134;204;125;174;190
4302.0;89;134;204;126;174;191
4308.0;89;136;204;125;171;193
4314.0;89;136;204;124;172;193
4320.0;90;137;205;123;171;192
4326.0;90;136;206;123;171;192
4332.0;90;136;206;123;171;192
4338.0;88;137;207;123;171;192
4344.0;88;139;206;123;170;192
4350.0;88;139;205;124;170;192
4356.0;87;139;206;123;171;192
4362.0;87;140;206;122;171;192
4368.0;86;139;208;120;172;193
4374.0;87;139;208;119;172;193
4380.0;88;138;208;119;171;194
4386.0;88;136;210;119;170;195
4392.0;87;136;209;120;171;195
4398.0;87;136;211;120;171;193
4404.0;88;134;213;118;172;193
4410.0;87;134;214;118;173;192
4416.0;87;135;214;119;172;191
4422.0;87;135;212;121;172;191
4428.0;87;135;212;120;173;191
4434.0;88;135;213;120;173;189
4440.0;88;137;211;120;173;189
4446.0;88;137;211;120;173;189
4452.0;88;138;211;119;173;189
4458.0;88;139;209;119;174;189
4464.0;88;139;210;118;174;189
4470.0;88;139;210;118;174;189
4476.0;89;139;209;117;174;190
4482.0;87;139;210;117;173;192
4488.0;87;139;210;117;173;192
4494.0;86;139;213;116;174;190
4500.0;86;139;213;115;175;190
4506.0;85;139;213;115;176;190
4512.0;85;140;213;114;176;190
4518.0;84;139;213;114;177;191
4524.0;84;138;214;114;177;191
4530.0;84;137;214;114;178;191
4536.0;83;137;214;115;179;190
4542.0;85;136;213;117;178;189
4548.0;84;135;214;117;179;189
4554.0;84;134;215;118;179;188
4560.0;84;134;215;117;179;189
4566.0;84;134;216;117;178;189
4572.0;85;134;215;117;178;189
4578.0;85;134;216;116;178;189
4584.0;85;134;214;116;179;190
4590.0;86;134;213;117;179;189
4596.0;86;135;212;116;180;189
4602.0;86;135;212;116;180;189
4608.0;86;136;212;116;179;189
4614.0;85;136;212;117;181;187
4620.0;85;136;211;118;181;187
4626.0;84;136;211;121;180;186
4632.0;84;136;210;121;181;186
4638.0;84;136;210;122;181;185
4644.0;85;135;209;122;181;186
4650.0;85;135;209;122;181;186
4656.0;86;135;209;123;179;186
4662.0;86;135;209;123;179;186
4668.0;85;136;209;123;179;186
4674.0;85;136;209;124;178;186
4680.0;86;134;210;124;178;186
4686.0;87;134;210;126;178;183
4692.0;88;134;210;126;178;182
4698.0;88;134;210;126;177;183
4704.0;88;134;211;126;176;183
4710.0;88;133;212;126;176;183
4716.0;86;133;214;125;177;183
4722.0;87;132;215;125;176;183
4728.0;87;132;214;127;176;182
4734.0;87;132;214;128;177;180
4740.0;87;132;214;127;177;181
4746.0;85;132;214;128;178;181
4752.0;84;132;213;128;181;180
4758.0;85;132;212;127;181;181
4764.0;85;132;212;127;181;181
4770.0;85;132;211;127;181;182
4776.0;87;132;208;128;181;182
4782.0;87;132;207;129;181;182
4788.0;87;133;207;128;181;182
4794.0;87;133;206;129;181;182
4800.0;87;133;206;129;181;182
4806.0;88;133;206;130;179;182
4812.0;88;134;205;131;179;181
4818.0;88;133;206;132;180;179
4824.0;88;133;206;132;180;179
4830.0;88;133;206;131;180;180
4836.0;88;131;205;130;184;180
4842.0;89;129;204;131;183;182
4848.0;87;129;206;131;182;183
4854.0;87;129;205;131;183;183
4860.0;86;127;206;132;183;184
4866.0;86;127;206;132;183;184
4872.0;87;127;205;132;183;184
4878.0;86;127;204;133;183;185
4884.0;85;125;205;133;185;185
4890.0;85;125;206;133;185;184
4896.0;85;125;205;134;184;185
4902.0;85;125;205;134;184;185
4908.0;85;125;204;135;184;185
4914.0;88;125;204;134;184;183
4920.0;88;125;204;134;184;183
4926.0;88;123;204;135;184;184
4932.0;88;123;203;135;184;185
4938.0;88;124;203;134;184;185
4944.0;87;123;205;134;184;185
4950.0;87;124;205;134;184;184
4956.0;87;124;205;135;184;183
4962.0;87;123;206;135;183;184
4968.0;87;122;206;136;182;185
4974.0;86;122;208;136;180;186
4980.0;86;122;208;135;180;187
4986.0;86;123;207;137;181;184
4992.0;87;123;206;138;182;182
4998.0;88;123;206;139;181;181
5004.0;88;122;207;138;181;182
5010.0;89;123;207;137;180;182
5016.0;89;123;206;138;180;182
5022.0;89;123;206;138;180;182
5028.0;89;123;206;138;180;182
5034.0;87;123;206;139;181;182
5040.0;88;123;205;139;180;183
5046.0;87;124;205;139;180;183
5052.0;88;124;205;138;180;183
5058.0;89;124;203;138;180;184
5064.0;89;124;203;139;180;183
5070.0;89;125;202;139;179;184
5076.0;88;126;202;139;178;185
5082.0;88;126;203;139;178;184
5088.0;88;126;204;136;180;184
5094.0;88;126;205;136;180;183
5100.0;88;127;205;135;180;183
5106.0;87;127;206;135;180;183
5112.0;87;127;205;135;180;184
5118.0;87;128;204;135;180;184
5124.0;87;129;203;135;181;183
5130.0;87;129;203;135;181;183
5136.0;87;130;203;134;182;182
5142.0;87;130;202;135;182;182
5148.0;87;130;202;134;182;183
5154.0;87;131;202;134;181;183
5160.0;88;131;202;134;180;183
5166.0;88;131;203;134;179;183
5172.0;88;132;203;133;179;183
5178.0;88;133;203;132;178;184
5184.0;87;133;206;130;178;184
5190.0;86;133;206;132;179;182
5196.0;86;133;206;132;179;182
5202.0;84;135;204;131;180;184
5208.0;85;135;204;131;180;183
5214.0;84;135;204;132;180;183
5220.0;85;135;203;132;181;182
5226.0;83;138;203;132;179;183
5232.0;83;138;202;131;179;185
5238.0;82;139;203;131;179;184
5244.0;82;137;204;132;179;184
5250.0;80;138;205;133;179;183
5256.0;80;136;206;133;179;184
5262.0;79;137;206;133;179;184
5268.0;80;136;205;133;180;184
5274.0;80;136;205;134;179;184
5280.0;80;135;205;135;179;184
5286.0;79;134;206;135;180;184
5292.0;80;135;206;135;179;183
5298.0;79;135;206;135;180;183
5304.0;79;135;206;134;181;183
5310.0;79;135;207;133;182;182
5316.0;77;137;207;133;182;182
5322.0;76;137;206;133;182;184
5328.0;76;137;207;132;182;184
5334.0;76;137;207;132;182;184
5340.0;75;136;207;132;184;184
5346.0;76;136;208;131;184;183
5352.0;77;138;205;130;184;184
5358.0;79;138;205;129;184;183
5364.0;80;136;205;128;187;182
5370.0;83;136;202;128;187;182
5376.0;84;135;202;129;187;181
5382.0;84;135;202;129;187;181
5388.0;85;135;200;129;187;182
5394.0;85;136;199;129;187;182
5400.0;85;137;199;127;186;184
5406.0;86;134;200;127;187;184
5412.0;85;135;200;128;185;185
5418.0;85;135;200;128;185;185
5424.0;86;134;199;129;186;184
5430.0;85;135;199;129;186;184
5436.0;84;136;197;129;187;185
5442.0;83;135;197;130;187;186
5448.0;84;134;197;130;187;186
5454.0;84;135;197;130;186;186
5460.0;84;135;197;130;186;186
5466.0;85;135;196;129;186;187
5472.0;85;135;196;129;184;189
5478.0;85;135;196;129;184;189
5484.0;84;135;196;130;184;189
5490.0;83;135;196;130;184;190
5496.0;83;137;196;129;183;190
5502.0;83;137;197;128;183;190
5508.0;83;137;197;128;184;189
5514.0;84;136;197;127;184;190
5520.0;84;137;195;127;183;192
5526.0;83;138;196;127;183;191
5532.0;84;136;196;127;183;192
5538.0;84;136;196;127;183;192
5544.0;85;135;196;127;183;192
5550.0;86;135;195;126;183;193
5556.0;87;134;195;126;182;194
5562.0;87;134;194;128;181;194
5568.0;88;135;192;127;181;195
5574.0;88;136;192;126;180;196
5580.0;87;135;190;124;183;199
5586.0;88;136;189;123;183;199
5592.0;87;135;189;122;186;199
5598.0;86;136;189;121;187;199
5604.0;86;135;189;121;188;199
5610.0;86;135;189;121;188;199
5616.0;86;138;188;119;187;200
5622.0;87;138;187;119;187;200
5628.0;88;137;186;121;186;200
5634.0;88;137;186;121;186;200
5640.0;87;137;187;120;187;200
5646.0;86;139;185;120;190;198
5652.0;85;138;185;122;190;198
5658.0;86;138;184;121;191;198
5664.0;86;138;184;121;190;199
5670.0;86;140;184;120;189;199
5676.0;87;142;184;120;187;198
5682.0;88;142;184;120;186;198
5688.0;88;142;185;120;185;198
5694.0;90;142;185;119;185;197
5700.0;90;142;185;119;185;197
5706.0;91;141;185;119;185;197
5712.0;91;140;184;120;185;198
5718.0;93;139;184;120;183;199
5724.0;92;139;184;122;182;199
5730.0;93;139;183;122;182;199
5736.0;94;139;183;121;182;199
5742.0;95;139;183;122;182;197
5748.0;93;139;184;124;181;197
5754.0;93;140;183;124;180;198
5760.0;93;140;183;125;180;197
5766.0;93;140;182;126;180;197
5772.0;94;140;182;125;180;197
5778.0;94;139;182;126;180;197
5784.0;95;140;182;127;179;195
5790.0;95;142;182;125;179;195
5796.0;94;142;182;125;180;195
5802.0;97;141;180;123;183;194
5808.0;97;141;180;123;183;194
5814.0;97;141;180;123;183;194
5820.0;98;141;180;123;183;193
5826.0;98;143;179;124;182;192
5832.0;97;143;179;126;182;191
5838.0;97;143;180;125;182;191
5844.0;96;143;180;124;181;194
5850.0;96;141;181;125;181;194
5856.0;96;140;180;127;180;195
5862.0;98;137;182;126;181;194
5868.0;98;136;182;126;182;194
5874.0;98;138;182;126;179;195
5880.0;99;138;182;127;178;194
5886.0;100;139;182;126;177;194
5892.0;99;139;182;127;178;193
5898.0;97;139;182;128;179;193
5904.0;98;139;182;127;178;194
5910.0;98;137;181;130;178;194
5916.0;98;137;181;130;179;193
5922.0;97;138;182;130;178;193
5928.0;98;138;181;130;179;192
5934.0;100;138;180;129;178;193
5940.0;100;138;179;129;179;193
5946.0;100;139;178;129;180;192
5952.0;99;139;178;129;181;192
5958.0;100;140;177;129;182;190
5964.0;99;141;176;129;183;190
5970.0;97;142;178;129;183;189
5976.0;97;142;178;128;183;190
5982.0;97;143;178;127;183;190
5988.0;97;143;178;127;183;190
5994.0;95;143;178;127;184;191
6000.0;95;143;178;127;184;191
6006.0;95;143;178;127;184;191
6012.0;96;143;178;126;184;191
6018.0;97;142;176;128;184;191
6024.0;97;142;175;128;184;192
6030.0;98;142;175;128;183;192
6036.0;99;142;175;126;184;192
6042.0;99;141;175;127;181;195
6048.0;99;141;175;127;181;195
6054.0;98;144;175;126;179;196
6060.0;98;146;175;125;178;196
6066.0;98;146;175;125;178;196
6072.0;95;145;176;126;178;198
6078.0;94;144;177;124;179;200
6084.0;93;145;177;125;179;199
6090.0;93;145;177;125;179;199
6096.0;92;145;180;124;178;199
6102.0;91;146;180;125;178;198
6108.0;91;146;182;124;177;198
6114.0;91;147;183;123;178;196
6120.0;90;147;184;123;178;196
6126.0;91;147;183;123;177;197
6132.0;91;148;183;123;176;197
6138.0;90;148;183;123;178;196
6144.0;90;147;183;123;179;196
6150.0;90;147;184;123;179;195
6156.0;89;149;184;123;179;194
6162.0;89;148;184;124;179;194
6168.0;90;150;184;125;176;193
6174.0;90;151;183;124;177;193
6180.0;90;150;184;124;176;194
6186.0;90;151;184;124;175;194
6192.0;90;150;185;125;175;193
6198.0;88;151;186;124;175;194
6204.0;88;151;186;124;175;194
6210.0;87;153;185;126;174;193
6216.0;87;151;185;128;175;192
6222.0;87;152;185;128;174;192
6228.0;86;152;187;128;174;191
6234.0;85;150;186;128;176;193
6240.0;84;150;186;128;176;194
6246.0;84;150;186;128;176;194
6252.0;84;151;185;128;176;194
6258.0;84;150;185;129;176;194
6264.0;85;150;185;128;176;194
6270.0;85;149;185;129;176;194
6276.0;86;147;184;129;176;196
6282.0;86;146;183;129;177;197
6288.0;85;147;183;129;177;197
6294.0;83;147;183;128;179;198
6300.0;82;149;182;128;179;198
6306.0;82;149;183;128;178;198
6312.0;82;149;183;129;176;199
6318.0;82;149;183;129;176;199
6324.0;82;149;183;129;176;199
6330.0;81;149;183;130;176;199
6336.0;80;149;184;131;176;198
6342.0;79;149;184;132;176;198
6348.0;78;150;185;132;175;198
6354.0;80;149;183;133;176;197
6360.0;81;150;183;132;175;197
6366.0;78;152;183;132;175;198
6372.0;78;151;182;133;175;199
6378.0;80;152;180;132;175;199
6384.0;79;152;179;133;176;199
6390.0;79;152;179;132;176;200
6396.0;78;152;181;132;176;199
6402.0;77;152;181;132;177;199
6408.0;77;152;181;132;177;199
6414.0;77;153;179;133;176;200
6420.0;77;153;179;133;175;201
6426.0;77;153;179;133;175;201
6432.0;77;152;179;133;175;202
6438.0;78;153;178;133;175;201
6444.0;78;154;178;132;174;202
6450.0;78;153;178;132;175;202
6456.0;77;153;179;132;175;202
6462.0;78;152;180;131;176;201
6468.0;80;152;179;131;175;201
6474.0;80;153;179;129;175;202
6480.0;80;153;178;130;175;202
6486.0;80;152;178;130;175;203
6492.0;81;151;179;130;173;204
6498.0;83;150;179;131;173;202
6504.0;84;150;178;130;174;202
6510.0;84;151;178;129;174;202
6516.0;84;152;178;128;174;202
6522.0;84;153;178;128;174;201
6528.0;84;153;178;128;174;201
6534.0;84;154;177;130;173;200
6540.0;84;154;175;130;174;201
6546.0;84;154;173;130;175;202
6552.0;84;154;173;129;175;203
6558.0;82;153;175;129;176;203
6564.0;82;153;175;129;175;204
6570.0;82;153;175;129;174;205
6576.0;82;153;174;129;175;205
6582.0;82;151;175;130;175;205
6588.0;82;150;175;129;176;206
6594.0;82;149;175;129;177;206
6600.0;82;149;175;129;177;206
6606.0;82;150;175;129;177;205
6612.0;82;150;175;130;176;205
6618.0;82;150;175;130;176;205
6624.0;83;150;174;130;176;205
6630.0;82;150;176;129;176;205
6636.0;80;151;175;130;178;204
6642.0;80;151;174;132;177;204
6648.0;80;151;174;132;177;204
6654.0;80;151;174;132;177;204
6660.0;81;150;174;132;178;203
6666.0;80;150;173;132;180;203
6672.0;80;149;175;132;179;203
6678.0;82;146;177;132;178;203
6684.0;83;146;177;131;178;203
6690.0;83;145;174;134;178;204
6696.0;81;146;174;135;178;204
6702.0;81;146;174;135;178;204
6708.0;81;147;172;136;178;204
6714.0;82;147;172;135;178;204
6720.0;84;148;171;135;177;203
6726.0;84;148;172;134;177;203
6732.0;84;149;172;134;176;203
6738.0;84;150;172;135;175;202
6744.0;84;149;173;135;175;202
6750.0;84;152;172;136;173;201
6756.0;85;152;172;136;173;200
6762.0;85;153;172;135;173;200
6768.0;84;153;172;135;174;200
6774.0;85;152;173;134;174;200
6780.0;85;151;173;134;175;200
6786.0;85;151;173;134;176;199
6792.0;85;150;173;134;177;199
6798.0;85;150;175;132;179;197
6804.0;85;150;175;131;181;196
6810.0;85;150;173;132;182;196
6816.0;86;149;171;134;182;196
6822.0;86;149;170;135;183;195
6828.0;86;150;171;134;184;193
6834.0;88;147;171;135;184;193
6840.0;87;147;172;135;184;193
6846.0;87;148;171;135;184;193
6852.0;87;148;172;134;184;193
6858.0;87;147;173;134;184;193
6864.0;86;147;173;133;184;195
6870.0;85;148;173;134;185;193
6876.0;85;147;174;133;186;193
6882.0;84;146;176;133;185;194
6888.0;85;146;176;133;184;194
6894.0;85;146;177;132;185;193
6900.0;85;147;177;133;184;192
6906.0;85;147;177;134;183;192
6912.0;85;147;176;134;184;192
6918.0;85;147;176;135;183;192
6924.0;86;147;175;135;183;192
6930.0;86;146;175;136;183;192
6936.0;86;146;175;135;183;193
6942.0;87;146;175;135;183;192
6948.0;87;146;175;134;183;193
6954.0;89;147;174;133;181;194
6960.0;89;145;176;133;181;194
6966.0;88;145;176;133;181;195
6972.0;88;145;176;131;183;195
6978.0;87;145;175;132;183;196
6984.0;87;145;176;131;182;197
6990.0;87;145;176;132;181;197
6996.0;87;145;175;132;181;198
7002.0;87;146;175;132;182;196
7008.0;88;147;175;131;181;196
7014.0;88;148;175;133;179;195
7020.0;88;149;173;133;182;193
7026.0;87;149;174;133;182;193
7032.0;86;148;174;135;182;193
7038.0;86;147;175;135;182;193
7044.0;86;147;174;134;184;193
7050.0;86;147;174;134;183;194
7056.0;88;148;174;133;182;193
7062.0;88;148;173;136;181;192
7068.0;88;149;173;136;181;191
7074.0;87;149;174;136;181;191
7080.0;86;149;174;136;182;191
7086.0;87;149;173;137;182;190
7092.0;87;148;174;138;182;189
7098.0;88;149;174;136;182;189
7104.0;87;149;174;136;182;190
7110.0;87;148;174;136;183;190
7116.0;89;148;175;135;182;189
7122.0;89;149;174;135;181;190
7128.0;90;148;174;138;181;187
7134.0;89;148;175;137;181;188
7140.0;89;149;175;137;179;189
7146.0;89;149;175;136;179;190
7152.0;88;149;175;135;180;191
7158.0;88;149;175;135;180;191
7164.0;87;147;175;135;182;192
7170.0;86;149;177;138;179;189
7176.0;85;149;177;139;179;189
7182.0;85;149;179;138;179;188
7188.0;85;149;180;139;178;187
7194.0;84;150;180;139;178;187
7200.0;83;148;181;138;177;191
7206.0;82;149;181;138;177;191
7212.0;82;149;181;138;177;191
7218.0;81;149;181;137;178;192
7224.0;80;150;181;137;177;193
7230.0;80;150;179;139;177;193
7236.0;80;150;180;138;178;192
7242.0;81;150;180;136;179;192
7248.0;82;150;179;136;180;191
7254.0;82;150;179;136;180;191
7260.0;82;152;179;136;180;189
7266.0;83;152;179;137;178;189
7272.0;83;152;179;137;178;189
7278.0;82;153;179;136;179;189
7284.0;82;153;179;136;180;188
7290.0;82;151;179;137;180;189
7296.0;81;151;179;138;180;189
7302.0;81;151;179;138;181;188
7308.0;81;151;179;138;181;188
7314.0;81;151;179;137;181;189
7320.0;81;152;181;137;179;188
7326.0;79;152;181;138;179;189
7332.0;79;153;179;139;179;189
7338.0;77;154;181;139;178;189
7344.0;77;155;181;139;179;187
7350.0;77;155;181;139;179;187
7356.0;77;155;182;139;178;187
7362.0;77;155;182;139;178;187
7368.0;77;156;182;138;178;187
7374.0;77;156;182;138;178;187
7380.0;77;158;180;138;178;187
7386.0;76;158;180;140;178;186
7392.0;76;158;179;140;180;185
7398.0;76;157;179;140;180;186
7404.0;76;157;179;140;180;186
7410.0;78;156;179;140;181;184
7416.0;79;155;179;140;181;184
7422.0;80;156;180;139;178;185
7428.0;81;155;180;138;178;186
7434.0;81;154;181;137;178;187
7440.0;81;154;179;138;178;188
7446.0;81;154;180;136;178;189
7452.0;80;155;179;136;178;190
7458.0;80;155;180;136;178;189
7464.0;80;155;180;135;178;190
7470.0;78;155;179;135;179;192
7476.0;77;155;179;135;179;193
7482.0;77;155;179;135;179;193
7488.0;78;155;180;133;179;193
7494.0;78;155;180;133;179;193
7500.0;79;156;178;133;178;194
7506.0;78;156;178;132;179;195
7512.0;78;158;177;132;179;194
7518.0;78;159;178;131;178;194
7524.0;79;158;177;131;179;194
7530.0;78;158;179;129;180;194
7536.0;79;156;179;129;182;193
7542.0;81;156;178;130;180;193
7548.0;80;154;177;132;181;194
7554.0;81;153;177;132;182;193
7560.0;81;153;177;132;181;194
7566.0;80;153;178;131;182;194
7572.0;79;153;177;131;185;193
7578.0;79;153;177;131;184;194
7584.0;79;153;177;133;184;192
7590.0;79;153;176;133;184;193
7596.0;79;153;176;133;184;193
7602.0;79;153;175;134;185;192
7608.0;80;153;175;133;185;192
7614.0;79;149;176;135;186;193
7620.0;79;149;176;135;187;192
7626.0;80;148;177;134;187;192
7632.0;80;148;177;134;185;194
7638.0;81;148;177;133;185;194
7644.0;81;148;176;133;186;194
7650.0;81;148;174;133;187;195
7656.0;79;148;174;133;188;196
7662.0;80;149;173;134;186;196
7668.0;80;149;174;133;185;197
7674.0;80;149;174;133;185;197
7680.0;81;148;174;131;188;196
7686.0;82;149;176;130;186;195
7692.0;82;149;175;130;187;195
7698.0;83;149;173;130;187;196
7704.0;83;149;173;130;187;196
7710.0;83;148;173;131;187;196
7716.0;84;148;172;130;189;195
7722.0;84;148;172;132;188;194
7728.0;83;148;173;132;189;193
7734.0;82;148;173;133;189;193
7740.0;82;147;173;133;190;193
7746.0;81;147;175;131;190;194
7752.0;82;148;174;131;189;194
7758.0;81;149;174;131;189;194
7764.0;81;148;175;132;188;194
7770.0;81;147;175;132;187;196
7776.0;81;147;175;133;186;196
7782.0;83;148;175;134;185;193
7788.0;82;147;176;135;185;193
7794.0;82;147;176;135;185;193
7800.0;81;147;177;136;184;193
7806.0;81;146;178;135;184;194
7812.0;80;147;178;135;184;194
7818.0;79;148;179;134;184;194
7824.0;79;149;179;133;184;194
7830.0;80;148;180;132;184;194
7836.0;79;148;181;132;184;194
7842.0;77;148;183;131;183;196
7848.0;78;148;182;131;183;196
7854.0;77;149;182;131;182;197
7860.0;78;149;181;131;182;197
7866.0;78;149;182;132;181;196
7872.0;78;149;182;132;181;196
7878.0;78;149;182;132;181;196
7884.0;77;150;181;131;183;196
7890.0;76;151;181;133;182;195
7896.0;78;149;181;132;181;197
7902.0;78;149;181;132;181;197
7908.0;78;149;181;132;181;197
7914.0;76;150;182;132;183;195
7920.0;75;150;182;132;184;195
7926.0;75;149;182;132;184;196
7932.0;75;149;181;132;185;196
7938.0;75;149;180;131;187;196
7944.0;75;149;179;131;187;197
7950.0;75;150;178;132;186;197
7956.0;74;151;178;132;186;197
7962.0;74;152;177;131;186;198
7968.0;74;152;177;132;186;197
7974.0;75;152;177;132;184;198
7980.0;77;151;177;130;184;199
7986.0;76;150;177;130;185;200
7992.0;77;150;176;129;186;200
7998.0;77;151;176;128;186;200
8004.0;77;151;176;129;186;199
8010.0;77;151;176;129;186;199
8016.0;77;152;175;130;186;198
8022.0;78;153;174;129;186;198
8028.0;78;153;176;128;185;198
8034.0;77;155;176;127;184;199
8040.0;77;155;176;125;185;200
8046.0;77;156;176;125;185;199
8052.0;78;156;176;125;185;198
8058.0;77;156;176;126;185;198
8064.0;78;156;176;126;184;198
8070.0;78;156;176;125;184;199
8076.0;76;156;176;125;185;200
8082.0;76;157;176;125;184;200
8088.0;76;157;176;125;184;200
8094.0;75;156;177;126;184;200
8100.0;76;156;178;126;182;200
8106.0;76;155;177;127;182;201
8112.0;75;156;176;128;183;200
8118.0;75;155;177;127;183;201
8124.0;76;154;178;126;183;201
8130.0;75;154;180;126;182;201
8136.0;75;154;179;126;183;201
8142.0;74;154;178;126;184;202
8148.0;74;154;178;127;185;200
8154.0;74;154;178;127;185;200
8160.0;73;154;177;128;186;200
8166.0;74;153;176;129;186;200
8172.0;73;153;176;129;186;201
8178.0;72;153;176;129;187;201
8184.0;71;154;177;128;187;201
8190.0;72;154;178;126;188;200
8196.0;72;154;178;126;188;200
8202.0;71;156;177;126;188;200
8208.0;71;156;177;126;188;200
8214.0;71;156;177;126;188;200
8220.0;73;155;177;126;188;199
8226.0;73;155;177;126;188;199
8232.0;73;155;177;126;188;199
8238.0;73;155;178;125;188;199
8244.0;72;157;177;126;187;199
8250.0;72;158;176;126;187;199
8256.0;72;158;175;127;186;200
8262.0;72;157;175;127;186;201
8268.0;72;157;175;127;186;201
8274.0;72;158;174;127;186;201
8280.0;72;158;174;127;186;201
8286.0;71;158;175;127;186;201
8292.0;71;158;176;127;186;200
8298.0;71;158;175;127;187;200
8304.0;71;158;175;127;187;200
8310.0;73;158;175;125;186;201
8316.0;73;158;175;125;186;201
8322.0;74;157;175;126;185;201
8328.0;76;157;173;126;185;201
8334.0;77;156;173;126;186;200
8340.0;77;155;173;126;186;201
8346.0;77;155;173;126;186;201
8352.0;77;155;174;125;185;202
8358.0;77;155;174;125;185;202
8364.0;78;155;174;125;184;202
8370.0;79;155;174;124;184;202
8376.0;79;155;174;124;183;203
8382.0;77;155;174;126;182;204
8388.0;78;154;173;126;183;204
8394.0;78;155;173;127;183;202
8400.0;78;156;172;128;182;202
8406.0;78;156;172;128;182;202
8412.0;77;156;171;128;183;203
8418.0;77;157;170;128;183;203
8424.0;77;157;170;128;183;203
8430.0;77;156;171;128;184;202
8436.0;77;156;171;127;184;203
8442.0;78;155;173;127;183;202
8448.0;79;155;173;126;183;202
8454.0;79;155;174;126;183;201
8460.0;79;154;176;125;183;201
8466.0;79;155;175;126;182;201
8472.0;78;154;175;127;181;203
8478.0;78;154;175;127;181;203
8484.0;77;154;175;127;181;204
8490.0;78;153;175;127;181;204
8496.0;78;152;176;127;181;204
8502.0;78;153;176;126;181;204
8508.0;78;153;176;126;181;204
8514.0;78;153;176;126;181;204
8520.0;78;153;176;126;181;204
8526.0;78;152;176;126;182;204
8532.0;78;153;175;125;182;205
8538.0;79;153;175;125;183;203
8544.0;79;154;174;125;183;203
8550.0;81;154;174;124;183;202
8556.0;80;154;174;126;183;201
8562.0;80;154;174;126;183;201
8568.0;79;154;174;126;183;202
8574.0;79;153;174;127;184;201
8580.0;79;153;174;127;185;200
8586.0;79;153;174;127;185;200
8592.0;80;154;173;127;185;199
8598.0;81;155;172;127;185;198
8604.0;81;154;173;127;185;198
8610.0;81;154;173;128;183;199
8616.0;83;154;172;128;182;199
8622.0;83;155;172;127;182;199
8628.0;83;155;171;127;182;200
8634.0;83;155;171;127;182;200
8640.0;83;156;171;127;182;199
8646.0;83;156;173;126;182;198
8652.0;83;155;173;127;182;198
8658.0;83;155;172;128;182;198
8664.0;83;154;173;128;182;198
8670.0;83;153;173;127;184;198
8676.0;83;154;172;128;184;197
8682.0;83;154;172;128;184;197
8688.0;85;154;172;127;182;198
8694.0;85;154;172;127;182;198
8700.0;84;152;171;127;184;200
8706.0;85;151;171;128;183;200
8712.0;85;151;169;127;183;203
8718.0;86;151;169;127;182;203
8724.0;84;151;169;129;181;204
8730.0;84;151;170;129;181;203
8736.0;83;151;171;129;181;203
8742.0;84;151;170;130;180;203
8748.0;84;151;171;129;180;203
8754.0;84;151;171;128;180;204
8760.0;84;151;171;128;180;204
8766.0;83;151;171;129;180;204
8772.0;83;151;171;129;180;204
8778.0;82;151;172;129;179;205
8784.0;81;150;172;129;179;207
8790.0;80;149;172;130;181;206
8796.0;79;149;172;131;180;207
8802.0;80;149;172;130;180;207
8808.0;80;150;172;129;180;207
8814.0;81;151;171;129;179;207
8820.0;80;152;171;128;181;206
8826.0;80;152;171;129;181;205
8832.0;80;153;170;129;181;205
8838.0;80;153;170;129;181;205
8844.0;79;151;171;130;181;206
8850.0;77;152;171;130;181;207
8856.0;77;152;171;130;182;206
8862.0;79;152;171;129;181;206
8868.0;79;152;171;129;181;206
8874.0;80;152;171;129;182;204
8880.0;79;153;172;129;182;203
8886.0;77;154;172;129;182;204
8892.0;77;154;172;130;181;204
8898.0;79;154;170;130;182;203
8904.0;80;154;168;130;182;204
8910.0;82;154;168;129;182;203
8916.0;82;154;170;128;182;202
8922.0;83;153;171;128;181;202
8928.0;82;153;173;127;182;201
8934.0;81;152;173;128;182;202
8940.0;81;151;173;128;182;203
8946.0;79;152;174;128;182;203
8952.0;79;152;175;126;182;204
8958.0;79;150;176;127;182;204
8964.0;83;149;174;126;183;203
8970.0;84;150;174;124;183;203
8976.0;84;150;174;124;183;203
8982.0;84;150;174;124;183;203
8988.0;84;150;174;124;183;203
8994.0;84;151;174;124;183;202
9000.0;83;150;175;124;184;202
9006.0;83;150;175;124;184;202
9012.0;83;151;175;124;184;201
9018.0;84;152;175;124;182;201
9024.0;82;153;175;125;182;201
9030.0;82;153;175;125;182;201
9036.0;83;154;175;125;182;199
9042.0;83;156;175;125;181;198
9048.0;83;156;176;125;180;198
9054.0;85;156;176;124;180;197
9060.0;85;156;176;123;181;197
9066.0;87;156;175;123;181;196
9072.0;86;156;177;122;181;196
9078.0;86;156;177;121;181;197
9084.0;84;157;178;121;181;197
9090.0;84;156;178;121;181;198
9096.0;83;157;179;120;181;198
9102.0;82;157;180;120;181;198
9108.0;82;158;178;119;183;198
9114.0;82;157;178;119;183;199
9120.0;82;156;177;121;183;199
9126.0;82;155;176;121;183;201
9132.0;81;156;176;121;183;201
9138.0;80;156;176;122;183;201
9144.0;79;156;175;125;182;201
9150.0;80;157;174;124;182;201
9156.0;80;158;174;124;181;201
9162.0;80;158;174;124;181;201
9168.0;78;157;177;124;181;201
9174.0;78;157;177;123;183;200
9180.0;76;157;177;125;183;200
9186.0;76;158;177;125;183;199
9192.0;77;156;180;125;183;197
9198.0;76;157;180;126;183;196
9204.0;78;157;180;125;183;195
9210.0;78;157;180;125;183;195
9216.0;78;157;180;125;183;195
9222.0;78;157;180;125;183;195
9228.0;78;156;180;126;184;194
9234.0;77;156;180;127;183;195
9240.0;77;157;179;127;183;195
9246.0;76;157;179;128;183;195
9252.0;77;157;178;129;182;195
9258.0;78;158;176;129;182;195
9264.0;78;157;178;129;182;194
9270.0;78;157;177;129;181;196
9276.0;77;157;176;128;182;198
9282.0;78;155;176;130;181;198
9288.0;76;155;178;130;181;198
9294.0;76;153;178;131;181;199
9300.0;75;152;178;132;181;200
9306.0;74;152;178;131;182;201
9312.0;74;152;179;131;180;202
9318.0;75;152;178;131;180;202
9324.0;76;150;177;131;182;202
9330.0;75;151;178;131;182;201
9336.0;74;151;179;131;182;201
9342.0;74;152;179;130;182;201
9348.0;73;151;179;130;182;203
9354.0;73;152;177;130;181;205
9360.0;73;152;177;129;181;206
9366.0;72;152;178;129;181;206
9372.0;73;152;177;129;181;206
9378.0;73;152;178;129;181;205
9384.0;74;150;178;129;181;206
9390.0;74;150;178;128;182;206
9396.0;75;149;178;130;182;204
9402.0;74;149;178;131;182;204
9408.0;73;150;178;130;183;204
9414.0;73;148;179;131;183;204
9420.0;75;148;177;131;183;204
9426.0;74;147;178;131;184;204
9432.0;74;147;178;131;184;204
9438.0;74;146;178;131;185;204
9444.0;74;146;178;131;185;204
9450.0;73;146;178;131;185;205
9456.0;72;146;178;133;184;205
9462.0;72;146;177;133;184;206
9468.0;71;146;179;133;183;206
9474.0;72;145;179;133;184;205
9480.0;71;145;180;133;184;205
9486.0;71;144;181;133;184;205
9492.0;72;143;181;133;185;204
9498.0;74;143;181;131;185;204
9504.0;74;143;182;131;184;204
9510.0;75;144;180;132;184;203
9516.0;75;144;180;132;184;203
9522.0;74;144;180;132;184;204
9528.0;72;143;182;131;186;204
9534.0;73;142;181;131;187;204
9540.0;74;142;181;131;185;205
9546.0;75;142;180;131;185;205
9552.0;74;142;180;132;185;205
9558.0;75;142;180;131;185;205
9564.0;76;141;180;131;185;205
9570.0;78;139;179;131;186;205
9576.0;79;139;178;131;186;205
9582.0;79;138;180;131;185;205
9588.0;79;138;180;131;185;205
9594.0;79;138;180;131;185;205
9600.0;79;139;180;131;184;205
9606.0;78;138;179;131;186;206
9612.0;78;137;178;132;187;206
9618.0;78;139;179;132;186;204
9624.0;79;139;181;131;186;202
9630.0;79;138;181;131;186;203
9636.0;79;138;181;132;186;202
9642.0;80;138;181;132;186;201
9648.0;80;137;182;132;186;201
9654.0;79;138;182;131;187;201
9660.0;79;138;182;131;187;201
9666.0;79;138;181;132;187;201
9672.0;79;139;181;132;186;201
9678.0;79;140;182;132;184;201
9684.0;78;140;182;132;185;201
9690.0;78;139;183;132;184;202
9696.0;79;140;181;131;186;201
9702.0;79;140;180;131;186;202
9708.0;79;139;180;132;186;202
9714.0;79;139;179;132;186;203
9720.0;79;139;179;132;186;203
9726.0;79;140;179;131;186;203
9732.0;79;140;179;131;186;203
9738.0;79;140;179;131;186;203
9744.0;78;140;179;131;187;203
9750.0;78;140;180;131;186;203
9756.0;78;141;183;129;185;202
9762.0;77;141;183;128;185;204
9768.0;76;141;183;127;187;204
9774.0;78;141;183;126;187;203
9780.0;78;142;183;126;186;203
9786.0;78;142;184;125;185;204
9792.0;80;142;183;125;183;205
9798.0;80;142;182;125;183;206
9804.0;80;142;182;125;183;206
9810.0;81;142;182;124;182;207
9816.0;81;140;182;124;182;209
9822.0;79;140;183;124;183;209
9828.0;80;139;182;125;182;210
9834.0;80;138;181;127;184;208
9840.0;80;138;182;126;184;208
9846.0;79;138;183;126;184;208
9852.0;79;138;183;126;184;208
9858.0;78;138;184;126;184;208
9864.0;77;139;185;126;183;208
9870.0;77;139;185;126;183;208
9876.0;77;137;186;129;182;207
9882.0;76;137;186;130;182;207
9888.0;76;137;187;129;182;207
9894.0;75;134;188;130;183;208
9900.0;75;133;189;130;184;207
9906.0;76;133;189;130;183;207
9912.0;76;133;189;132;180;208
9918.0;76;133;190;132;179;208
9924.0;77;132;190;132;179;208
9930.0;78;132;189;132;179;208
9936.0;78;132;188;133;180;207
9942.0;78;132;187;134;180;207
9948.0;78;132;187;133;181;207
9954.0;78;133;187;134;179;207
9960.0;78;133;188;133;179;207
9966.0;78;133;188;133;179;207
9972.0;78;134;188;133;178;207
9978.0;78;134;190;132;177;207
9984.0;78;132;190;132;177;209
9990.0;78;133;189;131;177;210
9996.0;79;133;190;131;176;209
10002.0;77;133;188;132;178;210
10008.0;78;132;189;131;178;210
10014.0;80;132;188;130;178;210
10020.0;80;132;188;130;178;210
10026.0;80;132;187;130;179;210
10032.0;80;132;185;130;180;211
10038.0;79;132;185;130;181;211
10044.0;79;132;185;130;181;211
10050.0;78;132;184;131;182;211
10056.0;78;132;184;131;182;211
10062.0;78;132;185;131;181;211
10068.0;78;132;185;131;181;211
10074.0;78;132;185;131;181;211
10080.0;80;132;185;131;180;210
10086.0;81;132;184;131;180;210
10092.0;79;133;185;132;180;209
10098.0;79;133;185;132;181;208
10104.0;79;133;185;132;181;208
10110.0;80;134;184;132;181;207
10116.0;81;133;184;131;182;207
10122.0;81;134;184;130;182;207
10128.0;81;134;184;131;181;207
10134.0;80;135;184;131;181;207
10140.0;80;135;184;131;181;207
10146.0;79;134;185;132;180;208
10152.0;79;136;185;132;179;207
10158.0;79;137;185;130;179;208
10164.0;79;139;183;129;179;209
10170.0;79;139;183;130;179;208
10176.0;79;138;182;130;180;209
10182.0;77;138;182;131;181;209
10188.0;78;137;181;133;181;208
10194.0;79;137;181;133;181;207
10200.0;80;137;182;132;181;206
10206.0;80;138;182;130;182;206
10212.0;79;136;184;131;182;206
10218.0;80;136;186;127;183;206
10224.0;80;136;186;127;181;208
10230.0;79;136;186;128;181;208
10236.0;79;135;187;128;181;208
10242.0;79;134;186;128;182;209
10248.0;79;134;186;127;182;210
10254.0;78;135;186;127;180;212
10260.0;78;135;186;127;180;212
10266.0;78;135;185;127;180;213
10272.0;78;135;185;127;180;213
10278.0;79;134;185;127;180;213
10284.0;80;133;186;126;179;214
10290.0;78;133;186;126;180;215
10296.0;78;133;186;125;181;215
10302.0;78;131;186;126;182;215
10308.0;77;130;187;128;182;214
10314.0;76;131;186;128;182;215
10320.0;75;132;187;128;182;214
10326.0;75;132;187;128;182;214
10332.0;74;132;187;129;182;214
10338.0;74;131;188;130;182;213
10344.0;75;130;187;131;182;213
10350.0;76;130;186;131;182;213
10356.0;76;130;185;131;183;213
10362.0;77;131;182;133;183;212
10368.0;77;128;184;131;183;215
10374.0;77;129;184;131;184;213
10380.0;77;128;184;131;185;213
10386.0;77;127;184;131;185;214
10392.0;76;129;184;132;183;214
10398.0;76;128;182;134;184;214
10404.0;75;129;183;135;184;212
10410.0;75;129;182;136;184;212
10416.0;76;130;181;135;184;212
10422.0;76;131;180;135;184;212
10428.0;75;131;182;133;183;214
10434.0;75;130;183;135;182;213
10440.0;73;131;183;134;183;214
10446.0;73;128;184;134;184;215
10452.0;73;128;183;133;186;215
10458.0;73;130;183;133;185;214
10464.0;74;130;183;133;184;214
10470.0;75;129;182;134;183;215
10476.0;75;130;182;134;183;214
10482.0;74;130;183;133;183;215
10488.0;75;130;184;134;181;214
10494.0;75;130;185;134;180;214
10500.0;74;130;185;134;181;214
10506.0;74;130;184;135;180;215
10512.0;74;128;184;135;181;216
10518.0;75;127;184;135;180;217
10524.0;75;127;183;136;180;217
10530.0;77;127;183;136;178;217
10536.0;77;126;185;135;178;217
10542.0;77;126;184;135;178;218
10548.0;77;126;184;135;178;218
10554.0;77;126;184;135;178;218
10560.0;77;126;184;135;178;218
10566.0;78;125;184;136;177;218
10572.0;77;122;185;136;179;219
10578.0;77;121;185;135;180;220
10584.0;78;120;187;135;179;219
10590.0;76;120;188;136;180;218
10596.0;77;119;188;136;181;217
10602.0;76;118;188;137;182;217
10608.0;76;118;188;136;182;218
10614.0;76;118;188;137;181;218
10620.0;75;118;188;138;181;218
10626.0;75;118;188;140;180;217
10632.0;74;119;188;140;181;216
10638.0;74;119;189;141;181;214
10644.0;74;119;188;140;183;214
10650.0;75;120;188;140;182;213
10656.0;75;120;189;138;182;214
10662.0;73;118;187;138;183;219
10668.0;74;117;187;138;183;219
10674.0;74;117;187;138;183;219
10680.0;74;118;188;137;183;218
10686.0;74;118;188;138;183;217
10692.0;74;118;188;138;183;217
10698.0;72;121;186;139;183;217
10704.0;71;120;185;140;184;218
10710.0;72;118;185;141;183;219
10716.0;73;118;184;141;183;219
10722.0;73;118;184;141;183;219
10728.0;73;118;183;141;184;219
10734.0;73;119;182;139;186;219
10740.0;73;120;182;139;185;219
10746.0;71;118;183;141;185;220
10752.0;71;118;184;141;185;219
10758.0;73;117;184;142;184;218
10764.0;73;117;183;143;184;218
10770.0;73;117;184;143;184;217
10776.0;73;118;184;142;185;216
10782.0;74;118;185;141;184;216
10788.0;76;117;185;141;184;215
10794.0;77;117;185;141;183;215
