#auto generated file!
12.0;82;106;97;95;108;118
18.0;82;106;98;95;107;118
24.0;83;106;97;95;107;118
30.0;84;105;97;95;107;118
36.0;82;106;96;96;107;119
42.0;81;108;95;95;105;122
48.0;82;106;95;96;105;122
54.0;82;106;96;95;105;122
60.0;82;106;96;95;105;122
66.0;82;108;97;95;104;120
72.0;81;108;97;95;103;122
78.0;80;110;96;95;103;122
84.0;79;111;96;95;103;122
90.0;78;112;96;95;104;121
96.0;79;111;96;95;104;121
102.0;79;111;96;95;104;121
108.0;78;112;96;94;105;121
114.0;77;112;97;93;105;122
120.0;77;111;97;93;106;122
126.0;76;111;96;94;108;121
132.0;75;111;97;94;108;121
138.0;71;111;96;94;110;124
144.0;70;111;96;94;110;125
150.0;69;111;96;94;111;125
156.0;68;111;97;94;112;124
162.0;68;111;97;94;113;123
168.0;67;111;97;94;114;123
174.0;66;111;98;93;115;123
180.0;66;111;98;93;115;123
186.0;66;110;98;93;115;124
192.0;66;110;99;92;115;124
198.0;66;110;99;93;114;124
204.0;66;110;99;93;114;124
210.0;67;109;99;93;114;124
216.0;67;109;99;93;114;124
222.0;68;109;98;93;114;124
228.0;67;109;99;93;114;124
234.0;66;109;99;93;115;124
240.0;66;109;99;93;115;124
246.0;66;109;99;93;115;124
252.0;67;109;100;93;115;122
258.0;66;110;99;93;115;123
264.0;66;110;99;93;115;123
270.0;66;109;99;93;116;123
276.0;66;109;99;93;116;123
282.0;66;109;99;92;116;124
288.0;66;108;100;92;116;124
294.0;66;108;100;93;116;123
300.0;66;108;100;92;116;124
306.0;66;109;100;91;116;124
312.0;67;108;100;91;116;124
318.0;65;109;100;90;117;125
324.0;64;111;99;90;117;125
330.0;63;111;99;89;119;125
336.0;64;111;99;88;119;125
342.0;63;113;99;87;119;125
348.0;62;113;100;88;118;125
354.0;62;114;100;88;117;125
360.0;62;114;100;88;117;125
366.0;62;114;100;88;117;125
372.0;62;114;100;88;117;125
378.0;63;113;100;88;117;125
384.0;63;112;101;88;117;125
390.0;63;112;101;87;118;125
396.0;63;112;101;87;118;125
402.0;64;112;101;87;117;125
408.0;64;112;101;87;117;125
414.0;64;112;100;88;117;125
420.0;64;113;101;88;116;124
426.0;64;114;100;88;114;126
432.0;65;115;99;87;115;125
438.0;66;115;98;88;113;126
444.0;66;115;98;87;113;127
450.0;67;113;99;87;113;127
456.0;67;113;99;87;113;127
462.0;67;113;99;87;113;127
468.0;66;114;100;86;113;127
474.0;67;115;101;85;111;127
480.0;67;114;101;86;110;128
486.0;67;114;101;86;111;127
492.0;66;113;102;86;112;127
498.0;66;113;102;85;113;127
504.0;66;113;103;85;113;126
510.0;66;113;103;86;113;125
516.0;64;113;102;87;115;125
522.0;65;112;102;86;116;125
528.0;65;112;101;87;116;125
534.0;66;112;100;87;116;125
540.0;66;111;100;88;117;124
546.0;66;111;100;88;117;124
552.0;66;110;100;88;117;125
558.0;65;111;100;88;117;125
564.0;65;111;100;88;117;125
570.0;66;111;100;87;117;125
576.0;67;110;99;87;117;126
582.0;67;110;99;87;117;126
588.0;67;110;99;87;117;126
594.0;67;110;99;88;116;126
600.0;68;110;100;87;116;125
606.0;67;110;100;87;117;125
612.0;68;110;99;87;117;125
618.0;67;110;99;87;118;125
624.0;68;109;98;88;117;126
630.0;68;109;98;86;118;127
636.0;68;108;100;84;118;128
642.0;68;110;100;83;117;128
648.0;69;108;99;84;117;129
654.0;70;109;99;84;117;127
660.0;71;109;100;84;116;126
666.0;72;109;99;84;116;126
672.0;72;110;99;83;117;125
678.0;72;110;99;82;117;126
684.0;71;111;99;81;119;125
690.0;71;112;98;81;119;125
696.0;70;113;96;81;120;126
702.0;70;114;96;80;120;126
708.0;70;114;96;80;120;126
714.0;70;114;96;78;122;126
720.0;69;114;96;78;123;126
726.0;69;114;96;78;123;126
732.0;69;113;96;78;124;126
738.0;69;112;96;79;124;126
744.0;69;112;96;79;124;126
750.0;69;112;96;79;124;126
756.0;70;112;95;78;124;127
762.0;69;112;95;78;124;128
768.0;69;112;97;77;124;127
774.0;69;112;96;77;124;128
780.0;69;111;96;77;124;129
786.0;69;111;97;76;124;129
792.0;68;111;97;76;124;130
798.0;68;111;97;76;124;130
804.0;67;111;97;77;124;130
810.0;68;111;97;77;124;129
816.0;68;111;97;77;124;129
822.0;68;111;97;77;124;129
828.0;68;111;98;78;122;129
834.0;70;111;99;77;121;128
840.0;70;111;100;76;121;128
846.0;71;111;100;77;120;127
852.0;69;112;100;77;121;127
858.0;69;112;100;76;122;127
864.0;68;112;100;77;122;127
870.0;68;112;100;77;121;128
876.0;68;112;100;77;121;128
882.0;68;112;100;77;121;128
888.0;68;112;100;77;121;128
894.0;70;110;100;77;121;128
900.0;70;110;100;77;121;128
906.0;70;109;100;78;121;128
912.0;69;109;100;79;121;128
918.0;68;110;100;78;121;129
924.0;67;111;100;78;121;129
930.0;67;110;100;78;122;129
936.0;67;110;100;78;122;129
942.0;65;110;100;78;123;130
948.0;67;108;100;78;123;130
954.0;68;109;100;78;123;128
960.0;68;110;99;78;123;128
966.0;68;111;96;78;125;128
972.0;67;111;96;78;125;129
978.0;68;110;96;78;125;129
984.0;68;110;96;78;125;129
990.0;69;111;95;78;125;128
996.0;68;111;96;78;124;129
1002.0;68;110;96;78;124;130
1008.0;68;110;96;78;125;129
1014.0;70;109;96;78;125;128
1020.0;71;109;97;77;125;127
1026.0;70;110;97;77;125;127
1032.0;70;109;96;79;125;127
1038.0;69;108;97;80;125;127
1044.0;68;108;97;80;125;128
1050.0;68;108;98;81;124;127
1056.0;67;109;98;81;125;126
1062.0;67;109;98;81;124;127
1068.0;67;109;98;81;124;127
1074.0;67;109;99;81;123;127
1080.0;67;109;99;82;121;128
1086.0;70;108;98;81;121;128
1092.0;70;108;98;81;121;128
1098.0;70;108;98;81;121;128
1104.0;71;107;98;81;121;128
1110.0;71;108;98;81;121;127
1116.0;71;108;98;81;121;127
1122.0;72;108;98;81;120;127
1128.0;72;107;99;81;120;127
1134.0;72;107;99;81;120;127
1140.0;71;107;99;81;121;127
1146.0;70;106;99;82;122;127
1152.0;69;107;99;82;121;128
1158.0;69;107;99;82;121;128
1164.0;68;108;100;81;121;128
1170.0;68;108;101;80;121;128
1176.0;67;107;100;82;121;129
1182.0;67;107;99;83;121;129
1188.0;68;106;99;83;121;129
1194.0;68;106;98;84;121;129
1200.0;68;105;99;84;122;128
1206.0;68;105;99;84;122;128
1212.0;68;105;99;84;122;128
1218.0;68;105;98;85;122;128
1224.0;66;106;98;86;122;128
1230.0;66;106;98;86;122;128
1236.0;66;107;97;87;121;128
1242.0;67;107;97;86;121;128
1248.0;67;108;98;86;120;127
1254.0;66;109;98;86;120;127
1260.0;66;108;98;86;120;128
1266.0;66;108;98;86;120;128
1272.0;67;108;97;87;119;128
1278.0;67;108;97;87;119;128
1284.0;69;108;98;87;118;126
1290.0;70;108;98;86;118;126
1296.0;69;107;98;87;119;126
1302.0;70;107;98;86;119;126
1308.0;69;107;100;86;118;126
1314.0;68;107;100;88;117;126
1320.0;68;107;100;88;117;126
1326.0;67;108;100;88;117;126
1332.0;67;108;100;88;116;127
1338.0;67;108;100;88;116;127
1344.0;68;110;99;87;115;127
1350.0;68;109;99;88;115;127
1356.0;69;109;98;88;115;127
1362.0;70;108;99;88;115;126
1368.0;70;108;99;88;115;126
1374.0;70;108;98;89;115;126
1380.0;70;108;98;89;115;126
1386.0;68;107;98;91;117;125
1392.0;68;108;98;91;117;124
1398.0;69;109;99;91;115;123
1404.0;70;111;98;91;114;122
1410.0;71;112;98;90;113;122
1416.0;71;111;98;90;114;122
1422.0;71;110;99;90;114;122
1428.0;71;110;99;89;115;122
1434.0;71;111;99;89;115;121
1440.0;71;111;100;88;115;121
1446.0;71;111;102;88;113;121
1452.0;70;112;102;88;113;121
1458.0;69;112;102;89;113;121
1464.0;68;112;104;88;112;122
1470.0;68;113;104;88;112;121
1476.0;67;113;104;88;113;121
1482.0;66;113;104;89;113;121
1488.0;66;113;104;89;113;121
1494.0;66;113;104;88;114;121
1500.0;66;113;104;88;114;121
1506.0;67;113;104;87;114;121
1512.0;66;113;104;86;114;123
1518.0;67;112;104;87;114;122
1524.0;66;113;104;87;115;121
1530.0;65;112;104;87;116;122
1536.0;64;112;104;87;117;122
1542.0;64;112;104;87;117;122
1548.0;64;112;104;88;116;122
1554.0;63;111;104;89;116;123
1560.0;63;112;105;87;116;123
1566.0;63;112;105;87;116;123
1572.0;63;111;105;87;117;123
1578.0;63;112;106;86;117;122
1584.0;62;111;107;87;117;122
1590.0;62;111;107;87;117;122
1596.0;62;111;107;87;117;122
1602.0;61;113;107;86;116;123
1608.0;61;112;107;87;116;123
1614.0;60;113;108;87;116;122
1620.0;60;112;108;87;116;123
1626.0;60;112;107;88;117;122
1632.0;60;112;107;87;118;122
1638.0;60;112;107;87;118;122
1644.0;60;111;107;87;118;123
1650.0;60;112;106;87;118;123
1656.0;60;112;105;88;118;123
1662.0;59;112;105;89;118;123
1668.0;59;112;105;89;118;123
1674.0;59;112;105;89;119;122
1680.0;59;113;104;88;119;123
1686.0;60;111;104;89;120;122
1692.0;60;110;104;89;121;122
1698.0;60;110;105;88;119;124
1704.0;60;110;105;88;118;125
1710.0;60;110;105;88;118;125
1716.0;60;110;105;88;118;125
1722.0;60;110;105;90;118;123
1728.0;58;110;105;93;117;123
1734.0;57;110;105;93;118;123
1740.0;56;109;107;94;117;123
1746.0;56;109;105;95;118;123
1752.0;56;109;105;95;119;122
1758.0;56;108;105;95;119;123
1764.0;56;108;105;95;119;123
1770.0;57;108;105;95;119;122
1776.0;58;108;105;95;118;122
1782.0;58;108;105;95;118;122
1788.0;57;108;104;93;121;123
1794.0;57;108;105;93;121;122
1800.0;57;109;105;91;121;123
1806.0;57;109;105;91;121;123
1812.0;56;108;105;92;122;123
1818.0;57;107;105;93;121;123
1824.0;56;107;105;93;122;123
1830.0;58;107;104;94;120;123
1836.0;58;107;104;93;120;124
1842.0;57;107;106;94;118;124
1848.0;56;107;104;97;118;124
1854.0;56;107;104;97;118;124
1860.0;56;108;104;97;116;125
1866.0;55;108;105;96;117;125
1872.0;55;108;105;96;117;125
1878.0;55;109;105;95;116;126
1884.0;55;109;104;96;116;126
1890.0;55;109;104;96;116;126
1896.0;55;109;104;95;116;127
1902.0;55;109;106;95;114;127
1908.0;55;108;107;95;114;127
1914.0;55;108;106;96;114;127
1920.0;55;108;106;96;114;127
1926.0;55;106;108;96;115;126
1932.0;55;105;108;97;115;126
1938.0;56;105;107;96;115;127
1944.0;56;104;107;96;116;127
1950.0;56;105;107;96;116;126
1956.0;54;107;107;96;116;126
1962.0;54;107;107;95;117;126
1968.0;55;106;107;96;116;126
1974.0;55;106;107;96;116;126
1980.0;55;108;107;96;116;124
1986.0;55;108;107;96;116;124
1992.0;54;108;107;96;117;124
1998.0;54;108;107;96;117;124
2004.0;54;108;107;96;117;124
2010.0;53;110;106;96;116;125
2016.0;52;111;106;96;116;125
2022.0;52;111;106;96;117;124
2028.0;52;111;107;95;116;125
2034.0;51;112;108;95;116;124
2040.0;50;112;109;95;116;124
2046.0;50;112;108;95;116;125
2052.0;50;113;108;96;114;125
2058.0;50;113;108;96;114;125
2064.0;50;111;108;97;115;125
2070.0;51;112;109;96;114;124
2076.0;52;112;109;95;114;124
2082.0;52;113;109;95;114;123
2088.0;51;114;109;94;114;124
2094.0;50;114;110;95;114;123
2100.0;49;114;111;96;114;122
2106.0;49;113;114;95;113;122
2112.0;49;113;114;94;114;122
2118.0;49;114;114;93;114;122
2124.0;49;114;114;93;114;122
2130.0;46;113;115;95;114;123
2136.0;46;113;116;94;114;123
2142.0;46;113;117;94;113;123
2148.0;46;113;117;94;113;123
2154.0;46;113;118;94;112;123
2160.0;46;113;118;94;112;123
2166.0;46;112;118;94;113;123
2172.0;46;111;118;94;114;123
2178.0;46;110;118;96;113;123
2184.0;46;110;118;97;113;122
2190.0;46;110;118;97;113;122
2196.0;46;110;118;96;115;121
2202.0;47;110;118;95;115;121
2208.0;47;110;117;94;116;122
2214.0;48;111;115;95;115;122
2220.0;48;110;116;95;115;122
2226.0;48;110;116;95;115;122
2232.0;49;110;116;95;115;121
2238.0;49;109;117;94;115;122
2244.0;49;109;116;94;116;122
2250.0;49;108;116;94;117;122
2256.0;50;108;116;94;116;122
2262.0;50;108;116;94;116;122
2268.0;50;108;115;95;115;123
2274.0;49;109;115;95;115;123
2280.0;48;109;116;94;116;123
2286.0;48;108;117;94;116;123
2292.0;48;107;118;93;116;124
2298.0;48;107;118;93;116;124
2304.0;49;107;117;93;116;124
2310.0;49;106;117;92;117;125
2316.0;49;106;117;92;117;125
2322.0;49;106;117;92;117;125
2328.0;49;106;117;92;117;125
2334.0;51;106;117;91;117;124
2340.0;51;107;117;91;117;123
2346.0;51;107;116;91;118;123
2352.0;51;107;115;91;119;123
2358.0;50;108;115;91;119;123
2364.0;52;108;115;90;118;123
2370.0;52;109;115;89;118;123
2376.0;53;109;115;88;118;123
2382.0;53;110;115;88;117;123
2388.0;53;109;115;89;116;124
2394.0;54;110;115;89;114;124
2400.0;53;109;116;89;115;124
2406.0;53;108;117;89;115;124
2412.0;52;108;117;89;115;125
2418.0;52;108;117;90;115;124
2424.0;52;108;117;90;115;124
2430.0;52;108;117;90;115;124
2436.0;54;108;116;89;115;124
2442.0;54;107;117;89;115;124
2448.0;53;107;116;90;115;125
2454.0;53;107;116;90;114;126
2460.0;53;107;116;90;114;126
2466.0;53;107;116;90;114;126
2472.0;52;107;117;90;114;126
2478.0;51;107;117;91;113;127
2484.0;51;107;117;91;113;127
2490.0;52;107;117;92;112;126
2496.0;52;107;116;93;112;126
2502.0;52;107;116;93;112;126
2508.0;52;108;115;91;113;127
2514.0;52;107;116;90;114;127
2520.0;53;107;115;90;114;127
2526.0;53;106;115;91;114;127
2532.0;52;106;115;91;114;128
2538.0;52;105;116;91;114;128
2544.0;53;105;116;91;114;127
2550.0;53;106;115;90;115;127
2556.0;53;106;116;90;114;127
2562.0;53;106;116;89;115;127
2568.0;53;108;116;89;113;127
2574.0;53;108;116;90;113;126
2580.0;52;109;116;90;113;126
2586.0;52;110;116;89;113;126
2592.0;51;109;116;90;113;127
2598.0;51;107;115;91;113;129
2604.0;50;107;116;90;114;129
2610.0;50;107;116;89;115;129
2616.0;51;108;115;89;114;129
2622.0;51;109;114;90;114;128
2628.0;51;110;114;89;114;128
2634.0;51;108;115;91;114;127
2640.0;51;109;115;90;115;126
2646.0;51;109;115;90;115;126
2652.0;50;109;115;90;115;127
2658.0;49;109;115;92;114;127
2664.0;49;109;114;93;114;127
2670.0;49;108;114;93;115;127
2676.0;50;107;114;93;115;127
2682.0;50;108;113;92;116;127
2688.0;50;108;113;91;117;127
2694.0;50;108;113;91;117;127
2700.0;50;109;114;89;117;127
2706.0;50;109;113;89;117;128
2712.0;50;110;113;89;116;128
2718.0;51;109;113;89;116;128
2724.0;51;110;112;89;116;128
2730.0;53;110;111;89;116;127
2736.0;53;110;111;89;116;127
2742.0;52;110;110;90;116;128
2748.0;51;110;111;90;117;127
2754.0;51;110;111;89;118;127
2760.0;51;110;113;88;117;127
2766.0;51;110;114;89;115;127
2772.0;51;110;115;89;115;126
2778.0;51;110;115;88;115;127
2784.0;51;110;115;88;115;127
2790.0;52;110;114;88;115;127
2796.0;53;110;114;88;115;126
2802.0;53;110;115;88;114;126
2808.0;54;110;114;88;115;125
2814.0;53;111;114;88;115;125
2820.0;53;112;114;88;115;124
2826.0;53;112;114;89;115;123
2832.0;53;110;114;89;116;124
2838.0;52;112;113;89;116;124
2844.0;51;114;114;89;115;123
2850.0;51;115;113;89;115;123
2856.0;52;115;111;89;116;123
2862.0;52;117;111;89;114;123
2868.0;51;117;111;90;114;123
2874.0;51;118;111;90;113;123
2880.0;52;117;111;90;113;123
2886.0;52;117;112;89;113;123
2892.0;51;117;112;89;114;123
2898.0;50;117;112;90;114;123
2904.0;51;115;113;90;113;124
2910.0;50;114;115;90;113;124
2916.0;51;113;115;91;112;124
2922.0;51;112;114;91;113;125
2928.0;51;112;114;92;112;125
2934.0;50;112;115;92;112;125
2940.0;49;112;116;92;113;124
2946.0;49;112;116;92;113;124
2952.0;48;112;116;92;113;125
2958.0;48;108;117;96;113;124
2964.0;48;109;116;95;114;124
2970.0;48;109;116;96;114;123
2976.0;50;109;116;96;112;123
2982.0;50;109;116;96;112;123
2988.0;50;108;116;96;112;124
2994.0;48;107;116;96;114;125
3000.0;48;107;116;96;115;124
3006.0;48;107;115;96;115;125
3012.0;47;106;115;97;116;125
3018.0;46;106;115;97;117;125
3024.0;45;107;115;97;117;125
3030.0;45;106;116;98;116;125
3036.0;45;106;116;98;116;125
3042.0;45;106;115;97;118;125
3048.0;46;105;116;97;118;124
3054.0;47;105;117;96;117;124
3060.0;47;105;118;97;116;123
3066.0;47;105;119;95;115;125
3072.0;48;104;120;93;114;127
3078.0;48;104;120;93;114;127
3084.0;48;104;120;93;114;127
3090.0;49;104;120;93;114;126
3096.0;49;102;121;93;114;127
3102.0;49;102;121;93;114;127
3108.0;48;104;121;93;114;126
3114.0;47;105;122;92;114;126
3120.0;48;105;122;91;114;126
3126.0;49;105;122;91;114;125
3132.0;50;105;121;91;114;125
3138.0;50;104;122;91;114;125
3144.0;50;104;122;91;114;125
3150.0;49;104;122;91;114;126
3156.0;49;104;121;92;114;126
3162.0;49;104;121;92;114;126
3168.0;49;103;122;92;113;127
3174.0;49;104;122;91;113;127
3180.0;50;104;122;90;114;126
3186.0;50;104;122;90;115;125
3192.0;49;104;123;89;116;125
3198.0;48;104;122;90;116;126
3204.0;47;104;123;90;116;126
3210.0;47;104;123;89;116;127
3216.0;47;105;124;88;116;126
3222.0;47;105;124;88;116;126
3228.0;46;105;124;88;116;127
3234.0;46;104;123;89;116;128
3240.0;46;104;123;89;116;128
3246.0;47;104;122;89;116;128
3252.0;45;102;124;91;116;128
3258.0;45;102;125;90;116;128
3264.0;45;102;124;90;117;128
3270.0;46;102;126;89;117;126
3276.0;47;100;128;89;116;126
3282.0;47;99;129;89;116;126
3288.0;47;99;129;89;116;126
3294.0;46;98;129;90;117;126
3300.0;46;97;129;90;118;126
3306.0;47;97;129;89;119;125
3312.0;47;97;128;90;119;125
3318.0;47;97;128;90;119;125
3324.0;48;97;128;89;119;125
3330.0;47;97;127;87;122;126
3336.0;47;99;126;87;121;126
3342.0;47;99;126;87;121;126
3348.0;47;99;126;87;121;126
3354.0;48;99;125;87;121;126
3360.0;49;98;125;86;121;127
3366.0;49;98;125;86;120;128
3372.0;49;98;125;85;121;128
3378.0;49;101;123;86;120;127
3384.0;49;101;123;86;120;127
3390.0;50;101;123;87;119;126
3396.0;49;101;124;87;119;126
3402.0;49;102;125;86;119;125
3408.0;49;103;124;86;118;126
3414.0;49;103;124;86;118;126
3420.0;49;104;124;86;117;126
3426.0;50;104;124;86;117;125
3432.0;51;104;124;86;117;124
3438.0;49;105;124;86;118;124
3444.0;49;106;122;86;118;125
3450.0;49;107;122;86;118;124
3456.0;49;107;122;86;117;125
3462.0;49;107;122;86;117;125
3468.0;48;108;122;86;116;126
3474.0;47;108;123;87;116;125
3480.0;48;106;121;88;118;125
3486.0;47;107;121;88;118;125
3492.0;47;106;122;88;118;125
3498.0;46;106;124;88;118;124
3504.0;46;106;124;88;118;124
3510.0;46;105;125;87;118;125
3516.0;46;105;125;87;118;125
3522.0;46;105;125;87;118;125
3528.0;46;105;125;87;118;125
3534.0;45;104;125;89;118;125
3540.0;45;104;125;89;119;124
3546.0;45;104;126;91;117;123
3552.0;46;104;125;91;117;123
3558.0;45;104;125;91;117;124
3564.0;44;103;126;92;117;124
3570.0;44;103;125;92;118;124
3576.0;44;103;125;92;118;124
3582.0;44;103;125;92;118;124
3588.0;45;102;126;90;118;125
3594.0;45;103;126;90;117;125
3600.0;44;103;126;91;117;125
3606.0;45;103;125;91;117;125
3612.0;44;103;127;90;117;125
3618.0;44;103;127;89;117;126
3624.0;44;103;127;89;117;126
3630.0;44;103;127;89;116;127
3636.0;44;103;127;88;117;127
3642.0;45;103;127;88;117;126
3648.0;46;100;126;90;117;127
3654.0;46;100;127;90;117;126
3660.0;47;99;125;91;117;127
3666.0;48;99;125;91;116;127
3672.0;48;99;125;91;116;127
3678.0;48;99;125;91;116;127
3684.0;47;97;125;92;117;128
3690.0;47;97;125;91;118;128
3696.0;47;98;125;90;118;128
3702.0;46;98;125;91;118;128
3708.0;47;99;124;90;116;130
3714.0;46;100;124;90;115;131
3720.0;46;100;124;90;116;130
3726.0;46;100;124;90;116;130
3732.0;46;100;124;90;115;131
3738.0;46;102;124;90;114;130
3744.0;47;103;123;89;115;129
3750.0;45;104;123;88;116;130
3756.0;45;103;123;89;116;130
3762.0;46;103;122;89;116;130
3768.0;47;104;120;89;116;130
3774.0;47;104;120;89;116;130
3780.0;47;104;120;89;117;129
3786.0;47;105;119;90;117;128
3792.0;47;104;119;90;117;129
3798.0;47;105;119;90;116;129
3804.0;49;105;118;90;115;129
3810.0;49;105;118;90;115;129
3816.0;49;106;117;90;115;129
3822.0;48;106;118;90;115;129
3828.0;48;106;118;90;116;128
3834.0;48;104;118;92;116;128
3840.0;48;103;118;92;117;128
3846.0;48;103;118;92;117;128
3852.0;48;103;118;92;117;128
3858.0;48;102;119;93;116;128
3864.0;49;102;118;93;116;128
3870.0;49;102;117;93;117;128
3876.0;49;101;118;92;118;128
3882.0;49;101;118;94;118;126
3888.0;50;101;117;94;118;126
3894.0;50;100;116;97;117;126
3900.0;50;100;116;97;116;127
3906.0;50;100;116;97;115;128
3912.0;49;102;116;97;114;128
3918.0;49;100;116;98;114;129
3924.0;47;98;117;99;115;130
3930.0;49;97;117;99;114;130
3936.0;48;98;117;100;113;130
3942.0;48;98;117;100;113;130
3948.0;48;97;116;100;114;131
3954.0;48;97;117;100;113;131
3960.0;48;97;117;101;113;130
3966.0;50;96;117;100;113;130
3972.0;50;96;117;100;113;130
3978.0;50;96;117;100;113;130
3984.0;50;96;117;100;113;130
3990.0;50;96;117;100;113;130
3996.0;50;96;116;101;112;131
4002.0;49;96;117;101;112;131
4008.0;48;96;116;101;113;132
4014.0;48;97;116;99;113;133
4020.0;48;97;116;99;113;133
4026.0;47;96;116;99;113;135
4032.0;48;94;116;100;113;135
4038.0;48;94;116;100;113;135
4044.0;48;94;116;100;113;135
4050.0;48;94;116;100;113;135
4056.0;48;94;116;100;113;135
4062.0;48;94;116;100;113;135
4068.0;48;94;115;100;114;135
4074.0;48;94;115;100;114;135
4080.0;47;94;115;101;114;135
4086.0;47;95;114;101;114;135
4092.0;47;95;113;102;114;135
4098.0;47;94;113;102;114;136
4104.0;47;94;114;102;114;135
4110.0;49;94;113;101;114;135
4116.0;48;95;112;102;114;135
4122.0;49;94;112;101;114;136
4128.0;47;94;112;102;114;137
4134.0;47;95;112;102;114;136
4140.0;46;95;113;102;113;137
4146.0;46;95;113;101;113;138
4152.0;46;96;112;100;114;138
4158.0;47;97;111;99;114;138
4164.0;46;97;111;99;115;138
4170.0;48;95;111;99;115;138
4176.0;48;95;112;99;115;137
4182.0;49;95;112;97;116;137
4188.0;49;95;112;97;116;137
4194.0;49;94;111;98;116;138
4200.0;48;93;111;99;116;139
4206.0;48;93;111;99;116;139
4212.0;48;93;111;99;116;139
4218.0;49;92;112;98;115;140
4224.0;49;94;112;98;113;140
4230.0;49;94;111;98;113;141
4236.0;49;97;110;98;112;140
4242.0;49;97;110;98;112;140
4248.0;49;97;110;98;112;140
4254.0;49;96;111;98;111;141
4260.0;49;96;111;98;111;141
4266.0;50;96;112;98;110;140
4272.0;51;96;110;99;110;140
4278.0;50;97;110;99;110;140
4284.0;50;97;110;98;111;140
4290.0;49;99;109;98;111;140
4296.0;49;99;109;97;111;141
4302.0;49;98;111;97;111;140
4308.0;49;98;111;96;112;140
4314.0;49;98;111;96;112;140
4320.0;50;98;111;96;111;140
4326.0;50;98;111;96;111;140
4332.0;50;98;111;96;111;140
4338.0;49;98;111;96;111;141
4344.0;49;98;111;96;111;141
4350.0;49;99;111;96;111;140
4356.0;49;98;112;96;111;140
4362.0;50;98;112;96;110;140
4368.0;49;100;111;97;110;139
4374.0;49;100;111;98;109;139
4380.0;50;99;113;97;109;138
4386.0;49;99;112;97;110;139
4392.0;49;99;112;97;110;139
4398.0;50;99;111;97;110;139
4404.0;51;99;111;96;110;139
4410.0;50;99;111;96;111;139
4416.0;50;99;111;96;111;139
4422.0;50;99;110;96;111;140
4428.0;50;99;110;97;110;140
4434.0;50;98;110;98;110;140
4440.0;50;97;110;98;111;140
4446.0;50;98;110;97;111;140
4452.0;50;98;110;97;111;140
4458.0;50;99;109;98;112;138
4464.0;49;99;109;98;113;138
4470.0;49;99;109;98;114;137
4476.0;49;99;109;98;114;137
4482.0;49;98;109;100;114;136
4488.0;48;98;110;100;114;136
4494.0;48;98;110;100;113;137
4500.0;48;97;110;100;113;138
4506.0;48;96;110;100;113;139
4512.0;49;96;110;98;115;138
4518.0;49;96;110;98;115;138
4524.0;49;97;110;97;115;138
4530.0;49;97;110;97;115;138
4536.0;49;96;110;97;116;138
4542.0;49;96;110;96;116;139
4548.0;49;97;109;96;116;139
4554.0;49;97;109;95;116;140
4560.0;50;96;109;95;117;139
4566.0;49;96;109;96;117;139
4572.0;48;96;109;96;117;140
4578.0;48;96;109;96;117;140
4584.0;48;97;109;95;116;141
4590.0;48;97;109;95;115;142
4596.0;48;96;109;96;115;142
4602.0;48;96;109;96;115;142
4608.0;48;96;109;97;115;141
4614.0;49;96;108;96;115;142
4620.0;48;96;108;96;116;142
4626.0;48;96;109;95;116;142
4632.0;49;96;109;95;116;141
4638.0;49;96;110;96;115;140
4644.0;49;96;110;96;116;139
4650.0;50;96;110;95;117;138
4656.0;50;96;110;95;117;138
4662.0;50;96;110;95;118;137
4668.0;50;96;110;95;118;137
4674.0;50;96;110;96;118;136
4680.0;50;95;110;96;119;136
4686.0;50;93;110;98;119;136
4692.0;50;93;110;98;119;136
4698.0;50;93;110;99;119;135
4704.0;50;92;111;99;119;135
4710.0;50;93;109;99;119;136
4716.0;50;93;109;100;119;135
4722.0;50;93;109;100;119;135
4728.0;51;93;109;100;118;135
4734.0;51;93;108;100;119;135
4740.0;53;93;109;98;118;135
4746.0;53;94;109;98;117;135
4752.0;53;94;109;98;117;135
4758.0;54;95;108;97;118;134
4764.0;54;95;108;98;117;134
4770.0;54;95;108;98;117;134
4776.0;53;94;109;100;116;134
4782.0;53;94;109;100;116;134
4788.0;52;94;108;100;117;135
4794.0;52;94;109;100;116;135
4800.0;51;94;108;101;117;135
4806.0;51;94;108;101;117;135
4812.0;51;94;108;101;117;135
4818.0;51;94;108;101;117;135
4824.0;51;94;107;102;118;134
4830.0;51;95;107;102;117;134
4836.0;50;95;107;102;117;135
4842.0;49;95;107;102;118;135
4848.0;49;95;107;102;118;135
4854.0;49;95;106;103;118;135
4860.0;48;96;107;102;118;135
4866.0;48;96;107;102;118;135
4872.0;48;96;106;102;119;135
4878.0;48;97;106;102;119;134
4884.0;48;97;106;102;119;134
4890.0;47;97;106;101;120;135
4896.0;47;97;106;101;120;135
4902.0;46;97;106;101;122;134
4908.0;46;99;106;99;122;134
4914.0;46;100;106;99;122;133
4920.0;45;101;106;99;122;133
4926.0;46;100;107;98;122;133
4932.0;46;100;107;99;121;133
4938.0;45;99;108;99;122;133
4944.0;45;99;108;99;122;133
4950.0;45;99;107;99;123;133
4956.0;44;99;108;99;123;133
4962.0;43;100;108;99;123;133
4968.0;44;98;110;99;123;132
4974.0;44;98;110;99;123;132
4980.0;43;98;110;100;123;132
4986.0;43;99;110;99;123;132
4992.0;41;100;110;99;124;132
4998.0;41;100;110;99;124;132
5004.0;41;100;108;99;124;134
5010.0;41;100;107;99;125;134
5016.0;41;100;108;99;125;133
5022.0;41;101;107;98;126;133
5028.0;43;100;106;98;126;133
5034.0;43;101;106;98;125;133
5040.0;42;101;106;98;125;134
5046.0;42;100;106;98;125;135
5052.0;43;100;106;97;124;136
5058.0;44;100;106;97;123;136
5064.0;44;100;106;97;123;136
5070.0;44;100;106;97;123;136
5076.0;44;101;106;96;122;137
5082.0;43;101;106;96;121;139
5088.0;44;101;106;96;121;138
5094.0;43;101;106;96;122;138
5100.0;43;100;107;96;122;138
5106.0;43;100;107;96;122;138
5112.0;44;99;107;96;121;139
5118.0;45;99;107;96;121;138
5124.0;45;100;107;95;121;138
5130.0;45;100;107;95;121;138
5136.0;45;100;107;95;121;138
5142.0;44;100;108;96;119;139
5148.0;45;99;107;96;120;139
5154.0;44;99;105;95;121;142
5160.0;45;99;105;94;121;142
5166.0;45;99;105;93;120;144
5172.0;45;100;104;93;119;145
5178.0;46;100;104;93;119;144
5184.0;46;100;103;93;119;145
5190.0;46;100;103;93;119;145
5196.0;46;100;103;93;119;145
5202.0;46;100;104;92;119;145
5208.0;46;99;104;93;119;145
5214.0;45;99;105;93;119;145
5220.0;45;99;104;93;119;146
5226.0;45;99;104;94;119;145
5232.0;45;99;104;94;119;145
5238.0;45;99;104;94;119;145
5244.0;45;99;104;94;117;147
5250.0;45;99;104;94;117;147
5256.0;45;99;105;94;115;148
5262.0;45;99;105;93;115;149
5268.0;47;99;106;93;113;148
5274.0;47;99;106;93;113;148
5280.0;47;98;107;92;113;149
5286.0;47;98;108;91;113;149
5292.0;47;98;109;90;113;149
5298.0;47;100;109;90;113;147
5304.0;47;100;108;89;115;147
5310.0;47;100;108;89;115;147
5316.0;47;100;108;89;115;147
5322.0;48;100;108;89;115;146
5328.0;51;98;108;88;115;146
5334.0;52;98;108;88;115;145
5340.0;51;100;109;88;114;144
5346.0;51;100;109;88;114;144
5352.0;51;100;109;87;114;145
5358.0;51;100;110;87;113;145
5364.0;51;100;111;86;113;145
5370.0;51;100;110;87;113;145
5376.0;50;100;110;87;114;145
5382.0;50;99;111;87;114;145
5388.0;49;99;111;86;115;146
5394.0;46;101;111;87;115;146
5400.0;44;100;113;88;115;146
5406.0;44;100;112;88;116;146
5412.0;43;100;113;88;116;146
5418.0;43;99;112;89;117;146
5424.0;42;98;112;90;118;146
5430.0;42;98;112;90;118;146
5436.0;41;98;113;90;118;146
5442.0;41;98;113;89;118;147
5448.0;41;97;113;89;119;147
5454.0;40;97;113;90;119;147
5460.0;40;97;113;90;119;147
5466.0;41;97;113;91;118;146
5472.0;42;97;113;91;118;145
5478.0;43;97;113;90;118;145
5484.0;43;97;113;89;119;145
5490.0;44;96;113;89;119;145
5496.0;42;96;112;90;120;146
5502.0;42;96;112;90;119;147
5508.0;42;96;112;90;119;147
5514.0;41;93;114;90;119;149
5520.0;41;93;113;91;119;149
5526.0;41;92;114;91;119;149
5532.0;41;91;113;91;120;150
5538.0;41;90;114;91;120;150
5544.0;41;90;115;91;120;149
5550.0;41;91;114;90;121;149
5556.0;41;91;114;90;121;149
5562.0;40;91;115;89;122;149
5568.0;40;91;115;89;122;149
5574.0;40;91;115;89;122;149
5580.0;40;91;115;88;122;150
5586.0;39;91;115;88;124;149
5592.0;39;91;115;87;124;150
5598.0;38;90;116;88;124;150
5604.0;38;90;117;88;124;149
5610.0;37;90;117;88;125;149
5616.0;37;90;117;87;126;149
5622.0;36;92;116;86;127;149
5628.0;35;92;115;86;127;151
5634.0;35;92;115;86;127;151
5640.0;35;92;115;85;127;152
5646.0;35;92;115;85;127;152
5652.0;35;92;116;85;127;151
5658.0;35;91;116;85;127;152
5664.0;36;91;116;85;126;152
5670.0;36;91;116;85;126;152
5676.0;36;91;116;86;126;151
5682.0;36;91;118;85;125;151
5688.0;36;91;118;84;125;152
5694.0;37;91;118;84;125;151
5700.0;36;93;118;84;124;151
5706.0;36;93;118;84;124;151
5712.0;36;94;118;83;124;151
5718.0;37;94;117;83;125;150
5724.0;35;94;119;83;125;150
5730.0;34;94;119;83;125;151
5736.0;34;92;121;80;126;153
5742.0;34;91;123;80;125;153
5748.0;34;91;123;80;125;153
5754.0;36;90;123;80;125;152
5760.0;36;90;122;80;126;152
5766.0;37;91;122;79;126;151
5772.0;37;94;120;78;126;151
5778.0;37;93;120;77;126;153
5784.0;38;92;121;77;126;152
5790.0;38;93;121;77;125;152
5796.0;38;93;121;77;125;152
5802.0;39;92;121;77;125;152
5808.0;39;92;121;77;126;151
5814.0;39;92;120;77;127;151
5820.0;39;92;119;77;129;150
5826.0;39;92;119;77;129;150
5832.0;40;92;118;77;127;152
5838.0;39;92;118;77;127;153
5844.0;39;91;119;77;127;153
5850.0;39;90;119;77;127;154
5856.0;38;91;119;75;129;154
5862.0;38;91;119;75;129;154
5868.0;38;91;120;75;128;154
5874.0;38;91;120;75;129;153
5880.0;38;92;120;74;130;152
5886.0;38;91;120;75;130;152
5892.0;38;92;120;75;130;151
5898.0;38;92;120;75;130;151
5904.0;38;92;119;77;130;150
5910.0;39;92;119;78;130;148
5916.0;38;91;118;79;131;149
5922.0;37;91;119;79;131;149
5928.0;37;91;118;80;131;149
5934.0;37;91;118;80;131;149
5940.0;37;91;118;80;131;149
5946.0;37;91;118;81;131;148
5952.0;40;90;118;81;129;148
5958.0;40;91;118;80;129;148
5964.0;42;90;118;81;126;149
5970.0;42;90;118;82;125;149
5976.0;42;90;118;82;126;148
5982.0;42;89;118;83;128;146
5988.0;42;89;118;83;128;146
5994.0;42;88;120;83;127;146
6000.0;42;88;120;81;128;147
6006.0;42;88;120;81;128;147
6012.0;43;88;119;82;127;147
6018.0;43;87;120;82;126;148
6024.0;44;87;119;83;126;147
6030.0;44;86;119;83;126;148
6036.0;45;85;119;82;125;150
6042.0;46;84;119;82;125;150
6048.0;46;84;119;82;125;150
6054.0;46;83;120;83;125;149
6060.0;45;83;119;84;125;150
6066.0;45;83;120;85;124;149
6072.0;43;84;121;85;124;149
6078.0;42;84;121;86;124;149
6084.0;42;84;121;87;124;148
6090.0;42;84;122;86;124;148
6096.0;42;84;122;86;124;148
6102.0;42;84;123;86;123;148
6108.0;42;84;123;86;122;149
6114.0;44;84;123;85;122;148
6120.0;44;84;123;84;123;148
6126.0;44;84;122;84;123;149
6132.0;42;85;123;84;122;150
6138.0;43;85;122;83;123;150
6144.0;44;85;122;84;122;149
6150.0;44;84;123;84;122;149
6156.0;44;84;124;84;119;151
6162.0;44;84;123;83;120;152
6168.0;43;84;124;83;120;152
6174.0;43;84;125;82;120;152
6180.0;43;84;124;83;119;153
6186.0;44;84;126;81;118;153
6192.0;45;85;126;80;117;153
6198.0;45;85;126;80;117;153
6204.0;44;85;126;80;118;153
6210.0;43;86;127;79;119;152
6216.0;43;86;127;79;119;152
6222.0;44;86;126;80;118;152
6228.0;45;85;126;80;118;152
6234.0;45;86;125;80;118;152
6240.0;45;87;125;80;118;151
6246.0;45;87;126;79;118;151
6252.0;45;87;126;79;118;151
6258.0;45;87;126;79;118;151
6264.0;44;87;126;80;118;151
6270.0;44;87;126;80;118;151
6276.0;46;86;126;80;118;150
6282.0;46;86;125;80;118;151
6288.0;46;86;125;79;118;152
6294.0;46;86;125;79;119;151
6300.0;45;86;125;79;120;151
6306.0;44;86;126;78;120;152
6312.0;45;86;127;78;119;151
6318.0;45;86;127;78;120;150
6324.0;45;86;127;78;120;150
6330.0;46;86;127;78;120;149
6336.0;49;86;126;79;118;148
6342.0;49;86;126;80;118;147
6348.0;49;86;126;80;118;147
6354.0;50;85;125;80;119;147
6360.0;50;85;125;81;118;147
6366.0;50;86;126;79;119;146
6372.0;50;86;126;79;120;145
6378.0;50;86;125;80;120;145
6384.0;51;86;125;80;119;145
6390.0;51;86;125;80;119;145
6396.0;51;85;125;80;120;145
6402.0;52;84;125;80;120;145
6408.0;54;83;125;78;122;144
6414.0;54;82;125;77;122;146
6420.0;55;82;125;76;121;147
6426.0;56;82;125;76;121;146
6432.0;55;82;126;77;120;146
6438.0;55;82;126;77;120;146
6444.0;55;82;126;77;120;146
6450.0;56;82;125;79;120;144
6456.0;57;82;124;79;120;144
6462.0;57;82;124;79;120;144
6468.0;57;82;124;79;120;144
6474.0;57;82;124;79;120;144
6480.0;57;82;124;79;119;145
6486.0;57;82;123;80;120;144
6492.0;58;82;123;80;119;144
6498.0;58;81;123;79;121;144
6504.0;57;81;124;79;121;144
6510.0;59;81;124;79;120;143
6516.0;60;80;125;78;120;143
6522.0;61;80;124;78;120;143
6528.0;61;79;124;79;120;143
6534.0;61;79;124;79;120;143
6540.0;61;77;124;79;121;144
6546.0;60;77;126;79;121;143
6552.0;61;78;127;78;121;141
6558.0;61;78;127;78;121;141
6564.0;62;78;125;78;121;142
6570.0;62;78;125;78;121;142
6576.0;62;77;125;79;121;142
6582.0;62;77;125;79;119;144
6588.0;62;76;125;79;119;145
6594.0;62;76;125;79;119;145
6600.0;63;74;124;80;119;146
6606.0;62;74;124;80;120;146
6612.0;62;73;125;80;120;146
6618.0;62;73;126;79;120;146
6624.0;62;72;126;79;121;146
6630.0;62;72;127;77;121;147
6636.0;62;72;127;77;121;147
6642.0;62;72;128;78;121;145
6648.0;61;74;127;79;120;145
6654.0;61;75;127;78;120;145
6660.0;62;75;127;78;120;144
6666.0;62;75;126;79;120;144
6672.0;62;75;126;81;120;142
6678.0;63;75;126;81;120;141
6684.0;63;75;126;81;120;141
6690.0;64;74;127;81;120;140
6696.0;64;74;127;81;120;140
6702.0;64;74;127;81;120;140
6708.0;64;74;125;81;121;141
6714.0;64;74;126;81;120;141
6720.0;64;74;127;80;120;141
6726.0;64;74;127;80;120;141
6732.0;64;74;127;80;120;141
6738.0;64;74;127;80;120;141
6744.0;64;74;127;80;120;141
6750.0;64;75;127;80;121;139
6756.0;65;76;128;79;122;136
6762.0;64;77;127;79;122;137
6768.0;63;78;126;80;122;137
6774.0;64;78;126;80;121;137
6780.0;64;78;126;80;121;137
6786.0;64;77;126;81;121;137
6792.0;64;77;126;81;121;137
6798.0;63;77;128;81;121;136
6804.0;63;77;128;81;121;136
6810.0;63;76;129;81;121;136
6816.0;63;76;129;82;120;136
6822.0;63;76;129;82;120;136
6828.0;63;78;128;82;120;135
6834.0;63;78;128;82;120;135
6840.0;61;79;128;82;120;136
6846.0;60;78;128;83;121;136
6852.0;60;80;127;82;121;136
6858.0;59;79;128;84;121;135
6864.0;59;78;129;84;121;135
6870.0;59;79;129;84;120;135
6876.0;59;80;129;84;119;135
6882.0;59;80;129;84;119;135
6888.0;60;80;129;84;118;135
6894.0;60;80;130;84;117;135
6900.0;59;80;130;85;117;135
6906.0;59;81;129;86;116;135
6912.0;59;82;130;84;116;135
6918.0;58;82;130;84;116;136
6924.0;58;82;129;84;118;135
6930.0;57;82;129;84;119;135
6936.0;57;82;130;84;118;135
6942.0;57;82;130;84;118;135
6948.0;58;82;130;83;118;135
6954.0;58;82;131;82;118;135
6960.0;58;83;132;83;115;135
6966.0;58;84;131;83;115;135
6972.0;57;83;133;83;115;135
6978.0;56;83;133;82;115;137
6984.0;55;83;133;82;116;137
6990.0;55;83;130;83;117;138
6996.0;55;83;130;83;117;138
7002.0;55;83;130;82;118;138
7008.0;55;83;130;82;118;138
7014.0;55;83;130;82;119;137
7020.0;55;83;130;82;119;137
7026.0;53;85;132;82;118;136
7032.0;53;85;131;83;118;136
7038.0;54;85;131;83;118;135
7044.0;54;84;131;82;120;135
7050.0;54;84;131;82;120;135
7056.0;54;85;130;83;121;133
7062.0;53;86;131;82;121;133
7068.0;53;86;131;82;121;133
7074.0;53;86;131;81;121;134
7080.0;53;87;131;81;121;133
7086.0;53;88;131;82;120;132
7092.0;53;88;131;82;120;132
7098.0;53;88;132;82;120;131
7104.0;53;87;132;82;121;131
7110.0;53;86;132;82;121;132
7116.0;53;86;133;82;121;131
7122.0;52;84;135;83;121;131
7128.0;52;84;135;83;121;131
7134.0;52;84;135;83;121;131
7140.0;53;84;135;82;121;131
7146.0;53;84;135;82;121;131
7152.0;52;85;135;82;121;131
7158.0;53;85;134;82;121;131
7164.0;51;84;133;85;122;131
7170.0;51;84;133;85;122;131
7176.0;51;84;134;84;122;131
7182.0;52;84;134;84;121;131
7188.0;53;84;133;83;122;131
7194.0;54;84;132;83;123;130
7200.0;55;84;131;83;123;130
7206.0;55;84;132;82;123;130
7212.0;55;85;132;82;123;129
7218.0;55;85;132;82;123;129
7224.0;55;85;132;82;124;128
7230.0;54;85;132;83;124;128
7236.0;54;85;131;83;125;128
7242.0;54;84;131;83;126;128
7248.0;54;84;131;83;126;128
7254.0;54;84;131;81;128;128
7260.0;54;84;131;80;129;128
7266.0;53;84;131;81;129;128
7272.0;53;84;132;82;128;127
7278.0;53;84;132;82;128;127
7284.0;53;84;132;82;128;127
7290.0;52;84;133;83;127;127
7296.0;51;86;133;82;127;127
7302.0;49;86;132;83;129;127
7308.0;49;86;133;83;129;126
7314.0;49;86;132;83;130;126
7320.0;50;85;131;83;130;127
7326.0;50;84;132;82;130;128
7332.0;50;83;131;83;129;130
7338.0;50;83;129;84;130;130
7344.0;50;83;129;84;130;130
7350.0;50;84;129;83;130;130
7356.0;50;84;129;82;129;132
7362.0;50;85;129;82;129;131
7368.0;50;84;130;82;129;131
7374.0;49;84;131;84;127;131
7380.0;49;83;132;83;127;132
7386.0;49;84;133;81;127;132
7392.0;49;84;133;81;127;132
7398.0;50;84;133;80;127;132
7404.0;50;85;131;80;128;132
7410.0;50;85;131;80;128;132
7416.0;50;85;131;80;128;132
7422.0;51;85;130;80;128;132
7428.0;52;85;129;80;128;132
7434.0;50;83;130;81;130;132
7440.0;50;84;130;80;130;132
7446.0;50;83;130;80;130;133
7452.0;49;83;132;80;130;132
7458.0;48;84;132;79;131;132
7464.0;48;84;133;79;130;132
7470.0;49;84;132;79;130;132
7476.0;50;84;131;79;130;132
7482.0;51;84;130;79;130;132
7488.0;52;84;129;79;130;132
7494.0;53;83;129;79;131;131
7500.0;53;82;128;79;132;132
7506.0;52;82;129;79;132;132
7512.0;53;82;129;79;132;131
7518.0;53;81;129;78;132;133
7524.0;53;81;129;78;132;133
7530.0;53;81;129;78;132;133
7536.0;52;82;128;79;133;132
7542.0;53;81;128;79;133;132
7548.0;54;81;126;80;133;132
7554.0;54;82;126;80;132;132
7560.0;55;82;126;79;132;132
7566.0;55;82;126;79;132;132
7572.0;55;83;126;79;132;131
7578.0;56;83;126;78;132;131
7584.0;56;84;127;77;132;130
7590.0;56;84;128;76;133;129
7596.0;55;85;128;76;133;129
7602.0;55;85;128;76;133;129
7608.0;55;86;127;76;133;129
7614.0;54;88;126;76;133;129
7620.0;53;88;126;76;133;130
7626.0;53;88;125;77;133;130
7632.0;53;89;125;77;133;129
7638.0;54;89;124;77;133;129
7644.0;55;89;124;77;133;128
7650.0;55;90;124;77;133;127
7656.0;55;90;124;77;133;127
7662.0;55;90;124;77;133;127
7668.0;55;89;125;77;134;126
7674.0;55;89;125;77;134;126
7680.0;55;89;125;77;134;126
7686.0;55;89;126;77;133;126
7692.0;54;89;126;78;133;126
7698.0;54;89;126;78;133;126
7704.0;54;89;126;78;133;126
7710.0;54;89;127;78;133;125
7716.0;53;88;129;79;132;125
7722.0;52;89;130;80;131;124
7728.0;52;90;129;81;131;123
7734.0;52;88;133;80;131;122
7740.0;52;88;134;80;130;122
7746.0;52;89;135;79;130;121
7752.0;53;89;135;80;130;119
7758.0;53;89;135;80;130;119
7764.0;51;90;136;79;130;120
7770.0;52;90;135;79;130;120
7776.0;52;89;134;79;130;122
7782.0;52;88;134;80;130;122
7788.0;52;88;134;81;130;121
7794.0;52;88;134;81;130;121
7800.0;53;88;134;80;130;121
7806.0;54;88;133;80;130;121
7812.0;54;88;133;81;129;121
7818.0;54;88;133;80;130;121
7824.0;54;87;132;81;132;120
7830.0;53;89;132;81;133;118
7836.0;52;89;132;82;133;118
7842.0;50;89;132;83;133;119
7848.0;50;91;131;83;132;119
7854.0;50;90;131;84;132;119
7860.0;51;90;130;85;132;118
7866.0;51;90;130;85;133;117
7872.0;51;90;130;85;133;117
7878.0;52;89;132;85;131;117
7884.0;52;90;131;87;129;117
7890.0;52;89;131;86;130;118
7896.0;53;89;131;85;130;118
7902.0;53;88;131;85;130;119
7908.0;53;88;132;84;130;119
7914.0;53;88;132;84;130;119
7920.0;53;88;132;84;130;119
7926.0;54;88;131;84;130;119
7932.0;54;88;131;84;130;119
7938.0;54;89;131;83;130;119
7944.0;54;89;129;84;130;120
7950.0;54;90;129;85;130;118
7956.0;54;90;128;86;130;118
7962.0;54;89;129;86;130;118
7968.0;54;90;128;86;130;118
7974.0;54;90;128;86;130;118
7980.0;53;90;129;86;130;118
7986.0;54;88;130;86;128;120
7992.0;54;88;131;86;128;119
7998.0;53;88;131;86;128;120
8004.0;54;87;131;86;127;121
8010.0;54;87;131;86;127;121
8016.0;53;87;132;85;128;121
8022.0;52;88;132;85;128;121
8028.0;52;88;133;84;128;121
8034.0;50;88;134;84;129;121
8040.0;50;88;133;84;130;121
8046.0;50;88;133;84;130;121
8052.0;51;88;133;83;130;121
8058.0;50;88;133;83;130;122
8064.0;50;86;134;85;130;121
8070.0;49;87;135;87;130;118
8076.0;48;88;136;87;129;118
8082.0;48;88;136;87;129;118
8088.0;49;88;136;87;129;117
8094.0;49;87;137;87;129;117
8100.0;49;87;137;87;129;117
8106.0;49;87;138;87;128;117
8112.0;49;87;141;84;128;117
8118.0;49;87;140;84;128;118
8124.0;50;87;140;85;128;116
8130.0;50;87;140;86;128;115
8136.0;49;88;140;87;126;116
8142.0;49;89;141;87;125;115
8148.0;49;89;141;87;125;115
8154.0;50;89;141;87;124;115
8160.0;50;89;140;88;126;113
8166.0;50;89;140;88;126;113
8172.0;51;89;140;89;126;111
8178.0;51;89;140;89;127;110
8184.0;49;91;140;89;127;110
8190.0;49;90;140;90;126;111
8196.0;48;90;140;90;126;112
8202.0;48;89;141;90;126;112
8208.0;47;89;141;89;126;114
8214.0;47;89;141;89;126;114
8220.0;47;89;141;89;125;115
8226.0;47;89;141;90;125;114
8232.0;47;89;141;90;125;114
8238.0;47;89;141;90;124;115
8244.0;47;89;141;90;124;115
8250.0;47;89;141;91;123;115
8256.0;47;89;141;91;123;115
8262.0;47;88;143;91;122;115
8268.0;48;87;143;91;122;115
8274.0;48;87;143;91;122;115
8280.0;48;88;143;89;122;116
8286.0;48;86;142;87;125;118
8292.0;47;86;145;86;125;117
8298.0;48;86;145;88;124;115
8304.0;47;87;145;88;124;115
8310.0;47;87;145;88;123;116
8316.0;47;87;145;89;122;116
8322.0;47;87;145;90;121;116
8328.0;47;88;146;89;121;115
8334.0;47;88;146;89;121;115
8340.0;47;88;146;89;121;115
8346.0;49;88;146;89;122;112
8352.0;49;87;146;90;122;112
8358.0;48;87;146;90;122;113
8364.0;48;87;146;90;122;113
8370.0;47;87;146;91;122;113
8376.0;47;87;146;91;122;113
8382.0;48;87;146;91;121;113
8388.0;48;87;146;91;121;113
8394.0;48;87;147;91;121;112
8400.0;49;87;146;91;122;111
8406.0;51;86;145;91;122;111
8412.0;50;88;144;91;122;111
8418.0;50;87;144;91;123;111
8424.0;49;86;144;92;125;110
8430.0;49;87;144;91;125;110
8436.0;49;87;144;91;125;110
8442.0;48;88;144;92;124;110
8448.0;48;89;144;92;124;109
8454.0;48;88;145;92;124;109
8460.0;49;87;145;92;124;109
8466.0;49;88;143;93;124;109
8472.0;49;89;143;93;124;108
8478.0;49;89;143;93;124;108
8484.0;48;88;144;94;124;108
8490.0;48;88;144;94;124;108
8496.0;47;87;144;94;125;109
8502.0;47;87;145;93;125;109
8508.0;48;87;144;93;125;109
8514.0;49;87;143;93;125;109
8520.0;49;87;143;93;125;109
8526.0;49;86;144;93;125;109
8532.0;48;86;144;94;125;109
8538.0;49;85;145;94;125;108
8544.0;49;85;145;95;124;108
8550.0;49;85;145;95;124;108
8556.0;49;85;146;94;124;108
8562.0;49;85;146;95;124;107
8568.0;49;85;146;95;124;107
8574.0;49;85;146;95;124;107
8580.0;49;84;147;95;124;107
8586.0;49;85;146;95;124;107
8592.0;49;85;146;95;124;107
8598.0;47;86;145;95;124;109
8604.0;47;86;145;95;125;108
8610.0;47;86;145;95;125;108
8616.0;47;86;145;96;124;108
8622.0;49;85;144;96;124;108
8628.0;49;85;144;96;124;108
8634.0;48;85;144;96;125;108
8640.0;47;85;144;96;125;109
8646.0;45;85;143;97;126;110
8652.0;45;84;143;97;126;111
8658.0;45;83;143;97;127;111
8664.0;45;84;144;95;127;111
8670.0;45;84;144;95;127;111
8676.0;45;83;145;95;127;111
8682.0;45;83;145;95;127;111
8688.0;45;83;145;94;128;111
8694.0;45;82;144;95;129;111
8700.0;45;82;144;94;129;112
8706.0;45;82;144;94;129;112
8712.0;45;83;144;94;129;111
8718.0;45;83;144;93;130;111
8724.0;47;81;144;94;130;110
8730.0;47;82;144;94;129;110
8736.0;46;82;144;95;129;110
8742.0;48;83;142;93;130;110
8748.0;48;83;142;93;130;110
8754.0;48;83;142;93;130;110
8760.0;48;83;142;93;130;110
8766.0;47;83;142;93;130;111
8772.0;47;83;142;93;129;112
8778.0;47;83;142;93;128;113
8784.0;47;83;142;94;127;113
8790.0;49;82;141;94;126;114
8796.0;49;82;140;94;126;115
8802.0;50;82;140;94;126;114
8808.0;49;81;140;95;126;115
8814.0;50;80;141;93;126;116
8820.0;50;79;142;93;126;116
8826.0;50;79;143;92;126;116
8832.0;50;79;143;92;127;115
8838.0;51;79;142;92;126;116
8844.0;51;80;141;92;126;116
8850.0;49;80;142;92;127;116
8856.0;50;80;142;92;127;115
8862.0;51;80;142;92;127;114
8868.0;51;80;142;92;127;114
8874.0;51;80;143;92;125;115
8880.0;51;80;143;92;125;115
8886.0;52;80;143;91;125;115
8892.0;51;80;143;91;125;116
8898.0;52;80;143;92;124;115
8904.0;52;80;143;93;124;114
8910.0;52;80;144;94;123;113
8916.0;53;80;144;94;122;113
8922.0;53;79;144;94;122;114
8928.0;53;79;142;95;123;114
8934.0;53;78;142;95;123;115
8940.0;53;78;143;94;124;114
8946.0;53;77;144;94;124;114
8952.0;52;79;144;93;124;114
8958.0;52;79;144;93;124;114
8964.0;52;78;145;93;124;114
8970.0;52;78;145;93;124;114
8976.0;52;78;145;93;124;114
8982.0;52;78;145;93;124;114
8988.0;51;78;145;93;124;115
8994.0;50;80;144;93;124;115
9000.0;51;79;145;93;123;115
9006.0;51;79;145;93;123;115
9012.0;51;79;144;93;126;113
9018.0;52;80;144;92;125;113
9024.0;52;79;145;92;126;112
9030.0;51;80;145;92;127;111
9036.0;51;80;145;92;127;111
9042.0;51;79;145;92;127;112
9048.0;51;79;145;92;127;112
9054.0;50;79;145;93;127;112
9060.0;50;79;146;93;127;111
9066.0;50;78;146;94;127;111
9072.0;49;79;147;93;127;111
9078.0;49;79;146;93;127;112
9084.0;49;79;147;92;127;112
9090.0;49;78;147;92;127;113
9096.0;49;77;147;93;126;114
9102.0;51;75;148;92;126;114
9108.0;52;74;148;92;126;114
9114.0;52;75;148;92;125;114
9120.0;50;76;149;92;127;112
9126.0;50;76;149;92;127;112
9132.0;51;76;148;92;127;112
9138.0;51;76;148;92;127;112
9144.0;51;76;147;92;128;112
9150.0;50;76;147;92;128;113
9156.0;49;77;147;93;127;113
9162.0;49;77;146;93;127;114
9168.0;49;77;146;93;127;114
9174.0;49;77;146;93;127;114
9180.0;49;77;145;93;127;115
9186.0;47;77;146;93;128;115
9192.0;47;78;145;93;128;115
9198.0;47;78;145;94;129;113
9204.0;47;78;145;94;129;113
9210.0;47;78;145;95;129;112
9216.0;48;77;145;95;129;112
9222.0;48;77;145;94;130;112
9228.0;48;77;145;94;130;112
9234.0;48;76;145;94;131;112
9240.0;48;76;145;94;131;112
9246.0;48;76;145;95;130;112
9252.0;48;76;145;95;130;112
9258.0;48;77;145;94;130;112
9264.0;47;76;145;94;131;113
9270.0;46;78;145;92;131;114
9276.0;46;79;145;92;131;113
9282.0;46;78;146;91;131;114
9288.0;46;78;146;91;131;114
9294.0;47;78;146;90;131;114
9300.0;49;78;145;91;130;113
9306.0;50;77;145;91;130;113
9312.0;50;77;146;91;130;112
9318.0;50;77;146;91;130;112
9324.0;51;76;145;91;131;112
9330.0;51;76;145;91;130;113
9336.0;51;75;147;91;129;113
9342.0;51;75;147;91;129;113
9348.0;52;76;146;90;130;112
9354.0;52;77;146;90;130;111
9360.0;52;77;146;90;130;111
9366.0;51;77;147;92;131;108
9372.0;51;77;147;92;131;108
9378.0;51;77;146;92;131;109
9384.0;52;77;145;92;131;109
9390.0;52;77;145;92;131;109
9396.0;51;76;145;92;131;111
9402.0;51;76;145;93;131;110
9408.0;50;76;146;93;131;110
9414.0;49;77;147;92;131;110
9420.0;50;77;147;92;131;109
9426.0;50;77;147;91;131;110
9432.0;50;77;147;91;131;110
9438.0;50;76;147;91;132;110
9444.0;49;76;147;91;132;111
9450.0;49;77;146;92;131;111
9456.0;49;77;146;92;131;111
9462.0;50;77;146;91;130;112
9468.0;50;77;146;91;130;112
9474.0;51;76;146;90;131;112
9480.0;52;76;146;90;130;112
9486.0;53;75;146;91;129;112
9492.0;53;75;146;91;129;112
9498.0;53;75;146;92;129;111
9504.0;54;76;145;91;129;111
9510.0;54;75;147;90;129;111
9516.0;54;75;147;91;128;111
9522.0;54;76;145;91;128;112
9528.0;54;76;144;92;128;112
9534.0;55;76;144;92;128;111
9540.0;55;77;143;93;128;110
9546.0;55;77;143;93;128;110
9552.0;55;76;143;93;128;111
9558.0;54;76;142;93;128;113
9564.0;54;76;143;94;126;113
9570.0;55;77;143;93;125;113
9576.0;55;77;143;93;125;113
9582.0;54;77;143;93;125;114
9588.0;54;77;142;93;125;115
9594.0;54;77;141;93;125;116
9600.0;55;77;141;93;125;115
9606.0;56;78;141;93;124;114
9612.0;56;78;140;93;124;115
9618.0;57;77;142;93;123;114
9624.0;57;78;142;93;122;114
9630.0;56;78;142;93;122;115
9636.0;56;78;142;93;122;115
9642.0;56;78;142;93;122;115
9648.0;56;77;143;93;122;115
9654.0;55;76;144;93;122;116
9660.0;54;77;144;93;122;116
9666.0;55;77;144;92;122;116
9672.0;54;76;143;92;124;117
9678.0;54;76;143;92;124;117
9684.0;56;77;142;91;123;117
9690.0;56;75;142;92;124;117
9696.0;56;74;142;93;124;117
9702.0;56;74;142;93;124;117
9708.0;56;74;143;93;123;117
9714.0;56;74;143;93;123;117
9720.0;56;74;143;93;123;117
9726.0;56;73;145;91;123;118
9732.0;56;73;145;91;123;118
9738.0;55;73;146;90;123;119
9744.0;54;73;146;90;123;120
9750.0;54;73;146;90;123;120
9756.0;54;73;145;92;122;120
9762.0;54;74;145;92;121;120
9768.0;54;74;145;92;121;120
9774.0;55;76;144;92;119;120
9780.0;55;76;144;92;119;120
9786.0;54;76;145;92;120;119
9792.0;53;76;145;93;119;120
9798.0;53;76;145;93;118;121
9804.0;54;76;145;93;118;120
9810.0;54;76;144;93;118;121
9816.0;54;76;144;94;117;121
9822.0;55;76;143;93;118;121
9828.0;55;76;142;94;118;121
9834.0;55;76;142;94;118;121
9840.0;55;76;142;94;118;121
9846.0;55;76;142;93;117;123
9852.0;55;76;142;93;117;123
9858.0;55;77;142;93;116;123
9864.0;55;77;142;93;116;123
9870.0;55;77;142;93;116;123
9876.0;56;76;142;94;116;122
9882.0;56;76;142;93;116;123
9888.0;56;75;142;93;117;123
9894.0;57;75;142;93;116;123
9900.0;57;75;142;93;115;124
9906.0;56;77;143;92;114;124
9912.0;56;77;143;92;114;124
9918.0;55;78;143;92;114;124
9924.0;55;78;142;92;114;125
9930.0;55;78;142;92;114;125
9936.0;55;78;142;91;115;125
9942.0;55;78;140;91;116;126
9948.0;55;78;141;91;115;126
9954.0;55;77;141;91;116;126
9960.0;56;77;141;90;116;126
9966.0;56;77;141;90;116;126
9972.0;55;77;141;91;115;127
9978.0;55;77;141;91;114;128
9984.0;55;77;141;91;114;128
9990.0;56;77;140;91;114;128
9996.0;56;76;140;92;114;128
10002.0;56;77;140;91;114;128
10008.0;54;77;141;90;116;128
10014.0;55;78;141;88;116;128
10020.0;56;78;141;88;116;127
10026.0;55;79;142;89;116;125
10032.0;55;79;142;89;116;125
10038.0;55;79;142;89;117;124
10044.0;55;79;142;89;117;124
10050.0;55;79;144;88;117;123
10056.0;56;78;144;88;117;123
10062.0;56;78;144;88;117;123
10068.0;58;78;144;89;117;120
10074.0;58;78;144;89;118;119
10080.0;58;77;144;89;119;119
10086.0;58;78;144;89;118;119
10092.0;58;78;144;88;119;119
10098.0;58;78;144;88;119;119
10104.0;58;78;144;87;119;120
10110.0;58;78;146;87;118;119
10116.0;58;78;143;88;120;119
10122.0;58;78;143;88;120;119
10128.0;57;78;143;88;120;120
10134.0;56;77;143;90;120;120
10140.0;56;77;143;89;121;120
10146.0;56;77;142;90;121;120
10152.0;56;77;142;90;121;120
10158.0;55;77;142;89;122;121
10164.0;55;77;142;89;122;121
10170.0;55;77;142;89;122;121
10176.0;56;76;142;89;122;121
10182.0;56;77;142;90;121;120
10188.0;56;77;142;89;121;121
10194.0;56;77;142;89;121;121
10200.0;55;79;142;89;120;121
10206.0;55;79;142;89;120;121
10212.0;55;79;143;89;119;121
10218.0;55;79;142;89;119;122
10224.0;55;79;143;89;118;122
10230.0;56;79;142;89;118;122
10236.0;55;80;142;89;118;122
10242.0;54;80;143;89;118;122
10248.0;54;80;143;89;118;122
10254.0;54;80;143;88;120;121
10260.0;52;81;143;89;120;121
10266.0;52;81;142;89;120;122
10272.0;52;81;142;89;120;122
10278.0;52;82;141;89;120;122
10284.0;53;81;141;89;120;122
10290.0;53;81;141;89;120;122
10296.0;53;81;140;89;120;123
10302.0;53;81;141;89;120;122
10308.0;52;81;141;90;120;122
10314.0;52;81;142;90;120;121
10320.0;52;82;140;91;121;120
10326.0;52;82;140;91;121;120
10332.0;52;82;140;91;121;120
10338.0;53;82;140;91;121;119
10344.0;53;85;139;91;120;118
10350.0;54;84;140;93;119;116
10356.0;55;84;140;92;118;117
10362.0;53;84;139;92;120;118
10368.0;53;83;139;92;120;119
10374.0;52;83;139;92;121;119
10380.0;53;82;139;92;121;119
10386.0;53;81;139;93;121;119
10392.0;53;81;139;93;121;119
10398.0;53;81;139;93;121;119
10404.0;54;81;138;93;121;119
10410.0;54;82;138;93;120;119
10416.0;54;82;138;93;120;119
10422.0;53;83;138;93;120;119
10428.0;53;83;138;93;120;119
10434.0;53;83;138;93;120;119
10440.0;53;81;138;93;121;120
10446.0;53;82;138;91;121;121
10452.0;53;82;138;91;121;121
10458.0;53;82;138;91;120;122
10464.0;54;83;136;92;120;121
10470.0;54;83;138;92;118;121
10476.0;53;84;138;92;118;121
10482.0;53;83;140;92;117;121
10488.0;54;83;139;92;117;121
10494.0;54;83;139;92;118;120
10500.0;53;83;140;92;119;119
10506.0;53;84;140;91;119;119
10512.0;53;85;140;90;119;119
10518.0;53;85;141;90;118;119
10524.0;52;84;142;91;118;119
10530.0;51;84;142;92;119;118
10536.0;50;84;143;92;119;118
10542.0;50;84;142;91;120;119
10548.0;50;84;142;92;120;118
10554.0;52;85;142;90;119;118
10560.0;51;85;141;90;121;118
10566.0;51;84;142;90;121;118
10572.0;50;84;142;90;121;119
10578.0;49;84;141;90;122;120
10584.0;49;84;141;90;122;120
10590.0;50;83;141;91;122;119
10596.0;48;84;141;92;123;118
10602.0;48;83;141;94;122;118
10608.0;49;82;139;95;122;119
10614.0;49;81;139;95;123;119
10620.0;49;81;138;96;122;120
10626.0;49;81;139;94;123;120
10632.0;49;81;139;94;123;120
10638.0;49;81;139;94;123;120
10644.0;49;81;139;94;123;120
10650.0;48;82;138;95;123;120
10656.0;48;82;138;95;123;120
10662.0;48;81;136;96;124;121
10668.0;48;81;136;97;124;120
10674.0;48;81;136;97;124;120
10680.0;48;82;135;97;123;121
10686.0;47;82;135;98;123;121
10692.0;47;82;135;98;122;122
10698.0;46;81;135;99;123;122
10704.0;48;81;134;97;123;123
10710.0;48;81;134;97;123;123
10716.0;48;81;134;97;123;123
10722.0;48;81;134;97;123;123
10728.0;48;81;135;97;123;122
10734.0;48;81;135;96;123;123
10740.0;46;82;135;99;121;123
10746.0;46;81;135;99;121;124
10752.0;47;80;135;99;120;125
10758.0;46;80;135;99;120;126
10764.0;44;80;135;99;121;127
10770.0;45;79;135;99;121;127
10776.0;45;79;135;99;121;127
10782.0;45;79;135;99;121;127
10788.0;44;78;135;100;122;127
10794.0;45;77;135;99;123;127
