#auto generated file!
12.0;155;156;144;139;159;159
18.0;153;157;144;140;160;158
24.0;152;158;144;142;159;157
30.0;152;158;144;143;158;157
36.0;152;158;143;143;160;156
42.0;152;158;142;143;160;157
48.0;153;156;143;142;161;157
54.0;153;155;143;141;162;158
60.0;152;155;143;142;163;157
66.0;151;156;144;143;162;156
72.0;151;157;143;142;162;157
78.0;151;157;143;143;161;157
84.0;153;155;143;143;161;157
90.0;152;155;143;144;161;157
96.0;152;156;142;144;161;157
102.0;152;158;140;144;161;157
108.0;152;157;141;144;161;157
114.0;152;158;142;144;161;155
120.0;153;156;141;145;162;155
126.0;152;156;141;146;162;155
132.0;152;157;141;146;162;154
138.0;152;156;142;145;162;155
144.0;152;157;141;146;161;155
150.0;151;157;143;145;161;155
156.0;151;156;144;144;162;155
162.0;150;156;142;145;163;156
168.0;150;156;141;145;163;157
174.0;151;154;142;145;164;156
180.0;148;154;144;145;165;156
186.0;147;153;145;145;164;158
192.0;145;153;146;145;164;159
198.0;146;153;145;146;165;157
204.0;146;151;148;146;164;157
210.0;146;151;147;146;165;157
216.0;146;151;146;146;165;158
222.0;146;151;146;146;165;158
228.0;144;152;145;147;166;158
234.0;145;151;145;147;166;158
240.0;145;151;144;147;165;160
246.0;146;150;144;144;168;160
252.0;147;149;144;145;168;159
258.0;147;149;144;145;168;159
264.0;145;150;145;145;167;160
270.0;148;150;144;145;168;157
276.0;145;149;146;147;168;157
282.0;143;149;146;147;169;158
288.0;143;149;146;147;169;158
294.0;143;149;147;146;168;159
300.0;144;149;145;144;169;161
306.0;143;149;145;145;171;159
312.0;143;149;145;144;172;159
318.0;143;149;145;144;172;159
324.0;143;148;146;144;173;158
330.0;144;148;146;144;171;159
336.0;144;148;145;143;171;161
342.0;144;148;146;142;170;162
348.0;143;148;146;142;171;162
354.0;142;148;146;143;171;162
360.0;140;147;146;143;172;164
366.0;140;147;146;143;171;165
372.0;141;149;146;142;171;163
378.0;141;150;145;142;171;163
384.0;141;150;145;142;169;165
390.0;141;151;144;140;170;166
396.0;139;150;146;140;170;167
402.0;139;150;147;141;170;165
408.0;139;150;147;141;170;165
414.0;140;150;147;141;169;165
420.0;139;150;148;141;169;165
426.0;138;149;148;142;170;165
432.0;138;149;147;142;170;166
438.0;138;148;147;142;170;167
444.0;138;148;147;142;170;167
450.0;139;148;147;142;169;167
456.0;137;148;147;143;169;168
462.0;137;148;147;143;169;168
468.0;136;147;147;143;170;169
474.0;134;147;147;144;173;167
480.0;135;146;147;145;173;166
486.0;133;147;148;145;173;166
492.0;133;147;147;146;173;166
498.0;133;146;147;147;173;166
504.0;132;146;149;149;172;164
510.0;132;146;151;149;173;161
516.0;132;146;150;148;175;161
522.0;132;146;150;148;175;161
528.0;132;146;149;148;176;161
534.0;131;143;149;149;178;162
540.0;131;143;149;149;178;162
546.0;131;143;150;149;178;161
552.0;130;143;151;150;178;160
558.0;130;143;149;152;178;160
564.0;129;142;150;152;178;161
570.0;129;142;151;151;178;161
576.0;130;142;151;152;177;160
582.0;131;142;150;151;178;160
588.0;129;143;151;151;178;160
594.0;128;143;152;152;177;160
600.0;128;143;153;151;177;160
606.0;129;143;153;151;176;160
612.0;128;144;154;151;176;159
618.0;127;144;156;151;175;159
624.0;127;144;155;151;176;159
630.0;126;144;155;152;176;159
636.0;125;144;156;152;176;159
642.0;126;143;156;151;175;161
648.0;125;142;157;152;176;160
654.0;125;141;158;152;176;160
660.0;125;141;157;153;176;160
666.0;124;140;159;154;175;160
672.0;123;141;160;153;175;160
678.0;122;141;161;153;175;160
684.0;122;141;161;151;175;162
690.0;122;141;160;152;174;163
696.0;122;140;161;154;174;161
702.0;122;140;160;154;174;162
708.0;122;139;160;153;176;162
714.0;122;139;161;151;175;164
720.0;121;139;161;152;175;164
726.0;121;138;161;152;175;165
732.0;119;139;160;153;175;166
738.0;120;140;158;154;175;165
744.0;120;140;158;154;174;166
750.0;120;140;158;154;174;166
756.0;119;140;159;154;173;167
762.0;119;138;159;154;175;167
768.0;119;137;159;155;175;167
774.0;118;137;159;156;175;167
780.0;117;137;159;158;174;167
786.0;116;137;160;158;175;166
792.0;116;137;162;157;175;165
798.0;115;138;162;155;176;166
804.0;115;138;162;155;176;166
810.0;115;138;161;156;176;166
816.0;115;138;161;156;176;166
822.0;114;138;162;156;175;167
828.0;114;137;163;155;174;169
834.0;115;135;163;154;176;169
840.0;115;136;164;154;176;167
846.0;115;137;166;153;177;164
852.0;116;138;164;153;176;165
858.0;115;138;164;154;176;165
864.0;115;137;165;154;176;165
870.0;114;139;164;153;177;165
876.0;113;140;164;153;177;165
882.0;112;140;164;153;178;165
888.0;113;140;164;153;178;164
894.0;114;140;165;151;178;164
900.0;113;138;167;151;179;164
906.0;112;138;168;151;178;165
912.0;112;138;168;151;178;165
918.0;112;137;167;153;178;165
924.0;112;136;167;153;178;166
930.0;110;136;167;153;178;168
936.0;110;136;167;153;178;168
942.0;110;134;168;153;179;168
948.0;110;134;168;153;179;168
954.0;110;135;168;153;179;167
960.0;110;136;168;153;179;166
966.0;109;137;167;155;179;165
972.0;110;136;167;154;180;165
978.0;109;136;168;154;180;165
984.0;109;136;167;155;180;165
990.0;109;137;167;153;181;165
996.0;108;137;167;154;181;165
1002.0;110;137;168;152;181;164
1008.0;110;137;168;152;181;164
1014.0;111;137;167;152;181;164
1020.0;111;136;168;153;180;164
1026.0;113;136;167;153;180;163
1032.0;113;135;168;154;179;163
1038.0;113;135;168;155;178;163
1044.0;113;135;168;156;176;164
1050.0;113;135;168;155;177;164
1056.0;112;134;169;155;179;163
1062.0;112;134;169;155;179;163
1068.0;112;134;169;155;178;164
1074.0;111;134;171;152;179;165
1080.0;111;134;171;152;179;165
1086.0;111;134;171;152;180;164
1092.0;110;134;171;153;180;164
1098.0;111;136;170;151;181;163
1104.0;112;136;170;151;180;163
1110.0;111;136;169;151;181;164
1116.0;110;135;170;153;179;165
1122.0;109;136;170;153;179;165
1128.0;108;137;170;153;179;165
1134.0;108;136;171;153;179;165
1140.0;108;136;169;154;181;164
1146.0;107;138;168;154;181;164
1152.0;107;139;167;153;182;164
1158.0;106;140;166;155;181;164
1164.0;106;141;166;155;178;166
1170.0;107;140;166;154;178;167
1176.0;107;141;165;154;178;167
1182.0;106;141;165;154;178;168
1188.0;106;142;165;153;178;168
1194.0;107;142;166;153;177;167
1200.0;105;142;167;153;177;168
1206.0;105;142;167;153;177;168
1212.0;105;140;167;154;177;169
1218.0;106;141;165;154;177;169
1224.0;106;141;166;154;176;169
1230.0;105;141;167;155;175;169
1236.0;106;139;167;153;176;171
1242.0;106;135;167;154;179;171
1248.0;106;135;167;153;179;172
1254.0;106;134;167;153;180;172
1260.0;105;135;168;152;181;171
1266.0;105;135;169;151;181;171
1272.0;104;135;170;150;181;172
1278.0;103;136;169;151;181;172
1284.0;103;135;169;152;181;172
1290.0;103;135;170;151;181;172
1296.0;103;134;171;152;180;172
1302.0;103;134;171;152;180;172
1308.0;103;134;171;152;180;172
1314.0;105;134;170;152;179;172
1320.0;104;135;171;152;178;172
1326.0;104;135;171;152;177;173
1332.0;104;136;171;151;177;173
1338.0;104;136;170;151;178;173
1344.0;103;137;170;150;177;175
1350.0;102;136;169;152;177;176
1356.0;102;136;169;153;179;173
1362.0;102;137;168;153;180;172
1368.0;101;137;170;152;180;172
1374.0;102;138;170;152;179;171
1380.0;102;139;170;151;179;171
1386.0;101;139;170;151;179;172
1392.0;102;139;169;151;179;172
1398.0;103;139;168;150;179;173
1404.0;104;137;168;150;178;175
1410.0;104;135;168;150;179;176
1416.0;104;135;168;150;179;176
1422.0;105;133;168;152;178;176
1428.0;105;133;168;152;179;175
1434.0;106;132;170;153;177;174
1440.0;106;132;171;153;177;173
1446.0;105;132;170;154;178;173
1452.0;106;132;168;152;178;176
1458.0;107;132;168;152;177;176
1464.0;107;132;168;152;178;175
1470.0;107;131;168;152;178;176
1476.0;107;131;168;152;178;176
1482.0;105;131;168;153;179;176
1488.0;105;132;168;151;180;176
1494.0;105;132;168;151;180;176
1500.0;105;132;169;151;180;175
1506.0;105;131;169;151;181;175
1512.0;106;131;169;151;180;175
1518.0;105;132;170;151;179;175
1524.0;105;132;170;151;180;174
1530.0;105;132;169;152;180;174
1536.0;105;134;169;148;181;175
1542.0;107;134;168;148;181;174
1548.0;107;134;169;148;181;173
1554.0;107;133;170;148;182;172
1560.0;109;135;169;148;181;170
1566.0;108;133;170;149;181;171
1572.0;107;134;170;149;181;171
1578.0;108;133;170;149;181;171
1584.0;106;134;169;149;182;172
1590.0;105;135;169;150;180;173
1596.0;105;136;168;150;180;173
1602.0;104;135;168;150;181;174
1608.0;104;135;168;150;181;174
1614.0;103;134;170;149;181;175
1620.0;104;134;170;148;181;175
1626.0;104;134;170;148;181;175
1632.0;105;134;170;149;180;174
1638.0;105;133;170;147;181;176
1644.0;106;133;170;145;183;175
1650.0;106;133;170;144;184;175
1656.0;108;132;170;143;184;175
1662.0;106;133;170;146;183;174
1668.0;106;132;170;147;183;174
1674.0;106;132;170;147;182;175
1680.0;106;132;170;148;180;176
1686.0;106;132;171;147;180;176
1692.0;106;132;171;147;180;176
1698.0;106;131;170;147;182;176
1704.0;108;131;170;147;180;176
1710.0;108;132;171;146;179;176
1716.0;107;132;170;146;181;176
1722.0;107;132;170;146;181;176
1728.0;107;132;170;145;181;177
1734.0;107;132;170;145;181;177
1740.0;106;132;170;146;181;177
1746.0;104;132;172;144;182;178
1752.0;103;133;171;144;182;179
1758.0;105;132;171;143;182;179
1764.0;106;131;170;143;183;179
1770.0;106;130;171;143;183;179
1776.0;107;129;171;143;183;179
1782.0;107;129;171;143;183;179
1788.0;106;129;172;142;184;179
1794.0;104;128;174;142;185;179
1800.0;104;128;175;142;185;178
1806.0;103;127;176;142;186;178
1812.0;103;127;176;143;184;179
1818.0;103;128;176;141;185;179
1824.0;104;129;176;140;184;179
1830.0;104;129;176;140;184;179
1836.0;103;129;175;141;184;180
1842.0;102;130;174;141;185;180
1848.0;102;130;174;141;185;180
1854.0;101;130;174;141;188;178
1860.0;100;130;174;141;189;178
1866.0;100;130;174;141;189;178
1872.0;100;131;174;140;189;178
1878.0;100;130;174;141;190;177
1884.0;100;129;174;143;189;177
1890.0;101;130;174;143;188;176
1896.0;102;129;176;143;187;175
1902.0;103;129;176;145;186;173
1908.0;104;129;177;144;185;173
1914.0;107;129;176;144;184;172
1920.0;107;130;176;143;184;172
1926.0;107;131;177;142;183;172
1932.0;107;132;174;144;183;172
1938.0;108;131;172;144;182;175
1944.0;107;132;172;144;182;175
1950.0;105;132;174;144;182;175
1956.0;107;132;174;142;183;174
1962.0;107;132;174;142;183;174
1968.0;106;132;175;142;183;174
1974.0;106;132;175;142;183;174
1980.0;106;132;176;142;183;173
1986.0;107;131;175;144;183;172
1992.0;106;130;174;146;184;172
1998.0;106;130;174;146;184;172
2004.0;106;130;174;146;184;172
2010.0;105;129;175;146;184;173
2016.0;105;129;175;145;184;174
2022.0;105;129;175;145;184;174
2028.0;106;128;172;145;185;176
2034.0;106;128;173;144;185;176
2040.0;106;127;174;144;185;176
2046.0;106;128;176;143;183;176
2052.0;106;129;176;143;182;176
2058.0;105;131;176;141;183;176
2064.0;105;130;176;142;184;175
2070.0;105;130;176;141;184;176
2076.0;105;129;175;143;184;176
2082.0;106;130;176;141;183;176
2088.0;108;130;176;140;183;175
2094.0;108;129;176;140;183;176
2100.0;110;129;176;139;183;175
2106.0;110;129;176;140;181;176
2112.0;109;130;176;139;181;177
2118.0;110;130;176;138;180;178
2124.0;108;132;176;138;180;178
2130.0;110;132;177;136;179;178
2136.0;110;134;177;136;179;176
2142.0;109;134;177;136;180;176
2148.0;110;133;176;136;181;176
2154.0;111;132;176;136;181;176
2160.0;110;131;176;137;181;177
2166.0;109;130;176;139;181;177
2172.0;108;130;176;140;181;177
2178.0;109;130;175;140;180;178
2184.0;111;130;175;140;180;176
2190.0;109;131;176;139;181;176
2196.0;109;131;176;139;181;176
2202.0;109;131;177;138;181;176
2208.0;109;131;179;138;181;174
2214.0;108;131;179;138;180;176
2220.0;106;131;179;139;180;177
2226.0;106;131;179;139;180;177
2232.0;106;132;179;139;179;177
2238.0;105;133;177;139;178;180
2244.0;105;133;176;140;178;180
2250.0;105;133;176;140;178;180
2256.0;106;134;176;139;178;179
2262.0;106;133;175;139;180;179
2268.0;105;134;175;139;180;179
2274.0;105;134;175;140;179;179
2280.0;105;135;175;140;179;178
2286.0;105;136;176;140;179;176
2292.0;106;136;176;140;178;176
2298.0;106;135;176;140;178;177
2304.0;107;134;176;140;178;177
2310.0;107;134;176;140;178;177
2316.0;106;134;177;140;179;176
2322.0;105;133;178;141;179;176
2328.0;104;133;179;140;180;176
2334.0;104;133;178;140;180;177
2340.0;106;132;179;139;180;176
2346.0;105;133;180;138;180;176
2352.0;105;134;180;138;180;175
2358.0;105;135;180;137;180;175
2364.0;107;135;180;137;179;174
2370.0;107;136;180;138;177;174
2376.0;106;134;181;140;177;174
2382.0;106;133;180;140;178;175
2388.0;106;133;180;141;177;175
2394.0;108;134;180;139;176;175
2400.0;108;133;180;140;176;175
2406.0;108;134;178;140;175;177
2412.0;107;133;179;140;176;177
2418.0;107;134;179;140;175;177
2424.0;108;134;179;139;175;177
2430.0;108;133;179;139;175;178
2436.0;107;133;179;140;175;178
2442.0;108;131;180;140;175;178
2448.0;108;132;180;138;174;180
2454.0;109;131;180;138;174;180
2460.0;108;130;180;139;176;179
2466.0;107;130;180;140;176;179
2472.0;106;131;180;141;175;179
2478.0;105;131;180;141;175;180
2484.0;106;132;179;139;175;181
2490.0;104;132;181;138;175;182
2496.0;103;132;180;139;176;182
2502.0;103;132;181;139;176;181
2508.0;102;132;181;141;175;181
2514.0;103;133;181;141;175;179
2520.0;103;134;181;140;175;179
2526.0;101;133;180;143;176;179
2532.0;102;133;179;143;176;179
2538.0;101;134;179;142;177;179
2544.0;101;134;179;141;177;180
2550.0;99;133;181;142;177;180
2556.0;98;133;181;142;177;181
2562.0;98;132;182;142;177;181
2568.0;98;133;182;141;177;181
2574.0;98;133;183;140;177;181
2580.0;98;135;184;138;177;180
2586.0;97;135;184;139;177;180
2592.0;97;135;184;138;176;182
2598.0;96;136;184;138;176;182
2604.0;97;135;183;138;177;182
2610.0;98;135;184;138;176;181
2616.0;97;137;183;139;176;180
2622.0;96;137;183;139;178;179
2628.0;96;137;183;139;178;179
2634.0;96;138;182;139;178;179
2640.0;96;137;182;139;180;178
2646.0;96;136;182;139;180;179
2652.0;96;136;181;139;181;179
2658.0;95;136;181;139;179;182
2664.0;95;136;182;140;179;180
2670.0;96;137;181;140;179;179
2676.0;96;137;181;140;179;179
2682.0;96;135;181;141;179;180
2688.0;97;135;182;141;178;179
2694.0;97;135;182;141;178;179
2700.0;95;136;182;141;178;180
2706.0;95;136;180;141;178;182
2712.0;94;135;180;142;179;182
2718.0;94;135;180;143;179;181
2724.0;95;134;181;141;179;182
2730.0;94;134;182;141;179;182
2736.0;95;134;182;141;178;182
2742.0;95;135;182;141;178;181
2748.0;97;133;182;140;178;182
2754.0;98;133;181;141;177;182
2760.0;98;133;181;141;177;182
2766.0;96;134;180;141;178;183
2772.0;96;132;180;142;177;185
2778.0;95;133;180;142;177;185
2784.0;95;134;179;142;177;185
2790.0;94;134;179;142;176;187
2796.0;94;136;179;141;175;187
2802.0;93;136;180;141;177;185
2808.0;93;137;180;140;177;185
2814.0;94;137;179;140;177;185
2820.0;92;137;180;139;179;185
2826.0;92;137;180;138;180;185
2832.0;91;137;180;139;180;185
2838.0;91;138;179;139;180;185
2844.0;91;138;179;139;180;185
2850.0;91;139;178;139;180;185
2856.0;91;138;179;138;180;186
2862.0;90;139;179;138;180;186
2868.0;90;139;178;139;181;185
2874.0;85;141;180;139;181;186
2880.0;85;140;179;140;181;187
2886.0;84;140;179;140;181;188
2892.0;86;139;179;140;181;187
2898.0;86;139;179;141;181;186
2904.0;87;140;179;140;180;186
2910.0;88;141;178;140;179;186
2916.0;88;140;178;139;181;186
2922.0;87;141;177;138;181;188
2928.0;87;142;177;139;181;186
2934.0;87;142;177;139;180;187
2940.0;87;142;177;139;180;187
2946.0;87;139;178;139;182;187
2952.0;87;138;177;139;184;187
2958.0;88;138;176;139;184;187
2964.0;88;139;175;138;185;187
2970.0;89;138;173;139;185;188
2976.0;90;138;172;139;186;187
2982.0;90;138;171;140;185;188
2988.0;90;137;172;140;185;188
2994.0;90;137;171;141;186;187
3000.0;91;136;170;143;185;187
3006.0;91;135;170;144;186;186
3012.0;91;135;170;144;185;187
3018.0;92;135;171;143;186;185
3024.0;92;135;171;144;185;185
3030.0;91;135;171;145;185;185
3036.0;91;134;171;146;185;185
3042.0;93;134;170;145;184;186
3048.0;92;135;169;144;185;187
3054.0;93;135;171;142;185;186
3060.0;94;134;170;142;186;186
3066.0;93;134;170;144;186;185
3072.0;93;134;170;144;186;185
3078.0;94;134;170;142;186;186
3084.0;93;134;169;143;187;186
3090.0;93;134;169;143;187;186
3096.0;94;134;167;144;187;186
3102.0;94;134;167;144;187;186
3108.0;93;134;168;145;186;186
3114.0;93;134;168;146;185;186
3120.0;95;134;167;146;185;185
3126.0;94;136;167;146;185;184
3132.0;93;136;167;146;186;184
3138.0;95;135;166;146;186;184
3144.0;96;136;166;145;186;183
3150.0;96;138;165;146;186;181
3156.0;94;138;164;147;186;183
3162.0;92;138;165;146;188;183
3168.0;92;138;165;145;188;184
3174.0;91;137;164;146;188;186
3180.0;91;136;167;146;187;185
3186.0;92;136;167;146;186;185
3192.0;93;135;167;146;186;185
3198.0;95;134;168;145;186;184
3204.0;96;135;166;145;186;184
3210.0;98;134;165;145;186;184
3216.0;97;134;165;145;186;185
3222.0;98;135;165;143;186;185
3228.0;98;135;165;143;186;185
3234.0;98;134;165;143;186;186
3240.0;99;136;165;140;187;185
3246.0;99;136;165;139;188;185
3252.0;98;137;166;138;187;186
3258.0;96;138;166;140;187;185
3264.0;96;138;166;140;187;185
3270.0;95;139;165;140;188;185
3276.0;95;139;165;140;188;185
3282.0;94;139;164;140;190;185
3288.0;93;141;163;141;189;185
3294.0;94;141;163;141;188;185
3300.0;95;141;163;140;188;185
3306.0;95;140;163;139;190;185
3312.0;94;140;163;140;190;185
3318.0;94;140;164;140;190;184
3324.0;94;141;163;140;190;184
3330.0;94;140;163;140;191;184
3336.0;94;141;163;140;190;184
3342.0;93;141;163;141;190;184
3348.0;92;140;164;142;189;185
3354.0;92;140;164;142;189;185
3360.0;93;139;164;142;189;185
3366.0;94;138;165;142;189;184
3372.0;95;139;165;142;188;183
3378.0;93;139;166;143;187;184
3384.0;93;140;168;143;186;182
3390.0;93;139;168;143;185;184
3396.0;91;139;169;143;184;186
3402.0;91;139;171;141;184;186
3408.0;91;140;171;141;184;185
3414.0;91;139;171;143;183;185
3420.0;90;139;171;143;183;186
3426.0;90;141;171;143;182;185
3432.0;89;141;173;143;182;184
3438.0;89;142;174;141;183;183
3444.0;89;143;175;141;182;182
3450.0;89;141;176;140;183;183
3456.0;89;141;176;140;183;183
3462.0;89;142;176;139;183;183
3468.0;90;141;174;139;183;185
3474.0;90;141;174;139;183;185
3480.0;90;142;176;136;184;184
3486.0;92;142;178;134;184;182
3492.0;92;142;178;134;184;182
3498.0;92;142;178;134;184;182
3504.0;92;142;179;134;185;180
3510.0;91;143;179;133;185;181
3516.0;90;144;180;132;185;181
3522.0;90;145;180;130;187;180
3528.0;89;143;181;129;190;180
3534.0;89;141;181;130;190;181
3540.0;89;141;181;130;190;181
3546.0;89;140;181;131;189;182
3552.0;88;140;181;131;189;183
3558.0;88;140;181;131;188;184
3564.0;89;140;180;130;190;183
3570.0;89;141;180;129;190;183
3576.0;89;142;180;128;191;182
3582.0;89;142;181;127;191;182
3588.0;87;140;181;128;193;183
3594.0;86;140;181;129;192;184
3600.0;86;141;181;130;192;182
3606.0;86;142;180;130;192;182
3612.0;85;143;179;130;194;181
3618.0;86;143;180;129;195;179
3624.0;86;143;180;129;195;179
3630.0;85;142;180;130;195;180
3636.0;85;143;179;129;196;180
3642.0;84;144;179;129;195;181
3648.0;82;144;178;130;196;182
3654.0;82;143;179;129;197;182
3660.0;83;143;178;130;197;181
3666.0;83;144;178;130;196;181
3672.0;83;145;178;131;194;181
3678.0;84;144;178;131;193;182
3684.0;84;144;179;131;193;181
3690.0;85;144;179;130;194;180
3696.0;84;144;179;131;193;181
3702.0;84;144;179;131;193;181
3708.0;84;144;179;131;193;181
3714.0;83;145;179;130;194;181
3720.0;80;146;178;130;197;181
3726.0;81;146;178;129;197;181
3732.0;81;146;178;128;196;183
3738.0;81;146;178;128;196;183
3744.0;82;146;177;126;198;183
3750.0;82;146;177;126;198;183
3756.0;82;146;177;126;198;183
3762.0;80;145;177;126;200;184
3768.0;80;145;176;127;200;184
3774.0;78;147;176;128;200;183
3780.0;79;147;175;128;200;183
3786.0;80;147;172;129;200;184
3792.0;82;146;173;129;198;184
3798.0;79;146;174;129;199;185
3804.0;81;144;174;128;200;185
3810.0;81;143;174;128;201;185
3816.0;82;143;173;127;202;185
3822.0;81;144;172;128;202;185
3828.0;81;144;173;127;202;185
3834.0;81;144;173;127;202;185
3840.0;81;144;173;127;202;185
3846.0;81;143;173;127;202;186
3852.0;81;144;173;125;202;187
3858.0;81;143;173;126;200;189
3864.0;81;145;171;126;200;189
3870.0;81;147;169;126;200;189
3876.0;82;146;169;125;200;190
3882.0;84;145;169;124;200;190
3888.0;84;145;170;124;199;190
3894.0;84;145;170;124;200;189
3900.0;83;145;169;126;200;189
3906.0;82;145;168;128;199;190
3912.0;83;144;168;129;199;189
3918.0;83;145;167;129;199;189
3924.0;83;145;167;129;199;189
3930.0;83;147;166;128;199;189
3936.0;83;147;167;127;199;189
3942.0;82;147;166;127;200;190
3948.0;82;146;166;129;200;189
3954.0;82;145;166;129;201;189
3960.0;80;146;166;130;202;188
3966.0;80;145;167;130;202;188
3972.0;78;146;168;130;202;188
3978.0;76;147;168;131;202;188
3984.0;76;145;168;132;201;190
3990.0;76;142;170;133;201;190
3996.0;78;141;171;132;201;189
4002.0;78;142;171;131;201;189
4008.0;77;141;172;132;201;189
4014.0;75;142;173;132;201;189
4020.0;75;143;173;132;201;188
4026.0;74;143;173;132;201;189
4032.0;73;143;174;133;201;188
4038.0;74;141;173;133;204;187
4044.0;74;142;173;133;203;187
4050.0;73;142;174;133;203;187
4056.0;73;143;174;133;203;186
4062.0;73;143;174;132;203;187
4068.0;75;142;174;132;202;187
4074.0;75;141;175;133;202;186
4080.0;75;140;175;133;203;186
4086.0;73;139;175;134;205;186
4092.0;73;137;178;133;205;186
4098.0;73;137;178;134;205;185
4104.0;73;137;179;134;205;184
4110.0;72;137;178;136;205;184
4116.0;72;138;177;136;205;184
4122.0;72;137;177;135;206;185
4128.0;72;136;179;135;205;185
4134.0;71;135;181;135;204;186
4140.0;72;135;181;135;204;185
4146.0;73;134;182;135;203;185
4152.0;72;134;181;133;207;185
4158.0;72;134;181;134;206;185
4164.0;71;134;181;133;207;186
4170.0;73;134;180;133;207;185
4176.0;73;134;180;134;207;184
4182.0;74;134;180;134;206;184
4188.0;74;134;180;135;206;183
4194.0;74;133;180;136;206;183
4200.0;73;134;180;136;206;183
4206.0;74;133;180;136;205;184
4212.0;73;134;181;135;205;184
4218.0;74;134;181;134;205;184
4224.0;75;135;181;133;204;184
4230.0;75;137;181;133;203;183
4236.0;76;137;181;132;203;183
4242.0;75;137;180;133;204;183
4248.0;75;137;179;132;205;184
4254.0;75;138;179;132;205;183
4260.0;75;139;179;130;205;184
4266.0;75;138;180;131;205;183
4272.0;75;137;179;131;206;184
4278.0;76;137;178;130;206;185
4284.0;77;138;177;130;205;185
4290.0;74;138;179;131;205;185
4296.0;76;138;180;130;205;183
4302.0;76;139;179;130;205;183
4308.0;76;138;179;131;206;182
4314.0;74;138;179;132;206;183
4320.0;75;137;178;133;206;183
4326.0;76;137;178;133;205;183
4332.0;76;136;178;135;204;183
4338.0;77;136;179;133;204;183
4344.0;77;136;179;133;205;182
4350.0;77;136;179;133;205;182
4356.0;76;137;181;133;203;182
4362.0;74;138;181;133;203;183
4368.0;73;139;181;132;203;184
4374.0;73;138;181;133;203;184
4380.0;71;138;182;134;203;184
4386.0;70;140;181;133;205;183
4392.0;70;140;181;133;205;183
4398.0;69;140;181;132;205;185
4404.0;69;140;182;130;206;185
4410.0;69;140;183;129;205;186
4416.0;70;141;182;129;204;186
4422.0;71;140;182;129;204;186
4428.0;70;139;181;129;205;188
4434.0;70;139;181;130;204;188
4440.0;70;139;182;129;204;188
4446.0;70;140;182;129;204;187
4452.0;70;140;181;128;206;187
4458.0;70;139;181;129;206;187
4464.0;71;139;181;129;206;186
4470.0;72;138;183;128;205;186
4476.0;72;138;184;127;205;186
4482.0;71;138;185;127;204;187
4488.0;72;138;184;126;204;188
4494.0;73;137;183;127;204;188
4500.0;73;137;181;128;205;188
4506.0;73;136;181;129;205;188
4512.0;72;138;181;129;203;189
4518.0;72;138;180;130;203;189
4524.0;73;137;180;130;203;189
4530.0;73;136;180;130;204;189
4536.0;72;136;181;130;204;189
4542.0;72;137;179;131;204;189
4548.0;71;137;181;130;203;190
4554.0;70;139;181;130;202;190
4560.0;69;140;179;130;203;191
4566.0;69;140;179;130;203;191
4572.0;70;139;179;130;203;191
4578.0;70;142;180;129;202;189
4584.0;70;143;180;128;202;189
4590.0;71;145;179;127;201;189
4596.0;70;145;180;127;202;188
4602.0;69;146;181;126;200;190
4608.0;70;146;181;127;199;189
4614.0;70;145;181;127;198;191
4620.0;69;145;182;128;197;191
4626.0;70;145;182;128;197;190
4632.0;69;145;182;129;195;192
4638.0;70;145;183;129;193;192
4644.0;70;145;183;130;193;191
4650.0;70;145;183;131;193;190
4656.0;70;145;184;130;193;190
4662.0;70;145;185;130;192;190
4668.0;70;144;185;131;191;191
4674.0;70;144;186;129;191;192
4680.0;71;144;186;129;191;191
4686.0;71;144;186;128;192;191
4692.0;70;144;186;128;193;191
4698.0;70;145;188;126;192;191
4704.0;70;145;188;126;192;191
4710.0;69;145;188;127;192;191
4716.0;70;143;188;128;191;192
4722.0;70;143;189;130;188;192
4728.0;68;144;189;128;191;192
4734.0;68;143;189;128;191;193
4740.0;68;143;189;128;191;193
4746.0;68;143;189;128;191;193
4752.0;66;146;190;128;191;191
4758.0;66;146;189;127;192;192
4764.0;66;147;190;127;192;190
4770.0;66;148;190;128;191;189
4776.0;66;146;191;129;190;190
4782.0;66;146;190;129;190;191
4788.0;66;145;191;129;190;191
4794.0;66;145;190;129;190;192
4800.0;66;145;189;130;190;192
4806.0;66;145;189;130;190;192
4812.0;64;145;190;129;192;192
4818.0;65;145;189;129;192;192
4824.0;65;146;187;130;193;191
4830.0;66;146;187;130;192;191
4836.0;66;145;187;132;192;190
4842.0;64;146;188;132;192;190
4848.0;64;145;188;132;192;191
4854.0;65;145;188;131;192;191
4860.0;65;144;188;132;192;191
4866.0;66;144;188;131;192;191
4872.0;65;143;189;132;192;191
4878.0;65;144;189;132;191;191
4884.0;66;144;186;133;191;192
4890.0;66;143;186;133;191;193
4896.0;67;143;186;132;191;193
4902.0;68;144;185;132;190;193
4908.0;68;144;184;131;192;193
4914.0;69;145;183;129;191;195
4920.0;70;147;182;129;191;193
4926.0;70;149;182;129;190;192
4932.0;70;149;182;129;190;192
4938.0;70;150;182;128;190;192
4944.0;70;150;181;129;190;192
4950.0;71;150;179;127;190;195
4956.0;71;150;180;128;189;194
4962.0;70;149;180;128;191;194
4968.0;70;149;181;128;189;195
4974.0;70;148;183;128;188;195
4980.0;69;149;183;128;188;195
4986.0;68;149;183;127;189;196
4992.0;68;150;183;126;189;196
4998.0;68;150;185;126;188;195
5004.0;68;149;186;126;188;195
5010.0;68;149;186;126;188;195
5016.0;67;148;187;126;189;195
5022.0;66;148;187;127;189;195
5028.0;67;147;187;127;189;195
5034.0;66;149;186;126;189;196
5040.0;66;149;187;125;190;195
5046.0;66;149;187;126;189;195
5052.0;66;149;187;127;188;195
5058.0;64;149;187;129;189;194
5064.0;64;148;188;130;188;194
5070.0;63;149;187;130;189;194
5076.0;63;149;187;130;189;194
5082.0;63;148;187;130;189;195
5088.0;62;149;187;130;189;195
5094.0;62;148;187;131;189;195
5100.0;62;149;186;130;192;193
5106.0;62;148;186;130;193;193
5112.0;62;147;186;130;194;193
5118.0;63;146;186;130;194;193
5124.0;63;147;185;130;194;193
5130.0;64;147;186;130;194;191
5136.0;64;147;186;130;194;191
5142.0;64;147;186;129;196;190
5148.0;64;148;184;130;196;190
5154.0;64;148;183;130;198;189
5160.0;64;148;183;130;198;189
5166.0;64;150;182;128;199;189
5172.0;63;148;183;128;201;189
5178.0;66;147;181;128;202;188
5184.0;66;146;180;129;202;189
5190.0;65;146;181;129;203;188
5196.0;66;146;180;130;202;188
5202.0;66;146;180;130;202;188
5208.0;66;146;179;130;203;188
5214.0;65;148;179;130;202;188
5220.0;66;149;179;130;200;188
5226.0;66;149;179;130;200;188
5232.0;66;149;180;129;200;188
5238.0;66;149;180;128;200;189
5244.0;65;149;180;129;200;189
5250.0;65;149;179;129;200;190
5256.0;64;149;178;130;201;190
5262.0;65;148;178;130;201;190
5268.0;65;148;178;129;201;191
5274.0;66;147;178;130;200;191
5280.0;67;146;179;129;199;192
5286.0;68;145;180;128;197;194
5292.0;67;145;181;128;197;194
5298.0;66;146;182;127;197;194
5304.0;66;147;181;126;198;194
5310.0;66;147;180;127;197;195
5316.0;67;148;178;126;198;195
5322.0;67;149;178;126;197;195
5328.0;67;149;179;126;197;194
5334.0;66;150;179;126;197;194
5340.0;67;149;178;126;198;194
5346.0;67;149;178;126;198;194
5352.0;67;149;178;126;200;192
5358.0;67;147;178;127;200;193
5364.0;67;147;178;127;200;193
5370.0;67;147;178;127;199;194
5376.0;67;148;178;127;199;193
5382.0;68;148;177;127;199;193
5388.0;67;149;177;128;199;192
5394.0;66;149;177;129;199;192
5400.0;67;149;177;129;198;192
5406.0;67;150;176;128;198;193
5412.0;69;148;176;129;197;193
5418.0;68;149;177;129;196;193
5424.0;70;149;175;129;196;193
5430.0;71;148;175;129;196;193
5436.0;70;149;176;128;196;193
5442.0;70;146;179;129;197;191
5448.0;70;146;179;129;197;191
5454.0;70;146;181;128;196;191
5460.0;69;147;181;128;197;190
5466.0;70;147;182;127;197;189
5472.0;70;148;181;127;197;189
5478.0;70;148;181;127;196;190
5484.0;71;147;182;126;196;190
5490.0;70;148;183;126;196;189
5496.0;69;149;183;126;196;189
5502.0;69;149;183;126;196;189
5508.0;68;148;184;126;197;189
5514.0;66;148;184;127;198;189
5520.0;66;148;183;128;198;189
5526.0;66;148;183;128;198;189
5532.0;65;149;184;128;199;187
5538.0;64;148;185;128;200;187
5544.0;64;147;186;129;200;186
5550.0;64;147;185;130;200;186
5556.0;64;146;185;130;201;186
5562.0;64;146;185;130;201;186
5568.0;65;146;186;128;201;186
5574.0;64;147;186;128;200;187
5580.0;63;147;187;127;200;188
5586.0;65;147;187;126;200;187
5592.0;65;147;187;126;200;187
5598.0;65;147;187;127;200;186
5604.0;66;147;187;127;199;186
5610.0;66;147;187;127;199;186
5616.0;66;147;187;127;198;187
5622.0;66;147;185;128;198;188
5628.0;65;148;185;128;198;188
5634.0;64;147;185;130;196;190
5640.0;64;148;185;130;196;189
5646.0;63;149;184;130;196;190
5652.0;63;149;184;130;196;190
5658.0;63;149;185;131;196;188
5664.0;64;149;184;131;196;188
5670.0;63;148;185;131;197;188
5676.0;63;148;185;131;196;189
5682.0;63;148;185;131;196;189
5688.0;64;147;185;132;195;189
5694.0;63;146;187;132;195;189
5700.0;64;146;187;132;195;188
5706.0;65;146;187;131;195;188
5712.0;65;145;187;131;195;189
5718.0;64;145;186;131;195;191
5724.0;64;146;186;131;194;191
5730.0;64;145;186;131;194;192
5736.0;63;146;186;129;196;192
5742.0;63;146;186;129;196;192
5748.0;64;145;187;128;196;192
5754.0;64;145;187;128;196;192
5760.0;64;146;187;128;195;192
5766.0;64;145;186;128;195;194
5772.0;64;144;185;128;196;195
5778.0;64;145;185;128;196;194
5784.0;64;144;186;128;196;194
5790.0;64;144;186;128;196;194
5796.0;65;144;185;127;196;195
5802.0;65;144;185;127;196;195
5808.0;66;143;186;126;198;193
5814.0;66;144;186;125;198;193
5820.0;65;144;188;126;198;191
5826.0;65;143;188;128;197;191
5832.0;65;141;188;129;196;193
5838.0;66;141;187;129;196;193
5844.0;67;141;187;128;196;193
5850.0;67;141;188;128;196;192
5856.0;67;142;188;128;196;191
5862.0;67;141;187;128;197;192
5868.0;67;141;187;127;197;193
5874.0;68;139;186;127;197;195
5880.0;68;138;186;127;197;196
5886.0;68;138;185;128;197;196
5892.0;68;138;186;127;197;196
5898.0;68;138;186;128;197;195
5904.0;68;138;186;128;197;195
5910.0;68;138;186;128;196;196
5916.0;68;135;188;127;197;197
5922.0;68;135;190;127;196;196
5928.0;70;134;191;126;195;196
5934.0;70;133;190;126;195;198
5940.0;70;134;190;126;194;198
5946.0;70;134;190;126;194;198
5952.0;70;134;190;125;195;198
5958.0;69;133;191;126;195;198
5964.0;69;133;191;126;195;198
5970.0;68;134;191;125;194;200
5976.0;69;134;191;124;193;201
5982.0;68;134;191;124;194;201
5988.0;68;133;191;125;193;202
5994.0;66;134;191;126;194;201
6000.0;66;135;191;127;194;199
6006.0;66;135;191;125;194;201
6012.0;68;134;193;125;191;201
6018.0;68;134;193;125;191;201
6024.0;68;134;193;125;192;200
6030.0;68;134;194;124;193;199
6036.0;68;133;194;126;192;199
6042.0;67;134;193;127;192;199
6048.0;68;134;191;128;193;198
6054.0;68;133;191;128;192;200
6060.0;68;133;192;127;192;200
6066.0;69;133;191;126;194;199
6072.0;69;133;190;126;195;199
6078.0;68;134;190;126;194;200
6084.0;68;134;190;126;193;201
6090.0;68;134;191;126;192;201
6096.0;68;133;191;127;192;201
6102.0;67;134;191;127;192;201
6108.0;68;133;190;127;193;201
6114.0;67;134;189;127;194;201
6120.0;67;133;189;126;195;202
6126.0;67;132;189;127;194;203
6132.0;65;133;190;127;194;203
6138.0;65;133;188;128;193;205
6144.0;63;134;190;127;192;206
6150.0;63;136;190;127;190;206
6156.0;63;136;191;126;190;206
6162.0;65;136;191;125;189;206
6168.0;66;136;191;125;188;206
6174.0;66;136;191;124;189;206
6180.0;65;136;192;125;188;206
6186.0;65;136;191;125;188;207
6192.0;65;136;191;125;188;207
6198.0;65;135;191;125;189;207
6204.0;65;135;190;126;190;206
6210.0;65;136;190;125;191;205
6216.0;65;136;191;124;192;204
6222.0;65;136;191;124;192;204
6228.0;64;134;191;127;192;204
6234.0;64;134;192;127;191;204
6240.0;65;133;191;128;192;203
6246.0;65;133;192;128;191;203
6252.0;65;132;192;129;192;202
6258.0;65;132;191;129;193;202
6264.0;65;132;192;128;193;202
6270.0;64;131;191;130;195;201
6276.0;66;131;191;130;194;200
6282.0;67;131;191;127;194;202
6288.0;67;129;191;127;195;203
6294.0;69;128;192;125;193;205
6300.0;69;127;193;126;192;205
6306.0;68;127;192;127;192;206
6312.0;68;127;191;128;191;207
6318.0;67;127;192;128;191;207
6324.0;67;127;192;127;191;208
6330.0;68;128;190;126;193;207
6336.0;68;127;190;126;194;207
6342.0;68;127;190;127;194;206
6348.0;68;127;193;127;192;205
6354.0;68;126;193;127;194;204
6360.0;67;127;193;126;193;206
6366.0;67;127;193;126;193;206
6372.0;67;128;192;126;194;205
6378.0;68;128;192;125;194;205
6384.0;68;127;192;125;194;206
6390.0;68;128;192;125;193;206
6396.0;68;128;192;125;193;206
6402.0;69;128;193;124;194;204
6408.0;70;129;192;122;195;204
6414.0;68;129;193;123;195;204
6420.0;68;130;193;123;195;203
6426.0;68;130;193;123;195;203
6432.0;68;129;193;122;197;203
6438.0;69;128;192;122;198;203
6444.0;71;127;192;121;197;204
6450.0;72;127;192;122;196;203
6456.0;72;127;193;122;195;203
6462.0;72;127;194;120;196;203
6468.0;72;128;193;121;196;202
6474.0;72;128;193;121;195;203
6480.0;72;129;193;121;195;202
6486.0;72;129;192;122;195;202
6492.0;73;129;189;124;193;204
6498.0;75;129;190;122;193;203
6504.0;75;129;190;123;193;202
6510.0;75;129;190;124;192;202
6516.0;76;129;190;124;192;201
6522.0;76;129;189;125;191;202
6528.0;77;129;189;125;191;201
6534.0;77;129;189;125;191;201
6540.0;77;129;190;125;192;199
6546.0;77;130;190;126;191;198
6552.0;77;130;190;126;191;198
6558.0;76;130;191;126;191;198
6564.0;75;131;191;125;191;199
6570.0;76;131;192;124;190;199
6576.0;76;130;193;124;190;199
6582.0;76;130;193;126;190;197
6588.0;77;130;193;125;190;197
6594.0;77;130;195;124;191;195
6600.0;77;130;195;124;191;195
6606.0;77;131;195;124;190;195
6612.0;79;129;195;123;190;196
6618.0;77;129;195;124;190;197
6624.0;78;129;195;123;190;197
6630.0;78;128;196;123;189;198
6636.0;77;129;196;123;189;198
6642.0;78;128;197;123;188;198
6648.0;78;128;197;123;188;198
6654.0;77;127;197;124;189;198
6660.0;77;127;197;125;189;197
6666.0;78;126;197;126;189;196
6672.0;78;127;197;125;189;196
6678.0;76;129;198;125;186;198
6684.0;76;129;199;125;186;197
6690.0;74;129;200;126;187;196
6696.0;74;128;199;127;188;196
6702.0;75;128;199;127;188;195
6708.0;74;128;199;127;188;196
6714.0;74;128;199;127;188;196
6720.0;72;129;200;127;187;197
6726.0;72;130;200;127;187;196
6732.0;72;130;200;126;187;197
6738.0;73;128;199;128;185;199
6744.0;74;127;198;129;186;198
6750.0;73;128;197;130;186;198
6756.0;74;128;197;130;185;198
6762.0;74;130;195;132;184;197
6768.0;74;130;195;133;183;197
6774.0;74;130;195;133;183;197
6780.0;75;130;195;134;182;196
6786.0;75;130;195;133;183;196
6792.0;75;130;194;133;184;196
6798.0;76;130;194;133;183;196
6804.0;76;130;195;131;184;196
6810.0;76;130;194;133;184;195
6816.0;76;130;194;133;183;196
6822.0;76;129;195;132;183;197
6828.0;76;129;195;133;182;197
6834.0;75;127;197;134;182;197
6840.0;75;126;199;134;182;196
6846.0;74;126;199;134;182;197
6852.0;73;127;199;134;182;197
6858.0;74;126;200;134;181;197
6864.0;73;127;200;134;181;197
6870.0;73;128;200;133;180;198
6876.0;73;128;200;132;180;199
6882.0;74;128;199;132;179;200
6888.0;75;128;198;132;179;200
6894.0;74;129;199;132;179;199
6900.0;73;129;200;131;179;200
6906.0;74;128;200;132;178;200
6912.0;73;128;201;133;176;201
6918.0;73;128;202;133;175;201
6924.0;72;129;202;133;175;201
6930.0;72;130;203;133;174;200
6936.0;72;129;203;134;174;200
6942.0;71;129;202;134;175;201
6948.0;72;129;202;133;175;201
6954.0;72;129;202;133;175;201
6960.0;71;130;202;133;175;201
6966.0;71;131;203;132;175;200
6972.0;71;131;203;133;175;199
6978.0;70;132;201;133;176;200
6984.0;69;131;201;133;177;201
6990.0;69;131;201;133;177;201
6996.0;69;131;199;134;177;202
7002.0;69;133;198;134;176;202
7008.0;70;133;198;134;175;202
7014.0;70;132;199;134;175;202
7020.0;71;131;199;133;176;202
7026.0;73;130;198;133;176;202
7032.0;73;130;198;133;176;202
7038.0;74;130;198;133;176;201
7044.0;74;129;198;133;176;202
7050.0;74;129;198;133;176;202
7056.0;73;129;197;134;175;204
7062.0;73;129;197;134;174;205
7068.0;73;129;198;133;174;205
7074.0;73;127;198;134;175;205
7080.0;73;126;197;135;175;206
7086.0;73;126;197;135;175;206
7092.0;72;127;197;135;174;207
7098.0;71;127;196;136;174;208
7104.0;71;128;196;137;172;208
7110.0;72;127;195;137;173;208
7116.0;72;129;194;137;172;208
7122.0;73;132;194;134;171;208
7128.0;74;131;194;134;171;208
7134.0;74;132;194;133;172;207
7140.0;74;131;194;133;173;207
7146.0;74;130;196;133;172;207
7152.0;73;130;197;133;172;207
7158.0;73;130;197;133;172;207
7164.0;73;130;197;133;172;207
7170.0;72;132;195;132;174;207
7176.0;73;132;195;132;173;207
7182.0;73;131;195;132;174;207
7188.0;72;129;196;132;175;208
7194.0;71;129;196;132;176;208
7200.0;71;130;195;132;176;208
7206.0;72;130;195;131;177;207
7212.0;72;131;195;130;177;207
7218.0;73;129;195;129;180;206
7224.0;71;128;196;131;179;207
7230.0;71;130;195;130;179;207
7236.0;70;131;195;129;180;207
7242.0;70;131;195;129;180;207
7248.0;70;133;195;128;179;207
7254.0;67;134;194;128;180;209
7260.0;66;134;194;128;181;209
7266.0;67;133;194;128;181;209
7272.0;67;134;193;127;181;210
7278.0;67;134;194;127;181;209
7284.0;67;134;194;127;181;209
7290.0;68;132;194;125;182;211
7296.0;68;134;193;124;182;211
7302.0;68;133;194;124;182;211
7308.0;68;132;193;126;183;210
7314.0;68;132;193;126;184;209
7320.0;69;132;193;125;184;209
7326.0;69;132;193;124;185;209
7332.0;69;132;193;124;184;210
7338.0;71;132;194;124;182;209
7344.0;70;132;194;125;181;210
7350.0;70;134;194;124;179;211
7356.0;70;135;193;126;179;209
7362.0;70;136;193;125;180;208
7368.0;70;136;193;125;180;208
7374.0;70;135;194;124;181;208
7380.0;70;135;194;124;181;208
7386.0;70;137;194;122;181;208
7392.0;71;136;195;122;181;207
7398.0;71;136;195;122;181;207
7404.0;72;135;196;122;181;206
7410.0;73;134;195;122;181;207
7416.0;72;134;196;122;181;207
7422.0;73;134;196;122;180;207
7428.0;72;134;196;122;181;207
7434.0;72;134;196;123;181;206
7440.0;72;134;195;124;181;206
7446.0;69;135;195;125;180;208
7452.0;68;135;195;127;180;207
7458.0;68;135;195;127;180;207
7464.0;68;135;195;127;180;207
7470.0;67;135;196;126;180;208
7476.0;65;136;196;127;181;207
7482.0;67;136;196;126;181;206
7488.0;66;134;196;129;181;206
7494.0;66;134;194;130;182;206
7500.0;66;135;194;129;182;206
7506.0;66;136;194;127;183;206
7512.0;65;137;194;127;182;207
7518.0;65;137;195;126;182;207
7524.0;66;137;194;126;182;207
7530.0;68;136;194;125;182;207
7536.0;69;137;193;125;182;206
7542.0;69;137;193;124;184;205
7548.0;70;137;193;124;184;204
7554.0;68;137;195;124;184;204
7560.0;68;137;196;124;183;204
7566.0;69;138;196;124;181;204
7572.0;70;138;196;124;181;203
7578.0;69;138;196;125;181;203
7584.0;68;138;196;125;182;203
7590.0;69;138;197;126;181;201
7596.0;69;138;197;127;181;200
7602.0;69;139;195;128;182;199
7608.0;70;139;194;129;181;199
7614.0;70;139;195;129;181;198
7620.0;69;140;195;129;181;198
7626.0;69;140;195;129;181;198
7632.0;69;140;195;129;182;197
7638.0;70;141;196;128;181;196
7644.0;72;141;195;127;180;197
7650.0;72;142;195;128;179;196
7656.0;72;142;195;127;179;197
7662.0;72;142;196;127;179;196
7668.0;72;143;197;127;178;195
7674.0;73;143;196;127;180;193
7680.0;73;143;196;127;180;193
7686.0;73;144;196;126;180;193
7692.0;75;144;195;126;177;195
7698.0;74;144;197;126;176;195
7704.0;74;142;197;127;177;195
7710.0;74;143;197;127;177;194
7716.0;74;143;198;128;177;192
7722.0;74;142;198;130;177;191
7728.0;74;142;198;131;176;191
7734.0;75;141;197;132;177;190
7740.0;75;141;198;132;177;189
7746.0;75;141;199;133;176;188
7752.0;74;142;199;133;176;188
7758.0;75;141;199;134;176;187
7764.0;74;143;199;134;176;186
7770.0;73;143;198;135;176;187
7776.0;73;143;196;135;178;187
7782.0;73;142;195;135;179;188
7788.0;75;142;194;135;179;187
7794.0;75;142;194;136;179;186
7800.0;75;143;193;138;178;185
7806.0;74;143;191;140;179;185
7812.0;74;143;191;140;179;185
7818.0;75;142;191;142;177;185
7824.0;75;142;190;142;178;185
7830.0;75;143;190;142;178;184
7836.0;75;142;190;143;178;184
7842.0;76;142;190;141;179;184
7848.0;75;143;191;140;179;184
7854.0;76;143;191;141;179;182
7860.0;75;145;191;140;179;182
7866.0;75;145;190;140;179;183
7872.0;75;144;191;140;179;183
7878.0;75;144;191;140;178;184
7884.0;76;144;190;140;178;184
7890.0;76;144;189;140;178;185
7896.0;77;144;188;140;179;184
7902.0;78;143;188;140;179;184
7908.0;78;143;187;141;179;184
7914.0;77;143;187;142;178;185
7920.0;77;143;186;143;178;185
7926.0;77;143;187;143;178;184
7932.0;75;144;187;144;178;184
7938.0;75;143;187;144;178;185
7944.0;76;143;188;143;178;184
7950.0;76;144;189;142;177;184
7956.0;76;144;189;143;177;183
7962.0;77;144;190;141;177;183
7968.0;78;144;190;141;176;183
7974.0;78;143;190;142;177;182
7980.0;78;144;189;142;175;184
7986.0;78;144;189;142;174;185
7992.0;78;144;189;142;174;185
7998.0;78;144;191;142;173;184
8004.0;79;144;191;141;173;184
8010.0;79;144;191;141;173;184
8016.0;78;145;190;141;173;185
8022.0;78;145;192;140;171;186
8028.0;78;144;192;140;171;187
8034.0;78;145;192;139;171;187
8040.0;77;145;194;138;173;185
8046.0;76;145;195;138;173;185
8052.0;76;145;196;140;172;183
8058.0;75;145;196;140;173;183
8064.0;75;146;196;140;172;183
8070.0;75;147;196;140;172;182
8076.0;75;146;197;140;172;182
8082.0;75;146;197;140;173;181
8088.0;75;148;197;138;173;181
8094.0;75;147;197;140;173;180
8100.0;75;147;197;139;173;181
8106.0;76;147;196;140;173;180
8112.0;76;147;195;142;172;180
8118.0;76;147;194;142;173;180
8124.0;76;148;196;142;171;179
8130.0;76;149;196;142;171;178
8136.0;76;148;198;142;170;178
8142.0;76;148;198;142;170;178
8148.0;77;148;198;142;169;178
8154.0;77;148;198;142;169;178
8160.0;76;150;197;142;168;179
8166.0;76;150;196;142;168;180
8172.0;77;150;196;142;168;179
8178.0;77;149;197;141;169;179
8184.0;79;149;197;140;169;178
8190.0;81;147;198;140;168;178
8196.0;83;145;198;140;168;178
8202.0;83;144;199;141;167;178
8208.0;84;142;199;141;168;178
8214.0;84;142;198;142;166;180
8220.0;83;143;198;141;167;180
8226.0;84;142;200;141;165;180
8232.0;83;142;202;142;165;178
8238.0;82;142;200;143;166;179
8244.0;81;142;200;144;166;179
8250.0;80;142;199;145;167;179
8256.0;83;140;199;144;167;179
8262.0;83;141;198;144;167;179
8268.0;84;141;195;144;167;181
8274.0;84;142;193;146;167;180
8280.0;85;144;193;145;166;179
8286.0;84;144;194;145;166;179
8292.0;84;146;192;146;166;178
8298.0;85;146;193;146;164;178
8304.0;85;143;194;145;165;180
8310.0;85;143;193;145;166;180
8316.0;85;142;193;145;166;181
8322.0;85;142;193;146;165;181
8328.0;85;142;194;145;166;180
8334.0;86;141;194;145;166;180
8340.0;87;139;195;145;166;180
8346.0;87;139;195;144;166;181
8352.0;87;139;196;144;166;180
8358.0;88;138;196;143;167;180
8364.0;88;138;196;144;166;180
8370.0;87;137;197;142;166;183
8376.0;87;137;197;141;167;183
8382.0;87;137;196;142;169;181
8388.0;86;137;196;142;169;182
8394.0;85;137;196;143;168;183
8400.0;85;137;196;142;169;183
8406.0;85;137;196;142;170;182
8412.0;86;137;195;142;170;182
8418.0;85;137;196;142;170;182
8424.0;85;137;196;141;171;182
8430.0;85;136;197;141;172;181
8436.0;85;135;197;143;172;180
8442.0;85;133;198;143;174;179
8448.0;86;133;198;143;174;178
8454.0;89;132;198;143;173;177
8460.0;89;131;198;144;173;177
8466.0;88;131;199;144;173;177
8472.0;87;132;199;143;173;178
8478.0;88;133;198;142;173;178
8484.0;88;133;199;141;173;178
8490.0;88;133;200;139;174;178
8496.0;88;131;200;142;174;177
8502.0;88;131;200;142;174;177
8508.0;88;130;200;142;175;177
8514.0;89;130;199;142;176;176
8520.0;89;130;199;142;176;176
8526.0;90;130;199;141;176;176
8532.0;90;129;199;142;176;176
8538.0;89;130;200;142;174;177
8544.0;89;130;200;142;174;177
8550.0;90;131;199;143;172;177
8556.0;90;131;200;142;172;177
8562.0;91;130;199;142;173;177
8568.0;90;130;198;143;172;179
8574.0;90;130;200;143;171;178
8580.0;89;131;200;142;172;178
8586.0;88;131;200;141;173;179
8592.0;88;129;201;141;173;180
8598.0;90;127;199;141;174;181
8604.0;91;127;199;141;174;180
8610.0;90;127;201;140;175;179
8616.0;89;129;200;141;175;178
8622.0;88;127;200;142;177;178
8628.0;87;127;200;143;177;178
8634.0;88;127;200;143;176;178
8640.0;88;129;200;141;175;179
8646.0;87;130;200;141;176;178
8652.0;89;130;200;141;176;176
8658.0;89;130;200;141;176;176
8664.0;90;128;200;142;175;177
8670.0;89;126;200;142;176;179
8676.0;90;125;199;142;176;180
8682.0;90;125;198;143;177;179
8688.0;90;123;199;143;178;179
8694.0;91;123;200;143;177;178
8700.0;90;124;201;143;176;178
8706.0;91;124;198;145;176;178
8712.0;91;127;197;145;177;175
8718.0;91;127;196;145;178;175
8724.0;90;127;197;144;179;175
8730.0;90;125;199;144;179;175
8736.0;90;125;199;143;179;176
8742.0;91;125;198;144;179;175
8748.0;90;125;198;144;179;176
8754.0;90;125;198;144;180;175
8760.0;89;124;198;144;180;177
8766.0;88;122;200;143;180;179
8772.0;88;122;201;143;180;178
8778.0;88;122;201;143;180;178
8784.0;87;123;200;142;183;177
8790.0;86;123;200;142;184;177
8796.0;86;122;199;142;185;178
8802.0;87;122;199;141;186;177
8808.0;88;121;198;140;187;178
8814.0;87;119;198;142;187;179
8820.0;87;120;198;141;186;180
8826.0;87;120;198;141;186;180
8832.0;87;120;197;141;187;180
8838.0;87;119;198;141;187;180
8844.0;87;120;199;139;187;180
8850.0;88;120;200;140;184;180
8856.0;88;121;201;139;183;180
8862.0;86;122;201;139;184;180
8868.0;86;122;201;139;184;180
8874.0;87;121;201;141;183;179
8880.0;87;119;201;141;184;180
8886.0;85;119;201;142;184;181
8892.0;85;119;201;142;184;181
8898.0;84;120;203;142;182;181
8904.0;84;119;204;142;183;180
8910.0;82;119;204;142;184;181
8916.0;82;119;204;142;184;181
8922.0;83;119;204;142;184;180
8928.0;83;119;204;143;183;180
8934.0;83;118;205;143;183;180
8940.0;83;117;206;144;183;179
8946.0;83;117;206;144;182;180
8952.0;83;117;205;145;182;180
8958.0;83;116;204;146;182;181
8964.0;83;116;205;146;182;180
8970.0;83;117;205;145;182;180
8976.0;83;117;205;146;182;179
8982.0;80;117;205;147;182;181
8988.0;78;117;207;147;182;181
8994.0;78;117;207;148;181;181
9000.0;79;117;206;147;182;181
9006.0;80;117;204;147;183;181
9012.0;80;116;204;147;183;182
9018.0;80;117;204;147;182;182
9024.0;81;118;205;147;182;179
9030.0;81;118;206;147;181;179
9036.0;80;118;208;147;181;178
9042.0;80;118;208;147;181;178
9048.0;82;119;207;145;181;178
9054.0;80;119;207;145;181;180
9060.0;80;119;207;145;180;181
9066.0;79;120;206;146;180;181
9072.0;80;120;206;144;182;180
9078.0;79;120;207;143;182;181
9084.0;79;120;207;144;182;180
9090.0;79;120;207;144;182;180
9096.0;79;120;207;143;183;180
9102.0;79;119;209;144;181;180
9108.0;79;119;209;144;181;180
9114.0;79;119;209;145;181;179
9120.0;78;119;208;145;182;180
9126.0;78;119;208;145;182;180
9132.0;78;119;207;146;182;180
9138.0;78;119;207;146;182;180
9144.0;79;118;207;145;181;182
9150.0;80;118;206;145;181;182
9156.0;80;118;207;146;180;181
9162.0;80;119;207;146;180;180
9168.0;80;120;207;146;180;179
9174.0;80;121;206;146;180;179
9180.0;80;122;206;145;180;179
9186.0;81;124;207;144;178;178
9192.0;81;124;206;143;180;178
9198.0;81;124;204;145;180;178
9204.0;81;124;204;145;181;177
9210.0;82;125;204;145;181;175
9216.0;82;126;204;145;182;173
9222.0;82;126;203;145;183;173
9228.0;82;124;202;147;184;173
9234.0;82;124;203;147;183;173
9240.0;81;123;206;145;184;173
9246.0;81;123;206;145;184;173
9252.0;81;125;205;145;184;172
9258.0;82;126;204;145;184;171
9264.0;82;126;204;145;184;171
9270.0;82;126;204;144;185;171
9276.0;83;126;205;143;185;170
9282.0;83;126;206;142;185;170
9288.0;82;126;206;142;187;169
9294.0;82;126;207;141;187;169
9300.0;82;126;207;143;186;168
9306.0;81;125;207;147;184;168
9312.0;80;124;207;147;185;169
9318.0;79;125;207;147;185;169
9324.0;80;123;205;148;187;169
9330.0;80;123;205;148;188;168
9336.0;82;123;203;147;188;169
9342.0;83;123;203;147;188;168
9348.0;84;123;203;147;188;167
9354.0;83;122;201;148;188;170
9360.0;82;122;202;148;188;170
9366.0;81;122;203;148;188;170
9372.0;81;122;203;148;188;170
9378.0;81;121;202;149;189;170
9384.0;81;121;202;149;189;170
9390.0;81;121;202;149;189;170
9396.0;80;122;204;149;187;170
9402.0;82;121;204;149;188;168
9408.0;81;122;204;147;190;168
9414.0;82;123;202;146;190;169
9420.0;82;123;201;146;190;170
9426.0;83;123;199;148;189;170
9432.0;83;123;199;148;189;170
9438.0;84;123;198;149;189;169
9444.0;84;123;198;148;189;170
9450.0;83;123;199;148;189;170
9456.0;83;123;199;148;188;171
9462.0;83;123;199;150;187;170
9468.0;84;123;198;150;186;171
9474.0;84;122;200;149;186;171
9480.0;84;123;199;149;186;171
9486.0;83;123;199;150;186;171
9492.0;84;123;199;149;186;171
9498.0;83;122;200;147;189;171
9504.0;83;123;201;147;186;172
9510.0;84;122;200;147;187;172
9516.0;84;123;200;147;186;172
9522.0;84;121;202;146;186;173
9528.0;83;122;201;145;187;174
9534.0;83;122;201;145;187;174
9540.0;82;121;201;146;188;174
9546.0;83;121;201;146;188;173
9552.0;83;121;202;147;187;172
9558.0;83;121;202;146;187;173
9564.0;83;121;202;146;187;173
9570.0;81;121;200;148;187;175
9576.0;80;120;199;147;188;178
9582.0;79;121;199;146;189;178
9588.0;78;121;199;147;189;178
9594.0;78;119;200;147;190;178
9600.0;79;119;201;146;189;178
9606.0;79;119;201;146;189;178
9612.0;79;120;201;146;188;178
9618.0;79;120;200;145;190;178
9624.0;79;120;201;145;190;177
9630.0;79;120;201;145;190;177
9636.0;79;120;202;145;190;176
9642.0;79;120;203;145;191;174
9648.0;80;119;203;145;191;174
9654.0;80;119;202;144;192;175
9660.0;80;120;203;144;191;174
9666.0;78;120;203;145;190;176
9672.0;78;120;203;145;190;176
9678.0;79;118;204;146;190;175
9684.0;79;117;203;147;190;176
9690.0;79;118;202;147;188;178
9696.0;80;118;201;147;188;178
9702.0;80;118;201;147;188;178
9708.0;80;118;201;147;188;178
9714.0;79;118;202;147;187;179
9720.0;79;118;202;147;187;179
9726.0;79;118;201;149;187;178
9732.0;79;118;201;149;187;178
9738.0;79;117;201;149;187;179
9744.0;79;117;201;149;187;179
9750.0;79;117;201;149;187;179
9756.0;80;117;201;149;186;179
9762.0;81;116;202;148;186;179
9768.0;81;116;202;148;186;179
9774.0;82;115;202;147;188;178
9780.0;81;116;203;146;188;178
9786.0;80;116;203;145;189;179
9792.0;80;115;203;146;189;179
9798.0;79;116;203;146;189;179
9804.0;79;116;202;146;189;180
9810.0;78;117;202;146;189;180
9816.0;78;118;202;146;189;179
9822.0;79;118;203;146;187;179
9828.0;78;118;203;147;187;179
9834.0;78;118;203;147;187;179
9840.0;78;119;203;146;187;179
9846.0;78;119;205;146;186;178
9852.0;77;119;206;147;185;178
9858.0;77;120;206;146;185;178
9864.0;77;120;206;148;183;178
9870.0;76;121;206;148;182;179
9876.0;76;121;206;148;181;180
9882.0;75;121;206;148;181;181
9888.0;76;121;206;148;181;180
9894.0;76;121;206;148;182;179
9900.0;76;122;206;145;182;181
9906.0;76;122;208;145;182;179
9912.0;77;122;210;143;182;178
9918.0;75;122;211;143;184;177
9924.0;75;121;210;144;185;177
9930.0;73;122;210;144;185;178
9936.0;73;121;211;144;186;177
9942.0;73;122;211;144;184;178
9948.0;72;122;211;144;184;179
9954.0;72;123;211;144;184;178
9960.0;73;122;211;144;183;179
9966.0;73;121;209;145;184;180
9972.0;71;121;211;145;184;180
9978.0;73;121;210;145;183;180
9984.0;72;120;211;145;184;180
9990.0;73;121;209;145;183;181
9996.0;73;121;209;145;183;181
10002.0;72;123;209;143;185;180
10008.0;74;123;209;142;184;180
10014.0;74;121;210;141;187;179
10020.0;73;121;210;142;186;180
10026.0;73;121;210;142;186;180
10032.0;71;122;211;145;184;179
10038.0;69;123;210;147;184;179
10044.0;68;122;210;147;185;180
10050.0;68;123;209;146;188;178
10056.0;70;122;211;143;188;178
10062.0;71;123;211;142;187;178
10068.0;71;123;211;142;187;178
10074.0;72;123;211;142;186;178
10080.0;72;123;210;142;186;179
10086.0;72;122;210;143;186;179
10092.0;71;121;212;145;185;178
10098.0;71;122;210;145;185;179
10104.0;71;122;210;144;185;180
10110.0;70;123;212;143;186;178
10116.0;71;123;212;143;185;178
10122.0;71;122;211;143;186;179
10128.0;71;123;212;141;184;181
10134.0;72;123;212;141;184;180
10140.0;73;123;212;141;183;180
10146.0;74;123;213;140;182;180
10152.0;74;122;214;139;184;179
10158.0;74;123;214;139;184;178
10164.0;74;124;214;138;184;178
10170.0;74;124;214;139;184;177
10176.0;74;124;214;139;184;177
10182.0;76;125;213;137;184;177
10188.0;77;124;212;137;184;178
10194.0;78;123;210;138;185;178
10200.0;78;124;210;137;185;178
10206.0;78;124;210;138;184;178
10212.0;78;124;210;138;184;178
10218.0;79;123;210;138;185;177
10224.0;79;124;210;137;185;177
10230.0;79;122;210;138;186;177
10236.0;79;122;210;138;186;177
10242.0;81;121;210;137;187;176
10248.0;83;121;210;137;185;176
10254.0;82;122;211;137;185;175
10260.0;81;122;211;138;185;175
10266.0;78;121;212;139;187;175
10272.0;79;121;213;138;185;176
10278.0;80;121;211;138;185;177
10284.0;81;121;211;137;185;177
10290.0;81;121;211;137;185;177
10296.0;81;121;208;139;186;177
10302.0;80;122;208;139;186;177
10308.0;79;122;207;141;186;177
10314.0;81;122;206;141;185;177
10320.0;80;122;206;141;186;177
10326.0;81;121;206;142;185;177
10332.0;81;121;206;142;184;178
10338.0;82;122;207;139;184;178
10344.0;82;122;207;138;184;179
10350.0;81;124;207;137;184;179
10356.0;81;124;207;137;185;178
10362.0;81;124;206;137;184;180
10368.0;81;122;207;137;184;181
10374.0;82;122;207;137;183;181
10380.0;82;123;205;136;185;181
10386.0;81;123;206;136;185;181
10392.0;80;123;206;136;186;181
10398.0;80;124;206;136;185;181
10404.0;79;125;206;136;186;180
10410.0;78;125;206;136;186;181
10416.0;80;124;206;134;187;181
10422.0;79;124;207;134;187;181
10428.0;81;124;207;133;187;180
10434.0;81;124;206;133;187;181
10440.0;80;124;206;134;187;181
10446.0;81;124;206;134;186;181
10452.0;81;122;206;135;186;182
10458.0;80;123;204;135;187;183
10464.0;80;123;204;135;187;183
10470.0;80;123;204;135;187;183
10476.0;81;125;204;135;185;182
10482.0;81;127;203;133;184;184
10488.0;81;127;203;134;183;184
10494.0;80;127;203;134;183;185
10500.0;78;128;205;133;181;187
10506.0;78;128;205;133;181;187
10512.0;79;128;205;133;182;185
10518.0;79;127;206;133;181;186
10524.0;79;128;206;134;179;186
10530.0;78;129;205;134;180;186
10536.0;78;129;205;134;180;186
10542.0;78;129;206;135;179;185
10548.0;78;129;206;135;179;185
10554.0;77;129;206;135;178;187
10560.0;76;129;205;135;179;188
10566.0;76;129;205;135;180;187
10572.0;77;129;205;136;180;185
10578.0;78;128;204;137;180;185
10584.0;78;128;204;137;180;185
10590.0;79;128;203;137;180;185
10596.0;79;128;203;137;180;185
10602.0;79;128;202;137;182;184
10608.0;80;127;201;138;182;184
10614.0;79;128;201;139;181;184
10620.0;80;128;200;139;181;184
10626.0;79;128;200;140;180;185
10632.0;80;128;198;140;179;187
10638.0;79;126;199;142;179;187
10644.0;78;129;199;141;178;187
10650.0;78;129;199;141;178;187
10656.0;78;130;199;140;178;187
10662.0;78;130;199;140;178;187
10668.0;79;128;200;141;177;187
10674.0;78;129;201;141;176;187
10680.0;78;131;201;139;176;187
10686.0;78;132;201;137;176;188
10692.0;78;132;201;136;176;189
10698.0;78;132;201;137;176;188
10704.0;78;132;201;138;175;188
10710.0;78;135;199;138;174;188
10716.0;79;135;198;137;175;188
10722.0;77;136;198;137;176;188
10728.0;77;135;198;138;176;188
10734.0;79;136;197;137;176;187
10740.0;79;136;196;138;176;187
10746.0;81;135;195;138;176;187
10752.0;82;134;195;139;175;187
10758.0;83;134;196;137;175;187
10764.0;83;136;195;136;174;188
10770.0;83;135;196;137;174;187
10776.0;84;134;195;137;173;189
10782.0;83;134;196;138;172;189
10788.0;83;134;196;137;174;188
10794.0;83;135;195;137;174;188
