#auto generated file!
12.0;48;56;52;45;54;51
18.0;48;56;52;45;54;51
24.0;48;56;52;45;54;51
30.0;47;58;52;45;54;50
36.0;47;58;52;45;54;50
42.0;47;58;52;45;54;50
48.0;46;58;52;46;54;50
54.0;46;58;52;46;54;50
60.0;46;57;53;46;54;50
66.0;46;57;53;46;54;50
72.0;46;57;53;46;54;50
78.0;46;57;53;46;54;50
84.0;46;57;53;46;54;50
90.0;46;57;53;46;54;50
96.0;46;57;53;46;54;50
102.0;46;57;52;46;54;51
108.0;46;57;53;45;54;51
114.0;46;57;53;45;54;51
120.0;46;57;53;45;54;51
126.0;47;57;53;44;54;51
132.0;47;57;53;44;54;51
138.0;47;57;53;43;55;51
144.0;47;57;53;43;55;51
150.0;47;57;53;43;55;51
156.0;46;57;54;43;55;51
162.0;46;56;54;43;56;51
168.0;45;57;53;43;56;52
174.0;45;57;53;42;57;52
180.0;44;57;53;43;57;52
186.0;44;57;53;43;57;52
192.0;44;57;53;43;57;52
198.0;44;57;53;43;57;52
204.0;43;56;53;43;59;52
210.0;43;56;53;43;59;52
216.0;43;56;53;43;59;52
222.0;42;57;53;42;59;53
228.0;42;57;53;42;59;53
234.0;40;57;54;42;59;54
240.0;40;57;54;42;59;54
246.0;40;57;54;42;59;54
252.0;40;57;54;42;59;54
258.0;40;57;54;42;59;54
264.0;40;57;54;42;59;54
270.0;40;57;54;41;59;55
276.0;40;57;54;41;59;55
282.0;41;56;54;41;58;56
288.0;41;56;54;41;58;56
294.0;41;56;54;41;58;56
300.0;41;56;54;41;58;56
306.0;41;55;54;42;58;56
312.0;41;55;54;42;58;56
318.0;41;55;54;42;58;56
324.0;41;55;54;42;58;56
330.0;42;55;54;42;57;56
336.0;42;55;55;42;57;55
342.0;42;55;55;42;57;55
348.0;42;56;55;43;56;54
354.0;42;56;55;43;56;54
360.0;42;56;55;43;56;54
366.0;41;56;55;45;56;53
372.0;40;56;55;46;56;53
378.0;40;56;55;47;56;52
384.0;39;55;54;47;57;54
390.0;39;54;54;47;57;55
396.0;39;54;54;47;57;55
402.0;39;53;54;48;57;55
408.0;38;53;54;48;57;56
414.0;37;54;54;48;57;56
420.0;38;54;53;48;57;56
426.0;38;54;53;49;57;55
432.0;38;54;53;49;57;55
438.0;38;53;54;49;58;54
444.0;38;52;54;49;59;54
450.0;38;52;55;49;59;53
456.0;38;52;55;49;59;53
462.0;38;52;55;49;59;53
468.0;38;52;56;48;59;53
474.0;38;52;56;48;59;53
480.0;38;52;56;48;59;53
486.0;38;52;56;48;59;53
492.0;37;52;56;48;60;53
498.0;36;52;56;48;61;53
504.0;37;51;56;48;61;53
510.0;37;50;56;48;61;54
516.0;37;50;56;47;61;55
522.0;37;50;56;47;61;55
528.0;37;50;56;47;61;55
534.0;38;49;56;47;61;55
540.0;38;49;56;47;61;55
546.0;38;50;56;46;61;55
552.0;38;50;56;46;61;55
558.0;39;49;56;45;61;56
564.0;39;49;56;45;61;56
570.0;39;48;56;45;61;57
576.0;39;48;57;45;60;57
582.0;39;48;57;45;60;57
588.0;38;47;58;45;60;58
594.0;38;47;58;45;60;58
600.0;37;48;58;44;60;59
606.0;37;48;58;44;60;59
612.0;37;48;58;44;60;59
618.0;37;48;58;44;60;59
624.0;37;48;59;43;60;59
630.0;37;48;59;43;60;59
636.0;37;48;58;44;60;59
642.0;37;48;58;44;60;59
648.0;36;48;58;45;60;59
654.0;35;48;58;45;60;60
660.0;36;47;57;45;60;61
666.0;36;47;57;46;59;61
672.0;35;48;57;46;59;61
678.0;35;48;58;46;59;60
684.0;35;48;58;46;59;60
690.0;36;48;57;47;59;59
696.0;35;48;57;48;59;59
702.0;34;48;58;48;59;59
708.0;34;48;58;48;59;59
714.0;34;48;58;48;59;59
720.0;34;48;58;48;59;59
726.0;34;48;58;49;58;59
732.0;34;47;59;49;58;59
738.0;34;47;59;48;59;59
744.0;35;47;59;47;59;59
750.0;34;47;59;48;59;59
756.0;35;47;59;48;59;58
762.0;35;47;60;49;59;56
768.0;36;47;60;48;59;56
774.0;36;47;60;47;61;55
780.0;36;48;60;47;60;55
786.0;36;48;60;47;60;55
792.0;34;47;61;50;59;55
798.0;34;46;61;51;59;55
804.0;34;46;61;51;59;55
810.0;34;46;61;51;59;55
816.0;34;46;61;51;59;55
822.0;35;46;61;51;58;55
828.0;35;46;62;51;58;54
834.0;35;46;62;51;58;54
840.0;36;46;62;51;57;54
846.0;36;46;62;51;57;54
852.0;36;46;62;51;57;54
858.0;35;47;62;51;57;54
864.0;35;48;62;50;57;54
870.0;35;48;62;50;57;54
876.0;35;49;62;50;57;53
882.0;35;50;62;49;57;53
888.0;35;51;62;49;56;53
894.0;36;51;62;49;56;52
900.0;36;51;62;49;56;52
906.0;33;51;62;49;58;53
912.0;33;51;63;49;57;53
918.0;33;51;63;49;57;53
924.0;33;51;63;49;57;53
930.0;33;51;63;49;56;54
936.0;33;51;63;49;56;54
942.0;34;51;62;50;55;54
948.0;34;51;62;50;55;54
954.0;34;51;62;50;55;54
960.0;34;51;62;49;55;55
966.0;34;51;63;49;54;55
972.0;34;51;63;49;54;55
978.0;35;50;63;49;54;55
984.0;35;50;63;49;54;55
990.0;34;50;64;49;54;55
996.0;34;52;63;49;54;54
1002.0;34;52;63;49;54;54
1008.0;34;52;63;49;54;54
1014.0;34;52;63;49;54;54
1020.0;34;52;63;49;54;54
1026.0;34;52;63;50;54;53
1032.0;34;53;63;49;54;53
1038.0;34;53;62;50;54;53
1044.0;34;53;62;50;54;53
1050.0;34;53;62;50;54;53
1056.0;34;53;62;50;54;53
1062.0;34;53;62;50;54;53
1068.0;34;54;62;49;54;53
1074.0;34;54;62;49;54;53
1080.0;34;53;63;49;54;53
1086.0;33;51;64;50;54;54
1092.0;33;51;64;49;54;55
1098.0;33;51;65;49;53;55
1104.0;33;51;65;49;53;55
1110.0;33;50;65;49;53;56
1116.0;33;49;65;49;54;56
1122.0;33;50;65;49;53;56
1128.0;33;50;65;49;53;56
1134.0;33;50;65;48;54;56
1140.0;33;50;65;48;54;56
1146.0;33;50;65;48;54;56
1152.0;33;50;65;48;54;56
1158.0;34;49;65;48;54;56
1164.0;34;49;65;49;53;56
1170.0;34;49;65;49;53;56
1176.0;34;49;65;49;53;56
1182.0;33;49;65;49;54;56
1188.0;32;50;65;49;54;56
1194.0;32;50;64;50;54;56
1200.0;32;50;64;51;53;56
1206.0;33;51;64;50;52;56
1212.0;33;51;65;49;52;56
1218.0;33;51;65;49;52;56
1224.0;33;51;65;49;52;56
1230.0;33;51;64;50;52;56
1236.0;33;51;64;49;53;56
1242.0;33;51;64;49;53;56
1248.0;33;51;64;49;53;56
1254.0;33;51;63;50;53;56
1260.0;33;53;64;49;52;55
1266.0;33;53;64;49;52;55
1272.0;33;53;64;49;52;55
1278.0;33;53;64;49;52;55
1284.0;33;53;64;49;52;55
1290.0;33;53;64;49;52;55
1296.0;33;52;65;50;53;53
1302.0;32;52;65;50;53;54
1308.0;32;52;65;50;53;54
1314.0;33;52;65;49;53;54
1320.0;33;52;65;49;53;54
1326.0;33;52;65;49;53;54
1332.0;33;52;65;48;53;55
1338.0;33;52;65;48;53;55
1344.0;33;52;65;48;53;55
1350.0;33;52;65;48;53;55
1356.0;33;52;65;48;53;55
1362.0;32;52;65;48;54;55
1368.0;31;53;65;47;55;55
1374.0;31;53;65;47;55;55
1380.0;32;53;63;47;56;55
1386.0;32;54;63;46;56;55
1392.0;32;54;62;46;56;56
1398.0;32;55;62;46;56;55
1404.0;33;56;60;46;56;55
1410.0;34;56;60;46;56;54
1416.0;34;56;60;46;56;54
1422.0;33;56;60;47;56;54
1428.0;33;56;61;47;55;54
1434.0;33;56;60;47;56;54
1440.0;33;56;60;47;56;54
1446.0;33;56;60;47;57;53
1452.0;33;56;60;46;58;53
1458.0;33;56;60;46;58;53
1464.0;33;56;60;46;58;53
1470.0;33;56;59;46;58;54
1476.0;34;56;58;46;58;54
1482.0;34;56;58;46;58;54
1488.0;34;57;57;46;58;54
1494.0;34;57;57;46;58;54
1500.0;34;57;57;46;58;54
1506.0;33;57;57;47;57;55
1512.0;33;57;57;47;57;55
1518.0;33;56;57;48;57;55
1524.0;33;56;56;48;58;55
1530.0;33;56;56;48;59;54
1536.0;33;56;54;50;59;54
1542.0;33;56;54;50;59;54
1548.0;33;56;54;50;59;54
1554.0;33;56;54;50;59;54
1560.0;33;56;54;50;59;54
1566.0;33;56;54;50;58;55
1572.0;33;56;54;50;58;55
1578.0;33;57;54;50;59;53
1584.0;33;57;54;50;59;53
1590.0;32;57;54;50;59;54
1596.0;32;56;55;50;59;54
1602.0;32;56;55;50;59;54
1608.0;33;55;55;50;60;53
1614.0;33;55;55;50;60;53
1620.0;33;55;55;51;59;53
1626.0;32;55;55;51;59;54
1632.0;32;55;55;51;59;54
1638.0;32;54;55;51;59;55
1644.0;32;54;55;51;59;55
1650.0;32;53;55;51;59;56
1656.0;32;53;53;52;60;56
1662.0;32;53;53;52;60;56
1668.0;32;54;53;52;59;56
1674.0;32;54;53;52;59;56
1680.0;32;54;53;52;59;56
1686.0;33;54;53;50;60;56
1692.0;33;54;53;50;60;56
1698.0;32;55;53;50;60;56
1704.0;32;55;53;50;60;56
1710.0;33;56;51;49;61;56
1716.0;33;55;51;50;61;56
1722.0;33;55;51;50;61;56
1728.0;34;55;49;51;61;56
1734.0;34;55;49;51;61;56
1740.0;33;56;49;51;61;56
1746.0;33;56;49;51;61;56
1752.0;33;56;48;51;61;57
1758.0;33;56;48;51;61;57
1764.0;33;57;48;50;61;57
1770.0;33;57;48;50;61;57
1776.0;33;57;48;50;61;57
1782.0;34;57;47;50;61;57
1788.0;34;57;47;50;61;57
1794.0;34;57;47;50;61;57
1800.0;34;57;47;50;61;57
1806.0;34;57;47;50;61;57
1812.0;34;57;46;50;63;56
1818.0;34;57;46;50;63;56
1824.0;34;57;46;50;63;56
1830.0;34;57;46;50;63;56
1836.0;34;57;46;50;63;56
1842.0;34;57;46;50;63;56
1848.0;34;57;46;50;63;56
1854.0;33;58;46;50;63;56
1860.0;33;59;45;50;63;56
1866.0;34;59;45;49;63;56
1872.0;34;59;45;50;62;56
1878.0;34;59;45;50;62;56
1884.0;34;59;45;49;62;57
1890.0;34;59;46;49;62;56
1896.0;34;59;46;49;62;56
1902.0;34;59;46;49;62;56
1908.0;34;60;46;48;62;56
1914.0;34;61;46;48;60;57
1920.0;33;61;45;47;62;58
1926.0;34;60;46;47;61;58
1932.0;34;60;47;46;61;58
1938.0;33;60;48;46;61;58
1944.0;32;59;49;48;59;59
1950.0;31;59;49;48;59;60
1956.0;31;59;49;48;59;60
1962.0;30;60;49;48;59;60
1968.0;30;60;49;48;60;59
1974.0;30;60;49;48;60;59
1980.0;30;60;49;48;60;59
1986.0;30;60;49;48;60;59
1992.0;30;60;49;48;60;59
1998.0;29;60;49;48;60;60
2004.0;30;60;48;48;60;60
2010.0;30;59;48;48;61;60
2016.0;30;59;48;48;60;61
2022.0;29;61;48;48;60;60
2028.0;29;61;48;48;60;60
2034.0;29;61;48;48;60;60
2040.0;28;61;48;49;60;60
2046.0;29;60;48;49;60;60
2052.0;30;59;48;49;60;60
2058.0;30;59;48;49;60;60
2064.0;30;59;48;49;60;60
2070.0;30;59;48;49;60;60
2076.0;30;59;48;49;60;60
2082.0;30;59;48;49;60;60
2088.0;31;58;48;49;59;61
2094.0;31;58;48;49;60;60
2100.0;31;58;48;50;60;59
2106.0;31;58;48;50;60;59
2112.0;31;58;48;50;60;59
2118.0;31;58;48;50;59;60
2124.0;31;58;48;50;59;60
2130.0;31;58;48;50;59;60
2136.0;31;58;48;50;60;59
2142.0;31;59;47;50;60;59
2148.0;30;60;47;50;58;61
2154.0;31;59;47;50;58;61
2160.0;31;59;47;50;58;61
2166.0;29;59;47;50;59;62
2172.0;29;59;47;50;59;62
2178.0;29;59;47;50;59;62
2184.0;29;59;47;50;59;62
2190.0;28;59;47;50;60;62
2196.0;28;58;47;50;61;62
2202.0;28;58;48;50;60;62
2208.0;28;58;48;50;60;62
2214.0;28;58;48;50;60;62
2220.0;29;58;48;49;60;62
2226.0;30;57;48;49;60;62
2232.0;30;57;48;49;60;62
2238.0;30;57;48;49;60;62
2244.0;30;57;48;49;60;62
2250.0;30;57;48;48;61;62
2256.0;30;57;48;48;61;62
2262.0;29;57;48;47;62;63
2268.0;29;57;48;47;62;63
2274.0;30;56;48;47;63;62
2280.0;29;56;48;48;63;62
2286.0;29;56;48;48;63;62
2292.0;29;56;48;48;63;62
2298.0;29;56;48;48;63;62
2304.0;29;55;49;48;63;62
2310.0;29;54;49;48;63;63
2316.0;29;54;49;48;63;63
2322.0;29;54;50;48;62;63
2328.0;29;54;50;48;62;63
2334.0;29;54;50;49;62;62
2340.0;30;53;50;49;62;62
2346.0;30;53;50;49;62;62
2352.0;30;53;50;49;62;62
2358.0;29;53;51;48;62;63
2364.0;30;53;51;48;62;62
2370.0;30;53;51;48;62;62
2376.0;30;53;51;48;62;62
2382.0;30;53;51;48;62;62
2388.0;30;53;51;48;62;62
2394.0;30;53;51;48;62;62
2400.0;30;53;51;48;62;62
2406.0;30;53;51;49;61;62
2412.0;30;53;51;49;61;62
2418.0;30;53;50;50;61;62
2424.0;30;53;50;50;61;62
2430.0;29;53;50;51;61;62
2436.0;29;53;50;51;61;62
2442.0;29;53;50;51;61;62
2448.0;29;53;50;51;61;62
2454.0;29;53;50;51;61;62
2460.0;29;52;51;51;61;62
2466.0;29;52;50;51;62;62
2472.0;28;52;50;51;63;62
2478.0;28;52;50;51;63;62
2484.0;28;52;50;51;63;62
2490.0;27;54;49;50;63;63
2496.0;27;54;49;50;63;63
2502.0;27;54;49;50;63;63
2508.0;27;52;49;51;63;64
2514.0;27;52;48;51;64;64
2520.0;27;52;49;51;63;64
2526.0;27;52;49;51;63;64
2532.0;27;52;49;51;63;64
2538.0;28;52;49;50;63;64
2544.0;28;53;49;50;63;63
2550.0;28;52;50;50;63;63
2556.0;28;52;50;50;63;63
2562.0;28;52;50;50;63;63
2568.0;27;52;50;50;63;64
2574.0;27;52;50;51;63;63
2580.0;26;52;50;51;63;64
2586.0;26;54;51;49;62;64
2592.0;26;54;51;49;62;64
2598.0;26;54;51;49;62;64
2604.0;27;54;51;48;62;64
2610.0;27;54;51;48;62;64
2616.0;27;54;51;48;62;64
2622.0;27;54;51;48;62;64
2628.0;26;55;52;47;62;64
2634.0;26;55;52;47;62;64
2640.0;26;55;52;47;62;64
2646.0;26;55;53;47;62;63
2652.0;26;55;53;47;62;63
2658.0;25;56;53;47;62;63
2664.0;25;56;53;47;62;63
2670.0;25;56;53;47;62;63
2676.0;25;56;53;47;62;63
2682.0;25;55;53;47;63;63
2688.0;27;53;53;47;63;63
2694.0;27;53;53;47;63;63
2700.0;28;54;54;44;62;64
2706.0;28;54;54;44;62;64
2712.0;28;54;54;44;62;64
2718.0;28;54;54;44;62;64
2724.0;27;55;54;44;62;64
2730.0;27;55;54;44;62;64
2736.0;27;56;54;43;62;64
2742.0;27;56;54;43;62;64
2748.0;27;56;54;43;62;64
2754.0;27;56;55;42;62;64
2760.0;27;56;55;42;62;64
2766.0;28;57;54;42;61;64
2772.0;28;57;54;42;61;64
2778.0;28;57;54;42;61;64
2784.0;28;57;54;42;61;64
2790.0;27;56;54;42;62;65
2796.0;28;56;53;42;62;65
2802.0;28;57;53;42;61;65
2808.0;29;57;53;42;61;64
2814.0;29;56;54;42;61;64
2820.0;29;55;54;41;63;64
2826.0;29;55;54;41;63;64
2832.0;29;55;54;42;63;63
2838.0;29;55;54;42;63;63
2844.0;29;54;55;41;63;64
2850.0;30;54;55;41;62;64
2856.0;29;55;53;42;62;65
2862.0;29;55;54;41;62;65
2868.0;29;55;55;40;62;65
2874.0;29;55;55;40;62;65
2880.0;29;55;55;40;62;65
2886.0;29;55;55;40;62;65
2892.0;29;55;55;40;62;65
2898.0;29;55;55;40;62;65
2904.0;29;55;55;41;62;64
2910.0;30;55;55;41;62;63
2916.0;30;55;55;41;62;63
2922.0;30;55;55;41;62;63
2928.0;29;54;56;41;62;64
2934.0;29;54;56;41;62;64
2940.0;31;53;56;40;62;64
2946.0;30;53;56;41;62;64
2952.0;30;53;56;42;62;63
2958.0;30;52;57;41;63;63
2964.0;29;51;57;42;63;64
2970.0;29;51;57;42;63;64
2976.0;29;50;57;42;63;65
2982.0;29;50;57;42;64;64
2988.0;29;50;57;42;64;64
2994.0;28;50;57;43;64;64
3000.0;28;50;57;43;64;64
3006.0;28;50;57;43;64;64
3012.0;28;50;57;43;64;64
3018.0;27;51;57;43;64;64
3024.0;27;52;57;42;65;63
3030.0;27;52;57;42;65;63
3036.0;27;52;57;42;65;63
3042.0;28;52;57;42;65;62
3048.0;28;52;57;42;65;62
3054.0;28;52;57;43;64;62
3060.0;28;52;57;43;64;62
3066.0;28;53;57;43;63;62
3072.0;28;53;57;43;63;62
3078.0;28;54;58;42;63;61
3084.0;28;54;58;42;63;61
3090.0;28;54;58;43;62;61
3096.0;28;54;59;43;62;60
3102.0;28;54;59;43;62;60
3108.0;28;54;59;43;62;60
3114.0;28;54;59;42;63;60
3120.0;29;54;59;41;63;60
3126.0;29;54;59;41;63;60
3132.0;29;55;59;41;62;60
3138.0;28;55;60;41;62;60
3144.0;27;55;60;41;64;59
3150.0;28;54;60;41;64;59
3156.0;28;54;60;41;64;59
3162.0;28;54;60;41;64;59
3168.0;28;54;59;41;64;60
3174.0;28;54;59;41;64;60
3180.0;28;54;59;41;64;60
3186.0;29;54;59;40;64;60
3192.0;29;54;59;40;64;60
3198.0;29;54;59;40;64;60
3204.0;29;55;58;40;64;60
3210.0;29;55;58;40;64;60
3216.0;29;55;58;40;64;60
3222.0;29;55;58;40;64;60
3228.0;29;54;58;40;65;60
3234.0;29;54;57;40;65;61
3240.0;29;54;57;40;65;61
3246.0;29;55;56;39;65;62
3252.0;29;55;56;39;64;63
3258.0;28;55;56;39;65;63
3264.0;29;55;55;39;65;63
3270.0;29;55;55;39;65;63
3276.0;29;54;55;39;65;64
3282.0;29;54;55;39;65;64
3288.0;29;54;55;39;65;64
3294.0;30;54;55;39;65;63
3300.0;30;54;55;39;65;63
3306.0;30;54;55;38;65;64
3312.0;30;53;56;38;65;64
3318.0;30;53;56;38;65;64
3324.0;30;53;56;39;64;64
3330.0;30;54;56;40;63;63
3336.0;30;54;56;40;63;63
3342.0;30;54;56;40;63;63
3348.0;30;54;55;40;64;63
3354.0;30;53;55;40;64;64
3360.0;30;54;55;40;63;64
3366.0;29;54;56;40;63;64
3372.0;29;54;56;40;63;64
3378.0;29;54;56;40;63;64
3384.0;29;53;56;40;64;64
3390.0;29;53;56;40;64;64
3396.0;30;53;56;40;64;63
3402.0;30;53;56;40;64;63
3408.0;30;53;56;41;64;62
3414.0;30;53;56;41;64;62
3420.0;30;53;56;41;64;62
3426.0;30;53;56;41;64;62
3432.0;29;53;57;42;64;61
3438.0;29;53;57;42;64;61
3444.0;29;53;57;42;64;61
3450.0;29;53;58;42;63;61
3456.0;28;55;59;41;63;60
3462.0;28;54;60;41;63;60
3468.0;28;53;60;42;63;60
3474.0;27;53;61;43;63;59
3480.0;27;53;61;43;63;59
3486.0;27;53;61;43;63;59
3492.0;27;53;61;43;63;59
3498.0;27;52;61;43;64;59
3504.0;27;52;61;43;64;59
3510.0;27;52;61;43;64;59
3516.0;27;52;61;43;64;59
3522.0;27;52;61;43;64;59
3528.0;27;51;61;44;65;58
3534.0;26;51;60;45;65;59
3540.0;26;51;60;45;65;59
3546.0;25;52;60;46;65;58
3552.0;26;51;59;47;65;58
3558.0;26;51;59;47;65;58
3564.0;26;51;59;46;65;59
3570.0;26;51;59;46;65;59
3576.0;26;51;59;46;65;59
3582.0;26;51;59;46;65;59
3588.0;27;51;58;45;66;59
3594.0;27;51;58;45;66;59
3600.0;27;51;58;45;66;59
3606.0;27;51;58;45;66;59
3612.0;27;51;58;45;66;59
3618.0;27;50;58;46;66;59
3624.0;26;50;58;46;66;60
3630.0;26;50;58;46;66;60
3636.0;26;50;58;46;65;61
3642.0;26;50;58;46;65;61
3648.0;26;51;59;46;65;59
3654.0;27;50;59;46;65;59
3660.0;27;50;59;46;65;59
3666.0;27;49;59;47;65;59
3672.0;27;49;59;47;65;59
3678.0;26;50;59;47;65;59
3684.0;26;50;59;47;65;59
3690.0;25;50;59;47;66;59
3696.0;25;50;58;47;66;60
3702.0;25;50;58;47;66;60
3708.0;24;50;58;48;66;60
3714.0;24;51;57;48;66;60
3720.0;26;51;56;47;65;61
3726.0;26;51;56;47;65;61
3732.0;26;51;56;47;65;61
3738.0;26;51;56;46;66;61
3744.0;26;51;56;46;66;61
3750.0;27;51;56;46;66;60
3756.0;27;51;56;46;66;60
3762.0;27;51;56;46;66;60
3768.0;27;51;57;45;66;60
3774.0;27;51;57;45;66;60
3780.0;27;51;57;45;66;60
3786.0;26;51;57;45;66;61
3792.0;24;51;57;46;67;61
3798.0;24;51;57;46;67;61
3804.0;24;51;57;46;67;61
3810.0;24;51;57;46;67;61
3816.0;24;51;57;45;68;61
3822.0;24;51;58;45;67;61
3828.0;24;51;58;45;67;61
3834.0;25;51;57;44;67;62
3840.0;25;52;56;44;67;62
3846.0;26;53;55;44;65;63
3852.0;26;53;55;44;65;63
3858.0;26;54;54;44;65;63
3864.0;26;54;54;44;65;63
3870.0;26;54;54;44;65;63
3876.0;27;52;54;45;65;63
3882.0;27;52;55;45;65;62
3888.0;27;52;56;45;65;61
3894.0;27;51;56;46;65;61
3900.0;27;51;56;46;65;61
3906.0;27;51;56;46;65;61
3912.0;27;51;56;46;65;61
3918.0;27;51;56;45;65;62
3924.0;27;51;56;45;64;63
3930.0;27;51;56;45;64;63
3936.0;27;52;56;45;64;62
3942.0;26;52;56;45;65;62
3948.0;26;52;56;45;65;62
3954.0;27;52;55;45;65;62
3960.0;27;52;55;45;65;62
3966.0;26;52;55;46;65;62
3972.0;27;52;54;46;65;62
3978.0;27;52;54;45;66;62
3984.0;28;52;54;45;66;61
3990.0;28;51;55;45;66;61
3996.0;28;51;55;45;66;61
4002.0;28;51;54;45;66;62
4008.0;28;51;54;45;64;64
4014.0;28;50;54;45;64;65
4020.0;28;50;53;45;64;66
4026.0;27;51;54;45;63;66
4032.0;27;51;54;45;63;66
4038.0;29;51;54;44;63;65
4044.0;29;51;54;44;63;65
4050.0;28;51;54;44;64;65
4056.0;28;51;54;44;64;65
4062.0;28;50;55;44;64;65
4068.0;28;50;55;44;64;65
4074.0;28;50;55;44;64;65
4080.0;28;49;55;44;65;65
4086.0;28;48;54;46;65;65
4092.0;27;48;54;46;65;66
4098.0;27;48;54;46;65;66
4104.0;27;47;54;46;66;66
4110.0;27;47;55;45;67;65
4116.0;27;47;54;46;67;65
4122.0;27;47;54;46;67;65
4128.0;27;48;53;46;67;65
4134.0;26;48;54;46;67;65
4140.0;27;47;54;46;67;65
4146.0;27;47;54;46;67;65
4152.0;27;47;54;45;67;66
4158.0;27;47;54;46;66;66
4164.0;26;47;54;47;66;66
4170.0;25;47;54;47;66;67
4176.0;25;47;53;48;66;67
4182.0;26;47;53;47;66;67
4188.0;27;47;53;47;66;66
4194.0;27;47;53;47;66;66
4200.0;27;47;53;47;66;66
4206.0;27;47;53;47;66;66
4212.0;26;47;54;47;66;66
4218.0;26;47;54;46;67;66
4224.0;26;47;54;46;67;66
4230.0;26;47;54;46;67;66
4236.0;26;48;54;46;66;66
4242.0;26;48;55;46;66;65
4248.0;26;49;54;45;66;66
4254.0;26;49;54;45;66;66
4260.0;25;49;54;45;66;67
4266.0;25;49;54;45;66;67
4272.0;25;49;54;45;66;67
4278.0;26;49;54;45;65;67
4284.0;26;49;54;45;65;67
4290.0;26;49;54;46;65;66
4296.0;26;49;54;46;65;66
4302.0;26;49;54;46;65;66
4308.0;26;49;54;46;65;66
4314.0;26;49;54;46;65;66
4320.0;26;49;54;46;65;66
4326.0;26;49;54;46;66;65
4332.0;26;49;54;46;66;65
4338.0;26;49;54;46;66;65
4344.0;26;49;54;46;66;65
4350.0;27;49;54;45;65;66
4356.0;27;49;54;45;65;66
4362.0;27;49;54;45;65;66
4368.0;27;49;54;45;65;66
4374.0;27;49;54;45;65;66
4380.0;28;48;54;44;67;65
4386.0;28;48;54;44;67;65
4392.0;28;48;54;44;67;65
4398.0;28;48;54;44;68;64
4404.0;27;49;54;45;67;64
4410.0;27;49;54;45;67;64
4416.0;27;49;54;45;67;64
4422.0;27;49;54;45;67;64
4428.0;27;48;55;45;67;64
4434.0;27;48;55;45;67;64
4440.0;27;48;55;45;67;64
4446.0;27;48;56;45;66;64
4452.0;26;48;56;46;66;64
4458.0;26;48;57;46;66;63
4464.0;26;47;57;46;67;63
4470.0;26;47;57;46;67;63
4476.0;24;47;57;47;67;64
4482.0;24;47;57;47;67;64
4488.0;24;47;57;47;68;63
4494.0;24;49;57;47;67;62
4500.0;23;48;58;48;67;62
4506.0;23;47;58;49;67;62
4512.0;23;46;58;49;68;62
4518.0;23;48;58;49;67;61
4524.0;23;48;58;49;67;61
4530.0;23;47;59;49;67;61
4536.0;23;48;59;48;67;61
4542.0;23;47;59;49;67;61
4548.0;23;47;59;49;67;61
4554.0;23;46;59;50;67;61
4560.0;23;46;59;50;67;61
4566.0;23;46;59;50;67;61
4572.0;23;46;59;50;67;61
4578.0;23;46;59;50;67;61
4584.0;22;46;59;50;68;61
4590.0;23;46;58;50;68;61
4596.0;23;46;58;50;68;61
4602.0;23;45;58;50;69;61
4608.0;23;45;58;50;69;61
4614.0;23;45;58;50;69;61
4620.0;24;45;58;51;67;61
4626.0;24;45;58;51;67;61
4632.0;24;45;58;51;67;61
4638.0;24;45;58;51;68;60
4644.0;23;47;58;51;67;60
4650.0;23;47;58;51;67;60
4656.0;23;47;58;51;67;60
4662.0;23;47;58;51;67;60
4668.0;23;47;58;51;67;60
4674.0;23;47;58;52;67;59
4680.0;24;47;57;52;67;59
4686.0;24;47;57;52;67;59
4692.0;23;47;57;51;68;60
4698.0;23;47;57;51;68;60
4704.0;23;46;57;52;68;60
4710.0;22;47;57;52;68;60
4716.0;22;49;57;50;69;59
4722.0;22;49;57;50;69;59
4728.0;22;49;57;50;69;59
4734.0;22;48;58;51;68;59
4740.0;23;47;58;51;68;59
4746.0;23;47;59;51;68;58
4752.0;23;47;59;51;68;58
4758.0;23;47;59;51;67;59
4764.0;23;47;59;51;67;59
4770.0;22;47;59;51;68;59
4776.0;22;47;59;51;68;59
4782.0;22;47;59;51;68;59
4788.0;22;47;59;51;68;59
4794.0;22;47;59;50;69;59
4800.0;22;47;59;50;69;59
4806.0;22;47;59;50;69;59
4812.0;21;47;59;50;70;59
4818.0;21;47;59;50;69;60
4824.0;21;47;59;49;70;60
4830.0;21;47;59;49;70;60
4836.0;21;47;59;49;70;60
4842.0;20;47;59;49;71;60
4848.0;20;47;59;49;70;61
4854.0;20;48;59;49;70;60
4860.0;20;48;59;49;70;60
4866.0;21;49;59;47;69;61
4872.0;21;49;59;47;69;61
4878.0;21;49;59;47;69;61
4884.0;21;49;59;47;69;61
4890.0;22;49;59;47;69;60
4896.0;22;49;58;48;69;60
4902.0;22;48;58;49;69;60
4908.0;22;47;59;49;69;60
4914.0;22;47;59;49;69;60
4920.0;22;47;59;49;69;60
4926.0;22;47;59;48;69;61
4932.0;22;47;59;48;69;61
4938.0;22;47;59;48;69;61
4944.0;22;47;59;48;69;61
4950.0;22;47;59;48;69;61
4956.0;22;47;59;48;68;62
4962.0;22;47;59;48;68;62
4968.0;22;47;59;48;68;62
4974.0;22;47;59;48;67;63
4980.0;22;47;59;49;67;62
4986.0;22;47;59;49;67;62
4992.0;22;46;59;51;67;61
4998.0;21;46;59;51;67;62
5004.0;22;46;58;51;67;62
5010.0;22;46;59;50;67;62
5016.0;22;46;59;50;67;62
5022.0;22;46;59;50;67;62
5028.0;22;46;60;50;66;62
5034.0;22;46;60;50;66;62
5040.0;22;45;60;50;67;62
5046.0;22;45;60;49;67;63
5052.0;22;45;60;49;66;64
5058.0;22;44;60;50;66;64
5064.0;22;44;61;49;66;64
5070.0;22;43;62;49;66;64
5076.0;22;42;63;49;66;64
5082.0;22;42;63;49;66;64
5088.0;22;43;63;49;66;63
5094.0;22;43;63;49;66;63
5100.0;22;44;62;49;66;63
5106.0;22;44;63;48;66;63
5112.0;22;44;63;48;66;63
5118.0;22;44;63;48;66;63
5124.0;23;44;63;47;66;63
5130.0;22;45;63;47;66;63
5136.0;22;45;64;47;65;63
5142.0;22;46;64;46;65;63
5148.0;22;45;64;47;65;63
5154.0;22;45;64;47;65;63
5160.0;22;45;64;47;65;63
5166.0;22;45;64;47;65;63
5172.0;22;45;64;47;65;63
5178.0;22;45;64;47;65;63
5184.0;22;45;65;48;64;62
5190.0;22;45;65;47;64;63
5196.0;22;45;64;48;65;62
5202.0;22;45;64;48;65;62
5208.0;22;45;65;47;65;62
5214.0;23;45;65;47;64;62
5220.0;24;45;65;46;64;62
5226.0;24;45;65;46;64;62
5232.0;24;45;65;45;64;63
5238.0;24;45;65;45;64;63
5244.0;24;45;65;45;64;63
5250.0;24;45;65;45;64;63
5256.0;24;45;64;46;64;63
5262.0;24;45;64;46;64;63
5268.0;25;46;64;46;63;62
5274.0;25;45;64;46;64;62
5280.0;25;45;64;46;64;62
5286.0;25;45;65;45;64;62
5292.0;25;45;65;45;64;62
5298.0;25;45;65;44;65;62
5304.0;25;46;65;44;65;61
5310.0;25;46;65;44;65;61
5316.0;25;46;65;44;65;61
5322.0;25;46;65;44;65;61
5328.0;26;46;65;43;63;63
5334.0;26;46;65;43;63;63
5340.0;27;45;67;43;61;63
5346.0;28;45;67;43;60;63
5352.0;28;45;67;43;59;64
5358.0;28;45;67;43;59;64
5364.0;28;45;67;43;59;64
5370.0;29;45;67;42;59;64
5376.0;28;46;68;42;58;64
5382.0;28;46;68;40;58;66
5388.0;29;46;67;39;58;67
5394.0;28;46;68;39;58;67
5400.0;28;46;69;38;58;67
5406.0;28;46;69;38;58;67
5412.0;28;46;68;39;58;67
5418.0;27;46;68;39;58;68
5424.0;27;46;68;39;58;68
5430.0;27;46;68;39;58;68
5436.0;25;46;68;40;59;68
5442.0;25;46;67;41;59;68
5448.0;25;45;67;42;59;68
5454.0;25;45;67;42;59;68
5460.0;25;45;67;42;59;68
5466.0;25;45;67;42;59;68
5472.0;25;46;67;42;58;68
5478.0;25;45;68;42;58;68
5484.0;25;45;68;41;59;68
5490.0;25;45;68;41;59;68
5496.0;25;44;68;42;58;69
5502.0;25;44;68;43;58;68
5508.0;25;44;68;43;58;68
5514.0;25;44;68;43;58;68
5520.0;25;43;69;43;57;69
5526.0;25;43;69;43;57;69
5532.0;24;43;69;42;57;71
5538.0;24;44;69;42;56;71
5544.0;24;44;69;42;56;71
5550.0;24;44;69;42;56;71
5556.0;24;44;69;42;56;71
5562.0;24;44;69;42;56;71
5568.0;24;44;69;42;56;71
5574.0;24;43;69;43;56;71
5580.0;24;43;68;43;56;72
5586.0;24;43;68;43;56;72
5592.0;24;43;67;43;56;73
5598.0;25;42;67;43;56;73
5604.0;25;42;67;43;56;73
5610.0;25;42;67;43;56;73
5616.0;25;41;69;43;55;73
5622.0;25;41;69;42;56;73
5628.0;26;41;69;41;56;73
5634.0;26;41;69;41;56;73
5640.0;26;41;69;41;56;73
5646.0;26;41;70;41;55;73
5652.0;27;41;69;40;55;74
5658.0;26;40;70;40;55;75
5664.0;27;40;70;40;55;74
5670.0;27;40;70;40;55;74
5676.0;27;40;70;40;55;74
5682.0;27;40;70;40;55;74
5688.0;27;40;70;40;55;74
5694.0;27;40;70;40;55;74
5700.0;27;41;70;39;55;74
5706.0;27;41;70;39;55;74
5712.0;27;41;69;39;55;75
5718.0;27;40;69;39;55;76
5724.0;27;40;69;40;55;75
5730.0;27;40;69;40;55;75
5736.0;27;39;70;40;55;75
5742.0;27;39;70;40;55;75
5748.0;28;39;69;39;56;75
5754.0;28;39;70;39;56;74
5760.0;28;39;70;39;56;74
5766.0;28;39;70;39;56;74
5772.0;28;39;70;39;56;74
5778.0;28;39;70;39;56;74
5784.0;28;39;70;39;56;74
5790.0;28;39;70;39;56;74
5796.0;28;39;70;39;56;74
5802.0;28;38;71;39;56;74
5808.0;28;38;71;39;56;74
5814.0;28;38;71;39;56;74
5820.0;28;38;72;39;56;73
5826.0;28;38;72;39;56;73
5832.0;27;38;72;39;57;73
5838.0;27;38;72;38;58;73
5844.0;27;38;72;38;58;73
5850.0;27;38;72;39;58;72
5856.0;27;38;72;39;58;72
5862.0;27;38;72;39;58;72
5868.0;26;38;73;40;57;72
5874.0;26;38;73;40;57;72
5880.0;26;38;73;40;57;72
5886.0;26;38;73;40;57;72
5892.0;26;38;73;40;57;72
5898.0;26;38;73;40;57;72
5904.0;26;38;73;40;57;72
5910.0;28;38;73;38;57;72
5916.0;28;38;73;38;57;72
5922.0;28;38;73;39;56;72
5928.0;27;38;73;39;56;73
5934.0;27;38;73;39;56;73
5940.0;27;38;73;39;56;73
5946.0;27;38;73;39;56;73
5952.0;27;38;73;39;56;73
5958.0;27;39;73;39;56;72
5964.0;27;39;73;39;56;72
5970.0;27;39;74;39;56;71
5976.0;27;40;75;39;55;70
5982.0;27;41;74;39;55;70
5988.0;27;41;74;39;55;70
5994.0;27;41;74;39;55;70
6000.0;27;41;74;39;55;70
6006.0;27;41;74;39;55;70
6012.0;27;41;74;39;55;70
6018.0;27;41;74;39;55;70
6024.0;27;41;74;39;55;70
6030.0;25;41;74;41;55;70
6036.0;25;41;73;41;55;71
6042.0;25;41;73;41;55;71
6048.0;25;41;72;42;56;70
6054.0;26;41;71;42;56;70
6060.0;26;40;72;42;56;70
6066.0;26;40;72;42;56;70
6072.0;26;40;72;42;56;70
6078.0;26;40;72;42;56;70
6084.0;27;40;71;42;56;70
6090.0;27;41;71;42;55;70
6096.0;28;41;71;41;55;70
6102.0;29;41;69;41;54;72
6108.0;29;41;69;40;55;72
6114.0;29;41;69;40;55;72
6120.0;29;41;69;40;55;72
6126.0;29;42;68;41;55;71
6132.0;29;42;68;41;55;71
6138.0;29;42;68;41;55;71
6144.0;29;42;68;41;55;71
6150.0;29;42;68;41;55;71
6156.0;29;42;67;41;55;72
6162.0;29;42;67;41;55;72
6168.0;30;42;66;41;55;72
6174.0;30;42;66;41;55;72
6180.0;30;42;66;41;55;72
6186.0;30;42;66;41;55;72
6192.0;30;42;66;41;55;72
6198.0;30;42;65;42;55;72
6204.0;30;42;65;42;55;72
6210.0;30;42;65;42;55;72
6216.0;31;42;65;41;55;72
6222.0;31;42;65;41;55;72
6228.0;31;42;65;41;54;73
6234.0;32;42;64;41;54;73
6240.0;32;42;64;41;54;73
6246.0;33;42;64;41;53;73
6252.0;33;42;64;41;53;73
6258.0;32;43;64;41;53;73
6264.0;32;43;63;42;53;73
6270.0;32;43;63;42;53;73
6276.0;32;44;63;41;53;73
6282.0;32;44;63;41;53;73
6288.0;32;44;63;41;53;73
6294.0;31;44;63;41;53;74
6300.0;32;44;63;41;52;74
6306.0;32;44;63;41;52;74
6312.0;32;44;63;42;52;73
6318.0;32;44;63;42;52;73
6324.0;32;44;63;42;52;73
6330.0;32;44;63;42;52;73
6336.0;34;44;64;42;50;72
6342.0;34;45;64;42;50;71
6348.0;34;45;64;42;51;70
6354.0;35;44;64;42;51;70
6360.0;35;44;64;42;51;70
6366.0;35;44;64;42;51;70
6372.0;35;44;64;41;51;71
6378.0;35;44;64;41;51;71
6384.0;35;44;64;41;51;71
6390.0;36;44;63;41;51;71
6396.0;36;44;62;42;51;71
6402.0;36;44;63;40;51;72
6408.0;36;44;63;40;51;72
6414.0;36;44;63;40;51;72
6420.0;36;45;62;40;52;71
6426.0;36;44;62;40;52;72
6432.0;36;44;62;40;52;72
6438.0;36;45;62;40;53;70
6444.0;36;45;62;40;53;70
6450.0;35;45;62;42;52;70
6456.0;35;45;60;42;54;70
6462.0;35;45;60;42;54;70
6468.0;35;45;60;42;54;70
6474.0;34;45;60;42;54;71
6480.0;34;45;60;42;54;71
6486.0;34;44;60;43;54;71
6492.0;35;44;60;43;54;70
6498.0;35;45;59;42;54;71
6504.0;35;44;59;43;54;71
6510.0;35;43;58;43;55;72
6516.0;36;42;58;44;54;72
6522.0;37;42;57;44;55;71
6528.0;37;42;57;44;55;71
6534.0;37;42;57;44;55;71
6540.0;38;42;57;44;54;71
6546.0;38;42;58;45;53;70
6552.0;38;42;58;45;53;70
6558.0;38;42;58;45;53;70
6564.0;38;42;58;45;53;70
6570.0;38;41;58;45;53;71
6576.0;38;41;58;45;53;71
6582.0;38;41;59;45;53;70
6588.0;38;42;59;44;53;70
6594.0;38;42;59;44;53;70
6600.0;37;42;59;45;53;70
6606.0;37;42;59;45;53;70
6612.0;37;42;59;45;53;70
6618.0;37;41;59;46;53;70
6624.0;37;41;59;47;52;70
6630.0;37;41;59;47;51;71
6636.0;37;41;59;47;51;71
6642.0;38;41;59;46;51;71
6648.0;38;41;59;46;51;71
6654.0;38;41;59;46;51;71
6660.0;38;41;59;46;51;71
6666.0;37;41;59;48;51;70
6672.0;37;41;59;48;51;70
6678.0;37;41;59;48;52;69
6684.0;37;41;59;48;52;69
6690.0;37;41;59;48;52;69
6696.0;38;42;57;48;52;69
6702.0;38;42;57;48;52;69
6708.0;37;42;57;48;53;69
6714.0;38;44;58;45;53;68
6720.0;38;44;58;46;53;67
6726.0;38;44;58;46;53;67
6732.0;38;44;58;46;53;67
6738.0;38;44;58;46;53;67
6744.0;38;44;58;46;53;67
6750.0;38;44;58;46;53;67
6756.0;39;43;58;45;53;68
6762.0;39;43;58;45;53;68
6768.0;39;42;58;45;53;69
6774.0;38;42;58;46;53;69
6780.0;39;42;58;46;53;68
6786.0;38;41;58;46;54;69
6792.0;38;41;58;46;54;69
6798.0;38;41;59;47;54;67
6804.0;38;41;59;47;54;67
6810.0;38;41;59;47;54;67
6816.0;37;41;59;48;54;67
6822.0;37;41;59;48;54;67
6828.0;36;42;58;48;54;68
6834.0;36;42;58;48;54;68
6840.0;36;42;58;48;54;68
6846.0;37;42;58;48;53;68
6852.0;38;42;58;49;51;68
6858.0;38;42;58;49;51;68
6864.0;38;41;58;49;52;68
6870.0;38;41;58;49;52;68
6876.0;38;41;58;49;52;68
6882.0;38;41;58;49;52;68
6888.0;38;40;59;48;52;69
6894.0;38;40;59;48;52;69
6900.0;38;40;59;48;52;69
6906.0;38;40;60;48;51;69
6912.0;38;40;60;48;51;69
6918.0;38;40;60;48;51;69
6924.0;38;40;60;48;51;69
6930.0;38;40;61;48;50;69
6936.0;38;41;61;48;50;68
6942.0;37;41;61;48;50;69
6948.0;37;41;61;48;50;69
6954.0;37;41;61;48;50;69
6960.0;38;41;60;48;50;69
6966.0;38;41;60;48;50;69
6972.0;38;41;59;48;50;70
6978.0;38;41;58;48;50;71
6984.0;38;41;58;48;50;71
6990.0;37;41;57;49;51;71
6996.0;37;41;57;49;51;71
7002.0;37;41;57;49;51;71
7008.0;38;40;57;48;52;71
7014.0;38;40;58;48;53;69
7020.0;38;40;58;48;53;69
7026.0;38;40;58;48;53;69
7032.0;38;40;58;48;53;69
7038.0;37;40;59;48;53;69
7044.0;37;40;59;48;53;69
7050.0;37;40;59;48;53;69
7056.0;36;40;59;48;53;70
7062.0;36;40;58;48;53;71
7068.0;38;41;58;48;51;70
7074.0;38;42;58;48;52;68
7080.0;37;42;59;48;52;68
7086.0;37;42;60;48;52;67
7092.0;37;42;60;48;52;67
7098.0;37;42;60;48;52;67
7104.0;37;42;60;48;52;67
7110.0;37;42;60;48;52;67
7116.0;38;41;60;48;52;67
7122.0;38;41;60;47;53;67
7128.0;38;41;60;46;54;67
7134.0;37;42;60;46;54;67
7140.0;37;42;60;46;54;67
7146.0;36;42;59;47;55;67
7152.0;36;42;59;47;55;67
7158.0;35;42;59;48;55;67
7164.0;35;42;59;48;55;67
7170.0;35;42;59;48;55;67
7176.0;35;43;58;47;56;67
7182.0;35;43;58;47;56;67
7188.0;35;43;58;47;56;67
7194.0;35;43;58;47;56;67
7200.0;34;44;59;48;55;66
7206.0;34;44;59;48;55;66
7212.0;35;44;59;48;55;65
7218.0;35;44;59;48;55;65
7224.0;35;44;59;48;55;65
7230.0;36;44;58;48;55;65
7236.0;38;44;57;48;54;65
7242.0;38;44;57;48;54;65
7248.0;38;44;56;49;54;65
7254.0;38;44;56;50;53;65
7260.0;38;45;56;50;53;64
7266.0;37;45;56;50;53;65
7272.0;37;45;56;50;53;65
7278.0;37;46;56;50;52;65
7284.0;36;47;56;50;52;65
7290.0;35;47;56;50;53;65
7296.0;35;47;56;49;54;65
7302.0;35;47;56;49;54;65
7308.0;35;48;56;50;54;63
7314.0;35;48;56;51;53;63
7320.0;35;48;56;51;53;63
7326.0;35;48;56;51;53;63
7332.0;35;48;56;51;53;63
7338.0;35;48;56;51;53;63
7344.0;35;49;56;50;53;63
7350.0;35;49;56;50;53;63
7356.0;35;49;56;50;53;63
7362.0;35;49;56;49;53;64
7368.0;35;48;56;49;53;65
7374.0;35;48;56;49;53;65
7380.0;35;49;56;49;53;64
7386.0;35;49;55;49;53;65
7392.0;35;49;55;49;53;65
7398.0;34;48;55;50;54;65
7404.0;34;48;55;50;54;65
7410.0;34;48;54;50;54;66
7416.0;34;48;54;50;54;66
7422.0;34;48;54;50;54;66
7428.0;35;48;54;49;54;66
7434.0;35;48;54;49;54;66
7440.0;35;48;54;49;54;66
7446.0;36;47;54;49;54;66
7452.0;36;47;54;49;54;66
7458.0;36;48;54;49;54;65
7464.0;36;48;54;49;54;65
7470.0;36;48;54;49;54;65
7476.0;35;48;54;50;54;65
7482.0;35;48;54;50;54;65
7488.0;35;48;54;50;54;65
7494.0;35;48;54;50;54;65
7500.0;36;49;53;50;54;64
7506.0;36;49;53;49;54;65
7512.0;36;49;53;50;53;65
7518.0;35;49;53;50;53;66
7524.0;35;49;53;50;53;66
7530.0;35;50;53;49;53;66
7536.0;35;50;53;49;53;66
7542.0;34;50;53;49;54;66
7548.0;34;50;53;49;54;66
7554.0;34;50;52;49;54;67
7560.0;34;50;52;49;54;67
7566.0;34;50;52;49;54;67
7572.0;34;50;52;50;53;67
7578.0;35;50;52;50;53;66
7584.0;35;50;52;50;53;66
7590.0;35;50;52;50;53;66
7596.0;36;49;51;50;53;67
7602.0;37;50;50;50;53;66
7608.0;37;49;50;50;52;68
7614.0;37;49;50;50;52;68
7620.0;37;49;50;50;52;68
7626.0;37;49;50;49;52;69
7632.0;37;49;50;49;52;69
7638.0;36;49;50;49;53;69
7644.0;36;49;50;49;53;69
7650.0;35;47;51;49;55;69
7656.0;35;47;51;49;55;69
7662.0;34;47;52;49;55;69
7668.0;34;47;52;49;55;69
7674.0;35;47;52;48;55;69
7680.0;35;47;52;48;55;69
7686.0;35;47;52;48;56;68
7692.0;35;48;52;48;55;68
7698.0;35;48;52;48;55;68
7704.0;35;48;52;48;55;68
7710.0;35;48;51;50;54;68
7716.0;33;48;51;51;54;69
7722.0;33;48;51;51;54;69
7728.0;33;48;51;51;54;69
7734.0;33;48;51;51;54;69
7740.0;32;48;51;52;54;69
7746.0;32;49;51;52;54;68
7752.0;32;48;51;53;55;67
7758.0;32;48;51;53;55;67
7764.0;32;47;53;53;54;67
7770.0;32;48;54;54;52;66
7776.0;32;48;54;54;52;66
7782.0;32;48;54;54;52;66
7788.0;32;48;54;54;52;66
7794.0;32;48;54;54;51;67
7800.0;32;48;54;54;51;67
7806.0;31;48;55;54;51;67
7812.0;31;48;55;54;51;67
7818.0;30;48;56;53;51;68
7824.0;31;48;55;53;51;68
7830.0;31;48;55;53;51;68
7836.0;31;47;56;54;50;68
7842.0;31;47;56;54;50;68
7848.0;31;47;56;54;50;68
7854.0;31;47;56;54;50;68
7860.0;32;47;55;54;50;68
7866.0;32;47;55;54;50;68
7872.0;32;48;56;54;49;67
7878.0;32;48;57;53;49;67
7884.0;31;49;57;53;49;67
7890.0;31;49;57;53;49;67
7896.0;31;49;57;53;49;67
7902.0;31;49;57;53;49;67
7908.0;31;50;56;53;49;67
7914.0;31;50;55;53;49;68
7920.0;31;49;55;53;49;69
7926.0;31;48;56;53;49;69
7932.0;31;48;56;53;49;69
7938.0;31;48;56;53;48;70
7944.0;32;47;55;53;48;71
7950.0;31;48;55;53;48;71
7956.0;31;48;56;53;48;70
7962.0;31;48;56;53;48;70
7968.0;32;46;56;52;48;72
7974.0;32;47;56;52;48;71
7980.0;32;47;56;51;49;71
7986.0;32;47;56;51;49;71
7992.0;32;46;57;51;49;71
7998.0;32;46;57;51;49;71
8004.0;32;46;57;51;49;71
8010.0;32;46;57;51;49;71
8016.0;31;46;57;51;49;72
8022.0;31;46;58;51;48;72
8028.0;30;46;58;51;49;72
8034.0;30;46;58;51;49;72
8040.0;30;46;58;51;49;72
8046.0;30;46;58;51;49;72
8052.0;31;46;58;50;49;72
8058.0;32;46;57;50;49;72
8064.0;32;46;57;50;49;72
8070.0;31;46;57;50;49;73
8076.0;30;47;57;48;50;74
8082.0;30;47;57;48;50;74
8088.0;30;47;57;48;50;74
8094.0;30;47;58;48;49;74
8100.0;31;47;57;48;49;74
8106.0;30;47;58;48;49;74
8112.0;30;47;58;48;49;74
8118.0;30;47;58;48;49;74
8124.0;29;47;58;48;50;74
8130.0;29;47;58;48;50;74
8136.0;29;47;58;48;50;74
8142.0;29;46;59;48;50;74
8148.0;29;46;59;48;50;74
8154.0;29;46;59;49;50;73
8160.0;29;46;59;49;50;73
8166.0;30;46;58;49;50;73
8172.0;30;47;57;49;50;73
8178.0;30;47;57;49;50;73
8184.0;30;47;57;49;50;73
8190.0;29;48;57;49;51;72
8196.0;29;48;57;49;51;72
8202.0;30;49;56;48;50;73
8208.0;31;49;56;47;50;73
8214.0;30;49;57;46;51;73
8220.0;30;49;57;47;51;72
8226.0;30;49;57;47;51;72
8232.0;30;49;57;47;51;72
8238.0;30;49;57;47;51;72
8244.0;30;49;57;47;51;72
8250.0;30;49;57;47;51;72
8256.0;30;49;57;47;51;72
8262.0;30;50;56;48;51;71
8268.0;30;49;56;48;52;71
8274.0;30;49;56;48;52;71
8280.0;30;50;57;48;51;70
8286.0;30;50;57;48;51;70
8292.0;30;50;57;48;51;70
8298.0;30;50;57;48;51;70
8304.0;30;50;56;48;52;70
8310.0;29;50;56;48;52;71
8316.0;30;51;55;48;51;71
8322.0;30;52;55;48;51;70
8328.0;31;52;55;48;49;71
8334.0;32;52;55;48;49;70
8340.0;32;52;55;48;49;70
8346.0;33;51;56;48;49;69
8352.0;33;51;56;48;49;69
8358.0;33;51;56;48;49;69
8364.0;33;51;56;49;48;69
8370.0;33;51;56;49;49;68
8376.0;34;51;56;49;48;68
8382.0;34;51;56;49;48;68
8388.0;34;50;57;49;47;69
8394.0;34;50;57;49;47;69
8400.0;34;50;57;49;47;69
8406.0;34;50;57;49;47;69
8412.0;34;49;58;49;47;69
8418.0;34;48;59;49;47;69
8424.0;34;49;59;48;46;70
8430.0;33;49;59;47;47;71
8436.0;33;49;59;47;47;71
8442.0;33;49;59;47;47;71
8448.0;34;49;60;46;46;71
8454.0;34;49;60;46;46;71
8460.0;34;48;60;46;47;71
8466.0;35;47;60;46;46;72
8472.0;35;48;60;45;47;71
8478.0;35;48;60;45;47;71
8484.0;34;48;60;45;48;71
8490.0;34;48;60;45;48;71
8496.0;33;48;60;46;48;71
8502.0;33;47;60;46;48;72
8508.0;33;47;60;46;48;72
8514.0;33;47;61;45;48;72
8520.0;33;47;61;45;48;72
8526.0;33;47;61;45;48;72
8532.0;33;47;61;45;47;73
8538.0;32;46;61;45;48;74
8544.0;32;46;61;45;48;74
8550.0;32;45;61;45;49;74
8556.0;32;45;61;45;49;74
8562.0;31;45;61;45;50;74
8568.0;31;45;61;45;50;74
8574.0;31;45;61;45;50;74
8580.0;31;45;60;45;51;74
8586.0;31;45;60;45;51;74
8592.0;31;45;60;45;51;74
8598.0;31;45;60;45;52;73
8604.0;31;45;60;45;52;73
8610.0;31;45;60;45;52;73
8616.0;31;45;60;45;52;73
8622.0;32;46;59;45;52;72
8628.0;32;46;59;45;52;72
8634.0;32;46;59;44;53;72
8640.0;32;47;59;43;53;72
8646.0;33;47;59;41;54;72
8652.0;33;47;59;41;54;72
8658.0;32;47;60;41;54;72
8664.0;32;47;60;41;54;72
8670.0;32;47;60;41;54;72
8676.0;32;47;60;41;54;72
8682.0;31;47;61;41;54;72
8688.0;31;47;61;41;55;71
8694.0;31;47;61;41;55;71
8700.0;31;48;61;40;55;71
8706.0;31;48;60;40;56;71
8712.0;31;48;60;40;56;71
8718.0;30;49;60;40;56;71
8724.0;29;49;60;40;57;71
8730.0;29;49;60;40;57;71
8736.0;29;49;60;40;57;71
8742.0;29;49;61;40;57;70
8748.0;29;49;61;40;57;70
8754.0;28;50;62;39;57;70
8760.0;28;50;62;39;57;70
8766.0;28;49;61;39;58;71
8772.0;28;49;61;39;59;70
8778.0;28;49;61;39;59;70
8784.0;28;50;60;39;59;70
8790.0;28;50;61;38;59;70
8796.0;28;50;61;38;59;70
8802.0;27;50;62;38;59;70
8808.0;27;50;62;38;59;70
8814.0;28;50;62;37;59;70
8820.0;28;50;63;37;59;69
8826.0;28;50;64;36;59;69
8832.0;27;50;64;36;60;69
8838.0;27;50;64;34;62;69
8844.0;27;50;64;34;62;69
8850.0;26;51;64;35;61;69
8856.0;26;51;64;35;61;69
8862.0;27;51;64;35;61;68
8868.0;28;51;64;35;60;68
8874.0;28;52;63;35;60;68
8880.0;29;52;63;35;60;67
8886.0;29;52;63;34;61;67
8892.0;28;52;63;34;62;67
8898.0;28;52;63;34;62;67
8904.0;28;52;62;34;62;68
8910.0;28;52;62;34;62;68
8916.0;28;52;62;34;62;68
8922.0;28;52;62;34;62;68
8928.0;28;52;62;34;62;68
8934.0;28;52;62;34;62;68
8940.0;28;51;63;34;62;68
8946.0;28;51;62;35;62;68
8952.0;27;51;62;34;62;70
8958.0;27;51;62;34;62;70
8964.0;28;51;62;34;62;69
8970.0;28;52;62;34;62;68
8976.0;28;51;62;34;62;69
8982.0;28;51;62;34;62;69
8988.0;28;49;64;34;62;69
8994.0;28;49;66;34;61;68
9000.0;28;49;65;34;61;69
9006.0;28;49;65;34;61;69
9012.0;28;49;64;35;61;69
9018.0;28;48;65;35;61;69
9024.0;27;49;65;35;61;69
9030.0;27;49;65;35;61;69
9036.0;27;49;64;35;61;70
9042.0;28;47;65;35;61;70
9048.0;29;46;65;34;62;70
9054.0;29;46;65;34;62;70
9060.0;29;45;65;35;62;70
9066.0;29;45;65;35;62;70
9072.0;29;45;64;35;63;70
9078.0;29;44;65;35;63;70
9084.0;29;44;65;35;63;70
9090.0;27;44;66;35;63;71
9096.0;26;44;66;36;63;71
9102.0;26;44;66;36;63;71
9108.0;26;44;66;36;63;71
9114.0;26;44;66;36;63;71
9120.0;26;44;66;36;63;71
9126.0;26;43;66;37;64;70
9132.0;26;43;66;37;64;70
9138.0;26;43;66;37;64;70
9144.0;26;43;66;37;63;71
9150.0;26;43;66;37;63;71
9156.0;26;44;65;37;63;71
9162.0;26;44;65;37;63;71
9168.0;26;44;65;37;63;71
9174.0;25;44;65;37;63;72
9180.0;25;44;65;37;63;72
9186.0;25;43;65;37;63;73
9192.0;25;44;65;37;63;72
9198.0;26;43;65;37;63;72
9204.0;26;42;65;37;64;72
9210.0;26;42;65;36;65;72
9216.0;26;42;65;36;65;72
9222.0;26;42;65;36;65;72
9228.0;26;42;65;36;65;72
9234.0;25;42;65;37;65;72
9240.0;26;42;65;37;65;71
9246.0;26;43;65;37;64;71
9252.0;26;43;65;37;64;71
9258.0;26;43;65;37;64;71
9264.0;26;43;65;36;65;71
9270.0;26;43;65;36;65;71
9276.0;26;43;65;36;65;71
9282.0;26;43;65;36;65;71
9288.0;26;43;65;37;64;71
9294.0;26;43;65;37;64;71
9300.0;26;43;65;37;64;71
9306.0;27;43;62;39;64;71
9312.0;27;43;62;39;64;71
9318.0;27;43;62;39;64;71
9324.0;27;43;62;39;64;71
9330.0;27;43;62;39;64;71
9336.0;27;43;62;39;64;71
9342.0;27;43;62;41;63;70
9348.0;27;43;62;41;63;70
9354.0;27;43;62;41;63;70
9360.0;27;43;63;40;63;70
9366.0;26;43;63;40;63;71
9372.0;26;43;63;40;63;71
9378.0;26;43;63;40;63;71
9384.0;26;44;62;40;64;70
9390.0;26;44;62;40;64;70
9396.0;26;44;62;40;64;70
9402.0;26;44;62;40;64;70
9408.0;26;44;62;40;63;71
9414.0;25;44;62;40;63;72
9420.0;25;44;62;40;63;72
9426.0;25;44;62;40;63;72
9432.0;25;44;61;40;63;73
9438.0;25;45;62;39;62;73
9444.0;25;45;62;39;62;73
9450.0;25;45;62;39;62;73
9456.0;25;45;62;39;62;73
9462.0;26;46;62;39;61;72
9468.0;26;46;62;40;61;71
9474.0;26;46;63;39;62;70
9480.0;26;46;63;39;62;70
9486.0;26;45;63;40;62;70
9492.0;26;45;63;40;62;70
9498.0;26;45;63;40;62;70
9504.0;26;44;63;40;63;70
9510.0;26;44;63;40;63;70
9516.0;27;44;63;40;62;70
9522.0;27;44;64;40;62;69
9528.0;27;44;64;41;61;69
9534.0;27;43;64;41;62;69
9540.0;26;43;64;40;63;70
9546.0;26;43;64;39;64;70
9552.0;26;43;64;39;64;70
9558.0;26;44;63;39;64;70
9564.0;26;44;63;40;63;70
9570.0;26;44;63;40;63;70
9576.0;25;45;63;40;64;69
9582.0;25;44;63;41;64;69
9588.0;25;44;63;41;64;69
9594.0;25;44;63;41;64;69
9600.0;25;44;63;41;64;69
9606.0;25;44;63;42;64;68
9612.0;24;44;64;42;64;68
9618.0;24;44;64;42;64;68
9624.0;25;44;65;42;63;67
9630.0;25;44;66;41;63;67
9636.0;25;43;66;42;63;67
9642.0;25;43;66;42;63;67
9648.0;25;43;66;42;63;67
9654.0;25;43;66;42;62;68
9660.0;25;43;66;42;62;68
9666.0;25;43;66;42;62;68
9672.0;25;43;67;42;61;68
9678.0;25;42;67;43;61;68
9684.0;25;42;67;43;61;68
9690.0;24;43;67;43;61;68
9696.0;26;42;67;42;61;68
9702.0;26;42;68;42;61;67
9708.0;26;42;69;42;60;67
9714.0;26;42;69;42;60;67
9720.0;26;42;69;42;60;67
9726.0;26;42;69;42;60;67
9732.0;26;42;69;42;60;67
9738.0;26;42;69;42;60;67
9744.0;26;42;69;42;60;67
9750.0;26;42;69;41;60;68
9756.0;26;42;69;41;60;68
9762.0;26;42;69;41;60;68
9768.0;26;42;69;41;60;68
9774.0;26;42;69;41;60;68
9780.0;26;42;68;41;60;69
9786.0;26;43;67;41;60;69
9792.0;25;43;68;40;60;70
9798.0;25;43;67;40;61;70
9804.0;25;43;67;40;61;70
9810.0;26;43;67;40;60;70
9816.0;26;43;67;40;60;70
9822.0;27;43;67;39;60;70
9828.0;27;43;67;39;60;70
9834.0;26;43;67;40;60;70
9840.0;27;43;67;40;59;70
9846.0;27;43;67;40;59;70
9852.0;27;42;68;40;59;70
9858.0;27;42;68;40;59;70
9864.0;27;42;68;40;59;70
9870.0;27;43;67;40;59;70
9876.0;27;43;66;41;59;70
9882.0;27;43;66;41;59;70
9888.0;28;43;66;40;59;70
9894.0;28;43;66;41;59;69
9900.0;28;42;66;41;60;69
9906.0;28;42;66;41;60;69
9912.0;28;42;66;40;61;69
9918.0;28;42;66;40;61;69
9924.0;28;42;66;40;61;69
9930.0;28;42;64;40;61;71
9936.0;28;42;65;40;61;70
9942.0;29;42;65;40;61;69
9948.0;29;42;65;40;61;69
9954.0;28;43;64;41;61;69
9960.0;28;43;63;41;62;69
9966.0;29;43;63;41;62;68
9972.0;29;43;63;41;63;67
9978.0;29;43;63;41;63;67
9984.0;30;43;62;41;63;67
9990.0;30;43;62;41;63;67
9996.0;29;43;63;41;63;67
10002.0;29;43;63;41;64;66
10008.0;29;43;63;41;64;66
10014.0;29;43;63;41;64;66
10020.0;30;42;62;41;64;67
10026.0;30;43;61;41;64;67
10032.0;30;43;60;41;65;67
10038.0;30;43;60;41;65;67
10044.0;30;42;60;42;65;67
10050.0;29;42;60;41;66;68
10056.0;29;42;60;41;66;68
10062.0;29;42;61;41;65;68
10068.0;29;43;60;41;65;68
10074.0;30;43;60;40;65;68
10080.0;30;43;60;40;65;68
10086.0;30;43;60;40;65;68
10092.0;30;43;60;40;65;68
10098.0;30;43;60;40;65;68
10104.0;30;43;60;40;65;68
10110.0;30;43;60;40;65;68
10116.0;29;43;60;40;66;68
10122.0;29;43;60;40;66;68
10128.0;29;43;60;40;66;68
10134.0;29;43;60;40;66;68
10140.0;30;43;61;40;65;67
10146.0;30;42;61;40;66;67
10152.0;30;42;61;40;66;67
10158.0;31;42;61;39;66;67
10164.0;31;42;61;39;66;67
10170.0;31;42;61;39;66;67
10176.0;31;42;61;39;66;67
10182.0;31;42;61;39;66;67
10188.0;30;42;62;39;66;67
10194.0;30;42;62;39;66;67
10200.0;30;42;62;39;66;67
10206.0;30;42;62;39;66;67
10212.0;30;42;62;39;66;67
10218.0;30;42;62;38;66;68
10224.0;30;42;62;38;66;68
10230.0;32;43;62;38;65;66
10236.0;32;43;62;38;65;66
10242.0;32;43;62;38;65;66
10248.0;32;43;62;38;65;66
10254.0;32;43;62;38;65;66
10260.0;32;43;61;39;65;66
10266.0;32;43;61;39;65;66
10272.0;32;43;61;39;65;66
10278.0;32;43;62;38;65;66
10284.0;32;43;63;38;65;65
10290.0;32;42;64;38;65;65
10296.0;32;42;64;38;65;65
10302.0;32;42;64;38;66;64
10308.0;32;42;64;38;66;64
10314.0;32;42;64;38;66;64
10320.0;32;43;64;39;66;62
10326.0;32;43;64;39;66;62
10332.0;32;43;64;40;66;61
10338.0;32;43;64;40;66;61
10344.0;32;43;64;39;67;61
10350.0;33;43;63;39;67;61
10356.0;33;42;64;39;67;61
10362.0;32;42;64;40;67;61
10368.0;32;41;63;40;67;63
10374.0;31;41;63;41;67;63
10380.0;31;41;63;41;67;63
10386.0;31;41;62;41;66;65
10392.0;31;41;62;41;66;65
10398.0;31;40;61;42;67;65
10404.0;30;40;61;42;68;65
10410.0;30;40;61;42;68;65
10416.0;30;40;61;42;68;65
10422.0;29;40;61;42;69;65
10428.0;29;40;62;41;70;64
10434.0;29;39;62;41;70;65
10440.0;29;39;61;41;71;65
10446.0;29;39;62;41;70;65
10452.0;29;39;62;41;70;65
10458.0;27;40;63;41;70;65
10464.0;27;40;63;41;70;65
10470.0;27;40;63;41;70;65
10476.0;27;40;63;41;70;65
10482.0;26;40;63;41;70;66
10488.0;26;40;63;41;71;65
10494.0;26;40;63;41;71;65
10500.0;26;41;63;41;71;64
10506.0;26;41;62;42;71;64
10512.0;27;41;61;42;71;64
10518.0;27;41;61;42;71;64
10524.0;27;40;61;43;71;64
10530.0;26;41;61;42;71;65
10536.0;26;41;61;42;69;67
10542.0;27;40;61;42;68;68
10548.0;27;40;61;42;68;68
10554.0;27;40;61;42;68;68
10560.0;27;40;61;42;68;68
10566.0;27;40;61;42;68;68
10572.0;27;40;61;42;68;68
10578.0;27;40;61;42;68;68
10584.0;27;39;61;42;68;69
10590.0;27;40;61;42;68;68
10596.0;27;40;61;42;68;68
10602.0;27;40;61;42;68;68
10608.0;27;41;60;42;69;67
10614.0;27;41;60;42;69;67
10620.0;27;41;60;42;69;67
10626.0;27;41;60;42;69;67
10632.0;27;42;61;42;68;66
10638.0;28;41;61;41;69;66
10644.0;29;41;61;41;69;65
10650.0;32;41;59;41;69;64
10656.0;33;41;58;41;69;64
10662.0;33;41;58;41;69;64
10668.0;33;40;59;41;69;64
10674.0;33;40;59;41;69;64
10680.0;34;39;59;41;70;63
10686.0;33;40;59;40;71;63
10692.0;32;40;59;41;71;63
10698.0;32;40;60;40;71;63
10704.0;32;39;61;41;71;62
10710.0;32;39;61;41;71;62
10716.0;32;39;61;41;71;62
10722.0;32;39;61;41;71;62
10728.0;32;39;61;41;71;62
10734.0;32;39;61;41;71;62
10740.0;31;39;61;41;72;62
10746.0;31;38;61;42;72;62
10752.0;31;38;61;42;72;62
10758.0;32;38;62;41;72;61
10764.0;32;39;62;41;71;61
10770.0;32;38;63;41;71;61
10776.0;32;38;63;41;71;61
10782.0;32;38;63;42;70;61
10788.0;32;39;63;42;69;61
10794.0;32;39;63;42;69;61
