#auto generated file!
12.0;255;235;260;277;240;263
18.0;254;236;260;278;242;260
24.0;254;236;260;277;243;260
30.0;254;237;258;278;243;260
36.0;252;237;258;281;243;259
42.0;252;235;259;280;245;259
48.0;248;238;259;280;246;259
54.0;248;237;259;279;248;259
60.0;248;237;256;278;250;261
66.0;248;237;256;278;250;261
72.0;249;237;256;278;250;260
78.0;249;240;255;279;250;257
84.0;248;241;255;278;251;257
90.0;248;241;255;277;252;257
96.0;247;241;255;277;253;257
102.0;243;242;255;278;253;259
108.0;243;242;257;277;253;258
114.0;242;242;257;277;254;258
120.0;241;242;256;277;255;259
126.0;238;242;258;277;254;261
132.0;236;241;259;278;254;262
138.0;234;242;259;279;254;262
144.0;234;242;259;279;254;262
150.0;234;242;259;279;254;262
156.0;233;242;259;279;255;262
162.0;234;242;258;277;255;264
168.0;233;243;259;275;256;264
174.0;233;242;259;275;257;264
180.0;233;243;259;274;257;264
186.0;234;242;259;274;258;263
192.0;233;241;262;274;258;262
198.0;234;242;262;275;257;260
204.0;233;243;264;274;255;261
210.0;233;242;263;275;256;261
216.0;233;240;263;275;258;261
222.0;233;239;263;273;260;262
228.0;234;239;263;272;260;262
234.0;233;239;263;273;259;263
240.0;233;239;263;273;259;263
246.0;232;240;263;272;260;263
252.0;231;241;263;271;260;264
258.0;230;241;266;269;259;265
264.0;231;240;266;269;259;265
270.0;231;240;266;271;258;264
276.0;230;242;268;270;258;262
282.0;230;242;269;270;255;264
288.0;229;242;271;270;254;264
294.0;229;241;270;271;254;265
300.0;227;240;274;272;253;264
306.0;228;243;273;268;252;266
312.0;228;244;274;267;252;265
318.0;226;243;275;266;255;265
324.0;225;244;275;266;255;265
330.0;225;243;274;266;256;266
336.0;224;243;275;266;256;266
342.0;224;241;273;268;256;268
348.0;225;241;272;268;255;269
354.0;226;241;272;269;254;268
360.0;226;241;272;269;253;269
366.0;223;241;274;270;254;268
372.0;222;242;276;270;253;267
378.0;217;242;277;271;254;269
384.0;218;242;278;269;252;271
390.0;215;244;278;269;252;272
396.0;213;244;279;269;253;272
402.0;212;244;279;269;254;272
408.0;213;243;279;268;253;274
414.0;213;244;279;267;253;274
420.0;213;243;278;266;252;278
426.0;214;243;276;267;252;278
432.0;214;242;276;267;251;280
438.0;212;243;277;266;251;281
444.0;213;243;278;266;250;280
450.0;211;244;278;268;251;278
456.0;211;244;277;266;253;279
462.0;211;244;276;267;252;280
468.0;208;245;278;268;251;280
474.0;210;243;276;271;251;279
480.0;208;242;277;271;252;280
486.0;207;241;276;270;254;282
492.0;209;240;276;270;254;281
498.0;210;240;276;269;254;281
504.0;208;241;276;271;254;280
510.0;207;241;278;270;254;280
516.0;207;240;278;270;253;282
522.0;207;239;275;271;253;285
528.0;206;240;277;270;253;284
534.0;205;240;278;270;253;284
540.0;204;240;278;269;255;284
546.0;202;243;279;267;256;283
552.0;204;242;281;264;256;283
558.0;204;243;282;264;255;282
564.0;203;242;283;267;254;281
570.0;200;244;283;266;254;283
576.0;200;243;284;266;254;283
582.0;203;242;283;265;254;283
588.0;203;243;282;266;253;283
594.0;201;242;283;265;254;285
600.0;200;241;283;267;254;285
606.0;199;240;283;267;256;285
612.0;198;240;283;270;254;285
618.0;197;241;283;270;254;285
624.0;198;240;283;271;253;285
630.0;197;241;283;272;253;284
636.0;197;244;282;270;252;285
642.0;199;243;282;269;252;285
648.0;198;243;281;268;253;287
654.0;198;241;282;269;253;287
660.0;195;245;280;268;253;289
666.0;196;244;278;268;255;289
672.0;197;244;278;266;255;290
678.0;198;243;276;268;254;291
684.0;198;246;276;269;253;288
690.0;198;245;277;269;253;288
696.0;197;245;278;269;253;288
702.0;195;245;277;270;254;289
708.0;195;245;278;269;254;289
714.0;192;245;279;270;254;290
720.0;192;245;281;270;253;289
726.0;192;247;282;269;252;288
732.0;192;249;281;266;253;289
738.0;193;250;279;265;254;289
744.0;193;250;280;267;252;288
750.0;192;252;280;265;253;288
756.0;191;252;280;265;254;288
762.0;192;254;280;262;254;288
768.0;192;255;279;261;255;288
774.0;191;255;280;260;255;289
780.0;191;255;279;261;255;289
786.0;191;254;279;260;256;290
792.0;191;253;279;260;257;290
798.0;193;252;280;260;257;288
804.0;191;251;280;260;258;290
810.0;190;250;282;261;258;289
816.0;192;249;282;261;258;288
822.0;192;249;281;261;258;289
828.0;191;249;281;262;258;289
834.0;190;249;282;262;257;290
840.0;192;247;282;261;258;290
846.0;192;246;281;261;260;290
852.0;191;247;282;261;260;289
858.0;190;246;283;259;260;292
864.0;189;246;283;259;259;294
870.0;187;247;283;259;258;296
876.0;186;248;283;259;258;296
882.0;184;249;283;262;258;294
888.0;184;249;282;262;258;295
894.0;184;249;283;261;258;295
900.0;182;250;283;261;259;295
906.0;182;250;284;261;259;294
912.0;181;250;284;261;258;296
918.0;181;250;283;262;258;296
924.0;181;250;285;259;258;297
930.0;179;249;284;260;260;298
936.0;179;251;283;261;260;296
942.0;178;253;282;260;261;296
948.0;177;253;284;261;261;294
954.0;177;253;285;260;259;296
960.0;176;255;285;260;258;296
966.0;177;256;286;257;257;297
972.0;178;256;285;255;259;297
978.0;179;256;285;256;259;295
984.0;181;256;284;255;259;295
990.0;183;258;285;252;259;293
996.0;183;257;285;251;260;294
1002.0;183;257;285;251;259;295
1008.0;183;257;285;251;259;295
1014.0;182;256;286;252;260;294
1020.0;179;256;287;254;260;294
1026.0;179;256;287;254;261;293
1032.0;179;258;286;252;261;294
1038.0;179;258;285;254;260;294
1044.0;178;258;285;253;262;294
1050.0;178;258;286;252;262;294
1056.0;178;259;285;251;261;296
1062.0;179;258;286;252;260;295
1068.0;177;259;286;252;259;297
1074.0;177;259;286;252;258;298
1080.0;178;259;286;251;259;297
1086.0;178;260;285;252;259;296
1092.0;178;260;286;252;260;294
1098.0;178;258;288;254;258;294
1104.0;178;258;287;253;259;295
1110.0;178;258;286;253;259;296
1116.0;177;259;286;253;260;295
1122.0;176;259;286;254;261;294
1128.0;177;258;288;255;259;293
1134.0;177;258;287;254;261;293
1140.0;177;258;288;254;261;292
1146.0;177;258;288;255;260;292
1152.0;177;258;288;257;260;290
1158.0;178;258;287;257;260;290
1164.0;176;258;288;258;260;290
1170.0;176;258;288;258;260;290
1176.0;179;260;287;256;258;290
1182.0;180;259;286;256;258;291
1188.0;180;259;288;256;257;290
1194.0;179;259;288;256;258;290
1200.0;178;260;287;256;258;291
1206.0;178;259;287;255;257;294
1212.0;178;258;288;255;257;294
1218.0;177;259;288;257;256;293
1224.0;177;260;289;256;256;292
1230.0;177;260;288;256;257;292
1236.0;174;260;288;257;257;294
1242.0;173;261;287;256;257;296
1248.0;173;260;288;256;258;295
1254.0;172;260;287;257;259;295
1260.0;172;259;288;257;259;295
1266.0;171;259;290;259;256;295
1272.0;168;260;290;261;256;295
1278.0;169;259;290;261;256;295
1284.0;170;259;291;260;256;294
1290.0;171;260;292;258;257;292
1296.0;170;260;291;260;256;293
1302.0;171;259;292;258;257;293
1308.0;171;261;294;255;257;292
1314.0;172;262;295;253;258;290
1320.0;171;261;296;253;258;291
1326.0;171;261;295;253;257;293
1332.0;170;261;295;252;259;293
1338.0;170;262;294;252;259;293
1344.0;170;261;295;252;260;292
1350.0;168;262;296;251;261;292
1356.0;166;264;295;251;262;292
1362.0;165;265;295;250;263;292
1368.0;164;267;296;248;264;291
1374.0;165;268;297;247;261;292
1380.0;165;268;298;247;260;292
1386.0;165;268;298;247;259;293
1392.0;164;269;300;246;258;293
1398.0;164;270;299;245;258;294
1404.0;163;270;299;244;258;296
1410.0;162;271;300;244;257;296
1416.0;163;270;300;244;257;296
1422.0;161;269;302;245;258;295
1428.0;158;270;302;247;258;295
1434.0;159;272;300;249;257;293
1440.0;160;271;301;249;256;293
1446.0;161;273;299;248;255;294
1452.0;161;273;299;248;256;293
1458.0;161;270;301;246;258;294
1464.0;162;270;302;246;258;292
1470.0;161;271;301;246;258;293
1476.0;162;271;301;246;257;293
1482.0;160;270;302;247;257;294
1488.0;160;267;303;249;255;296
1494.0;160;266;302;250;256;296
1500.0;159;265;303;250;255;298
1506.0;159;267;303;249;255;297
1512.0;160;269;302;249;255;295
1518.0;160;269;302;249;255;295
1524.0;159;269;301;248;257;296
1530.0;159;269;302;247;257;296
1536.0;159;269;302;246;257;297
1542.0;160;269;301;246;257;297
1548.0;161;270;301;245;256;297
1554.0;161;269;302;243;256;299
1560.0;163;268;301;243;255;300
1566.0;165;266;302;243;256;298
1572.0;166;265;301;244;254;300
1578.0;167;265;302;244;251;301
1584.0;165;266;302;245;251;301
1590.0;164;265;302;247;251;301
1596.0;163;264;302;250;250;301
1602.0;163;265;304;249;251;298
1608.0;162;265;303;249;253;298
1614.0;162;264;302;249;254;299
1620.0;162;264;300;248;256;300
1626.0;162;265;302;247;258;296
1632.0;163;265;301;246;257;298
1638.0;163;266;300;245;258;298
1644.0;162;266;300;245;256;301
1650.0;162;263;301;246;256;302
1656.0;161;262;300;246;258;303
1662.0;159;262;300;246;258;305
1668.0;158;262;300;246;259;305
1674.0;161;263;299;245;258;304
1680.0;162;262;299;244;260;303
1686.0;160;262;300;244;259;305
1692.0;158;264;301;243;260;304
1698.0;157;264;303;242;260;304
1704.0;158;265;303;242;258;304
1710.0;158;264;301;243;259;305
1716.0;157;262;300;245;260;306
1722.0;156;261;301;246;261;305
1728.0;156;261;301;245;262;305
1734.0;155;261;302;245;263;304
1740.0;154;262;301;245;263;305
1746.0;154;262;301;244;263;306
1752.0;154;262;302;245;262;305
1758.0;155;262;302;244;262;305
1764.0;155;263;303;243;264;302
1770.0;155;263;302;243;264;303
1776.0;155;263;301;242;264;305
1782.0;154;266;301;241;264;304
1788.0;153;265;300;241;266;305
1794.0;153;265;301;241;266;304
1800.0;155;266;300;239;267;303
1806.0;152;268;301;240;266;303
1812.0;153;268;301;240;265;303
1818.0;152;269;303;239;266;301
1824.0;151;267;302;240;268;302
1830.0;152;266;301;240;268;303
1836.0;152;265;302;239;268;304
1842.0;151;266;304;238;269;302
1848.0;150;266;304;239;270;301
1854.0;150;266;303;240;270;301
1860.0;150;267;300;241;270;302
1866.0;150;267;299;242;270;302
1872.0;150;266;299;241;272;302
1878.0;149;267;299;241;272;302
1884.0;150;268;300;239;272;301
1890.0;149;269;300;238;272;302
1896.0;149;268;299;240;273;301
1902.0;149;268;300;240;273;300
1908.0;149;268;301;239;273;300
1914.0;150;268;298;241;275;298
1920.0;151;267;301;240;274;297
1926.0;152;268;303;240;273;294
1932.0;153;266;303;242;272;294
1938.0;154;265;303;241;273;294
1944.0;154;267;302;241;273;293
1950.0;152;267;302;241;274;294
1956.0;152;266;302;241;274;295
1962.0;152;268;302;241;274;293
1968.0;152;270;301;241;273;293
1974.0;155;269;299;240;273;294
1980.0;155;270;297;240;273;295
1986.0;155;270;295;239;275;296
1992.0;155;271;295;238;274;297
1998.0;155;271;295;238;273;298
2004.0;157;269;295;238;274;297
2010.0;155;270;297;237;277;294
2016.0;155;272;297;235;279;292
2022.0;154;272;296;236;280;292
2028.0;154;271;296;235;281;293
2034.0;154;271;296;235;282;292
2040.0;153;269;296;236;281;295
2046.0;153;270;296;235;281;295
2052.0;152;271;296;234;281;296
2058.0;153;270;296;234;282;295
2064.0;153;271;295;234;282;295
2070.0;153;271;295;233;282;296
2076.0;153;273;298;230;281;295
2082.0;154;273;298;229;282;294
2088.0;153;275;297;229;281;295
2094.0;156;274;296;229;280;295
2100.0;154;274;297;230;281;294
2106.0;157;275;296;230;281;291
2112.0;159;277;293;228;280;293
2118.0;161;277;292;227;279;294
2124.0;161;278;293;228;276;294
2130.0;160;279;294;227;277;293
2136.0;160;278;296;227;276;293
2142.0;162;279;293;228;276;292
2148.0;164;278;293;227;275;293
2154.0;163;277;292;227;278;293
2160.0;162;276;292;228;279;293
2166.0;162;276;292;228;279;293
2172.0;163;275;290;230;279;293
2178.0;163;274;289;230;280;294
2184.0;163;276;286;231;281;293
2190.0;163;275;286;230;282;294
2196.0;163;276;286;230;281;294
2202.0;162;276;284;230;283;295
2208.0;162;277;284;231;282;294
2214.0;161;278;284;231;282;294
2220.0;160;278;283;232;283;294
2226.0;161;278;282;232;283;294
2232.0;160;279;283;230;285;293
2238.0;160;279;284;227;286;294
2244.0;161;279;286;225;285;294
2250.0;160;279;286;223;286;296
2256.0;161;278;285;224;285;297
2262.0;160;278;283;226;287;296
2268.0;160;277;282;226;287;298
2274.0;159;278;281;225;288;299
2280.0;160;279;281;225;286;299
2286.0;161;278;281;226;286;298
2292.0;162;277;281;225;286;299
2298.0;164;277;280;225;285;299
2304.0;164;279;278;225;285;299
2310.0;164;280;277;225;284;300
2316.0;164;278;276;226;285;301
2322.0;165;278;276;226;285;300
2328.0;165;278;276;226;285;300
2334.0;164;279;275;227;284;301
2340.0;163;280;276;226;284;301
2346.0;163;279;276;226;284;302
2352.0;162;281;277;226;283;301
2358.0;160;281;276;226;286;301
2364.0;157;283;276;226;287;301
2370.0;155;283;277;226;287;302
2376.0;156;283;277;226;286;302
2382.0;155;284;278;225;285;303
2388.0;155;284;280;224;284;303
2394.0;155;283;281;224;284;303
2400.0;154;283;282;223;284;304
2406.0;155;280;285;221;284;305
2412.0;157;279;284;221;284;305
2418.0;156;279;284;221;284;306
2424.0;156;279;284;222;283;306
2430.0;155;281;282;221;284;307
2436.0;155;282;283;220;285;305
2442.0;155;282;282;223;284;304
2448.0;155;283;281;223;284;304
2454.0;156;283;282;223;281;305
2460.0;155;282;282;223;282;306
2466.0;155;281;283;223;282;306
2472.0;154;282;283;223;283;305
2478.0;152;284;283;223;285;303
2484.0;153;281;284;222;287;303
2490.0;154;277;287;222;288;302
2496.0;155;277;287;222;288;301
2502.0;156;276;287;223;286;302
2508.0;155;276;287;222;286;304
2514.0;153;276;286;222;288;305
2520.0;153;276;286;221;288;306
2526.0;153;277;286;222;288;304
2532.0;153;279;284;222;290;302
2538.0;155;278;283;220;290;304
2544.0;155;279;282;220;290;304
2550.0;154;280;283;218;290;305
2556.0;153;281;283;220;289;304
2562.0;153;281;283;219;290;304
2568.0;153;282;282;219;288;306
2574.0;153;281;282;220;288;306
2580.0;153;282;283;219;288;305
2586.0;152;282;284;220;288;304
2592.0;151;284;283;219;289;304
2598.0;151;286;282;221;288;302
2604.0;147;287;283;222;288;303
2610.0;147;287;283;221;289;303
2616.0;148;287;283;220;289;303
2622.0;147;287;283;220;289;304
2628.0;147;286;283;220;289;305
2634.0;148;286;284;220;289;303
2640.0;148;284;282;220;292;304
2646.0;147;286;278;220;294;305
2652.0;143;288;278;220;298;303
2658.0;144;287;277;220;297;305
2664.0;145;286;277;219;297;306
2670.0;146;286;276;220;295;307
2676.0;146;286;279;219;295;305
2682.0;145;286;279;219;295;306
2688.0;146;286;278;221;292;307
2694.0;147;285;278;220;293;307
2700.0;147;287;278;218;293;307
2706.0;147;285;279;219;294;306
2712.0;146;286;280;218;294;306
2718.0;144;287;279;218;294;308
2724.0;145;286;278;217;294;310
2730.0;144;284;279;216;294;313
2736.0;145;284;281;215;293;312
2742.0;143;283;284;214;295;311
2748.0;143;283;283;214;295;312
2754.0;143;283;283;213;295;313
2760.0;141;283;284;214;295;313
2766.0;141;284;282;213;295;315
2772.0;142;283;282;213;295;315
2778.0;142;283;281;211;296;317
2784.0;143;282;281;211;296;317
2790.0;143;283;282;210;295;317
2796.0;142;282;283;212;294;317
2802.0;142;282;283;212;294;317
2808.0;144;280;282;212;294;318
2814.0;144;280;284;213;292;317
2820.0;144;280;283;214;292;317
2826.0;145;281;282;214;291;317
2832.0;143;282;282;215;291;317
2838.0;143;281;282;217;291;316
2844.0;142;280;283;219;290;316
2850.0;142;279;283;218;290;318
2856.0;144;278;281;219;290;318
2862.0;144;279;282;219;287;319
2868.0;142;277;283;221;288;319
2874.0;143;278;282;221;288;318
2880.0;144;277;283;220;288;318
2886.0;144;276;282;221;289;318
2892.0;145;276;282;220;289;318
2898.0;144;276;282;220;289;319
2904.0;144;276;282;220;289;319
2910.0;144;275;280;221;290;320
2916.0;146;274;280;222;290;318
2922.0;146;273;280;224;289;318
2928.0;145;273;280;223;291;318
2934.0;144;272;281;222;291;320
2940.0;142;273;281;221;293;320
2946.0;142;273;281;220;293;321
2952.0;143;273;282;220;292;320
2958.0;143;272;283;220;292;320
2964.0;143;272;282;221;292;320
2970.0;144;272;283;221;291;319
2976.0;143;273;283;221;291;319
2982.0;141;273;283;222;293;318
2988.0;143;273;282;221;293;318
2994.0;143;274;282;218;293;320
3000.0;143;274;283;218;292;320
3006.0;144;272;285;218;292;319
3012.0;143;272;287;218;293;317
3018.0;144;271;288;217;294;316
3024.0;143;268;287;218;300;314
3030.0;143;268;288;219;298;314
3036.0;142;269;288;219;298;314
3042.0;141;269;290;219;297;314
3048.0;143;266;291;217;298;315
3054.0;144;267;292;217;296;314
3060.0;145;267;290;216;297;315
3066.0;147;268;287;215;299;314
3072.0;147;267;288;215;300;313
3078.0;147;268;288;214;300;313
3084.0;148;267;288;215;299;313
3090.0;145;267;287;218;300;313
3096.0;145;266;287;218;301;313
3102.0;146;266;286;217;301;314
3108.0;144;265;288;218;301;314
3114.0;143;266;287;217;301;316
3120.0;143;266;287;218;300;316
3126.0;143;267;287;218;297;318
3132.0;142;267;288;216;297;320
3138.0;141;269;288;216;298;318
3144.0;144;268;285;217;297;319
3150.0;144;269;285;216;298;318
3156.0;145;271;284;215;298;317
3162.0;147;270;283;215;297;318
3168.0;148;271;283;214;297;317
3174.0;149;270;281;215;297;318
3180.0;149;270;282;216;297;316
3186.0;146;271;283;216;298;316
3192.0;146;272;284;216;298;314
3198.0;144;272;286;216;298;314
3204.0;143;272;288;214;298;315
3210.0;143;271;288;216;298;314
3216.0;143;272;286;216;297;316
3222.0;141;273;286;215;299;316
3228.0;141;272;287;214;299;317
3234.0;142;270;289;214;299;316
3240.0;141;270;291;214;298;316
3246.0;141;268;293;213;299;316
3252.0;141;269;293;214;298;315
3258.0;142;267;297;212;298;314
3264.0;142;268;298;212;298;312
3270.0;141;267;298;212;301;311
3276.0;141;267;298;211;303;310
3282.0;142;268;298;209;303;310
3288.0;142;267;300;209;302;310
3294.0;141;267;300;209;302;311
3300.0;143;265;299;209;303;311
3306.0;144;267;299;210;301;309
3312.0;142;267;300;210;303;308
3318.0;141;268;299;211;303;308
3324.0;140;268;301;212;302;307
3330.0;140;267;302;212;302;307
3336.0;141;268;303;210;301;307
3342.0;140;269;303;209;301;308
3348.0;140;268;303;209;302;308
3354.0;139;269;303;210;301;308
3360.0;138;268;303;212;303;306
3366.0;138;269;302;212;302;307
3372.0;140;268;304;211;300;307
3378.0;139;269;304;211;298;309
3384.0;141;268;304;211;298;308
3390.0;142;267;304;211;298;308
3396.0;141;266;304;211;300;308
3402.0;142;265;304;211;299;309
3408.0;143;263;304;210;301;309
3414.0;144;262;304;210;301;309
3420.0;144;262;304;208;302;310
3426.0;144;262;305;206;303;310
3432.0;143;264;305;206;303;309
3438.0;143;262;303;207;305;310
3444.0;144;261;302;207;306;310
3450.0;142;260;303;208;307;310
3456.0;140;261;303;209;305;312
3462.0;140;261;304;209;304;312
3468.0;140;262;304;208;304;312
3474.0;139;263;306;206;306;310
3480.0;138;265;306;206;306;309
3486.0;138;265;304;205;307;311
3492.0;136;267;304;205;307;311
3498.0;135;265;306;204;308;312
3504.0;136;266;308;204;306;310
3510.0;135;265;309;204;307;310
3516.0;134;265;309;205;307;310
3522.0;133;265;309;206;308;309
3528.0;133;265;308;207;307;310
3534.0;132;264;307;208;308;311
3540.0;132;263;308;208;308;311
3546.0;132;262;308;208;309;311
3552.0;129;261;307;209;313;311
3558.0;130;261;308;208;312;311
3564.0;128;261;308;208;313;312
3570.0;129;261;307;208;313;312
3576.0;131;263;308;205;313;310
3582.0;131;263;308;205;314;309
3588.0;130;263;310;204;313;310
3594.0;130;263;309;204;314;310
3600.0;130;263;309;204;314;310
3606.0;131;262;309;203;316;309
3612.0;131;262;309;203;316;309
3618.0;131;261;309;203;316;310
3624.0;133;261;308;202;316;310
3630.0;133;261;308;202;316;310
3636.0;132;261;309;202;317;309
3642.0;132;260;309;204;316;309
3648.0;133;260;309;205;314;309
3654.0;132;260;309;205;314;310
3660.0;133;259;310;207;312;309
3666.0;133;259;310;208;313;307
3672.0;133;257;310;210;312;308
3678.0;134;254;310;210;313;309
3684.0;136;253;309;211;312;309
3690.0;136;255;308;213;310;308
3696.0;136;253;309;214;310;308
3702.0;137;254;308;214;309;308
3708.0;137;254;309;213;307;310
3714.0;135;255;309;212;307;312
3720.0;133;256;308;214;307;312
3726.0;132;256;307;214;308;313
3732.0;135;255;308;214;306;312
3738.0;135;254;309;213;308;311
3744.0;135;254;309;213;308;311
3750.0;134;254;309;213;309;311
3756.0;133;254;310;213;309;311
3762.0;133;254;311;214;307;311
3768.0;134;253;311;214;307;311
3774.0;134;251;313;214;307;311
3780.0;134;252;313;213;308;310
3786.0;134;251;314;212;309;310
3792.0;134;250;313;212;309;312
3798.0;135;251;312;211;309;312
3804.0;135;252;312;211;308;312
3810.0;134;253;310;212;309;312
3816.0;135;253;309;212;310;311
3822.0;135;252;309;214;310;310
3828.0;136;252;308;214;309;311
3834.0;137;252;307;213;308;313
3840.0;139;252;307;212;306;314
3846.0;139;254;306;212;305;314
3852.0;140;254;306;212;304;314
3858.0;142;254;306;212;303;313
3864.0;143;253;306;211;305;312
3870.0;141;252;306;211;308;312
3876.0;141;253;305;210;307;314
3882.0;141;252;306;210;307;314
3888.0;139;252;307;211;307;314
3894.0;141;251;306;209;310;313
3900.0;144;250;307;209;309;311
3906.0;144;250;307;210;311;308
3912.0;143;249;308;211;311;308
3918.0;144;248;310;209;312;307
3924.0;145;247;309;208;313;308
3930.0;145;247;309;208;313;308
3936.0;143;247;310;209;313;308
3942.0;143;247;310;208;313;309
3948.0;145;246;308;209;313;309
3954.0;145;243;309;210;313;310
3960.0;145;241;310;209;313;312
3966.0;146;241;310;209;314;310
3972.0;147;241;310;209;314;309
3978.0;147;242;309;208;315;309
3984.0;148;242;309;207;312;312
3990.0;150;241;306;208;313;312
3996.0;150;243;305;208;312;312
4002.0;150;243;306;208;311;312
4008.0;150;242;305;209;311;313
4014.0;148;243;304;211;311;313
4020.0;153;242;305;209;310;311
4026.0;155;241;306;209;308;311
4032.0;154;239;306;213;308;310
4038.0;155;238;307;212;308;310
4044.0;154;237;308;212;310;309
4050.0;155;237;308;212;309;309
4056.0;156;240;307;211;308;308
4062.0;156;239;306;212;308;309
4068.0;155;243;304;212;305;311
4074.0;154;243;304;214;305;310
4080.0;154;240;307;213;307;309
4086.0;152;240;307;216;306;309
4092.0;151;240;305;216;306;312
4098.0;152;241;304;216;306;311
4104.0;151;239;305;218;305;312
4110.0;152;239;303;217;306;313
4116.0;153;240;302;217;306;312
4122.0;153;240;304;215;305;313
4128.0;154;240;302;215;305;314
4134.0;154;240;301;216;304;315
4140.0;151;240;303;216;305;315
4146.0;151;241;304;215;305;314
4152.0;150;241;302;215;307;315
4158.0;148;243;301;215;308;315
4164.0;148;243;301;214;307;317
4170.0;147;243;300;214;308;318
4176.0;146;243;300;215;307;319
4182.0;146;242;300;216;307;319
4188.0;144;240;299;219;307;321
4194.0;143;240;299;219;307;322
4200.0;144;237;300;219;308;322
4206.0;145;237;301;218;308;321
4212.0;145;236;301;219;308;321
4218.0;145;234;301;220;309;321
4224.0;145;234;303;219;308;321
4230.0;146;233;304;218;307;322
4236.0;148;233;304;217;307;321
4242.0;147;233;306;217;307;320
4248.0;148;230;305;217;308;322
4254.0;147;230;305;216;308;324
4260.0;144;231;306;217;310;322
4266.0;144;231;305;218;311;321
4272.0;143;232;305;219;310;321
4278.0;144;232;306;218;309;321
4284.0;143;233;306;216;309;323
4290.0;143;235;304;215;308;325
4296.0;142;235;305;216;308;324
4302.0;143;236;305;215;307;324
4308.0;142;238;304;215;308;323
4314.0;141;239;304;214;308;324
4320.0;141;239;304;214;307;325
4326.0;141;240;302;214;307;326
4332.0;141;241;302;214;306;326
4338.0;139;240;303;215;307;326
4344.0;140;240;304;214;306;326
4350.0;139;240;305;212;307;327
4356.0;138;241;306;211;308;326
4362.0;140;241;306;211;307;325
4368.0;141;241;306;211;305;326
4374.0;140;241;307;210;304;328
4380.0;140;242;306;211;303;328
4386.0;140;241;305;213;304;327
4392.0;141;238;306;214;305;326
4398.0;140;241;304;214;306;325
4404.0;139;242;305;213;307;324
4410.0;140;243;306;212;305;324
4416.0;139;242;306;212;305;326
4422.0;139;243;306;212;304;326
4428.0;138;243;306;213;304;326
4434.0;138;241;306;212;306;327
4440.0;138;242;303;212;308;327
4446.0;138;243;302;212;307;328
4452.0;138;242;304;210;310;326
4458.0;138;242;304;210;310;326
4464.0;139;242;303;210;309;327
4470.0;139;242;305;209;307;328
4476.0;139;242;305;209;308;327
4482.0;139;240;307;209;308;327
4488.0;140;238;308;209;308;327
4494.0;140;236;308;210;308;328
4500.0;140;237;310;208;307;328
4506.0;140;236;310;209;308;327
4512.0;139;237;309;209;308;328
4518.0;139;236;308;210;308;329
4524.0;135;236;310;209;310;330
4530.0;134;237;310;209;309;331
4536.0;132;238;310;209;309;332
4542.0;132;240;309;209;310;330
4548.0;132;240;309;209;310;330
4554.0;132;239;308;209;313;329
4560.0;133;240;307;210;311;329
4566.0;133;239;308;210;311;329
4572.0;133;240;307;210;311;329
4578.0;135;238;307;209;311;330
4584.0;133;239;309;208;310;331
4590.0;134;239;308;207;310;332
4596.0;134;239;308;207;310;332
4602.0;134;240;308;208;308;332
4608.0;133;240;309;208;307;333
4614.0;133;241;310;207;308;331
4620.0;134;242;308;209;308;329
4626.0;135;242;308;208;309;328
4632.0;136;240;306;209;310;329
4638.0;136;241;304;211;309;329
4644.0;136;241;304;211;308;330
4650.0;136;243;304;210;307;330
4656.0;136;243;305;210;306;330
4662.0;137;243;307;210;305;328
4668.0;137;244;307;211;306;325
4674.0;137;244;307;211;305;326
4680.0;136;244;308;213;304;325
4686.0;136;245;308;212;304;325
4692.0;134;246;306;215;306;323
4698.0;133;248;306;215;306;322
4704.0;132;250;304;215;307;322
4710.0;132;248;306;214;308;322
4716.0;132;248;305;214;308;323
4722.0;131;250;305;214;309;321
4728.0;132;249;305;214;309;321
4734.0;130;248;305;215;311;321
4740.0;130;248;303;215;312;322
4746.0;131;249;302;214;312;322
4752.0;129;247;303;215;313;323
4758.0;130;248;303;214;313;322
4764.0;128;249;302;214;314;323
4770.0;127;249;302;214;315;323
4776.0;127;251;300;214;315;323
4782.0;128;250;301;213;315;323
4788.0;129;249;301;215;315;321
4794.0;129;251;301;216;314;319
4800.0;128;251;301;217;313;320
4806.0;129;250;300;218;314;319
4812.0;127;252;301;218;314;318
4818.0;126;251;303;218;317;315
4824.0;126;250;303;218;318;315
4830.0;125;249;303;220;318;315
4836.0;126;247;303;220;319;315
4842.0;124;246;305;220;320;315
4848.0;124;247;307;219;320;313
4854.0;124;247;307;218;320;314
4860.0;124;247;307;217;321;314
4866.0;123;248;306;218;320;315
4872.0;123;248;306;219;319;315
4878.0;123;249;306;218;319;315
4884.0;123;247;306;218;320;316
4890.0;120;247;306;219;321;317
4896.0;122;244;307;219;322;316
4902.0;121;244;307;219;323;316
4908.0;121;241;307;220;325;316
4914.0;122;242;307;221;323;315
4920.0;122;243;305;220;324;316
4926.0;122;242;306;220;323;317
4932.0;122;240;306;221;323;318
4938.0;123;239;308;221;321;318
4944.0;125;237;308;221;323;316
4950.0;126;237;307;221;323;316
4956.0;127;236;308;219;323;317
4962.0;125;238;308;221;321;317
4968.0;126;238;308;222;321;315
4974.0;127;236;313;220;319;315
4980.0;127;237;314;221;315;316
4986.0;128;236;313;219;316;318
4992.0;129;237;314;218;314;318
4998.0;130;237;314;216;315;318
5004.0;129;238;314;216;315;318
5010.0;128;237;315;219;315;316
5016.0;129;238;313;218;316;316
5022.0;131;235;309;221;317;317
5028.0;130;236;310;222;316;316
5034.0;130;235;311;222;316;316
5040.0;130;234;311;223;316;316
5046.0;131;233;310;225;316;315
5052.0;131;232;311;225;316;315
5058.0;131;232;311;225;316;315
5064.0;131;234;309;224;316;316
5070.0;130;233;309;224;317;317
5076.0;131;233;311;224;317;314
5082.0;130;233;311;224;318;314
5088.0;129;232;311;225;320;313
5094.0;130;233;308;224;321;314
5100.0;130;233;310;223;321;313
5106.0;132;232;309;223;321;313
5112.0;131;234;309;222;320;314
5118.0;131;236;307;222;320;314
5124.0;133;234;308;222;320;313
5130.0;133;234;307;222;321;313
5136.0;134;233;307;222;321;313
5142.0;135;232;308;221;321;313
5148.0;135;232;308;220;322;313
5154.0;132;236;306;220;323;313
5160.0;131;238;306;220;322;313
5166.0;128;237;308;222;321;314
5172.0;127;237;308;222;321;315
5178.0;126;236;308;222;322;316
5184.0;126;235;308;222;321;318
5190.0;125;235;308;222;320;320
5196.0;125;235;307;221;322;320
5202.0;125;236;307;222;321;319
5208.0;124;236;307;222;320;321
5214.0;124;234;309;224;318;321
5220.0;123;235;309;224;318;321
5226.0;124;235;308;223;319;321
5232.0;124;235;307;223;320;321
5238.0;123;236;307;224;319;321
5244.0;123;237;306;225;319;320
5250.0;122;237;306;225;320;320
5256.0;123;237;306;225;320;319
5262.0;123;238;306;225;320;318
5268.0;121;236;306;225;324;318
5274.0;122;237;306;225;323;317
5280.0;122;237;308;225;323;315
5286.0;123;234;309;226;324;314
5292.0;126;232;309;225;323;315
5298.0;126;233;308;225;323;315
5304.0;125;233;309;226;323;314
5310.0;126;232;307;224;323;318
5316.0;126;232;305;226;324;317
5322.0;125;232;305;226;325;317
5328.0;124;230;306;226;325;319
5334.0;124;231;306;224;326;319
5340.0;125;231;306;223;326;319
5346.0;124;231;306;224;326;319
5352.0;125;230;307;225;326;317
5358.0;126;230;308;226;325;315
5364.0;128;230;309;225;323;315
5370.0;128;231;310;225;322;314
5376.0;128;232;309;225;322;314
5382.0;128;233;309;224;322;314
5388.0;128;233;309;223;323;314
5394.0;126;234;312;223;323;312
5400.0;126;235;311;221;326;311
5406.0;127;235;311;220;326;311
5412.0;126;236;311;219;328;310
5418.0;125;238;310;219;328;310
5424.0;125;238;311;219;327;310
5430.0;123;237;310;221;328;311
5436.0;125;237;310;223;325;310
5442.0;127;234;309;224;325;311
5448.0;128;233;306;228;325;310
5454.0;129;234;305;226;325;311
5460.0;129;232;305;227;326;311
5466.0;131;234;302;227;325;311
5472.0;131;234;302;227;324;312
5478.0;131;235;303;225;323;313
5484.0;130;233;305;225;324;313
5490.0;130;232;304;224;325;315
5496.0;131;233;303;225;324;314
5502.0;130;233;305;224;324;314
5508.0;129;232;306;223;324;316
5514.0;129;232;307;224;324;314
5520.0;129;231;307;223;326;314
5526.0;130;230;308;224;324;314
5532.0;128;231;308;225;324;314
5538.0;129;231;309;224;325;312
5544.0;130;232;308;223;325;312
5550.0;130;232;308;224;325;311
5556.0;132;229;309;227;325;308
5562.0;132;229;308;227;326;308
5568.0;135;228;307;227;325;308
5574.0;135;228;306;224;329;308
5580.0;134;227;308;225;328;308
5586.0;136;227;308;223;327;309
5592.0;133;228;309;224;327;309
5598.0;133;228;308;225;327;309
5604.0;133;228;308;225;327;309
5610.0;134;229;308;224;325;310
5616.0;134;227;309;223;326;311
5622.0;132;225;312;223;326;312
5628.0;133;226;312;223;324;312
5634.0;132;227;312;225;323;311
5640.0;133;226;314;223;324;310
5646.0;131;226;316;222;325;310
5652.0;130;227;316;223;324;310
5658.0;131;224;316;224;325;310
5664.0;131;224;316;223;326;310
5670.0;131;224;316;224;325;310
5676.0;131;225;315;224;326;309
5682.0;130;225;316;224;326;309
5688.0;130;225;317;223;325;310
5694.0;131;224;317;223;323;312
5700.0;129;225;318;223;323;312
5706.0;127;225;318;223;323;314
5712.0;126;226;319;222;324;313
5718.0;125;226;319;221;324;315
5724.0;124;224;322;221;325;314
5730.0;124;223;323;219;325;316
5736.0;124;223;322;219;326;316
5742.0;125;223;321;218;326;317
5748.0;125;223;321;218;326;317
5754.0;125;223;321;218;326;317
5760.0;124;223;322;218;326;317
5766.0;123;223;320;219;326;319
5772.0;124;223;319;219;325;320
5778.0;124;222;318;222;325;319
5784.0;123;225;320;218;325;319
5790.0;123;223;320;222;325;317
5796.0;123;223;320;221;326;317
5802.0;122;224;320;223;324;317
5808.0;123;225;318;223;323;318
5814.0;123;225;318;224;321;319
5820.0;122;225;319;223;321;320
5826.0;122;226;318;224;321;319
5832.0;122;227;319;223;321;318
5838.0;122;226;320;224;320;318
5844.0;122;225;319;225;320;319
5850.0;122;226;320;225;320;317
5856.0;122;226;320;225;320;317
5862.0;121;226;321;225;319;318
5868.0;118;225;322;227;319;319
5874.0;117;225;322;226;319;321
5880.0;120;223;321;228;319;319
5886.0;121;223;320;229;319;318
5892.0;121;221;321;229;320;318
5898.0;121;224;322;229;318;316
5904.0;122;224;321;229;318;316
5910.0;123;223;320;230;318;316
5916.0;123;223;320;229;319;316
5922.0;124;222;322;227;318;317
5928.0;124;220;322;227;319;318
5934.0;128;220;320;227;317;318
5940.0;127;222;319;228;317;317
5946.0;127;221;318;228;318;318
5952.0;128;221;319;227;319;316
5958.0;127;220;318;229;319;317
5964.0;128;220;318;229;318;317
5970.0;127;219;320;227;320;317
5976.0;127;219;322;228;318;316
5982.0;127;219;322;228;318;316
5988.0;128;214;324;230;317;317
5994.0;127;214;323;232;315;319
6000.0;127;214;322;232;316;319
6006.0;127;215;322;232;316;318
6012.0;128;216;324;229;315;318
6018.0;128;217;325;229;313;318
6024.0;128;218;324;228;312;320
6030.0;130;217;321;229;313;320
6036.0;130;216;322;228;314;320
6042.0;129;218;320;229;313;321
6048.0;129;217;320;230;313;321
6054.0;128;221;321;231;310;319
6060.0;129;222;321;231;310;317
6066.0;129;222;320;232;309;318
6072.0;129;223;320;231;309;318
6078.0;126;226;321;229;308;320
6084.0;127;228;320;228;307;320
6090.0;128;230;319;227;306;320
6096.0;127;230;318;229;305;321
6102.0;126;231;319;228;305;321
6108.0;126;229;318;228;306;323
6114.0;126;229;319;227;306;323
6120.0;124;230;321;226;304;325
6126.0;124;230;321;226;303;326
6132.0;124;231;320;227;303;325
6138.0;125;231;321;226;303;324
6144.0;126;230;321;227;302;324
6150.0;126;228;324;227;301;324
6156.0;126;228;325;226;302;323
6162.0;125;228;323;226;304;324
6168.0;125;228;323;226;304;324
6174.0;124;229;323;227;303;324
6180.0;124;229;325;226;303;323
6186.0;123;229;322;230;303;323
6192.0;121;230;321;231;304;323
6198.0;121;231;321;230;305;322
6204.0;122;231;320;231;303;323
6210.0;122;233;319;230;302;324
6216.0;122;232;318;230;302;326
6222.0;121;233;318;230;301;327
6228.0;122;234;317;229;301;327
6234.0;122;235;319;227;301;326
6240.0;122;235;319;227;301;326
6246.0;123;235;320;225;301;326
6252.0;124;234;321;225;302;324
6258.0;125;232;325;224;302;322
6264.0;126;231;323;223;302;325
6270.0;127;230;322;223;302;326
6276.0;127;230;322;224;301;326
6282.0;127;231;322;221;302;327
6288.0;130;229;322;219;302;328
6294.0;128;229;321;220;302;330
6300.0;129;228;321;221;302;329
6306.0;130;227;320;223;302;328
6312.0;130;227;319;224;303;327
6318.0;130;224;319;224;304;329
6324.0;129;225;318;224;305;329
6330.0;128;225;318;224;303;332
6336.0;126;225;319;225;303;332
6342.0;126;223;322;226;302;331
6348.0;126;224;321;227;302;330
6354.0;125;225;322;225;302;331
6360.0;127;225;321;225;300;332
6366.0;127;226;321;225;299;332
6372.0;126;227;321;226;297;333
6378.0;127;228;321;224;296;334
6384.0;127;228;322;223;296;334
6390.0;127;228;322;224;295;334
6396.0;128;228;323;223;294;334
6402.0;128;227;323;222;294;336
6408.0;128;228;323;222;293;336
6414.0;127;229;322;222;294;336
6420.0;130;227;322;224;291;336
6426.0;129;226;325;223;291;336
6432.0;130;226;325;221;292;336
6438.0;130;227;324;221;291;337
6444.0;131;228;325;221;292;333
6450.0;129;227;325;221;294;334
6456.0;128;227;324;221;296;334
6462.0;129;225;323;222;296;335
6468.0;128;224;325;222;296;335
6474.0;129;225;323;222;296;335
6480.0;128;224;324;224;296;334
6486.0;128;223;324;224;297;334
6492.0;130;222;322;225;297;334
6498.0;129;220;321;225;299;336
6504.0;128;220;322;224;300;336
6510.0;127;220;322;224;300;337
6516.0;127;221;321;224;300;337
6522.0;130;220;318;225;301;336
6528.0;131;220;317;225;301;336
6534.0;131;219;317;227;300;336
6540.0;131;218;317;229;300;335
6546.0;130;217;317;230;301;335
6552.0;130;218;318;229;300;335
6558.0;131;216;319;230;300;334
6564.0;133;217;316;230;301;333
6570.0;135;216;315;229;301;334
6576.0;133;218;316;229;300;334
6582.0;134;218;315;229;301;333
6588.0;134;219;316;228;301;332
6594.0;133;218;315;228;302;334
6600.0;133;219;315;228;301;334
6606.0;133;219;315;228;301;334
6612.0;134;217;314;229;302;334
6618.0;134;218;315;228;300;335
6624.0;133;218;316;226;301;336
6630.0;133;218;315;226;302;336
6636.0;132;220;315;225;302;336
6642.0;132;221;316;223;302;336
6648.0;133;221;316;222;301;337
6654.0;131;220;317;221;303;338
6660.0;130;219;318;222;303;338
6666.0;131;217;320;222;303;337
6672.0;130;219;318;222;304;337
6678.0;132;220;315;221;305;337
6684.0;131;221;317;220;306;335
6690.0;132;220;316;221;307;334
6696.0;131;221;316;222;305;335
6702.0;132;221;315;223;304;335
6708.0;132;223;314;222;304;335
6714.0;131;223;313;222;305;336
6720.0;131;223;314;221;305;336
6726.0;131;224;312;221;305;337
6732.0;130;224;312;222;305;337
6738.0;129;225;312;224;303;337
6744.0;131;224;312;224;303;336
6750.0;130;223;310;225;305;337
6756.0;130;223;309;226;305;337
6762.0;132;222;310;225;303;338
6768.0;134;221;311;224;303;337
6774.0;135;221;313;221;305;335
6780.0;134;222;314;222;304;334
6786.0;133;222;314;223;305;333
6792.0;132;223;314;223;303;335
6798.0;128;223;316;223;304;336
6804.0;127;225;316;223;304;335
6810.0;127;226;318;224;302;333
6816.0;125;227;317;226;302;333
6822.0;124;229;317;224;305;331
6828.0;125;228;318;223;306;330
6834.0;125;228;316;226;304;331
6840.0;124;229;315;226;304;332
6846.0;125;228;315;226;304;332
6852.0;125;228;315;226;304;332
6858.0;126;226;314;229;304;331
6864.0;126;225;313;230;305;331
6870.0;125;224;311;233;305;332
6876.0;125;223;311;233;306;332
6882.0;124;224;312;234;306;330
6888.0;123;225;312;236;305;329
6894.0;123;225;312;235;305;330
6900.0;120;228;312;234;306;330
6906.0;119;229;313;233;306;330
6912.0;121;230;314;232;304;329
6918.0;122;229;313;232;305;329
6924.0;123;229;314;230;306;328
6930.0;125;228;314;231;304;328
6936.0;124;227;316;231;305;327
6942.0;125;227;316;229;305;328
6948.0;126;226;317;229;304;328
6954.0;126;226;317;230;304;327
6960.0;125;229;316;230;304;326
6966.0;125;231;316;229;303;326
6972.0;125;232;315;227;305;326
6978.0;124;231;315;227;305;328
6984.0;124;232;314;226;305;329
6990.0;121;232;315;227;306;329
6996.0;122;234;316;229;303;326
7002.0;123;233;317;228;303;326
7008.0;124;231;317;229;304;325
7014.0;124;231;317;230;304;324
7020.0;122;229;317;232;304;326
7026.0;121;230;317;232;303;327
7032.0;121;229;317;231;304;328
7038.0;122;229;317;232;303;327
7044.0;121;229;317;233;303;327
7050.0;122;230;316;232;304;326
7056.0;123;230;316;234;303;324
7062.0;123;231;316;234;303;323
7068.0;123;231;315;235;303;323
7074.0;125;231;315;234;302;323
7080.0;124;233;316;235;300;322
7086.0;126;233;315;235;299;322
7092.0;127;232;315;236;298;322
7098.0;126;233;315;237;295;324
7104.0;125;234;316;239;292;324
7110.0;125;235;316;239;290;325
7116.0;125;237;314;238;290;326
7122.0;126;237;315;238;289;325
7128.0;125;237;315;239;288;326
7134.0;125;237;317;238;289;324
7140.0;126;237;315;238;290;324
7146.0;125;236;313;239;291;326
7152.0;127;237;312;238;291;325
7158.0;128;236;311;238;291;326
7164.0;126;235;310;239;292;328
7170.0;128;235;311;236;293;327
7176.0;129;234;312;235;293;327
7182.0;131;233;312;235;292;327
7188.0;134;234;311;234;292;325
7194.0;136;231;311;234;291;327
7200.0;136;232;311;234;291;326
7206.0;136;234;309;231;292;328
7212.0;135;237;308;229;292;329
7218.0;135;238;309;229;291;328
7224.0;135;240;310;228;290;327
7230.0;135;241;311;228;289;326
7236.0;136;239;311;228;288;328
7242.0;137;237;311;228;288;329
7248.0;138;235;312;227;287;331
7254.0;140;233;313;227;287;330
7260.0;138;231;313;227;289;332
7266.0;138;230;313;226;290;333
7272.0;138;229;312;228;291;332
7278.0;140;229;312;227;290;332
7284.0;141;228;312;227;290;332
7290.0;141;228;311;228;290;332
7296.0;141;228;309;228;291;333
7302.0;139;228;309;228;291;335
7308.0;138;230;308;228;291;335
7314.0;138;231;308;226;292;335
7320.0;139;231;309;225;291;335
7326.0;138;231;310;225;291;335
7332.0;138;232;309;225;291;335
7338.0;138;232;309;225;291;335
7344.0;139;230;311;225;291;334
7350.0;139;230;311;225;291;334
7356.0;139;231;312;224;290;334
7362.0;140;232;312;224;289;333
7368.0;138;233;314;224;289;332
7374.0;139;230;316;223;290;332
7380.0;139;232;315;223;289;332
7386.0;138;232;313;225;290;332
7392.0;139;230;314;224;291;332
7398.0;140;229;314;222;291;334
7404.0;140;229;314;222;291;334
7410.0;141;228;315;222;292;332
7416.0;140;229;315;223;292;331
7422.0;139;230;317;224;292;328
7428.0;139;231;315;225;291;329
7434.0;139;232;315;224;292;328
7440.0;137;233;317;225;291;327
7446.0;137;232;315;225;292;329
7452.0;138;230;317;224;292;329
7458.0;137;231;317;224;292;329
7464.0;136;231;318;225;292;328
7470.0;136;232;318;225;292;327
7476.0;136;232;317;226;292;327
7482.0;137;232;316;226;292;327
7488.0;135;234;313;227;293;328
7494.0;136;234;312;227;293;328
7500.0;136;233;312;228;292;329
7506.0;136;235;311;228;290;330
7512.0;136;234;312;228;289;331
7518.0;137;234;311;228;289;331
7524.0;137;235;311;224;291;332
7530.0;137;235;311;225;289;333
7536.0;135;236;312;225;289;333
7542.0;134;236;314;224;289;333
7548.0;135;234;312;225;290;334
7554.0;135;234;311;223;292;335
7560.0;135;234;311;223;292;335
7566.0;136;232;312;223;292;335
7572.0;139;231;312;220;293;335
7578.0;139;232;312;220;291;336
7584.0;137;234;311;221;291;336
7590.0;135;233;310;223;290;339
7596.0;136;233;309;222;290;340
7602.0;136;232;310;221;290;341
7608.0;136;231;310;222;290;341
7614.0;134;233;310;221;291;341
7620.0;134;231;311;222;289;343
7626.0;134;231;312;221;289;343
7632.0;135;232;311;219;291;342
7638.0;136;232;308;220;291;343
7644.0;137;232;307;220;292;342
7650.0;137;232;305;222;292;342
7656.0;136;233;306;221;293;341
7662.0;138;233;305;221;292;341
7668.0;140;231;307;222;291;339
7674.0;143;231;306;221;290;339
7680.0;143;231;306;223;290;337
7686.0;143;231;307;222;290;337
7692.0;143;233;307;222;290;335
7698.0;143;233;308;221;290;335
7704.0;144;230;307;219;291;339
7710.0;143;230;308;220;290;339
7716.0;143;228;309;220;291;339
7722.0;143;230;309;219;290;339
7728.0;144;230;310;218;289;339
7734.0;143;230;310;219;289;339
7740.0;143;231;309;219;288;340
7746.0;145;232;307;217;288;341
7752.0;144;231;307;217;290;341
7758.0;145;231;308;218;290;338
7764.0;144;229;309;218;291;339
7770.0;145;229;310;218;290;338
7776.0;146;229;310;218;289;338
7782.0;145;227;310;219;288;341
7788.0;144;228;310;218;289;341
7794.0;145;230;309;217;289;340
7800.0;143;231;310;218;287;341
7806.0;142;230;310;218;287;343
7812.0;142;231;307;219;286;345
7818.0;141;229;309;218;287;346
7824.0;141;230;309;218;287;345
7830.0;141;229;310;217;287;346
7836.0;142;228;310;218;287;345
7842.0;143;229;310;219;286;343
7848.0;143;229;310;218;286;344
7854.0;142;229;309;220;286;344
7860.0;140;228;308;220;288;346
7866.0;141;228;308;220;287;346
7872.0;141;229;307;220;287;346
7878.0;141;228;307;220;289;345
7884.0;140;230;309;220;285;346
7890.0;141;232;308;219;286;344
7896.0;141;233;310;221;283;342
7902.0;140;233;311;222;283;341
7908.0;140;232;311;222;283;342
7914.0;138;233;311;222;284;342
7920.0;138;234;310;223;284;341
7926.0;139;232;310;225;285;339
7932.0;139;234;308;226;284;339
7938.0;140;233;311;225;285;336
7944.0;140;235;312;223;283;337
7950.0;141;235;313;222;283;336
7956.0;140;236;313;224;280;337
7962.0;139;235;316;225;280;335
7968.0;137;236;317;226;282;332
7974.0;137;237;318;227;281;330
7980.0;136;237;317;227;282;331
7986.0;136;238;317;227;282;330
7992.0;135;237;318;229;281;330
7998.0;134;234;318;231;284;329
8004.0;132;233;320;231;286;328
8010.0;131;232;320;231;287;329
8016.0;131;232;320;231;287;329
8022.0;131;232;321;232;286;328
8028.0;131;232;320;232;287;328
8034.0;131;234;319;230;287;329
8040.0;132;235;319;229;287;328
8046.0;132;236;318;228;288;328
8052.0;131;235;320;227;288;329
8058.0;129;236;321;228;288;328
8064.0;127;236;321;228;290;328
8070.0;128;234;323;227;292;326
8076.0;128;235;323;227;292;325
8082.0;130;235;322;228;292;323
8088.0;131;233;322;230;293;321
8094.0;130;234;320;232;293;321
8100.0;130;234;321;232;293;320
8106.0;132;232;320;234;291;321
8112.0;132;232;320;235;290;321
8118.0;133;232;319;235;290;321
8124.0;134;231;319;235;290;321
8130.0;136;230;320;233;289;322
8136.0;135;229;320;233;290;323
8142.0;135;230;319;233;291;322
8148.0;134;231;319;233;291;322
8154.0;134;231;319;235;290;321
8160.0;133;233;319;233;291;321
8166.0;133;234;320;233;288;322
8172.0;133;235;321;231;288;322
8178.0;133;235;321;230;288;323
8184.0;135;234;321;229;287;324
8190.0;134;233;320;231;288;324
8196.0;134;234;319;230;289;324
8202.0;133;232;319;232;291;323
8208.0;132;232;318;233;292;323
8214.0;130;233;317;233;292;325
8220.0;129;233;318;232;293;325
8226.0;129;232;318;232;293;326
8232.0;128;232;316;232;295;327
8238.0;131;230;319;230;294;326
8244.0;131;230;319;231;293;326
8250.0;135;231;317;231;292;324
8256.0;137;233;317;232;290;321
8262.0;136;232;316;234;290;322
8268.0;135;231;317;234;291;322
8274.0;132;230;318;234;292;324
8280.0;131;231;318;234;292;324
8286.0;131;232;318;234;293;322
8292.0;132;231;318;234;292;323
8298.0;133;232;318;233;291;323
8304.0;133;232;317;234;291;323
8310.0;132;232;317;234;291;324
8316.0;134;232;318;232;292;322
8322.0;133;232;316;233;293;323
8328.0;133;232;316;233;293;323
8334.0;132;230;316;233;293;326
8340.0;132;231;316;230;295;326
8346.0;131;231;317;231;295;325
8352.0;131;229;315;233;296;326
8358.0;129;227;316;233;297;328
8364.0;129;227;315;233;298;328
8370.0;130;228;315;233;296;328
8376.0;131;228;315;233;295;328
8382.0;131;229;315;232;295;328
8388.0;131;229;314;232;295;329
8394.0;129;230;314;232;295;330
8400.0;128;231;314;230;296;331
8406.0;129;230;313;232;295;331
8412.0;129;229;313;230;297;332
8418.0;129;229;313;230;297;332
8424.0;130;229;312;231;297;331
8430.0;130;229;313;230;296;332
8436.0;131;228;313;232;297;329
8442.0;131;228;314;232;297;328
8448.0;131;227;313;232;297;330
8454.0;131;225;312;232;302;328
8460.0;129;225;312;233;303;328
8466.0;129;225;311;232;304;329
8472.0;128;225;311;231;305;330
8478.0;127;225;313;232;303;330
8484.0;126;225;314;232;302;331
8490.0;128;224;313;234;301;330
8496.0;127;223;313;235;302;330
8502.0;126;225;313;234;302;330
8508.0;126;223;313;234;303;331
8514.0;125;224;314;233;303;331
8520.0;125;224;313;233;301;334
8526.0;124;226;312;233;301;334
8532.0;124;226;312;234;301;333
8538.0;123;224;313;237;301;332
8544.0;122;224;312;237;302;333
8550.0;122;224;312;236;303;333
8556.0;122;223;313;236;303;333
8562.0;121;224;313;236;303;333
8568.0;122;224;312;236;303;333
8574.0;122;222;313;235;304;334
8580.0;121;221;312;236;307;333
8586.0;122;221;312;235;307;333
8592.0;121;222;311;235;307;334
8598.0;121;223;310;235;307;334
8604.0;121;224;310;234;308;333
8610.0;121;223;310;234;310;332
8616.0;122;223;311;234;310;330
8622.0;124;223;311;234;310;328
8628.0;123;223;312;235;308;329
8634.0;120;224;314;236;306;330
8640.0;121;223;312;236;307;331
8646.0;122;222;312;236;307;331
8652.0;123;222;312;237;306;330
8658.0;123;223;310;237;305;332
8664.0;123;223;311;236;304;333
8670.0;122;224;311;236;305;332
8676.0;122;225;310;235;305;333
8682.0;124;224;312;232;307;331
8688.0;124;223;313;231;307;332
8694.0;127;221;311;232;307;332
8700.0;127;220;310;232;310;331
8706.0;126;220;310;231;312;331
8712.0;126;220;310;229;313;332
8718.0;125;220;311;228;313;333
8724.0;126;219;311;228;313;333
8730.0;122;219;312;230;313;334
8736.0;122;219;312;230;312;335
8742.0;119;220;311;232;313;335
8748.0;119;220;311;232;315;333
8754.0;118;220;311;234;317;330
8760.0;118;222;311;233;316;330
8766.0;118;221;311;237;315;328
8772.0;118;220;311;237;315;329
8778.0;118;221;310;239;314;328
8784.0;121;222;309;240;312;326
8790.0;121;223;308;239;314;325
8796.0;122;221;306;240;314;327
8802.0;122;221;306;240;314;327
8808.0;122;220;306;241;314;327
8814.0;122;221;306;240;315;326
8820.0;122;222;305;241;314;326
8826.0;120;223;306;241;313;327
8832.0;123;223;304;240;312;328
8838.0;124;224;303;240;311;328
8844.0;122;223;304;241;310;330
8850.0;124;224;304;238;309;331
8856.0;126;224;302;238;308;332
8862.0;127;222;303;237;309;332
8868.0;126;220;305;237;309;333
8874.0;126;219;306;239;308;332
8880.0;125;218;306;238;310;333
8886.0;125;216;305;239;312;333
8892.0;124;215;306;239;312;334
8898.0;123;215;306;239;313;334
8904.0;123;215;305;239;313;335
8910.0;123;215;306;238;313;335
8916.0;124;215;304;239;312;336
8922.0;125;215;303;238;312;337
8928.0;125;216;303;237;312;337
8934.0;125;214;305;236;313;337
8940.0;124;214;305;237;313;337
8946.0;124;215;305;237;312;337
8952.0;125;213;306;238;312;336
8958.0;125;213;307;235;312;338
8964.0;124;213;308;236;313;336
8970.0;124;214;309;236;312;335
8976.0;124;213;308;237;312;336
8982.0;125;214;307;235;313;336
8988.0;126;214;308;235;311;336
8994.0;126;214;309;235;311;335
9000.0;127;214;309;236;309;335
9006.0;128;214;309;237;309;333
9012.0;127;214;308;237;309;335
9018.0;126;213;309;236;311;335
9024.0;125;213;310;238;310;334
9030.0;125;212;310;238;312;333
9036.0;124;213;310;238;312;333
9042.0;122;214;310;240;312;332
9048.0;123;213;310;240;312;332
9054.0;121;214;309;239;315;332
9060.0;120;214;309;242;315;330
9066.0;122;213;309;241;315;330
9072.0;123;214;309;240;316;328
9078.0;123;215;309;238;316;329
9084.0;123;213;310;237;317;330
9090.0;121;211;313;238;317;330
9096.0;120;212;313;237;318;330
9102.0;121;213;313;235;317;331
9108.0;122;213;314;236;317;328
9114.0;121;214;316;235;316;328
9120.0;121;213;318;235;315;328
9126.0;121;213;318;235;314;329
9132.0;121;213;318;235;312;331
9138.0;121;213;317;237;311;331
9144.0;121;213;318;237;310;331
9150.0;122;212;320;237;308;331
9156.0;121;212;321;237;309;330
9162.0;120;212;321;236;310;331
9168.0;120;212;321;237;309;331
9174.0;120;212;321;235;310;332
9180.0;120;212;321;235;310;332
9186.0;119;212;322;235;312;330
9192.0;117;213;321;237;312;330
9198.0;118;215;320;237;311;329
9204.0;118;214;319;240;312;327
9210.0;117;214;319;240;312;328
9216.0;117;215;317;241;312;328
9222.0;117;214;317;241;312;329
9228.0;117;213;315;242;312;331
9234.0;118;212;314;242;312;332
9240.0;118;212;314;243;312;331
9246.0;117;212;314;244;312;331
9252.0;118;212;315;242;313;330
9258.0;118;211;315;242;314;330
9264.0;118;210;315;243;315;329
9270.0;118;209;315;243;315;330
9276.0;117;208;315;245;315;330
9282.0;114;207;316;247;316;330
9288.0;115;209;316;244;318;328
9294.0;114;211;315;244;317;329
9300.0;114;212;314;244;316;330
9306.0;114;213;313;243;316;331
9312.0;115;214;313;243;313;332
9318.0;116;213;313;244;313;331
9324.0;116;214;309;245;313;333
9330.0;118;214;308;245;311;334
9336.0;117;214;308;246;311;334
9342.0;117;214;309;247;311;332
9348.0;117;215;309;248;310;331
9354.0;118;213;312;246;309;332
9360.0;118;213;313;245;309;332
9366.0;119;212;312;245;310;332
9372.0;119;210;311;245;313;332
9378.0;117;210;313;246;312;332
9384.0;116;210;311;247;312;334
9390.0;115;210;310;249;313;333
9396.0;117;209;307;250;313;334
9402.0;117;209;307;253;312;332
9408.0;117;209;307;254;312;331
9414.0;118;210;307;253;312;330
9420.0;117;210;307;253;312;331
9426.0;116;211;307;253;312;331
9432.0;115;211;309;253;310;332
9438.0;115;210;308;254;310;333
9444.0;114;209;307;255;312;333
9450.0;114;209;307;255;312;333
9456.0;113;211;306;253;313;334
9462.0;113;211;307;253;313;333
9468.0;113;211;307;253;313;333
9474.0;113;211;308;252;313;333
9480.0;112;210;307;251;316;334
9486.0;111;209;307;251;317;335
9492.0;111;208;307;252;317;335
9498.0;111;207;307;254;317;334
9504.0;111;207;306;254;317;335
9510.0;111;207;307;253;316;336
9516.0;110;207;308;253;315;337
9522.0;109;207;309;252;315;338
9528.0;108;208;311;251;315;337
9534.0;109;207;310;253;317;334
9540.0;108;208;309;252;318;335
9546.0;111;206;309;254;315;335
9552.0;111;207;310;253;314;335
9558.0;112;207;308;254;313;336
9564.0;113;206;311;254;310;336
9570.0;112;206;314;252;312;334
9576.0;111;205;315;252;312;335
9582.0;112;205;314;250;313;336
9588.0;112;205;315;249;312;337
9594.0;112;207;314;249;312;336
9600.0;113;208;313;248;312;336
9606.0;115;208;311;248;312;336
9612.0;116;208;311;248;311;336
9618.0;116;208;312;247;312;335
9624.0;115;208;312;247;313;335
9630.0;116;208;312;245;313;336
9636.0;114;209;312;245;313;337
9642.0;116;209;312;244;311;338
9648.0;117;208;312;245;312;336
9654.0;116;210;313;244;312;335
9660.0;118;210;313;242;312;335
9666.0;117;210;315;242;313;333
9672.0;115;210;315;242;314;334
9678.0;113;210;315;242;314;336
9684.0;112;212;316;241;313;336
9690.0;109;212;316;240;315;338
9696.0;108;213;317;240;315;337
9702.0;109;213;317;241;313;337
9708.0;108;213;317;241;313;338
9714.0;109;214;316;240;313;338
9720.0;112;214;314;239;313;338
9726.0;112;212;315;241;314;336
9732.0;112;214;314;242;314;334
9738.0;114;214;314;241;314;333
9744.0;114;213;315;241;315;332
9750.0;114;214;314;242;315;331
9756.0;112;215;315;242;316;330
9762.0;113;214;315;244;316;328
9768.0;114;213;313;244;316;330
9774.0;114;210;313;247;315;331
9780.0;114;211;313;248;314;330
9786.0;115;212;314;246;313;330
9792.0;116;212;313;244;315;330
9798.0;116;212;313;244;316;329
9804.0;116;212;313;242;317;330
9810.0;116;214;313;242;315;330
9816.0;116;215;311;243;315;330
9822.0;119;214;311;243;315;328
9828.0;118;215;311;243;316;327
9834.0;118;215;312;243;317;325
9840.0;119;214;313;243;317;324
9846.0;119;213;313;243;318;324
9852.0;121;212;312;244;318;323
9858.0;124;211;312;240;318;325
9864.0;124;211;312;240;319;324
9870.0;125;211;313;240;317;324
9876.0;124;211;313;241;318;323
9882.0;126;210;312;241;320;321
9888.0;126;209;313;242;320;320
9894.0;126;209;314;240;320;321
9900.0;125;208;314;240;322;321
9906.0;125;209;314;241;323;318
9912.0;124;210;314;241;323;318
9918.0;122;210;313;241;323;321
9924.0;122;211;312;240;324;321
9930.0;123;213;311;239;324;320
9936.0;125;212;311;239;323;320
9942.0;126;212;310;240;323;319
9948.0;126;211;312;239;323;319
9954.0;127;212;312;237;323;319
9960.0;127;213;311;235;324;320
9966.0;128;213;311;234;323;321
9972.0;129;211;311;237;325;317
9978.0;130;211;310;236;325;318
9984.0;129;212;310;236;326;317
9990.0;128;212;312;234;325;319
9996.0;128;212;313;235;324;318
10002.0;129;213;313;236;322;317
10008.0;129;213;312;237;322;317
10014.0;130;212;312;237;323;316
10020.0;131;211;312;236;322;318
10026.0;131;212;311;236;322;318
10032.0;130;213;312;236;322;317
10038.0;128;212;310;236;322;322
10044.0;127;212;310;236;322;323
10050.0;129;212;310;235;322;322
10056.0;129;212;310;234;323;322
10062.0;130;211;307;236;323;323
10068.0;130;211;308;235;324;322
10074.0;130;214;309;233;322;322
10080.0;130;215;308;233;322;322
10086.0;130;213;308;236;322;321
10092.0;129;215;307;236;322;321
10098.0;128;215;307;237;323;320
10104.0;130;214;307;238;320;321
10110.0;128;214;307;239;320;322
10116.0;127;213;310;239;318;323
10122.0;127;213;311;239;318;322
10128.0;129;213;310;240;314;324
10134.0;129;213;312;239;313;324
10140.0;129;213;313;238;313;324
10146.0;130;213;314;237;311;325
10152.0;129;214;315;236;311;325
10158.0;129;217;314;236;310;324
10164.0;127;216;314;239;311;323
10170.0;124;217;314;239;312;324
10176.0;124;215;314;241;311;325
10182.0;124;215;316;240;312;323
10188.0;125;216;314;240;313;322
10194.0;124;217;313;240;314;322
10200.0;125;218;312;239;314;322
10206.0;125;217;312;240;315;321
10212.0;126;216;311;240;316;321
10218.0;129;214;313;240;312;322
10224.0;130;212;313;240;313;322
10230.0;130;212;311;240;314;323
10236.0;131;211;310;242;313;323
10242.0;128;211;311;243;313;324
10248.0;128;212;312;243;311;324
10254.0;127;212;310;245;312;324
10260.0;128;212;311;247;312;320
10266.0;127;210;311;249;313;320
10272.0;127;210;312;248;313;320
10278.0;126;210;314;247;313;320
10284.0;127;211;314;246;313;319
10290.0;128;210;315;246;312;319
10296.0;127;210;314;248;312;319
10302.0;126;211;315;246;313;319
10308.0;126;213;311;247;315;318
10314.0;126;214;311;247;316;316
10320.0;126;213;312;247;316;316
10326.0;126;215;310;246;316;317
10332.0;126;215;309;247;316;317
10338.0;126;215;309;247;316;317
10344.0;126;214;307;247;318;318
10350.0;128;213;307;247;317;318
10356.0;128;213;308;246;316;319
10362.0;127;214;308;245;315;321
10368.0;126;216;311;243;315;319
10374.0;125;217;312;244;314;318
10380.0;125;218;310;245;314;318
10386.0;126;219;308;246;313;318
10392.0;127;219;308;246;313;317
10398.0;128;219;308;245;312;318
10404.0;126;218;309;242;313;322
10410.0;125;219;309;242;313;322
10416.0;124;220;309;242;312;323
10422.0;124;224;308;242;312;320
10428.0;125;225;307;241;313;319
10434.0;125;228;306;239;312;320
10440.0;127;229;304;238;311;321
10446.0;128;229;304;237;311;321
10452.0;127;229;306;238;311;319
10458.0;127;227;307;238;312;319
10464.0;127;227;304;239;313;320
10470.0;129;228;304;239;312;318
10476.0;129;229;303;239;314;316
10482.0;129;229;303;237;314;318
10488.0;130;228;301;239;315;317
10494.0;128;228;304;237;314;319
10500.0;127;228;304;237;313;321
10506.0;127;227;305;237;313;321
10512.0;128;229;304;237;313;319
10518.0;128;228;304;239;312;319
10524.0;129;230;304;239;313;315
10530.0;128;229;305;239;313;316
10536.0;126;229;306;239;313;317
10542.0;125;228;306;240;314;317
10548.0;126;229;306;240;313;316
10554.0;127;231;306;240;311;315
10560.0;127;232;304;242;311;314
10566.0;128;232;304;240;311;315
10572.0;129;233;304;239;309;316
10578.0;130;233;303;237;310;317
10584.0;131;234;304;236;310;315
10590.0;132;235;303;234;311;315
10596.0;132;234;305;233;310;316
10602.0;131;234;305;233;310;317
10608.0;133;233;305;235;309;315
10614.0;133;232;306;237;306;316
10620.0;132;230;307;239;305;317
10626.0;134;233;307;238;304;314
10632.0;136;229;307;239;302;317
10638.0;136;229;308;238;302;317
10644.0;136;229;310;236;303;316
10650.0;136;230;310;234;302;318
10656.0;134;230;311;234;303;318
10662.0;134;229;312;236;301;318
10668.0;133;228;311;238;300;320
10674.0;135;228;311;238;298;320
10680.0;137;229;311;237;298;318
10686.0;138;228;309;237;298;320
10692.0;138;231;310;236;296;319
10698.0;139;231;308;236;295;321
10704.0;140;230;308;235;295;322
10710.0;140;230;309;235;294;322
10716.0;141;228;308;237;294;322
10722.0;142;226;308;236;295;323
10728.0;141;226;309;237;294;323
10734.0;140;226;308;237;296;323
10740.0;140;226;309;238;294;323
10746.0;139;225;309;239;297;321
10752.0;141;225;307;238;297;322
10758.0;139;225;310;237;298;321
10764.0;139;226;310;237;298;320
10770.0;139;226;308;237;298;322
10776.0;139;228;308;236;299;320
10782.0;141;225;310;237;297;320
10788.0;142;225;310;238;295;320
10794.0;143;224;310;238;295;320
