#auto generated file!
12.0;106;103;104;112;102;85
18.0;105;103;105;112;102;85
24.0;105;103;105;112;102;85
30.0;104;103;105;112;102;86
36.0;104;103;104;113;102;86
42.0;105;102;102;114;102;87
48.0;105;101;102;114;103;87
54.0;104;101;102;115;103;87
60.0;104;101;103;115;102;87
66.0;103;102;103;115;101;88
72.0;103;102;103;115;101;88
78.0;103;102;103;115;101;88
84.0;102;102;104;115;102;87
90.0;100;102;105;115;103;87
96.0;99;101;106;115;103;88
102.0;99;100;107;115;103;88
108.0;99;100;107;115;104;87
114.0;99;100;107;115;104;87
120.0;100;99;106;115;104;88
126.0;99;99;107;115;104;88
132.0;98;99;108;114;104;89
138.0;97;100;108;114;104;89
144.0;96;100;108;115;104;89
150.0;97;99;109;114;103;90
156.0;97;99;109;114;103;90
162.0;97;99;109;114;103;90
168.0;96;98;109;113;105;91
174.0;96;98;108;112;105;93
180.0;96;98;108;111;105;94
186.0;96;98;108;111;105;94
192.0;96;98;108;110;105;95
198.0;95;99;108;109;105;96
204.0;95;99;108;109;105;96
210.0;94;99;109;109;105;96
216.0;94;99;109;109;106;95
222.0;93;99;108;109;107;96
228.0;93;99;107;109;108;96
234.0;92;99;106;112;108;95
240.0;92;99;107;111;108;95
246.0;92;100;106;111;110;93
252.0;91;101;106;111;110;93
258.0;90;102;106;110;110;94
264.0;89;102;108;110;109;94
270.0;89;101;108;110;110;94
276.0;89;99;108;112;110;94
282.0;88;100;108;112;110;94
288.0;89;100;108;111;111;93
294.0;87;102;108;111;111;93
300.0;87;100;109;111;112;93
306.0;88;97;109;112;113;93
312.0;88;97;110;112;112;93
318.0;90;96;110;111;113;92
324.0;89;96;111;111;113;92
330.0;89;96;112;110;113;92
336.0;88;95;112;111;113;93
342.0;88;95;110;111;115;93
348.0;88;96;110;111;114;93
354.0;88;96;110;111;113;94
360.0;87;97;110;111;113;94
366.0;87;97;110;111;112;95
372.0;88;96;111;110;111;96
378.0;87;96;111;110;112;96
384.0;87;96;111;110;112;96
390.0;86;97;113;109;111;96
396.0;85;97;114;109;111;96
402.0;85;97;114;109;111;96
408.0;85;97;115;109;111;95
414.0;85;97;115;109;111;95
420.0;85;97;113;110;113;94
426.0;85;97;112;110;114;94
432.0;86;97;112;109;114;94
438.0;85;97;112;110;113;95
444.0;83;97;112;111;114;95
450.0;83;97;114;109;114;95
456.0;82;98;114;109;114;95
462.0;81;98;115;108;114;96
468.0;81;98;115;108;114;96
474.0;81;98;115;108;114;96
480.0;81;98;115;108;114;96
486.0;80;99;114;108;115;96
492.0;78;100;116;108;115;95
498.0;78;101;115;107;116;95
504.0;78;101;116;106;116;95
510.0;78;101;116;105;117;95
516.0;79;99;116;106;117;95
522.0;79;99;116;106;116;96
528.0;80;98;115;106;117;96
534.0;80;99;114;106;117;96
540.0;80;99;113;106;118;96
546.0;80;99;113;106;118;96
552.0;80;99;113;106;118;96
558.0;80;99;113;105;118;97
564.0;80;99;113;104;119;97
570.0;78;99;113;104;120;98
576.0;75;99;115;105;120;98
582.0;75;98;115;105;119;100
588.0;76;100;115;105;117;99
594.0;76;100;116;105;117;98
600.0;75;100;117;105;117;98
606.0;73;100;118;105;116;100
612.0;73;101;118;104;116;100
618.0;73;101;119;104;115;100
624.0;73;101;119;104;115;100
630.0;72;101;119;104;115;101
636.0;73;101;118;104;115;101
642.0;73;102;117;104;116;100
648.0;71;102;117;105;116;101
654.0;71;101;117;106;116;101
660.0;69;102;117;108;115;101
666.0;69;101;117;109;115;101
672.0;69;101;117;108;116;101
678.0;69;101;117;108;115;102
684.0;69;101;117;108;115;102
690.0;69;101;117;109;114;102
696.0;69;101;117;109;115;101
702.0;69;100;116;110;115;102
708.0;69;99;116;109;116;103
714.0;69;100;116;108;116;103
720.0;69;100;116;108;116;103
726.0;69;100;116;108;116;103
732.0;67;100;116;108;116;105
738.0;67;101;116;107;116;105
744.0;67;100;116;107;116;106
750.0;66;102;116;106;116;106
756.0;67;101;116;105;117;106
762.0;67;101;116;104;118;106
768.0;69;98;117;103;119;106
774.0;71;97;116;103;119;106
780.0;71;97;116;103;119;106
786.0;71;98;116;103;118;106
792.0;70;98;116;102;120;106
798.0;69;97;117;103;119;107
804.0;69;97;117;103;119;107
810.0;69;97;117;103;119;107
816.0;69;96;117;104;119;107
822.0;68;98;117;103;120;106
828.0;67;98;117;103;120;107
834.0;68;96;117;103;120;108
840.0;68;97;116;103;120;108
846.0;68;96;116;103;120;109
852.0;68;96;116;103;120;109
858.0;68;96;116;104;119;109
864.0;66;97;116;105;119;109
870.0;66;97;116;105;119;109
876.0;66;97;115;106;119;109
882.0;66;97;115;105;120;109
888.0;66;97;115;105;119;110
894.0;67;99;113;105;118;110
900.0;68;99;113;104;118;110
906.0;68;97;114;105;117;111
912.0;66;100;115;105;115;111
918.0;65;100;116;105;115;111
924.0;64;100;116;105;115;112
930.0;65;99;117;104;115;112
936.0;65;99;117;104;115;112
942.0;65;99;118;103;115;112
948.0;65;99;118;103;115;112
954.0;65;99;118;103;115;112
960.0;65;99;118;102;116;112
966.0;65;99;117;102;116;113
972.0;64;100;117;102;117;112
978.0;64;102;116;102;118;110
984.0;64;102;116;102;118;110
990.0;64;103;116;103;116;110
996.0;63;103;116;103;116;111
1002.0;61;103;117;106;115;110
1008.0;61;103;117;106;115;110
1014.0;62;102;118;105;115;110
1020.0;62;102;119;105;114;110
1026.0;63;102;119;105;114;109
1032.0;63;102;120;105;114;108
1038.0;63;102;120;104;114;109
1044.0;62;101;119;104;115;111
1050.0;62;101;118;105;115;111
1056.0;64;100;117;105;115;111
1062.0;64;100;117;105;115;111
1068.0;64;99;118;104;116;111
1074.0;63;99;118;104;115;113
1080.0;63;97;119;104;116;113
1086.0;63;97;119;103;117;113
1092.0;63;98;119;103;116;113
1098.0;63;97;119;103;116;114
1104.0;63;98;119;103;116;113
1110.0;62;99;118;103;116;114
1116.0;63;99;117;102;115;116
1122.0;63;99;117;102;115;116
1128.0;64;99;116;102;115;116
1134.0;64;100;115;101;116;116
1140.0;64;99;116;102;115;116
1146.0;64;99;116;103;114;116
1152.0;64;99;116;104;113;116
1158.0;66;99;115;104;112;116
1164.0;65;99;114;105;112;117
1170.0;66;100;113;107;110;116
1176.0;66;100;113;107;110;116
1182.0;67;100;112;107;110;116
1188.0;67;99;111;108;111;116
1194.0;67;99;111;108;111;116
1200.0;68;99;112;107;111;115
1206.0;69;99;112;106;111;115
1212.0;69;99;112;106;111;115
1218.0;69;100;112;106;111;114
1224.0;69;100;112;106;111;114
1230.0;69;101;112;106;111;113
1236.0;69;101;112;107;111;112
1242.0;69;101;112;107;111;112
1248.0;69;101;112;107;111;112
1254.0;69;100;112;108;112;111
1260.0;67;100;113;108;114;110
1266.0;67;100;113;108;114;110
1272.0;67;100;114;108;114;109
1278.0;67;101;113;107;115;109
1284.0;67;101;113;108;114;109
1290.0;67;101;113;108;114;109
1296.0;66;101;111;109;116;109
1302.0;66;101;111;109;116;109
1308.0;66;101;111;109;116;109
1314.0;66;101;111;109;115;110
1320.0;66;101;111;109;114;111
1326.0;66;101;111;108;115;111
1332.0;65;100;113;108;115;111
1338.0;65;100;113;108;115;111
1344.0;63;100;113;108;117;111
1350.0;63;101;113;107;117;111
1356.0;63;101;112;106;118;112
1362.0;63;101;112;105;118;113
1368.0;63;101;113;104;118;113
1374.0;65;101;113;103;118;112
1380.0;64;102;113;103;118;112
1386.0;63;101;114;103;119;112
1392.0;62;101;114;102;119;114
1398.0;62;100;115;103;119;113
1404.0;62;100;114;103;120;113
1410.0;62;100;114;103;120;113
1416.0;62;102;113;104;118;113
1422.0;61;103;113;105;117;113
1428.0;59;106;112;104;117;114
1434.0;59;106;111;104;117;115
1440.0;59;106;111;105;116;115
1446.0;58;104;113;106;115;116
1452.0;58;105;112;105;116;116
1458.0;58;105;112;105;116;116
1464.0;58;106;113;105;114;116
1470.0;58;106;113;104;115;116
1476.0;58;107;112;104;115;116
1482.0;58;107;113;104;115;115
1488.0;58;107;114;103;115;115
1494.0;58;108;114;103;115;114
1500.0;58;108;114;103;115;114
1506.0;59;108;114;103;114;114
1512.0;59;107;114;103;115;114
1518.0;59;106;114;103;116;114
1524.0;60;106;112;103;116;115
1530.0;61;105;112;102;116;116
1536.0;60;105;112;102;117;116
1542.0;60;105;112;102;117;116
1548.0;60;105;112;102;117;116
1554.0;60;104;112;102;119;115
1560.0;58;104;112;105;118;115
1566.0;57;105;112;105;118;115
1572.0;55;105;110;106;119;117
1578.0;56;104;111;107;118;116
1584.0;55;104;111;107;118;117
1590.0;56;103;111;106;118;118
1596.0;56;103;111;106;118;118
1602.0;57;103;111;106;116;119
1608.0;57;103;110;107;116;119
1614.0;56;104;111;107;115;119
1620.0;55;102;112;107;117;119
1626.0;55;100;112;108;117;120
1632.0;54;100;113;108;117;120
1638.0;53;100;113;109;117;120
1644.0;52;100;112;111;118;119
1650.0;51;100;114;109;117;121
1656.0;51;100;113;109;118;121
1662.0;51;99;116;108;117;121
1668.0;52;98;116;108;117;121
1674.0;52;99;117;108;116;120
1680.0;53;99;117;107;116;120
1686.0;53;99;117;107;116;120
1692.0;53;98;117;108;116;120
1698.0;53;98;117;108;116;120
1704.0;53;98;116;108;116;121
1710.0;53;98;116;108;116;121
1716.0;54;99;115;108;116;120
1722.0;54;99;115;109;116;119
1728.0;54;99;115;109;116;119
1734.0;53;99;115;110;115;120
1740.0;53;99;115;111;115;119
1746.0;53;99;115;111;115;119
1752.0;54;98;115;111;115;119
1758.0;56;97;116;109;115;119
1764.0;56;96;115;108;115;122
1770.0;56;97;114;108;115;122
1776.0;56;97;113;108;115;123
1782.0;56;97;113;108;115;123
1788.0;56;96;114;108;115;123
1794.0;56;97;115;106;115;123
1800.0;55;99;115;104;115;124
1806.0;55;99;115;104;115;124
1812.0;55;98;115;104;115;125
1818.0;55;98;115;104;115;125
1824.0;55;98;115;104;115;125
1830.0;57;98;114;103;116;124
1836.0;58;98;114;103;115;124
1842.0;59;99;114;103;113;124
1848.0;59;99;115;103;113;123
1854.0;59;99;115;103;113;123
1860.0;59;99;114;103;113;124
1866.0;59;99;114;103;112;125
1872.0;59;99;114;103;112;125
1878.0;59;99;114;103;112;125
1884.0;59;100;115;102;112;124
1890.0;59;100;115;103;113;122
1896.0;57;101;117;103;112;122
1902.0;58;101;116;102;114;121
1908.0;59;101;117;102;113;120
1914.0;59;101;117;102;113;120
1920.0;59;101;116;104;112;120
1926.0;58;101;116;105;111;121
1932.0;58;101;116;104;113;120
1938.0;58;101;116;106;112;119
1944.0;58;102;116;106;112;118
1950.0;56;104;116;106;112;118
1956.0;56;104;116;106;112;118
1962.0;56;104;116;106;112;118
1968.0;56;104;116;107;111;118
1974.0;57;104;116;107;111;117
1980.0;56;104;116;108;112;116
1986.0;57;104;117;107;111;116
1992.0;57;104;117;107;111;116
1998.0;59;104;117;105;111;116
2004.0;59;104;117;105;111;116
2010.0;58;104;117;105;111;117
2016.0;61;104;116;105;109;117
2022.0;61;103;116;105;109;118
2028.0;60;103;115;105;110;119
2034.0;60;103;115;105;110;119
2040.0;60;103;115;105;110;119
2046.0;60;103;114;105;110;120
2052.0;61;103;114;105;110;119
2058.0;61;103;114;105;110;119
2064.0;61;103;113;106;110;119
2070.0;61;103;113;106;110;119
2076.0;59;104;112;109;110;118
2082.0;59;104;112;109;110;118
2088.0;60;104;112;109;109;118
2094.0;59;104;113;109;109;118
2100.0;58;106;114;108;108;118
2106.0;58;106;114;108;109;117
2112.0;57;107;113;109;109;117
2118.0;57;108;113;109;109;116
2124.0;57;109;112;109;109;116
2130.0;57;109;112;108;109;117
2136.0;56;110;112;108;109;117
2142.0;56;109;112;109;110;116
2148.0;57;109;112;108;110;116
2154.0;57;109;111;108;109;118
2160.0;57;107;114;107;109;118
2166.0;57;107;114;107;109;118
2172.0;56;107;115;107;109;118
2178.0;56;106;115;107;109;119
2184.0;56;105;116;107;109;119
2190.0;56;105;116;107;109;119
2196.0;55;106;115;107;110;119
2202.0;55;107;114;107;110;119
2208.0;55;107;114;107;110;119
2214.0;55;107;113;107;111;119
2220.0;56;106;113;107;111;119
2226.0;56;106;114;107;111;118
2232.0;55;105;114;108;112;118
2238.0;55;104;115;109;112;117
2244.0;55;104;116;110;110;117
2250.0;55;103;116;110;111;117
2256.0;55;104;116;110;110;117
2262.0;56;103;117;110;110;116
2268.0;56;103;116;110;110;117
2274.0;57;103;115;110;110;117
2280.0;57;103;115;110;108;119
2286.0;58;102;114;110;109;119
2292.0;58;101;114;111;109;119
2298.0;59;99;114;112;109;119
2304.0;59;99;114;112;109;119
2310.0;59;99;114;112;109;119
2316.0;59;99;114;113;108;119
2322.0;60;99;114;112;108;119
2328.0;60;98;115;112;107;120
2334.0;60;99;115;111;107;120
2340.0;59;99;116;111;107;120
2346.0;60;99;115;111;107;120
2352.0;60;100;115;110;107;120
2358.0;58;100;116;111;108;119
2364.0;58;101;116;109;109;119
2370.0;58;100;117;109;109;119
2376.0;57;101;117;109;109;119
2382.0;57;101;117;109;109;119
2388.0;57;101;118;108;109;119
2394.0;58;101;118;108;108;119
2400.0;57;102;119;107;109;118
2406.0;58;102;118;107;109;118
2412.0;58;101;118;107;110;118
2418.0;58;102;118;107;109;118
2424.0;58;103;118;107;109;117
2430.0;58;103;117;107;110;117
2436.0;60;103;117;107;108;117
2442.0;60;102;117;106;109;118
2448.0;59;103;116;106;108;120
2454.0;59;103;117;106;107;120
2460.0;58;104;117;106;107;120
2466.0;57;105;117;107;107;119
2472.0;57;106;117;107;107;118
2478.0;57;106;117;107;107;118
2484.0;57;106;116;107;107;119
2490.0;57;106;116;106;108;119
2496.0;57;106;116;106;108;119
2502.0;57;105;116;106;109;119
2508.0;56;104;116;107;110;119
2514.0;56;104;115;107;110;120
2520.0;56;104;115;107;109;121
2526.0;56;104;115;107;109;121
2532.0;57;103;115;107;110;120
2538.0;57;102;115;108;110;120
2544.0;57;102;115;108;110;120
2550.0;57;102;115;108;110;120
2556.0;57;102;115;109;109;120
2562.0;57;101;115;108;110;121
2568.0;57;101;115;108;110;121
2574.0;58;102;115;108;109;120
2580.0;58;102;115;107;109;121
2586.0;58;103;115;107;109;120
2592.0;58;103;115;107;109;120
2598.0;58;106;115;107;106;120
2604.0;59;106;116;107;105;119
2610.0;60;107;114;107;105;119
2616.0;60;107;114;107;105;119
2622.0;58;108;115;107;105;119
2628.0;58;108;115;107;105;119
2634.0;58;108;115;107;105;119
2640.0;58;109;115;106;105;119
2646.0;58;109;115;105;105;120
2652.0;58;110;114;105;106;119
2658.0;58;110;114;105;106;119
2664.0;58;110;115;105;105;119
2670.0;59;109;116;104;106;118
2676.0;59;108;116;105;106;118
2682.0;59;107;116;106;106;118
2688.0;59;107;116;106;106;118
2694.0;60;107;116;106;105;118
2700.0;60;107;116;105;105;119
2706.0;59;106;116;105;106;120
2712.0;60;106;116;106;104;120
2718.0;61;104;116;106;105;120
2724.0;61;104;116;107;104;120
2730.0;61;104;116;106;104;121
2736.0;62;104;116;105;103;122
2742.0;62;104;116;105;103;122
2748.0;62;103;116;106;103;122
2754.0;61;103;116;107;103;122
2760.0;60;104;115;107;103;123
2766.0;60;105;114;107;103;123
2772.0;60;106;113;107;103;123
2778.0;60;106;112;108;103;123
2784.0;60;106;112;108;103;123
2790.0;60;107;112;108;102;123
2796.0;60;108;111;107;102;124
2802.0;61;108;109;106;103;125
2808.0;61;108;108;106;104;125
2814.0;61;109;107;107;103;125
2820.0;61;108;107;108;103;125
2826.0;62;108;105;109;102;126
2832.0;61;108;105;108;102;128
2838.0;60;108;106;108;102;128
2844.0;60;108;105;109;102;128
2850.0;61;108;105;109;101;128
2856.0;61;108;105;109;101;128
2862.0;62;108;104;109;101;128
2868.0;60;107;104;110;103;128
2874.0;60;109;103;109;104;127
2880.0;60;109;103;109;104;127
2886.0;61;109;103;108;104;127
2892.0;61;109;104;107;104;127
2898.0;62;108;104;108;103;127
2904.0;61;108;104;109;103;127
2910.0;61;107;104;108;104;128
2916.0;61;107;104;108;104;128
2922.0;61;107;104;108;103;129
2928.0;62;107;104;108;103;128
2934.0;63;107;104;108;104;126
2940.0;63;107;104;108;104;126
2946.0;63;106;104;108;104;127
2952.0;61;108;103;109;103;128
2958.0;61;109;105;110;101;126
2964.0;62;110;105;108;102;125
2970.0;62;110;106;108;102;124
2976.0;62;110;106;107;103;124
2982.0;64;109;106;107;103;123
2988.0;65;109;105;108;102;123
2994.0;65;109;105;107;102;124
3000.0;64;109;105;108;102;124
3006.0;65;108;106;108;102;123
3012.0;64;108;108;108;101;123
3018.0;64;108;107;108;102;123
3024.0;64;108;107;108;102;123
3030.0;64;107;108;108;102;123
3036.0;65;107;107;108;103;122
3042.0;65;106;107;109;103;122
3048.0;65;106;107;109;103;122
3054.0;65;106;107;109;103;122
3060.0;63;108;108;109;102;122
3066.0;63;109;107;109;102;122
3072.0;63;109;107;108;103;122
3078.0;63;109;107;107;104;122
3084.0;63;109;107;107;104;122
3090.0;63;109;107;106;105;122
3096.0;63;107;109;105;106;122
3102.0;63;107;109;105;106;122
3108.0;63;109;108;104;106;122
3114.0;63;110;109;102;106;122
3120.0;63;110;109;102;107;121
3126.0;62;110;109;101;109;121
3132.0;61;111;108;101;110;121
3138.0;61;110;108;100;112;121
3144.0;61;109;108;100;112;122
3150.0;62;109;108;99;112;122
3156.0;62;108;109;98;113;122
3162.0;62;108;109;98;113;122
3168.0;62;108;110;97;113;122
3174.0;62;108;110;97;113;122
3180.0;62;109;110;97;112;122
3186.0;59;109;113;97;112;122
3192.0;59;109;113;96;112;123
3198.0;59;109;113;96;112;123
3204.0;58;109;114;97;111;123
3210.0;58;109;115;97;110;123
3216.0;58;109;115;97;110;123
3222.0;59;109;115;97;112;120
3228.0;60;109;114;97;112;120
3234.0;60;108;113;98;113;120
3240.0;59;108;113;98;112;122
3246.0;59;109;113;97;112;122
3252.0;59;109;113;97;112;122
3258.0;59;109;113;97;112;122
3264.0;59;109;113;97;112;122
3270.0;59;110;113;97;112;121
3276.0;58;111;112;97;113;121
3282.0;58;111;112;97;113;121
3288.0;58;111;113;97;113;120
3294.0;58;111;112;97;114;120
3300.0;58;111;112;97;114;120
3306.0;60;111;113;96;113;119
3312.0;60;110;113;97;113;119
3318.0;60;111;112;96;114;119
3324.0;61;112;112;95;114;118
3330.0;60;112;111;95;115;119
3336.0;60;111;111;95;116;119
3342.0;60;112;111;95;116;118
3348.0;60;112;111;95;116;118
3354.0;60;111;111;96;116;118
3360.0;61;110;111;95;117;118
3366.0;61;111;111;96;117;116
3372.0;62;112;111;96;116;115
3378.0;64;112;111;96;115;114
3384.0;64;111;110;98;115;114
3390.0;64;111;110;98;115;114
3396.0;64;111;110;98;115;114
3402.0;65;111;111;97;115;113
3408.0;65;111;111;97;115;113
3414.0;65;113;111;97;113;113
3420.0;64;113;111;97;114;113
3426.0;65;113;110;96;114;114
3432.0;65;113;109;96;115;114
3438.0;65;114;109;95;115;114
3444.0;67;114;108;95;114;114
3450.0;68;113;108;95;114;114
3456.0;68;112;109;95;114;114
3462.0;68;112;108;95;115;114
3468.0;69;112;107;95;115;114
3474.0;70;111;107;95;115;114
3480.0;69;110;107;96;117;113
3486.0;68;111;109;96;116;112
3492.0;68;111;110;96;115;112
3498.0;70;110;110;95;115;112
3504.0;70;110;110;95;115;112
3510.0;70;112;110;95;114;111
3516.0;70;111;109;96;114;112
3522.0;70;111;109;97;113;112
3528.0;70;111;109;97;113;112
3534.0;68;112;111;96;112;113
3540.0;68;111;112;96;112;113
3546.0;69;111;113;95;111;113
3552.0;69;111;113;95;111;113
3558.0;69;111;113;95;111;113
3564.0;69;111;113;94;111;114
3570.0;71;111;113;94;109;114
3576.0;70;112;114;94;109;113
3582.0;71;114;114;92;109;112
3588.0;69;115;114;92;110;112
3594.0;69;115;116;89;110;113
3600.0;69;115;115;89;111;113
3606.0;69;114;116;89;110;114
3612.0;69;114;116;89;110;114
3618.0;70;114;116;88;110;114
3624.0;70;114;116;88;110;114
3630.0;70;113;116;89;109;115
3636.0;70;113;117;89;109;114
3642.0;70;113;117;90;109;113
3648.0;71;113;117;90;108;113
3654.0;70;113;117;90;109;113
3660.0;70;113;117;90;109;113
3666.0;69;112;117;89;111;114
3672.0;68;113;117;88;111;115
3678.0;68;113;118;88;111;114
3684.0;69;113;117;88;111;114
3690.0;69;113;117;88;111;114
3696.0;69;112;117;87;114;113
3702.0;68;112;117;88;114;113
3708.0;69;111;117;88;114;113
3714.0;69;111;118;86;114;114
3720.0;69;110;118;87;114;114
3726.0;68;111;118;87;114;114
3732.0;69;112;117;87;114;113
3738.0;69;112;117;87;114;113
3744.0;70;112;117;86;114;113
3750.0;70;112;117;86;114;113
3756.0;69;112;118;86;114;113
3762.0;70;113;117;85;114;113
3768.0;69;113;117;84;115;114
3774.0;70;112;117;84;115;114
3780.0;69;112;117;84;116;114
3786.0;69;112;118;83;116;114
3792.0;70;112;117;83;116;114
3798.0;69;113;116;83;116;115
3804.0;69;113;116;82;117;115
3810.0;68;113;117;82;117;115
3816.0;69;113;116;82;117;115
3822.0;69;113;116;83;116;115
3828.0;70;111;117;84;115;115
3834.0;70;111;117;84;115;115
3840.0;70;112;116;83;115;116
3846.0;70;112;117;83;115;115
3852.0;70;112;117;83;115;115
3858.0;71;112;116;83;115;115
3864.0;71;111;116;83;115;116
3870.0;71;111;116;83;115;116
3876.0;71;111;115;84;115;116
3882.0;71;112;113;84;116;116
3888.0;70;113;113;84;116;116
3894.0;71;113;113;84;115;116
3900.0;70;113;114;84;115;116
3906.0;70;113;114;84;115;116
3912.0;69;112;114;84;116;117
3918.0;69;112;114;83;116;118
3924.0;68;113;115;82;116;118
3930.0;68;113;116;82;115;118
3936.0;68;113;116;82;116;117
3942.0;68;113;116;83;116;116
3948.0;68;113;116;83;116;116
3954.0;69;113;116;82;116;116
3960.0;67;113;116;82;118;116
3966.0;68;114;116;82;116;116
3972.0;68;115;116;81;116;116
3978.0;67;115;116;81;117;116
3984.0;67;115;115;81;117;117
3990.0;66;115;114;81;119;117
3996.0;66;116;114;81;119;116
4002.0;67;116;114;80;120;115
4008.0;67;116;115;80;120;114
4014.0;67;118;114;79;120;114
4020.0;68;117;114;78;120;115
4026.0;68;116;114;79;120;115
4032.0;68;115;114;79;121;115
4038.0;68;115;114;79;121;115
4044.0;68;115;113;80;122;114
4050.0;68;115;113;80;122;114
4056.0;68;115;113;80;123;113
4062.0;68;115;114;79;123;113
4068.0;67;115;115;79;122;114
4074.0;66;115;116;79;122;114
4080.0;67;115;117;79;121;113
4086.0;67;115;117;79;121;113
4092.0;67;114;118;79;122;112
4098.0;68;114;118;79;121;112
4104.0;67;113;119;80;121;112
4110.0;67;112;119;80;120;114
4116.0;67;112;119;80;120;114
4122.0;66;112;119;80;120;115
4128.0;66;112;119;80;120;115
4134.0;65;111;120;81;120;115
4140.0;64;111;119;81;121;116
4146.0;64;110;119;82;121;116
4152.0;64;110;119;82;121;116
4158.0;64;110;119;82;121;116
4164.0;64;110;118;82;122;116
4170.0;66;108;119;80;122;117
4176.0;66;109;118;80;122;117
4182.0;66;108;118;80;122;118
4188.0;66;108;118;80;122;118
4194.0;66;108;118;79;123;118
4200.0;66;108;118;79;123;118
4206.0;65;107;118;79;123;120
4212.0;65;107;118;79;123;120
4218.0;65;107;118;79;124;119
4224.0;65;106;118;80;125;118
4230.0;65;107;118;80;124;118
4236.0;64;107;118;82;124;117
4242.0;63;107;117;83;124;118
4248.0;62;107;117;84;124;118
4254.0;62;105;118;84;125;118
4260.0;62;105;118;84;125;118
4266.0;61;105;117;85;125;119
4272.0;61;105;117;84;124;121
4278.0;61;106;117;83;124;121
4284.0;62;105;118;82;123;122
4290.0;62;105;118;83;122;122
4296.0;62;105;118;83;122;122
4302.0;63;105;118;83;121;122
4308.0;64;106;118;83;120;121
4314.0;64;105;118;85;120;120
4320.0;64;105;117;85;121;120
4326.0;65;105;117;85;121;119
4332.0;65;105;117;85;121;119
4338.0;66;105;117;85;120;119
4344.0;66;106;117;85;120;118
4350.0;65;107;117;85;120;118
4356.0;65;107;117;86;119;118
4362.0;65;106;116;87;119;119
4368.0;65;106;116;87;119;119
4374.0;65;105;115;89;120;118
4380.0;66;105;115;88;120;118
4386.0;65;106;115;88;120;118
4392.0;65;106;115;88;120;118
4398.0;64;107;115;88;120;118
4404.0;64;107;115;89;120;117
4410.0;63;107;115;89;121;117
4416.0;62;109;114;89;121;117
4422.0;62;109;114;89;121;117
4428.0;64;109;113;89;120;117
4434.0;63;109;114;88;122;116
4440.0;63;110;113;88;122;116
4446.0;62;110;112;90;122;116
4452.0;62;110;112;91;122;115
4458.0;62;110;112;91;122;115
4464.0;62;109;112;91;123;115
4470.0;62;109;110;93;123;115
4476.0;62;109;109;95;122;115
4482.0;62;109;109;95;122;115
4488.0;62;109;109;95;122;115
4494.0;63;108;110;94;122;115
4500.0;62;108;111;94;122;115
4506.0;62;107;110;95;123;115
4512.0;63;106;110;95;123;115
4518.0;62;107;110;96;122;115
4524.0;64;106;110;95;122;115
4530.0;63;106;110;96;122;115
4536.0;63;107;109;97;120;116
4542.0;63;107;109;96;121;116
4548.0;63;107;109;96;121;116
4554.0;62;107;110;96;121;116
4560.0;62;106;110;97;121;116
4566.0;62;106;110;97;121;116
4572.0;62;105;110;97;121;117
4578.0;63;104;110;98;122;115
4584.0;61;105;112;98;121;115
4590.0;61;106;112;98;120;115
4596.0;60;107;112;98;120;115
4602.0;60;108;111;98;120;115
4608.0;59;108;111;98;121;115
4614.0;58;108;111;99;122;114
4620.0;58;108;110;100;122;114
4626.0;57;109;110;100;122;114
4632.0;57;109;110;100;122;114
4638.0;57;108;111;100;122;114
4644.0;57;109;110;100;122;114
4650.0;57;109;110;100;122;114
4656.0;57;109;110;100;122;114
4662.0;58;108;110;100;121;115
4668.0;58;108;109;99;123;115
4674.0;58;108;109;100;123;114
4680.0;58;108;109;99;125;113
4686.0;59;108;108;99;126;112
4692.0;59;107;108;99;127;112
4698.0;59;106;107;101;127;112
4704.0;59;106;107;99;129;112
4710.0;59;105;107;100;128;113
4716.0;60;103;107;100;128;114
4722.0;60;103;107;100;128;114
4728.0;61;103;106;101;128;113
4734.0;60;105;105;101;129;112
4740.0;60;105;105;101;129;112
4746.0;60;105;104;100;130;113
4752.0;60;105;104;100;130;113
4758.0;60;105;104;100;130;113
4764.0;61;105;104;100;129;113
4770.0;60;104;105;100;130;113
4776.0;61;103;105;99;130;114
4782.0;63;101;105;100;127;116
4788.0;64;99;106;99;127;117
4794.0;64;99;106;100;126;117
4800.0;63;98;105;102;126;118
4806.0;63;98;108;102;123;118
4812.0;63;98;108;102;123;118
4818.0;63;98;109;100;124;118
4824.0;63;98;109;100;124;118
4830.0;63;98;109;100;124;118
4836.0;61;98;108;102;123;120
4842.0;61;100;108;102;122;119
4848.0;60;100;109;103;122;118
4854.0;61;100;109;103;122;117
4860.0;61;100;109;103;122;117
4866.0;61;102;109;103;121;116
4872.0;61;102;109;104;120;116
4878.0;60;102;109;104;121;116
4884.0;60;102;109;104;119;118
4890.0;60;103;108;103;120;118
4896.0;59;103;108;102;121;119
4902.0;59;103;108;102;121;119
4908.0;59;104;107;103;121;118
4914.0;59;104;107;103;121;118
4920.0;59;104;107;103;121;118
4926.0;59;104;107;103;121;118
4932.0;59;105;107;102;121;118
4938.0;60;105;107;101;121;118
4944.0;60;104;107;102;121;118
4950.0;60;104;107;103;120;118
4956.0;61;104;107;102;120;118
4962.0;61;104;108;102;120;117
4968.0;61;105;108;102;119;117
4974.0;61;104;108;103;119;117
4980.0;61;104;109;103;119;116
4986.0;61;104;109;103;119;116
4992.0;61;104;109;103;119;116
4998.0;61;102;109;104;119;117
5004.0;61;104;109;103;119;116
5010.0;61;104;110;102;119;116
5016.0;59;105;110;102;120;116
5022.0;57;105;110;102;121;117
5028.0;58;105;110;101;120;118
5034.0;58;105;110;102;120;117
5040.0;59;105;110;101;121;116
5046.0;61;104;110;102;121;114
5052.0;61;104;110;102;121;114
5058.0;61;104;110;102;121;114
5064.0;62;104;109;102;120;115
5070.0;61;103;109;103;120;116
5076.0;62;102;111;102;119;116
5082.0;62;101;111;102;120;116
5088.0;62;100;110;102;120;118
5094.0;63;99;113;101;118;118
5100.0;63;101;113;100;118;117
5106.0;63;101;113;101;118;116
5112.0;62;101;113;101;118;117
5118.0;61;101;114;101;118;117
5124.0;61;100;114;101;118;118
5130.0;60;101;113;101;118;119
5136.0;59;102;114;102;117;118
5142.0;58;102;114;102;117;119
5148.0;57;103;114;102;117;119
5154.0;58;103;113;102;117;119
5160.0;59;103;114;101;116;119
5166.0;60;104;114;99;117;118
5172.0;60;104;115;99;117;117
5178.0;60;104;115;98;117;118
5184.0;59;103;117;98;117;118
5190.0;59;104;119;97;116;117
5196.0;58;105;119;96;116;118
5202.0;59;106;119;96;116;116
5208.0;59;106;119;96;116;116
5214.0;59;107;118;96;116;116
5220.0;59;107;119;96;117;114
5226.0;60;106;119;96;118;113
5232.0;60;106;119;96;118;113
5238.0;60;107;119;96;118;112
5244.0;60;107;119;96;118;112
5250.0;61;106;119;96;118;112
5256.0;61;105;120;96;118;112
5262.0;64;105;120;96;116;111
5268.0;64;105;120;95;116;112
5274.0;65;106;120;93;116;112
5280.0;65;105;120;94;115;113
5286.0;64;106;120;95;116;111
5292.0;63;107;120;97;114;111
5298.0;62;106;120;97;115;112
5304.0;62;105;120;98;115;112
5310.0;62;103;121;98;115;113
5316.0;62;103;121;98;115;113
5322.0;62;103;121;97;115;114
5328.0;61;103;121;97;116;114
5334.0;60;105;121;97;115;114
5340.0;60;105;122;97;114;114
5346.0;60;105;122;98;114;113
5352.0;59;106;122;98;114;113
5358.0;59;106;122;98;114;113
5364.0;59;106;122;98;114;113
5370.0;59;106;121;99;114;113
5376.0;58;106;121;99;114;114
5382.0;58;106;122;99;113;114
5388.0;56;106;123;100;113;114
5394.0;56;106;122;99;115;114
5400.0;56;105;121;98;117;115
5406.0;56;105;121;98;116;116
5412.0;57;105;120;98;116;116
5418.0;57;105;120;98;116;116
5424.0;58;106;118;99;116;115
5430.0;58;106;118;99;116;115
5436.0;58;105;118;99;117;115
5442.0;57;104;120;100;116;115
5448.0;57;104;120;100;116;115
5454.0;57;104;121;100;115;115
5460.0;55;104;121;101;116;115
5466.0;55;103;122;101;115;116
5472.0;55;103;122;101;115;116
5478.0;54;103;123;103;113;116
5484.0;54;102;123;104;113;116
5490.0;53;102;123;104;113;117
5496.0;53;102;123;104;113;117
5502.0;53;101;124;104;113;117
5508.0;53;101;124;104;113;117
5514.0;53;101;124;105;114;115
5520.0;53;101;124;105;114;115
5526.0;53;101;125;104;114;115
5532.0;52;101;127;104;114;114
5538.0;51;101;127;104;115;114
5544.0;51;101;127;104;115;114
5550.0;50;101;128;106;114;113
5556.0;50;101;129;105;114;113
5562.0;49;101;130;105;114;113
5568.0;50;101;130;105;112;114
5574.0;49;101;130;105;113;114
5580.0;49;101;129;106;113;114
5586.0;49;101;129;106;112;115
5592.0;49;100;129;106;112;116
5598.0;49;99;129;107;111;117
5604.0;48;99;129;108;111;117
5610.0;48;99;129;107;111;118
5616.0;47;99;130;107;111;118
5622.0;47;98;131;107;111;118
5628.0;47;97;131;107;111;119
5634.0;48;96;131;107;111;119
5640.0;49;96;130;107;111;119
5646.0;49;96;131;106;112;118
5652.0;49;95;132;105;112;119
5658.0;48;95;131;105;114;119
5664.0;48;95;130;105;115;119
5670.0;48;95;130;105;115;119
5676.0;47;95;130;106;114;120
5682.0;47;95;130;106;114;120
5688.0;47;95;129;107;114;120
5694.0;48;95;128;107;114;120
5700.0;48;95;128;107;113;121
5706.0;49;95;127;107;113;121
5712.0;49;97;125;106;113;122
5718.0;49;97;125;106;113;122
5724.0;50;97;125;106;112;122
5730.0;50;97;125;106;112;122
5736.0;51;97;126;104;112;122
5742.0;51;97;126;103;113;122
5748.0;50;97;127;103;113;122
5754.0;51;96;127;102;114;122
5760.0;51;96;126;102;115;122
5766.0;51;95;125;102;117;122
5772.0;51;95;125;102;117;122
5778.0;51;94;126;102;117;122
5784.0;51;94;126;102;117;122
5790.0;52;93;125;103;115;124
5796.0;51;93;125;103;116;124
5802.0;51;93;125;103;116;124
5808.0;51;93;126;103;116;123
5814.0;51;92;126;104;116;123
5820.0;50;92;126;105;116;123
5826.0;50;91;127;104;117;123
5832.0;50;91;127;105;117;122
5838.0;49;91;126;107;117;122
5844.0;48;91;126;107;118;122
5850.0;48;91;127;105;119;122
5856.0;48;91;126;105;119;123
5862.0;47;92;127;104;119;123
5868.0;46;92;127;104;120;123
5874.0;46;91;128;103;120;124
5880.0;46;89;128;104;120;125
5886.0;47;89;128;104;119;125
5892.0;47;89;127;105;119;125
5898.0;47;89;127;105;119;125
5904.0;47;88;127;105;120;125
5910.0;47;88;127;105;120;125
5916.0;48;87;127;105;120;125
5922.0;47;88;126;106;120;125
5928.0;47;89;126;106;120;124
5934.0;45;89;127;105;122;124
5940.0;44;89;127;105;122;125
5946.0;44;90;128;105;122;123
5952.0;44;90;128;105;122;123
5958.0;44;90;128;105;122;123
5964.0;44;90;129;104;122;123
5970.0;44;90;129;104;122;123
5976.0;44;90;130;103;122;123
5982.0;44;90;130;104;123;121
5988.0;43;90;130;103;124;122
5994.0;43;90;129;103;124;123
6000.0;43;90;129;103;124;123
6006.0;42;90;129;103;124;124
6012.0;41;90;130;103;124;124
6018.0;41;90;130;103;124;124
6024.0;41;89;130;104;124;124
6030.0;41;89;130;104;125;123
6036.0;41;88;131;104;125;123
6042.0;41;88;131;104;125;123
6048.0;43;87;130;104;126;122
6054.0;43;87;130;104;125;123
6060.0;43;87;130;104;125;123
6066.0;44;87;129;105;124;123
6072.0;45;87;129;105;125;121
6078.0;45;87;129;105;125;121
6084.0;45;85;130;105;125;122
6090.0;45;85;130;105;125;122
6096.0;45;84;130;106;125;122
6102.0;45;84;129;106;126;122
6108.0;45;83;129;107;127;121
6114.0;44;83;129;107;126;123
6120.0;45;83;129;107;126;122
6126.0;45;83;129;108;126;121
6132.0;47;83;128;108;125;121
6138.0;47;82;128;108;125;122
6144.0;47;83;128;108;125;121
6150.0;47;83;128;109;125;120
6156.0;47;82;129;108;126;120
6162.0;48;82;129;108;126;119
6168.0;48;82;129;108;126;119
6174.0;48;82;129;108;126;119
6180.0;47;82;130;108;126;119
6186.0;47;82;131;107;126;119
6192.0;47;81;131;107;126;120
6198.0;46;81;131;107;127;120
6204.0;46;81;132;106;127;120
6210.0;46;81;132;106;127;120
6216.0;46;81;132;106;127;120
6222.0;46;81;132;103;128;122
6228.0;47;81;131;103;129;121
6234.0;47;81;131;103;129;121
6240.0;46;81;131;103;129;122
6246.0;46;82;130;103;129;122
6252.0;46;82;130;104;129;121
6258.0;46;84;129;103;129;121
6264.0;46;84;129;103;129;121
6270.0;47;81;128;103;132;121
6276.0;47;81;128;103;132;121
6282.0;47;81;128;103;132;121
6288.0;47;81;128;103;132;121
6294.0;47;81;128;103;132;121
6300.0;47;81;128;103;132;121
6306.0;47;81;128;103;132;121
6312.0;47;81;128;103;132;121
6318.0;46;82;128;104;132;120
6324.0;45;82;128;105;133;119
6330.0;46;83;127;105;133;118
6336.0;46;79;130;104;135;118
6342.0;46;79;131;104;135;117
6348.0;46;79;131;104;135;117
6354.0;45;79;130;107;134;117
6360.0;45;79;130;107;133;118
6366.0;44;80;129;108;132;119
6372.0;44;80;129;108;132;119
6378.0;45;80;128;108;133;118
6384.0;45;80;127;109;133;118
6390.0;45;80;127;109;134;117
6396.0;46;80;127;109;133;117
6402.0;46;80;127;109;133;117
6408.0;46;80;127;109;132;118
6414.0;46;80;127;109;132;118
6420.0;46;80;126;110;131;119
6426.0;46;79;127;110;131;119
6432.0;47;80;126;110;130;119
6438.0;47;80;126;110;130;119
6444.0;47;80;126;110;130;119
6450.0;47;80;126;110;130;119
6456.0;47;79;127;110;131;118
6462.0;47;78;127;110;132;118
6468.0;46;77;128;111;133;117
6474.0;45;77;128;111;133;118
6480.0;45;77;128;111;133;118
6486.0;45;77;128;111;133;118
6492.0;46;79;128;108;133;118
6498.0;45;81;128;107;132;119
6504.0;46;81;127;107;132;119
6510.0;46;80;127;108;131;120
6516.0;46;79;128;108;131;120
6522.0;46;79;128;108;131;120
6528.0;47;79;127;108;131;120
6534.0;48;79;126;107;131;121
6540.0;47;79;126;107;131;122
6546.0;47;78;126;107;132;122
6552.0;47;77;126;107;132;123
6558.0;47;77;126;106;132;124
6564.0;47;76;126;106;132;125
6570.0;48;76;126;106;131;125
6576.0;48;76;127;106;130;125
6582.0;48;77;127;106;129;125
6588.0;48;77;127;106;129;125
6594.0;47;77;128;106;131;123
6600.0;48;76;129;105;131;123
6606.0;48;76;129;105;131;123
6612.0;48;76;129;105;131;123
6618.0;48;76;129;105;131;123
6624.0;48;76;128;105;131;124
6630.0;46;76;128;106;131;125
6636.0;46;77;128;106;131;124
6642.0;45;79;128;106;131;123
6648.0;45;80;128;105;131;123
6654.0;45;79;128;106;131;123
6660.0;45;79;128;106;131;123
6666.0;45;79;129;106;130;123
6672.0;45;80;129;105;130;123
6678.0;46;79;129;105;130;123
6684.0;46;80;129;104;130;123
6690.0;46;81;128;104;130;123
6696.0;46;81;128;104;130;123
6702.0;46;81;130;104;130;121
6708.0;46;81;130;104;130;121
6714.0;46;81;130;104;129;122
6720.0;46;80;130;104;130;122
6726.0;46;81;130;104;129;122
6732.0;46;81;130;105;128;122
6738.0;48;80;130;105;128;121
6744.0;49;80;130;104;128;121
6750.0;49;79;132;104;127;121
6756.0;48;79;133;104;127;121
6762.0;47;79;133;104;127;122
6768.0;46;80;133;104;127;122
6774.0;46;80;133;104;127;122
6780.0;46;80;133;105;127;121
6786.0;46;80;134;104;127;121
6792.0;46;80;134;104;127;121
6798.0;47;79;133;105;127;121
6804.0;47;80;131;105;127;122
6810.0;47;80;130;106;128;121
6816.0;48;80;130;105;128;121
6822.0;48;80;128;106;128;122
6828.0;48;80;128;106;128;122
6834.0;48;81;128;105;129;121
6840.0;47;81;128;106;129;121
6846.0;47;81;127;106;129;122
6852.0;47;81;127;106;129;122
6858.0;46;81;126;107;130;122
6864.0;46;81;125;108;130;122
6870.0;45;82;124;108;131;122
6876.0;45;82;124;108;130;123
6882.0;45;83;123;108;130;123
6888.0;46;83;123;108;129;123
6894.0;46;83;123;108;129;123
6900.0;46;82;125;107;129;123
6906.0;46;82;126;107;129;122
6912.0;46;83;127;106;129;121
6918.0;45;83;127;106;130;121
6924.0;46;83;127;105;130;121
6930.0;46;83;127;105;129;122
6936.0;46;83;127;105;129;122
6942.0;46;83;127;105;129;122
6948.0;47;83;128;103;129;122
6954.0;47;83;128;103;129;122
6960.0;48;84;128;103;129;120
6966.0;48;85;128;101;129;121
6972.0;49;85;127;101;129;121
6978.0;50;84;127;101;129;121
6984.0;50;83;128;101;129;121
6990.0;50;83;128;101;129;121
6996.0;50;83;128;101;129;121
7002.0;50;83;129;101;128;121
7008.0;50;83;129;102;129;119
7014.0;50;82;129;102;130;119
7020.0;49;82;130;102;130;119
7026.0;50;81;129;102;131;119
7032.0;51;81;129;102;131;118
7038.0;50;81;129;103;131;118
7044.0;48;81;130;104;131;118
7050.0;47;82;130;104;131;118
7056.0;47;82;130;103;132;118
7062.0;49;82;129;103;131;118
7068.0;49;82;130;102;131;118
7074.0;49;82;130;102;131;118
7080.0;49;83;130;102;131;117
7086.0;51;82;130;101;131;117
7092.0;51;82;131;100;131;117
7098.0;51;82;131;100;132;116
7104.0;50;82;130;100;133;117
7110.0;50;81;130;100;132;119
7116.0;50;81;130;99;133;119
7122.0;49;82;129;99;133;120
7128.0;49;82;129;99;133;120
7134.0;49;83;129;99;133;119
7140.0;49;83;129;100;132;119
7146.0;49;83;129;100;132;119
7152.0;50;83;129;100;131;119
7158.0;50;83;129;100;131;119
7164.0;50;83;129;101;130;119
7170.0;49;83;129;102;131;118
7176.0;48;84;129;102;131;118
7182.0;48;84;130;102;130;118
7188.0;48;84;130;101;130;119
7194.0;49;83;131;101;130;118
7200.0;46;83;133;102;130;118
7206.0;46;83;133;102;130;118
7212.0;46;83;133;102;130;118
7218.0;44;83;133;103;132;117
7224.0;44;83;133;103;132;117
7230.0;43;82;132;103;133;119
7236.0;43;82;131;103;134;119
7242.0;42;82;131;104;134;119
7248.0;43;82;131;104;133;119
7254.0;44;81;131;104;134;118
7260.0;44;81;130;104;135;118
7266.0;44;80;130;104;135;119
7272.0;44;81;130;103;135;119
7278.0;44;80;130;104;135;119
7284.0;44;80;130;104;135;119
7290.0;44;80;129;104;135;120
7296.0;44;80;128;105;135;120
7302.0;44;80;128;105;135;120
7308.0;44;80;128;105;135;120
7314.0;45;80;126;104;137;120
7320.0;45;80;126;104;137;120
7326.0;45;81;126;105;136;119
7332.0;45;82;125;104;137;119
7338.0;45;82;125;103;138;119
7344.0;45;82;126;103;139;117
7350.0;45;82;126;103;139;117
7356.0;45;82;126;103;140;116
7362.0;45;83;126;103;139;116
7368.0;45;84;126;103;139;115
7374.0;45;85;126;103;139;114
7380.0;44;85;126;104;138;115
7386.0;44;85;127;103;138;115
7392.0;43;85;127;104;138;115
7398.0;43;85;127;104;138;115
7404.0;43;85;127;104;138;115
7410.0;43;85;128;102;138;116
7416.0;43;85;129;101;138;116
7422.0;41;85;130;102;138;116
7428.0;41;84;130;102;138;117
7434.0;40;86;130;102;137;117
7440.0;40;86;129;102;137;118
7446.0;39;86;130;102;137;118
7452.0;40;85;130;102;136;119
7458.0;40;85;130;102;136;119
7464.0;41;85;130;102;135;119
7470.0;42;85;130;103;134;118
7476.0;42;85;130;103;134;118
7482.0;42;85;131;103;134;117
7488.0;42;85;131;103;135;116
7494.0;42;85;131;103;135;116
7500.0;42;86;131;103;135;115
7506.0;43;84;131;103;136;115
7512.0;43;84;131;103;136;115
7518.0;43;85;131;102;136;115
7524.0;43;85;130;103;136;115
7530.0;43;85;130;103;136;115
7536.0;43;85;131;103;137;113
7542.0;42;87;131;103;136;113
7548.0;42;86;131;103;136;114
7554.0;41;87;131;103;137;113
7560.0;41;86;132;103;136;114
7566.0;41;86;131;104;136;114
7572.0;41;85;130;103;137;116
7578.0;41;85;130;104;135;117
7584.0;40;86;130;104;135;117
7590.0;41;86;129;103;136;117
7596.0;41;86;129;103;137;116
7602.0;41;86;128;103;137;117
7608.0;42;86;128;103;137;116
7614.0;41;86;129;102;137;117
7620.0;41;86;129;102;137;117
7626.0;41;87;128;101;137;118
7632.0;41;87;128;101;137;118
7638.0;42;87;127;101;137;118
7644.0;42;86;127;101;137;119
7650.0;42;85;127;102;137;119
7656.0;42;85;127;102;137;119
7662.0;41;83;128;103;138;119
7668.0;41;83;127;104;138;119
7674.0;41;83;127;104;138;119
7680.0;41;84;128;104;137;118
7686.0;42;83;128;104;137;118
7692.0;42;83;128;104;137;118
7698.0;42;83;128;104;137;118
7704.0;43;84;127;103;137;118
7710.0;43;84;127;103;137;118
7716.0;42;85;127;103;137;118
7722.0;41;86;126;104;136;119
7728.0;41;86;126;104;136;119
7734.0;41;86;126;104;136;119
7740.0;42;85;126;104;136;119
7746.0;42;85;126;105;135;119
7752.0;41;87;126;105;134;119
7758.0;41;85;128;105;134;119
7764.0;42;85;127;106;133;119
7770.0;43;84;126;109;132;118
7776.0;42;84;126;109;133;118
7782.0;42;84;125;109;133;119
7788.0;43;84;123;109;132;121
7794.0;43;84;123;109;132;121
7800.0;43;84;123;109;132;121
7806.0;42;84;124;109;133;120
7812.0;43;84;124;108;133;120
7818.0;44;84;125;108;132;119
7824.0;44;84;125;108;132;119
7830.0;44;83;125;109;132;119
7836.0;44;83;125;109;132;119
7842.0;43;83;126;109;132;119
7848.0;43;83;126;108;132;120
7854.0;44;83;126;108;131;120
7860.0;45;83;126;108;130;120
7866.0;45;83;126;108;130;120
7872.0;46;81;127;109;130;119
7878.0;47;81;126;109;130;119
7884.0;48;81;126;109;130;118
7890.0;48;81;126;109;130;118
7896.0;48;81;126;109;130;118
7902.0;48;80;125;113;128;118
7908.0;48;80;125;113;128;118
7914.0;48;80;125;113;128;118
7920.0;48;80;125;113;128;118
7926.0;47;80;125;113;128;119
7932.0;46;79;126;113;128;120
7938.0;46;79;126;113;127;121
7944.0;46;79;126;113;127;121
7950.0;45;80;125;113;127;122
7956.0;45;79;125;113;126;124
7962.0;47;79;123;114;126;123
7968.0;48;79;122;114;126;123
7974.0;48;80;121;113;127;123
7980.0;48;81;120;112;127;124
7986.0;48;80;119;113;128;124
7992.0;48;80;120;113;127;124
7998.0;48;80;120;113;127;124
8004.0;48;80;121;112;126;125
8010.0;48;81;122;112;125;124
8016.0;48;81;122;111;126;124
8022.0;48;81;122;111;126;124
8028.0;48;81;122;111;126;124
8034.0;48;81;123;112;124;124
8040.0;48;80;124;112;124;124
8046.0;49;78;124;112;125;124
8052.0;49;78;124;112;125;124
8058.0;48;81;123;110;125;125
8064.0;48;81;124;110;124;125
8070.0;47;81;124;110;125;125
8076.0;47;80;123;110;126;126
8082.0;44;79;124;113;126;126
8088.0;44;77;124;113;128;126
8094.0;44;76;124;114;128;126
8100.0;44;76;124;114;128;126
8106.0;44;76;124;114;127;127
8112.0;42;76;125;115;127;127
8118.0;43;77;125;113;127;127
8124.0;41;78;126;113;127;127
8130.0;41;79;125;113;127;127
8136.0;41;79;125;113;127;127
8142.0;41;79;125;113;127;127
8148.0;40;79;125;113;128;127
8154.0;39;80;125;112;128;128
8160.0;39;80;125;112;128;128
8166.0;39;80;126;112;128;127
8172.0;39;80;126;112;128;127
8178.0;39;80;126;112;128;127
8184.0;38;81;126;112;128;127
8190.0;39;81;126;110;130;126
8196.0;39;82;125;110;130;126
8202.0;40;82;125;110;129;126
8208.0;40;82;125;110;129;126
8214.0;41;82;125;110;128;126
8220.0;40;81;126;110;129;126
8226.0;41;81;125;110;129;126
8232.0;41;81;124;111;129;126
8238.0;41;81;124;111;129;126
8244.0;41;81;122;111;131;126
8250.0;42;82;122;111;131;124
8256.0;42;81;122;112;132;123
8262.0;41;81;122;113;132;123
8268.0;40;82;122;113;132;123
8274.0;40;82;121;113;132;124
8280.0;39;82;122;114;132;123
8286.0;39;82;122;114;131;124
8292.0;39;82;122;114;131;124
8298.0;38;81;122;115;132;124
8304.0;38;81;123;115;132;123
8310.0;39;80;123;114;133;123
8316.0;38;80;121;115;134;124
8322.0;38;81;121;115;134;123
8328.0;38;81;121;115;134;123
8334.0;37;82;120;115;133;125
8340.0;37;82;120;114;133;126
8346.0;36;82;120;115;133;126
8352.0;34;84;120;114;134;126
8358.0;33;84;120;115;134;126
8364.0;32;83;119;117;134;127
8370.0;31;83;120;117;134;127
8376.0;32;82;121;116;133;128
8382.0;31;82;121;117;133;128
8388.0;31;82;122;117;132;128
8394.0;31;83;122;117;131;128
8400.0;32;82;120;117;132;129
8406.0;32;82;120;117;132;129
8412.0;31;81;120;118;132;130
8418.0;31;81;120;119;131;130
8424.0;30;81;121;119;130;131
8430.0;30;81;121;119;130;131
8436.0;30;81;121;120;129;131
8442.0;30;80;121;121;129;131
8448.0;30;81;120;121;129;131
8454.0;30;80;122;120;129;131
8460.0;30;79;122;120;130;131
8466.0;31;79;122;120;130;130
8472.0;31;79;123;119;131;129
8478.0;31;78;124;119;130;130
8484.0;31;78;126;118;130;129
8490.0;31;78;127;117;131;128
8496.0;32;78;126;117;130;129
8502.0;32;78;126;117;130;129
8508.0;32;78;126;118;130;128
8514.0;32;79;126;118;130;127
8520.0;32;79;126;117;131;127
8526.0;32;80;125;117;131;127
8532.0;32;80;124;116;132;128
8538.0;31;80;126;116;131;128
8544.0;32;80;126;115;131;128
8550.0;31;79;127;114;132;129
8556.0;31;79;127;114;132;129
8562.0;31;79;127;115;131;129
8568.0;31;79;127;115;131;129
8574.0;31;79;127;115;131;129
8580.0;32;79;127;114;131;129
8586.0;32;79;127;114;131;129
8592.0;33;79;127;114;131;128
8598.0;32;78;127;114;131;130
8604.0;33;79;126;114;131;129
8610.0;33;78;127;114;131;129
8616.0;32;78;128;113;131;130
8622.0;32;79;128;113;131;129
8628.0;32;80;127;113;132;128
8634.0;32;80;127;113;132;128
8640.0;32;80;126;114;132;128
8646.0;32;80;125;114;132;129
8652.0;34;79;126;114;131;128
8658.0;35;81;127;113;130;126
8664.0;35;81;127;113;131;125
8670.0;35;81;126;113;131;126
8676.0;35;81;125;113;132;126
8682.0;35;81;125;113;132;126
8688.0;35;81;125;112;132;127
8694.0;35;81;126;112;132;126
8700.0;35;81;126;113;132;125
8706.0;36;82;128;112;131;123
8712.0;37;82;128;112;131;122
8718.0;37;82;128;112;131;122
8724.0;37;82;127;113;131;122
8730.0;37;82;126;113;132;122
8736.0;37;82;127;113;132;121
8742.0;37;82;127;113;132;121
8748.0;37;82;127;113;132;121
8754.0;38;82;126;113;133;120
8760.0;38;82;126;113;133;120
8766.0;38;81;126;113;134;120
8772.0;38;82;125;113;134;120
8778.0;38;83;124;113;134;120
8784.0;38;83;124;113;134;120
8790.0;38;83;124;113;134;120
8796.0;38;82;123;114;134;121
8802.0;38;82;123;114;134;121
8808.0;38;82;122;114;135;121
8814.0;37;82;122;115;135;121
8820.0;38;83;121;115;135;120
8826.0;37;83;121;114;137;120
8832.0;37;83;122;115;136;119
8838.0;38;81;123;115;136;119
8844.0;38;82;121;116;136;119
8850.0;38;84;120;116;136;118
8856.0;38;83;121;117;135;118
8862.0;38;83;123;115;134;119
8868.0;39;84;122;114;134;119
8874.0;39;84;121;114;135;119
8880.0;40;83;121;114;135;119
8886.0;41;84;120;113;135;119
8892.0;41;84;121;112;135;119
8898.0;41;85;121;112;134;119
8904.0;42;84;121;112;133;120
8910.0;42;84;121;112;133;120
8916.0;42;84;121;110;133;122
8922.0;42;84;121;110;133;122
8928.0;43;84;120;111;132;122
8934.0;43;83;120;111;132;123
8940.0;44;84;121;111;131;121
8946.0;42;83;121;112;133;121
8952.0;42;83;121;113;133;120
8958.0;41;84;120;112;135;120
8964.0;41;84;119;112;136;120
8970.0;41;84;119;112;136;120
8976.0;41;84;119;113;136;119
8982.0;41;84;119;114;136;118
8988.0;40;84;119;114;135;120
8994.0;40;84;119;114;135;120
9000.0;41;84;118;114;135;120
9006.0;41;84;118;114;135;120
9012.0;42;84;118;114;134;120
9018.0;41;84;118;114;134;121
9024.0;40;85;118;114;134;121
9030.0;41;84;116;113;135;123
9036.0;41;85;116;112;135;123
9042.0;41;85;116;113;135;122
9048.0;42;84;116;113;135;122
9054.0;42;82;116;113;137;122
9060.0;41;82;116;113;138;122
9066.0;40;82;117;113;139;121
9072.0;41;82;118;111;139;121
9078.0;41;82;117;112;139;121
9084.0;41;81;117;112;140;121
9090.0;41;79;118;113;139;122
9096.0;41;78;118;113;139;123
9102.0;41;78;118;113;139;123
9108.0;41;80;117;113;139;122
9114.0;40;79;118;113;140;122
9120.0;40;79;118;114;140;121
9126.0;40;79;118;114;140;121
9132.0;40;79;118;114;139;122
9138.0;40;79;118;114;139;122
9144.0;40;79;118;114;139;122
9150.0;40;79;119;114;139;121
9156.0;40;79;119;114;139;121
9162.0;41;78;119;115;138;121
9168.0;41;77;119;116;138;121
9174.0;41;76;119;115;139;122
9180.0;42;76;119;115;139;121
9186.0;42;76;120;115;139;120
9192.0;42;77;120;114;139;120
9198.0;43;76;120;114;139;120
9204.0;43;76;119;113;140;121
9210.0;43;75;118;113;140;123
9216.0;43;75;118;113;140;123
9222.0;44;75;118;113;140;122
9228.0;44;75;118;113;140;122
9234.0;44;75;118;113;140;122
9240.0;44;75;118;113;140;122
9246.0;44;75;118;114;140;121
9252.0;45;76;117;113;140;121
9258.0;43;76;117;113;141;122
9264.0;43;76;116;113;142;122
9270.0;44;75;116;113;142;122
9276.0;45;74;116;113;142;122
9282.0;46;74;115;113;142;122
9288.0;46;73;116;113;142;122
9294.0;46;73;116;113;142;122
9300.0;46;73;116;113;142;122
9306.0;46;73;116;113;142;122
9312.0;46;73;116;113;142;122
9318.0;46;73;116;113;142;122
9324.0;46;73;117;113;141;122
9330.0;45;74;117;112;141;123
9336.0;45;73;116;114;142;122
9342.0;46;73;116;114;142;121
9348.0;47;73;117;113;142;120
9354.0;47;74;117;113;141;120
9360.0;47;74;117;113;142;119
9366.0;47;74;118;113;141;119
9372.0;46;74;118;113;142;119
9378.0;47;75;117;113;141;119
9384.0;48;75;117;112;141;119
9390.0;49;75;117;112;141;118
9396.0;49;75;117;113;140;118
9402.0;49;74;117;113;141;118
9408.0;49;75;115;113;142;118
9414.0;50;76;115;113;141;117
9420.0;50;76;116;113;141;116
9426.0;50;77;117;112;141;115
9432.0;51;76;116;112;141;116
9438.0;50;77;116;112;143;114
9444.0;50;77;116;112;143;114
9450.0;50;78;117;111;143;113
9456.0;50;77;116;112;143;114
9462.0;50;77;116;111;143;115
9468.0;50;77;116;112;143;114
9474.0;51;76;116;112;143;114
9480.0;51;76;116;112;143;114
9486.0;51;77;115;112;143;114
9492.0;51;77;115;111;144;114
9498.0;51;77;115;111;144;114
9504.0;51;77;115;111;144;114
9510.0;52;78;115;111;143;113
9516.0;53;78;116;110;143;112
9522.0;53;76;117;109;144;113
9528.0;53;75;117;109;144;114
9534.0;54;76;116;107;144;115
9540.0;54;76;115;107;145;115
9546.0;53;76;117;107;145;114
9552.0;53;76;117;106;145;115
9558.0;54;74;117;105;145;117
9564.0;53;75;117;104;146;117
9570.0;53;75;117;104;146;117
9576.0;54;76;118;102;146;116
9582.0;53;76;118;102;146;117
9588.0;53;76;117;102;147;117
9594.0;53;76;117;102;147;117
9600.0;52;76;117;102;148;117
9606.0;53;76;116;102;148;117
9612.0;53;76;116;101;148;118
9618.0;53;76;116;101;148;118
9624.0;53;76;115;103;147;118
9630.0;52;76;116;105;146;117
9636.0;51;77;116;105;146;117
9642.0;51;77;116;105;146;117
9648.0;52;78;116;103;146;117
9654.0;52;78;116;103;147;116
9660.0;52;79;116;103;147;115
9666.0;53;79;116;102;147;115
9672.0;53;80;115;102;148;114
9678.0;53;80;114;103;148;114
9684.0;54;80;114;103;147;114
9690.0;55;79;114;105;145;114
9696.0;55;78;114;106;145;114
9702.0;55;77;114;106;146;114
9708.0;57;78;114;105;145;113
9714.0;58;78;115;104;145;112
9720.0;58;79;114;104;145;112
9726.0;58;78;114;104;145;113
9732.0;58;79;115;104;144;112
9738.0;58;79;115;104;144;112
9744.0;58;79;115;104;144;112
9750.0;59;78;114;104;144;113
9756.0;60;78;113;103;145;113
9762.0;60;79;113;103;144;113
9768.0;61;79;111;103;144;114
9774.0;60;79;111;104;144;114
9780.0;60;80;110;104;144;114
9786.0;60;80;110;105;144;113
9792.0;60;80;110;105;143;114
9798.0;60;80;110;105;143;114
9804.0;61;79;110;105;143;114
9810.0;61;79;110;104;143;115
9816.0;61;79;110;104;143;115
9822.0;61;79;110;104;143;115
9828.0;62;79;110;104;142;115
9834.0;60;78;112;104;143;115
9840.0;60;79;112;104;143;114
9846.0;60;79;113;104;143;113
9852.0;59;79;113;105;143;113
9858.0;59;80;113;105;142;113
9864.0;59;79;115;104;142;113
9870.0;59;80;115;104;142;112
9876.0;58;79;115;105;143;112
9882.0;58;78;115;106;143;112
9888.0;57;79;115;106;143;112
9894.0;57;79;115;106;143;112
9900.0;56;80;114;106;143;113
9906.0;55;80;114;106;143;114
9912.0;57;81;113;106;142;113
9918.0;58;81;112;106;141;114
9924.0;57;82;112;106;141;114
9930.0;57;83;112;104;141;115
9936.0;57;83;112;104;141;115
9942.0;57;85;111;104;141;114
9948.0;58;85;111;104;141;113
9954.0;56;85;112;104;142;113
9960.0;54;86;112;104;142;114
9966.0;54;87;112;105;141;113
9972.0;54;88;111;105;141;113
9978.0;55;88;111;105;141;112
9984.0;54;89;110;106;141;112
9990.0;53;89;109;107;141;113
9996.0;54;88;109;107;141;113
10002.0;54;87;110;106;142;113
10008.0;54;86;111;106;141;114
10014.0;53;86;112;106;141;114
10020.0;51;87;112;106;141;115
10026.0;52;86;111;107;141;115
10032.0;52;84;110;109;142;115
10038.0;51;84;112;110;140;115
10044.0;52;84;113;108;141;114
10050.0;52;85;112;108;141;114
10056.0;52;85;112;108;141;114
10062.0;51;85;112;108;141;115
10068.0;51;85;112;108;141;115
10074.0;52;85;112;108;140;115
10080.0;53;85;111;107;141;115
10086.0;53;85;110;108;141;115
10092.0;53;86;110;107;141;115
10098.0;53;85;110;107;141;116
10104.0;53;85;110;107;141;116
10110.0;53;86;110;107;140;116
10116.0;53;86;110;107;140;116
10122.0;52;85;111;106;142;116
10128.0;52;85;111;105;143;116
10134.0;54;85;110;104;143;116
10140.0;54;85;110;104;143;116
10146.0;54;84;110;104;143;117
10152.0;54;84;111;104;142;117
10158.0;54;84;112;104;142;116
10164.0;54;83;112;105;142;116
10170.0;54;83;113;104;143;115
10176.0;55;83;113;104;143;114
10182.0;55;83;113;104;143;114
10188.0;55;83;114;103;143;114
10194.0;55;82;114;104;142;115
10200.0;55;82;114;103;142;116
10206.0;55;83;114;102;142;116
10212.0;56;83;115;101;142;115
10218.0;57;83;116;101;141;114
10224.0;56;83;117;101;141;114
10230.0;56;83;118;100;141;114
10236.0;56;83;118;100;141;114
10242.0;56;84;118;100;140;114
10248.0;56;84;118;100;141;113
10254.0;55;85;118;100;140;114
10260.0;55;86;117;100;140;114
10266.0;54;86;117;100;140;115
10272.0;55;86;118;100;139;114
10278.0;55;86;118;100;139;114
10284.0;56;86;118;100;138;114
10290.0;56;86;119;100;137;114
10296.0;56;86;119;100;137;114
10302.0;57;85;119;100;137;114
10308.0;57;85;119;100;137;114
10314.0;57;85;119;100;137;114
10320.0;57;84;120;100;137;114
10326.0;57;83;121;100;137;114
10332.0;55;83;121;101;138;114
10338.0;55;83;121;101;138;114
10344.0;55;83;121;101;138;114
10350.0;55;84;121;100;138;114
10356.0;55;85;120;99;139;114
10362.0;55;86;119;100;139;113
10368.0;55;85;119;100;139;114
10374.0;58;85;117;99;139;114
10380.0;59;86;117;98;139;113
10386.0;59;86;116;98;140;113
10392.0;59;86;116;97;140;114
10398.0;59;86;116;97;140;114
10404.0;59;86;116;97;140;114
10410.0;60;86;115;97;139;115
10416.0;60;86;115;97;139;115
10422.0;59;85;117;97;139;115
10428.0;60;86;116;99;139;112
10434.0;60;86;116;99;139;112
10440.0;60;86;118;99;138;111
10446.0;61;85;118;98;138;112
10452.0;62;85;117;98;137;113
10458.0;62;85;117;98;137;113
10464.0;63;85;117;97;137;113
10470.0;64;85;118;97;135;113
10476.0;64;86;118;96;135;113
10482.0;64;86;119;96;134;113
10488.0;64;86;119;96;134;113
10494.0;63;89;119;94;135;112
10500.0;63;90;118;95;134;112
10506.0;61;89;118;98;134;112
10512.0;61;89;117;99;133;113
10518.0;60;89;118;99;133;113
10524.0;60;88;118;99;134;113
10530.0;60;88;118;99;133;114
10536.0;61;87;118;97;135;114
10542.0;63;87;119;96;134;113
10548.0;63;86;119;97;134;113
10554.0;61;85;119;98;135;114
10560.0;61;85;119;98;135;114
10566.0;60;85;119;98;135;115
10572.0;60;85;120;97;135;115
10578.0;61;85;119;96;136;115
10584.0;61;87;118;96;135;115
10590.0;61;87;118;95;136;115
10596.0;61;87;118;95;136;115
10602.0;61;87;117;95;136;116
10608.0;61;87;117;95;136;116
10614.0;61;87;117;95;136;116
10620.0;61;88;117;95;135;116
10626.0;60;89;117;95;135;116
10632.0;60;90;117;95;135;115
10638.0;60;90;117;95;135;115
10644.0;59;90;116;96;135;116
10650.0;59;92;116;96;135;114
10656.0;56;94;117;96;135;114
10662.0;56;94;116;96;136;114
10668.0;56;94;117;95;136;114
10674.0;56;94;117;96;136;113
10680.0;57;94;117;96;135;113
10686.0;57;94;117;96;135;113
10692.0;57;93;119;96;135;112
10698.0;56;93;119;96;135;113
10704.0;56;94;119;96;135;112
10710.0;56;94;119;96;135;112
10716.0;56;94;119;97;134;112
10722.0;56;93;121;98;133;111
10728.0;57;91;121;99;133;111
10734.0;58;91;121;99;132;111
10740.0;57;92;120;100;132;111
10746.0;58;91;120;100;132;111
10752.0;57;91;120;100;133;111
10758.0;55;91;120;100;134;112
10764.0;56;91;121;99;133;112
10770.0;56;92;121;97;134;112
10776.0;56;92;121;97;134;112
10782.0;56;92;121;97;134;112
10788.0;56;92;122;96;134;112
10794.0;56;92;122;96;134;112
