#auto generated file!
12.0;153;151;168;141;161;144
18.0;153;151;169;140;161;144
24.0;155;150;171;139;159;144
30.0;153;150;172;140;158;145
36.0;151;150;172;141;158;146
42.0;152;148;173;141;158;146
48.0;153;148;173;140;158;146
54.0;152;148;174;140;158;146
60.0;152;147;174;140;159;146
66.0;149;148;174;141;160;146
72.0;148;147;175;142;160;146
78.0;147;147;175;144;159;146
84.0;145;149;174;144;160;146
90.0;145;149;173;145;160;146
96.0;144;149;175;148;158;144
102.0;144;148;176;148;158;144
108.0;145;147;176;148;158;144
114.0;144;147;176;148;159;144
120.0;144;147;176;148;159;144
126.0;144;147;177;149;159;142
132.0;144;147;177;149;159;142
138.0;143;148;176;149;160;142
144.0;143;148;176;150;160;141
150.0;142;148;177;150;160;141
156.0;142;149;176;150;160;141
162.0;142;150;175;151;159;141
168.0;141;150;174;153;159;141
174.0;141;150;174;153;159;141
180.0;143;149;174;152;159;141
186.0;144;148;173;152;161;140
192.0;144;149;173;151;161;140
198.0;144;149;174;151;161;139
204.0;141;151;174;151;160;141
210.0;140;151;174;152;158;143
216.0;140;151;173;152;158;144
222.0;139;151;172;154;158;144
228.0;139;151;172;154;157;145
234.0;139;151;172;154;157;145
240.0;137;151;172;156;157;145
246.0;137;151;172;156;158;144
252.0;137;153;172;155;158;143
258.0;138;153;172;155;157;143
264.0;139;153;172;154;157;143
270.0;139;154;172;153;157;143
276.0;140;153;173;152;157;143
282.0;140;153;173;152;157;143
288.0;139;152;173;153;158;143
294.0;139;152;172;154;157;144
300.0;140;153;171;153;157;144
306.0;139;153;171;153;158;144
312.0;137;153;171;153;159;145
318.0;137;151;172;153;160;145
324.0;137;149;172;154;160;146
330.0;134;149;172;155;161;147
336.0;135;148;172;155;161;147
342.0;134;149;172;154;161;148
348.0;135;149;172;152;161;149
354.0;136;147;172;152;161;150
360.0;136;148;171;152;162;149
366.0;136;148;171;152;162;149
372.0;137;148;171;150;162;150
378.0;137;148;171;150;162;150
384.0;137;146;171;150;163;151
390.0;138;146;171;148;163;152
396.0;138;146;173;147;163;151
402.0;137;146;173;148;163;151
408.0;136;146;173;150;163;150
414.0;136;146;173;150;163;150
420.0;134;145;175;150;165;149
426.0;133;144;176;149;166;150
432.0;133;145;176;149;166;149
438.0;133;145;176;149;166;149
444.0;134;145;175;148;167;149
450.0;133;147;175;148;166;149
456.0;132;147;175;147;167;150
462.0;131;146;175;147;168;151
468.0;131;147;176;146;168;150
474.0;130;148;176;146;168;150
480.0;130;148;175;147;168;150
486.0;129;148;175;147;168;151
492.0;128;147;175;147;169;152
498.0;128;147;175;146;169;153
504.0;128;148;175;146;168;153
510.0;128;148;175;146;168;153
516.0;128;148;175;147;169;151
522.0;129;151;170;146;170;152
528.0;128;151;170;146;170;153
534.0;128;152;168;147;170;153
540.0;127;152;169;148;170;152
546.0;127;152;170;149;169;151
552.0;127;152;170;149;169;151
558.0;126;152;170;151;168;151
564.0;126;152;170;151;168;151
570.0;125;150;170;152;168;153
576.0;125;150;170;152;168;153
582.0;124;150;169;152;169;154
588.0;123;149;171;152;169;154
594.0;124;151;171;150;169;153
600.0;123;152;173;149;168;153
606.0;123;153;173;149;168;152
612.0;123;153;173;148;168;153
618.0;123;154;173;147;168;153
624.0;123;154;174;146;168;153
630.0;123;154;173;146;167;155
636.0;123;154;173;146;167;155
642.0;123;153;174;147;167;154
648.0;123;153;174;147;166;155
654.0;121;153;176;146;167;155
660.0;121;153;177;144;167;156
666.0;118;154;178;145;166;157
672.0;116;155;178;146;166;157
678.0;116;155;178;146;167;156
684.0;115;157;177;146;167;156
690.0;115;157;176;146;168;156
696.0;115;157;176;146;168;156
702.0;115;157;175;146;168;157
708.0;114;157;176;146;169;156
714.0;113;158;177;145;170;155
720.0;114;158;176;145;170;155
726.0;113;158;178;144;170;155
732.0;112;158;178;144;170;156
738.0;112;157;179;144;170;156
744.0;114;156;178;144;170;156
750.0;114;156;177;145;170;156
756.0;113;157;177;145;169;157
762.0;114;157;177;145;169;156
768.0;112;157;178;144;169;158
774.0;111;158;178;144;170;157
780.0;111;158;178;143;171;157
786.0;112;156;180;143;170;157
792.0;112;155;180;143;172;156
798.0;112;155;180;143;172;156
804.0;112;155;180;143;172;156
810.0;112;155;181;142;172;156
816.0;111;156;183;141;171;156
822.0;112;156;183;141;171;155
828.0;111;156;184;141;171;155
834.0;110;155;185;142;171;155
840.0;110;155;185;143;170;155
846.0;110;154;186;143;170;155
852.0;110;155;185;143;169;156
858.0;109;155;185;143;169;157
864.0;108;156;184;143;170;157
870.0;108;156;184;143;169;158
876.0;108;156;184;143;169;158
882.0;108;156;184;143;169;158
888.0;107;156;185;143;169;158
894.0;108;157;184;142;169;158
900.0;108;155;184;142;169;160
906.0;106;155;185;143;169;160
912.0;106;153;185;144;169;161
918.0;106;153;185;144;169;161
924.0;106;153;185;144;169;161
930.0;105;153;185;145;169;161
936.0;105;154;185;145;168;161
942.0;104;153;185;147;168;161
948.0;104;154;185;146;168;161
954.0;104;153;184;147;168;162
960.0;103;150;184;149;168;164
966.0;102;150;184;149;169;164
972.0;100;151;185;149;168;165
978.0;100;152;187;148;167;164
984.0;98;154;187;148;167;164
990.0;98;155;187;147;168;163
996.0;97;154;187;148;167;165
1002.0;98;153;187;149;167;164
1008.0;99;153;187;149;166;164
1014.0;99;152;186;149;167;165
1020.0;99;152;186;152;167;162
1026.0;100;152;186;153;165;162
1032.0;102;152;185;154;163;162
1038.0;102;153;183;154;164;162
1044.0;101;153;183;154;165;162
1050.0;100;152;183;156;166;161
1056.0;100;152;184;155;166;161
1062.0;100;152;185;153;167;161
1068.0;100;152;185;154;167;160
1074.0;99;152;185;153;168;161
1080.0;98;153;185;153;168;161
1086.0;98;152;186;152;169;161
1092.0;99;151;187;152;168;161
1098.0;98;151;187;153;168;161
1104.0;98;150;187;153;168;162
1110.0;97;150;187;155;167;162
1116.0;99;150;186;154;166;163
1122.0;98;151;185;153;167;164
1128.0;98;152;185;152;168;163
1134.0;98;152;185;152;166;165
1140.0;96;153;184;152;166;167
1146.0;97;153;184;152;166;166
1152.0;97;153;184;153;167;164
1158.0;97;152;185;153;167;164
1164.0;96;153;184;153;168;164
1170.0;96;153;184;153;168;164
1176.0;96;153;184;153;168;164
1182.0;96;152;184;153;169;164
1188.0;96;153;184;153;169;163
1194.0;97;153;184;152;169;163
1200.0;97;152;184;152;169;164
1206.0;97;152;183;152;169;165
1212.0;97;152;184;150;169;166
1218.0;98;151;184;150;169;166
1224.0;98;152;184;150;168;166
1230.0;97;153;185;149;168;166
1236.0;97;151;185;149;168;168
1242.0;98;151;186;148;168;167
1248.0;99;151;186;150;168;164
1254.0;99;150;187;152;166;164
1260.0;100;150;187;152;165;164
1266.0;98;150;189;150;166;165
1272.0;96;151;189;150;168;164
1278.0;96;150;189;150;169;164
1284.0;97;149;190;150;169;163
1290.0;96;149;191;150;169;163
1296.0;97;149;190;151;169;162
1302.0;97;149;190;151;169;162
1308.0;97;149;190;151;169;162
1314.0;97;148;190;151;169;163
1320.0;96;150;189;151;169;163
1326.0;96;149;187;153;169;164
1332.0;97;150;187;151;169;164
1338.0;97;150;187;150;170;164
1344.0;99;149;187;149;170;164
1350.0;98;149;187;149;171;164
1356.0;98;149;188;148;171;164
1362.0;99;147;188;149;171;164
1368.0;99;147;189;148;172;163
1374.0;98;147;189;148;172;164
1380.0;99;148;188;146;173;164
1386.0;100;148;188;146;174;162
1392.0;101;149;187;146;173;162
1398.0;100;148;188;145;174;163
1404.0;100;147;188;146;174;163
1410.0;101;148;189;145;172;163
1416.0;100;148;190;145;172;163
1422.0;100;148;190;145;172;163
1428.0;99;150;190;145;172;162
1434.0;99;151;189;145;172;162
1440.0;99;151;190;144;172;162
1446.0;100;150;191;143;172;162
1452.0;100;150;192;142;173;161
1458.0;100;150;193;143;172;160
1464.0;100;150;193;142;173;160
1470.0;99;150;193;142;175;159
1476.0;98;151;193;142;175;159
1482.0;97;151;193;142;176;159
1488.0;96;151;193;142;176;160
1494.0;95;152;193;142;177;159
1500.0;95;152;193;143;177;158
1506.0;95;153;192;144;177;157
1512.0;96;151;193;144;176;158
1518.0;95;151;192;146;177;157
1524.0;95;151;191;146;178;157
1530.0;95;151;191;146;178;157
1536.0;94;151;192;146;178;157
1542.0;93;150;192;148;178;157
1548.0;92;151;192;149;178;156
1554.0;91;151;194;149;178;155
1560.0;90;152;194;150;177;155
1566.0;89;150;195;150;178;156
1572.0;87;151;195;151;177;157
1578.0;85;151;195;152;177;158
1584.0;84;151;196;152;177;158
1590.0;84;152;198;151;176;157
1596.0;84;152;198;151;176;157
1602.0;83;152;198;151;176;158
1608.0;83;153;197;151;174;160
1614.0;83;153;197;151;174;160
1620.0;84;153;199;148;175;159
1626.0;84;153;198;148;175;160
1632.0;82;154;198;148;176;160
1638.0;82;154;198;147;177;160
1644.0;82;154;198;146;177;161
1650.0;82;154;198;146;177;161
1656.0;81;154;198;144;178;163
1662.0;82;153;199;143;178;163
1668.0;82;153;198;143;179;163
1674.0;82;153;197;143;179;164
1680.0;82;155;198;143;178;162
1686.0;83;155;198;143;177;162
1692.0;85;155;197;143;177;161
1698.0;85;155;196;142;179;161
1704.0;83;156;196;142;180;161
1710.0;82;156;197;141;181;161
1716.0;82;157;197;142;181;159
1722.0;82;157;197;141;181;160
1728.0;80;154;199;143;181;161
1734.0;80;154;200;142;181;161
1740.0;79;154;200;143;180;162
1746.0;79;154;199;143;181;162
1752.0;79;154;199;143;181;162
1758.0;78;154;199;143;182;162
1764.0;79;154;199;142;182;162
1770.0;80;153;196;143;184;162
1776.0;80;153;196;143;184;162
1782.0;79;153;196;143;184;163
1788.0;79;153;196;143;184;163
1794.0;77;154;197;143;185;162
1800.0;76;154;197;143;185;163
1806.0;75;152;197;143;186;165
1812.0;75;151;198;143;186;165
1818.0;75;151;198;144;185;165
1824.0;75;152;197;143;185;166
1830.0;76;152;197;143;185;165
1836.0;77;154;196;143;185;163
1842.0;78;155;195;143;185;162
1848.0;78;155;195;142;185;163
1854.0;78;156;195;141;186;162
1860.0;78;156;194;141;186;163
1866.0;78;156;194;138;189;163
1872.0;77;156;193;138;190;164
1878.0;76;155;193;139;191;164
1884.0;76;155;192;139;191;165
1890.0;76;155;191;139;191;166
1896.0;75;154;191;139;193;166
1902.0;74;155;192;137;194;166
1908.0;74;155;192;135;193;169
1914.0;73;156;193;135;192;169
1920.0;74;156;194;134;191;169
1926.0;74;156;195;133;191;169
1932.0;76;155;196;133;190;168
1938.0;76;155;197;133;189;168
1944.0;76;155;198;133;189;167
1950.0;75;154;198;133;191;167
1956.0;77;155;197;132;192;165
1962.0;77;154;196;132;193;166
1968.0;76;154;197;131;194;166
1974.0;77;154;196;131;194;166
1980.0;78;155;196;131;193;165
1986.0;77;155;196;132;193;165
1992.0;77;155;196;130;194;166
1998.0;76;154;197;130;195;166
2004.0;76;154;196;131;195;166
2010.0;76;154;197;131;195;165
2016.0;77;155;197;130;195;164
2022.0;79;154;195;131;195;164
2028.0;80;154;196;134;194;160
2034.0;80;153;196;134;195;160
2040.0;81;151;197;133;197;159
2046.0;81;150;197;133;196;161
2052.0;81;149;197;134;196;161
2058.0;82;150;196;132;197;161
2064.0;86;149;197;128;196;162
2070.0;86;151;197;128;195;161
2076.0;84;151;198;128;196;161
2082.0;83;152;198;128;196;161
2088.0;83;152;199;128;195;161
2094.0;82;152;200;129;194;161
2100.0;82;151;201;129;194;161
2106.0;82;151;203;129;191;162
2112.0;82;151;203;129;191;162
2118.0;82;151;202;129;190;164
2124.0;82;153;203;128;189;163
2130.0;81;153;203;129;189;163
2136.0;82;153;203;128;189;163
2142.0;83;152;203;129;189;162
2148.0;83;152;203;129;189;162
2154.0;84;152;203;129;188;162
2160.0;85;149;203;130;188;163
2166.0;84;149;202;131;188;164
2172.0;85;149;202;131;188;163
2178.0;84;149;204;130;189;162
2184.0;84;149;204;130;189;162
2190.0;84;149;204;131;189;161
2196.0;86;149;203;131;187;162
2202.0;85;149;203;130;188;163
2208.0;87;148;203;129;188;163
2214.0;86;148;204;128;188;164
2220.0;87;148;204;128;188;163
2226.0;87;148;204;128;188;163
2232.0;87;149;203;128;188;163
2238.0;87;148;203;128;188;164
2244.0;86;148;203;128;189;164
2250.0;86;149;202;128;189;164
2256.0;87;149;201;128;188;165
2262.0;87;149;201;128;188;165
2268.0;87;148;202;128;188;165
2274.0;87;148;202;128;187;166
2280.0;87;148;202;127;189;165
2286.0;86;148;202;128;188;166
2292.0;86;148;202;128;188;166
2298.0;86;148;202;128;188;166
2304.0;87;148;201;128;188;166
2310.0;86;148;201;129;188;166
2316.0;87;148;200;129;188;166
2322.0;86;148;200;129;188;167
2328.0;87;149;200;128;187;167
2334.0;87;148;203;128;187;165
2340.0;88;149;203;127;187;164
2346.0;90;150;201;127;186;164
2352.0;90;150;201;127;186;164
2358.0;90;151;200;127;186;164
2364.0;91;150;200;128;184;165
2370.0;91;148;198;130;184;167
2376.0;91;147;199;130;184;167
2382.0;91;146;198;132;184;167
2388.0;91;145;197;133;185;167
2394.0;93;145;197;132;185;166
2400.0;94;146;196;132;183;167
2406.0;93;145;195;133;183;169
2412.0;93;144;196;134;183;168
2418.0;93;144;195;134;184;168
2424.0;94;145;194;134;184;167
2430.0;94;145;194;134;184;167
2436.0;95;144;194;135;183;167
2442.0;95;144;194;135;183;167
2448.0;95;145;194;137;182;165
2454.0;93;145;193;136;184;167
2460.0;93;145;193;135;184;168
2466.0;95;145;193;134;183;168
2472.0;95;144;194;135;182;168
2478.0;95;145;194;135;183;166
2484.0;95;145;194;134;184;166
2490.0;94;145;196;134;184;165
2496.0;95;144;197;134;181;167
2502.0;94;145;196;134;181;168
2508.0;94;145;195;133;182;169
2514.0;92;144;194;134;184;170
2520.0;93;144;193;133;184;171
2526.0;92;145;192;133;184;172
2532.0;91;146;192;132;184;173
2538.0;90;146;190;132;186;174
2544.0;90;147;189;132;186;174
2550.0;90;147;189;132;186;174
2556.0;90;146;190;132;186;174
2562.0;89;146;190;131;187;175
2568.0;89;146;190;132;186;175
2574.0;89;145;189;131;187;177
2580.0;89;146;189;131;187;176
2586.0;90;147;188;131;187;175
2592.0;90;148;187;131;187;175
2598.0;89;149;186;133;187;174
2604.0;89;149;186;133;187;174
2610.0;88;150;184;133;187;176
2616.0;87;152;184;134;187;174
2622.0;87;152;183;134;187;175
2628.0;87;153;183;134;187;174
2634.0;87;153;184;133;187;174
2640.0;88;153;184;132;187;174
2646.0;87;154;183;133;187;174
2652.0;88;154;182;133;187;174
2658.0;88;154;182;132;187;175
2664.0;89;154;182;132;187;174
2670.0;88;155;181;132;188;174
2676.0;89;155;180;132;188;174
2682.0;88;154;180;132;189;175
2688.0;87;155;180;132;189;175
2694.0;87;155;180;132;189;175
2700.0;88;155;180;131;188;176
2706.0;88;154;178;132;189;177
2712.0;88;154;178;133;189;176
2718.0;87;155;178;132;189;177
2724.0;87;155;178;132;189;177
2730.0;88;156;179;132;186;177
2736.0;89;155;179;132;186;177
2742.0;89;156;179;132;186;176
2748.0;90;155;180;131;186;176
2754.0;90;156;180;131;185;176
2760.0;90;157;180;131;185;175
2766.0;92;157;179;131;185;174
2772.0;92;156;179;132;185;174
2778.0;92;155;180;131;186;174
2784.0;94;155;179;131;185;174
2790.0;94;157;179;129;185;174
2796.0;94;157;178;128;187;174
2802.0;94;157;178;128;187;174
2808.0;92;158;178;129;188;173
2814.0;90;159;178;128;189;174
2820.0;91;159;176;127;189;176
2826.0;93;158;177;127;188;175
2832.0;95;158;177;127;188;173
2838.0;96;160;177;126;187;172
2844.0;96;161;177;125;188;171
2850.0;96;161;176;126;188;171
2856.0;95;162;176;125;189;171
2862.0;94;162;177;124;190;171
2868.0;92;162;178;124;191;171
2874.0;93;162;179;124;190;170
2880.0;94;162;179;124;189;170
2886.0;92;162;181;124;189;170
2892.0;93;162;183;122;189;169
2898.0;93;162;183;122;189;169
2904.0;93;161;185;122;190;167
2910.0;94;161;184;124;189;166
2916.0;94;162;184;125;189;164
2922.0;94;162;184;125;189;164
2928.0;95;161;181;126;191;164
2934.0;95;160;182;125;193;163
2940.0;96;160;182;125;191;164
2946.0;96;160;182;124;191;165
2952.0;96;162;181;123;192;164
2958.0;96;161;181;123;194;163
2964.0;96;160;180;123;195;164
2970.0;96;159;180;123;195;165
2976.0;96;159;180;124;194;165
2982.0;96;158;178;126;194;166
2988.0;95;159;179;126;194;165
2994.0;94;159;179;126;193;167
3000.0;94;159;180;125;193;167
3006.0;94;159;180;124;194;167
3012.0;94;159;180;124;194;167
3018.0;92;159;180;124;195;168
3024.0;93;159;180;124;194;168
3030.0;91;157;181;125;195;169
3036.0;91;157;180;126;194;170
3042.0;91;156;180;127;194;170
3048.0;92;156;180;126;194;170
3054.0;92;154;180;129;193;170
3060.0;92;155;179;129;192;171
3066.0;93;155;180;128;191;171
3072.0;93;153;181;130;191;170
3078.0;92;153;181;132;190;170
3084.0;89;154;183;133;189;170
3090.0;90;154;184;133;189;168
3096.0;90;154;184;134;188;168
3102.0;91;153;184;136;187;167
3108.0;91;153;184;136;187;167
3114.0;91;152;183;137;187;168
3120.0;91;152;184;136;187;168
3126.0;91;152;184;135;188;168
3132.0;92;152;184;135;187;168
3138.0;92;152;184;135;187;168
3144.0;92;152;184;134;188;168
3150.0;93;152;184;133;188;168
3156.0;93;151;184;133;189;168
3162.0;93;153;184;132;188;168
3168.0;94;152;184;132;188;168
3174.0;95;152;184;131;189;167
3180.0;95;152;184;131;190;166
3186.0;94;152;184;130;191;167
3192.0;93;152;183;131;192;167
3198.0;94;152;182;131;192;167
3204.0;94;153;183;129;192;167
3210.0;95;151;184;129;192;167
3216.0;96;151;184;129;192;166
3222.0;95;152;184;130;191;166
3228.0;95;152;184;130;192;165
3234.0;95;152;185;130;192;164
3240.0;95;152;185;132;192;162
3246.0;94;152;186;132;189;165
3252.0;94;153;186;132;189;164
3258.0;94;153;186;131;188;166
3264.0;94;154;184;131;188;167
3270.0;94;153;184;132;188;167
3276.0;94;154;184;131;188;167
3282.0;94;155;186;129;188;166
3288.0;94;155;186;129;188;166
3294.0;94;155;185;129;189;166
3300.0;94;154;185;129;189;167
3306.0;95;154;185;129;188;167
3312.0;96;154;185;129;187;167
3318.0;95;154;186;128;189;166
3324.0;95;154;186;128;189;166
3330.0;95;153;186;128;189;167
3336.0;96;153;186;128;189;166
3342.0;96;152;186;130;188;166
3348.0;96;150;187;130;190;165
3354.0;95;152;186;131;190;164
3360.0;95;152;186;131;190;164
3366.0;95;152;186;131;190;164
3372.0;93;153;186;132;190;164
3378.0;92;152;187;132;190;165
3384.0;92;151;187;132;190;166
3390.0;90;151;186;132;192;167
3396.0;90;151;185;133;192;167
3402.0;90;152;185;133;191;167
3408.0;91;152;185;133;191;166
3414.0;90;153;186;133;191;165
3420.0;90;153;186;133;191;165
3426.0;88;154;187;133;191;165
3432.0;89;153;187;132;192;165
3438.0;90;152;188;132;192;164
3444.0;90;151;189;132;192;164
3450.0;89;151;190;132;193;163
3456.0;87;152;190;133;193;163
3462.0;86;152;189;134;193;164
3468.0;86;152;189;134;193;164
3474.0;85;152;189;133;194;165
3480.0;85;153;189;134;193;164
3486.0;85;153;189;134;193;164
3492.0;83;152;190;136;192;165
3498.0;82;152;190;136;193;165
3504.0;82;153;191;136;193;163
3510.0;82;153;191;135;194;163
3516.0;81;153;192;135;193;164
3522.0;81;153;192;135;193;164
3528.0;79;153;193;135;193;165
3534.0;79;153;193;135;193;165
3540.0;80;153;193;135;193;164
3546.0;80;154;193;134;192;165
3552.0;80;154;193;133;192;166
3558.0;80;153;194;134;192;165
3564.0;81;152;194;135;192;164
3570.0;81;152;194;133;193;165
3576.0;80;151;195;134;193;165
3582.0;79;151;196;134;193;165
3588.0;79;151;195;134;193;166
3594.0;80;150;194;134;195;165
3600.0;80;151;193;134;195;165
3606.0;80;151;193;134;197;163
3612.0;80;151;193;134;197;163
3618.0;79;152;193;134;197;163
3624.0;78;153;193;134;196;164
3630.0;76;154;192;134;196;166
3636.0;77;153;192;134;196;166
3642.0;77;153;192;134;196;166
3648.0;77;153;192;134;195;167
3654.0;77;154;191;134;195;167
3660.0;77;154;191;134;195;167
3666.0;78;154;191;134;194;167
3672.0;78;154;191;135;192;168
3678.0;78;154;190;134;193;169
3684.0;78;155;190;134;192;169
3690.0;78;155;188;135;192;170
3696.0;78;155;188;135;193;169
3702.0;78;154;190;135;192;169
3708.0;78;153;191;135;192;169
3714.0;78;155;191;134;192;168
3720.0;77;154;194;134;191;168
3726.0;79;155;194;134;188;168
3732.0;78;156;194;134;188;168
3738.0;78;156;193;134;189;168
3744.0;78;156;192;135;189;168
3750.0;77;157;193;135;189;167
3756.0;77;157;190;137;189;168
3762.0;76;157;189;138;190;168
3768.0;78;159;188;136;189;168
3774.0;77;157;190;138;188;168
3780.0;77;157;191;137;188;168
3786.0;77;157;191;137;188;168
3792.0;77;157;191;137;189;167
3798.0;80;156;192;134;188;168
3804.0;80;155;193;134;188;168
3810.0;80;155;193;133;188;169
3816.0;81;155;193;133;188;168
3822.0;81;154;193;133;188;169
3828.0;80;154;193;133;189;169
3834.0;80;155;193;133;189;168
3840.0;80;154;194;133;189;168
3846.0;80;153;194;135;188;168
3852.0;80;153;194;135;188;168
3858.0;83;151;193;134;188;169
3864.0;82;151;194;135;188;168
3870.0;82;150;192;135;191;168
3876.0;81;150;193;135;191;168
3882.0;79;150;193;136;191;169
3888.0;80;149;192;135;193;169
3894.0;81;149;192;135;192;169
3900.0;82;148;193;136;192;167
3906.0;83;147;193;135;193;167
3912.0;83;147;193;134;194;167
3918.0;82;147;192;136;194;167
3924.0;84;144;192;137;194;167
3930.0;84;143;191;137;196;167
3936.0;85;144;191;135;197;166
3942.0;84;144;191;136;197;166
3948.0;82;145;190;136;197;168
3954.0;82;145;190;136;197;168
3960.0;82;144;190;136;197;169
3966.0;82;145;190;135;197;169
3972.0;81;145;190;136;197;169
3978.0;80;144;192;136;197;169
3984.0;79;144;192;137;196;170
3990.0;80;144;192;136;196;170
3996.0;80;145;191;136;197;169
4002.0;80;145;192;135;197;169
4008.0;81;145;191;135;196;170
4014.0;78;144;193;137;196;170
4020.0;78;144;192;137;197;170
4026.0;80;143;191;138;196;170
4032.0;80;144;191;138;196;169
4038.0;80;143;192;138;196;169
4044.0;81;143;191;138;197;168
4050.0;80;143;192;139;196;168
4056.0;80;142;191;139;197;169
4062.0;81;142;191;139;197;168
4068.0;81;141;192;140;197;167
4074.0;80;141;192;139;198;168
4080.0;80;141;192;139;198;168
4086.0;81;141;192;139;197;168
4092.0;81;141;192;139;197;168
4098.0;82;141;191;138;198;168
4104.0;82;141;191;137;198;169
4110.0;81;141;190;139;198;169
4116.0;83;141;190;138;197;169
4122.0;81;142;188;140;197;170
4128.0;81;141;189;140;197;170
4134.0;81;141;189;140;196;171
4140.0;81;140;190;141;197;169
4146.0;79;139;191;142;199;168
4152.0;79;139;191;141;200;168
4158.0;80;139;191;142;199;167
4164.0;81;141;189;143;198;166
4170.0;82;142;189;142;197;166
4176.0;82;142;190;141;196;167
4182.0;82;141;190;142;195;168
4188.0;81;141;190;143;195;168
4194.0;81;140;189;143;197;168
4200.0;82;140;189;143;196;168
4206.0;80;140;189;144;196;169
4212.0;79;140;190;144;195;170
4218.0;79;140;190;144;196;169
4224.0;80;140;189;144;197;168
4230.0;80;140;189;144;197;168
4236.0;79;140;189;145;197;168
4242.0;79;140;189;145;196;169
4248.0;80;140;189;146;195;168
4254.0;78;140;190;147;194;169
4260.0;79;140;189;147;194;169
4266.0;78;140;190;147;194;169
4272.0;77;140;191;147;194;169
4278.0;77;139;191;147;194;170
4284.0;76;138;191;147;195;171
4290.0;76;138;190;147;196;171
4296.0;76;138;190;146;197;171
4302.0;76;138;192;145;195;172
4308.0;74;138;193;145;195;173
4314.0;73;136;194;146;195;174
4320.0;72;135;195;145;197;174
4326.0;71;135;195;146;197;174
4332.0;72;135;197;146;195;173
4338.0;72;136;197;145;195;173
4344.0;71;135;198;145;195;174
4350.0;72;135;198;145;196;172
4356.0;72;135;198;146;195;172
4362.0;72;135;198;145;195;173
4368.0;72;134;199;144;197;172
4374.0;73;134;198;142;198;173
4380.0;73;134;198;141;198;174
4386.0;73;134;198;142;198;173
4392.0;73;134;198;142;198;173
4398.0;72;134;198;142;198;174
4404.0;71;134;200;141;198;174
4410.0;71;134;200;141;198;174
4416.0;70;133;201;141;200;173
4422.0;70;133;201;141;201;172
4428.0;71;132;200;142;201;172
4434.0;70;133;200;143;201;171
4440.0;71;134;199;143;200;171
4446.0;72;135;200;142;199;170
4452.0;74;134;199;142;198;171
4458.0;73;134;198;142;199;172
4464.0;73;135;198;141;199;172
4470.0;73;134;198;141;200;172
4476.0;74;134;197;140;200;173
4482.0;74;134;197;140;200;173
4488.0;74;133;198;141;199;173
4494.0;75;132;199;141;198;173
4500.0;75;132;198;142;198;173
4506.0;76;131;198;142;198;173
4512.0;77;129;199;143;197;173
4518.0;77;130;199;143;197;172
4524.0;77;130;200;143;196;172
4530.0;77;130;200;142;196;173
4536.0;77;130;199;142;196;174
4542.0;76;130;200;142;194;176
4548.0;76;131;200;142;193;176
4554.0;75;133;197;140;195;178
4560.0;74;133;198;140;196;177
4566.0;75;133;197;140;196;177
4572.0;75;132;197;140;197;177
4578.0;76;132;196;140;196;178
4584.0;76;132;196;140;196;178
4590.0;77;133;195;140;197;176
4596.0;77;132;194;141;197;177
4602.0;77;133;195;138;198;177
4608.0;78;134;194;138;197;177
4614.0;77;133;195;138;197;178
4620.0;79;135;193;137;196;178
4626.0;78;135;194;136;197;178
4632.0;78;136;193;136;197;178
4638.0;79;136;195;136;194;178
4644.0;78;136;195;136;195;178
4650.0;77;137;195;136;195;178
4656.0;78;137;195;136;193;179
4662.0;80;138;194;135;193;178
4668.0;79;138;194;136;193;178
4674.0;79;138;194;136;193;178
4680.0;79;138;193;136;194;178
4686.0;79;139;192;136;194;178
4692.0;78;139;193;136;195;177
4698.0;78;140;192;137;194;177
4704.0;78;140;193;137;194;176
4710.0;76;140;194;137;195;176
4716.0;75;140;194;138;195;176
4722.0;77;138;192;139;195;177
4728.0;77;141;191;139;192;178
4734.0;78;142;191;138;189;180
4740.0;78;143;191;138;188;180
4746.0;78;142;191;139;188;180
4752.0;79;143;191;138;187;180
4758.0;79;142;191;137;187;182
4764.0;79;142;191;137;187;182
4770.0;80;142;191;134;189;182
4776.0;79;144;191;134;188;182
4782.0;78;144;191;135;188;182
4788.0;77;144;191;135;189;182
4794.0;78;144;189;135;190;182
4800.0;78;144;189;135;190;182
4806.0;78;145;189;136;188;182
4812.0;78;145;191;135;187;182
4818.0;78;146;191;135;186;182
4824.0;78;145;192;135;186;182
4830.0;77;146;192;134;186;183
4836.0;78;145;193;133;186;183
4842.0;78;146;193;132;186;183
4848.0;78;146;193;131;187;183
4854.0;78;146;193;131;186;184
4860.0;78;147;193;131;186;183
4866.0;78;147;193;131;187;182
4872.0;78;147;193;132;187;181
4878.0;78;147;195;131;187;180
4884.0;78;147;195;131;187;180
4890.0;76;148;197;131;186;180
4896.0;75;147;196;131;188;181
4902.0;75;147;196;131;188;181
4908.0;75;146;196;131;189;181
4914.0;75;145;196;131;190;181
4920.0;76;145;197;131;189;180
4926.0;75;146;199;131;187;180
4932.0;75;145;200;131;187;180
4938.0;75;144;199;131;188;181
4944.0;76;144;198;131;187;182
4950.0;76;144;198;131;187;182
4956.0;77;147;196;131;186;181
4962.0;76;148;196;131;186;181
4968.0;76;147;195;131;188;181
4974.0;74;146;196;132;189;181
4980.0;73;145;196;132;190;182
4986.0;74;145;194;132;190;183
4992.0;74;144;193;132;192;183
4998.0;75;144;193;131;192;183
5004.0;74;143;194;131;192;184
5010.0;72;143;195;131;192;185
5016.0;71;145;194;132;191;185
5022.0;71;144;195;133;190;185
5028.0;71;144;194;134;190;185
5034.0;73;142;194;134;190;185
5040.0;72;141;194;135;190;186
5046.0;72;142;194;135;190;185
5052.0;72;142;194;135;190;185
5058.0;71;142;194;136;190;185
5064.0;71;142;194;136;190;185
5070.0;70;142;194;136;191;185
5076.0;71;141;196;135;190;185
5082.0;71;142;197;135;190;183
5088.0;73;140;196;136;191;182
5094.0;75;140;194;135;192;182
5100.0;74;141;193;135;193;182
5106.0;74;141;193;135;193;182
5112.0;74;140;194;135;192;183
5118.0;75;139;195;134;192;183
5124.0;76;139;193;134;192;184
5130.0;77;139;193;134;193;182
5136.0;77;139;194;133;194;181
5142.0;77;139;195;133;193;181
5148.0;77;139;195;133;193;181
5154.0;77;138;194;136;192;181
5160.0;77;139;194;136;191;181
5166.0;76;140;194;136;191;181
5172.0;75;141;194;136;191;181
5178.0;75;141;194;135;192;181
5184.0;74;142;194;136;191;181
5190.0;73;142;193;138;191;181
5196.0;72;142;193;140;190;181
5202.0;72;142;193;141;189;181
5208.0;74;141;192;141;189;181
5214.0;74;142;193;140;188;181
5220.0;74;142;193;141;187;181
5226.0;75;141;193;141;187;181
5232.0;75;141;193;142;187;180
5238.0;74;142;195;142;186;179
5244.0;74;142;195;142;186;179
5250.0;73;142;196;142;187;178
5256.0;73;141;196;144;185;179
5262.0;74;142;196;143;184;179
5268.0;72;142;198;144;185;177
5274.0;72;140;198;144;185;179
5280.0;72;139;200;144;183;180
5286.0;71;141;199;144;183;180
5292.0;71;140;199;144;183;181
5298.0;74;139;197;143;184;181
5304.0;74;139;197;142;185;181
5310.0;75;138;197;142;184;182
5316.0;74;138;197;142;185;182
5322.0;75;140;194;142;186;181
5328.0;74;140;195;142;186;181
5334.0;75;141;194;142;186;180
5340.0;75;139;193;143;187;181
5346.0;76;139;192;143;188;180
5352.0;76;139;192;142;189;180
5358.0;75;141;192;141;189;180
5364.0;76;142;192;140;188;180
5370.0;77;142;193;140;188;178
5376.0;78;142;193;140;187;178
5382.0;77;142;193;140;187;179
5388.0;77;141;193;140;187;180
5394.0;78;141;193;139;187;180
5400.0;80;141;192;139;187;179
5406.0;80;141;192;139;187;179
5412.0;80;140;192;139;187;180
5418.0;80;141;192;138;187;180
5424.0;79;142;191;138;188;180
5430.0;80;141;191;138;188;180
5436.0;80;142;190;138;188;180
5442.0;80;142;190;138;188;180
5448.0;79;141;190;139;189;180
5454.0;78;141;190;139;189;181
5460.0;80;141;189;138;190;180
5466.0;80;141;189;139;189;180
5472.0;81;141;189;139;188;180
5478.0;82;141;191;139;186;179
5484.0;82;140;191;139;187;179
5490.0;82;141;191;139;186;179
5496.0;81;141;192;139;186;179
5502.0;82;138;192;140;187;179
5508.0;83;137;192;140;188;178
5514.0;82;137;194;139;188;178
5520.0;82;137;194;139;188;178
5526.0;82;137;194;139;188;178
5532.0;82;138;194;137;188;179
5538.0;83;137;193;138;187;180
5544.0;83;137;193;138;187;180
5550.0;84;137;195;137;187;178
5556.0;84;137;196;136;187;178
5562.0;84;137;198;136;187;176
5568.0;83;137;198;137;187;176
5574.0;83;137;199;137;186;176
5580.0;83;137;198;136;186;178
5586.0;84;137;198;135;186;178
5592.0;85;138;198;135;185;177
5598.0;84;138;197;134;188;177
5604.0;84;138;197;134;188;177
5610.0;84;138;198;133;188;177
5616.0;84;138;199;133;187;177
5622.0;84;139;198;133;186;178
5628.0;84;139;198;134;185;178
5634.0;85;139;198;133;184;179
5640.0;83;139;201;131;184;180
5646.0;85;138;199;132;184;180
5652.0;85;137;200;132;185;179
5658.0;87;138;199;131;185;178
5664.0;87;138;199;131;185;178
5670.0;85;137;200;132;186;178
5676.0;85;138;201;132;184;178
5682.0;85;138;201;133;182;179
5688.0;85;137;202;133;182;179
5694.0;84;136;201;134;183;180
5700.0;84;136;201;134;184;179
5706.0;84;136;201;133;185;179
5712.0;83;136;201;132;186;180
5718.0;83;137;201;131;185;181
5724.0;83;137;201;131;185;181
5730.0;82;139;201;131;185;180
5736.0;83;138;202;130;185;180
5742.0;84;138;202;130;184;180
5748.0;86;138;200;130;184;180
5754.0;86;138;200;130;184;180
5760.0;86;138;200;130;183;181
5766.0;86;138;200;130;181;183
5772.0;85;138;200;130;181;184
5778.0;85;138;199;130;181;185
5784.0;87;138;199;129;182;183
5790.0;86;138;199;129;183;183
5796.0;87;138;198;129;183;183
5802.0;88;137;198;128;184;183
5808.0;89;136;198;128;184;183
5814.0;90;135;197;128;184;184
5820.0;90;135;197;128;184;184
5826.0;90;136;196;128;183;185
5832.0;90;135;196;129;183;185
5838.0;91;135;197;130;181;184
5844.0;91;135;197;130;180;185
5850.0;90;136;198;129;180;185
5856.0;91;136;197;129;180;185
5862.0;92;135;198;128;179;186
5868.0;92;135;199;128;178;186
5874.0;92;134;198;129;178;187
5880.0;93;135;196;128;179;187
5886.0;94;136;196;127;179;186
5892.0;92;136;197;127;179;187
5898.0;94;134;197;128;179;186
5904.0;94;134;197;128;179;186
5910.0;93;133;197;129;180;186
5916.0;93;133;197;129;180;186
5922.0;93;134;196;129;180;186
5928.0;92;134;196;129;180;187
5934.0;91;135;196;128;181;187
5940.0;91;135;197;128;182;185
5946.0;91;134;197;129;181;186
5952.0;91;135;197;129;181;185
5958.0;91;135;198;129;180;185
5964.0;91;135;197;128;182;185
5970.0;93;134;196;129;181;185
5976.0;93;137;196;126;181;185
5982.0;94;137;195;126;182;184
5988.0;93;138;194;127;182;184
5994.0;94;139;194;125;181;185
6000.0;93;140;194;125;181;185
6006.0;93;140;194;125;181;185
6012.0;91;139;196;125;182;185
6018.0;93;138;195;124;183;185
6024.0;93;137;195;123;185;185
6030.0;92;136;195;123;186;186
6036.0;92;136;195;123;186;186
6042.0;91;137;194;124;186;186
6048.0;90;137;194;124;187;186
6054.0;90;138;194;124;186;186
6060.0;88;138;195;124;187;186
6066.0;88;138;195;125;186;186
6072.0;89;138;195;125;185;186
6078.0;86;140;195;126;185;186
6084.0;87;139;195;126;185;186
6090.0;87;139;195;126;185;186
6096.0;87;139;195;126;186;185
6102.0;88;139;195;125;186;185
6108.0;88;139;194;125;186;186
6114.0;87;139;194;125;187;186
6120.0;86;139;195;125;187;186
6126.0;86;139;194;124;188;187
6132.0;86;139;194;124;188;187
6138.0;85;140;194;123;189;187
6144.0;85;140;193;123;190;187
6150.0;85;140;192;124;190;187
6156.0;85;140;192;124;190;187
6162.0;85;140;193;124;190;186
6168.0;86;139;192;123;192;186
6174.0;86;139;191;123;192;187
6180.0;86;140;191;122;191;188
6186.0;86;139;189;123;192;189
6192.0;86;140;189;124;192;187
6198.0;86;140;189;124;192;187
6204.0;86;140;190;123;192;187
6210.0;86;140;190;123;192;187
6216.0;86;141;188;122;195;186
6222.0;87;141;188;122;196;184
6228.0;87;141;188;122;197;183
6234.0;86;141;188;123;197;183
6240.0;86;140;189;123;197;183
6246.0;86;140;189;122;197;184
6252.0;87;141;188;122;196;184
6258.0;88;142;189;121;196;182
6264.0;88;141;189;124;195;181
6270.0;87;141;190;125;194;181
6276.0;87;141;190;124;195;181
6282.0;87;141;190;124;195;181
6288.0;87;141;190;123;196;181
6294.0;87;140;190;123;196;182
6300.0;87;139;193;123;196;180
6306.0;87;138;194;123;196;180
6312.0;85;138;194;124;197;180
6318.0;85;138;195;124;197;179
6324.0;85;137;195;124;198;179
6330.0;85;138;195;123;197;180
6336.0;86;136;197;123;197;179
6342.0;85;136;197;124;197;179
6348.0;85;136;197;123;196;181
6354.0;85;138;195;123;197;180
6360.0;85;137;195;126;197;178
6366.0;86;137;193;126;198;178
6372.0;85;137;193;127;198;178
6378.0;84;137;194;127;198;178
6384.0;82;138;193;127;199;179
6390.0;82;139;192;126;199;180
6396.0;82;138;191;126;198;183
6402.0;82;138;191;127;196;184
6408.0;80;138;192;128;197;183
6414.0;81;138;191;128;197;183
6420.0;81;138;191;128;197;183
6426.0;81;140;191;127;197;182
6432.0;81;141;190;128;196;182
6438.0;82;142;190;129;193;182
6444.0;82;142;191;129;192;182
6450.0;82;142;191;129;193;181
6456.0;82;142;194;128;193;179
6462.0;82;143;194;127;193;179
6468.0;82;144;194;124;195;179
6474.0;82;143;193;123;197;180
6480.0;80;143;193;124;197;181
6486.0;80;142;193;127;197;179
6492.0;80;142;193;127;197;179
6498.0;80;142;193;127;197;179
6504.0;80;142;194;127;197;178
6510.0;80;141;194;127;197;179
6516.0;82;141;194;127;196;178
6522.0;84;140;194;125;197;178
6528.0;84;141;194;124;197;178
6534.0;84;141;194;124;197;178
6540.0;84;140;195;122;198;179
6546.0;83;138;195;122;200;180
6552.0;82;138;196;122;200;180
6558.0;82;137;197;122;199;181
6564.0;82;138;198;120;199;181
6570.0;83;138;197;120;200;180
6576.0;83;139;196;120;200;180
6582.0;83;138;196;120;200;181
6588.0;82;138;197;120;201;180
6594.0;83;138;197;120;200;180
6600.0;83;139;198;119;199;180
6606.0;83;139;198;119;199;180
6612.0;83;139;197;119;199;181
6618.0;84;138;196;120;198;182
6624.0;84;137;196;120;197;184
6630.0;82;137;196;120;199;184
6636.0;83;138;195;119;199;184
6642.0;83;138;195;120;198;184
6648.0;83;137;195;121;198;184
6654.0;83;136;196;121;197;185
6660.0;82;137;197;119;197;186
6666.0;84;136;197;119;196;186
6672.0;84;136;197;119;196;186
6678.0;83;136;198;119;195;187
6684.0;83;136;199;119;194;187
6690.0;82;135;199;118;196;188
6696.0;81;135;200;118;196;188
6702.0;82;134;201;118;195;188
6708.0;82;135;200;118;195;188
6714.0;82;134;200;118;196;188
6720.0;82;135;200;118;195;188
6726.0;82;135;200;118;195;188
6732.0;82;135;201;118;196;186
6738.0;84;133;201;119;196;185
6744.0;84;134;202;118;195;185
6750.0;83;135;202;119;195;184
6756.0;84;134;202;119;195;184
6762.0;84;135;202;118;194;185
6768.0;84;134;202;118;193;187
6774.0;84;133;203;118;194;186
6780.0;83;134;203;118;194;186
6786.0;82;134;203;119;194;186
6792.0;82;134;203;119;194;186
6798.0;81;135;203;119;194;186
6804.0;81;135;203;118;194;187
6810.0;81;134;203;119;194;187
6816.0;82;132;204;120;193;187
6822.0;82;131;205;120;193;187
6828.0;81;131;206;119;194;187
6834.0;81;131;206;119;194;187
6840.0;82;130;206;120;194;186
6846.0;82;132;205;121;194;184
6852.0;82;132;206;121;194;183
6858.0;83;131;206;121;194;183
6864.0;83;131;206;121;194;183
6870.0;83;132;206;121;194;182
6876.0;84;131;206;122;193;182
6882.0;84;131;207;121;192;183
6888.0;83;131;207;121;192;184
6894.0;83;132;207;121;191;184
6900.0;83;132;206;120;192;185
6906.0;83;132;207;119;192;185
6912.0;83;130;207;120;192;186
6918.0;83;130;206;122;192;185
6924.0;84;130;205;121;192;186
6930.0;84;130;205;122;192;185
6936.0;85;130;205;121;192;185
6942.0;84;129;206;122;191;186
6948.0;83;129;206;123;191;186
6954.0;83;129;206;123;191;186
6960.0;83;128;207;123;192;185
6966.0;84;128;207;123;191;185
6972.0;85;128;206;124;191;184
6978.0;86;128;205;125;191;183
6984.0;86;128;205;125;191;183
6990.0;85;129;205;125;191;183
6996.0;86;129;205;125;191;182
7002.0;86;128;204;125;192;183
7008.0;86;128;205;124;192;183
7014.0;86;129;205;123;193;182
7020.0;86;128;206;123;193;182
7026.0;86;127;206;123;194;182
7032.0;86;128;206;123;194;181
7038.0;86;127;207;124;193;181
7044.0;86;127;205;123;194;183
7050.0;86;126;204;124;193;185
7056.0;86;126;204;124;192;186
7062.0;85;128;203;124;192;186
7068.0;83;129;203;125;192;186
7074.0;83;129;203;126;191;186
7080.0;83;130;203;127;191;184
7086.0;83;130;202;128;192;183
7092.0;83;130;201;128;192;184
7098.0;83;129;202;129;191;184
7104.0;83;129;200;129;191;186
7110.0;83;129;200;129;191;186
7116.0;83;129;200;129;191;186
7122.0;82;129;201;127;193;186
7128.0;81;132;199;125;194;187
7134.0;81;132;198;125;194;188
7140.0;81;131;198;126;194;188
7146.0;81;131;199;125;194;188
7152.0;81;132;199;125;194;187
7158.0;81;133;198;125;195;186
7164.0;80;133;198;126;195;186
7170.0;78;134;198;127;195;186
7176.0;78;134;198;127;195;186
7182.0;78;134;197;127;194;188
7188.0;78;135;196;127;194;188
7194.0;78;134;195;128;194;189
7200.0;79;133;195;128;194;189
7206.0;81;132;194;127;195;189
7212.0;81;132;194;127;195;189
7218.0;82;132;194;127;194;189
7224.0;82;132;194;127;194;189
7230.0;82;131;194;128;194;189
7236.0;82;131;195;128;192;190
7242.0;81;131;197;127;192;190
7248.0;81;130;197;128;193;189
7254.0;80;130;197;128;193;190
7260.0;79;130;197;128;194;190
7266.0;79;131;197;128;194;189
7272.0;82;132;196;127;192;189
7278.0;81;134;197;125;192;189
7284.0;81;134;197;125;192;189
7290.0;81;133;199;124;192;189
7296.0;83;131;198;123;194;189
7302.0;83;131;198;123;194;189
7308.0;83;132;198;122;194;189
7314.0;82;132;198;123;196;187
7320.0;82;133;198;123;195;187
7326.0;81;133;198;123;195;188
7332.0;81;133;198;123;195;188
7338.0;81;132;198;124;195;188
7344.0;81;133;198;124;195;187
7350.0;81;134;197;125;195;186
7356.0;82;132;199;124;195;186
7362.0;83;132;200;125;193;185
7368.0;83;133;200;126;192;184
7374.0;82;132;201;126;192;185
7380.0;83;132;201;126;192;184
7386.0;83;131;202;126;192;184
7392.0;82;131;202;126;193;184
7398.0;83;130;201;126;193;185
7404.0;84;130;201;126;193;184
7410.0;84;131;201;126;192;184
7416.0;84;130;201;128;191;184
7422.0;82;131;201;129;192;183
7428.0;82;131;201;129;194;181
7434.0;82;130;203;129;193;181
7440.0;83;131;202;129;192;181
7446.0;83;131;201;130;192;181
7452.0;84;132;201;130;191;180
7458.0;85;131;202;130;192;178
7464.0;83;131;203;130;192;179
7470.0;83;131;202;131;191;180
7476.0;84;132;201;130;191;180
7482.0;85;132;201;130;190;180
7488.0;85;133;199;131;190;180
7494.0;84;134;199;131;190;180
7500.0;84;134;199;131;190;180
7506.0;84;134;201;130;189;180
7512.0;85;134;201;130;189;179
7518.0;85;134;201;130;188;180
7524.0;85;134;200;131;188;180
7530.0;85;135;199;130;188;181
7536.0;85;133;200;131;188;181
7542.0;87;134;198;131;188;180
7548.0;88;135;198;131;188;178
7554.0;88;134;199;131;188;178
7560.0;87;134;199;132;189;177
7566.0;87;134;200;132;189;176
7572.0;87;134;202;131;187;177
7578.0;85;134;202;130;188;179
7584.0;86;134;202;130;187;179
7590.0;85;132;202;131;188;180
7596.0;85;132;202;131;188;180
7602.0;84;132;201;132;188;181
7608.0;84;132;201;132;188;181
7614.0;84;132;202;132;188;180
7620.0;87;133;201;133;186;178
7626.0;88;132;200;133;186;179
7632.0;88;132;200;132;186;180
7638.0;87;132;199;132;188;180
7644.0;87;131;198;130;190;182
7650.0;85;132;198;130;190;183
7656.0;84;132;198;131;189;184
7662.0;84;132;198;131;189;184
7668.0;85;132;198;131;190;182
7674.0;86;132;198;130;189;183
7680.0;86;133;197;130;189;183
7686.0;87;133;197;129;188;184
7692.0;87;133;197;130;188;183
7698.0;88;133;198;129;187;183
7704.0;89;133;197;129;187;183
7710.0;90;134;197;129;187;181
7716.0;92;134;197;127;188;180
7722.0;91;133;198;127;188;181
7728.0;92;133;197;127;188;181
7734.0;92;134;197;126;188;181
7740.0;91;134;196;126;189;182
7746.0;92;135;196;124;189;182
7752.0;94;135;195;123;190;181
7758.0;95;132;197;123;190;181
7764.0;95;131;197;124;190;181
7770.0;95;130;197;124;190;182
7776.0;95;130;196;125;191;181
7782.0;94;130;195;125;193;181
7788.0;95;129;193;125;195;181
7794.0;95;130;192;125;195;181
7800.0;95;129;191;125;196;182
7806.0;95;130;191;124;195;183
7812.0;95;129;191;124;195;184
7818.0;95;129;191;124;195;184
7824.0;95;129;192;125;193;184
7830.0;95;129;192;125;193;184
7836.0;96;128;191;126;194;183
7842.0;96;127;190;128;195;182
7848.0;96;127;190;129;194;182
7854.0;97;126;192;129;192;182
7860.0;97;126;192;128;192;183
7866.0;96;127;192;127;193;183
7872.0;96;128;192;128;192;182
7878.0;96;130;192;128;191;181
7884.0;96;130;191;129;191;181
7890.0;96;130;191;129;191;181
7896.0;96;131;190;129;191;181
7902.0;96;131;189;128;192;182
7908.0;98;131;190;128;192;179
7914.0;99;130;191;128;190;180
7920.0;100;129;192;126;190;181
7926.0;101;129;192;126;190;180
7932.0;100;129;192;126;190;181
7938.0;99;129;192;126;191;181
7944.0;100;129;190;126;192;181
7950.0;99;130;191;127;191;180
7956.0;99;130;190;127;191;181
7962.0;99;130;190;127;191;181
7968.0;98;131;189;127;191;182
7974.0;94;131;190;127;194;182
7980.0;94;130;191;128;194;181
7986.0;95;128;188;128;196;183
7992.0;95;128;188;128;196;183
7998.0;94;128;189;128;196;183
8004.0;94;128;189;128;196;183
8010.0;94;128;189;127;196;184
8016.0;94;129;189;125;197;184
8022.0;94;129;188;125;197;185
8028.0;94;129;188;125;197;185
8034.0;94;130;188;125;196;185
8040.0;95;130;189;122;197;185
8046.0;95;130;188;122;197;186
8052.0;95;132;188;122;197;184
8058.0;95;132;189;122;196;184
8064.0;94;132;189;122;197;184
8070.0;97;132;189;122;194;184
8076.0;96;133;188;123;194;184
8082.0;95;134;188;123;193;185
8088.0;95;134;188;123;193;185
8094.0;95;135;188;123;192;185
8100.0;95;135;188;123;192;185
8106.0;94;137;187;121;194;185
8112.0;94;136;187;121;195;185
8118.0;95;134;188;120;195;186
8124.0;95;134;189;119;196;185
8130.0;95;134;188;119;196;186
8136.0;94;133;190;119;195;187
8142.0;94;133;191;119;194;187
8148.0;94;135;191;118;194;186
8154.0;95;135;191;117;192;188
8160.0;95;135;191;118;192;187
8166.0;95;134;190;120;192;187
8172.0;94;135;190;120;192;187
8178.0;94;135;190;120;192;187
8184.0;96;135;191;119;191;186
8190.0;95;136;191;119;190;187
8196.0;95;137;190;118;190;188
8202.0;94;139;191;118;190;186
8208.0;94;139;191;118;190;186
8214.0;95;139;190;119;191;184
8220.0;95;139;190;119;191;184
8226.0;95;140;190;119;190;184
8232.0;94;140;191;119;190;184
8238.0;94;140;191;119;190;184
8244.0;94;140;191;120;190;183
8250.0;95;141;192;120;188;182
8256.0;95;141;191;120;188;183
8262.0;96;140;191;120;188;183
8268.0;96;140;191;120;188;183
8274.0;96;142;191;120;186;183
8280.0;96;142;191;121;185;183
8286.0;96;141;192;121;186;182
8292.0;96;141;192;122;186;181
8298.0;98;141;192;121;187;179
8304.0;100;140;191;121;187;179
8310.0;101;141;190;120;187;179
8316.0;102;140;187;122;188;179
8322.0;101;140;187;123;188;179
8328.0;101;140;187;123;188;179
8334.0;101;140;188;123;187;179
8340.0;100;141;189;121;186;181
8346.0;101;141;191;119;187;179
8352.0;100;142;192;119;187;178
8358.0;100;142;190;120;188;178
8364.0;99;143;190;119;189;178
8370.0;96;143;191;120;189;179
8376.0;94;143;192;120;189;180
8382.0;94;143;192;120;188;181
8388.0;93;144;193;119;188;181
8394.0;93;141;193;121;187;183
8400.0;93;141;193;120;187;184
8406.0;91;141;192;121;188;185
8412.0;90;140;192;121;188;187
8418.0;91;142;192;119;189;185
8424.0;90;142;192;120;189;185
8430.0;89;143;193;119;189;185
8436.0;87;143;194;119;189;186
8442.0;87;142;194;119;190;186
8448.0;85;142;194;119;192;186
8454.0;85;141;193;120;192;187
8460.0;85;141;193;120;191;188
8466.0;85;141;192;120;191;189
8472.0;86;140;192;119;192;189
8478.0;87;140;191;119;192;189
8484.0;87;141;190;120;191;189
8490.0;87;141;190;120;191;189
8496.0;87;141;190;120;191;189
8502.0;87;141;190;120;192;188
8508.0;87;142;187;121;193;188
8514.0;87;143;187;121;192;188
8520.0;87;143;187;121;192;188
8526.0;87;142;188;122;192;187
8532.0;87;142;188;121;194;186
8538.0;88;142;187;121;194;186
8544.0;88;143;187;122;193;185
8550.0;88;143;187;123;192;185
8556.0;89;142;186;122;193;186
8562.0;88;143;186;122;193;186
8568.0;88;143;185;122;194;186
8574.0;89;142;186;122;193;186
8580.0;88;142;185;122;193;188
8586.0;87;140;186;122;193;190
8592.0;87;140;186;122;193;190
8598.0;86;140;187;122;193;190
8604.0;86;140;187;122;194;189
8610.0;87;140;186;123;195;187
8616.0;88;139;185;124;196;186
8622.0;88;139;184;123;197;187
8628.0;88;139;185;122;196;188
8634.0;88;139;185;122;196;188
8640.0;88;139;184;122;196;189
8646.0;89;139;184;122;195;189
8652.0;88;140;184;122;195;189
8658.0;85;139;185;123;196;190
8664.0;84;140;185;122;197;190
8670.0;85;139;185;120;197;192
8676.0;86;140;184;120;196;192
8682.0;87;138;184;120;196;193
8688.0;88;137;184;120;196;193
8694.0;88;137;185;120;195;193
8700.0;90;137;184;120;195;192
8706.0;88;138;184;120;195;193
8712.0;88;138;185;119;196;192
8718.0;88;137;185;119;197;192
8724.0;88;138;185;119;196;192
8730.0;88;138;185;119;196;192
8736.0;86;139;186;120;195;192
8742.0;86;139;187;120;194;192
8748.0;87;139;187;120;193;192
8754.0;87;139;188;119;193;192
8760.0;87;139;189;118;192;193
8766.0;87;139;189;117;193;193
8772.0;87;139;189;118;192;193
8778.0;89;138;188;118;192;193
8784.0;88;138;189;118;192;193
8790.0;88;138;188;118;192;194
8796.0;88;137;188;118;192;195
8802.0;89;137;188;117;192;195
8808.0;89;137;188;117;192;195
8814.0;89;138;187;116;191;197
8820.0;89;138;187;115;192;197
8826.0;89;140;188;112;192;197
8832.0;89;139;187;112;193;198
8838.0;89;137;187;112;193;200
8844.0;88;135;188;112;193;202
8850.0;88;136;186;112;195;201
8856.0;88;136;186;112;195;201
8862.0;88;136;186;112;194;202
8868.0;88;136;185;112;194;203
8874.0;88;137;187;111;195;200
8880.0;87;137;185;113;196;200
8886.0;87;137;184;113;197;200
8892.0;87;138;183;114;196;200
8898.0;87;138;185;114;196;198
8904.0;87;138;184;114;199;196
8910.0;89;138;185;114;198;194
8916.0;86;138;185;114;199;196
8922.0;85;138;185;114;200;196
8928.0;85;138;184;115;199;197
8934.0;86;138;184;115;198;197
8940.0;86;138;183;115;198;198
8946.0;87;138;183;113;196;201
8952.0;87;137;183;113;197;201
8958.0;87;137;183;112;197;202
8964.0;88;138;183;112;196;201
8970.0;88;138;183;112;196;201
8976.0;87;138;183;111;197;202
8982.0;89;137;184;111;195;202
8988.0;88;137;185;110;195;203
8994.0;89;136;185;110;196;202
9000.0;89;136;184;110;196;203
9006.0;88;136;184;110;197;203
9012.0;88;136;184;109;198;203
9018.0;89;136;185;108;198;202
9024.0;88;137;184;108;198;203
9030.0;87;138;184;108;199;202
9036.0;87;138;185;107;199;202
9042.0;88;136;184;107;201;202
9048.0;88;136;183;108;201;202
9054.0;88;136;183;108;201;202
9060.0;89;135;183;108;201;202
9066.0;89;135;185;108;201;200
9072.0;89;135;185;108;201;200
9078.0;88;135;184;108;203;200
9084.0;88;135;184;108;203;200
9090.0;88;135;184;108;203;200
9096.0;88;135;183;108;203;201
9102.0;87;136;183;108;203;201
9108.0;88;133;182;109;205;201
9114.0;88;132;181;110;206;201
9120.0;91;132;181;108;205;201
9126.0;91;131;181;108;205;202
9132.0;93;129;181;108;205;202
9138.0;92;129;179;110;206;202
9144.0;93;129;179;110;206;201
9150.0;93;129;178;110;206;202
9156.0;93;130;178;110;206;201
9162.0;92;130;178;111;206;201
9168.0;93;130;179;109;206;201
9174.0;95;129;179;108;206;201
9180.0;95;130;178;108;205;202
9186.0;95;129;178;108;205;203
9192.0;95;129;178;109;205;202
9198.0;96;128;179;108;205;202
9204.0;95;128;178;108;206;203
9210.0;95;128;178;108;206;203
9216.0;95;128;178;108;206;203
9222.0;95;130;180;108;203;202
9228.0;96;128;178;108;203;205
9234.0;96;128;178;109;203;204
9240.0;97;127;177;109;203;205
9246.0;96;127;177;109;204;205
9252.0;97;127;176;109;203;206
9258.0;96;128;178;109;201;206
9264.0;97;128;178;109;200;206
9270.0;97;128;178;109;200;206
9276.0;96;128;180;110;198;206
9282.0;96;128;181;109;198;206
9288.0;95;128;181;109;198;207
9294.0;95;128;183;108;197;207
9300.0;95;128;183;108;197;207
9306.0;94;129;182;110;196;207
9312.0;94;129;182;110;196;207
9318.0;96;129;182;110;194;207
9324.0;97;129;183;110;193;206
9330.0;96;128;186;110;192;206
9336.0;96;127;186;110;192;207
9342.0;95;127;187;110;192;207
9348.0;95;127;187;110;192;207
9354.0;95;127;187;110;192;207
9360.0;95;126;186;109;194;208
9366.0;94;126;187;108;195;208
9372.0;93;126;187;108;194;210
9378.0;93;126;187;108;195;209
9384.0;92;126;189;108;195;208
9390.0;92;127;188;108;194;209
9396.0;92;127;189;108;193;209
9402.0;92;128;189;108;192;209
9408.0;92;128;188;108;193;209
9414.0;92;128;189;108;193;208
9420.0;92;128;189;108;193;208
9426.0;91;126;190;109;194;208
9432.0;92;126;190;110;195;205
9438.0;92;126;189;111;194;206
9444.0;92;126;189;111;194;206
9450.0;91;126;189;111;194;207
9456.0;91;126;190;110;194;207
9462.0;92;126;191;109;194;206
9468.0;91;126;191;109;194;207
9474.0;91;124;191;109;194;209
9480.0;91;124;191;109;194;209
9486.0;89;124;193;109;194;209
9492.0;91;124;192;109;193;209
9498.0;92;123;190;110;193;210
9504.0;92;124;189;109;193;211
9510.0;93;125;189;107;194;210
9516.0;93;125;188;106;195;211
9522.0;91;125;189;107;195;211
9528.0;91;125;188;108;196;210
9534.0;91;125;187;108;196;211
9540.0;89;126;186;109;196;212
9546.0;89;125;185;111;197;211
9552.0;89;125;185;110;197;212
9558.0;88;125;185;109;199;212
9564.0;87;126;185;109;199;212
9570.0;87;127;185;110;199;210
9576.0;87;126;186;110;199;210
9582.0;87;126;185;110;199;211
9588.0;87;126;185;110;199;211
9594.0;87;126;185;110;199;211
9600.0;87;126;186;110;199;210
9606.0;89;126;187;110;196;210
9612.0;90;126;187;110;197;208
9618.0;90;126;187;110;196;209
9624.0;90;126;188;109;196;209
9630.0;91;126;188;109;197;207
9636.0;90;126;189;109;197;207
9642.0;88;126;190;109;197;208
9648.0;88;126;190;109;197;208
9654.0;91;127;189;108;194;209
9660.0;91;126;190;108;194;209
9666.0;91;126;189;107;194;211
9672.0;91;127;189;107;194;210
9678.0;91;128;189;107;193;210
9684.0;92;126;189;108;193;210
9690.0;94;126;188;107;193;210
9696.0;94;126;187;108;194;209
9702.0;92;126;188;109;194;209
9708.0;92;126;190;109;193;208
9714.0;92;126;190;109;193;208
9720.0;93;126;189;110;193;207
9726.0;92;126;190;110;193;207
9732.0;93;126;191;110;191;207
9738.0;93;125;192;111;190;207
9744.0;93;126;192;110;189;208
9750.0;92;126;192;112;189;207
9756.0;92;126;192;113;189;206
9762.0;93;126;192;113;188;206
9768.0;93;127;192;113;188;205
9774.0;93;127;192;112;188;206
9780.0;93;127;192;112;187;207
9786.0;93;127;192;112;187;207
9792.0;93;127;192;113;186;207
9798.0;93;127;192;115;185;206
9804.0;93;129;191;115;185;205
9810.0;93;130;191;115;184;205
9816.0;94;129;192;115;183;205
9822.0;94;129;192;115;183;205
9828.0;94;128;192;115;184;205
9834.0;95;127;192;115;184;205
9840.0;95;127;193;115;184;204
9846.0;95;127;192;115;185;204
9852.0;96;126;194;114;185;203
9858.0;95;127;193;115;185;203
9864.0;94;128;194;115;184;203
9870.0;93;127;195;114;185;204
9876.0;93;127;195;114;185;204
9882.0;93;125;195;114;186;205
9888.0;93;123;195;115;187;205
9894.0;93;123;196;116;187;203
9900.0;92;123;198;117;186;202
9906.0;91;124;199;117;186;201
9912.0;91;124;199;117;186;201
9918.0;91;125;197;117;187;201
9924.0;90;126;197;117;187;201
9930.0;90;127;196;117;187;201
9936.0;90;127;197;116;187;201
9942.0;91;125;198;117;187;200
9948.0;92;126;198;117;187;198
9954.0;91;127;198;117;187;198
9960.0;92;126;198;117;188;197
9966.0;91;126;197;118;189;197
9972.0;91;126;197;118;189;197
9978.0;91;126;197;118;189;197
9984.0;91;124;198;118;190;197
9990.0;90;122;198;118;190;200
9996.0;92;122;199;116;192;197
10002.0;92;122;199;116;192;197
10008.0;92;120;199;116;193;198
10014.0;91;120;200;116;194;197
10020.0;91;121;200;117;193;196
10026.0;92;121;202;117;192;194
10032.0;90;121;205;117;191;194
10038.0;89;121;205;117;192;194
10044.0;88;121;205;118;192;194
10050.0;89;121;205;117;191;195
10056.0;90;121;205;116;190;196
10062.0;89;121;206;116;190;196
10068.0;88;121;206;117;190;196
10074.0;88;121;205;117;191;196
10080.0;89;121;204;118;191;195
10086.0;89;121;204;118;191;195
10092.0;89;121;204;118;191;195
10098.0;91;121;203;117;191;195
10104.0;91;121;203;117;192;194
10110.0;91;122;203;116;192;194
10116.0;91;122;203;116;192;194
10122.0;91;122;202;117;192;194
10128.0;91;123;202;117;192;193
10134.0;90;124;202;117;192;193
10140.0;89;126;203;116;191;193
10146.0;89;126;203;115;192;193
10152.0;88;126;203;115;193;193
10158.0;88;127;203;115;192;193
10164.0;88;128;204;114;192;192
10170.0;89;128;204;114;192;191
10176.0;89;128;204;114;192;191
10182.0;89;128;204;114;192;191
10188.0;89;128;202;114;192;193
10194.0;90;129;201;113;192;193
10200.0;90;129;201;113;192;193
10206.0;90;131;199;113;192;193
10212.0;90;132;200;113;192;191
10218.0;89;133;202;114;191;189
10224.0;88;134;202;115;190;189
10230.0;87;136;202;114;190;189
10236.0;88;137;201;114;189;189
10242.0;89;136;200;115;188;190
10248.0;89;135;201;115;188;190
10254.0;89;133;202;115;189;190
10260.0;90;133;202;114;190;189
10266.0;90;133;202;115;190;188
10272.0;90;134;201;115;190;188
10278.0;88;136;202;116;189;187
10284.0;88;136;202;116;189;187
10290.0;88;136;200;117;190;187
10296.0;89;138;200;116;189;186
10302.0;88;138;201;116;189;186
10308.0;88;137;201;115;190;187
10314.0;86;138;202;115;190;187
10320.0;86;137;204;115;189;187
10326.0;86;139;203;115;188;187
10332.0;85;139;203;116;189;186
10338.0;86;140;201;116;190;185
10344.0;87;140;200;117;190;184
10350.0;87;140;200;117;190;184
10356.0;86;140;200;117;190;185
10362.0;85;141;200;116;191;185
10368.0;84;140;200;117;191;186
10374.0;84;139;200;116;193;186
10380.0;84;140;200;117;191;186
10386.0;84;140;200;117;191;186
10392.0;84;140;200;117;191;186
10398.0;84;140;199;117;192;186
10404.0;84;140;199;118;191;186
10410.0;84;139;199;118;191;187
10416.0;83;139;200;118;191;187
10422.0;82;140;199;117;194;186
10428.0;80;142;198;117;195;186
10434.0;80;141;198;116;197;186
10440.0;81;140;198;116;197;186
10446.0;82;139;199;115;196;187
10452.0;81;139;198;115;197;188
10458.0;82;137;198;115;196;190
10464.0;82;137;197;115;196;191
10470.0;82;137;197;115;196;191
10476.0;83;137;197;115;194;192
10482.0;83;138;197;114;194;192
10488.0;83;138;197;114;194;192
10494.0;83;139;196;114;195;191
10500.0;83;140;196;113;194;192
10506.0;82;141;196;113;193;193
10512.0;82;142;195;113;192;194
10518.0;82;142;195;113;192;194
10524.0;83;142;193;114;191;195
10530.0;84;141;193;113;191;196
10536.0;83;142;192;113;192;196
10542.0;82;143;192;113;192;196
10548.0;81;141;196;113;190;197
10554.0;81;141;196;113;190;197
10560.0;80;139;197;114;190;198
10566.0;80;139;197;115;190;197
10572.0;80;138;199;115;189;197
10578.0;81;137;199;116;189;196
10584.0;80;137;199;117;189;196
10590.0;78;137;201;117;189;196
10596.0;77;139;201;117;189;195
10602.0;78;138;200;117;190;195
10608.0;77;140;202;116;189;194
10614.0;79;140;202;116;188;193
10620.0;78;140;202;116;189;193
10626.0;79;140;200;117;189;193
10632.0;79;139;200;117;190;193
10638.0;80;137;201;118;190;192
10644.0;81;137;201;117;190;192
10650.0;80;138;201;117;190;192
10656.0;80;137;202;117;190;192
10662.0;80;139;202;117;188;192
10668.0;80;139;203;116;187;193
10674.0;81;139;202;116;187;193
10680.0;79;140;204;117;185;193
10686.0;79;139;205;117;186;192
10692.0;80;139;205;115;186;193
10698.0;80;139;204;116;186;193
10704.0;79;138;204;117;187;193
10710.0;78;139;205;116;187;193
10716.0;78;139;205;116;187;193
10722.0;78;138;204;117;188;193
10728.0;78;137;204;117;188;194
10734.0;78;136;205;117;188;194
10740.0;79;135;204;117;190;193
10746.0;79;136;202;117;190;194
10752.0;80;137;201;117;188;195
10758.0;80;135;202;118;188;195
10764.0;80;135;201;118;189;195
10770.0;80;135;200;118;190;195
10776.0;81;135;199;118;190;195
10782.0;81;136;199;118;189;195
10788.0;80;135;201;118;188;196
10794.0;80;135;201;118;188;196
