#auto generated file!
12.0;48;55;42;55;44;62
18.0;48;54;42;55;45;62
24.0;48;54;42;55;45;62
30.0;48;54;42;54;46;62
36.0;49;54;41;54;46;62
42.0;49;54;41;54;46;62
48.0;49;54;40;54;46;63
54.0;49;54;40;54;46;63
60.0;49;54;40;54;46;63
66.0;49;54;40;53;47;63
72.0;49;54;40;53;47;63
78.0;49;54;40;53;47;63
84.0;49;54;40;53;47;63
90.0;49;54;40;53;47;63
96.0;49;55;39;53;47;63
102.0;49;55;39;53;47;63
108.0;49;55;39;53;47;63
114.0;49;55;39;52;48;63
120.0;49;55;39;52;48;63
126.0;49;54;39;53;48;63
132.0;49;53;38;53;48;65
138.0;48;53;37;54;48;66
144.0;47;54;37;53;48;67
150.0;47;54;37;53;48;67
156.0;47;54;37;53;48;67
162.0;47;54;37;53;48;67
168.0;47;54;37;53;48;67
174.0;47;54;37;51;49;68
180.0;47;54;38;51;48;68
186.0;46;54;39;51;48;68
192.0;46;54;40;51;48;67
198.0;45;54;41;51;48;67
204.0;45;54;41;51;48;67
210.0;45;53;41;51;48;68
216.0;45;53;42;51;48;67
222.0;44;53;42;50;50;67
228.0;44;53;42;50;50;67
234.0;44;53;43;50;49;67
240.0;44;52;43;50;50;67
246.0;44;52;43;50;50;67
252.0;44;52;43;50;50;67
258.0;44;52;43;50;50;67
264.0;44;52;43;50;50;67
270.0;44;52;43;50;50;67
276.0;44;52;43;50;50;67
282.0;44;52;44;50;50;66
288.0;44;53;44;50;49;66
294.0;45;53;44;50;49;65
300.0;45;53;44;50;49;65
306.0;45;52;44;51;49;65
312.0;45;52;44;52;48;65
318.0;45;52;44;52;48;65
324.0;45;52;44;52;48;65
330.0;45;51;44;52;49;65
336.0;45;51;44;52;49;65
342.0;46;50;45;52;48;65
348.0;47;50;44;52;49;64
354.0;47;50;44;52;49;64
360.0;47;50;44;52;49;64
366.0;47;50;44;52;49;64
372.0;46;51;45;52;48;64
378.0;46;51;44;52;49;64
384.0;46;51;44;52;49;64
390.0;46;51;44;52;49;64
396.0;46;51;44;52;49;64
402.0;46;51;44;52;49;64
408.0;46;50;45;52;49;64
414.0;46;49;45;53;49;64
420.0;46;49;45;53;49;64
426.0;46;50;45;53;49;63
432.0;47;50;45;52;49;63
438.0;47;50;45;52;49;63
444.0;47;51;44;52;49;63
450.0;47;50;45;52;49;63
456.0;48;50;45;51;49;63
462.0;48;49;45;52;49;63
468.0;48;49;44;52;49;64
474.0;48;49;44;52;49;64
480.0;48;49;44;52;49;64
486.0;47;49;44;52;50;64
492.0;46;49;44;53;50;64
498.0;45;49;44;53;50;65
504.0;45;49;45;53;50;64
510.0;45;48;46;53;50;64
516.0;45;48;46;53;49;65
522.0;46;48;46;52;49;65
528.0;46;48;46;53;48;65
534.0;46;48;46;53;48;65
540.0;46;48;46;53;48;65
546.0;46;48;46;53;48;65
552.0;46;48;46;53;48;65
558.0;46;48;47;53;48;64
564.0;47;48;47;52;48;64
570.0;47;48;47;52;48;64
576.0;47;47;46;53;48;65
582.0;47;47;46;54;47;65
588.0;47;47;46;54;47;65
594.0;47;47;46;54;47;65
600.0;46;47;47;54;47;65
606.0;46;47;47;54;47;65
612.0;46;47;47;53;48;65
618.0;45;47;48;53;48;65
624.0;45;46;48;54;48;65
630.0;45;46;48;54;48;65
636.0;44;47;48;54;48;65
642.0;44;47;48;53;48;66
648.0;44;47;48;53;48;66
654.0;43;47;48;53;48;67
660.0;44;47;47;52;48;68
666.0;43;47;48;52;48;68
672.0;42;47;49;52;48;68
678.0;42;47;49;52;48;68
684.0;42;47;49;52;48;68
690.0;42;47;49;52;48;68
696.0;42;47;49;52;48;68
702.0;42;47;49;53;48;67
708.0;42;47;49;53;48;67
714.0;42;47;49;53;48;67
720.0;42;47;49;53;48;67
726.0;42;47;49;53;48;67
732.0;42;48;49;53;48;66
738.0;42;49;49;53;47;66
744.0;42;48;49;53;48;66
750.0;42;48;49;53;48;66
756.0;42;48;49;53;47;67
762.0;42;48;49;53;47;67
768.0;41;50;49;53;47;66
774.0;40;50;50;53;47;66
780.0;39;50;51;53;47;66
786.0;38;50;51;53;48;66
792.0;37;49;51;53;48;68
798.0;37;50;50;53;48;68
804.0;37;50;50;53;48;68
810.0;37;50;50;53;48;68
816.0;37;50;50;52;48;69
822.0;37;50;50;52;48;69
828.0;37;51;50;52;47;69
834.0;36;51;51;52;48;68
840.0;35;51;51;53;48;68
846.0;34;51;50;53;50;68
852.0;34;51;50;53;50;68
858.0;34;51;50;53;50;68
864.0;34;50;51;53;50;68
870.0;34;50;51;53;50;68
876.0;34;50;51;53;50;68
882.0;32;50;51;54;50;69
888.0;32;50;51;54;50;69
894.0;32;50;51;54;50;69
900.0;31;50;51;55;51;68
906.0;30;50;51;55;51;69
912.0;30;50;51;54;51;70
918.0;30;50;52;53;51;70
924.0;30;49;52;53;51;71
930.0;30;50;51;52;52;71
936.0;30;50;51;52;52;71
942.0;30;50;51;52;52;71
948.0;30;50;51;52;52;71
954.0;30;50;51;52;52;71
960.0;31;50;51;50;52;72
966.0;31;50;51;50;53;71
972.0;31;50;51;50;53;71
978.0;31;49;51;51;53;71
984.0;31;49;51;50;53;72
990.0;31;49;51;50;53;72
996.0;31;49;51;50;53;72
1002.0;32;49;50;50;54;71
1008.0;31;48;50;50;54;73
1014.0;30;48;50;50;55;73
1020.0;29;48;50;50;55;74
1026.0;27;49;50;51;55;74
1032.0;27;48;49;53;55;74
1038.0;27;48;49;53;55;74
1044.0;26;48;50;53;55;74
1050.0;26;48;50;53;55;74
1056.0;26;48;50;53;55;74
1062.0;26;48;50;53;55;74
1068.0;27;47;50;53;55;74
1074.0;27;47;50;53;55;74
1080.0;27;47;50;53;55;74
1086.0;27;47;50;53;55;74
1092.0;27;48;50;52;55;74
1098.0;27;48;50;52;55;74
1104.0;25;49;51;51;56;74
1110.0;25;49;51;52;56;73
1116.0;25;49;51;52;56;73
1122.0;25;49;51;52;56;73
1128.0;25;48;51;52;57;73
1134.0;25;49;51;52;57;72
1140.0;25;49;51;52;57;72
1146.0;25;48;52;52;57;72
1152.0;26;48;52;52;57;71
1158.0;26;49;52;53;56;70
1164.0;26;49;52;53;56;70
1170.0;26;49;52;53;56;70
1176.0;26;49;52;53;56;70
1182.0;26;49;51;53;57;70
1188.0;26;49;51;53;57;70
1194.0;26;49;51;53;57;70
1200.0;26;49;51;53;57;70
1206.0;25;49;51;54;57;70
1212.0;25;49;51;54;57;70
1218.0;25;49;51;54;57;70
1224.0;25;49;51;55;57;69
1230.0;27;49;50;55;57;68
1236.0;27;49;50;55;57;68
1242.0;27;48;50;55;58;68
1248.0;27;48;50;54;59;68
1254.0;26;48;50;54;60;68
1260.0;26;48;50;54;60;68
1266.0;26;47;50;55;60;68
1272.0;26;47;50;55;60;68
1278.0;26;47;50;55;60;68
1284.0;27;46;50;55;60;68
1290.0;28;46;50;55;59;68
1296.0;25;48;50;56;59;68
1302.0;24;49;50;56;59;68
1308.0;24;49;50;56;59;68
1314.0;24;49;49;56;60;68
1320.0;24;49;49;56;60;68
1326.0;24;49;49;56;60;68
1332.0;25;49;49;54;60;69
1338.0;25;48;49;54;60;70
1344.0;25;47;49;55;60;70
1350.0;25;48;49;56;58;70
1356.0;25;48;49;56;58;70
1362.0;24;48;51;56;57;70
1368.0;24;48;51;56;57;70
1374.0;23;48;51;57;57;70
1380.0;23;48;51;57;57;70
1386.0;23;48;51;56;57;71
1392.0;23;48;51;55;57;72
1398.0;23;48;51;55;57;72
1404.0;23;47;51;55;57;73
1410.0;23;47;52;55;57;72
1416.0;23;47;52;55;57;72
1422.0;23;47;51;56;57;72
1428.0;24;48;50;57;55;72
1434.0;24;48;51;56;55;72
1440.0;24;47;52;56;55;72
1446.0;23;47;52;57;55;72
1452.0;23;47;52;57;55;72
1458.0;23;48;52;57;54;72
1464.0;23;48;52;57;54;72
1470.0;23;48;52;57;55;71
1476.0;23;48;52;57;55;71
1482.0;24;48;52;56;55;71
1488.0;24;48;52;56;55;71
1494.0;23;48;51;57;54;73
1500.0;22;48;51;57;55;73
1506.0;21;48;52;57;55;73
1512.0;21;48;52;57;55;73
1518.0;21;48;52;57;55;73
1524.0;22;48;53;57;54;72
1530.0;23;48;52;57;54;72
1536.0;23;49;51;56;55;72
1542.0;23;50;51;55;55;72
1548.0;23;50;51;55;55;72
1554.0;23;51;51;54;55;72
1560.0;23;51;51;54;55;72
1566.0;25;50;51;53;55;72
1572.0;25;50;51;53;55;72
1578.0;25;50;52;53;54;72
1584.0;25;50;52;53;54;72
1590.0;25;50;52;53;54;72
1596.0;24;50;53;53;54;72
1602.0;24;50;53;52;54;73
1608.0;24;50;53;52;54;73
1614.0;24;50;53;52;54;73
1620.0;24;50;53;52;54;73
1626.0;25;49;53;52;53;74
1632.0;25;49;53;52;53;74
1638.0;25;50;52;52;53;74
1644.0;25;51;52;52;52;74
1650.0;26;50;51;54;52;73
1656.0;26;50;51;54;52;73
1662.0;26;50;51;54;52;73
1668.0;26;50;51;54;52;73
1674.0;26;50;51;54;52;73
1680.0;26;50;51;54;52;73
1686.0;26;49;51;54;53;73
1692.0;26;49;52;54;53;72
1698.0;26;49;53;56;53;69
1704.0;27;49;52;56;53;69
1710.0;27;50;51;56;54;68
1716.0;27;50;50;57;54;68
1722.0;27;50;50;57;54;68
1728.0;27;50;51;55;55;68
1734.0;27;50;51;55;55;68
1740.0;28;50;51;54;55;68
1746.0;28;50;51;54;55;68
1752.0;28;50;51;54;55;68
1758.0;28;50;50;54;56;68
1764.0;28;50;50;54;56;68
1770.0;27;51;50;53;56;69
1776.0;27;51;51;53;56;68
1782.0;27;51;50;54;56;68
1788.0;28;50;50;54;56;68
1794.0;28;50;50;54;56;68
1800.0;29;50;50;54;56;67
1806.0;29;50;50;54;56;67
1812.0;28;50;50;54;57;67
1818.0;28;50;51;53;57;67
1824.0;28;50;50;53;58;67
1830.0;28;50;50;53;58;67
1836.0;28;50;50;53;58;67
1842.0;28;50;50;53;58;67
1848.0;28;49;50;52;59;68
1854.0;28;49;51;51;59;68
1860.0;28;49;51;51;59;68
1866.0;28;49;51;51;59;68
1872.0;28;49;51;50;59;69
1878.0;28;49;51;50;59;69
1884.0;29;49;51;50;59;68
1890.0;28;49;52;50;59;68
1896.0;28;49;51;50;60;68
1902.0;28;49;51;50;60;68
1908.0;28;49;51;50;60;68
1914.0;28;50;50;50;60;68
1920.0;28;50;50;50;60;68
1926.0;28;50;50;50;60;68
1932.0;28;50;50;50;60;68
1938.0;28;50;50;50;60;68
1944.0;28;50;50;50;60;68
1950.0;28;50;50;50;60;68
1956.0;28;50;50;50;60;68
1962.0;28;50;50;49;61;68
1968.0;29;50;50;49;61;67
1974.0;29;49;50;49;62;67
1980.0;30;48;50;49;62;67
1986.0;30;48;50;49;62;67
1992.0;30;48;50;49;63;66
1998.0;29;48;50;49;63;67
2004.0;28;48;50;50;63;67
2010.0;28;48;50;49;64;67
2016.0;28;48;50;49;64;67
2022.0;28;48;50;49;65;66
2028.0;28;47;50;49;65;67
2034.0;28;47;50;49;65;67
2040.0;28;47;51;48;65;67
2046.0;28;47;51;48;65;67
2052.0;28;48;51;47;65;67
2058.0;27;48;51;47;66;67
2064.0;27;48;51;47;66;67
2070.0;27;48;51;47;66;67
2076.0;27;48;51;47;66;67
2082.0;27;48;51;47;66;67
2088.0;26;48;51;48;66;67
2094.0;26;48;51;48;66;67
2100.0;26;48;51;48;66;67
2106.0;26;48;51;49;66;66
2112.0;26;48;51;49;66;66
2118.0;26;48;51;49;66;66
2124.0;26;47;51;49;67;66
2130.0;27;47;51;49;67;65
2136.0;27;47;50;49;68;65
2142.0;27;46;51;49;68;65
2148.0;27;46;50;49;68;66
2154.0;28;46;50;49;67;66
2160.0;28;46;50;49;67;66
2166.0;28;47;48;49;68;66
2172.0;27;48;49;49;68;65
2178.0;28;48;49;48;68;65
2184.0;28;48;49;48;68;65
2190.0;28;48;49;48;68;65
2196.0;28;48;49;49;65;67
2202.0;28;48;49;49;65;67
2208.0;29;46;50;49;65;67
2214.0;29;45;50;50;65;67
2220.0;29;45;50;50;65;67
2226.0;29;45;50;50;65;67
2232.0;29;45;50;50;65;67
2238.0;29;45;50;50;64;68
2244.0;29;45;50;50;64;68
2250.0;30;46;50;49;64;67
2256.0;30;46;50;49;64;67
2262.0;30;46;50;49;64;67
2268.0;29;46;50;50;64;67
2274.0;29;46;50;50;64;67
2280.0;29;45;51;50;64;67
2286.0;29;45;51;50;64;67
2292.0;29;45;52;50;64;66
2298.0;30;44;52;50;65;65
2304.0;30;44;53;50;65;64
2310.0;30;44;53;50;65;64
2316.0;30;43;53;50;66;64
2322.0;31;43;53;49;66;64
2328.0;30;44;53;49;66;64
2334.0;29;44;54;49;66;64
2340.0;28;44;54;49;66;65
2346.0;29;44;54;49;67;63
2352.0;29;44;55;48;67;63
2358.0;29;44;55;48;67;63
2364.0;30;44;54;48;67;63
2370.0;30;44;54;48;67;63
2376.0;30;44;55;48;67;62
2382.0;30;43;55;48;68;62
2388.0;30;43;55;48;68;62
2394.0;30;43;55;48;68;62
2400.0;31;43;55;49;66;62
2406.0;31;43;55;49;66;62
2412.0;31;43;55;49;66;62
2418.0;31;44;55;49;66;61
2424.0;31;44;55;49;66;61
2430.0;31;44;55;49;66;61
2436.0;31;44;55;49;66;61
2442.0;31;44;55;49;66;61
2448.0;31;45;55;48;66;61
2454.0;30;45;55;48;67;61
2460.0;30;45;55;48;67;61
2466.0;30;45;55;48;67;61
2472.0;30;45;55;48;67;61
2478.0;30;45;55;48;67;61
2484.0;30;46;55;47;67;61
2490.0;30;46;55;47;67;61
2496.0;30;46;55;49;66;60
2502.0;29;46;56;49;67;59
2508.0;29;46;56;49;67;59
2514.0;29;46;56;49;67;59
2520.0;29;46;56;49;67;59
2526.0;29;46;56;49;67;59
2532.0;28;46;56;50;67;59
2538.0;28;47;56;49;67;59
2544.0;28;46;56;50;67;59
2550.0;29;46;57;50;67;57
2556.0;29;46;56;51;67;57
2562.0;29;47;56;51;67;56
2568.0;30;47;56;51;66;56
2574.0;30;47;56;51;66;56
2580.0;30;48;57;50;65;56
2586.0;30;48;57;50;65;56
2592.0;30;48;57;50;65;56
2598.0;30;48;57;50;65;56
2604.0;30;48;58;50;65;55
2610.0;28;48;60;50;65;55
2616.0;28;47;61;50;65;55
2622.0;28;46;61;51;65;55
2628.0;28;46;61;51;65;55
2634.0;28;46;61;51;65;55
2640.0;28;46;62;51;64;55
2646.0;29;46;62;51;63;55
2652.0;28;46;62;51;63;56
2658.0;28;46;63;51;62;56
2664.0;28;46;63;51;62;56
2670.0;28;46;63;51;62;56
2676.0;28;46;63;51;62;56
2682.0;27;46;63;51;63;56
2688.0;27;46;63;51;63;56
2694.0;27;46;63;51;63;56
2700.0;28;46;62;51;63;56
2706.0;28;45;62;51;63;57
2712.0;28;45;62;51;63;57
2718.0;29;43;62;51;64;57
2724.0;30;43;62;51;64;56
2730.0;30;43;63;50;64;56
2736.0;30;43;63;50;64;56
2742.0;30;43;63;50;64;56
2748.0;30;42;64;50;64;56
2754.0;30;41;65;50;64;56
2760.0;30;41;65;50;64;56
2766.0;31;42;66;48;64;55
2772.0;31;42;66;48;64;55
2778.0;31;41;66;48;64;56
2784.0;31;41;66;48;64;56
2790.0;32;40;66;48;64;56
2796.0;33;41;66;47;63;56
2802.0;33;41;67;46;63;56
2808.0;33;41;66;45;65;56
2814.0;33;41;66;45;65;56
2820.0;33;41;67;45;64;56
2826.0;33;41;67;45;64;56
2832.0;33;41;67;45;64;56
2838.0;33;41;66;46;64;56
2844.0;33;41;66;46;64;56
2850.0;33;41;66;47;64;55
2856.0;33;41;66;47;64;55
2862.0;33;41;66;47;64;55
2868.0;33;41;66;47;65;54
2874.0;33;41;66;47;65;54
2880.0;33;41;66;47;65;54
2886.0;33;41;66;47;65;54
2892.0;34;41;66;46;65;54
2898.0;34;41;66;46;65;54
2904.0;34;41;66;46;65;54
2910.0;33;42;66;46;65;54
2916.0;33;42;66;46;65;54
2922.0;33;42;66;46;65;54
2928.0;34;42;66;46;65;53
2934.0;34;42;66;46;65;53
2940.0;33;43;66;46;65;53
2946.0;33;43;66;46;65;53
2952.0;33;43;66;46;65;53
2958.0;33;43;66;46;65;53
2964.0;33;43;67;46;65;52
2970.0;33;43;67;45;66;52
2976.0;32;43;67;46;66;52
2982.0;34;42;66;47;65;52
2988.0;34;42;66;47;65;52
2994.0;35;42;67;45;65;52
3000.0;35;42;67;45;65;52
3006.0;35;43;67;44;65;52
3012.0;35;43;67;44;65;52
3018.0;34;43;67;44;66;52
3024.0;34;43;67;44;66;52
3030.0;34;43;67;44;66;52
3036.0;34;44;68;42;66;52
3042.0;34;44;68;42;66;52
3048.0;34;44;68;42;66;52
3054.0;34;43;68;42;67;52
3060.0;34;43;68;42;67;52
3066.0;35;43;67;42;67;52
3072.0;34;43;67;43;67;52
3078.0;34;43;67;43;67;52
3084.0;34;43;68;43;66;52
3090.0;34;43;68;43;65;53
3096.0;34;43;68;43;65;53
3102.0;34;43;68;43;65;53
3108.0;35;43;67;45;64;52
3114.0;35;43;67;45;64;52
3120.0;35;43;68;43;64;53
3126.0;36;43;68;43;63;53
3132.0;36;43;68;43;63;53
3138.0;36;43;68;43;63;53
3144.0;36;43;68;43;63;53
3150.0;35;43;68;43;63;54
3156.0;35;43;68;43;63;54
3162.0;34;44;69;43;62;54
3168.0;33;44;69;43;63;54
3174.0;33;44;69;43;63;54
3180.0;32;44;69;43;64;54
3186.0;32;44;69;43;64;54
3192.0;33;45;68;44;63;53
3198.0;33;45;68;44;63;53
3204.0;33;45;69;44;63;52
3210.0;33;45;68;44;63;53
3216.0;33;46;68;43;63;53
3222.0;33;46;68;43;63;53
3228.0;33;45;68;43;64;53
3234.0;31;45;68;43;64;55
3240.0;31;45;68;43;64;55
3246.0;31;45;68;44;64;54
3252.0;31;45;68;44;64;54
3258.0;31;45;68;44;64;54
3264.0;31;45;68;44;64;54
3270.0;31;45;68;44;64;54
3276.0;30;45;68;45;64;54
3282.0;31;45;68;44;64;54
3288.0;31;45;68;44;64;54
3294.0;32;46;68;43;63;54
3300.0;32;46;68;43;63;54
3306.0;32;46;68;43;63;54
3312.0;32;46;68;43;63;54
3318.0;33;45;68;43;63;54
3324.0;33;45;68;43;63;54
3330.0;33;45;68;43;63;54
3336.0;33;45;68;43;63;54
3342.0;33;45;68;43;64;53
3348.0;33;45;68;43;63;54
3354.0;33;46;68;43;62;54
3360.0;33;46;68;43;62;54
3366.0;33;46;68;43;62;54
3372.0;33;46;68;43;62;54
3378.0;33;45;68;43;62;55
3384.0;33;45;68;43;62;55
3390.0;34;45;69;43;60;55
3396.0;34;45;69;43;60;55
3402.0;34;45;69;43;60;55
3408.0;34;45;69;43;60;55
3414.0;34;45;69;43;60;55
3420.0;34;45;69;43;60;55
3426.0;34;45;69;43;61;54
3432.0;34;45;69;43;61;54
3438.0;34;45;69;43;61;54
3444.0;34;45;69;43;61;54
3450.0;34;45;69;43;61;54
3456.0;34;45;69;43;61;54
3462.0;34;45;69;43;61;54
3468.0;34;45;69;43;61;54
3474.0;34;44;70;43;61;54
3480.0;34;44;70;42;61;55
3486.0;34;44;71;42;61;54
3492.0;35;44;71;42;60;54
3498.0;35;44;71;42;60;54
3504.0;35;44;71;42;60;54
3510.0;35;44;71;42;60;54
3516.0;35;43;71;42;60;55
3522.0;34;43;72;42;60;55
3528.0;34;44;72;42;60;54
3534.0;34;44;74;42;59;53
3540.0;34;44;75;42;58;53
3546.0;34;44;75;42;58;53
3552.0;34;44;75;42;58;53
3558.0;34;44;75;42;58;53
3564.0;34;44;75;42;58;53
3570.0;33;46;73;43;59;52
3576.0;33;46;73;42;59;53
3582.0;32;46;73;42;60;53
3588.0;32;46;72;42;60;54
3594.0;32;46;71;42;60;55
3600.0;32;47;71;43;59;54
3606.0;32;47;71;43;59;54
3612.0;32;47;71;43;59;54
3618.0;32;47;71;43;59;54
3624.0;32;47;70;44;59;54
3630.0;32;47;70;44;59;54
3636.0;32;48;69;44;59;54
3642.0;32;48;69;44;59;54
3648.0;32;47;69;45;59;54
3654.0;32;47;69;45;59;54
3660.0;33;47;68;44;59;55
3666.0;33;48;67;44;59;55
3672.0;33;48;68;43;59;55
3678.0;33;48;68;43;59;55
3684.0;33;48;68;43;60;54
3690.0;33;48;68;43;60;54
3696.0;33;48;68;43;60;54
3702.0;33;48;68;43;60;54
3708.0;33;47;68;43;60;55
3714.0;31;47;69;43;60;56
3720.0;31;46;69;44;60;56
3726.0;31;46;69;44;60;56
3732.0;32;47;69;44;59;55
3738.0;32;47;69;44;60;54
3744.0;32;47;69;44;60;54
3750.0;32;46;69;44;60;55
3756.0;32;46;69;44;60;55
3762.0;32;46;69;44;60;55
3768.0;31;46;69;43;61;56
3774.0;30;45;69;43;63;56
3780.0;30;45;67;43;64;57
3786.0;30;45;67;43;64;57
3792.0;29;46;67;43;64;57
3798.0;29;46;67;43;64;57
3804.0;29;46;66;44;65;56
3810.0;29;46;66;44;65;56
3816.0;29;46;67;43;65;56
3822.0;29;46;67;42;66;56
3828.0;30;46;67;42;66;55
3834.0;30;46;67;42;66;55
3840.0;29;46;67;42;66;56
3846.0;29;46;67;41;65;58
3852.0;29;45;67;41;66;58
3858.0;29;45;67;41;66;58
3864.0;28;46;68;40;67;57
3870.0;28;46;68;40;67;57
3876.0;27;46;68;40;67;58
3882.0;27;46;67;40;68;58
3888.0;27;46;67;39;68;59
3894.0;27;46;67;39;68;59
3900.0;27;46;67;38;69;59
3906.0;27;46;67;38;69;59
3912.0;28;44;67;38;69;60
3918.0;28;44;67;38;69;60
3924.0;28;44;68;38;69;59
3930.0;27;45;67;38;69;60
3936.0;27;45;67;38;69;60
3942.0;27;45;67;38;69;60
3948.0;27;45;67;38;69;60
3954.0;27;45;68;38;68;60
3960.0;27;45;68;38;68;60
3966.0;27;45;68;38;68;60
3972.0;27;45;69;37;68;60
3978.0;27;45;69;37;68;60
3984.0;27;45;69;36;70;59
3990.0;26;45;69;36;70;60
3996.0;26;45;69;36;70;60
4002.0;26;45;69;36;70;60
4008.0;26;45;69;36;70;60
4014.0;25;45;69;37;70;60
4020.0;25;45;69;37;70;60
4026.0;26;45;68;37;70;60
4032.0;27;45;68;36;70;60
4038.0;27;45;68;36;70;60
4044.0;26;46;68;36;70;60
4050.0;26;46;68;36;70;60
4056.0;25;47;68;36;70;60
4062.0;24;47;68;37;70;60
4068.0;24;48;68;36;70;60
4074.0;24;48;68;36;70;60
4080.0;24;48;68;36;70;60
4086.0;24;48;68;36;70;60
4092.0;23;48;69;36;70;60
4098.0;23;48;69;36;70;60
4104.0;23;48;69;36;70;60
4110.0;23;48;69;36;70;60
4116.0;23;48;69;36;70;60
4122.0;23;48;69;36;70;60
4128.0;23;48;69;36;70;60
4134.0;22;49;69;36;70;60
4140.0;22;49;69;36;70;60
4146.0;23;49;68;36;70;60
4152.0;23;49;68;36;70;60
4158.0;23;49;68;36;70;60
4164.0;23;49;68;36;70;60
4170.0;23;49;68;36;70;60
4176.0;24;50;67;36;69;60
4182.0;24;50;67;36;69;60
4188.0;24;50;68;35;69;60
4194.0;24;50;68;35;69;60
4200.0;24;50;68;35;69;60
4206.0;24;49;68;35;70;60
4212.0;25;48;69;35;69;60
4218.0;26;47;70;35;69;59
4224.0;26;47;70;34;69;60
4230.0;26;47;70;34;69;60
4236.0;26;47;70;34;69;60
4242.0;28;47;70;33;68;60
4248.0;28;47;70;33;68;60
4254.0;28;47;70;33;68;60
4260.0;28;47;70;33;68;60
4266.0;29;48;70;32;68;59
4272.0;29;48;70;32;68;59
4278.0;29;48;70;32;68;59
4284.0;29;47;70;31;70;59
4290.0;29;47;70;31;70;59
4296.0;28;47;70;32;71;58
4302.0;28;47;70;32;71;58
4308.0;28;47;70;32;71;58
4314.0;27;48;70;32;71;58
4320.0;27;48;70;32;71;58
4326.0;27;47;71;32;71;58
4332.0;27;47;72;32;70;58
4338.0;27;45;72;35;70;57
4344.0;27;45;72;35;70;57
4350.0;26;47;72;35;69;57
4356.0;26;47;72;35;69;57
4362.0;26;47;72;35;69;57
4368.0;27;48;70;35;69;57
4374.0;27;47;70;36;69;57
4380.0;27;46;70;36;69;58
4386.0;28;47;70;36;68;57
4392.0;28;46;70;37;68;57
4398.0;28;46;70;38;67;57
4404.0;28;46;70;38;67;57
4410.0;29;46;70;38;66;57
4416.0;28;47;70;38;66;57
4422.0;28;46;70;39;67;56
4428.0;28;46;70;39;67;56
4434.0;28;46;70;39;67;56
4440.0;28;46;70;39;67;56
4446.0;28;46;70;39;67;56
4452.0;27;46;70;39;67;57
4458.0;26;47;70;39;67;57
4464.0;26;47;70;39;67;57
4470.0;24;47;70;39;68;58
4476.0;24;47;70;39;68;58
4482.0;24;46;71;39;68;58
4488.0;24;46;71;39;68;58
4494.0;24;46;71;39;68;58
4500.0;24;46;71;40;67;58
4506.0;24;46;71;40;67;58
4512.0;24;45;72;40;68;57
4518.0;24;45;72;40;69;56
4524.0;24;45;72;40;69;56
4530.0;24;45;72;40;69;56
4536.0;24;44;73;41;68;56
4542.0;24;45;73;41;68;55
4548.0;24;45;73;41;68;55
4554.0;24;45;73;41;68;55
4560.0;24;45;73;41;68;55
4566.0;24;45;73;41;68;55
4572.0;24;45;72;41;68;56
4578.0;24;45;72;41;68;56
4584.0;24;45;72;41;68;56
4590.0;25;45;72;40;68;56
4596.0;25;45;70;42;68;56
4602.0;25;45;70;42;68;56
4608.0;25;45;70;42;68;56
4614.0;25;46;70;42;68;55
4620.0;25;47;70;42;67;55
4626.0;25;47;71;42;67;54
4632.0;25;48;72;42;67;52
4638.0;25;48;73;42;66;52
4644.0;24;49;73;42;66;52
4650.0;24;48;73;42;67;52
4656.0;24;48;73;42;67;52
4662.0;24;48;73;42;67;52
4668.0;24;49;72;42;67;52
4674.0;24;50;70;42;68;52
4680.0;24;50;70;41;69;52
4686.0;24;50;70;41;69;52
4692.0;24;50;70;41;69;52
4698.0;24;50;70;41;69;52
4704.0;24;50;70;41;69;52
4710.0;23;50;70;41;69;53
4716.0;23;51;70;41;68;53
4722.0;23;50;71;41;68;53
4728.0;22;49;71;41;70;53
4734.0;22;49;71;41;70;53
4740.0;22;49;71;40;71;53
4746.0;22;49;71;40;71;53
4752.0;22;49;71;40;71;53
4758.0;22;49;72;39;71;53
4764.0;22;49;72;39;71;53
4770.0;22;49;72;39;72;52
4776.0;22;49;72;40;71;52
4782.0;21;49;73;40;71;52
4788.0;21;49;73;40;71;52
4794.0;22;49;73;40;70;52
4800.0;22;49;72;40;70;53
4806.0;22;49;72;40;70;53
4812.0;22;49;72;40;70;53
4818.0;23;49;71;40;70;53
4824.0;23;49;71;40;70;53
4830.0;23;49;71;40;70;53
4836.0;24;48;71;40;70;53
4842.0;24;49;71;40;69;53
4848.0;23;48;72;40;69;54
4854.0;23;47;71;41;69;55
4860.0;23;47;71;41;69;55
4866.0;23;47;71;40;69;56
4872.0;23;47;71;40;69;56
4878.0;23;47;71;40;69;56
4884.0;23;47;71;40;68;57
4890.0;23;47;71;40;68;57
4896.0;23;47;71;40;68;57
4902.0;23;47;71;40;68;57
4908.0;23;47;71;40;68;57
4914.0;24;45;71;40;68;58
4920.0;25;45;72;39;68;57
4926.0;25;45;72;38;69;57
4932.0;25;45;73;38;68;57
4938.0;25;46;73;37;68;57
4944.0;25;46;73;37;68;57
4950.0;25;46;73;37;68;57
4956.0;25;46;73;37;68;57
4962.0;25;47;73;37;68;56
4968.0;25;47;72;37;69;56
4974.0;25;47;73;37;68;56
4980.0;25;47;73;37;68;56
4986.0;25;47;73;38;67;56
4992.0;25;47;73;39;67;55
4998.0;26;47;73;39;67;54
5004.0;26;47;73;39;67;54
5010.0;25;47;74;39;67;54
5016.0;26;46;73;39;67;55
5022.0;26;46;72;39;68;55
5028.0;26;46;72;39;68;55
5034.0;26;46;72;39;68;55
5040.0;26;46;72;39;68;55
5046.0;26;46;72;39;68;55
5052.0;27;46;73;37;69;54
5058.0;27;45;73;37;69;55
5064.0;27;45;73;37;69;55
5070.0;27;45;73;37;69;55
5076.0;27;45;73;38;69;54
5082.0;26;45;74;38;68;55
5088.0;26;45;74;38;68;55
5094.0;25;45;74;39;68;55
5100.0;25;44;74;39;69;55
5106.0;25;44;74;39;69;55
5112.0;25;44;74;38;71;54
5118.0;25;44;74;38;71;54
5124.0;25;44;74;38;71;54
5130.0;25;44;73;38;72;54
5136.0;25;43;73;39;72;54
5142.0;25;44;73;38;72;54
5148.0;25;44;73;38;72;54
5154.0;25;43;73;38;72;55
5160.0;25;43;72;39;72;55
5166.0;25;43;72;39;72;55
5172.0;25;43;72;39;72;55
5178.0;24;44;71;39;73;55
5184.0;24;45;71;39;73;54
5190.0;24;45;69;40;75;53
5196.0;24;45;68;40;76;53
5202.0;24;45;68;40;76;53
5208.0;24;45;68;40;76;53
5214.0;24;45;69;40;75;53
5220.0;24;45;69;40;75;53
5226.0;22;46;69;41;75;53
5232.0;22;46;69;41;75;53
5238.0;22;46;70;39;75;54
5244.0;22;47;70;38;75;54
5250.0;22;47;70;38;75;54
5256.0;22;48;70;37;75;54
5262.0;22;48;70;38;75;53
5268.0;22;48;70;38;75;53
5274.0;22;48;70;38;75;53
5280.0;22;48;70;39;74;53
5286.0;22;48;70;39;74;53
5292.0;22;48;70;39;74;53
5298.0;22;47;70;40;75;52
5304.0;22;47;70;40;75;52
5310.0;24;47;68;41;74;52
5316.0;24;47;68;41;74;52
5322.0;25;47;67;41;74;52
5328.0;25;47;68;40;75;51
5334.0;26;47;68;40;75;50
5340.0;26;47;68;40;75;50
5346.0;26;47;68;40;75;50
5352.0;26;47;68;40;75;50
5358.0;26;47;67;40;76;50
5364.0;26;47;67;39;77;50
5370.0;26;46;68;39;77;50
5376.0;26;47;67;39;77;50
5382.0;25;47;68;39;77;50
5388.0;23;47;68;39;78;51
5394.0;23;47;68;39;78;51
5400.0;23;47;68;39;78;51
5406.0;23;47;68;38;79;51
5412.0;22;47;68;40;78;51
5418.0;22;46;67;42;78;51
5424.0;22;46;66;42;79;51
5430.0;23;46;65;42;79;51
5436.0;23;46;65;42;79;51
5442.0;22;47;65;42;79;51
5448.0;22;47;65;43;78;51
5454.0;22;47;65;43;78;51
5460.0;22;47;65;43;78;51
5466.0;22;47;66;41;78;52
5472.0;21;47;66;42;78;52
5478.0;21;47;65;43;78;52
5484.0;21;47;64;43;78;53
5490.0;21;47;64;43;79;52
5496.0;21;47;64;43;79;52
5502.0;21;47;64;43;79;52
5508.0;22;47;64;42;79;52
5514.0;22;47;64;42;79;52
5520.0;22;47;64;42;79;52
5526.0;22;47;64;42;78;53
5532.0;22;47;65;42;77;53
5538.0;22;48;65;42;77;52
5544.0;22;48;65;42;77;52
5550.0;22;48;65;42;77;52
5556.0;22;48;65;41;77;53
5562.0;22;48;65;41;77;53
5568.0;22;48;65;41;77;53
5574.0;22;48;65;41;77;53
5580.0;22;48;64;42;77;53
5586.0;22;48;64;42;77;53
5592.0;22;48;64;41;77;54
5598.0;22;48;64;41;77;54
5604.0;22;47;65;41;77;54
5610.0;23;47;65;41;76;54
5616.0;23;47;65;41;76;54
5622.0;23;47;65;41;76;54
5628.0;23;47;64;41;76;55
5634.0;23;47;64;41;76;55
5640.0;24;47;64;41;75;55
5646.0;24;47;64;41;75;55
5652.0;24;47;64;41;74;56
5658.0;24;47;64;41;74;56
5664.0;23;47;64;41;75;56
5670.0;23;47;64;41;75;56
5676.0;24;47;63;41;75;56
5682.0;24;47;63;41;75;56
5688.0;24;47;63;41;75;56
5694.0;24;47;62;41;75;57
5700.0;24;47;62;41;75;57
5706.0;24;47;62;41;74;58
5712.0;24;47;62;41;74;58
5718.0;24;48;62;40;74;58
5724.0;24;48;62;40;74;58
5730.0;24;47;62;40;75;58
5736.0;24;47;62;42;75;56
5742.0;24;47;62;42;75;56
5748.0;24;47;62;43;74;56
5754.0;25;47;62;43;73;56
5760.0;25;47;62;43;73;56
5766.0;24;48;62;42;74;56
5772.0;24;48;62;42;74;56
5778.0;25;48;63;42;72;56
5784.0;25;48;63;42;72;56
5790.0;24;49;63;42;72;56
5796.0;24;49;63;42;72;56
5802.0;24;48;63;42;73;56
5808.0;24;48;63;42;73;56
5814.0;24;48;63;42;74;55
5820.0;24;48;62;42;75;55
5826.0;24;48;62;42;75;55
5832.0;24;48;61;42;76;55
5838.0;25;47;61;42;76;55
5844.0;25;47;61;42;76;55
5850.0;25;47;61;42;76;55
5856.0;25;47;61;42;76;55
5862.0;26;47;59;42;76;56
5868.0;25;48;59;44;75;55
5874.0;24;48;60;43;76;55
5880.0;24;48;60;43;76;55
5886.0;24;49;60;44;74;55
5892.0;24;49;60;44;74;55
5898.0;23;49;60;45;74;55
5904.0;24;48;59;45;74;56
5910.0;24;48;59;45;74;56
5916.0;24;48;58;46;74;56
5922.0;24;48;58;46;74;56
5928.0;25;48;58;46;74;55
5934.0;25;48;58;46;74;55
5940.0;25;48;58;46;74;55
5946.0;25;48;58;46;74;55
5952.0;24;48;58;46;75;55
5958.0;24;48;58;46;75;55
5964.0;23;48;58;47;75;55
5970.0;23;48;58;47;75;55
5976.0;23;48;58;47;75;55
5982.0;23;48;58;47;75;55
5988.0;23;48;58;47;75;55
5994.0;23;49;58;47;75;54
6000.0;23;49;59;47;75;53
6006.0;23;49;59;47;75;53
6012.0;22;49;60;46;75;54
6018.0;22;49;60;46;75;54
6024.0;23;49;60;47;74;53
6030.0;23;49;60;47;74;53
6036.0;24;49;60;47;74;52
6042.0;24;49;60;47;74;52
6048.0;24;49;60;47;74;52
6054.0;23;49;60;48;74;52
6060.0;23;49;60;48;74;52
6066.0;22;49;62;48;73;52
6072.0;22;50;61;48;73;52
6078.0;22;50;61;48;73;52
6084.0;22;50;61;49;71;53
6090.0;21;50;61;49;72;53
6096.0;20;50;61;50;72;53
6102.0;21;50;61;50;71;53
6108.0;21;51;62;50;69;53
6114.0;21;51;62;50;69;53
6120.0;20;50;63;50;70;53
6126.0;21;50;63;49;70;53
6132.0;21;50;63;49;70;53
6138.0;21;49;63;49;71;53
6144.0;20;50;63;49;71;53
6150.0;20;50;63;49;71;53
6156.0;20;50;63;49;71;53
6162.0;20;50;63;49;71;53
6168.0;21;51;61;49;71;53
6174.0;21;51;61;49;71;53
6180.0;21;51;61;49;71;53
6186.0;21;51;61;49;71;53
6192.0;21;51;61;49;71;53
6198.0;21;51;61;49;71;53
6204.0;21;51;61;49;71;53
6210.0;21;51;61;49;71;53
6216.0;22;51;60;50;71;52
6222.0;22;50;60;50;71;53
6228.0;22;50;59;50;71;54
6234.0;22;50;59;50;71;54
6240.0;22;50;59;50;71;54
6246.0;22;50;59;50;71;54
6252.0;23;50;59;49;70;55
6258.0;23;50;59;49;70;55
6264.0;23;50;59;49;70;55
6270.0;23;50;60;49;69;55
6276.0;23;50;60;49;69;55
6282.0;23;50;60;49;69;55
6288.0;23;51;60;49;69;54
6294.0;23;51;60;49;69;54
6300.0;22;51;60;50;69;54
6306.0;22;51;60;50;69;54
6312.0;22;51;60;50;69;54
6318.0;22;51;60;50;69;54
6324.0;22;51;60;49;71;53
6330.0;22;51;60;49;71;53
6336.0;22;51;61;49;70;53
6342.0;22;51;61;49;70;53
6348.0;22;51;61;49;70;53
6354.0;21;51;61;49;70;54
6360.0;21;51;61;49;70;54
6366.0;21;51;61;49;70;54
6372.0;21;50;61;50;70;54
6378.0;21;50;62;48;70;55
6384.0;21;50;62;48;70;55
6390.0;21;50;62;48;70;55
6396.0;21;51;62;47;70;55
6402.0;21;50;62;48;69;56
6408.0;21;50;62;48;69;56
6414.0;21;50;62;48;69;56
6420.0;21;50;62;48;68;57
6426.0;20;50;62;49;68;57
6432.0;19;50;62;49;68;58
6438.0;19;50;62;49;68;58
6444.0;19;51;61;49;68;58
6450.0;20;51;61;49;68;57
6456.0;20;51;61;49;68;57
6462.0;20;51;61;48;69;57
6468.0;20;51;62;47;69;57
6474.0;21;50;62;48;69;56
6480.0;21;50;62;49;69;55
6486.0;21;50;61;49;69;56
6492.0;21;51;61;49;69;55
6498.0;22;51;61;49;69;54
6504.0;22;51;61;49;69;54
6510.0;22;51;60;49;69;55
6516.0;22;51;60;49;69;55
6522.0;22;51;60;49;69;55
6528.0;22;51;60;49;69;55
6534.0;24;50;60;48;70;54
6540.0;24;50;60;48;70;54
6546.0;24;50;60;48;70;54
6552.0;23;50;61;48;70;54
6558.0;23;50;61;48;70;54
6564.0;23;50;61;48;70;54
6570.0;24;50;62;46;70;54
6576.0;23;50;62;47;69;55
6582.0;24;50;62;47;68;55
6588.0;25;49;62;48;67;55
6594.0;25;49;62;48;67;55
6600.0;25;49;63;48;66;55
6606.0;26;48;63;47;66;56
6612.0;27;47;62;47;66;57
6618.0;27;47;62;47;66;57
6624.0;27;47;63;47;66;56
6630.0;27;47;63;47;66;56
6636.0;27;48;63;47;65;56
6642.0;25;48;64;48;65;56
6648.0;24;48;64;48;65;57
6654.0;23;48;65;48;64;58
6660.0;23;48;65;48;64;58
6666.0;23;48;65;48;64;58
6672.0;23;48;65;48;64;58
6678.0;23;48;65;49;63;58
6684.0;23;49;65;48;63;58
6690.0;23;49;65;48;63;58
6696.0;23;49;65;47;63;59
6702.0;23;49;65;47;63;59
6708.0;23;49;65;47;63;59
6714.0;23;49;65;47;63;59
6720.0;23;49;65;47;63;59
6726.0;23;49;65;47;63;59
6732.0;23;49;65;49;61;59
6738.0;24;49;65;49;60;59
6744.0;24;49;65;48;60;60
6750.0;23;49;66;48;60;60
6756.0;23;49;66;48;60;60
6762.0;23;49;66;48;60;60
6768.0;23;49;66;49;60;59
6774.0;23;47;66;49;61;60
6780.0;24;47;66;49;60;60
6786.0;24;47;66;49;60;60
6792.0;24;47;66;49;60;60
6798.0;24;47;66;49;60;60
6804.0;24;47;66;49;60;60
6810.0;24;47;66;49;60;60
6816.0;24;47;66;49;60;60
6822.0;23;47;66;50;60;60
6828.0;23;46;66;49;60;62
6834.0;23;46;66;49;60;62
6840.0;23;46;66;49;60;62
6846.0;23;46;66;49;60;62
6852.0;22;47;67;48;60;62
6858.0;21;47;69;47;60;62
6864.0;21;47;69;47;60;62
6870.0;21;47;69;47;60;62
6876.0;21;47;69;47;60;62
6882.0;21;47;69;47;60;62
6888.0;21;47;69;47;60;62
6894.0;21;47;69;47;60;62
6900.0;20;48;69;47;60;62
6906.0;21;47;69;47;60;62
6912.0;23;47;68;47;59;62
6918.0;23;47;68;48;59;61
6924.0;24;47;68;47;59;61
6930.0;24;47;68;47;59;61
6936.0;24;47;68;47;59;61
6942.0;24;47;68;47;59;61
6948.0;24;47;68;47;59;61
6954.0;24;47;68;47;59;61
6960.0;25;47;68;46;59;61
6966.0;25;47;68;46;59;61
6972.0;25;47;68;46;59;61
6978.0;25;47;68;46;59;61
6984.0;25;47;68;46;59;61
6990.0;25;47;68;46;59;61
6996.0;26;46;68;46;59;61
7002.0;27;46;68;45;59;61
7008.0;27;46;68;45;59;61
7014.0;28;45;67;46;59;61
7020.0;28;45;67;46;59;61
7026.0;28;45;67;46;59;61
7032.0;28;45;67;46;59;61
7038.0;28;45;66;46;60;61
7044.0;28;45;66;46;60;61
7050.0;28;45;66;47;60;60
7056.0;27;45;66;47;61;60
7062.0;28;45;65;47;61;60
7068.0;29;45;65;47;61;59
7074.0;29;45;65;47;61;59
7080.0;29;45;65;47;61;59
7086.0;29;45;65;47;61;59
7092.0;29;45;65;47;61;59
7098.0;30;45;64;47;61;59
7104.0;29;45;64;47;61;60
7110.0;29;45;64;47;61;60
7116.0;29;45;64;47;61;60
7122.0;29;45;64;46;61;61
7128.0;29;46;63;45;62;61
7134.0;29;46;63;45;62;61
7140.0;29;46;63;45;62;61
7146.0;29;46;63;45;62;61
7152.0;28;46;63;46;61;62
7158.0;28;46;63;46;61;62
7164.0;28;46;63;46;61;62
7170.0;28;46;63;47;60;62
7176.0;28;46;63;47;60;62
7182.0;28;46;63;47;59;63
7188.0;28;46;63;47;59;63
7194.0;28;46;63;47;59;63
7200.0;29;47;61;48;59;62
7206.0;29;46;61;48;59;63
7212.0;29;46;61;48;59;63
7218.0;29;46;61;48;59;63
7224.0;28;46;61;49;59;63
7230.0;28;46;62;47;59;64
7236.0;28;46;62;47;59;64
7242.0;28;46;62;47;59;64
7248.0;27;47;62;47;58;65
7254.0;27;47;62;47;58;65
7260.0;26;47;62;47;58;66
7266.0;26;47;62;47;58;66
7272.0;26;48;62;47;57;66
7278.0;27;46;62;47;58;66
7284.0;28;45;62;47;58;66
7290.0;28;46;61;47;58;66
7296.0;28;46;61;47;58;66
7302.0;28;46;61;48;57;66
7308.0;27;45;61;48;57;68
7314.0;27;45;61;48;57;68
7320.0;27;45;61;49;56;68
7326.0;27;44;61;49;56;69
7332.0;27;44;62;49;57;67
7338.0;27;44;62;49;57;67
7344.0;27;44;62;49;57;67
7350.0;27;44;62;47;57;69
7356.0;27;44;62;47;57;69
7362.0;27;44;62;47;57;69
7368.0;27;44;62;47;57;69
7374.0;27;44;62;47;57;69
7380.0;26;44;63;47;57;69
7386.0;26;44;63;47;57;69
7392.0;27;43;63;47;57;69
7398.0;27;43;63;47;57;69
7404.0;27;43;63;46;57;70
7410.0;28;43;63;45;57;70
7416.0;30;43;62;45;58;68
7422.0;31;43;62;45;57;68
7428.0;31;43;62;45;57;68
7434.0;32;43;62;45;57;67
7440.0;32;43;62;46;57;66
7446.0;32;43;62;46;57;66
7452.0;32;43;62;47;56;66
7458.0;32;43;63;46;56;66
7464.0;32;43;63;46;56;66
7470.0;32;43;63;46;56;66
7476.0;32;43;63;46;56;66
7482.0;32;43;63;46;56;66
7488.0;33;43;63;46;55;66
7494.0;34;42;63;46;55;66
7500.0;34;42;63;46;55;66
7506.0;34;42;63;46;55;66
7512.0;34;42;63;46;55;66
7518.0;34;42;63;46;55;66
7524.0;34;42;64;46;54;66
7530.0;34;42;64;46;54;66
7536.0;34;42;64;46;54;66
7542.0;33;42;64;46;54;67
7548.0;33;42;64;46;54;67
7554.0;32;42;64;46;55;67
7560.0;32;42;64;46;56;66
7566.0;32;42;64;46;56;66
7572.0;33;42;64;45;56;66
7578.0;33;42;64;45;56;66
7584.0;35;42;61;45;56;67
7590.0;35;42;61;45;56;67
7596.0;34;43;61;45;56;67
7602.0;34;43;61;45;56;67
7608.0;34;43;61;45;56;67
7614.0;35;43;60;46;56;66
7620.0;35;44;60;46;56;65
7626.0;35;43;61;46;56;65
7632.0;35;44;61;46;55;65
7638.0;35;44;61;46;55;65
7644.0;35;44;61;46;55;65
7650.0;36;44;61;46;55;64
7656.0;36;44;61;46;55;64
7662.0;37;44;61;45;55;64
7668.0;37;44;61;45;55;64
7674.0;37;44;61;45;55;64
7680.0;37;44;61;45;55;64
7686.0;37;44;61;45;55;64
7692.0;37;44;61;45;55;64
7698.0;37;44;61;45;55;64
7704.0;35;44;61;46;55;65
7710.0;35;44;62;46;54;65
7716.0;35;44;62;45;55;65
7722.0;35;44;62;45;55;65
7728.0;35;44;60;47;56;64
7734.0;34;44;61;47;56;64
7740.0;34;43;61;47;56;65
7746.0;34;43;61;47;56;65
7752.0;34;42;61;47;57;65
7758.0;34;42;61;47;57;65
7764.0;33;42;61;47;58;65
7770.0;32;42;61;47;59;65
7776.0;33;42;61;47;58;65
7782.0;33;43;60;47;58;65
7788.0;33;43;60;47;58;65
7794.0;33;42;60;48;59;64
7800.0;33;42;60;48;59;64
7806.0;33;42;60;48;59;64
7812.0;32;42;60;49;59;64
7818.0;32;42;61;48;59;64
7824.0;32;42;61;48;59;64
7830.0;33;42;61;48;58;64
7836.0;33;42;61;48;58;64
7842.0;33;42;61;48;58;64
7848.0;34;42;61;48;58;63
7854.0;34;43;61;48;57;63
7860.0;34;44;60;48;57;63
7866.0;34;44;60;48;57;63
7872.0;34;44;62;47;58;61
7878.0;33;44;63;47;57;62
7884.0;33;43;63;48;57;62
7890.0;33;43;63;48;57;62
7896.0;33;43;63;48;57;62
7902.0;33;43;62;48;58;62
7908.0;33;43;62;48;58;62
7914.0;32;43;62;48;58;63
7920.0;32;43;62;48;58;63
7926.0;32;43;63;48;57;63
7932.0;32;43;63;48;57;63
7938.0;32;41;64;48;58;63
7944.0;32;40;64;49;58;63
7950.0;32;40;64;49;58;63
7956.0;31;40;64;49;59;63
7962.0;31;40;64;49;59;63
7968.0;32;40;64;49;58;63
7974.0;31;40;65;49;58;63
7980.0;31;40;65;50;57;63
7986.0;31;40;66;50;56;63
7992.0;31;40;67;49;56;63
7998.0;31;40;67;50;56;62
8004.0;31;39;67;50;56;63
8010.0;31;39;67;50;56;63
8016.0;31;40;66;50;56;63
8022.0;32;40;66;50;55;63
8028.0;32;40;66;50;55;63
8034.0;31;40;66;50;56;63
8040.0;30;40;66;51;56;63
8046.0;31;40;65;51;56;63
8052.0;31;40;65;51;56;63
8058.0;31;40;65;51;56;63
8064.0;31;41;65;51;56;62
8070.0;31;41;65;51;56;62
8076.0;31;41;65;51;56;62
8082.0;31;40;65;51;56;63
8088.0;31;40;65;52;56;62
8094.0;30;40;66;51;57;62
8100.0;30;40;66;51;57;62
8106.0;30;39;66;51;58;62
8112.0;29;40;66;51;58;62
8118.0;29;40;66;51;58;62
8124.0;29;40;65;51;58;63
8130.0;29;40;65;51;58;63
8136.0;29;40;65;52;56;64
8142.0;30;39;65;52;56;64
8148.0;30;39;65;52;56;64
8154.0;30;39;65;52;56;64
8160.0;31;39;65;51;56;64
8166.0;31;39;65;51;56;64
8172.0;31;39;65;51;57;63
8178.0;31;40;65;51;56;63
8184.0;31;40;65;51;56;63
8190.0;31;40;65;51;56;63
8196.0;31;40;65;51;56;63
8202.0;31;40;65;51;56;63
8208.0;31;40;65;51;56;63
8214.0;31;40;65;51;56;63
8220.0;32;40;64;52;55;63
8226.0;32;40;64;53;55;62
8232.0;32;40;64;53;55;62
8238.0;32;40;65;52;55;62
8244.0;32;40;66;51;54;63
8250.0;32;40;66;51;54;63
8256.0;32;40;66;51;54;63
8262.0;32;40;66;51;54;63
8268.0;32;40;66;51;54;63
8274.0;32;40;66;51;54;63
8280.0;32;40;66;51;54;63
8286.0;32;40;66;51;54;63
8292.0;32;40;65;51;54;64
8298.0;32;40;65;51;54;64
8304.0;32;40;65;51;54;64
8310.0;32;40;65;51;54;64
8316.0;32;40;65;51;54;64
8322.0;32;40;65;51;54;64
8328.0;32;40;65;51;54;64
8334.0;32;40;65;51;54;64
8340.0;33;39;65;51;54;64
8346.0;33;39;65;51;54;64
8352.0;32;39;66;51;54;64
8358.0;32;39;65;52;54;64
8364.0;32;38;64;52;55;65
8370.0;32;38;64;52;55;65
8376.0;32;38;64;51;56;65
8382.0;32;38;64;51;56;65
8388.0;32;37;64;50;56;67
8394.0;32;37;64;50;56;67
8400.0;32;38;64;50;55;67
8406.0;32;38;64;50;55;67
8412.0;32;38;64;50;55;67
8418.0;32;38;64;51;54;67
8424.0;32;38;64;51;54;67
8430.0;32;38;64;51;54;67
8436.0;33;38;64;51;53;67
8442.0;33;38;65;51;53;66
8448.0;34;38;64;51;53;66
8454.0;34;38;64;51;53;66
8460.0;34;38;64;51;53;66
8466.0;34;38;64;51;53;66
8472.0;34;38;64;51;53;66
8478.0;34;38;64;51;53;66
8484.0;34;38;64;51;53;66
8490.0;34;38;64;51;53;66
8496.0;34;38;64;51;53;66
8502.0;34;37;64;52;54;65
8508.0;34;38;64;52;53;65
8514.0;34;38;64;53;53;64
8520.0;34;38;64;53;53;64
8526.0;34;39;64;52;53;64
8532.0;33;39;63;51;55;65
8538.0;33;39;63;51;55;65
8544.0;32;40;63;51;55;65
8550.0;32;40;63;50;55;66
8556.0;32;40;63;50;55;66
8562.0;32;40;63;50;55;66
8568.0;32;40;63;50;55;66
8574.0;31;40;63;50;55;67
8580.0;31;39;63;50;56;67
8586.0;31;39;63;50;56;67
8592.0;31;39;63;50;56;67
8598.0;30;39;63;50;56;68
8604.0;30;39;64;49;56;68
8610.0;30;39;64;49;56;68
8616.0;30;39;64;49;56;68
8622.0;30;40;63;49;56;68
8628.0;31;39;63;49;56;68
8634.0;31;41;63;49;55;67
8640.0;32;42;63;47;55;67
8646.0;32;42;63;47;56;66
8652.0;32;43;63;47;56;65
8658.0;31;43;63;47;56;66
8664.0;31;43;63;47;56;66
8670.0;31;43;63;47;56;66
8676.0;32;42;62;47;57;66
8682.0;32;42;62;47;57;66
8688.0;32;42;62;46;57;67
8694.0;31;44;62;46;56;67
8700.0;31;45;61;46;56;67
8706.0;31;45;62;45;56;67
8712.0;31;45;62;45;56;67
8718.0;30;45;61;46;57;67
8724.0;30;45;62;46;56;67
8730.0;31;46;62;45;55;67
8736.0;31;46;62;46;54;67
8742.0;31;46;62;46;54;67
8748.0;31;47;62;45;54;67
8754.0;30;47;62;46;54;67
8760.0;30;47;62;45;55;67
8766.0;30;47;62;45;55;67
8772.0;30;47;62;45;55;67
8778.0;30;47;62;45;55;67
8784.0;30;47;62;45;55;67
8790.0;30;47;61;46;55;67
8796.0;30;47;61;45;55;68
8802.0;31;47;61;45;54;68
8808.0;31;47;61;45;54;68
8814.0;31;46;63;45;53;68
8820.0;31;46;63;45;53;68
8826.0;31;46;63;45;53;68
8832.0;31;46;63;45;53;68
8838.0;31;46;63;45;53;68
8844.0;31;46;63;45;53;68
8850.0;30;47;63;45;53;68
8856.0;30;47;63;45;53;68
8862.0;30;47;63;45;53;68
8868.0;31;46;63;45;53;68
8874.0;31;46;63;45;53;68
8880.0;30;46;64;45;53;68
8886.0;30;46;64;45;53;68
8892.0;31;46;63;46;52;68
8898.0;30;46;64;46;52;68
8904.0;30;46;64;46;52;68
8910.0;28;46;64;47;53;68
8916.0;28;46;64;47;53;68
8922.0;27;47;64;47;53;68
8928.0;27;46;64;47;53;69
8934.0;26;45;65;47;54;69
8940.0;26;46;65;47;54;68
8946.0;26;46;65;47;54;68
8952.0;26;46;65;47;54;68
8958.0;26;46;65;48;54;67
8964.0;25;46;65;48;54;68
8970.0;26;48;64;48;53;67
8976.0;26;49;64;48;53;66
8982.0;26;49;64;48;53;66
8988.0;26;50;64;48;52;66
8994.0;26;50;64;48;52;66
9000.0;26;50;64;48;52;66
9006.0;26;50;64;48;52;66
9012.0;26;50;64;48;52;66
9018.0;26;50;63;48;53;66
9024.0;26;50;63;48;53;66
9030.0;26;50;63;48;53;66
9036.0;26;49;63;49;53;66
9042.0;25;49;63;49;54;66
9048.0;25;49;62;50;54;66
9054.0;25;49;62;50;54;66
9060.0;25;49;62;50;54;66
9066.0;25;49;62;50;54;66
9072.0;25;49;62;50;55;65
9078.0;26;49;62;50;55;64
9084.0;26;50;61;49;55;65
9090.0;27;49;60;50;55;65
9096.0;27;50;60;49;55;65
9102.0;27;50;60;49;55;65
9108.0;27;50;60;49;55;65
9114.0;27;50;60;49;55;65
9120.0;27;50;60;49;55;65
9126.0;27;50;59;50;55;65
9132.0;27;50;60;49;55;65
9138.0;27;50;60;49;55;65
9144.0;28;48;60;48;56;66
9150.0;27;48;60;48;57;66
9156.0;27;48;60;48;57;66
9162.0;27;49;60;48;56;66
9168.0;28;48;60;49;55;66
9174.0;28;48;60;49;55;66
9180.0;28;49;60;48;54;67
9186.0;28;49;60;48;54;67
9192.0;28;49;60;48;54;67
9198.0;28;49;59;48;54;68
9204.0;27;50;59;49;53;68
9210.0;27;50;59;49;53;68
9216.0;27;50;59;49;53;68
9222.0;27;50;59;49;53;68
9228.0;27;50;59;49;53;68
9234.0;26;51;59;50;53;67
9240.0;26;51;59;50;53;67
9246.0;26;51;59;50;53;67
9252.0;26;52;59;50;52;67
9258.0;26;52;59;50;52;67
9264.0;26;52;59;50;52;67
9270.0;27;51;59;50;52;67
9276.0;27;51;59;50;52;67
9282.0;26;52;59;50;52;67
9288.0;26;52;59;50;52;67
9294.0;26;52;59;50;52;67
9300.0;26;52;59;50;52;67
9306.0;27;52;59;50;52;66
9312.0;27;52;59;50;52;66
9318.0;26;52;59;50;52;67
9324.0;26;52;59;50;52;67
9330.0;26;52;59;50;52;67
9336.0;26;54;59;49;51;67
9342.0;26;54;59;49;50;68
9348.0;26;54;59;49;50;68
9354.0;26;54;59;49;50;68
9360.0;26;54;59;49;50;68
9366.0;26;54;60;49;49;68
9372.0;25;55;60;49;49;68
9378.0;25;55;60;49;49;68
9384.0;25;55;61;49;48;68
9390.0;25;55;61;49;48;68
9396.0;25;55;61;49;48;68
9402.0;25;55;61;49;48;68
9408.0;25;54;63;49;47;68
9414.0;25;54;63;49;47;68
9420.0;25;54;62;49;47;69
9426.0;25;54;62;48;47;70
9432.0;25;54;62;48;47;70
9438.0;25;54;62;48;47;70
9444.0;25;54;62;48;47;70
9450.0;25;54;61;49;47;70
9456.0;25;53;61;49;47;71
9462.0;25;53;62;48;47;71
9468.0;25;53;63;48;47;70
9474.0;25;53;63;48;47;70
9480.0;25;52;63;48;48;70
9486.0;25;52;63;48;48;70
9492.0;25;51;64;49;48;69
9498.0;25;51;64;49;48;69
9504.0;25;51;64;49;48;69
9510.0;25;52;63;49;48;69
9516.0;25;52;63;49;48;69
9522.0;24;53;63;49;48;69
9528.0;24;53;62;49;49;69
9534.0;24;53;62;49;49;69
9540.0;24;53;62;49;49;69
9546.0;24;53;62;49;49;69
9552.0;24;52;63;49;49;69
9558.0;25;52;63;49;49;68
9564.0;25;52;63;49;49;68
9570.0;25;53;61;49;50;68
9576.0;25;53;61;49;50;68
9582.0;25;53;61;49;50;68
9588.0;25;53;61;49;50;68
9594.0;25;53;61;48;50;69
9600.0;25;52;61;49;50;69
9606.0;24;53;61;49;50;69
9612.0;24;53;62;48;50;69
9618.0;25;53;62;46;51;69
9624.0;25;53;60;46;51;71
9630.0;25;53;60;46;51;71
9636.0;25;52;60;47;51;71
9642.0;24;52;61;47;51;71
9648.0;24;52;61;47;51;71
9654.0;24;52;61;47;51;71
9660.0;24;52;61;47;51;71
9666.0;24;51;62;47;51;71
9672.0;24;51;62;47;51;71
9678.0;24;51;63;46;51;71
9684.0;24;51;63;46;51;71
9690.0;24;51;63;46;51;71
9696.0;24;51;64;46;50;71
9702.0;24;52;63;46;50;71
9708.0;24;51;63;46;50;72
9714.0;25;51;63;46;50;71
9720.0;25;51;62;46;50;72
9726.0;25;51;62;47;49;72
9732.0;25;51;62;47;49;72
9738.0;24;53;61;46;49;73
9744.0;24;53;61;46;49;73
9750.0;24;53;61;45;49;74
9756.0;24;53;61;45;49;74
9762.0;24;53;61;45;49;74
9768.0;24;53;61;45;49;74
9774.0;24;53;61;45;49;74
9780.0;24;52;62;44;50;74
9786.0;24;52;62;44;50;74
9792.0;24;51;61;44;53;73
9798.0;24;51;61;44;53;73
9804.0;24;51;61;44;54;72
9810.0;24;51;61;44;54;72
9816.0;24;51;61;44;54;72
9822.0;24;51;61;45;54;71
9828.0;24;51;61;45;54;71
9834.0;24;51;61;45;54;71
9840.0;24;51;61;44;55;71
9846.0;24;51;61;44;55;71
9852.0;25;50;61;43;56;71
9858.0;25;50;61;43;56;71
9864.0;25;51;61;44;56;69
9870.0;25;52;61;44;55;69
9876.0;25;52;62;44;55;68
9882.0;25;52;62;44;55;68
9888.0;25;52;62;44;55;68
9894.0;25;52;62;44;55;68
9900.0;25;52;63;44;56;66
9906.0;25;51;63;44;56;67
9912.0;26;50;64;43;56;67
9918.0;26;50;64;43;56;67
9924.0;26;50;64;43;56;67
9930.0;26;49;64;44;56;67
9936.0;26;49;64;44;56;67
9942.0;26;48;64;45;56;67
9948.0;26;48;64;45;56;67
9954.0;27;48;63;45;56;67
9960.0;27;48;63;45;56;67
9966.0;27;48;63;45;56;67
9972.0;27;48;63;45;56;67
9978.0;27;47;63;45;57;67
9984.0;26;47;64;45;57;67
9990.0;25;47;63;46;57;68
9996.0;25;47;62;46;57;69
10002.0;25;47;62;46;57;69
10008.0;25;47;62;46;57;69
10014.0;24;47;62;46;57;70
10020.0;24;47;62;47;57;69
10026.0;24;47;62;47;57;69
10032.0;23;46;61;47;59;70
10038.0;23;46;61;47;59;70
10044.0;23;46;61;47;59;70
10050.0;24;45;61;47;59;70
10056.0;24;45;61;47;60;69
10062.0;24;45;61;47;60;69
10068.0;24;45;62;46;60;69
10074.0;23;43;62;47;60;71
10080.0;23;42;63;47;60;71
10086.0;23;43;62;47;61;70
10092.0;23;43;62;47;61;70
10098.0;23;43;62;47;61;70
10104.0;23;43;62;47;61;70
10110.0;22;44;62;47;61;70
10116.0;22;44;62;47;61;70
10122.0;22;44;62;47;61;70
10128.0;22;44;62;47;60;71
10134.0;22;43;63;48;59;71
10140.0;22;43;64;48;59;70
10146.0;21;43;64;49;59;70
10152.0;21;43;64;48;60;70
10158.0;21;43;64;48;60;70
10164.0;21;43;65;48;59;70
10170.0;20;44;65;47;59;71
10176.0;20;43;65;47;59;72
10182.0;22;43;65;47;58;71
10188.0;22;43;65;47;58;71
10194.0;21;43;65;48;58;71
10200.0;22;43;64;48;58;71
10206.0;23;43;64;48;57;71
10212.0;23;43;65;47;57;71
10218.0;23;42;66;47;57;71
10224.0;23;42;66;47;57;71
10230.0;23;42;66;47;57;71
10236.0;23;42;66;47;57;71
10242.0;23;42;66;47;57;71
10248.0;23;42;66;46;58;71
10254.0;23;42;66;46;58;71
10260.0;23;43;64;47;58;71
10266.0;23;43;63;47;59;71
10272.0;23;43;62;48;59;71
10278.0;23;43;62;48;59;71
10284.0;23;43;62;49;58;71
10290.0;23;43;62;49;58;71
10296.0;23;43;61;49;59;71
10302.0;23;43;61;49;59;71
10308.0;23;43;61;49;59;71
10314.0;23;43;61;50;58;71
10320.0;24;43;61;49;58;71
10326.0;25;42;61;49;58;71
10332.0;25;43;60;49;58;71
10338.0;25;43;60;48;59;71
10344.0;25;44;60;48;58;71
10350.0;24;44;60;48;59;71
10356.0;24;44;60;48;59;71
10362.0;24;44;60;49;59;70
10368.0;24;44;60;49;59;70
10374.0;24;43;60;49;59;71
10380.0;24;42;61;49;59;71
10386.0;25;42;61;48;58;72
10392.0;25;42;61;48;58;72
10398.0;25;42;61;49;58;71
10404.0;25;42;61;49;58;71
10410.0;25;42;60;50;58;71
10416.0;24;42;60;50;58;72
10422.0;24;41;60;50;59;72
10428.0;24;41;60;50;58;73
10434.0;24;41;60;50;58;73
10440.0;24;42;60;49;58;73
10446.0;23;42;60;49;59;73
10452.0;23;42;60;49;59;73
10458.0;24;42;58;50;59;73
10464.0;23;43;58;50;59;73
10470.0;23;43;58;49;59;74
10476.0;21;44;60;49;58;74
10482.0;21;44;60;49;58;74
10488.0;22;43;59;49;59;74
10494.0;22;43;59;49;59;74
10500.0;22;43;59;49;59;74
10506.0;23;43;58;50;59;73
10512.0;23;43;58;50;59;73
10518.0;23;43;58;50;59;73
10524.0;23;43;58;49;59;74
10530.0;23;43;58;49;59;74
10536.0;23;43;58;49;59;74
10542.0;25;43;57;49;59;73
10548.0;24;43;58;48;59;74
10554.0;24;43;58;48;60;73
10560.0;24;43;58;47;60;74
10566.0;24;43;58;47;60;74
10572.0;24;43;58;47;60;74
10578.0;24;43;58;47;60;74
10584.0;23;43;58;47;60;75
10590.0;23;43;59;47;60;74
10596.0;24;43;59;46;60;74
10602.0;24;43;59;46;60;74
10608.0;24;43;59;46;60;74
10614.0;24;43;59;46;60;74
10620.0;24;43;59;46;60;74
10626.0;24;42;59;46;61;74
10632.0;24;42;59;46;61;74
10638.0;24;41;60;46;61;74
10644.0;24;41;60;46;61;74
10650.0;24;41;60;46;61;74
10656.0;24;41;61;46;61;73
10662.0;24;41;61;46;61;73
10668.0;25;41;61;46;60;73
10674.0;25;41;61;46;60;73
10680.0;25;41;60;46;60;74
10686.0;25;41;60;46;60;74
10692.0;25;42;60;44;60;75
10698.0;25;42;61;44;59;75
10704.0;23;43;61;44;59;76
10710.0;22;43;62;44;59;76
10716.0;21;43;62;44;60;76
10722.0;21;43;62;44;60;76
10728.0;20;43;62;44;61;76
10734.0;20;42;62;45;61;76
10740.0;21;41;62;45;61;76
10746.0;20;42;62;44;62;76
10752.0;20;41;63;44;62;76
10758.0;20;41;63;44;62;76
10764.0;20;41;63;44;62;76
10770.0;20;41;63;44;62;76
10776.0;21;41;63;45;62;74
10782.0;21;43;63;45;61;73
10788.0;20;43;64;45;61;73
10794.0;20;43;64;46;60;73
