#auto generated file!
12.0;51;53;43;53;50;56
18.0;53;53;43;53;49;55
24.0;53;53;43;53;49;55
30.0;53;53;43;53;49;55
36.0;53;53;43;53;49;55
42.0;53;53;44;52;49;55
48.0;53;53;44;52;49;55
54.0;53;54;43;52;49;55
60.0;53;54;43;53;48;55
66.0;53;54;43;53;48;55
72.0;53;54;43;53;48;55
78.0;53;54;43;53;48;55
84.0;52;55;43;53;48;55
90.0;52;55;43;53;48;55
96.0;51;55;42;53;50;55
102.0;51;55;42;53;50;55
108.0;51;55;42;53;50;55
114.0;52;54;43;53;49;55
120.0;52;54;43;53;49;55
126.0;53;53;43;53;49;55
132.0;54;53;43;53;48;55
138.0;54;53;44;52;48;55
144.0;55;53;44;52;48;54
150.0;55;53;44;52;48;54
156.0;54;54;44;52;49;53
162.0;54;55;44;51;50;52
168.0;54;55;44;51;50;52
174.0;54;55;44;51;50;52
180.0;54;55;44;51;50;52
186.0;54;55;44;51;50;52
192.0;54;55;44;51;50;52
198.0;54;55;44;51;50;52
204.0;54;55;44;51;50;52
210.0;54;55;44;51;50;52
216.0;54;55;43;51;51;52
222.0;54;55;43;51;51;52
228.0;54;55;43;51;51;52
234.0;55;54;43;51;51;52
240.0;54;54;43;50;52;53
246.0;54;54;43;50;52;53
252.0;53;54;44;49;52;54
258.0;53;53;44;50;52;54
264.0;53;54;43;50;52;54
270.0;53;54;43;50;52;54
276.0;53;54;43;50;52;54
282.0;53;54;42;51;52;54
288.0;52;54;42;51;52;55
294.0;52;54;42;51;52;55
300.0;52;53;42;51;52;56
306.0;52;53;42;51;52;56
312.0;52;53;42;51;52;56
318.0;51;54;42;51;52;56
324.0;51;54;42;51;52;56
330.0;51;53;43;51;52;56
336.0;51;53;43;51;52;56
342.0;51;53;43;52;51;56
348.0;51;53;43;52;51;56
354.0;50;53;43;52;51;57
360.0;50;53;43;51;51;58
366.0;50;53;43;51;51;58
372.0;50;53;43;51;51;58
378.0;50;53;43;51;51;58
384.0;50;53;43;51;51;58
390.0;50;53;43;51;51;58
396.0;50;53;41;51;52;59
402.0;50;53;40;53;52;58
408.0;49;53;40;54;52;58
414.0;48;53;40;54;52;59
420.0;48;53;40;54;52;59
426.0;47;53;40;55;52;59
432.0;47;53;40;55;52;59
438.0;47;53;40;55;52;59
444.0;48;52;39;55;52;60
450.0;48;52;39;55;52;60
456.0;48;52;39;55;52;60
462.0;48;52;40;55;51;60
468.0;48;52;40;55;51;60
474.0;49;52;40;54;51;60
480.0;48;52;40;54;52;60
486.0;48;52;40;54;52;60
492.0;48;52;40;54;52;60
498.0;48;52;40;54;52;60
504.0;48;52;40;54;52;60
510.0;48;52;40;54;52;60
516.0;48;52;40;54;52;60
522.0;47;52;40;55;52;60
528.0;47;52;40;56;51;60
534.0;48;52;40;56;51;59
540.0;48;53;40;56;50;59
546.0;47;53;41;56;50;59
552.0;47;52;40;56;50;61
558.0;47;52;40;56;50;61
564.0;46;52;40;56;50;62
570.0;46;52;41;55;49;63
576.0;46;52;42;54;49;63
582.0;45;52;42;55;49;63
588.0;45;52;42;55;49;63
594.0;47;53;43;53;48;62
600.0;47;53;43;53;48;62
606.0;47;53;43;53;48;62
612.0;47;54;43;52;48;62
618.0;46;54;43;52;48;63
624.0;46;54;43;52;48;63
630.0;46;53;44;52;48;63
636.0;46;53;44;52;48;63
642.0;46;53;44;52;48;63
648.0;45;53;44;52;48;64
654.0;45;53;44;52;48;64
660.0;45;53;44;52;48;64
666.0;45;53;44;52;48;64
672.0;45;53;44;52;48;64
678.0;45;53;44;53;47;64
684.0;45;54;43;53;47;64
690.0;45;54;43;53;47;64
696.0;45;53;44;52;48;64
702.0;45;53;44;52;49;63
708.0;44;53;44;52;50;63
714.0;44;53;44;52;50;63
720.0;44;53;44;52;50;63
726.0;45;52;44;52;50;63
732.0;45;52;44;50;50;65
738.0;45;52;44;50;50;65
744.0;45;52;43;51;50;65
750.0;45;53;42;51;50;65
756.0;45;53;42;51;50;65
762.0;44;52;43;52;50;65
768.0;44;52;43;52;50;65
774.0;44;52;43;52;50;65
780.0;44;53;43;52;49;65
786.0;44;53;43;52;49;65
792.0;43;55;43;51;49;65
798.0;43;56;43;51;49;64
804.0;43;56;43;51;49;64
810.0;43;56;43;51;49;64
816.0;44;55;43;51;49;64
822.0;45;54;43;51;49;64
828.0;45;54;43;51;49;64
834.0;45;54;43;52;49;63
840.0;45;54;43;51;49;64
846.0;45;54;43;51;49;64
852.0;45;54;43;50;50;64
858.0;45;54;43;50;50;64
864.0;45;54;43;50;50;64
870.0;45;54;43;50;50;64
876.0;44;54;44;50;50;64
882.0;44;54;42;50;52;64
888.0;44;54;43;49;52;64
894.0;44;55;43;49;51;64
900.0;44;55;43;49;52;63
906.0;44;55;43;49;52;63
912.0;44;55;43;49;52;63
918.0;44;55;43;49;52;63
924.0;44;55;43;49;52;63
930.0;44;55;43;49;52;63
936.0;46;55;42;49;51;63
942.0;46;55;42;49;51;63
948.0;46;55;41;49;51;64
954.0;47;54;41;49;51;64
960.0;47;53;41;50;51;64
966.0;47;53;41;50;51;64
972.0;47;53;42;49;50;65
978.0;47;53;42;49;50;65
984.0;46;53;42;51;50;64
990.0;46;54;42;51;49;64
996.0;46;54;42;51;49;64
1002.0;45;55;42;51;49;64
1008.0;46;55;41;51;49;64
1014.0;46;55;41;51;49;64
1020.0;46;55;41;51;49;64
1026.0;45;55;41;51;49;65
1032.0;45;56;41;52;48;64
1038.0;45;56;41;52;48;64
1044.0;45;56;40;52;49;64
1050.0;45;56;40;52;48;65
1056.0;45;56;40;52;47;66
1062.0;45;55;41;51;47;67
1068.0;45;55;41;51;47;67
1074.0;45;54;41;51;47;68
1080.0;45;54;41;51;47;68
1086.0;45;53;41;51;47;69
1092.0;45;53;42;51;46;69
1098.0;45;53;42;51;46;69
1104.0;45;53;42;51;46;69
1110.0;44;53;42;52;46;69
1116.0;44;53;42;52;46;69
1122.0;43;53;43;52;46;69
1128.0;43;53;43;52;46;69
1134.0;44;52;43;52;46;69
1140.0;44;52;42;53;46;69
1146.0;44;52;42;53;46;69
1152.0;44;51;42;54;45;70
1158.0;44;51;42;54;45;70
1164.0;44;51;42;54;45;70
1170.0;44;51;42;54;45;70
1176.0;46;51;42;53;45;69
1182.0;45;51;42;53;45;70
1188.0;45;51;42;53;45;70
1194.0;45;51;42;53;45;70
1200.0;45;51;42;53;45;70
1206.0;44;51;42;54;45;70
1212.0;44;51;42;54;45;70
1218.0;45;50;42;54;45;70
1224.0;44;50;43;54;45;70
1230.0;44;49;43;55;46;69
1236.0;45;49;42;55;46;69
1242.0;45;49;42;55;46;69
1248.0;45;49;42;56;45;69
1254.0;45;49;43;56;45;68
1260.0;45;49;43;56;45;68
1266.0;44;49;43;57;45;68
1272.0;44;49;43;57;45;68
1278.0;45;49;43;57;44;68
1284.0;45;49;43;57;44;68
1290.0;45;50;44;57;43;67
1296.0;44;51;44;57;43;67
1302.0;44;52;43;57;43;67
1308.0;43;52;43;58;43;67
1314.0;43;51;43;57;43;69
1320.0;42;51;43;57;43;70
1326.0;42;51;43;57;43;70
1332.0;42;51;43;56;44;70
1338.0;42;51;43;56;44;70
1344.0;42;51;43;56;44;70
1350.0;42;51;43;56;44;70
1356.0;42;51;44;55;44;70
1362.0;42;51;44;55;44;70
1368.0;41;51;44;56;44;70
1374.0;41;51;44;56;44;70
1380.0;40;51;44;57;44;70
1386.0;39;51;45;57;44;70
1392.0;39;51;45;57;44;70
1398.0;39;51;45;57;44;70
1404.0;39;52;45;56;44;70
1410.0;39;53;45;56;43;70
1416.0;39;53;45;56;43;70
1422.0;39;53;45;56;42;71
1428.0;39;53;45;56;42;71
1434.0;38;53;45;56;42;72
1440.0;38;53;45;56;42;72
1446.0;38;53;45;56;42;72
1452.0;38;53;45;56;42;72
1458.0;38;54;45;55;42;72
1464.0;37;54;45;56;42;72
1470.0;37;54;45;56;42;72
1476.0;37;54;45;56;42;72
1482.0;36;53;46;56;42;73
1488.0;38;52;44;56;43;73
1494.0;38;52;45;56;43;72
1500.0;38;52;45;56;43;72
1506.0;37;53;45;56;43;72
1512.0;37;53;45;56;43;72
1518.0;37;53;45;56;43;72
1524.0;37;53;45;56;43;72
1530.0;36;53;45;55;43;74
1536.0;36;53;45;55;43;74
1542.0;37;53;45;54;43;74
1548.0;38;53;45;52;45;73
1554.0;38;53;46;51;44;74
1560.0;38;51;46;51;44;76
1566.0;37;51;46;52;44;76
1572.0;36;51;47;52;44;76
1578.0;36;50;47;53;44;76
1584.0;38;51;45;52;44;76
1590.0;38;51;46;51;44;76
1596.0;38;51;47;49;44;77
1602.0;38;51;47;49;44;77
1608.0;37;51;46;50;44;78
1614.0;37;51;47;50;44;77
1620.0;36;51;47;50;44;78
1626.0;36;52;47;50;44;77
1632.0;36;52;47;50;44;77
1638.0;36;52;47;50;45;76
1644.0;36;52;47;50;45;76
1650.0;36;52;47;49;46;76
1656.0;36;51;47;49;48;75
1662.0;36;52;47;49;48;74
1668.0;35;52;47;50;47;75
1674.0;35;52;47;50;48;74
1680.0;35;52;47;50;48;74
1686.0;35;52;47;50;48;74
1692.0;35;52;47;50;48;74
1698.0;34;52;47;50;48;75
1704.0;34;52;47;50;48;75
1710.0;34;52;47;50;48;75
1716.0;34;52;47;50;48;75
1722.0;34;51;48;51;48;74
1728.0;34;50;48;52;48;74
1734.0;34;51;48;51;48;74
1740.0;34;50;48;52;48;74
1746.0;35;49;48;52;48;74
1752.0;35;49;49;50;48;75
1758.0;35;49;49;50;48;75
1764.0;35;49;49;50;48;75
1770.0;35;50;49;50;47;75
1776.0;35;50;49;50;47;75
1782.0;35;50;49;50;47;75
1788.0;35;50;49;50;47;75
1794.0;35;49;49;50;47;76
1800.0;35;48;50;50;47;76
1806.0;35;48;50;50;47;76
1812.0;34;48;48;50;50;76
1818.0;34;48;48;50;50;76
1824.0;34;47;48;50;51;76
1830.0;34;47;48;50;51;76
1836.0;33;47;49;50;50;77
1842.0;33;47;49;50;50;77
1848.0;34;47;49;49;50;77
1854.0;33;47;50;49;50;77
1860.0;33;46;50;49;50;78
1866.0;33;46;49;49;51;78
1872.0;33;47;48;48;51;79
1878.0;32;48;48;48;51;79
1884.0;33;47;48;48;51;79
1890.0;32;47;49;48;51;79
1896.0;33;47;49;47;51;79
1902.0;33;48;49;47;51;78
1908.0;31;48;50;48;51;78
1914.0;31;48;50;48;51;78
1920.0;31;48;50;48;51;78
1926.0;30;48;50;49;51;78
1932.0;30;48;50;49;51;78
1938.0;29;48;51;48;52;78
1944.0;29;48;51;49;52;77
1950.0;29;48;50;50;52;77
1956.0;29;48;51;49;52;77
1962.0;29;48;52;48;52;77
1968.0;29;48;52;48;52;77
1974.0;29;48;53;47;52;77
1980.0;29;49;52;47;52;77
1986.0;29;49;52;47;52;77
1992.0;30;49;51;47;52;77
1998.0;31;48;51;47;52;77
2004.0;31;49;50;46;52;78
2010.0;32;49;50;46;52;77
2016.0;31;50;50;46;52;77
2022.0;30;50;51;46;52;77
2028.0;30;49;51;47;52;77
2034.0;30;49;51;47;52;77
2040.0;30;49;51;47;52;77
2046.0;31;48;51;47;52;77
2052.0;31;48;51;47;52;77
2058.0;32;47;51;47;52;77
2064.0;32;47;51;48;51;77
2070.0;33;46;51;48;51;77
2076.0;33;46;51;48;51;77
2082.0;33;45;52;47;52;77
2088.0;34;45;52;46;52;77
2094.0;34;45;52;46;52;77
2100.0;34;45;52;46;52;77
2106.0;34;45;52;46;52;77
2112.0;35;44;52;45;52;78
2118.0;35;44;52;45;52;78
2124.0;35;44;52;45;52;78
2130.0;35;44;52;45;52;78
2136.0;35;44;52;45;51;79
2142.0;35;44;52;45;51;79
2148.0;35;45;52;44;51;79
2154.0;35;45;52;44;51;79
2160.0;35;45;51;45;53;77
2166.0;34;45;51;46;53;77
2172.0;34;45;52;46;52;77
2178.0;34;45;52;46;52;77
2184.0;33;45;53;46;52;77
2190.0;33;45;53;46;52;77
2196.0;33;46;53;46;51;77
2202.0;33;46;53;46;51;77
2208.0;33;46;53;45;51;78
2214.0;33;46;53;45;51;78
2220.0;33;46;53;45;51;78
2226.0;33;45;53;45;51;79
2232.0;33;45;54;45;50;79
2238.0;33;45;54;45;50;79
2244.0;33;45;54;45;50;79
2250.0;34;45;55;45;49;78
2256.0;33;45;55;45;49;79
2262.0;33;46;55;45;48;79
2268.0;33;46;55;45;48;79
2274.0;33;46;55;45;48;79
2280.0;33;47;55;44;48;79
2286.0;33;47;56;45;47;78
2292.0;33;47;55;45;47;79
2298.0;32;47;56;46;48;77
2304.0;32;47;56;46;48;77
2310.0;32;48;56;45;48;77
2316.0;33;48;56;44;47;78
2322.0;33;48;56;44;47;78
2328.0;34;48;55;44;47;78
2334.0;34;48;55;44;47;78
2340.0;34;48;55;44;47;78
2346.0;34;48;55;44;47;78
2352.0;34;47;55;44;48;78
2358.0;34;47;55;44;48;78
2364.0;34;47;55;43;49;78
2370.0;34;47;55;42;49;79
2376.0;35;45;55;43;49;79
2382.0;36;45;55;43;49;78
2388.0;36;45;55;43;49;78
2394.0;35;46;56;43;49;77
2400.0;35;46;55;43;50;77
2406.0;35;46;55;43;50;77
2412.0;35;46;55;43;49;78
2418.0;35;46;55;43;49;78
2424.0;35;46;55;43;49;78
2430.0;35;47;54;43;49;78
2436.0;35;47;54;43;49;78
2442.0;36;47;54;43;48;78
2448.0;36;48;54;43;48;77
2454.0;36;47;54;44;48;77
2460.0;36;47;54;44;48;77
2466.0;35;47;54;45;48;77
2472.0;35;47;54;45;48;77
2478.0;35;47;54;45;48;77
2484.0;34;48;54;45;48;77
2490.0;34;48;54;45;48;77
2496.0;34;48;54;45;48;77
2502.0;34;48;54;45;48;77
2508.0;35;48;54;43;49;77
2514.0;34;48;55;43;49;77
2520.0;34;47;55;43;48;79
2526.0;34;47;55;43;48;79
2532.0;34;47;55;43;48;79
2538.0;33;47;56;43;48;79
2544.0;33;48;55;43;47;80
2550.0;33;48;55;43;47;80
2556.0;33;49;55;42;47;80
2562.0;34;49;55;42;47;79
2568.0;34;49;55;42;47;79
2574.0;34;49;55;42;47;79
2580.0;34;49;56;42;47;78
2586.0;35;49;56;41;47;78
2592.0;35;49;56;41;48;77
2598.0;35;49;56;42;47;77
2604.0;35;49;56;42;47;77
2610.0;35;50;56;42;47;76
2616.0;35;50;57;42;47;75
2622.0;35;50;57;43;46;75
2628.0;35;50;57;43;46;75
2634.0;35;50;57;43;46;75
2640.0;35;49;57;43;47;75
2646.0;35;50;57;43;46;75
2652.0;35;50;57;43;46;75
2658.0;35;50;57;43;46;75
2664.0;35;50;57;43;46;75
2670.0;35;50;57;43;45;76
2676.0;35;50;57;43;45;76
2682.0;34;50;58;43;45;76
2688.0;34;50;58;44;45;75
2694.0;34;50;59;43;45;75
2700.0;34;50;59;43;45;75
2706.0;34;50;59;43;45;75
2712.0;34;50;59;43;45;75
2718.0;34;49;58;44;46;75
2724.0;34;49;58;44;46;75
2730.0;34;49;58;44;46;75
2736.0;34;49;58;44;46;75
2742.0;34;49;59;43;46;75
2748.0;34;49;59;43;46;75
2754.0;34;49;59;43;46;75
2760.0;34;50;59;43;45;75
2766.0;33;51;60;43;45;74
2772.0;33;51;60;43;44;75
2778.0;32;51;60;43;44;76
2784.0;32;52;59;43;44;76
2790.0;32;52;59;43;44;76
2796.0;32;52;59;43;44;76
2802.0;32;52;59;43;44;76
2808.0;33;51;59;43;44;76
2814.0;33;51;59;43;44;76
2820.0;33;50;59;44;44;76
2826.0;34;50;59;44;44;75
2832.0;33;50;60;43;45;75
2838.0;32;50;60;43;45;76
2844.0;33;49;60;43;45;76
2850.0;33;49;60;43;45;76
2856.0;33;49;60;43;45;76
2862.0;33;49;59;44;45;76
2868.0;32;49;59;45;45;76
2874.0;32;48;59;45;46;76
2880.0;32;48;59;45;46;76
2886.0;33;47;60;45;45;76
2892.0;32;47;61;46;44;76
2898.0;32;47;61;46;44;76
2904.0;33;46;60;48;44;75
2910.0;33;46;60;48;44;75
2916.0;33;46;60;48;44;75
2922.0;33;47;60;48;44;74
2928.0;33;47;60;48;44;74
2934.0;33;47;60;48;44;74
2940.0;33;47;60;48;43;75
2946.0;33;47;60;48;43;75
2952.0;34;47;59;48;43;75
2958.0;34;47;60;48;42;75
2964.0;34;47;60;48;42;75
2970.0;34;48;59;48;43;74
2976.0;35;47;59;49;43;73
2982.0;35;47;60;48;43;73
2988.0;35;47;59;48;43;74
2994.0;36;47;59;48;43;73
3000.0;36;47;59;48;43;73
3006.0;36;47;59;48;43;73
3012.0;36;47;59;48;44;72
3018.0;35;47;59;49;44;72
3024.0;35;47;59;49;44;72
3030.0;35;47;60;48;44;72
3036.0;35;47;60;48;44;72
3042.0;35;47;60;48;44;72
3048.0;34;47;61;48;45;71
3054.0;34;47;60;48;45;72
3060.0;34;47;61;47;45;72
3066.0;33;48;61;47;45;72
3072.0;33;48;61;47;45;72
3078.0;33;47;61;47;45;73
3084.0;33;47;61;47;45;73
3090.0;33;47;61;47;45;73
3096.0;34;46;61;47;45;73
3102.0;34;46;61;47;45;73
3108.0;35;46;60;47;45;73
3114.0;35;46;60;47;45;73
3120.0;36;46;60;47;44;73
3126.0;36;47;60;46;44;73
3132.0;36;48;60;45;44;73
3138.0;36;49;62;45;42;72
3144.0;37;49;62;45;42;71
3150.0;38;49;63;45;42;69
3156.0;38;49;63;46;42;68
3162.0;39;49;62;46;43;67
3168.0;38;49;62;46;44;67
3174.0;37;49;63;46;44;67
3180.0;38;49;63;46;44;66
3186.0;38;49;63;46;44;66
3192.0;39;49;63;46;43;66
3198.0;39;49;63;46;43;66
3204.0;39;49;63;46;43;66
3210.0;39;48;64;46;43;66
3216.0;39;48;64;46;43;66
3222.0;39;48;65;46;42;66
3228.0;40;48;65;45;42;66
3234.0;40;48;65;45;42;66
3240.0;41;48;65;45;42;65
3246.0;38;48;66;45;43;66
3252.0;38;48;66;45;43;66
3258.0;37;48;66;46;43;66
3264.0;37;48;66;46;43;66
3270.0;38;47;66;46;43;66
3276.0;37;48;66;46;43;66
3282.0;37;48;65;46;43;67
3288.0;37;48;65;46;43;67
3294.0;37;48;65;46;43;67
3300.0;37;48;66;46;42;67
3306.0;37;48;66;46;42;67
3312.0;37;48;66;46;42;67
3318.0;35;48;67;46;42;68
3324.0;34;48;67;46;43;68
3330.0;34;48;67;46;43;68
3336.0;34;48;67;46;43;68
3342.0;35;48;66;46;43;68
3348.0;35;48;66;46;43;68
3354.0;36;48;66;45;43;68
3360.0;36;48;65;45;44;68
3366.0;37;49;63;45;44;68
3372.0;37;49;63;45;44;68
3378.0;36;49;64;45;44;68
3384.0;36;49;64;45;44;68
3390.0;35;49;65;45;44;68
3396.0;35;49;65;45;44;68
3402.0;35;49;65;45;44;68
3408.0;35;48;65;45;43;70
3414.0;35;48;65;45;43;70
3420.0;35;48;65;46;43;69
3426.0;35;48;65;46;44;68
3432.0;35;48;65;46;44;68
3438.0;35;48;65;46;44;68
3444.0;35;48;65;46;44;68
3450.0;35;48;65;47;44;67
3456.0;35;48;65;47;44;67
3462.0;35;48;65;47;43;68
3468.0;36;48;64;47;43;68
3474.0;35;49;63;48;43;68
3480.0;35;50;62;48;43;68
3486.0;35;50;62;48;43;68
3492.0;35;50;61;49;43;68
3498.0;35;50;61;49;43;68
3504.0;35;50;61;49;43;68
3510.0;35;49;62;49;44;67
3516.0;34;49;62;49;45;67
3522.0;34;49;62;50;44;67
3528.0;34;49;61;50;44;68
3534.0;34;49;61;50;44;68
3540.0;34;49;61;50;44;68
3546.0;34;49;61;50;44;68
3552.0;34;49;61;50;44;68
3558.0;34;51;60;50;44;67
3564.0;34;51;60;50;44;67
3570.0;34;51;60;50;44;67
3576.0;33;51;60;50;44;68
3582.0;33;51;60;50;44;68
3588.0;33;51;60;50;44;68
3594.0;32;51;61;51;44;67
3600.0;32;51;61;50;44;68
3606.0;32;51;62;49;44;68
3612.0;32;51;63;48;44;68
3618.0;33;51;63;48;44;67
3624.0;33;51;62;48;44;68
3630.0;33;51;62;48;44;68
3636.0;33;51;62;48;44;68
3642.0;33;51;62;48;44;68
3648.0;30;51;63;49;44;69
3654.0;30;52;62;49;44;69
3660.0;29;53;62;49;44;69
3666.0;29;51;62;49;44;71
3672.0;29;51;62;49;44;71
3678.0;29;51;63;49;44;70
3684.0;29;50;63;50;44;70
3690.0;29;50;63;50;43;71
3696.0;29;50;63;51;43;70
3702.0;29;50;63;51;43;70
3708.0;29;50;64;51;43;69
3714.0;29;50;64;51;43;69
3720.0;29;50;65;49;43;70
3726.0;29;50;65;49;43;70
3732.0;29;50;64;49;44;70
3738.0;28;50;64;49;44;71
3744.0;28;50;64;49;44;71
3750.0;28;49;66;48;44;71
3756.0;28;49;66;48;44;71
3762.0;28;49;66;48;45;70
3768.0;27;49;66;49;45;70
3774.0;27;49;66;49;45;70
3780.0;27;49;66;49;45;70
3786.0;27;49;65;49;45;71
3792.0;27;49;64;50;46;70
3798.0;27;49;64;50;46;70
3804.0;27;49;64;50;47;69
3810.0;27;50;65;50;46;68
3816.0;27;50;65;50;46;68
3822.0;27;50;65;50;46;68
3828.0;27;50;65;50;46;68
3834.0;27;50;65;51;45;68
3840.0;27;50;65;51;45;68
3846.0;27;50;65;51;45;68
3852.0;27;50;65;51;45;68
3858.0;27;50;65;51;45;68
3864.0;28;50;65;50;45;68
3870.0;29;49;65;50;45;68
3876.0;28;49;66;50;45;68
3882.0;28;49;66;49;46;68
3888.0;28;49;66;49;46;68
3894.0;28;49;66;49;46;68
3900.0;29;48;67;49;45;68
3906.0;29;48;67;49;45;68
3912.0;29;48;67;49;45;68
3918.0;29;48;67;49;45;68
3924.0;29;48;67;49;45;68
3930.0;29;48;67;49;45;68
3936.0;29;48;67;49;45;68
3942.0;29;48;67;49;45;68
3948.0;29;48;67;49;45;68
3954.0;29;48;67;49;45;68
3960.0;29;48;67;49;45;68
3966.0;28;49;68;49;44;68
3972.0;28;49;68;49;44;68
3978.0;27;49;68;49;45;68
3984.0;27;49;68;49;45;68
3990.0;27;49;68;49;45;68
3996.0;27;49;68;49;45;68
4002.0;27;49;68;49;45;68
4008.0;27;49;68;49;46;67
4014.0;27;48;69;49;46;67
4020.0;27;48;69;49;46;67
4026.0;27;48;69;49;46;67
4032.0;28;47;69;49;46;67
4038.0;27;47;69;49;46;68
4044.0;27;47;69;49;46;68
4050.0;27;46;69;49;46;69
4056.0;27;46;69;49;47;68
4062.0;27;46;69;48;47;69
4068.0;26;46;69;49;47;69
4074.0;27;46;68;49;47;69
4080.0;27;47;68;48;47;69
4086.0;28;47;68;47;47;69
4092.0;28;47;68;47;47;69
4098.0;28;47;68;46;47;70
4104.0;28;47;68;46;47;70
4110.0;27;47;68;46;48;70
4116.0;27;47;69;46;48;69
4122.0;27;47;69;46;48;69
4128.0;27;47;69;46;48;69
4134.0;27;46;69;46;49;69
4140.0;26;46;68;47;50;69
4146.0;26;45;68;47;50;70
4152.0;26;45;68;47;50;70
4158.0;27;45;68;47;50;69
4164.0;27;46;68;46;50;69
4170.0;27;46;68;46;50;69
4176.0;26;46;68;47;50;69
4182.0;26;45;69;47;50;69
4188.0;26;45;69;47;50;69
4194.0;26;45;69;47;50;69
4200.0;26;45;69;47;50;69
4206.0;26;45;69;47;50;69
4212.0;26;45;69;47;50;69
4218.0;27;44;68;48;50;69
4224.0;27;43;67;49;51;69
4230.0;27;43;67;49;51;69
4236.0;27;43;67;49;51;69
4242.0;27;42;67;49;51;70
4248.0;27;43;67;48;51;70
4254.0;27;43;68;48;50;70
4260.0;26;42;69;48;50;71
4266.0;26;42;69;48;50;71
4272.0;25;42;69;49;50;71
4278.0;24;42;69;50;50;71
4284.0;24;42;69;50;50;71
4290.0;24;42;70;49;50;71
4296.0;24;43;71;47;50;71
4302.0;24;43;71;47;50;71
4308.0;24;42;70;47;51;72
4314.0;24;42;71;47;51;71
4320.0;24;41;70;47;52;72
4326.0;24;41;70;47;52;72
4332.0;24;41;70;47;52;72
4338.0;25;40;71;46;52;72
4344.0;25;40;71;46;51;73
4350.0;25;40;71;46;51;73
4356.0;26;41;71;45;50;73
4362.0;25;41;71;45;51;73
4368.0;25;41;71;45;51;73
4374.0;25;41;71;45;51;73
4380.0;25;41;71;45;53;71
4386.0;25;41;71;45;53;71
4392.0;24;41;71;46;53;71
4398.0;24;41;71;46;53;71
4404.0;24;41;71;46;53;71
4410.0;24;41;71;46;53;71
4416.0;24;40;71;46;54;71
4422.0;22;41;72;46;54;71
4428.0;22;41;73;46;53;71
4434.0;22;42;72;46;53;71
4440.0;22;42;72;46;53;71
4446.0;22;42;72;45;54;71
4452.0;22;41;72;45;55;71
4458.0;22;41;72;45;55;71
4464.0;23;41;72;45;54;71
4470.0;23;41;71;45;55;71
4476.0;23;41;71;45;55;71
4482.0;23;41;71;45;55;71
4488.0;24;41;71;45;55;70
4494.0;24;41;70;45;55;71
4500.0;24;41;70;45;55;71
4506.0;24;41;69;45;56;71
4512.0;24;41;69;45;56;71
4518.0;25;41;68;45;56;71
4524.0;25;41;68;45;56;71
4530.0;25;41;68;45;56;71
4536.0;25;41;68;45;56;71
4542.0;24;41;68;46;56;71
4548.0;24;41;68;46;56;71
4554.0;24;41;68;46;56;71
4560.0;24;41;68;47;56;70
4566.0;24;41;68;47;56;70
4572.0;24;41;68;48;55;70
4578.0;24;41;68;48;54;71
4584.0;24;41;68;47;54;72
4590.0;24;41;69;47;54;71
4596.0;24;40;69;47;54;72
4602.0;23;41;69;47;53;73
4608.0;23;40;70;47;53;73
4614.0;23;40;70;47;53;73
4620.0;24;40;69;47;53;73
4626.0;24;40;69;48;53;72
4632.0;25;40;70;47;53;71
4638.0;25;40;70;47;53;71
4644.0;25;41;69;47;53;71
4650.0;25;41;69;47;53;71
4656.0;24;41;70;47;53;71
4662.0;23;40;71;47;55;70
4668.0;23;40;71;47;55;70
4674.0;23;40;71;47;55;70
4680.0;23;40;71;47;55;70
4686.0;24;39;71;47;56;69
4692.0;23;39;71;47;56;70
4698.0;23;39;71;47;56;70
4704.0;23;39;71;47;56;70
4710.0;24;38;71;47;56;70
4716.0;24;38;71;47;56;70
4722.0;24;37;70;46;57;72
4728.0;23;37;71;45;57;73
4734.0;23;37;71;46;57;72
4740.0;24;36;71;47;56;72
4746.0;24;36;71;47;57;71
4752.0;24;36;71;47;56;72
4758.0;24;36;71;47;56;72
4764.0;24;36;71;47;56;72
4770.0;24;35;71;47;56;73
4776.0;24;35;71;47;56;73
4782.0;24;35;71;48;56;72
4788.0;25;35;70;48;56;72
4794.0;25;34;71;48;57;71
4800.0;25;34;71;49;56;71
4806.0;25;34;71;49;56;71
4812.0;25;34;72;48;56;71
4818.0;26;34;72;48;56;70
4824.0;26;34;72;48;56;70
4830.0;26;34;72;48;56;70
4836.0;26;34;72;48;56;70
4842.0;26;34;72;48;56;70
4848.0;26;34;72;48;56;70
4854.0;26;34;72;49;56;69
4860.0;26;34;72;49;56;69
4866.0;26;34;72;48;56;70
4872.0;26;34;72;48;56;70
4878.0;26;34;72;48;56;70
4884.0;27;33;72;48;56;70
4890.0;27;33;72;48;56;70
4896.0;27;33;72;48;56;70
4902.0;27;32;72;48;56;71
4908.0;27;32;72;48;56;71
4914.0;27;31;72;48;57;71
4920.0;27;31;72;48;57;71
4926.0;27;31;72;48;58;70
4932.0;27;31;72;48;58;70
4938.0;27;31;72;48;58;70
4944.0;27;31;72;48;58;70
4950.0;28;31;72;48;57;70
4956.0;27;31;72;48;58;70
4962.0;27;31;72;48;58;70
4968.0;27;31;70;48;59;71
4974.0;27;31;70;48;59;71
4980.0;27;31;70;48;59;71
4986.0;27;31;70;48;59;71
4992.0;27;30;71;48;59;71
4998.0;28;30;70;48;59;71
5004.0;28;30;70;48;59;71
5010.0;28;30;70;48;59;71
5016.0;28;31;71;47;59;70
5022.0;27;31;71;47;59;71
5028.0;27;31;71;47;59;71
5034.0;27;31;70;47;60;71
5040.0;26;31;70;47;61;71
5046.0;26;31;70;47;61;71
5052.0;26;31;70;47;61;71
5058.0;26;31;70;47;61;71
5064.0;26;31;71;47;60;71
5070.0;26;31;71;47;60;71
5076.0;26;31;71;47;60;71
5082.0;25;31;71;47;61;71
5088.0;25;31;71;47;61;71
5094.0;26;31;70;49;60;70
5100.0;26;31;70;49;60;70
5106.0;26;32;69;49;60;70
5112.0;26;32;69;49;61;69
5118.0;26;32;69;49;61;69
5124.0;26;32;69;49;61;69
5130.0;26;33;68;49;61;69
5136.0;26;33;68;49;61;69
5142.0;26;33;68;49;61;69
5148.0;26;33;68;49;61;69
5154.0;26;33;68;49;61;69
5160.0;25;33;69;49;61;69
5166.0;25;33;69;50;60;69
5172.0;26;33;67;50;60;70
5178.0;26;33;67;50;60;70
5184.0;27;33;67;49;60;70
5190.0;27;33;67;49;60;70
5196.0;27;33;66;49;60;71
5202.0;28;32;66;49;60;71
5208.0;27;33;65;48;61;72
5214.0;26;33;65;47;62;73
5220.0;26;33;65;47;62;73
5226.0;26;33;65;47;62;73
5232.0;26;33;65;47;62;73
5238.0;26;33;65;47;62;73
5244.0;26;33;65;47;62;73
5250.0;27;32;65;47;62;73
5256.0;27;31;66;47;63;72
5262.0;27;31;66;47;63;72
5268.0;27;32;65;47;63;72
5274.0;28;31;65;47;63;72
5280.0;28;31;64;47;63;73
5286.0;28;31;64;47;63;73
5292.0;28;31;64;47;63;73
5298.0;28;31;64;47;63;73
5304.0;28;31;64;47;63;73
5310.0;28;31;64;47;63;73
5316.0;28;30;64;47;63;74
5322.0;28;30;64;47;63;74
5328.0;28;30;64;47;63;74
5334.0;29;29;64;47;63;74
5340.0;29;29;64;47;63;74
5346.0;29;30;64;46;63;74
5352.0;29;30;64;46;63;74
5358.0;29;30;64;46;63;74
5364.0;29;30;65;45;62;75
5370.0;29;30;65;45;62;75
5376.0;29;30;65;45;62;75
5382.0;29;30;65;45;62;75
5388.0;30;30;65;45;62;74
5394.0;30;30;65;45;62;74
5400.0;30;30;65;45;62;74
5406.0;31;30;65;45;61;74
5412.0;31;29;65;45;62;74
5418.0;30;29;65;46;62;74
5424.0;30;30;64;46;62;74
5430.0;30;30;64;45;63;74
5436.0;30;30;64;45;63;74
5442.0;30;30;64;45;63;74
5448.0;30;30;64;45;63;74
5454.0;30;30;64;45;63;74
5460.0;30;30;64;45;63;74
5466.0;30;30;64;44;64;74
5472.0;30;30;64;45;64;73
5478.0;30;30;64;45;64;73
5484.0;30;32;63;44;65;72
5490.0;30;32;63;43;65;73
5496.0;30;32;63;43;65;73
5502.0;30;32;63;43;65;73
5508.0;31;32;62;43;65;73
5514.0;31;32;62;43;65;73
5520.0;31;32;61;43;66;73
5526.0;32;32;60;43;66;73
5532.0;32;32;60;43;65;74
5538.0;32;32;60;43;65;74
5544.0;31;32;61;43;65;74
5550.0;31;33;61;43;64;74
5556.0;30;34;61;43;64;74
5562.0;30;34;61;43;64;74
5568.0;30;34;61;43;64;74
5574.0;28;34;62;43;65;74
5580.0;28;35;61;43;65;74
5586.0;28;35;61;43;65;74
5592.0;28;35;61;43;65;74
5598.0;28;35;61;43;65;74
5604.0;27;35;62;42;65;75
5610.0;27;35;62;42;65;75
5616.0;27;35;63;42;66;73
5622.0;27;35;63;42;66;73
5628.0;26;35;64;41;66;74
5634.0;26;35;64;41;66;74
5640.0;26;35;64;41;66;74
5646.0;26;35;64;41;66;74
5652.0;26;35;65;40;65;75
5658.0;25;35;64;41;66;75
5664.0;26;34;64;41;66;75
5670.0;26;34;64;41;66;75
5676.0;26;34;64;41;66;75
5682.0;26;34;64;41;66;75
5688.0;26;34;64;41;66;75
5694.0;26;34;64;41;66;75
5700.0;26;34;65;40;66;75
5706.0;26;34;65;40;66;75
5712.0;26;34;64;40;66;76
5718.0;26;34;64;40;66;76
5724.0;26;34;64;40;66;76
5730.0;27;34;64;39;66;76
5736.0;27;34;64;39;67;75
5742.0;27;34;64;39;67;75
5748.0;27;34;64;39;67;75
5754.0;27;34;64;39;67;75
5760.0;27;34;64;39;67;75
5766.0;27;34;64;39;67;75
5772.0;26;36;64;39;67;74
5778.0;26;36;64;39;67;74
5784.0;26;36;64;39;67;74
5790.0;26;36;64;39;67;74
5796.0;26;36;64;39;67;74
5802.0;26;37;63;39;67;74
5808.0;26;37;65;39;66;73
5814.0;26;37;65;39;66;73
5820.0;26;37;65;39;66;73
5826.0;26;37;65;39;66;73
5832.0;26;37;65;39;66;73
5838.0;26;37;66;39;66;72
5844.0;26;36;66;40;66;72
5850.0;25;36;66;40;66;73
5856.0;25;36;66;40;66;73
5862.0;25;36;66;40;66;73
5868.0;25;36;66;41;66;72
5874.0;26;36;66;41;66;71
5880.0;26;37;67;39;66;71
5886.0;26;37;67;39;66;71
5892.0;26;37;67;39;66;71
5898.0;26;37;67;39;66;71
5904.0;26;37;67;39;66;71
5910.0;26;37;66;40;66;71
5916.0;26;37;66;40;66;71
5922.0;26;36;67;40;66;71
5928.0;26;36;67;40;66;71
5934.0;26;37;66;40;66;71
5940.0;26;37;66;39;66;72
5946.0;26;37;66;39;66;72
5952.0;25;38;66;39;66;72
5958.0;25;37;66;39;67;72
5964.0;25;38;66;39;67;71
5970.0;24;38;67;39;66;72
5976.0;24;38;67;40;66;71
5982.0;24;38;67;40;66;71
5988.0;24;38;67;40;66;71
5994.0;24;38;68;40;66;70
6000.0;23;38;69;41;65;70
6006.0;23;38;69;41;65;70
6012.0;23;38;70;41;64;70
6018.0;23;38;70;41;64;70
6024.0;23;39;70;41;64;69
6030.0;23;39;70;41;64;69
6036.0;23;40;69;41;64;69
6042.0;23;40;69;41;64;69
6048.0;23;40;69;41;64;69
6054.0;23;40;69;41;64;69
6060.0;23;40;68;41;65;69
6066.0;24;39;69;40;65;69
6072.0;24;39;69;40;66;68
6078.0;24;39;69;40;66;68
6084.0;24;39;69;40;66;68
6090.0;24;39;69;40;66;68
6096.0;24;40;68;40;66;68
6102.0;24;40;68;40;66;68
6108.0;24;40;68;40;66;68
6114.0;24;40;68;40;66;68
6120.0;25;41;68;40;66;66
6126.0;26;40;68;40;66;66
6132.0;26;41;67;40;66;66
6138.0;26;41;67;40;66;66
6144.0;25;42;67;40;68;64
6150.0;25;42;67;40;68;64
6156.0;25;42;67;40;68;64
6162.0;25;42;67;40;68;64
6168.0;24;42;67;40;67;66
6174.0;24;42;67;40;67;66
6180.0;23;42;66;41;68;66
6186.0;22;42;67;40;68;67
6192.0;21;43;67;39;69;67
6198.0;21;43;67;39;69;67
6204.0;21;43;67;39;69;67
6210.0;21;44;67;39;68;67
6216.0;21;44;67;39;68;67
6222.0;21;44;67;39;68;67
6228.0;21;44;67;39;68;67
6234.0;22;44;67;38;68;67
6240.0;20;45;67;38;68;68
6246.0;20;45;67;38;68;68
6252.0;20;45;67;38;68;68
6258.0;20;45;67;38;68;68
6264.0;20;44;67;38;69;68
6270.0;20;44;67;38;69;68
6276.0;21;44;67;39;68;67
6282.0;21;43;67;39;68;68
6288.0;21;43;68;39;67;68
6294.0;21;43;68;39;67;68
6300.0;21;43;68;38;68;68
6306.0;21;43;67;38;68;69
6312.0;21;43;67;38;68;69
6318.0;21;44;67;38;68;68
6324.0;21;44;67;38;68;68
6330.0;21;44;67;38;68;68
6336.0;20;44;67;38;68;69
6342.0;20;44;67;38;68;69
6348.0;20;44;67;39;68;68
6354.0;20;44;67;39;68;68
6360.0;19;45;66;40;68;68
6366.0;20;44;66;40;68;68
6372.0;20;44;66;40;68;68
6378.0;20;44;65;41;68;68
6384.0;20;44;65;41;68;68
6390.0;20;44;65;41;68;68
6396.0;20;44;65;41;68;68
6402.0;20;44;65;41;68;68
6408.0;20;44;65;41;68;68
6414.0;21;44;64;41;68;68
6420.0;21;44;64;41;68;68
6426.0;21;44;64;41;68;68
6432.0;21;43;65;40;69;68
6438.0;21;43;66;40;69;67
6444.0;21;44;66;39;69;67
6450.0;21;44;66;39;69;67
6456.0;21;43;66;39;70;67
6462.0;21;43;67;39;70;66
6468.0;20;43;68;38;70;67
6474.0;21;43;69;38;69;66
6480.0;21;43;69;38;69;66
6486.0;21;43;70;38;69;65
6492.0;21;43;70;38;69;65
6498.0;21;43;70;38;69;65
6504.0;20;41;70;39;71;65
6510.0;20;41;70;39;71;65
6516.0;20;40;69;40;71;66
6522.0;22;40;70;39;70;65
6528.0;22;40;70;39;70;65
6534.0;22;40;70;39;70;65
6540.0;22;40;70;39;70;65
6546.0;22;40;70;39;70;65
6552.0;22;40;70;39;70;65
6558.0;22;40;70;39;70;65
6564.0;22;40;70;39;70;65
6570.0;22;40;70;40;69;65
6576.0;21;40;71;40;69;65
6582.0;21;40;71;40;69;65
6588.0;22;40;71;39;69;65
6594.0;22;40;71;39;69;65
6600.0;22;39;71;39;70;65
6606.0;23;39;71;38;70;65
6612.0;22;39;71;38;70;66
6618.0;22;39;71;38;70;66
6624.0;22;39;71;38;70;66
6630.0;23;39;71;38;70;65
6636.0;23;39;71;38;70;65
6642.0;23;39;71;38;70;65
6648.0;24;39;70;38;70;65
6654.0;24;39;70;38;70;65
6660.0;24;40;70;37;71;64
6666.0;24;40;71;36;71;64
6672.0;24;40;71;36;71;64
6678.0;24;40;71;36;71;64
6684.0;24;39;72;36;71;64
6690.0;23;39;72;37;71;64
6696.0;23;39;72;37;71;64
6702.0;23;38;72;37;71;65
6708.0;24;38;72;36;71;65
6714.0;24;38;72;36;71;65
6720.0;24;38;72;36;71;65
6726.0;24;38;72;36;71;65
6732.0;23;38;70;37;73;65
6738.0;24;38;69;37;74;64
6744.0;24;37;70;37;75;63
6750.0;24;37;70;37;75;63
6756.0;23;37;70;38;75;63
6762.0;23;37;69;39;75;63
6768.0;23;37;69;39;75;63
6774.0;23;37;69;39;75;63
6780.0;23;39;69;39;73;63
6786.0;23;39;69;39;73;63
6792.0;23;39;69;39;73;63
6798.0;23;39;69;39;73;63
6804.0;23;39;68;39;73;64
6810.0;22;38;68;40;74;64
6816.0;22;38;68;40;74;64
6822.0;22;38;68;40;74;64
6828.0;22;38;68;40;74;64
6834.0;22;38;68;40;74;64
6840.0;22;38;68;40;74;64
6846.0;22;38;68;40;74;64
6852.0;22;38;68;40;74;64
6858.0;22;38;68;40;73;65
6864.0;22;38;68;40;72;66
6870.0;22;38;68;40;72;66
6876.0;22;38;67;40;72;67
6882.0;22;38;68;40;71;67
6888.0;22;38;68;40;71;67
6894.0;22;38;68;40;71;67
6900.0;22;38;68;40;71;67
6906.0;22;38;68;40;71;67
6912.0;22;38;68;40;71;67
6918.0;22;38;68;40;71;67
6924.0;22;38;68;40;71;67
6930.0;21;39;68;40;71;67
6936.0;21;39;69;40;70;67
6942.0;22;38;69;40;70;67
6948.0;22;38;69;40;70;67
6954.0;22;38;70;39;70;67
6960.0;22;38;70;39;70;67
6966.0;22;38;70;39;71;66
6972.0;22;39;70;39;71;65
6978.0;22;39;70;39;71;65
6984.0;22;39;70;39;71;65
6990.0;22;38;69;39;72;66
6996.0;22;38;69;39;72;66
7002.0;22;38;69;39;72;66
7008.0;22;38;69;39;72;66
7014.0;22;38;69;39;72;66
7020.0;22;38;69;39;72;66
7026.0;22;38;69;38;72;67
7032.0;22;38;69;38;72;67
7038.0;22;38;69;38;72;67
7044.0;22;38;69;38;73;66
7050.0;22;38;69;38;73;66
7056.0;22;38;69;38;73;66
7062.0;22;38;69;38;73;66
7068.0;21;38;69;39;73;66
7074.0;21;38;69;39;73;66
7080.0;21;38;69;39;72;67
7086.0;22;38;69;39;71;67
7092.0;22;38;69;39;71;67
7098.0;22;38;69;39;71;67
7104.0;23;37;68;39;72;67
7110.0;23;37;68;39;73;66
7116.0;24;37;68;39;73;65
7122.0;24;37;68;39;73;65
7128.0;24;37;68;40;73;64
7134.0;24;37;68;40;73;64
7140.0;23;37;68;40;74;64
7146.0;23;37;68;40;74;64
7152.0;23;36;68;40;75;64
7158.0;23;37;68;40;75;63
7164.0;23;37;68;40;75;63
7170.0;23;37;68;40;75;63
7176.0;23;37;68;40;75;63
7182.0;23;38;68;39;75;63
7188.0;23;38;69;39;75;62
7194.0;23;38;69;39;75;62
7200.0;23;38;69;39;75;62
7206.0;23;37;69;39;75;63
7212.0;22;38;69;39;75;63
7218.0;22;38;69;39;75;63
7224.0;22;39;69;38;75;63
7230.0;22;39;69;38;75;63
7236.0;22;40;69;38;73;64
7242.0;21;40;70;38;74;63
7248.0;21;41;70;38;73;63
7254.0;21;41;70;38;73;63
7260.0;21;41;70;38;73;63
7266.0;21;42;70;38;72;63
7272.0;21;42;69;38;72;64
7278.0;22;42;69;37;72;64
7284.0;22;43;70;36;71;64
7290.0;23;43;68;36;71;65
7296.0;23;43;68;36;71;65
7302.0;23;43;68;36;71;65
7308.0;23;42;68;37;71;65
7314.0;22;41;68;37;71;67
7320.0;22;41;68;37;71;67
7326.0;22;40;68;37;71;68
7332.0;23;40;66;37;71;69
7338.0;23;40;66;37;70;70
7344.0;23;40;66;38;70;69
7350.0;22;40;67;37;71;69
7356.0;22;42;67;36;70;69
7362.0;23;42;67;36;69;69
7368.0;23;42;67;36;69;69
7374.0;23;42;68;36;69;68
7380.0;24;42;68;35;69;68
7386.0;24;42;68;35;69;68
7392.0;24;42;68;35;69;68
7398.0;24;42;68;35;69;68
7404.0;24;42;68;35;69;68
7410.0;24;42;68;35;69;68
7416.0;24;41;68;36;70;67
7422.0;24;41;68;36;70;67
7428.0;24;41;68;37;70;66
7434.0;24;42;68;37;70;65
7440.0;23;42;68;37;71;65
7446.0;23;42;68;37;71;65
7452.0;23;43;68;37;70;65
7458.0;24;43;68;37;70;64
7464.0;24;43;68;37;70;64
7470.0;24;43;68;37;70;64
7476.0;24;43;68;37;70;64
7482.0;24;43;68;37;70;64
7488.0;24;43;69;37;70;63
7494.0;24;43;69;37;70;63
7500.0;24;42;69;38;69;64
7506.0;24;42;69;38;69;64
7512.0;25;42;69;38;68;64
7518.0;26;42;69;38;68;63
7524.0;26;42;69;38;68;63
7530.0;25;42;70;38;68;63
7536.0;25;42;70;38;68;63
7542.0;25;42;70;38;68;63
7548.0;24;41;71;39;68;63
7554.0;24;41;71;39;68;63
7560.0;24;40;71;39;69;63
7566.0;24;41;71;39;69;62
7572.0;23;42;71;39;69;62
7578.0;22;43;71;39;69;62
7584.0;22;43;71;38;69;63
7590.0;22;44;71;38;69;62
7596.0;22;43;72;38;69;62
7602.0;22;43;72;37;70;62
7608.0;22;44;72;37;70;61
7614.0;22;44;72;37;70;61
7620.0;22;44;72;37;70;61
7626.0;22;44;72;37;70;61
7632.0;23;43;72;36;70;62
7638.0;22;43;72;37;70;62
7644.0;21;43;73;37;70;62
7650.0;21;43;73;37;70;62
7656.0;21;43;73;37;70;62
7662.0;21;43;73;37;70;62
7668.0;21;43;73;38;70;61
7674.0;21;43;73;38;70;61
7680.0;21;42;73;38;70;62
7686.0;21;42;73;38;70;62
7692.0;21;42;73;38;70;62
7698.0;22;42;73;38;70;61
7704.0;22;43;72;38;70;61
7710.0;22;43;72;38;70;61
7716.0;22;43;72;38;70;61
7722.0;22;43;72;38;70;61
7728.0;20;42;73;37;72;62
7734.0;20;42;73;36;72;63
7740.0;20;42;73;36;72;63
7746.0;20;42;73;36;72;63
7752.0;20;42;73;36;72;63
7758.0;20;42;73;35;72;64
7764.0;20;42;73;35;72;64
7770.0;20;42;73;35;72;64
7776.0;20;42;73;35;72;64
7782.0;18;43;73;36;72;64
7788.0;17;43;74;36;72;64
7794.0;17;43;74;37;71;64
7800.0;16;43;74;37;72;64
7806.0;16;42;74;37;73;64
7812.0;16;42;74;37;73;64
7818.0;16;42;74;37;73;64
7824.0;16;42;74;37;73;64
7830.0;16;42;74;37;73;64
7836.0;16;42;74;37;73;64
7842.0;16;43;73;37;73;64
7848.0;16;43;73;37;73;64
7854.0;14;44;73;37;74;64
7860.0;14;44;73;36;74;65
7866.0;14;44;73;36;74;65
7872.0;15;44;72;36;74;65
7878.0;15;44;71;36;75;65
7884.0;15;44;71;36;75;65
7890.0;15;45;69;37;76;64
7896.0;15;45;69;38;75;64
7902.0;15;45;68;38;76;64
7908.0;15;45;67;38;76;65
7914.0;15;45;67;38;76;65
7920.0;15;45;68;38;75;65
7926.0;15;45;68;38;75;65
7932.0;14;46;68;38;75;65
7938.0;14;46;68;38;75;65
7944.0;15;45;68;38;75;65
7950.0;15;45;68;36;76;66
7956.0;15;45;68;36;76;66
7962.0;16;45;68;35;76;66
7968.0;17;45;68;36;76;64
7974.0;17;45;69;36;75;64
7980.0;17;45;69;36;75;64
7986.0;17;45;69;36;75;64
7992.0;17;45;68;36;75;65
7998.0;17;47;68;35;75;64
8004.0;17;47;68;35;75;64
8010.0;17;47;68;35;75;64
8016.0;17;47;69;34;75;64
8022.0;17;47;69;34;75;64
8028.0;17;47;69;34;75;64
8034.0;17;48;68;34;75;64
8040.0;17;48;68;34;75;64
8046.0;17;48;68;34;75;64
8052.0;17;48;68;34;75;64
8058.0;17;48;69;33;75;64
8064.0;16;48;69;34;75;64
8070.0;17;47;69;34;75;64
8076.0;17;47;69;34;75;64
8082.0;18;48;68;33;75;64
8088.0;18;48;68;33;75;64
8094.0;17;49;68;34;74;64
8100.0;17;49;68;34;74;64
8106.0;17;49;68;34;74;64
8112.0;16;49;68;34;74;65
8118.0;16;49;68;34;74;65
8124.0;16;49;68;34;74;65
8130.0;16;49;68;34;74;65
8136.0;16;49;67;35;74;65
8142.0;16;49;67;35;74;65
8148.0;16;49;67;35;74;65
8154.0;17;48;67;35;74;65
8160.0;17;48;67;35;74;65
8166.0;17;48;67;34;74;66
8172.0;17;49;65;37;73;65
8178.0;17;49;65;37;73;65
8184.0;17;49;65;37;73;65
8190.0;17;49;65;37;73;65
8196.0;17;49;64;38;73;65
8202.0;17;49;64;38;73;65
8208.0;18;49;64;38;72;65
8214.0;18;49;63;39;72;65
8220.0;18;49;63;39;72;65
8226.0;18;48;62;39;72;67
8232.0;18;48;62;39;72;67
8238.0;18;48;61;39;72;68
8244.0;18;48;61;39;72;68
8250.0;18;48;61;39;72;68
8256.0;18;47;61;39;73;68
8262.0;19;48;61;39;73;66
8268.0;19;48;61;39;75;64
8274.0;19;48;61;39;74;65
8280.0;19;48;61;39;74;65
8286.0;19;48;60;39;75;65
8292.0;19;48;60;38;76;65
8298.0;19;48;60;38;76;65
8304.0;19;48;60;39;75;65
8310.0;19;48;60;39;75;65
8316.0;19;48;60;39;75;65
8322.0;19;48;60;39;75;65
8328.0;19;48;60;39;75;65
8334.0;19;48;60;39;75;65
8340.0;19;47;59;39;76;66
8346.0;19;45;59;39;77;67
8352.0;19;45;59;40;76;67
8358.0;19;45;59;40;76;67
8364.0;19;45;59;40;76;67
8370.0;19;45;60;40;76;66
8376.0;19;45;60;40;75;67
8382.0;19;45;60;40;75;67
8388.0;19;46;59;40;75;67
8394.0;19;46;59;39;76;67
8400.0;19;46;58;40;76;67
8406.0;19;46;58;40;76;67
8412.0;19;47;58;40;75;67
8418.0;20;48;58;40;74;66
8424.0;21;48;58;40;73;66
8430.0;21;48;58;40;73;66
8436.0;21;48;58;39;73;67
8442.0;21;49;58;39;73;66
8448.0;21;49;58;39;73;66
8454.0;21;49;58;40;73;65
8460.0;22;49;58;40;72;65
8466.0;22;49;57;41;72;65
8472.0;23;49;57;41;72;64
8478.0;23;50;56;42;71;64
8484.0;23;50;56;42;71;64
8490.0;23;50;56;42;71;64
8496.0;23;50;56;42;71;64
8502.0;23;53;55;42;69;64
8508.0;23;53;55;42;69;64
8514.0;23;53;55;42;69;64
8520.0;23;53;55;42;69;64
8526.0;22;53;55;42;69;65
8532.0;23;53;54;42;69;65
8538.0;23;53;54;43;69;64
8544.0;23;53;55;43;68;64
8550.0;23;53;56;43;67;64
8556.0;23;53;56;43;67;64
8562.0;23;53;56;43;67;64
8568.0;23;53;56;43;67;64
8574.0;23;53;56;43;67;64
8580.0;23;53;56;43;67;64
8586.0;23;53;56;42;68;64
8592.0;23;54;56;42;68;63
8598.0;23;54;56;42;68;63
8604.0;23;55;56;42;67;63
8610.0;24;55;56;42;67;62
8616.0;24;55;56;42;67;62
8622.0;24;55;56;42;67;62
8628.0;24;55;55;42;68;62
8634.0;25;55;55;42;68;61
8640.0;25;55;55;42;68;61
8646.0;25;55;55;41;69;61
8652.0;25;55;55;41;69;61
8658.0;25;55;55;41;68;62
8664.0;25;55;56;40;68;62
8670.0;25;55;56;41;67;62
8676.0;25;55;56;41;67;62
8682.0;25;55;57;40;67;62
8688.0;25;55;57;40;67;62
8694.0;25;55;57;41;67;61
8700.0;25;55;57;41;67;61
8706.0;25;55;56;41;68;61
8712.0;25;55;56;41;68;61
8718.0;25;55;56;41;68;61
8724.0;25;55;56;41;68;61
8730.0;25;54;57;40;68;62
8736.0;25;54;57;40;68;62
8742.0;25;54;57;40;68;62
8748.0;25;54;57;41;68;61
8754.0;25;54;57;41;68;61
8760.0;24;55;57;41;68;61
8766.0;24;55;57;41;68;61
8772.0;24;55;56;41;68;62
8778.0;24;55;55;42;68;62
8784.0;23;57;55;42;67;62
8790.0;24;57;55;42;67;61
8796.0;23;57;55;43;67;61
8802.0;23;57;55;42;68;61
8808.0;23;57;56;41;68;61
8814.0;22;57;56;41;69;61
8820.0;22;57;56;41;69;61
8826.0;23;56;57;41;68;61
8832.0;22;56;58;41;68;61
8838.0;23;57;57;41;68;60
8844.0;23;57;57;41;68;60
8850.0;22;57;57;41;68;61
8856.0;22;57;57;41;68;61
8862.0;22;57;57;41;68;61
8868.0;22;57;57;41;68;61
8874.0;23;57;57;40;68;61
8880.0;23;57;57;40;68;61
8886.0;23;57;58;40;67;61
8892.0;23;57;58;40;67;61
8898.0;22;57;58;40;67;62
8904.0;22;56;59;40;68;61
8910.0;23;55;58;41;68;61
8916.0;23;55;58;41;68;61
8922.0;23;55;58;41;68;61
8928.0;23;55;59;41;68;60
8934.0;23;55;59;41;68;60
8940.0;23;54;59;40;70;60
8946.0;23;54;59;40;70;60
8952.0;21;55;61;40;69;60
8958.0;21;55;62;40;69;59
8964.0;22;55;62;40;68;59
8970.0;22;55;62;40;68;59
8976.0;22;55;62;40;68;59
8982.0;22;55;62;40;68;59
8988.0;22;56;61;40;68;59
8994.0;22;56;61;40;68;59
9000.0;22;55;62;40;69;58
9006.0;22;55;62;40;69;58
9012.0;23;55;62;40;70;56
9018.0;23;55;62;40;70;56
9024.0;23;55;62;41;69;56
9030.0;22;56;62;41;69;56
9036.0;22;55;62;41;69;57
9042.0;23;55;62;40;69;57
9048.0;23;55;62;40;69;57
9054.0;23;55;63;40;69;56
9060.0;22;54;63;41;69;57
9066.0;20;54;65;42;68;57
9072.0;20;55;65;42;67;57
9078.0;20;56;65;41;67;57
9084.0;21;56;65;40;67;57
9090.0;22;56;65;40;66;57
9096.0;22;56;65;40;66;57
9102.0;22;56;65;40;66;57
9108.0;22;56;65;40;65;58
9114.0;22;56;65;40;65;58
9120.0;22;56;65;40;65;58
9126.0;22;56;66;40;64;58
9132.0;21;56;67;40;64;58
9138.0;21;56;67;40;64;58
9144.0;20;56;66;40;65;59
9150.0;20;56;66;40;65;59
9156.0;20;56;66;40;65;59
9162.0;21;55;67;39;65;59
9168.0;21;55;67;39;65;59
9174.0;21;55;67;39;65;59
9180.0;21;55;67;39;64;60
9186.0;21;54;68;39;63;61
9192.0;21;54;68;39;63;61
9198.0;21;52;68;40;64;61
9204.0;21;52;68;40;64;61
9210.0;21;52;68;40;65;60
9216.0;21;52;68;40;65;60
9222.0;22;50;69;40;65;60
9228.0;22;50;69;40;65;60
9234.0;22;50;69;40;65;60
9240.0;22;50;69;40;64;61
9246.0;22;49;68;40;64;63
9252.0;22;49;68;40;64;63
9258.0;22;49;68;40;64;63
9264.0;22;49;66;41;65;63
9270.0;22;49;65;41;65;64
9276.0;22;49;65;41;65;64
9282.0;23;49;65;40;65;64
9288.0;23;49;65;40;65;64
9294.0;23;49;66;39;65;64
9300.0;23;49;67;39;64;64
9306.0;24;49;66;39;64;64
9312.0;24;49;66;39;63;65
9318.0;24;47;67;39;63;66
9324.0;24;47;67;39;62;67
9330.0;24;47;67;39;62;67
9336.0;24;47;67;39;62;67
9342.0;25;48;67;39;62;65
9348.0;25;48;67;39;62;65
9354.0;25;48;67;39;62;65
9360.0;25;47;67;39;63;65
9366.0;25;46;67;39;63;66
9372.0;26;45;67;39;63;66
9378.0;25;45;67;39;63;67
9384.0;25;45;67;39;63;67
9390.0;25;46;67;38;63;67
9396.0;25;46;67;38;63;67
9402.0;25;45;68;38;63;67
9408.0;25;45;68;38;63;67
9414.0;25;45;68;38;63;67
9420.0;25;45;67;39;63;67
9426.0;25;45;67;39;63;67
9432.0;24;46;67;39;63;67
9438.0;24;46;67;39;63;67
9444.0;24;46;67;39;63;67
9450.0;24;46;67;39;63;67
9456.0;24;46;67;39;63;67
9462.0;24;47;66;39;63;67
9468.0;24;47;66;39;63;67
9474.0;25;47;65;39;63;67
9480.0;25;48;63;40;63;67
9486.0;25;48;63;40;63;67
9492.0;25;48;63;40;63;67
9498.0;25;48;63;40;63;67
9504.0;25;48;63;39;63;68
9510.0;24;48;64;39;63;68
9516.0;24;50;63;38;63;68
9522.0;24;50;63;38;63;68
9528.0;24;50;63;38;63;68
9534.0;24;50;63;38;63;68
9540.0;24;49;63;38;63;69
9546.0;24;50;63;38;63;68
9552.0;24;50;63;38;63;68
9558.0;24;49;64;38;63;68
9564.0;24;48;64;38;63;69
9570.0;24;49;63;38;63;69
9576.0;23;51;64;36;64;68
9582.0;23;52;62;36;64;69
9588.0;22;52;62;36;64;70
9594.0;23;52;61;36;64;70
9600.0;23;52;61;36;64;70
9606.0;23;52;61;36;64;70
9612.0;23;52;61;36;64;70
9618.0;23;52;61;36;64;70
9624.0;23;52;61;36;64;70
9630.0;23;53;61;36;64;69
9636.0;23;53;61;36;64;69
9642.0;23;53;61;36;64;69
9648.0;23;54;61;35;65;68
9654.0;24;54;61;35;64;68
9660.0;24;54;61;35;65;67
9666.0;24;54;61;35;65;67
9672.0;24;54;60;35;65;68
9678.0;24;53;60;35;66;68
9684.0;24;53;60;35;66;68
9690.0;24;53;60;35;66;68
9696.0;24;53;60;35;65;69
9702.0;25;53;60;34;65;69
9708.0;24;52;60;35;65;70
9714.0;23;52;60;35;66;70
9720.0;22;52;60;35;67;70
9726.0;22;52;60;35;67;70
9732.0;22;52;58;35;69;70
9738.0;23;51;57;35;70;70
9744.0;22;51;58;35;70;70
9750.0;22;51;59;35;71;68
9756.0;22;52;58;35;71;68
9762.0;22;52;58;34;71;69
9768.0;22;52;58;34;71;69
9774.0;21;52;58;34;72;69
9780.0;21;52;58;34;72;69
9786.0;20;52;59;34;72;69
9792.0;20;52;59;34;72;69
9798.0;20;52;59;34;72;69
9804.0;21;50;60;34;72;69
9810.0;21;50;60;34;72;69
9816.0;20;49;62;34;72;69
9822.0;20;49;62;34;72;69
9828.0;21;49;63;34;71;68
9834.0;21;49;63;34;71;68
9840.0;21;49;63;34;71;68
9846.0;21;49;63;34;71;68
9852.0;22;47;64;34;71;68
9858.0;23;47;64;34;71;67
9864.0;23;47;64;34;71;67
9870.0;23;45;64;35;72;67
9876.0;23;45;64;35;72;67
9882.0;23;45;64;36;71;67
9888.0;23;45;64;36;71;67
9894.0;23;45;64;36;71;67
9900.0;23;45;64;36;71;67
9906.0;23;45;64;36;71;67
9912.0;23;45;64;36;70;68
9918.0;23;45;64;36;70;68
9924.0;23;46;64;36;69;68
9930.0;23;46;64;36;69;68
9936.0;23;46;64;36;69;68
9942.0;23;46;64;36;69;68
9948.0;23;46;64;37;69;67
9954.0;23;45;64;38;69;67
9960.0;25;44;64;38;69;66
9966.0;25;44;64;38;69;66
9972.0;25;44;63;38;70;66
9978.0;25;44;62;38;70;67
9984.0;25;44;62;39;69;67
9990.0;25;44;63;39;68;67
9996.0;25;43;63;39;69;67
10002.0;26;43;63;38;69;67
10008.0;26;43;61;39;68;69
10014.0;26;43;61;39;68;69
10020.0;26;43;61;39;68;69
10026.0;27;41;62;39;68;69
10032.0;26;41;61;40;69;69
10038.0;26;41;61;40;69;69
10044.0;26;41;61;40;69;69
10050.0;26;41;61;40;69;69
10056.0;26;41;61;40;69;69
10062.0;26;41;60;40;69;70
10068.0;26;41;59;41;69;70
10074.0;26;41;59;41;69;70
10080.0;26;41;59;41;69;70
10086.0;26;41;60;41;69;69
10092.0;25;41;60;41;69;70
10098.0;25;42;60;40;69;70
10104.0;25;42;60;40;69;70
10110.0;24;42;59;40;69;72
10116.0;25;42;59;39;69;72
10122.0;25;42;59;40;68;72
10128.0;25;42;59;40;68;72
10134.0;25;42;59;40;68;72
10140.0;25;42;59;40;68;72
10146.0;25;42;60;40;67;72
10152.0;26;42;60;41;66;71
10158.0;26;42;59;41;67;71
10164.0;26;42;58;41;68;71
10170.0;26;42;58;42;67;71
10176.0;26;42;58;42;67;71
10182.0;26;42;58;42;67;71
10188.0;26;42;58;42;67;71
10194.0;26;42;58;42;67;71
10200.0;26;42;58;42;67;71
10206.0;25;42;59;42;67;71
10212.0;25;41;59;42;68;71
10218.0;24;41;59;42;69;71
10224.0;23;42;59;42;69;71
10230.0;23;43;59;42;69;70
10236.0;22;43;61;41;69;70
10242.0;23;43;60;41;69;70
10248.0;23;43;60;41;69;70
10254.0;23;43;60;41;69;70
10260.0;23;43;61;41;69;69
10266.0;23;43;61;41;69;69
10272.0;23;43;61;41;69;69
10278.0;23;42;61;41;70;69
10284.0;23;42;61;41;70;69
10290.0;23;43;61;41;69;69
10296.0;22;43;61;42;69;69
10302.0;22;43;62;42;68;69
10308.0;22;43;62;42;68;69
10314.0;21;43;62;44;68;68
10320.0;21;43;62;44;68;68
10326.0;21;43;62;45;67;68
10332.0;21;43;62;45;67;68
10338.0;21;43;62;45;67;68
10344.0;21;43;62;45;67;68
10350.0;20;43;63;45;67;68
10356.0;20;43;62;45;68;68
10362.0;20;43;62;45;68;68
10368.0;20;43;62;45;68;68
10374.0;20;45;61;45;67;68
10380.0;20;45;61;45;67;68
10386.0;20;45;62;45;67;67
10392.0;20;45;61;45;67;68
10398.0;21;45;59;46;67;68
10404.0;22;44;60;46;66;68
10410.0;22;44;59;47;66;68
10416.0;22;45;58;47;65;69
10422.0;22;45;58;48;65;68
10428.0;22;45;58;48;65;68
10434.0;22;44;59;49;65;67
10440.0;22;44;59;49;65;67
10446.0;22;44;59;50;65;66
10452.0;22;45;59;49;64;67
10458.0;22;46;59;48;64;67
10464.0;22;46;59;50;61;68
10470.0;24;45;58;50;61;68
10476.0;23;45;58;50;62;68
10482.0;23;45;58;50;62;68
10488.0;22;46;58;50;62;68
10494.0;22;46;58;50;62;68
10500.0;22;47;58;50;62;67
10506.0;22;47;58;50;62;67
10512.0;21;47;59;50;62;67
10518.0;21;47;59;50;62;67
10524.0;21;47;59;50;62;67
10530.0;21;47;59;50;63;66
10536.0;21;47;59;49;64;66
10542.0;21;47;59;49;64;66
10548.0;21;46;59;49;65;66
10554.0;20;47;59;49;65;66
10560.0;18;47;61;49;65;66
10566.0;18;47;61;48;66;66
10572.0;19;47;61;48;65;66
10578.0;19;47;61;48;65;66
10584.0;20;47;60;47;65;67
10590.0;20;47;60;46;66;67
10596.0;21;47;61;45;65;67
10602.0;21;47;61;45;65;67
10608.0;21;47;61;45;65;67
10614.0;22;46;61;45;65;67
10620.0;22;46;61;45;65;67
10626.0;22;46;61;44;65;68
10632.0;22;46;61;43;66;68
10638.0;21;45;61;43;68;68
10644.0;22;44;62;43;68;67
10650.0;21;45;62;42;68;68
10656.0;21;45;63;42;67;68
10662.0;20;45;62;43;67;69
10668.0;20;45;62;43;67;69
10674.0;20;45;62;43;67;69
10680.0;20;44;62;43;67;70
10686.0;20;44;62;43;67;70
10692.0;20;44;62;43;67;70
10698.0;19;44;61;43;68;71
10704.0;19;44;61;43;68;71
10710.0;20;44;61;43;67;71
10716.0;20;44;61;43;67;71
10722.0;20;43;62;43;67;71
10728.0;20;43;62;43;67;71
10734.0;20;44;62;42;68;70
10740.0;20;44;62;42;68;70
10746.0;20;44;62;42;68;70
10752.0;21;43;61;43;68;70
10758.0;21;42;61;43;68;71
10764.0;21;42;61;43;68;71
10770.0;21;42;62;43;67;71
10776.0;21;42;62;43;67;71
10782.0;21;42;62;43;67;71
10788.0;20;42;63;43;67;71
10794.0;20;42;63;44;66;71
