#auto generated file!
12.0;260;270;233;257;257;253
18.0;258;270;232;259;257;254
24.0;256;270;231;260;259;254
30.0;256;272;230;259;259;254
36.0;255;270;232;257;259;257
42.0;252;269;233;258;260;258
48.0;252;268;233;258;261;258
54.0;254;267;232;258;261;258
60.0;252;266;232;261;261;258
66.0;252;265;232;261;261;259
72.0;251;263;232;262;262;260
78.0;249;262;234;261;264;260
84.0;248;262;234;261;265;260
90.0;249;262;234;261;263;261
96.0;249;262;234;262;262;261
102.0;249;262;234;262;262;261
108.0;247;263;235;260;263;262
114.0;247;262;235;262;262;262
120.0;246;261;235;262;264;262
126.0;245;263;235;262;263;262
132.0;243;263;236;264;260;264
138.0;242;261;237;264;260;266
144.0;242;261;237;263;261;266
150.0;243;261;237;261;262;266
156.0;241;263;237;262;261;266
162.0;239;263;238;262;261;267
168.0;236;263;240;262;262;267
174.0;235;263;241;261;263;267
180.0;233;261;241;263;264;268
186.0;232;260;241;264;265;268
192.0;232;261;241;264;265;267
198.0;231;262;241;263;266;267
204.0;231;263;241;263;266;266
210.0;229;263;242;263;266;267
216.0;228;263;243;264;264;268
222.0;228;263;242;264;264;269
228.0;229;259;245;262;267;268
234.0;227;258;244;263;270;268
240.0;224;260;246;262;270;268
246.0;223;259;246;264;270;268
252.0;223;259;245;264;270;269
258.0;227;256;243;264;272;268
264.0;227;256;244;264;271;268
270.0;227;254;243;266;271;269
276.0;223;255;244;268;272;268
282.0;221;254;246;269;272;268
288.0;221;254;247;268;271;269
294.0;221;253;249;267;270;270
300.0;220;252;250;265;271;272
306.0;219;253;249;266;271;272
312.0;219;252;249;265;272;273
318.0;222;252;248;266;272;270
324.0;221;252;248;267;272;270
330.0;221;251;248;267;274;269
336.0;221;253;248;266;274;268
342.0;221;253;248;267;273;268
348.0;221;253;248;268;272;268
354.0;220;253;249;267;272;269
360.0;220;254;248;266;271;271
366.0;217;254;250;266;272;271
372.0;218;254;250;265;272;271
378.0;217;255;250;265;273;270
384.0;213;256;250;266;273;272
390.0;215;252;248;266;275;274
396.0;215;250;249;266;275;275
402.0;214;250;249;266;275;276
408.0;213;250;250;266;275;276
414.0;211;251;250;267;274;277
420.0;211;250;250;268;274;277
426.0;211;252;249;267;274;277
432.0;211;250;250;265;276;278
438.0;213;249;250;265;275;278
444.0;212;249;250;265;275;279
450.0;212;249;250;265;275;279
456.0;213;252;251;264;272;278
462.0;213;252;251;263;272;279
468.0;211;252;252;263;271;281
474.0;209;252;253;262;272;282
480.0;208;252;253;262;272;283
486.0;208;253;252;260;273;284
492.0;209;254;252;259;271;285
498.0;206;254;252;260;272;286
504.0;206;254;251;261;271;287
510.0;206;255;254;259;269;287
516.0;205;254;254;260;269;288
522.0;204;255;254;258;269;290
528.0;206;254;254;258;268;290
534.0;206;254;253;259;268;290
540.0;203;256;252;260;268;291
546.0;203;255;252;260;268;292
552.0;202;255;252;259;267;295
558.0;201;256;251;259;267;296
564.0;200;257;250;260;268;295
570.0;201;255;250;260;269;295
576.0;200;252;251;259;270;298
582.0;201;252;251;258;270;298
588.0;202;252;251;259;269;297
594.0;203;252;251;259;268;297
600.0;202;253;251;259;267;298
606.0;201;252;252;259;268;298
612.0;200;252;254;259;268;297
618.0;202;251;252;259;269;297
624.0;201;253;251;260;268;297
630.0;200;253;251;261;268;297
636.0;200;253;251;261;269;296
642.0;199;253;255;260;269;294
648.0;199;253;255;261;268;294
654.0;201;252;254;262;268;293
660.0;200;252;254;263;269;292
666.0;200;252;254;263;269;292
672.0;199;252;255;263;269;292
678.0;198;251;255;263;271;292
684.0;198;251;254;263;271;293
690.0;196;254;254;264;269;293
696.0;194;253;254;264;271;294
702.0;195;252;256;263;270;294
708.0;194;251;255;264;270;296
714.0;192;251;257;264;270;296
720.0;192;251;258;261;271;297
726.0;191;250;260;260;271;298
732.0;189;250;260;260;271;300
738.0;189;250;261;260;271;299
744.0;188;250;262;261;270;299
750.0;187;249;264;263;271;296
756.0;188;247;266;262;271;296
762.0;187;250;266;261;270;296
768.0;187;251;268;260;269;295
774.0;187;251;266;263;268;295
780.0;185;252;266;262;269;296
786.0;186;253;267;260;269;295
792.0;187;253;266;262;269;293
798.0;186;253;265;263;270;293
804.0;187;250;265;265;270;293
810.0;187;252;264;264;269;294
816.0;187;251;265;261;271;295
822.0;188;251;264;261;271;295
828.0;190;247;263;263;270;297
834.0;190;247;262;263;272;296
840.0;190;248;262;261;272;297
846.0;190;249;262;261;271;297
852.0;189;250;262;261;272;296
858.0;187;250;263;262;273;295
864.0;189;250;263;261;272;295
870.0;190;250;263;260;272;295
876.0;190;250;262;260;273;295
882.0;188;251;264;259;273;295
888.0;188;251;263;259;274;295
894.0;185;252;265;260;273;295
900.0;184;251;265;261;272;297
906.0;182;252;265;261;273;297
912.0;182;252;265;260;274;297
918.0;182;252;265;261;272;298
924.0;181;251;266;260;273;299
930.0;183;252;265;259;273;298
936.0;181;253;265;258;274;299
942.0;183;254;264;256;275;298
948.0;183;255;262;255;276;299
954.0;183;256;260;255;277;299
960.0;182;257;261;257;274;299
966.0;183;254;262;257;275;299
972.0;183;257;261;256;274;299
978.0;184;256;261;255;275;299
984.0;185;256;260;255;275;299
990.0;186;256;262;253;276;297
996.0;185;255;264;251;278;297
1002.0;184;254;264;253;278;297
1008.0;181;252;262;255;283;297
1014.0;179;250;263;256;285;297
1020.0;179;250;263;256;285;297
1026.0;178;250;263;257;285;297
1032.0;179;250;262;258;284;297
1038.0;180;248;264;257;286;295
1044.0;181;248;264;256;286;295
1050.0;181;249;264;256;286;294
1056.0;182;248;264;255;286;295
1062.0;181;249;263;254;287;296
1068.0;183;249;262;254;287;295
1074.0;183;249;262;253;287;296
1080.0;182;249;262;253;287;297
1086.0;182;249;262;253;287;297
1092.0;181;247;264;252;288;298
1098.0;182;247;266;251;287;297
1104.0;183;245;268;250;287;297
1110.0;183;245;269;250;287;296
1116.0;182;244;268;251;289;296
1122.0;182;244;268;253;288;295
1128.0;183;245;267;252;289;294
1134.0;183;244;268;250;290;295
1140.0;183;244;269;249;290;295
1146.0;182;244;268;249;290;297
1152.0;182;245;269;247;289;298
1158.0;181;246;268;247;290;298
1164.0;182;246;267;247;291;297
1170.0;183;246;267;247;291;296
1176.0;186;246;267;245;290;296
1182.0;186;246;268;244;288;298
1188.0;185;246;269;243;289;298
1194.0;183;245;269;246;289;298
1200.0;182;245;267;247;291;298
1206.0;181;247;267;247;290;298
1212.0;181;247;267;246;290;299
1218.0;182;248;268;245;288;299
1224.0;182;248;268;245;288;299
1230.0;180;249;268;245;289;299
1236.0;181;249;266;243;289;302
1242.0;181;249;264;243;289;304
1248.0;181;248;264;244;290;303
1254.0;180;250;264;243;290;303
1260.0;180;252;265;243;289;301
1266.0;180;251;266;244;288;301
1272.0;182;251;266;242;289;300
1278.0;179;253;266;244;288;300
1284.0;176;255;265;245;289;300
1290.0;175;255;266;244;288;302
1296.0;175;255;266;244;288;302
1302.0;176;256;265;245;286;302
1308.0;176;256;266;244;285;303
1314.0;177;255;265;244;285;304
1320.0;176;256;265;244;285;304
1326.0;176;257;264;245;285;303
1332.0;177;258;263;246;283;303
1338.0;177;258;263;246;283;303
1344.0;176;260;262;245;284;303
1350.0;177;261;265;243;283;301
1356.0;176;260;267;241;285;301
1362.0;175;260;267;244;286;298
1368.0;177;261;266;243;285;298
1374.0;177;260;266;243;286;298
1380.0;176;260;266;242;288;298
1386.0;176;260;266;242;288;298
1392.0;177;260;267;241;287;298
1398.0;177;262;267;239;286;299
1404.0;177;262;267;239;285;300
1410.0;177;263;266;240;285;299
1416.0;177;263;268;241;284;297
1422.0;177;262;269;242;283;297
1428.0;178;261;270;242;282;297
1434.0;176;262;272;244;281;295
1440.0;178;262;270;244;280;296
1446.0;180;262;272;242;278;296
1452.0;181;261;272;241;278;297
1458.0;179;259;274;243;278;297
1464.0;177;258;275;242;279;299
1470.0;178;257;276;243;278;298
1476.0;177;258;276;243;279;297
1482.0;178;258;276;240;280;298
1488.0;179;257;276;240;280;298
1494.0;179;258;278;239;279;297
1500.0;178;258;279;237;280;298
1506.0;177;258;279;238;280;298
1512.0;175;259;279;237;281;299
1518.0;172;259;279;237;283;300
1524.0;172;259;278;237;284;300
1530.0;170;257;279;239;283;302
1536.0;169;258;277;240;284;302
1542.0;168;258;276;238;286;304
1548.0;167;258;277;237;287;304
1554.0;167;258;277;237;286;305
1560.0;169;258;276;238;286;303
1566.0;166;258;274;239;287;306
1572.0;166;256;274;239;287;308
1578.0;165;256;274;239;289;307
1584.0;164;256;276;238;289;307
1590.0;164;255;277;238;289;307
1596.0;163;251;278;240;291;307
1602.0;162;248;278;241;292;309
1608.0;162;249;279;239;293;308
1614.0;164;249;278;238;292;309
1620.0;163;250;279;240;290;308
1626.0;162;250;278;242;290;308
1632.0;161;249;280;243;289;308
1638.0;161;248;280;243;289;309
1644.0;161;247;282;242;290;308
1650.0;160;248;282;241;290;309
1656.0;161;248;281;241;290;309
1662.0;162;249;281;240;290;308
1668.0;163;248;281;237;292;309
1674.0;162;247;282;238;294;307
1680.0;162;246;282;239;295;306
1686.0;162;247;281;240;294;306
1692.0;163;246;281;241;293;306
1698.0;164;244;282;242;292;306
1704.0;163;245;282;242;291;307
1710.0;162;245;282;242;291;308
1716.0;162;245;282;240;292;309
1722.0;161;245;282;240;293;309
1728.0;161;245;279;241;295;309
1734.0;161;245;280;239;295;310
1740.0;162;246;279;238;296;309
1746.0;161;247;279;238;296;309
1752.0;163;247;276;240;295;309
1758.0;163;246;276;243;294;308
1764.0;162;247;276;243;294;308
1770.0;162;249;276;242;292;309
1776.0;161;251;276;240;291;311
1782.0;162;250;276;239;292;311
1788.0;162;250;276;239;294;309
1794.0;162;251;275;240;294;308
1800.0;161;252;275;240;295;307
1806.0;159;252;276;241;296;306
1812.0;159;252;277;241;295;306
1818.0;157;254;277;240;298;304
1824.0;156;254;277;240;298;305
1830.0;157;254;275;240;299;305
1836.0;158;254;275;238;299;306
1842.0;159;253;277;237;299;305
1848.0;159;254;277;237;299;304
1854.0;156;257;276;237;301;303
1860.0;155;257;276;237;302;303
1866.0;156;257;277;237;302;301
1872.0;155;255;277;238;302;303
1878.0;153;254;277;238;304;304
1884.0;153;254;277;238;304;304
1890.0;151;254;278;238;305;304
1896.0;153;254;278;237;303;305
1902.0;150;256;278;237;304;305
1908.0;150;257;277;237;305;304
1914.0;149;256;277;239;305;304
1920.0;147;257;278;239;305;304
1926.0;148;258;277;239;304;304
1932.0;148;258;277;239;304;304
1938.0;148;257;277;239;305;304
1944.0;148;257;277;239;305;304
1950.0;150;258;278;237;303;304
1956.0;150;258;278;236;304;304
1962.0;150;257;277;237;304;305
1968.0;149;256;278;238;303;306
1974.0;152;256;277;237;302;306
1980.0;153;257;277;237;301;305
1986.0;152;258;278;236;301;305
1992.0;153;257;277;237;301;305
1998.0;154;257;277;236;301;305
2004.0;153;256;277;236;301;307
2010.0;153;256;278;235;301;307
2016.0;153;256;278;234;302;307
2022.0;154;255;277;236;301;307
2028.0;151;256;277;237;301;308
2034.0;152;253;278;237;301;309
2040.0;151;254;278;237;301;309
2046.0;150;254;278;238;302;308
2052.0;150;254;279;237;302;308
2058.0;151;253;279;237;304;306
2064.0;150;253;280;235;304;308
2070.0;151;252;281;235;302;309
2076.0;151;250;282;235;301;311
2082.0;153;251;282;236;300;308
2088.0;152;252;281;237;299;309
2094.0;150;254;281;237;300;308
2100.0;149;255;281;238;299;308
2106.0;149;254;281;240;298;308
2112.0;150;253;281;242;297;307
2118.0;148;253;281;244;297;307
2124.0;148;253;283;244;297;305
2130.0;148;253;284;246;297;302
2136.0;147;253;284;246;298;302
2142.0;146;253;284;248;299;300
2148.0;146;253;283;249;298;301
2154.0;146;253;285;249;297;300
2160.0;148;253;285;249;298;297
2166.0;147;254;285;248;298;298
2172.0;145;255;285;249;299;297
2178.0;145;255;284;249;299;298
2184.0;144;253;284;249;301;299
2190.0;144;253;284;249;300;300
2196.0;143;252;284;250;301;300
2202.0;143;252;284;250;301;300
2208.0;144;254;284;249;300;299
2214.0;141;255;284;249;300;301
2220.0;140;255;284;251;300;300
2226.0;139;257;284;251;300;299
2232.0;140;258;283;250;300;299
2238.0;139;262;281;250;300;298
2244.0;137;262;280;251;302;298
2250.0;137;262;281;251;301;298
2256.0;140;262;281;252;297;298
2262.0;141;261;282;253;298;295
2268.0;140;260;280;256;299;295
2274.0;140;262;280;255;299;294
2280.0;141;261;280;255;299;294
2286.0;142;261;279;256;299;293
2292.0;139;262;280;255;298;296
2298.0;139;262;279;255;298;297
2304.0;138;263;279;255;300;295
2310.0;137;263;279;255;301;295
2316.0;137;262;278;256;302;295
2322.0;138;260;279;255;302;296
2328.0;138;260;279;255;302;296
2334.0;138;261;279;253;301;298
2340.0;137;260;277;255;302;299
2346.0;136;259;277;256;302;300
2352.0;135;262;275;256;302;300
2358.0;133;260;276;257;301;303
2364.0;131;260;276;257;301;305
2370.0;129;263;276;258;304;300
2376.0;129;263;275;259;305;299
2382.0;129;263;275;259;304;300
2388.0;130;262;274;259;304;301
2394.0;129;261;275;261;303;301
2400.0;129;259;276;261;305;300
2406.0;129;257;277;261;306;300
2412.0;130;257;277;260;306;300
2418.0;128;256;276;261;307;302
2424.0;130;256;277;259;308;300
2430.0;130;255;277;261;308;299
2436.0;130;255;277;261;308;299
2442.0;130;255;277;263;306;299
2448.0;130;256;277;263;306;298
2454.0;131;255;278;262;306;298
2460.0;132;253;278;262;307;298
2466.0;133;254;276;262;306;299
2472.0;133;252;277;264;305;299
2478.0;134;253;277;264;307;295
2484.0;134;254;277;263;307;295
2490.0;134;253;277;265;305;296
2496.0;132;253;277;265;307;296
2502.0;132;253;278;264;305;298
2508.0;132;253;279;263;304;299
2514.0;134;253;280;262;303;298
2520.0;133;254;281;262;302;298
2526.0;134;254;281;260;301;300
2532.0;134;253;281;263;300;299
2538.0;133;254;281;263;300;299
2544.0;132;254;281;263;300;300
2550.0;131;254;281;264;300;300
2556.0;131;254;281;263;301;300
2562.0;131;254;282;262;302;299
2568.0;128;254;283;263;304;298
2574.0;129;253;282;264;303;299
2580.0;130;252;283;263;303;299
2586.0;127;251;283;264;304;301
2592.0;127;251;281;263;305;303
2598.0;127;249;282;263;306;303
2604.0;127;249;284;263;303;304
2610.0;125;250;286;263;302;304
2616.0;125;251;287;262;301;304
2622.0;126;252;288;262;298;304
2628.0;126;250;288;262;300;304
2634.0;125;251;286;264;299;305
2640.0;125;249;287;263;301;305
2646.0;121;250;287;265;302;305
2652.0;121;250;288;263;302;306
2658.0;121;251;288;263;301;306
2664.0;121;249;286;266;300;308
2670.0;122;248;286;266;301;307
2676.0;122;249;286;264;302;307
2682.0;122;249;285;264;302;308
2688.0;123;249;284;262;304;308
2694.0;122;249;286;261;304;308
2700.0;125;249;286;261;301;308
2706.0;126;248;287;261;301;307
2712.0;127;247;287;261;301;307
2718.0;125;248;289;261;300;307
2724.0;125;249;290;258;301;307
2730.0;127;246;291;260;299;307
2736.0;128;244;290;259;300;309
2742.0;128;243;290;259;300;310
2748.0;128;242;289;260;300;311
2754.0;126;243;288;260;301;312
2760.0;128;243;287;260;301;311
2766.0;128;243;286;260;302;311
2772.0;127;243;285;260;305;310
2778.0;129;244;285;259;304;309
2784.0;129;245;285;259;304;308
2790.0;130;244;286;258;304;308
2796.0;129;246;285;257;304;309
2802.0;128;246;285;257;305;309
2808.0;129;243;287;258;304;309
2814.0;129;243;287;258;303;310
2820.0;125;244;288;257;303;313
2826.0;125;244;288;257;304;312
2832.0;125;244;288;257;305;311
2838.0;125;244;288;257;305;311
2844.0;124;246;288;255;306;311
2850.0;124;246;289;255;306;310
2856.0;124;246;289;255;306;310
2862.0;122;247;290;255;306;310
2868.0;120;246;291;254;307;312
2874.0;120;247;289;254;308;312
2880.0;122;247;288;253;308;312
2886.0;121;247;288;254;307;313
2892.0;120;246;290;254;308;312
2898.0;120;246;291;252;310;311
2904.0;121;244;291;252;310;312
2910.0;121;244;291;252;310;312
2916.0;122;243;291;252;310;312
2922.0;121;245;290;251;310;313
2928.0;120;245;290;249;310;316
2934.0;121;245;290;249;309;316
2940.0;121;244;291;250;310;314
2946.0;121;246;290;249;311;313
2952.0;122;244;293;248;310;313
2958.0;122;244;293;249;310;312
2964.0;122;244;293;248;311;312
2970.0;122;244;293;249;310;312
2976.0;122;244;293;249;310;312
2982.0;122;243;293;249;309;314
2988.0;119;245;295;250;307;314
2994.0;120;245;292;249;310;314
3000.0;120;245;292;249;310;314
3006.0;119;245;293;248;310;315
3012.0;119;247;293;247;309;315
3018.0;119;247;296;248;307;313
3024.0;121;247;293;248;307;314
3030.0;120;247;294;249;307;313
3036.0;119;247;294;249;308;313
3042.0;118;247;295;249;309;312
3048.0;118;249;292;248;311;312
3054.0;118;250;291;248;312;311
3060.0;118;251;290;247;313;311
3066.0;120;251;291;248;312;308
3072.0;119;250;292;247;312;310
3078.0;116;251;294;247;312;310
3084.0;116;251;294;247;313;309
3090.0;116;250;294;249;313;308
3096.0;114;248;296;250;314;308
3102.0;112;247;296;249;315;311
3108.0;109;250;295;248;315;313
3114.0;109;250;294;249;316;312
3120.0;108;250;294;249;317;312
3126.0;106;250;294;250;317;313
3132.0;105;247;296;251;317;314
3138.0;108;245;295;253;317;312
3144.0;107;244;294;256;317;312
3150.0;106;241;294;256;317;316
3156.0;107;241;294;256;317;315
3162.0;105;242;296;254;316;317
3168.0;105;242;296;254;316;317
3174.0;105;240;296;254;318;317
3180.0;105;240;296;254;318;317
3186.0;106;241;295;254;317;317
3192.0;106;240;293;255;318;318
3198.0;104;240;293;255;321;317
3204.0;104;239;294;254;321;318
3210.0;103;239;295;252;322;319
3216.0;103;239;296;252;323;317
3222.0;104;239;296;252;323;316
3228.0;104;238;297;252;323;316
3234.0;107;237;296;254;322;314
3240.0;107;236;299;254;320;314
3246.0;107;237;300;254;315;317
3252.0;106;236;300;255;316;317
3258.0;103;236;300;256;318;317
3264.0;103;236;299;256;318;318
3270.0;104;236;298;254;319;319
3276.0;104;237;297;254;319;319
3282.0;104;238;297;253;320;318
3288.0;105;234;297;253;321;320
3294.0;106;234;297;253;320;320
3300.0;106;236;297;252;319;320
3306.0;106;236;297;252;318;321
3312.0;106;236;297;253;317;321
3318.0;107;236;297;255;316;319
3324.0;106;236;297;255;317;319
3330.0;107;237;298;253;316;319
3336.0;107;237;298;252;317;319
3342.0;107;238;297;251;317;320
3348.0;108;238;296;254;316;318
3354.0;107;239;297;254;316;317
3360.0;107;240;295;255;317;316
3366.0;107;243;293;254;317;316
3372.0;109;245;292;254;317;313
3378.0;110;245;291;252;318;314
3384.0;110;245;290;250;320;315
3390.0;110;245;290;250;319;316
3396.0;112;246;291;250;317;314
3402.0;111;244;292;250;318;315
3408.0;108;245;292;250;321;314
3414.0;107;245;294;248;322;314
3420.0;107;244;293;249;323;314
3426.0;109;244;292;248;323;314
3432.0;108;245;293;246;323;315
3438.0;108;244;293;247;323;315
3444.0;109;244;292;248;324;313
3450.0;108;243;293;248;324;314
3456.0;108;240;297;248;326;311
3462.0;111;238;296;246;328;311
3468.0;114;236;296;246;327;311
3474.0;114;234;296;247;327;312
3480.0;114;233;296;246;326;315
3486.0;112;234;295;248;326;315
3492.0;111;233;296;247;326;317
3498.0;109;234;296;247;327;317
3504.0;111;234;297;247;326;315
3510.0;111;234;297;247;328;313
3516.0;110;235;298;247;329;311
3522.0;110;235;299;247;329;310
3528.0;109;236;299;245;331;310
3534.0;109;236;299;246;330;310
3540.0;109;238;299;245;328;311
3546.0;109;236;300;245;328;312
3552.0;109;237;300;246;327;311
3558.0;108;238;300;247;327;310
3564.0;108;239;300;247;327;309
3570.0;107;239;298;246;328;312
3576.0;107;239;299;247;326;312
3582.0;107;239;299;247;326;312
3588.0;108;239;297;247;328;311
3594.0;110;238;296;248;327;311
3600.0;109;237;298;247;328;311
3606.0;110;238;298;246;326;312
3612.0;111;237;298;244;326;314
3618.0;111;236;298;245;326;314
3624.0;110;237;298;245;326;314
3630.0;110;238;298;245;326;313
3636.0;110;238;298;245;328;311
3642.0;111;237;299;245;327;311
3648.0;111;238;299;245;326;311
3654.0;113;239;299;246;324;309
3660.0;113;237;302;243;325;310
3666.0;114;235;301;243;326;311
3672.0;115;235;301;242;326;311
3678.0;115;235;301;242;324;313
3684.0;117;234;300;243;323;313
3690.0;117;234;301;241;323;314
3696.0;117;234;302;242;322;313
3702.0;116;235;301;243;321;314
3708.0;116;235;301;243;321;314
3714.0;116;235;301;242;321;315
3720.0;117;234;301;242;321;315
3726.0;116;236;300;242;321;315
3732.0;117;235;300;241;322;315
3738.0;116;234;301;241;321;317
3744.0;117;233;302;240;321;317
3750.0;116;234;303;239;321;317
3756.0;116;236;304;236;321;317
3762.0;117;236;303;236;320;318
3768.0;117;236;303;235;320;319
3774.0;117;236;303;236;319;319
3780.0;117;236;303;236;318;320
3786.0;117;235;303;237;318;320
3792.0;116;235;303;238;319;319
3798.0;116;234;303;239;318;320
3804.0;115;235;303;238;319;320
3810.0;115;237;304;237;319;318
3816.0;114;234;306;239;319;318
3822.0;112;235;307;239;320;317
3828.0;112;236;309;239;318;316
3834.0;112;235;310;238;319;316
3840.0;112;235;310;237;320;316
3846.0;111;236;309;238;320;316
3852.0;112;236;308;237;321;316
3858.0;111;237;309;238;322;313
3864.0;111;236;310;238;321;314
3870.0;110;237;310;237;323;313
3876.0;110;237;311;237;322;313
3882.0;110;236;311;238;322;313
3888.0;110;237;311;237;322;313
3894.0;110;238;311;236;323;312
3900.0;111;236;311;235;325;312
3906.0;110;235;312;236;326;311
3912.0;109;235;312;238;326;310
3918.0;109;236;312;238;326;309
3924.0;108;236;313;239;326;308
3930.0;108;236;313;239;326;308
3936.0;107;237;315;238;327;306
3942.0;108;236;315;238;328;305
3948.0;109;235;316;238;328;304
3954.0;108;236;317;238;327;304
3960.0;109;237;317;238;326;303
3966.0;108;236;319;237;327;303
3972.0;107;235;319;238;328;303
3978.0;107;235;319;237;328;304
3984.0;108;234;318;237;330;303
3990.0;108;233;318;238;329;304
3996.0;108;233;318;238;328;305
4002.0;108;233;320;236;328;305
4008.0;108;232;320;236;328;306
4014.0;108;231;320;236;329;306
4020.0;109;231;322;235;327;306
4026.0;110;231;322;234;326;307
4032.0;111;231;321;234;326;307
4038.0;112;230;321;233;327;307
4044.0;111;230;320;234;327;308
4050.0;112;228;319;234;329;308
4056.0;111;227;319;234;330;309
4062.0;110;228;317;235;331;309
4068.0;111;227;317;234;332;309
4074.0;111;227;317;234;332;309
4080.0;112;226;319;234;331;308
4086.0;113;225;320;235;331;306
4092.0;111;226;321;236;331;305
4098.0;111;228;321;235;330;305
4104.0;113;228;320;233;331;305
4110.0;113;226;323;232;332;304
4116.0;112;227;323;231;333;304
4122.0;114;224;323;231;333;305
4128.0;114;223;322;230;334;307
4134.0;116;227;321;229;332;305
4140.0;116;227;323;228;333;303
4146.0;116;228;324;228;333;301
4152.0;117;229;324;228;333;299
4158.0;117;229;323;228;334;299
4164.0;117;229;323;227;335;299
4170.0;117;230;324;227;333;299
4176.0;117;230;324;228;332;299
4182.0;116;229;325;228;332;300
4188.0;116;228;325;228;332;301
4194.0;116;226;326;228;333;301
4200.0;116;227;327;228;333;299
4206.0;114;229;329;228;334;296
4212.0;113;229;331;227;332;298
4218.0;114;229;331;227;331;298
4224.0;114;229;331;227;331;298
4230.0;114;227;331;228;332;298
4236.0;113;225;332;228;333;299
4242.0;113;224;332;227;333;301
4248.0;114;222;332;228;333;301
4254.0;112;222;332;229;333;302
4260.0;110;225;333;227;332;303
4266.0;110;226;333;226;332;303
4272.0;111;225;333;225;333;303
4278.0;111;225;333;228;332;301
4284.0;112;224;334;227;333;300
4290.0;112;224;331;226;335;302
4296.0;112;224;332;225;335;302
4302.0;115;223;329;225;337;301
4308.0;114;223;329;225;338;301
4314.0;114;222;329;225;338;302
4320.0;113;225;329;225;338;300
4326.0;114;226;328;224;339;299
4332.0;114;225;328;225;338;300
4338.0;114;227;328;225;336;300
4344.0;115;227;327;227;336;298
4350.0;115;226;327;228;335;299
4356.0;115;225;325;228;337;300
4362.0;116;224;325;228;337;300
4368.0;118;225;323;228;338;298
4374.0;119;223;324;227;339;298
4380.0;118;224;324;227;339;298
4386.0;119;225;323;227;338;298
4392.0;119;225;323;228;338;297
4398.0;119;226;322;227;338;298
4404.0;120;225;321;227;337;300
4410.0;119;226;321;228;336;300
4416.0;120;229;321;227;335;298
4422.0;118;230;320;227;337;298
4428.0;117;229;321;228;336;299
4434.0;116;229;321;229;336;299
4440.0;115;229;322;227;338;299
4446.0;115;230;322;227;338;298
4452.0;114;230;322;228;339;297
4458.0;116;228;322;226;341;297
4464.0;115;226;322;227;341;299
4470.0;115;228;322;227;338;300
4476.0;115;227;322;227;337;302
4482.0;114;228;321;228;337;302
4488.0;113;229;321;228;336;303
4494.0;114;229;321;228;335;303
4500.0;115;228;321;227;335;304
4506.0;113;229;322;227;335;304
4512.0;113;227;324;226;336;304
4518.0;114;228;324;226;336;302
4524.0;115;229;324;227;332;303
4530.0;113;230;323;227;334;303
4536.0;112;229;322;227;335;305
4542.0;112;229;322;228;334;305
4548.0;112;229;322;228;334;305
4554.0;112;228;323;229;333;305
4560.0;112;226;324;229;335;304
4566.0;112;227;325;228;334;304
4572.0;115;228;324;227;332;304
4578.0;114;230;323;226;333;304
4584.0;114;230;323;226;333;304
4590.0;114;230;322;227;335;302
4596.0;114;228;323;227;334;304
4602.0;114;228;324;226;332;306
4608.0;114;227;325;227;332;305
4614.0;113;226;325;229;333;304
4620.0;115;225;326;228;333;303
4626.0;115;225;326;229;331;304
4632.0;114;225;326;231;332;302
4638.0;114;226;326;230;332;302
4644.0;115;226;326;231;332;300
4650.0;115;225;326;231;332;301
4656.0;114;226;324;231;333;302
4662.0;114;226;324;231;333;302
4668.0;112;226;325;232;333;302
4674.0;111;227;325;231;333;303
4680.0;112;227;326;230;333;302
4686.0;113;227;326;229;333;302
4692.0;114;228;326;227;331;304
4698.0;115;228;326;228;330;303
4704.0;117;226;326;226;331;304
4710.0;117;227;325;227;329;305
4716.0;116;227;325;227;330;305
4722.0;117;227;325;227;330;304
4728.0;116;227;324;227;332;304
4734.0;115;226;324;227;334;304
4740.0;115;226;324;228;332;305
4746.0;115;226;325;230;333;301
4752.0;113;227;324;232;332;302
4758.0;113;227;325;229;332;304
4764.0;113;226;326;229;332;304
4770.0;111;226;324;229;333;307
4776.0;110;228;325;229;331;307
4782.0;110;227;327;229;329;308
4788.0;113;227;327;225;328;310
4794.0;113;225;328;224;329;311
4800.0;112;225;329;225;328;311
4806.0;113;223;329;224;330;311
4812.0;114;224;327;224;330;311
4818.0;113;226;327;223;329;312
4824.0;116;226;327;223;329;309
4830.0;116;227;327;222;330;308
4836.0;116;227;327;221;328;311
4842.0;114;225;326;224;327;314
4848.0;114;225;326;224;327;314
4854.0;114;225;327;222;329;313
4860.0;114;224;326;222;331;313
4866.0;115;223;326;224;330;312
4872.0;115;223;325;225;330;312
4878.0;115;223;324;225;331;312
4884.0;114;222;323;225;333;313
4890.0;114;222;323;225;334;312
4896.0;112;224;321;224;337;312
4902.0;112;225;322;224;336;311
4908.0;113;226;321;224;335;311
4914.0;113;225;324;224;333;311
4920.0;113;225;324;224;332;312
4926.0;114;226;324;223;332;311
4932.0;114;226;325;223;332;310
4938.0;113;228;324;223;331;311
4944.0;114;227;323;224;330;312
4950.0;115;227;324;223;329;312
4956.0;114;229;323;224;325;315
4962.0;114;229;323;224;324;316
4968.0;113;228;323;225;324;317
4974.0;114;229;322;226;324;315
4980.0;115;229;320;226;324;316
4986.0;114;228;320;226;325;317
4992.0;115;227;321;227;323;317
4998.0;114;226;324;227;322;317
5004.0;114;227;323;227;321;318
5010.0;115;225;321;227;322;320
5016.0;115;226;321;225;322;321
5022.0;114;226;320;226;322;322
5028.0;115;227;319;226;320;323
5034.0;116;226;319;227;320;322
5040.0;117;228;315;226;320;324
5046.0;117;227;315;225;321;325
5052.0;117;226;316;225;319;327
5058.0;117;226;316;224;320;327
5064.0;116;227;317;223;321;326
5070.0;115;228;317;223;321;326
5076.0;115;229;316;223;323;324
5082.0;115;229;319;220;322;325
5088.0;117;231;319;221;319;323
5094.0;119;230;318;220;320;323
5100.0;119;230;318;220;320;323
5106.0;118;231;320;220;319;322
5112.0;118;232;319;221;317;323
5118.0;117;232;319;222;317;323
5124.0;116;231;319;221;317;326
5130.0;118;229;321;220;318;324
5136.0;118;228;322;221;317;324
5142.0;118;228;323;220;316;325
5148.0;118;229;323;221;315;324
5154.0;118;230;324;219;315;324
5160.0;119;230;323;219;315;324
5166.0;118;229;323;221;314;325
5172.0;119;227;323;221;315;325
5178.0;119;227;323;221;315;325
5184.0;120;226;323;221;315;325
5190.0;122;226;325;222;313;322
5196.0;122;225;325;222;314;322
5202.0;123;224;327;220;315;321
5208.0;122;224;329;219;315;321
5214.0;122;223;326;220;317;322
5220.0;121;225;325;219;318;322
5226.0;121;225;325;220;318;321
5232.0;119;224;327;221;321;318
5238.0;119;224;327;221;321;318
5244.0;119;223;326;222;321;319
5250.0;120;223;326;222;322;317
5256.0;120;224;326;221;323;316
5262.0;120;222;326;220;325;317
5268.0;122;221;327;219;324;317
5274.0;120;222;327;220;324;317
5280.0;119;224;326;220;325;316
5286.0;120;225;325;220;324;316
5292.0;120;226;325;219;324;316
5298.0;119;227;326;218;324;316
5304.0;120;227;327;218;322;316
5310.0;120;230;323;216;324;317
5316.0;121;228;323;215;324;319
5322.0;119;225;326;217;324;319
5328.0;120;224;327;218;324;317
5334.0;121;224;327;218;324;316
5340.0;121;225;327;219;322;316
5346.0;119;224;329;218;321;319
5352.0;121;224;330;217;318;320
5358.0;120;222;329;216;321;322
5364.0;122;224;329;216;318;321
5370.0;123;224;330;214;319;320
5376.0;121;223;331;214;320;321
5382.0;120;224;331;215;320;320
5388.0;121;222;332;213;320;322
5394.0;121;222;332;212;319;324
5400.0;121;222;333;212;318;324
5406.0;119;223;334;212;317;325
5412.0;117;224;334;212;318;325
5418.0;117;226;332;213;317;325
5424.0;118;227;330;215;316;324
5430.0;117;228;330;217;315;323
5436.0;118;229;330;218;314;321
5442.0;117;228;330;219;316;320
5448.0;118;227;331;220;316;318
5454.0;119;224;331;221;316;319
5460.0;119;225;331;220;315;320
5466.0;119;222;331;220;317;321
5472.0;119;221;330;220;318;322
5478.0;119;220;331;220;317;323
5484.0;119;221;330;220;317;323
5490.0;118;221;330;219;318;324
5496.0;117;221;332;219;317;324
5502.0;117;221;333;219;316;324
5508.0;119;220;332;219;315;325
5514.0;120;219;332;219;315;325
5520.0;120;220;333;219;315;323
5526.0;119;217;335;220;314;325
5532.0;119;218;336;218;314;325
5538.0;120;219;336;219;313;323
5544.0;121;220;337;217;312;323
5550.0;122;221;338;215;312;322
5556.0;120;222;337;215;314;322
5562.0;120;220;336;215;315;324
5568.0;122;220;334;213;316;325
5574.0;122;220;334;214;316;324
5580.0;123;220;333;214;315;325
5586.0;122;221;334;212;315;326
5592.0;123;221;334;211;315;326
5598.0;122;221;335;213;313;326
5604.0;121;222;335;213;314;325
5610.0;121;222;335;213;314;325
5616.0;120;224;333;214;314;325
5622.0;121;223;332;215;313;326
5628.0;122;224;331;214;313;326
5634.0;122;223;332;214;312;327
5640.0;123;222;333;214;309;329
5646.0;123;223;332;214;309;329
5652.0;123;224;332;214;309;328
5658.0;123;223;333;214;310;327
5664.0;125;221;334;213;309;328
5670.0;125;220;335;214;308;328
5676.0;125;221;334;215;308;327
5682.0;124;220;335;215;309;327
5688.0;124;222;336;216;305;327
5694.0;123;221;337;217;306;326
5700.0;122;222;338;216;307;325
5706.0;121;222;336;217;308;326
5712.0;121;221;337;216;308;327
5718.0;123;221;337;216;306;327
5724.0;124;222;336;215;305;328
5730.0;124;221;337;213;305;330
5736.0;125;223;336;210;305;331
5742.0;125;223;336;210;305;331
5748.0;123;227;336;208;304;332
5754.0;125;226;335;208;305;331
5760.0;125;226;335;207;306;331
5766.0;125;225;335;206;307;332
5772.0;125;224;334;207;306;334
5778.0;124;225;335;206;306;334
5784.0;123;225;335;208;305;334
5790.0;123;225;335;208;306;333
5796.0;124;226;334;209;305;332
5802.0;125;224;334;210;305;332
5808.0;125;225;332;211;304;333
5814.0;126;225;332;211;304;332
5820.0;125;226;332;212;304;331
5826.0;125;226;330;213;306;330
5832.0;126;226;330;212;306;330
5838.0;127;226;329;210;309;329
5844.0;128;226;328;210;308;330
5850.0;129;226;328;211;307;329
5856.0;129;226;329;210;306;330
5862.0;130;226;327;212;305;330
5868.0;132;225;328;211;305;329
5874.0;132;226;328;212;304;328
5880.0;130;227;328;212;305;328
5886.0;131;226;328;212;305;328
5892.0;133;227;327;211;303;329
5898.0;131;227;326;212;303;331
5904.0;129;228;327;212;303;331
5910.0;128;229;326;214;303;330
5916.0;128;230;324;214;303;331
5922.0;128;231;325;212;302;332
5928.0;127;231;326;212;302;332
5934.0;126;231;326;212;302;333
5940.0;126;231;326;216;301;330
5946.0;127;230;326;216;301;330
5952.0;128;230;325;217;301;329
5958.0;128;232;325;216;300;329
5964.0;129;233;325;216;299;328
5970.0;129;233;326;214;299;329
5976.0;130;234;325;214;295;332
5982.0;130;235;326;214;293;332
5988.0;131;236;327;214;291;331
5994.0;133;237;329;215;289;327
6000.0;135;238;329;214;288;326
6006.0;134;240;330;212;288;326
6012.0;133;240;329;212;289;327
6018.0;133;240;329;212;289;327
6024.0;134;240;329;212;288;327
6030.0;134;240;329;213;287;327
6036.0;134;241;327;212;286;330
6042.0;134;243;327;211;286;329
6048.0;134;243;325;213;286;329
6054.0;133;244;326;212;287;328
6060.0;133;244;325;212;288;328
6066.0;133;242;327;211;290;327
6072.0;134;240;328;210;290;328
6078.0;134;240;328;209;291;328
6084.0;133;240;329;209;294;325
6090.0;135;238;328;210;294;325
6096.0;134;237;329;209;295;326
6102.0;132;238;329;209;296;326
6108.0;133;238;331;208;297;323
6114.0;133;239;331;209;298;320
6120.0;131;239;332;209;299;320
6126.0;129;238;334;209;299;321
6132.0;128;238;334;208;301;321
6138.0;129;237;335;208;301;320
6144.0;130;238;335;208;299;320
6150.0;129;238;335;207;301;320
6156.0;129;238;334;208;300;321
6162.0;129;238;332;209;301;321
6168.0;130;239;332;206;302;321
6174.0;129;238;332;205;305;321
6180.0;128;239;332;205;305;321
6186.0;128;239;331;205;305;322
6192.0;129;237;332;204;308;320
6198.0;128;237;333;204;309;319
6204.0;128;237;332;203;311;319
6210.0;129;237;330;203;312;319
6216.0;128;236;332;204;312;318
6222.0;128;236;333;204;313;316
6228.0;128;236;333;204;314;315
6234.0;127;236;333;204;315;315
6240.0;129;235;333;204;315;314
6246.0;129;235;333;204;315;314
6252.0;129;233;333;204;316;315
6258.0;129;233;333;204;317;314
6264.0;129;231;332;203;317;318
6270.0;130;233;331;201;318;317
6276.0;129;233;333;200;318;317
6282.0;130;232;331;200;318;319
6288.0;129;230;334;201;316;320
6294.0;129;230;333;202;317;319
6300.0;129;229;332;202;317;321
6306.0;129;228;334;202;318;319
6312.0;130;229;334;202;319;316
6318.0;131;232;332;203;318;314
6324.0;131;233;331;203;319;313
6330.0;130;233;332;203;319;313
6336.0;129;233;332;204;319;313
6342.0;130;232;331;202;322;313
6348.0;130;232;333;200;322;313
6354.0;130;232;334;198;324;312
6360.0;128;232;334;199;324;313
6366.0;129;233;332;199;325;312
6372.0;129;233;331;198;326;313
6378.0;129;234;331;199;325;312
6384.0;127;235;330;199;325;314
6390.0;126;234;330;199;325;316
6396.0;126;234;329;198;326;317
6402.0;128;233;329;197;326;317
6408.0;127;234;329;197;325;318
6414.0;128;234;329;196;326;317
6420.0;128;233;330;197;325;317
6426.0;128;231;332;198;324;317
6432.0;128;231;332;199;324;316
6438.0;129;229;330;199;326;317
6444.0;129;231;329;199;326;316
6450.0;130;229;329;199;326;317
6456.0;129;228;331;198;327;317
6462.0;128;229;330;198;328;317
6468.0;126;230;330;198;329;317
6474.0;128;229;329;198;329;317
6480.0;130;229;327;201;328;315
6486.0;129;230;327;201;328;315
6492.0;129;230;328;201;327;315
6498.0;130;228;329;202;326;315
6504.0;130;225;331;202;326;316
6510.0;129;226;331;202;326;316
6516.0;129;226;332;201;326;316
6522.0;129;226;332;201;327;315
6528.0;130;226;331;201;327;315
6534.0;132;225;330;202;326;315
6540.0;131;225;330;203;324;317
6546.0;131;225;332;202;323;317
6552.0;131;225;331;202;324;317
6558.0;132;223;328;202;327;318
6564.0;130;223;328;201;329;319
6570.0;130;223;328;200;331;318
6576.0;128;223;328;201;332;318
6582.0;127;222;329;199;332;321
6588.0;127;223;330;197;332;321
6594.0;127;222;331;198;332;320
6600.0;127;222;333;197;330;321
6606.0;125;221;333;199;331;321
6612.0;126;220;331;202;331;320
6618.0;127;219;330;203;332;319
6624.0;128;218;331;205;330;318
6630.0;127;217;331;205;331;319
6636.0;128;214;332;205;330;321
6642.0;127;214;333;203;330;323
6648.0;129;214;332;203;330;322
6654.0;127;213;333;204;329;324
6660.0;128;214;333;203;328;324
6666.0;129;215;333;203;327;323
6672.0;129;213;333;206;326;323
6678.0;128;212;334;207;325;324
6684.0;127;212;335;207;325;324
6690.0;128;212;336;207;324;323
6696.0;127;215;335;209;324;320
6702.0;128;215;334;210;324;319
6708.0;129;216;334;210;321;320
6714.0;128;214;335;211;322;320
6720.0;129;214;336;210;321;320
6726.0;127;214;337;207;323;322
6732.0;127;215;337;206;324;321
6738.0;127;214;339;205;323;322
6744.0;127;214;337;204;324;324
6750.0;127;214;337;204;324;324
6756.0;125;214;338;205;323;325
6762.0;125;213;337;205;323;327
6768.0;128;211;337;205;322;327
6774.0;128;210;339;205;321;327
6780.0;130;210;339;206;319;326
6786.0;131;210;340;204;319;326
6792.0;132;209;341;204;318;326
6798.0;132;209;341;204;318;326
6804.0;132;209;341;204;317;327
6810.0;133;209;341;202;319;326
6816.0;131;208;343;202;319;327
6822.0;130;207;343;201;321;328
6828.0;130;207;343;199;322;329
6834.0;130;207;344;197;323;329
6840.0;127;207;345;198;324;329
6846.0;127;206;346;199;324;328
6852.0;126;210;346;199;323;326
6858.0;127;209;345;198;324;327
6864.0;127;208;346;197;325;327
6870.0;128;208;347;196;323;328
6876.0;128;209;346;196;323;328
6882.0;130;209;344;195;323;329
6888.0;131;207;344;195;323;330
6894.0;131;207;346;194;323;329
6900.0;132;207;343;193;325;330
6906.0;131;209;342;194;323;331
6912.0;131;209;342;194;323;331
6918.0;131;211;340;194;322;332
6924.0;132;211;338;197;323;329
6930.0;135;211;338;196;323;327
6936.0;135;213;338;196;320;328
6942.0;138;211;338;195;319;329
6948.0;138;210;339;199;315;329
6954.0;136;209;339;201;314;331
6960.0;137;208;340;199;314;332
6966.0;137;208;340;199;315;331
6972.0;139;209;339;198;314;331
6978.0;140;208;338;198;315;331
6984.0;138;207;338;200;316;331
6990.0;137;207;339;200;316;331
6996.0;137;208;338;201;316;330
7002.0;137;210;338;203;313;329
7008.0;136;210;337;202;314;331
7014.0;135;213;335;200;314;333
7020.0;134;211;336;201;315;333
7026.0;133;211;336;200;316;334
7032.0;131;213;336;201;316;333
7038.0;129;215;336;201;317;332
7044.0;129;217;337;197;316;334
7050.0;129;218;337;197;315;334
7056.0;130;218;339;196;315;332
7062.0;128;220;339;196;315;332
7068.0;129;220;338;196;316;331
7074.0;130;219;337;197;316;331
7080.0;132;218;338;197;315;330
7086.0;133;219;336;197;314;331
7092.0;133;221;333;198;313;332
7098.0;133;220;332;198;313;334
7104.0;134;219;331;198;313;335
7110.0;134;220;330;199;313;334
7116.0;132;221;330;200;313;334
7122.0;132;222;330;200;311;335
7128.0;132;223;330;199;311;335
7134.0;133;223;328;200;312;334
7140.0;134;224;328;202;311;331
7146.0;134;225;328;203;310;330
7152.0;132;226;328;203;310;331
7158.0;131;228;325;205;309;332
7164.0;130;227;326;206;310;331
7170.0;131;225;327;206;310;331
7176.0;129;225;326;207;311;332
7182.0;129;225;325;207;310;334
7188.0;129;226;324;208;310;333
7194.0;128;227;325;208;310;332
7200.0;129;227;324;207;310;333
7206.0;129;227;324;207;310;333
7212.0;129;227;324;208;309;333
7218.0;129;227;324;208;309;333
7224.0;130;229;323;207;309;332
7230.0;131;228;325;209;305;332
7236.0;130;227;324;209;306;334
7242.0;130;227;323;210;305;335
7248.0;130;227;322;208;307;336
7254.0;129;225;323;208;306;339
7260.0;129;225;323;208;306;339
7266.0;127;227;323;209;305;339
7272.0;127;227;323;209;305;339
7278.0;125;229;327;206;306;337
7284.0;125;229;328;207;304;337
7290.0;125;229;328;205;304;339
7296.0;125;230;327;205;304;339
7302.0;126;229;326;206;304;339
7308.0;126;228;326;205;305;340
7314.0;124;227;328;206;305;340
7320.0;124;227;328;207;304;340
7326.0;124;230;327;204;306;339
7332.0;123;230;327;206;306;338
7338.0;124;228;328;207;306;337
7344.0;123;228;325;207;308;339
7350.0;122;229;325;207;308;339
7356.0;121;230;325;207;308;339
7362.0;122;229;324;208;308;339
7368.0;122;228;324;208;310;338
7374.0;123;228;324;208;309;338
7380.0;123;226;324;210;308;339
7386.0;122;227;324;209;308;340
7392.0;121;228;325;209;308;339
7398.0;121;228;323;208;311;339
7404.0;120;228;325;210;307;340
7410.0;120;228;324;211;307;340
7416.0;122;227;326;210;305;340
7422.0;122;229;327;209;306;337
7428.0;122;230;326;210;303;339
7434.0;122;231;326;211;301;339
7440.0;122;232;324;212;300;340
7446.0;121;232;324;213;301;339
7452.0;123;230;324;215;301;337
7458.0;121;230;324;217;301;337
7464.0;121;229;324;218;302;336
7470.0;120;230;323;219;302;336
7476.0;119;230;322;219;303;337
7482.0;119;230;321;219;303;338
7488.0;120;231;322;218;302;337
7494.0;123;229;320;218;301;339
7500.0;122;230;320;218;302;338
7506.0;122;230;320;218;302;338
7512.0;123;231;319;219;301;337
7518.0;123;232;318;219;302;336
7524.0;123;232;319;219;301;336
7530.0;124;230;319;221;300;336
7536.0;124;232;318;221;299;336
7542.0;124;231;318;220;299;338
7548.0;125;229;319;221;299;337
7554.0;124;230;318;221;300;337
7560.0;124;230;317;221;301;337
7566.0;123;230;316;221;301;339
7572.0;123;230;316;221;301;339
7578.0;124;230;316;221;301;338
7584.0;125;230;314;220;301;340
7590.0;124;229;315;221;301;340
7596.0;123;232;314;220;300;341
7602.0;122;231;315;221;299;342
7608.0;124;230;315;222;298;341
7614.0;124;232;315;221;298;340
7620.0;123;232;315;221;298;341
7626.0;124;230;315;218;299;344
7632.0;128;230;315;219;294;344
7638.0;128;231;315;218;293;345
7644.0;126;230;314;219;294;347
7650.0;126;233;313;221;292;345
7656.0;126;233;311;223;291;346
7662.0;130;232;310;223;290;345
7668.0;130;232;311;221;290;346
7674.0;128;233;312;220;291;346
7680.0;127;234;313;219;290;347
7686.0;125;233;313;221;290;348
7692.0;126;233;313;219;290;349
7698.0;128;232;314;218;290;348
7704.0;128;230;314;217;293;348
7710.0;128;229;314;218;293;348
7716.0;128;228;311;222;294;347
7722.0;127;228;312;222;294;347
7728.0;126;225;313;224;295;347
7734.0;127;226;313;224;294;346
7740.0;127;224;315;224;293;347
7746.0;127;222;315;225;294;347
7752.0;127;220;315;226;294;348
7758.0;128;220;315;226;294;347
7764.0;128;221;316;225;293;347
7770.0;128;222;315;224;296;345
7776.0;127;223;316;224;295;345
7782.0;129;222;316;223;294;346
7788.0;130;222;317;223;294;344
7794.0;128;223;317;224;293;345
7800.0;129;223;316;224;294;344
7806.0;129;227;315;222;293;344
7812.0;129;228;313;222;294;344
7818.0;128;227;315;221;294;345
7824.0;127;228;314;220;295;346
7830.0;126;229;314;220;295;346
7836.0;126;229;315;220;294;346
7842.0;127;229;316;219;293;346
7848.0;129;230;315;215;292;349
7854.0;131;230;315;213;293;348
7860.0;131;229;316;213;292;349
7866.0;131;228;316;214;292;349
7872.0;130;229;316;215;293;347
7878.0;131;230;314;215;294;346
7884.0;131;232;314;217;293;343
7890.0;131;230;313;217;295;344
7896.0;130;232;313;216;295;344
7902.0;130;232;313;216;294;345
7908.0;130;232;312;217;292;347
7914.0;130;231;312;216;293;348
7920.0;129;230;312;216;294;349
7926.0;128;232;312;214;294;350
7932.0;128;232;312;213;296;349
7938.0;127;235;311;212;295;350
7944.0;127;236;311;212;295;349
7950.0;127;236;311;211;295;350
7956.0;127;236;311;210;294;352
7962.0;128;237;311;209;294;351
7968.0;129;236;311;209;294;351
7974.0;130;235;311;209;294;351
7980.0;130;235;310;208;295;352
7986.0;128;235;311;208;296;352
7992.0;129;236;310;208;296;351
7998.0;129;236;310;209;296;350
8004.0;129;235;310;210;297;349
8010.0;129;235;308;211;297;350
8016.0;128;234;308;211;298;351
8022.0;127;235;310;210;297;351
8028.0;128;234;310;212;296;350
8034.0;128;234;310;211;296;351
8040.0;127;233;314;212;293;351
8046.0;127;231;314;214;295;349
8052.0;127;231;316;213;294;349
8058.0;127;230;316;214;294;349
8064.0;127;228;315;215;294;351
8070.0;126;227;314;216;296;351
8076.0;129;226;314;215;297;349
8082.0;128;225;314;213;298;352
8088.0;126;225;315;215;298;351
8094.0;125;225;318;214;297;351
8100.0;124;224;319;214;298;351
8106.0;123;223;321;214;300;349
8112.0;122;224;320;215;301;348
8118.0;123;223;318;215;302;349
8124.0;122;224;317;215;302;350
8130.0;122;224;318;214;301;351
8136.0;121;225;318;213;301;352
8142.0;121;224;318;214;301;352
8148.0;120;223;317;215;301;354
8154.0;122;222;316;215;300;355
8160.0;123;221;315;217;299;355
8166.0;122;222;317;216;298;355
8172.0;122;219;315;218;302;354
8178.0;122;218;315;219;302;354
8184.0;122;217;316;219;302;354
8190.0;126;217;317;218;300;352
8196.0;126;217;318;217;299;353
8202.0;127;216;319;216;299;353
8208.0;126;217;319;214;301;353
8214.0;126;218;319;212;301;354
8220.0;126;217;318;214;300;355
8226.0;126;219;318;215;298;354
8232.0;125;221;318;216;297;353
8238.0;125;220;319;217;297;352
8244.0;124;221;319;218;298;350
8250.0;124;221;319;218;299;349
8256.0;123;221;320;219;299;348
8262.0;123;222;321;216;300;348
8268.0;122;222;320;216;302;348
8274.0;122;222;319;217;302;348
8280.0;121;223;318;216;302;350
8286.0;121;222;318;216;303;350
8292.0;119;222;319;215;303;352
8298.0;120;223;318;214;302;353
8304.0;120;224;317;215;300;354
8310.0;120;225;318;214;298;355
8316.0;121;223;319;216;297;354
8322.0;122;224;319;215;297;353
8328.0;124;222;320;215;298;351
8334.0;125;221;320;214;300;350
8340.0;125;221;320;212;301;351
8346.0;125;221;319;212;302;351
8352.0;126;222;318;212;301;351
8358.0;126;222;319;212;301;350
8364.0;128;221;319;212;300;350
8370.0;130;220;318;212;299;351
8376.0;129;222;318;212;298;351
8382.0;131;221;316;212;299;351
8388.0;130;221;314;214;302;349
8394.0;131;221;313;214;302;349
8400.0;131;223;312;213;302;349
8406.0;131;222;312;213;302;350
8412.0;132;221;311;213;301;352
8418.0;133;221;311;213;302;350
8424.0;133;221;311;213;302;350
8430.0;133;219;310;213;304;351
8436.0;132;220;310;213;304;351
8442.0;133;220;310;211;304;352
8448.0;132;220;311;210;304;353
8454.0;132;220;309;213;303;353
8460.0;133;218;311;212;303;353
8466.0;132;219;310;213;303;353
8472.0;131;219;309;215;303;353
8478.0;133;219;309;213;304;352
8484.0;133;220;308;213;306;350
8490.0;133;221;307;212;306;351
8496.0;134;220;306;211;306;353
8502.0;136;220;306;212;304;352
8508.0;136;221;304;214;302;353
8514.0;136;220;304;216;302;352
8520.0;135;220;303;216;304;352
8526.0;136;221;302;216;304;351
8532.0;136;221;302;215;304;352
8538.0;138;221;304;214;302;351
8544.0;137;219;305;215;303;351
8550.0;136;219;306;216;303;350
8556.0;133;218;307;219;302;351
8562.0;132;218;308;219;302;351
8568.0;132;217;307;220;302;352
8574.0;133;215;309;221;302;350
8580.0;134;216;308;221;302;349
8586.0;135;216;307;222;302;348
8592.0;134;216;307;223;302;348
8598.0;134;214;306;223;306;347
8604.0;132;218;303;222;307;348
8610.0;130;220;303;222;307;348
8616.0;130;219;303;222;306;350
8622.0;130;219;305;222;305;349
8628.0;131;219;304;222;306;348
8634.0;132;218;304;222;306;348
8640.0;132;218;304;222;305;349
8646.0;132;218;304;222;305;349
8652.0;131;217;304;222;308;348
8658.0;130;219;305;221;306;349
8664.0;129;219;305;222;305;350
8670.0;129;221;304;221;305;350
8676.0;128;222;304;222;304;350
8682.0;127;222;304;224;302;351
8688.0;126;222;305;225;302;350
8694.0;121;221;309;223;304;352
8700.0;122;223;307;223;302;353
8706.0;121;223;308;223;301;354
8712.0;122;225;308;222;301;352
8718.0;121;225;309;224;300;351
8724.0;120;228;309;224;300;349
8730.0;120;228;310;225;300;347
8736.0;118;229;310;227;299;347
8742.0;120;229;309;227;299;346
8748.0;120;230;309;227;299;345
8754.0;120;230;310;228;298;344
8760.0;121;230;309;229;298;343
8766.0;121;227;307;230;301;344
8772.0;120;227;308;229;301;345
8778.0;119;228;307;232;299;345
8784.0;120;228;307;231;298;346
8790.0;122;228;306;228;299;347
8796.0;123;228;306;228;298;347
8802.0;124;228;307;227;297;347
8808.0;125;226;308;227;296;348
8814.0;125;226;308;228;295;348
8820.0;126;226;307;228;296;347
8826.0;127;226;308;227;295;347
8832.0;126;226;308;227;295;348
8838.0;127;226;308;227;294;348
8844.0;127;226;306;229;294;348
8850.0;128;225;306;230;293;348
8856.0;128;224;306;231;292;349
8862.0;127;225;305;230;293;350
8868.0;128;225;304;230;293;350
8874.0;127;226;303;232;292;350
8880.0;128;226;304;231;292;349
8886.0;126;228;303;231;292;350
8892.0;127;229;302;230;291;351
8898.0;128;229;302;231;291;349
8904.0;129;231;300;232;291;347
8910.0;130;231;300;232;291;346
8916.0;129;229;301;231;294;346
8922.0;130;230;300;231;293;346
8928.0;131;230;300;230;293;346
8934.0;132;230;301;229;294;344
8940.0;131;231;301;229;295;343
8946.0;131;231;302;230;294;342
8952.0;130;233;302;229;294;342
8958.0;131;233;302;226;295;343
8964.0;133;233;302;225;295;342
8970.0;134;232;304;223;295;342
8976.0;134;231;304;222;295;344
8982.0;133;232;303;221;296;345
8988.0;132;232;305;222;295;344
8994.0;132;231;306;222;295;344
9000.0;130;234;306;222;294;344
9006.0;131;235;305;220;294;345
9012.0;131;235;306;219;294;345
9018.0;132;235;307;218;294;344
9024.0;133;235;306;219;295;342
9030.0;133;235;305;218;296;343
9036.0;133;233;306;221;295;342
9042.0;134;232;307;221;294;342
9048.0;136;230;308;219;293;344
9054.0;136;231;308;217;293;345
9060.0;135;232;307;218;293;345
9066.0;135;234;307;218;291;345
9072.0;135;234;308;217;291;345
9078.0;133;235;308;218;290;346
9084.0;133;233;308;219;290;347
9090.0;134;232;307;219;292;346
9096.0;133;232;307;219;292;347
9102.0;133;233;305;220;292;347
9108.0;133;233;305;220;291;348
9114.0;134;236;305;219;291;345
9120.0;134;235;305;221;291;344
9126.0;134;234;307;221;291;343
9132.0;136;236;305;221;289;343
9138.0;137;235;305;221;290;342
9144.0;138;236;305;219;289;343
9150.0;140;236;305;219;288;342
9156.0;139;240;305;217;285;344
9162.0;140;240;303;219;284;344
9168.0;137;243;303;223;282;342
9174.0;137;241;304;225;280;343
9180.0;137;242;305;224;278;344
9186.0;137;243;306;224;275;345
9192.0;138;242;305;223;275;347
9198.0;139;242;304;223;276;346
9204.0;139;240;304;223;277;347
9210.0;138;240;303;224;277;348
9216.0;138;240;303;224;277;348
9222.0;138;237;304;224;278;349
9228.0;137;236;304;226;278;349
9234.0;137;236;304;226;277;350
9240.0;138;231;309;226;275;351
9246.0;138;231;310;226;275;350
9252.0;138;231;311;225;275;350
9258.0;139;231;311;224;275;350
9264.0;138;232;311;223;275;351
9270.0;137;232;313;224;275;349
9276.0;139;230;312;224;275;350
9282.0;139;230;312;223;275;351
9288.0;139;229;312;224;275;351
9294.0;139;230;311;224;277;349
9300.0;139;231;311;224;277;348
9306.0;139;231;311;225;277;347
9312.0;139;232;311;226;275;347
9318.0;140;230;312;226;275;347
9324.0;141;229;312;225;275;348
9330.0;141;229;312;224;275;349
9336.0;140;230;312;224;275;349
9342.0;140;231;312;224;275;348
9348.0;140;231;312;223;276;348
9354.0;139;234;312;223;276;346
9360.0;140;235;312;222;276;345
9366.0;140;235;313;221;276;345
9372.0;141;234;313;221;277;344
9378.0;140;234;316;221;277;342
9384.0;140;233;318;221;276;342
9390.0;141;235;317;222;275;340
9396.0;141;236;316;222;275;340
9402.0;141;235;316;223;274;341
9408.0;141;234;316;224;274;341
9414.0;141;235;316;224;274;340
9420.0;141;235;316;224;274;340
9426.0;140;236;315;224;274;341
9432.0;139;236;315;226;274;340
9438.0;139;236;314;226;274;341
9444.0;137;237;314;226;274;342
9450.0;137;236;314;228;272;343
9456.0;136;235;314;230;272;343
9462.0;134;235;315;228;272;346
9468.0;135;234;318;227;273;343
9474.0;137;234;316;229;271;343
9480.0;138;234;316;228;272;342
9486.0;138;236;315;228;272;341
9492.0;138;237;314;229;271;341
9498.0;138;239;314;230;270;339
9504.0;140;239;313;229;270;339
9510.0;142;238;312;229;272;337
9516.0;144;238;310;229;271;338
9522.0;145;238;310;229;272;336
9528.0;145;235;309;231;272;338
9534.0;146;234;308;231;272;339
9540.0;146;233;309;231;272;339
9546.0;146;233;309;231;273;338
9552.0;145;234;308;231;274;338
9558.0;146;232;308;230;277;337
9564.0;145;232;307;232;277;337
9570.0;146;232;308;231;277;336
9576.0;146;231;306;233;278;336
9582.0;144;231;307;233;278;337
9588.0;144;230;308;233;278;337
9594.0;143;230;308;234;278;337
9600.0;141;230;308;234;278;339
9606.0;142;230;312;232;276;338
9612.0;142;229;313;232;276;338
9618.0;142;225;315;231;277;340
9624.0;143;225;313;231;277;341
9630.0;144;225;312;231;278;340
9636.0;144;225;313;229;279;340
9642.0;144;225;313;229;280;339
9648.0;145;227;313;228;279;338
9654.0;145;227;313;228;279;338
9660.0;144;226;312;228;280;340
9666.0;144;225;310;229;282;340
9672.0;146;225;310;229;280;340
9678.0;146;225;310;229;281;339
9684.0;145;226;310;229;281;339
9690.0;146;227;310;229;282;336
9696.0;146;228;310;229;281;336
9702.0;147;229;310;227;280;337
9708.0;144;228;310;228;282;338
9714.0;144;228;309;228;282;339
9720.0;146;227;308;229;282;338
9726.0;145;227;308;229;283;338
9732.0;145;226;309;229;284;337
9738.0;143;225;310;230;286;336
9744.0;143;225;310;232;285;335
9750.0;145;224;309;231;286;335
9756.0;145;222;310;232;286;335
9762.0;143;222;309;233;287;336
9768.0;143;223;308;233;287;336
9774.0;143;224;309;233;287;334
9780.0;142;225;307;233;288;335
9786.0;142;225;309;231;288;335
9792.0;142;225;309;231;287;336
9798.0;141;224;309;232;288;336
9804.0;139;224;309;233;289;336
9810.0;139;225;309;235;286;336
9816.0;139;225;309;234;287;336
9822.0;140;226;308;233;288;335
9828.0;141;224;307;230;293;335
9834.0;141;225;308;229;293;334
9840.0;142;226;308;228;292;334
9846.0;142;226;308;227;292;335
9852.0;142;226;308;227;292;335
9858.0;142;226;309;226;292;335
9864.0;143;223;310;229;293;332
9870.0;143;223;309;229;293;333
9876.0;140;222;311;229;295;333
9882.0;139;222;311;230;295;333
9888.0;137;223;311;230;296;333
9894.0;138;223;312;229;298;330
9900.0;139;224;313;228;295;331
9906.0;142;223;313;226;296;330
9912.0;141;223;312;226;297;331
9918.0;144;222;312;226;296;330
9924.0;143;221;311;226;298;331
9930.0;142;220;311;228;298;331
9936.0;142;219;312;227;298;332
9942.0;138;218;313;230;299;332
9948.0;138;218;313;231;297;333
9954.0;141;216;313;231;296;333
9960.0;141;218;314;231;296;330
9966.0;140;217;313;233;296;331
9972.0;141;217;310;231;297;334
9978.0;141;218;312;231;297;331
9984.0;140;219;313;231;296;331
9990.0;139;221;314;230;296;330
9996.0;139;219;315;230;296;331
10002.0;136;220;318;230;293;333
10008.0;135;221;317;229;294;334
10014.0;135;222;317;227;294;335
10020.0;135;222;316;228;294;335
10026.0;135;222;316;228;293;336
10032.0;135;223;316;228;292;336
10038.0;134;225;316;228;293;334
10044.0;133;225;318;227;293;334
10050.0;132;225;319;226;292;336
10056.0;132;225;318;226;292;337
10062.0;133;225;318;225;293;336
10068.0;134;223;318;225;294;336
10074.0;135;221;320;226;293;335
10080.0;132;221;321;226;293;337
10086.0;131;223;322;226;293;335
10092.0;132;223;321;225;293;336
10098.0;132;223;322;224;293;336
10104.0;133;223;322;224;293;335
10110.0;132;223;322;225;295;333
10116.0;131;224;323;224;295;333
10122.0;131;224;324;223;297;331
10128.0;133;223;326;221;295;332
10134.0;134;224;326;222;295;329
10140.0;134;226;325;221;295;329
10146.0;133;226;325;220;296;330
10152.0;134;226;323;220;297;330
10158.0;134;226;323;220;297;330
10164.0;135;226;321;221;297;330
10170.0;136;228;321;218;297;330
10176.0;137;227;322;218;297;329
10182.0;136;227;322;219;296;330
10188.0;136;228;321;217;296;332
10194.0;137;228;320;217;297;331
10200.0;137;229;321;216;297;330
10206.0;138;229;321;216;297;329
10212.0;138;229;321;215;297;330
10218.0;139;228;321;215;297;330
10224.0;136;229;321;214;299;331
10230.0;135;229;322;215;299;330
10236.0;137;228;322;215;299;329
10242.0;137;228;321;216;299;329
10248.0;136;226;323;216;299;330
10254.0;135;226;325;216;298;330
10260.0;130;227;326;216;299;332
10266.0;130;227;327;216;299;331
10272.0;130;228;326;215;298;333
10278.0;131;228;326;214;298;333
10284.0;131;228;328;211;299;333
10290.0;133;228;325;211;299;334
10296.0;134;229;324;210;299;334
10302.0;134;230;324;210;299;333
10308.0;133;230;324;209;298;336
10314.0;132;231;323;210;300;334
10320.0;131;232;323;210;299;335
10326.0;131;231;323;211;298;336
10332.0;131;232;323;211;297;336
10338.0;132;231;324;210;297;336
10344.0;131;229;322;211;299;338
10350.0;130;230;323;208;300;339
10356.0;130;229;325;209;299;338
10362.0;131;229;325;209;299;337
10368.0;132;230;324;209;299;336
10374.0;133;230;326;208;299;334
10380.0;135;228;325;208;300;334
10386.0;136;227;325;208;300;334
10392.0;138;227;323;207;301;334
10398.0;137;227;323;208;299;336
10404.0;137;227;323;207;299;337
10410.0;138;227;323;208;299;335
10416.0;138;226;323;208;300;335
10422.0;137;225;325;208;300;335
10428.0;138;225;327;207;301;332
10434.0;138;226;325;207;302;332
10440.0;136;227;325;208;302;332
10446.0;136;227;323;208;305;331
10452.0;136;226;324;205;306;333
10458.0;137;225;325;206;304;333
10464.0;137;226;326;206;303;332
10470.0;137;226;327;207;302;331
10476.0;138;225;327;207;303;330
10482.0;137;226;327;205;307;328
10488.0;137;226;329;203;308;327
10494.0;136;225;330;205;306;328
10500.0;136;225;330;205;306;328
10506.0;137;226;330;205;306;326
10512.0;138;227;327;206;307;325
10518.0;139;228;327;206;307;323
10524.0;137;227;329;207;307;323
10530.0;138;226;330;207;307;322
10536.0;137;224;331;209;308;321
10542.0;137;222;334;208;309;320
10548.0;139;221;334;209;307;320
10554.0;137;221;334;208;308;322
10560.0;136;221;335;207;308;323
10566.0;133;221;335;209;309;323
10572.0;132;221;336;208;309;324
10578.0;131;221;334;208;312;324
10584.0;132;221;333;209;311;324
10590.0;132;219;333;210;312;324
10596.0;131;219;334;210;312;324
10602.0;131;219;334;210;312;324
10608.0;130;218;335;210;312;325
10614.0;130;219;335;210;312;324
10620.0;130;218;335;209;313;325
10626.0;130;217;336;209;313;325
10632.0;129;216;334;211;314;326
10638.0;130;216;334;210;313;327
10644.0;131;214;334;208;316;327
10650.0;132;214;334;208;316;326
10656.0;133;214;334;207;316;326
10662.0;135;217;331;206;316;325
10668.0;137;215;330;207;317;324
10674.0;138;215;329;207;317;324
10680.0;138;216;329;207;318;322
10686.0;138;215;330;208;317;322
10692.0;137;214;329;209;317;324
10698.0;136;213;329;211;317;324
10704.0;135;212;330;212;316;325
10710.0;136;212;329;213;317;323
10716.0;134;213;330;213;317;323
10722.0;135;213;330;214;315;323
10728.0;136;214;331;214;313;322
10734.0;137;213;331;215;310;324
10740.0;136;214;334;211;310;325
10746.0;136;216;333;211;309;325
10752.0;135;214;333;211;310;327
10758.0;137;214;333;212;307;327
10764.0;137;215;332;211;308;327
10770.0;136;217;331;214;306;326
10776.0;137;216;330;214;306;327
10782.0;140;217;328;213;303;329
10788.0;140;215;328;214;305;328
10794.0;143;214;328;213;304;328
