#auto generated file!
12.0;203;175;223;205;192;226
18.0;203;176;224;205;191;225
24.0;203;176;223;206;192;224
30.0;203;176;223;206;192;224
36.0;203;176;224;205;191;225
42.0;204;176;224;204;191;225
48.0;204;176;224;204;191;225
54.0;203;177;225;205;190;224
60.0;202;179;223;206;190;224
66.0;202;178;223;206;191;224
72.0;201;178;222;208;191;224
78.0;201;177;222;209;192;223
84.0;202;176;222;209;189;226
90.0;202;176;224;210;187;225
96.0;201;177;224;209;187;226
102.0;201;177;224;209;187;226
108.0;200;178;223;208;188;227
114.0;199;179;222;208;189;227
120.0;199;179;223;208;189;226
126.0;199;177;223;207;189;229
132.0;198;176;223;208;189;230
138.0;198;176;224;208;189;229
144.0;198;174;225;209;190;228
150.0;198;173;225;209;192;227
156.0;198;175;226;206;191;228
162.0;196;177;224;206;191;230
168.0;198;175;224;206;191;230
174.0;196;175;223;208;191;231
180.0;194;176;223;205;193;233
186.0;193;176;224;205;193;233
192.0;193;175;225;205;194;232
198.0;192;174;229;204;194;231
204.0;192;173;229;204;195;231
210.0;193;173;229;203;195;231
216.0;192;173;230;202;195;232
222.0;190;172;231;203;196;232
228.0;191;171;230;202;196;234
234.0;191;172;230;201;197;233
240.0;188;172;230;201;199;234
246.0;186;173;230;200;199;236
252.0;185;172;231;201;200;235
258.0;185;172;231;200;200;236
264.0;184;174;230;199;201;236
270.0;185;174;230;199;201;235
276.0;184;174;230;200;201;235
282.0;184;175;230;199;201;235
288.0;184;176;229;199;202;234
294.0;183;176;229;199;202;235
300.0;183;176;229;200;202;234
306.0;181;176;230;200;203;234
312.0;180;177;231;198;206;232
318.0;179;177;231;198;206;233
324.0;177;178;231;198;206;234
330.0;177;179;231;197;206;234
336.0;177;178;232;197;206;234
342.0;177;177;232;197;207;234
348.0;176;178;232;194;210;234
354.0;176;178;232;195;209;234
360.0;176;177;232;195;210;234
366.0;176;176;232;195;209;236
372.0;174;175;233;198;209;235
378.0;172;176;234;198;210;234
384.0;173;177;233;197;211;233
390.0;172;177;232;197;212;234
396.0;172;178;231;197;213;233
402.0;168;180;232;197;214;233
408.0;167;180;234;195;215;233
414.0;166;178;233;196;217;234
420.0;167;178;233;197;216;233
426.0;168;177;234;198;216;231
432.0;167;177;234;197;216;233
438.0;166;177;234;197;216;234
444.0;166;177;234;197;216;234
450.0;166;177;235;197;216;233
456.0;166;179;237;196;214;232
462.0;166;178;237;198;215;230
468.0;165;181;234;198;215;231
474.0;164;180;234;200;215;231
480.0;164;180;235;200;215;230
486.0;163;180;235;199;216;231
492.0;164;180;234;197;217;232
498.0;163;180;235;197;217;232
504.0;164;180;236;196;217;231
510.0;164;178;237;195;219;231
516.0;164;178;237;195;219;231
522.0;161;178;238;196;219;232
528.0;162;177;236;197;219;233
534.0;160;177;236;199;219;233
540.0;161;176;237;199;218;233
546.0;161;176;237;199;218;233
552.0;161;177;237;199;218;232
558.0;158;177;237;200;219;233
564.0;159;177;237;199;219;233
570.0;160;176;236;200;219;233
576.0;161;176;236;199;219;233
582.0;161;177;235;199;218;234
588.0;159;179;235;197;219;235
594.0;158;180;236;197;218;235
600.0;158;180;237;195;219;235
606.0;157;180;237;194;219;237
612.0;155;181;237;194;219;238
618.0;154;183;236;194;219;238
624.0;153;183;237;195;219;237
630.0;153;184;236;195;219;237
636.0;152;184;234;196;220;238
642.0;152;184;234;197;219;238
648.0;153;184;233;196;219;239
654.0;154;183;233;196;220;238
660.0;153;184;233;197;219;238
666.0;152;183;234;197;220;238
672.0;152;186;234;197;218;237
678.0;153;186;232;197;219;237
684.0;153;186;232;197;219;237
690.0;151;186;233;196;221;237
696.0;150;186;233;198;220;237
702.0;149;185;232;200;221;237
708.0;150;186;230;201;221;236
714.0;149;186;231;202;221;235
720.0;149;186;231;202;221;235
726.0;150;188;231;202;217;236
732.0;151;188;232;199;216;238
738.0;150;189;232;199;215;239
744.0;150;189;232;199;216;238
750.0;150;190;232;198;216;238
756.0;151;189;233;197;217;237
762.0;149;188;233;198;217;239
768.0;150;187;233;198;216;240
774.0;150;187;234;199;214;240
780.0;149;189;233;199;214;240
786.0;148;189;234;200;213;240
792.0;148;189;234;200;213;240
798.0;148;189;234;199;214;240
804.0;148;188;234;199;215;240
810.0;147;188;234;198;217;240
816.0;147;189;234;199;217;238
822.0;148;189;234;199;217;237
828.0;148;190;234;199;216;237
834.0;147;189;233;200;215;240
840.0;147;189;234;200;214;240
846.0;147;189;235;199;214;240
852.0;147;190;234;199;214;240
858.0;147;190;234;199;214;240
864.0;148;189;234;199;215;239
870.0;149;189;232;199;215;240
876.0;149;188;232;200;216;239
882.0;149;189;231;200;216;239
888.0;146;189;232;200;217;240
894.0;144;189;231;200;217;243
900.0;146;187;232;200;217;242
906.0;144;186;233;200;218;243
912.0;144;185;233;199;219;244
918.0;144;183;234;200;218;245
924.0;144;183;235;199;218;245
930.0;145;183;234;199;218;245
936.0;145;182;234;199;219;245
942.0;146;182;235;199;218;244
948.0;146;181;234;199;219;245
954.0;144;182;233;199;219;247
960.0;141;182;233;199;221;248
966.0;140;182;234;198;222;248
972.0;140;182;233;199;222;248
978.0;140;181;232;201;223;247
984.0;141;183;231;201;223;245
990.0;141;183;231;201;224;244
996.0;140;183;231;201;225;244
1002.0;139;185;230;201;225;244
1008.0;139;184;230;201;225;245
1014.0;138;185;230;200;223;248
1020.0;139;186;230;199;223;247
1026.0;138;186;231;200;223;246
1032.0;137;186;231;201;223;246
1038.0;138;186;231;200;223;246
1044.0;139;187;230;198;223;247
1050.0;137;187;231;198;225;246
1056.0;136;188;231;199;224;246
1062.0;136;188;230;200;224;246
1068.0;135;189;232;200;225;243
1074.0;135;189;231;199;226;244
1080.0;135;188;231;200;226;244
1086.0;136;186;231;201;226;244
1092.0;136;186;230;201;227;244
1098.0;135;187;230;200;227;245
1104.0;135;187;231;200;226;245
1110.0;134;186;231;201;228;244
1116.0;134;187;230;201;228;244
1122.0;135;188;231;201;225;244
1128.0;134;188;231;201;225;245
1134.0;134;187;229;202;227;245
1140.0;133;188;228;203;228;244
1146.0;133;188;228;203;229;243
1152.0;133;189;228;203;228;243
1158.0;134;191;228;200;228;243
1164.0;135;190;228;198;230;243
1170.0;135;190;227;198;231;243
1176.0;134;189;229;197;232;243
1182.0;133;188;230;198;233;242
1188.0;132;190;231;196;233;242
1194.0;134;190;231;197;232;240
1200.0;135;191;232;196;230;240
1206.0;137;191;231;196;230;239
1212.0;137;191;232;196;230;238
1218.0;137;191;232;196;230;238
1224.0;137;190;232;196;231;238
1230.0;136;191;232;196;232;237
1236.0;137;191;232;195;232;237
1242.0;136;192;232;196;232;236
1248.0;135;191;232;196;233;237
1254.0;136;190;233;196;230;239
1260.0;136;190;234;196;230;238
1266.0;135;188;237;195;230;239
1272.0;135;188;239;195;230;237
1278.0;135;187;238;196;231;237
1284.0;136;188;239;193;231;237
1290.0;136;186;241;194;230;237
1296.0;137;186;241;194;230;236
1302.0;136;186;242;194;230;236
1308.0;137;186;242;194;230;235
1314.0;136;185;243;196;230;234
1320.0;137;185;243;196;230;233
1326.0;138;184;243;195;231;233
1332.0;138;184;242;198;230;232
1338.0;138;184;242;197;229;234
1344.0;136;187;241;198;229;233
1350.0;136;187;242;197;229;233
1356.0;137;187;242;197;229;232
1362.0;137;186;243;196;228;234
1368.0;136;185;244;195;228;236
1374.0;135;184;245;195;228;237
1380.0;134;183;248;195;228;236
1386.0;135;185;248;195;227;234
1392.0;135;185;247;196;227;234
1398.0;135;185;247;195;227;235
1404.0;135;184;247;194;228;236
1410.0;132;182;248;195;228;239
1416.0;132;182;249;194;228;239
1422.0;134;181;246;194;230;239
1428.0;134;181;246;194;230;239
1434.0;134;181;245;194;229;241
1440.0;135;181;244;194;229;241
1446.0;134;180;244;195;230;241
1452.0;133;181;244;192;232;242
1458.0;133;181;244;192;232;242
1464.0;133;181;243;193;233;241
1470.0;133;181;241;193;234;242
1476.0;133;183;240;193;233;242
1482.0;133;183;240;191;235;242
1488.0;131;183;239;192;236;243
1494.0;133;185;237;192;235;242
1500.0;134;185;236;192;235;242
1506.0;134;186;236;193;235;240
1512.0;135;185;236;193;235;240
1518.0;135;185;235;194;236;239
1524.0;136;185;235;194;235;239
1530.0;135;184;235;194;236;240
1536.0;135;184;235;194;236;240
1542.0;135;184;235;195;235;240
1548.0;136;183;235;195;235;240
1554.0;135;183;235;195;234;242
1560.0;134;183;236;195;234;242
1566.0;134;183;236;196;233;242
1572.0;134;184;236;196;233;241
1578.0;135;183;235;197;233;241
1584.0;135;182;233;198;233;243
1590.0;136;182;233;197;233;243
1596.0;134;184;233;198;233;242
1602.0;133;186;233;198;233;241
1608.0;133;188;233;197;232;241
1614.0;132;189;233;197;232;241
1620.0;132;190;232;197;232;241
1626.0;133;191;232;196;231;241
1632.0;134;191;232;196;231;240
1638.0;134;190;231;196;232;241
1644.0;135;189;231;196;232;241
1650.0;135;188;231;196;233;241
1656.0;135;189;231;195;233;241
1662.0;135;192;230;197;232;238
1668.0;135;192;229;196;232;240
1674.0;134;191;229;196;232;242
1680.0;132;191;229;198;232;242
1686.0;133;191;229;199;231;241
1692.0;133;192;229;197;231;242
1698.0;132;192;230;198;231;241
1704.0;132;192;230;199;232;239
1710.0;133;192;231;199;232;237
1716.0;133;191;231;200;232;237
1722.0;132;191;231;201;232;237
1728.0;130;191;233;203;229;238
1734.0;129;189;232;204;231;239
1740.0;128;188;231;205;231;241
1746.0;126;189;233;205;230;241
1752.0;126;191;233;206;227;241
1758.0;126;192;233;206;227;240
1764.0;126;192;232;206;228;240
1770.0;126;192;232;206;228;240
1776.0;125;192;233;206;227;241
1782.0;126;192;233;204;228;241
1788.0;128;192;231;205;228;240
1794.0;127;192;232;205;228;240
1800.0;127;192;232;205;228;240
1806.0;127;193;231;205;227;241
1812.0;128;193;231;203;227;242
1818.0;129;193;230;203;226;243
1824.0;130;193;230;202;225;244
1830.0;129;194;230;202;226;243
1836.0;128;196;229;201;227;243
1842.0;127;196;229;202;227;243
1848.0;128;196;227;203;227;243
1854.0;127;196;227;203;227;244
1860.0;127;197;227;202;226;245
1866.0;128;197;229;201;224;245
1872.0;128;197;229;201;223;246
1878.0;128;197;229;201;223;246
1884.0;127;195;230;201;225;246
1890.0;128;194;230;198;228;246
1896.0;128;194;231;198;227;246
1902.0;127;196;230;198;227;246
1908.0;126;197;231;198;227;245
1914.0;126;197;231;199;226;245
1920.0;125;198;231;199;227;244
1926.0;125;198;232;197;228;244
1932.0;124;198;232;197;229;244
1938.0;124;198;232;198;228;244
1944.0;124;199;230;198;229;244
1950.0;124;198;230;198;230;244
1956.0;124;198;229;194;232;247
1962.0;123;199;229;195;232;246
1968.0;123;200;228;194;233;246
1974.0;124;200;228;195;231;246
1980.0;123;200;228;193;233;247
1986.0;124;200;227;193;233;247
1992.0;125;201;227;190;233;248
1998.0;126;201;227;191;232;247
2004.0;126;201;226;190;234;247
2010.0;126;202;225;190;234;247
2016.0;125;202;225;190;234;248
2022.0;125;199;226;191;234;249
2028.0;125;198;227;192;234;248
2034.0;125;198;227;192;232;250
2040.0;124;199;226;193;232;250
2046.0;123;197;227;193;234;250
2052.0;122;198;228;192;234;250
2058.0;121;199;229;193;232;250
2064.0;121;198;229;193;232;251
2070.0;121;199;228;193;232;251
2076.0;121;200;228;194;232;249
2082.0;122;199;230;193;231;249
2088.0;121;200;230;193;231;249
2094.0;122;200;231;194;230;247
2100.0;121;199;231;194;232;247
2106.0;121;200;231;194;231;247
2112.0;122;199;232;193;231;247
2118.0;122;198;232;193;231;248
2124.0;123;198;232;193;229;249
2130.0;123;198;232;193;229;249
2136.0;121;200;232;194;229;248
2142.0;121;200;231;195;230;247
2148.0;123;200;231;195;229;246
2154.0;123;200;232;194;229;246
2160.0;125;198;232;195;228;246
2166.0;125;196;231;196;230;246
2172.0;125;196;231;195;230;247
2178.0;125;197;232;194;232;244
2184.0;126;197;231;194;231;245
2190.0;126;197;232;194;230;245
2196.0;126;197;232;194;230;245
2202.0;127;198;232;193;229;245
2208.0;127;199;233;191;229;245
2214.0;127;197;235;192;228;245
2220.0;128;198;235;192;227;244
2226.0;128;199;236;190;227;244
2232.0;127;199;238;190;227;243
2238.0;130;197;238;190;227;242
2244.0;131;198;239;189;226;241
2250.0;131;198;238;189;227;241
2256.0;131;198;238;189;227;241
2262.0;130;199;238;188;227;242
2268.0;131;200;238;188;230;237
2274.0;128;202;238;190;229;237
2280.0;130;200;239;189;227;239
2286.0;131;200;239;189;226;239
2292.0;130;200;238;190;227;239
2298.0;130;199;240;190;225;240
2304.0;129;199;241;190;225;240
2310.0;129;199;241;191;225;239
2316.0;129;198;240;193;225;239
2322.0;127;199;239;194;226;239
2328.0;127;199;239;195;225;239
2334.0;126;199;240;193;226;240
2340.0;128;199;241;191;224;241
2346.0;128;198;241;191;224;242
2352.0;128;197;241;192;224;242
2358.0;128;197;240;192;224;243
2364.0;127;197;240;193;224;243
2370.0;126;197;242;192;224;243
2376.0;125;198;243;192;223;243
2382.0;126;199;244;191;222;242
2388.0;125;201;243;192;221;242
2394.0;126;201;244;190;219;244
2400.0;126;199;244;188;221;246
2406.0;125;200;245;187;221;246
2412.0;126;198;244;189;221;246
2418.0;124;198;244;189;222;247
2424.0;125;197;244;189;222;247
2430.0;125;197;243;190;222;247
2436.0;125;197;243;190;222;247
2442.0;125;197;244;190;221;247
2448.0;123;199;243;189;222;248
2454.0;125;198;243;189;221;248
2460.0;124;199;243;188;222;248
2466.0;122;201;243;188;222;248
2472.0;122;200;243;188;224;247
2478.0;123;200;242;187;224;248
2484.0;124;202;241;185;224;248
2490.0;124;202;241;184;224;249
2496.0;125;200;242;182;225;250
2502.0;123;201;244;183;224;249
2508.0;124;202;242;183;224;249
2514.0;123;202;240;186;225;248
2520.0;123;202;239;185;226;249
2526.0;123;202;239;186;225;249
2532.0;123;202;236;187;227;249
2538.0;124;203;235;185;227;250
2544.0;125;203;235;184;227;250
2550.0;124;204;236;183;227;250
2556.0;125;204;236;185;226;248
2562.0;125;204;236;185;226;248
2568.0;125;205;234;185;226;249
2574.0;125;205;234;182;229;249
2580.0;126;206;235;182;227;248
2586.0;126;207;235;182;227;247
2592.0;126;207;236;183;224;248
2598.0;125;208;236;182;225;248
2604.0;124;207;237;182;225;249
2610.0;124;207;237;182;225;249
2616.0;124;207;237;180;225;251
2622.0;124;208;238;181;224;249
2628.0;124;208;238;181;224;249
2634.0;124;207;240;180;224;249
2640.0;123;209;240;180;223;249
2646.0;123;209;240;180;223;249
2652.0;124;208;240;181;223;248
2658.0;127;207;241;180;223;246
2664.0;126;207;239;181;224;247
2670.0;126;208;238;182;224;246
2676.0;127;207;238;182;224;246
2682.0;126;206;239;182;224;247
2688.0;125;206;239;183;224;247
2694.0;127;205;238;185;224;245
2700.0;128;205;238;185;224;244
2706.0;127;205;237;185;225;245
2712.0;126;205;236;185;227;245
2718.0;126;205;236;185;225;247
2724.0;127;206;234;186;224;247
2730.0;127;205;235;186;225;246
2736.0;127;204;235;187;226;245
2742.0;127;205;235;187;225;245
2748.0;126;205;235;187;225;246
2754.0;126;205;234;187;225;247
2760.0;126;205;234;187;225;247
2766.0;124;207;236;186;223;248
2772.0;124;207;236;186;223;248
2778.0;125;207;237;183;223;249
2784.0;126;206;236;183;223;250
2790.0;126;206;236;183;223;250
2796.0;127;206;235;183;222;251
2802.0;127;206;235;183;222;251
2808.0;128;205;234;185;221;251
2814.0;128;205;234;186;220;251
2820.0;128;205;234;186;220;251
2826.0;128;205;234;186;220;251
2832.0;127;203;233;186;224;251
2838.0;126;203;233;187;224;251
2844.0;126;203;233;186;224;252
2850.0;125;204;231;186;225;253
2856.0;125;204;231;186;225;253
2862.0;126;204;231;185;224;254
2868.0;125;205;231;185;225;253
2874.0;124;205;232;185;224;254
2880.0;125;206;230;185;224;254
2886.0;124;206;230;187;224;253
2892.0;123;205;230;186;226;254
2898.0;122;206;230;187;225;254
2904.0;120;205;231;187;226;255
2910.0;119;206;231;187;226;255
2916.0;121;205;230;187;226;255
2922.0;120;205;230;188;225;256
2928.0;120;204;230;188;226;256
2934.0;118;203;231;189;227;256
2940.0;118;202;231;190;227;256
2946.0;119;198;232;190;227;258
2952.0;120;199;231;190;227;257
2958.0;121;197;232;190;228;256
2964.0;122;196;232;189;229;256
2970.0;120;195;232;189;230;258
2976.0;120;195;231;190;230;258
2982.0;119;196;232;190;229;258
2988.0;119;196;232;191;227;259
2994.0;119;196;232;191;227;259
3000.0;119;196;232;192;226;259
3006.0;119;196;232;192;225;260
3012.0;120;195;233;190;225;261
3018.0;120;195;233;190;224;262
3024.0;120;192;234;190;225;263
3030.0;119;192;236;188;227;262
3036.0;120;192;236;188;226;262
3042.0;119;192;238;187;226;262
3048.0;118;194;237;187;226;262
3054.0;118;194;237;187;225;263
3060.0;118;193;238;187;226;262
3066.0;116;193;238;187;227;263
3072.0;116;193;238;188;226;263
3078.0;115;193;238;189;226;263
3084.0;113;195;238;190;226;262
3090.0;112;196;237;189;228;262
3096.0;112;197;235;190;228;262
3102.0;112;195;237;190;228;262
3108.0;112;195;237;191;227;262
3114.0;112;196;236;192;227;261
3120.0;111;193;238;194;226;262
3126.0;110;192;239;194;226;263
3132.0;110;191;239;194;227;263
3138.0;110;190;241;194;227;262
3144.0;111;189;240;194;228;262
3150.0;112;189;240;194;226;263
3156.0;112;187;240;195;227;263
3162.0;112;187;241;194;226;264
3168.0;114;188;240;194;225;263
3174.0;113;191;237;195;226;262
3180.0;113;192;238;194;227;260
3186.0;113;191;238;195;227;260
3192.0;114;191;238;195;226;260
3198.0;113;191;238;195;226;261
3204.0;113;192;237;195;227;260
3210.0;113;192;237;195;228;259
3216.0;115;191;237;193;229;259
3222.0;115;191;237;193;229;259
3228.0;114;191;238;194;229;258
3234.0;115;190;238;194;229;258
3240.0;116;189;237;195;229;258
3246.0;116;190;238;193;229;258
3252.0;116;191;237;193;229;258
3258.0;116;191;237;193;229;258
3264.0;117;190;236;193;230;258
3270.0;117;188;237;194;229;259
3276.0;116;188;236;196;228;260
3282.0;113;188;236;198;229;260
3288.0;114;187;235;197;229;262
3294.0;114;187;235;197;229;262
3300.0;115;186;235;197;228;263
3306.0;114;188;234;196;228;264
3312.0;115;187;234;196;228;264
3318.0;116;188;234;196;226;264
3324.0;116;186;234;196;228;264
3330.0;115;186;235;195;228;265
3336.0;113;185;238;195;228;265
3342.0;114;184;238;196;228;264
3348.0;117;183;237;195;228;264
3354.0;118;184;237;194;228;263
3360.0;119;184;237;193;228;263
3366.0;119;185;237;192;228;263
3372.0;118;185;240;192;227;262
3378.0;120;184;239;192;227;262
3384.0;121;183;238;192;228;262
3390.0;121;183;238;192;228;262
3396.0;119;184;238;192;230;261
3402.0;120;185;237;190;230;262
3408.0;121;185;237;190;228;263
3414.0;122;185;236;191;228;262
3420.0;121;186;236;190;227;264
3426.0;123;186;235;190;226;264
3432.0;122;186;238;190;224;264
3438.0;122;186;239;189;225;263
3444.0;122;185;238;190;226;263
3450.0;122;185;237;191;227;262
3456.0;123;186;237;191;227;260
3462.0;122;186;239;187;228;262
3468.0;121;186;239;186;228;264
3474.0;121;186;238;187;228;264
3480.0;119;188;237;189;227;264
3486.0;117;188;239;188;228;264
3492.0;117;190;238;189;227;263
3498.0;118;190;237;189;228;262
3504.0;118;190;237;188;227;264
3510.0;118;192;235;186;228;265
3516.0;118;192;234;187;228;265
3522.0;118;192;234;189;226;265
3528.0;118;191;234;190;227;264
3534.0;119;190;234;190;227;264
3540.0;119;189;234;190;228;264
3546.0;118;188;234;191;229;264
3552.0;117;189;235;191;229;263
3558.0;116;189;236;190;230;263
3564.0;116;189;236;189;230;264
3570.0;118;187;236;187;230;266
3576.0;118;188;236;186;230;266
3582.0;120;187;236;186;231;264
3588.0;118;188;238;186;231;263
3594.0;118;188;236;186;232;264
3600.0;119;190;236;186;231;262
3606.0;119;191;234;186;232;262
3612.0;118;191;235;185;232;263
3618.0;117;191;235;185;233;263
3624.0;119;189;236;186;232;262
3630.0;117;190;236;186;232;263
3636.0;119;189;240;184;231;261
3642.0;119;190;239;184;232;260
3648.0;120;190;239;184;232;259
3654.0;117;191;239;184;234;259
3660.0;116;191;240;185;235;257
3666.0;116;192;240;184;235;257
3672.0;118;193;238;184;235;256
3678.0;119;191;239;184;235;256
3684.0;119;190;239;186;234;256
3690.0;120;188;240;186;235;255
3696.0;120;189;239;186;234;256
3702.0;120;190;240;183;234;257
3708.0;120;190;239;183;235;257
3714.0;121;191;239;182;235;256
3720.0;120;192;240;181;235;256
3726.0;120;192;239;182;235;256
3732.0;119;192;241;183;233;256
3738.0;119;192;242;183;231;257
3744.0;119;192;244;181;231;257
3750.0;119;192;245;180;230;258
3756.0;120;189;244;180;233;258
3762.0;119;190;244;179;235;257
3768.0;118;189;245;180;234;258
3774.0;119;190;244;179;234;258
3780.0;119;190;245;178;234;258
3786.0;118;190;244;179;234;259
3792.0;118;189;246;178;235;258
3798.0;118;191;245;177;235;258
3804.0;119;191;245;177;236;256
3810.0;117;190;247;178;236;256
3816.0;115;191;248;179;236;255
3822.0;118;189;247;177;236;257
3828.0;118;188;248;177;236;257
3834.0;118;188;248;177;235;258
3840.0;118;189;248;176;235;258
3846.0;116;189;250;175;235;259
3852.0;116;189;250;175;235;259
3858.0;116;189;250;174;235;260
3864.0;116;189;249;173;236;261
3870.0;116;190;248;172;237;261
3876.0;115;190;248;172;238;261
3882.0;116;189;247;171;239;262
3888.0;116;189;246;172;239;262
3894.0;118;187;245;172;240;262
3900.0;118;188;245;172;240;261
3906.0;119;187;244;172;241;261
3912.0;117;188;243;173;241;262
3918.0;118;189;242;174;239;262
3924.0;118;191;240;174;240;261
3930.0;119;192;239;174;239;261
3936.0;119;193;238;175;240;259
3942.0;119;193;239;175;240;258
3948.0;118;193;238;175;241;259
3954.0;118;194;238;174;242;258
3960.0;119;193;238;173;241;260
3966.0;119;192;238;173;242;260
3972.0;120;190;238;175;242;259
3978.0;120;189;237;176;243;259
3984.0;120;189;237;176;243;259
3990.0;120;189;236;176;244;259
3996.0;120;189;236;176;244;259
4002.0;119;189;238;176;244;258
4008.0;118;190;239;175;243;259
4014.0;119;190;240;174;244;257
4020.0;118;189;242;172;244;259
4026.0;119;189;242;171;244;259
4032.0;118;189;242;170;245;260
4038.0;119;189;241;171;245;259
4044.0;118;189;241;170;247;259
4050.0;119;188;240;171;247;259
4056.0;119;188;239;171;247;260
4062.0;118;188;239;172;248;259
4068.0;119;188;238;172;247;260
4074.0;119;188;238;172;247;260
4080.0;119;188;238;172;247;260
4086.0;119;188;239;171;244;263
4092.0;119;188;239;171;243;264
4098.0;121;186;238;173;242;264
4104.0;120;187;239;174;239;265
4110.0;119;186;239;174;239;267
4116.0;119;185;241;171;239;269
4122.0;119;184;241;172;238;270
4128.0;119;183;242;171;239;270
4134.0;119;184;242;171;238;270
4140.0;116;184;243;171;239;271
4146.0;117;184;244;173;237;269
4152.0;117;184;243;172;239;269
4158.0;117;184;243;172;239;269
4164.0;118;183;241;172;238;272
4170.0;119;182;243;170;241;269
4176.0;118;181;244;170;241;270
4182.0;118;181;244;171;240;270
4188.0;118;179;247;169;240;271
4194.0;118;181;246;170;239;270
4200.0;117;181;246;170;239;271
4206.0;118;180;245;169;239;273
4212.0;118;179;245;170;238;274
4218.0;117;180;245;170;237;275
4224.0;119;179;245;168;237;276
4230.0;118;179;245;169;237;276
4236.0;118;179;245;169;237;276
4242.0;118;177;245;170;237;277
4248.0;117;178;246;169;237;277
4254.0;118;177;246;170;237;276
4260.0;117;177;245;170;238;277
4266.0;116;177;246;170;239;276
4272.0;116;177;247;170;239;275
4278.0;115;176;248;169;241;275
4284.0;115;173;250;168;241;277
4290.0;116;173;250;168;241;276
4296.0;115;173;252;167;241;276
4302.0;115;172;252;168;241;276
4308.0;114;172;253;168;240;277
4314.0;113;172;252;167;241;279
4320.0;112;172;253;167;242;278
4326.0;112;172;253;167;243;277
4332.0;112;173;253;167;242;277
4338.0;113;172;251;168;243;277
4344.0;112;172;251;168;244;277
4350.0;112;172;250;172;243;275
4356.0;111;171;250;173;243;276
4362.0;110;172;250;173;244;275
4368.0;110;172;251;172;243;276
4374.0;110;172;251;172;244;275
4380.0;111;172;251;172;243;275
4386.0;112;172;251;172;242;275
4392.0;112;173;251;172;242;274
4398.0;113;172;251;171;242;275
4404.0;113;173;251;172;240;275
4410.0;114;173;249;172;240;276
4416.0;116;173;251;172;241;271
4422.0;116;174;252;172;241;269
4428.0;116;174;252;172;242;268
4434.0;117;174;250;173;242;268
4440.0;115;175;250;173;243;268
4446.0;114;175;250;173;243;269
4452.0;113;175;251;172;244;269
4458.0;114;175;253;169;244;269
4464.0;114;175;253;169;244;269
4470.0;114;175;255;167;242;271
4476.0;113;175;255;166;245;270
4482.0;114;175;255;168;243;269
4488.0;114;175;254;170;242;269
4494.0;114;175;251;172;242;270
4500.0;114;175;251;172;242;270
4506.0;114;176;250;172;241;271
4512.0;112;177;250;171;242;272
4518.0;112;176;250;172;243;271
4524.0;112;178;249;172;242;271
4530.0;113;180;249;171;242;269
4536.0;112;180;250;172;241;269
4542.0;115;179;247;173;241;269
4548.0;114;180;246;174;241;269
4554.0;115;179;249;173;240;268
4560.0;116;181;249;172;240;266
4566.0;116;182;248;172;240;266
4572.0;116;181;248;172;240;267
4578.0;116;181;248;172;240;267
4584.0;116;181;249;171;240;267
4590.0;116;181;252;170;239;266
4596.0;115;180;252;171;241;265
4602.0;116;181;253;172;238;264
4608.0;115;181;255;172;238;263
4614.0;117;180;256;170;238;263
4620.0;118;179;255;170;239;263
4626.0;118;179;255;170;238;264
4632.0;118;179;255;170;238;264
4638.0;117;180;254;172;238;263
4644.0;117;179;255;173;238;262
4650.0;117;179;254;173;238;263
4656.0;117;179;254;174;237;263
4662.0;118;178;255;174;237;262
4668.0;119;179;253;174;238;261
4674.0;119;178;253;174;238;262
4680.0;119;179;251;174;240;261
4686.0;119;178;252;175;240;260
4692.0;120;178;251;176;240;259
4698.0;119;178;251;177;240;259
4704.0;119;179;250;177;240;259
4710.0;119;178;249;177;243;258
4716.0;117;179;249;177;244;258
4722.0;118;179;249;175;244;259
4728.0;118;179;248;175;246;258
4734.0;118;179;248;175;246;258
4740.0;118;178;248;176;246;258
4746.0;117;176;249;177;246;259
4752.0;117;175;251;177;246;258
4758.0;117;174;251;177;246;259
4764.0;117;173;251;177;246;260
4770.0;117;174;252;177;245;259
4776.0;116;176;252;177;244;259
4782.0;115;177;252;177;245;258
4788.0;114;178;252;177;245;258
4794.0;113;181;251;178;243;258
4800.0;114;181;251;178;242;258
4806.0;114;181;251;178;242;258
4812.0;112;181;251;179;242;259
4818.0;112;181;251;180;241;259
4824.0;113;181;251;179;240;260
4830.0;114;181;250;179;240;260
4836.0;114;181;250;180;240;259
4842.0;114;182;250;179;239;260
4848.0;113;181;251;179;239;261
4854.0;114;181;250;178;240;261
4860.0;114;180;251;179;240;260
4866.0;112;182;251;178;241;260
4872.0;111;182;248;180;242;261
4878.0;110;184;249;180;242;259
4884.0;110;184;249;179;243;259
4890.0;110;181;251;179;244;259
4896.0;110;182;250;178;245;259
4902.0;113;181;249;177;245;259
4908.0;113;182;247;176;248;258
4914.0;113;182;247;176;248;258
4920.0;112;184;247;176;247;258
4926.0;113;184;247;176;248;256
4932.0;113;183;247;177;249;255
4938.0;113;183;246;179;248;255
4944.0;112;183;246;180;248;255
4950.0;111;182;246;181;249;255
4956.0;111;182;246;181;249;255
4962.0;111;182;245;181;249;256
4968.0;111;183;244;181;249;256
4974.0;109;182;243;180;251;259
4980.0;109;184;244;180;250;257
4986.0;110;184;244;181;249;256
4992.0;109;185;242;180;253;255
4998.0;109;184;243;181;253;254
5004.0;110;184;243;181;252;254
5010.0;110;186;243;180;252;253
5016.0;110;187;241;179;254;253
5022.0;109;187;242;178;254;254
5028.0;108;185;243;179;255;254
5034.0;108;186;244;179;255;252
5040.0;108;189;244;179;253;251
5046.0;106;191;244;179;254;250
5052.0;106;190;244;179;255;250
5058.0;106;189;244;179;256;250
5064.0;106;188;245;180;255;250
5070.0;106;188;245;181;254;250
5076.0;106;188;245;181;254;250
5082.0;106;188;245;181;254;250
5088.0;106;188;246;181;254;249
5094.0;106;187;246;181;254;250
5100.0;106;186;247;182;254;249
5106.0;106;185;245;182;254;252
5112.0;105;185;247;181;253;253
5118.0;107;183;247;181;253;253
5124.0;107;182;247;182;253;253
5130.0;108;183;247;180;252;254
5136.0;108;182;249;179;251;255
5142.0;108;182;248;179;251;256
5148.0;108;181;247;181;250;257
5154.0;107;182;247;182;250;256
5160.0;106;183;246;182;250;257
5166.0;104;184;247;182;250;257
5172.0;104;185;246;183;250;256
5178.0;104;186;245;182;250;257
5184.0;104;185;245;181;250;259
5190.0;103;185;244;180;249;263
5196.0;103;185;243;179;248;266
5202.0;104;184;242;181;248;265
5208.0;105;183;244;179;248;265
5214.0;105;182;245;178;249;265
5220.0;105;182;245;179;248;265
5226.0;107;180;245;179;248;265
5232.0;106;180;244;179;247;268
5238.0;104;180;244;181;248;267
5244.0;105;180;244;181;248;266
5250.0;106;179;243;182;249;265
5256.0;105;178;243;181;251;266
5262.0;104;179;243;181;252;265
5268.0;105;180;242;182;251;264
5274.0;104;182;241;182;251;264
5280.0;104;183;240;181;253;263
5286.0;105;183;240;182;252;262
5292.0;104;182;240;184;252;262
5298.0;104;182;240;184;252;262
5304.0;103;182;241;184;252;262
5310.0;104;182;240;185;251;262
5316.0;102;183;240;184;251;264
5322.0;102;183;239;182;254;264
5328.0;104;181;238;182;254;265
5334.0;105;179;238;182;255;265
5340.0;106;178;237;184;254;265
5346.0;104;179;238;184;253;266
5352.0;101;179;240;186;252;266
5358.0;100;179;240;188;251;266
5364.0;101;178;241;188;252;264
5370.0;100;180;242;186;251;265
5376.0;100;179;242;186;251;266
5382.0;102;179;241;186;250;266
5388.0;102;179;241;186;250;266
5394.0;102;179;240;186;251;266
5400.0;103;179;239;186;251;266
5406.0;103;180;239;186;251;265
5412.0;103;181;239;186;250;265
5418.0;103;180;239;187;250;265
5424.0;103;180;240;187;248;266
5430.0;103;180;240;187;248;266
5436.0;104;181;238;187;248;266
5442.0;104;181;237;188;249;265
5448.0;106;181;237;189;248;263
5454.0;106;181;237;189;248;263
5460.0;106;180;237;189;249;263
5466.0;107;180;239;187;248;263
5472.0;107;180;240;188;247;262
5478.0;107;179;240;189;247;262
5484.0;107;180;242;189;245;261
5490.0;106;181;243;189;245;260
5496.0;107;181;242;188;246;260
5502.0;109;181;241;188;245;260
5508.0;111;181;241;186;244;261
5514.0;111;181;241;186;244;261
5520.0;112;181;240;186;244;261
5526.0;113;180;240;186;242;263
5532.0;109;183;241;186;240;265
5538.0;109;182;240;186;239;268
5544.0;109;184;240;185;239;267
5550.0;108;185;240;185;239;267
5556.0;106;184;240;185;241;268
5562.0;106;185;238;185;242;268
5568.0;105;186;238;186;241;268
5574.0;106;186;237;186;242;267
5580.0;106;185;237;185;242;269
5586.0;105;184;237;187;243;268
5592.0;105;185;236;188;243;267
5598.0;105;185;236;188;243;267
5604.0;105;186;236;187;243;267
5610.0;104;187;238;187;242;266
5616.0;104;187;238;187;243;265
5622.0;104;188;240;187;242;263
5628.0;106;190;238;187;241;262
5634.0;106;190;237;187;242;262
5640.0;107;190;237;186;241;263
5646.0;108;192;235;185;242;262
5652.0;107;192;234;185;244;262
5658.0;105;192;234;185;246;262
5664.0;105;192;235;185;245;262
5670.0;106;192;234;185;245;262
5676.0;105;192;234;187;244;262
5682.0;105;192;233;188;244;262
5688.0;105;190;233;188;245;263
5694.0;105;190;233;188;245;263
5700.0;104;190;233;189;246;262
5706.0;106;190;232;188;247;261
5712.0;107;192;231;187;245;262
5718.0;105;191;233;188;245;262
5724.0;104;192;232;187;247;262
5730.0;104;191;233;188;246;262
5736.0;103;193;233;188;246;261
5742.0;103;193;232;187;247;262
5748.0;103;193;232;187;248;261
5754.0;104;192;233;186;248;261
5760.0;104;191;232;186;249;262
5766.0;103;192;232;185;250;262
5772.0;103;192;233;185;250;261
5778.0;101;193;232;186;248;264
5784.0;101;192;231;186;250;264
5790.0;101;193;230;185;249;266
5796.0;100;193;230;185;250;266
5802.0;101;192;229;185;250;267
5808.0;101;192;228;187;250;266
5814.0;100;191;228;190;249;266
5820.0;101;190;228;189;249;267
5826.0;102;189;228;189;248;268
5832.0;102;188;228;190;249;267
5838.0;103;188;227;189;250;267
5844.0;103;189;227;189;250;266
5850.0;104;188;226;188;249;269
5856.0;104;188;226;188;249;269
5862.0;103;189;227;187;249;269
5868.0;103;189;227;187;249;269
5874.0;104;189;227;188;248;268
5880.0;103;191;227;190;247;266
5886.0;103;191;229;189;247;265
5892.0;104;191;227;189;247;266
5898.0;104;190;227;189;246;268
5904.0;103;189;227;189;247;269
5910.0;102;190;227;189;248;268
5916.0;102;190;227;188;249;268
5922.0;105;190;227;186;249;267
5928.0;105;191;227;185;247;269
5934.0;106;192;227;185;246;268
5940.0;107;192;227;185;245;268
5946.0;106;190;228;185;246;269
5952.0;105;190;227;186;247;269
5958.0;105;190;227;187;247;268
5964.0;104;191;227;188;247;267
5970.0;104;192;227;187;247;267
5976.0;107;190;226;189;245;267
5982.0;106;190;227;188;247;266
5988.0;108;191;229;186;246;264
5994.0;109;190;230;185;247;263
6000.0;110;190;230;185;245;264
6006.0;111;191;231;183;245;263
6012.0;110;192;231;184;245;262
6018.0;110;192;233;183;245;261
6024.0;110;192;233;183;244;262
6030.0;110;192;233;184;246;259
6036.0;110;191;232;185;246;260
6042.0;110;191;232;185;246;260
6048.0;112;190;230;187;245;260
6054.0;113;189;230;187;245;260
6060.0;112;190;229;186;246;261
6066.0;113;190;230;186;245;260
6072.0;113;189;230;186;245;261
6078.0;112;190;229;186;245;262
6084.0;110;190;230;186;245;263
6090.0;108;189;231;188;246;262
6096.0;107;189;232;188;246;262
6102.0;107;189;231;190;246;261
6108.0;105;190;232;190;245;262
6114.0;105;190;231;188;248;262
6120.0;104;191;229;186;252;262
6126.0;103;191;229;187;252;262
6132.0;102;191;229;186;254;262
6138.0;102;191;229;185;254;263
6144.0;102;189;230;186;254;263
6150.0;102;189;230;186;254;263
6156.0;103;188;231;187;254;261
6162.0;104;188;231;186;254;261
6168.0;104;189;230;186;254;261
6174.0;103;189;231;186;254;261
6180.0;103;187;231;187;255;261
6186.0;102;185;232;187;255;263
6192.0;101;185;232;186;255;265
6198.0;102;184;231;186;253;268
6204.0;102;184;229;186;254;269
6210.0;103;183;229;184;256;269
6216.0;103;183;228;184;257;269
6222.0;102;183;228;184;257;270
6228.0;100;183;229;184;258;270
6234.0;100;184;227;184;259;270
6240.0;101;184;226;183;258;272
6246.0;102;184;225;183;258;272
6252.0;102;184;225;182;260;271
6258.0;102;183;224;182;263;270
6264.0;101;181;224;182;263;273
6270.0;100;182;224;182;264;272
6276.0;99;185;224;180;265;271
6282.0;101;183;223;181;264;272
6288.0;101;184;222;179;266;272
6294.0;101;183;223;179;265;273
6300.0;103;183;221;178;266;273
6306.0;103;183;221;178;266;273
6312.0;103;183;222;178;266;272
6318.0;102;181;222;179;268;272
6324.0;101;181;222;179;268;273
6330.0;100;181;222;180;268;273
6336.0;101;181;222;178;269;273
6342.0;101;179;222;177;269;276
6348.0;100;179;221;178;270;276
6354.0;101;181;220;177;269;276
6360.0;101;181;220;177;269;276
6366.0;102;182;221;175;268;276
6372.0;101;183;220;175;268;277
6378.0;101;184;220;174;268;277
6384.0;100;184;221;174;268;277
6390.0;100;184;221;174;268;277
6396.0;100;183;222;176;265;278
6402.0;101;183;223;175;265;277
6408.0;100;184;224;176;265;275
6414.0;100;185;225;176;263;275
6420.0;100;185;225;176;263;275
6426.0;99;187;224;177;263;274
6432.0;98;186;224;178;263;275
6438.0;97;186;223;178;264;276
6444.0;96;187;222;176;268;275
6450.0;95;187;223;176;267;276
6456.0;95;187;222;175;266;279
6462.0;96;187;222;175;266;278
6468.0;95;187;222;174;267;279
6474.0;94;187;221;173;267;282
6480.0;94;187;221;174;267;281
6486.0;94;188;220;173;267;282
6492.0;94;188;220;173;267;282
6498.0;94;188;217;174;267;284
6504.0;94;190;216;174;268;282
6510.0;93;191;216;175;268;281
6516.0;93;191;216;175;268;281
6522.0;93;189;216;176;268;282
6528.0;95;190;216;176;268;279
6534.0;96;188;217;176;269;278
6540.0;96;187;218;176;269;278
6546.0;96;188;218;177;269;276
6552.0;96;189;219;178;268;274
6558.0;96;189;218;178;269;274
6564.0;96;188;218;179;269;274
6570.0;96;189;217;179;269;274
6576.0;96;189;217;179;268;275
6582.0;98;188;217;179;268;274
6588.0;98;188;216;179;268;275
6594.0;99;189;216;178;267;275
6600.0;99;189;216;178;266;276
6606.0;99;190;217;177;266;275
6612.0;99;191;218;177;264;275
6618.0;97;192;219;178;263;275
6624.0;97;192;220;177;263;275
6630.0;99;192;219;177;263;274
6636.0;98;192;219;178;264;273
6642.0;97;192;224;177;260;274
6648.0;97;191;224;177;260;275
6654.0;99;191;224;175;259;276
6660.0;99;190;224;174;258;279
6666.0;99;190;224;175;256;280
6672.0;100;190;223;176;255;280
6678.0;100;190;222;177;255;280
6684.0;100;190;222;177;255;280
6690.0;99;191;221;177;254;282
6696.0;99;190;221;178;255;281
6702.0;99;191;221;177;255;281
6708.0;100;191;219;177;255;282
6714.0;102;190;221;175;256;280
6720.0;102;190;221;175;256;280
6726.0;101;190;220;175;257;281
6732.0;101;191;219;174;257;282
6738.0;101;192;218;174;257;282
6744.0;101;192;218;174;259;280
6750.0;102;191;217;175;258;281
6756.0;101;191;218;175;258;281
6762.0;102;190;217;174;258;283
6768.0;103;192;217;173;256;283
6774.0;103;192;216;174;256;283
6780.0;102;192;216;175;256;283
6786.0;103;192;215;175;255;284
6792.0;103;192;216;174;255;284
6798.0;103;192;217;173;256;283
6804.0;103;194;216;171;258;282
6810.0;104;194;214;171;259;282
6816.0;105;194;214;170;259;282
6822.0;105;194;214;170;259;282
6828.0;105;194;215;170;259;281
6834.0;106;194;215;171;258;280
6840.0;107;195;214;171;258;279
6846.0;106;196;214;171;257;280
6852.0;106;193;215;172;258;280
6858.0;106;194;215;173;258;278
6864.0;108;194;214;173;257;278
6870.0;107;194;215;174;253;281
6876.0;107;192;218;174;252;281
6882.0;107;192;218;174;253;280
6888.0;106;192;221;175;252;278
6894.0;105;193;222;175;254;275
6900.0;106;194;222;175;255;272
6906.0;105;196;220;174;255;274
6912.0;105;196;220;174;254;275
6918.0;102;196;222;174;254;276
6924.0;101;197;222;176;253;275
6930.0;101;198;222;175;253;275
6936.0;101;198;222;175;254;274
6942.0;101;199;221;175;254;274
6948.0;100;199;222;175;254;274
6954.0;101;200;221;175;253;274
6960.0;101;199;221;176;253;274
6966.0;100;199;221;175;252;277
6972.0;98;200;220;176;254;276
6978.0;98;199;219;179;253;276
6984.0;99;198;219;179;253;276
6990.0;98;197;219;180;253;277
6996.0;99;195;219;180;253;278
7002.0;99;195;220;180;252;278
7008.0;100;193;221;180;251;279
7014.0;100;194;220;180;251;279
7020.0;100;195;220;180;251;278
7026.0;100;195;221;180;250;278
7032.0;100;195;222;180;250;277
7038.0;100;195;223;179;250;277
7044.0;101;197;223;180;249;274
7050.0;101;196;223;180;248;276
7056.0;100;195;225;179;248;277
7062.0;102;195;224;178;247;278
7068.0;102;194;225;177;247;279
7074.0;99;195;225;176;249;280
7080.0;99;194;224;177;249;281
7086.0;98;195;224;178;248;281
7092.0;98;194;226;177;249;280
7098.0;98;194;225;177;251;279
7104.0;98;193;224;177;253;279
7110.0;98;194;224;179;250;279
7116.0;98;194;224;178;250;280
7122.0;99;191;222;180;252;280
7128.0;96;192;222;182;252;280
7134.0;98;191;220;183;252;280
7140.0;98;192;216;185;255;278
7146.0;97;193;215;185;256;278
7152.0;97;193;215;186;255;278
7158.0;96;195;214;186;254;279
7164.0;96;195;213;187;255;278
7170.0;95;196;213;186;256;278
7176.0;96;194;215;187;255;277
7182.0;96;194;214;188;255;277
7188.0;96;193;214;188;255;278
7194.0;97;195;214;186;255;277
7200.0;99;193;216;186;254;276
7206.0;96;195;217;186;253;277
7212.0;95;195;218;185;254;277
7218.0;94;194;219;187;253;277
7224.0;94;195;218;187;253;277
7230.0;93;195;218;188;253;277
7236.0;93;196;216;189;253;277
7242.0;94;196;217;189;251;277
7248.0;92;195;217;189;253;278
7254.0;90;195;217;189;254;279
7260.0;89;197;217;189;254;278
7266.0;89;195;220;191;254;275
7272.0;89;195;220;191;254;275
7278.0;88;195;221;191;254;275
7284.0;88;193;221;191;255;276
7290.0;87;196;221;190;256;274
7296.0;86;196;222;191;256;273
7302.0;87;196;222;192;255;272
7308.0;89;193;223;193;255;271
7314.0;90;193;223;192;254;272
7320.0;91;193;223;191;255;271
7326.0;91;194;223;190;255;271
7332.0;91;193;223;192;255;270
7338.0;91;193;222;193;255;270
7344.0;89;193;223;194;255;270
7350.0;90;193;223;193;255;270
7356.0;91;192;222;194;256;269
7362.0;91;192;223;194;255;269
7368.0;90;192;222;195;256;269
7374.0;90;190;223;195;257;269
7380.0;91;190;223;196;256;268
7386.0;91;190;221;197;258;267
7392.0;90;190;223;197;257;267
7398.0;90;189;223;197;258;267
7404.0;89;189;223;197;258;268
7410.0;88;188;224;199;258;267
7416.0;86;191;222;201;258;266
7422.0;87;191;221;200;259;266
7428.0;87;191;221;200;258;267
7434.0;89;190;222;201;258;264
7440.0;89;189;222;202;258;264
7446.0;90;189;223;201;258;263
7452.0;89;189;223;201;258;264
7458.0;88;189;223;201;258;265
7464.0;89;188;222;202;258;265
7470.0;92;188;224;200;256;264
7476.0;92;186;226;200;257;263
7482.0;92;186;228;201;255;262
7488.0;92;186;228;201;255;262
7494.0;93;185;228;201;255;262
7500.0;93;185;227;200;256;263
7506.0;91;185;227;200;256;265
7512.0;91;186;226;200;256;265
7518.0;91;186;226;200;258;263
7524.0;91;184;227;200;259;263
7530.0;91;183;228;200;259;263
7536.0;91;183;228;200;259;263
7542.0;92;184;227;200;259;262
7548.0;92;184;228;199;261;260
7554.0;92;184;228;200;260;260
7560.0;92;184;228;200;260;260
7566.0;93;184;228;200;260;259
7572.0;93;184;230;199;259;259
7578.0;93;184;229;199;260;259
7584.0;94;184;228;198;260;260
7590.0;93;184;227;199;261;260
7596.0;93;184;228;199;260;260
7602.0;94;183;228;198;259;262
7608.0;93;182;229;199;259;262
7614.0;93;181;229;200;260;261
7620.0;92;181;230;201;260;260
7626.0;92;181;229;203;259;260
7632.0;92;181;229;203;259;260
7638.0;92;181;229;203;259;260
7644.0;93;181;230;201;260;259
7650.0;93;182;230;200;260;259
7656.0;94;181;230;199;261;259
7662.0;94;181;230;198;260;261
7668.0;94;181;230;197;260;262
7674.0;94;181;230;199;259;261
7680.0;94;183;228;198;259;262
7686.0;94;183;227;198;260;262
7692.0;93;183;227;199;261;261
7698.0;94;181;228;201;260;260
7704.0;92;179;228;205;260;260
7710.0;93;179;227;205;260;260
7716.0;92;178;227;204;263;260
7722.0;94;178;226;204;263;259
7728.0;94;179;226;205;261;259
7734.0;95;179;226;204;261;259
7740.0;95;179;227;203;261;259
7746.0;95;181;226;204;261;257
7752.0;93;182;227;204;261;257
7758.0;93;183;225;204;260;259
7764.0;92;184;224;206;260;258
7770.0;94;181;225;208;259;257
7776.0;93;181;227;206;259;258
7782.0;95;180;226;208;257;258
7788.0;95;181;227;207;258;256
7794.0;95;181;227;206;259;256
7800.0;95;183;226;206;258;256
7806.0;95;183;226;206;258;256
7812.0;94;184;227;206;257;256
7818.0;95;183;227;206;257;256
7824.0;94;183;227;206;258;256
7830.0;94;183;227;207;257;256
7836.0;94;184;226;206;257;257
7842.0;94;184;226;206;257;257
7848.0;94;185;224;207;256;258
7854.0;94;186;223;207;256;258
7860.0;92;186;223;208;257;258
7866.0;92;186;224;208;255;259
7872.0;92;187;225;206;255;259
7878.0;92;187;225;207;255;258
7884.0;92;188;226;206;254;258
7890.0;92;190;225;206;254;257
7896.0;91;190;225;207;254;257
7902.0;91;190;225;207;254;257
7908.0;90;190;225;208;255;256
7914.0;91;189;225;208;255;256
7920.0;90;189;225;209;255;256
7926.0;91;188;226;207;256;256
7932.0;92;190;223;208;255;256
7938.0;91;190;224;210;255;254
7944.0;91;189;223;210;257;254
7950.0;91;189;222;210;257;255
7956.0;91;189;221;210;257;256
7962.0;91;191;223;209;253;257
7968.0;91;191;223;209;252;258
7974.0;93;191;223;207;252;258
7980.0;93;192;224;206;251;258
7986.0;94;192;224;206;250;258
7992.0;93;193;224;206;249;259
7998.0;94;194;225;206;250;255
8004.0;96;192;226;206;249;255
8010.0;96;191;226;207;249;255
8016.0;95;192;227;207;248;255
8022.0;95;193;227;206;249;254
8028.0;93;194;228;207;248;254
8034.0;92;194;227;208;251;252
8040.0;92;194;227;208;252;251
8046.0;94;193;227;208;251;251
8052.0;94;194;228;208;250;250
8058.0;94;194;228;208;250;250
8064.0;94;194;228;208;250;250
8070.0;96;193;229;207;250;249
8076.0;97;194;228;206;250;249
8082.0;96;193;228;205;251;251
8088.0;97;195;228;203;250;251
8094.0;97;195;229;202;249;252
8100.0;97;195;229;202;249;252
8106.0;99;195;227;202;249;252
8112.0;99;194;226;202;251;252
8118.0;98;194;227;202;251;252
8124.0;98;193;227;202;251;253
8130.0;98;193;228;201;251;253
8136.0;98;193;228;201;251;253
8142.0;98;192;229;202;251;252
8148.0;98;193;228;204;250;251
8154.0;99;192;227;204;249;253
8160.0;99;192;227;203;249;254
8166.0;99;193;227;202;251;252
8172.0;100;193;226;202;250;253
8178.0;100;193;225;201;251;254
8184.0;99;193;225;201;251;255
8190.0;100;194;225;201;250;254
8196.0;99;193;226;200;251;255
8202.0;98;195;225;200;251;255
8208.0;98;195;225;200;251;255
8214.0;98;194;225;201;252;254
8220.0;97;194;225;200;254;254
8226.0;96;194;226;198;254;256
8232.0;96;194;226;198;254;256
8238.0;96;194;226;199;253;256
8244.0;97;195;227;198;253;254
8250.0;94;196;229;199;252;254
8256.0;93;194;230;199;254;254
8262.0;93;194;230;197;255;255
8268.0;92;195;230;197;255;255
8274.0;91;196;230;197;255;255
8280.0;92;197;230;196;254;255
8286.0;91;196;230;196;255;256
8292.0;90;199;230;196;254;255
8298.0;90;201;230;195;254;254
8304.0;89;202;231;194;254;254
8310.0;89;200;231;194;255;255
8316.0;88;201;231;195;254;255
8322.0;88;202;231;195;254;254
8328.0;86;205;234;193;253;253
8334.0;85;203;236;193;255;252
8340.0;84;203;235;194;255;253
8346.0;84;203;235;194;255;253
8352.0;84;203;235;193;255;254
8358.0;84;204;235;191;257;253
8364.0;84;204;235;192;256;253
8370.0;84;203;234;193;258;252
8376.0;84;201;233;193;259;254
8382.0;83;201;231;194;260;255
8388.0;83;201;232;196;257;255
8394.0;83;201;232;194;258;256
8400.0;83;200;234;193;258;256
8406.0;83;200;234;193;258;256
8412.0;83;199;235;193;258;256
8418.0;83;200;234;192;258;257
8424.0;82;200;235;193;258;256
8430.0;82;200;235;193;258;256
8436.0;83;198;235;192;258;258
8442.0;84;195;234;193;260;258
8448.0;84;192;233;194;263;258
8454.0;85;194;230;194;263;258
8460.0;85;195;231;193;263;257
8466.0;85;195;232;193;262;257
8472.0;84;194;233;193;263;257
8478.0;85;196;234;192;260;257
8484.0;88;196;229;194;260;257
8490.0;90;197;228;194;259;256
8496.0;90;196;229;193;260;256
8502.0;90;196;229;193;260;256
8508.0;91;195;228;195;259;256
8514.0;89;195;228;196;259;257
8520.0;89;197;228;195;259;256
8526.0;90;195;228;195;259;257
8532.0;90;195;228;194;260;257
8538.0;92;195;229;191;260;257
8544.0;92;194;229;193;259;257
8550.0;93;195;229;192;260;255
8556.0;93;193;229;192;260;257
8562.0;95;192;229;191;260;257
8568.0;96;191;230;192;259;256
8574.0;96;191;230;192;259;256
8580.0;96;191;228;192;260;257
8586.0;96;191;228;192;260;257
8592.0;96;191;227;193;260;257
8598.0;97;191;227;192;260;257
8604.0;96;192;226;192;260;258
8610.0;97;192;227;190;259;259
8616.0;97;192;227;189;260;259
8622.0;95;192;227;189;261;260
8628.0;94;193;226;190;261;260
8634.0;95;192;227;190;261;259
8640.0;95;193;226;189;261;260
8646.0;94;194;226;189;261;260
8652.0;94;193;226;188;262;261
8658.0;95;193;227;187;261;261
8664.0;95;193;225;188;262;261
8670.0;97;192;225;189;262;259
8676.0;99;192;223;189;263;258
8682.0;98;192;222;191;263;258
8688.0;99;192;223;191;262;257
8694.0;99;193;222;191;263;256
8700.0;99;193;222;190;263;257
8706.0;99;195;221;191;263;255
8712.0;98;195;222;191;262;256
8718.0;96;195;223;190;264;256
8724.0;96;195;223;190;264;256
8730.0;96;195;225;189;264;255
8736.0;97;195;224;189;264;255
8742.0;98;192;225;189;264;256
8748.0;98;190;228;190;262;256
8754.0;99;190;228;190;261;256
8760.0;99;190;228;190;262;255
8766.0;98;189;228;190;264;255
8772.0;99;189;228;190;264;254
8778.0;99;189;227;192;263;254
8784.0;100;190;227;192;262;253
8790.0;101;187;228;191;262;255
8796.0;102;186;227;194;260;255
8802.0;101;188;226;195;259;255
8808.0;102;188;225;193;261;255
8814.0;102;187;226;194;261;254
8820.0;103;188;226;192;261;254
8826.0;104;186;227;191;262;254
8832.0;104;186;228;191;263;252
8838.0;105;185;229;191;261;253
8844.0;103;185;229;191;262;254
8850.0;104;185;229;190;263;253
8856.0;104;183;231;189;262;255
8862.0;103;183;232;189;262;255
8868.0;103;180;233;190;262;256
8874.0;103;179;233;190;263;256
8880.0;100;180;233;193;263;255
8886.0;100;180;231;194;265;254
8892.0;100;180;231;193;266;254
8898.0;100;179;230;194;267;254
8904.0;99;179;229;195;269;253
8910.0;97;180;229;195;270;253
8916.0;97;180;228;196;270;253
8922.0;99;178;228;196;271;252
8928.0;98;178;226;197;272;253
8934.0;99;178;226;196;272;253
8940.0;99;178;226;196;272;253
8946.0;98;179;226;196;271;254
8952.0;98;181;225;196;269;255
8958.0;98;177;226;197;271;255
8964.0;98;177;226;197;272;254
8970.0;99;176;228;197;271;253
8976.0;99;175;228;196;273;253
8982.0;98;174;227;195;275;255
8988.0;97;175;227;195;276;254
8994.0;98;175;226;195;278;252
9000.0;95;176;228;196;277;252
9006.0;95;178;228;195;276;252
9012.0;94;177;228;195;278;252
9018.0;95;177;228;195;277;252
9024.0;94;178;228;196;277;251
9030.0;92;177;227;199;278;251
9036.0;94;177;227;198;278;250
9042.0;94;177;226;197;280;250
9048.0;94;176;227;196;280;251
9054.0;92;175;229;196;281;251
9060.0;91;175;229;197;281;251
9066.0;90;174;229;198;282;251
9072.0;91;174;230;197;282;250
9078.0;91;174;230;198;281;250
9084.0;91;174;230;197;283;249
9090.0;92;173;230;197;283;249
9096.0;92;173;230;197;283;249
9102.0;93;172;230;196;283;250
9108.0;94;172;230;195;282;251
9114.0;93;172;230;195;283;251
9120.0;93;172;230;194;283;252
9126.0;91;172;230;195;282;254
9132.0;91;172;230;195;282;254
9138.0;90;173;230;194;283;254
9144.0;90;172;232;193;284;253
9150.0;89;175;232;191;285;252
9156.0;88;176;233;191;285;251
9162.0;88;177;233;190;285;251
9168.0;88;175;231;192;286;252
9174.0;85;176;232;194;284;253
9180.0;84;176;234;193;283;254
9186.0;83;176;235;193;282;255
9192.0;84;177;237;191;281;254
9198.0;84;176;238;190;281;255
9204.0;84;176;238;189;281;256
9210.0;81;176;238;190;282;257
9216.0;82;177;237;190;281;257
9222.0;82;177;238;190;281;256
9228.0;81;178;237;191;281;256
9234.0;83;178;237;191;279;256
9240.0;84;178;236;192;278;256
9246.0;85;179;238;190;278;254
9252.0;84;179;239;190;280;252
9258.0;86;177;239;190;281;251
9264.0;86;178;240;190;281;249
9270.0;88;177;239;190;281;249
9276.0;88;177;240;190;280;249
9282.0;87;177;240;190;280;250
9288.0;87;177;240;190;280;250
9294.0;87;177;240;188;280;252
9300.0;89;177;240;188;281;249
9306.0;88;176;240;189;281;250
9312.0;86;178;240;188;281;251
9318.0;86;178;240;188;280;252
9324.0;88;177;240;189;279;251
9330.0;88;176;240;190;279;251
9336.0;88;177;240;192;278;249
9342.0;86;177;242;193;278;248
9348.0;86;177;241;194;279;247
9354.0;86;179;240;194;279;246
9360.0;85;178;241;194;280;246
9366.0;85;178;241;193;281;246
9372.0;86;178;239;191;283;247
9378.0;87;178;238;192;281;248
9384.0;88;177;238;192;280;249
9390.0;86;179;237;192;281;249
9396.0;87;179;238;192;280;248
9402.0;85;178;239;191;280;251
9408.0;85;178;240;191;280;250
9414.0;85;178;240;191;281;249
9420.0;83;180;240;191;281;249
9426.0;83;180;240;192;280;249
9432.0;84;180;239;192;279;250
9438.0;84;180;239;192;279;250
9444.0;86;180;239;191;279;249
9450.0;86;180;239;193;278;248
9456.0;86;179;240;193;278;248
9462.0;86;180;239;192;277;250
9468.0;88;181;238;191;277;249
9474.0;88;182;237;192;276;249
9480.0;88;183;236;191;278;248
9486.0;89;182;236;190;278;249
9492.0;87;183;235;192;278;249
9498.0;86;185;234;192;278;249
9504.0;86;186;235;191;276;250
9510.0;86;185;236;192;275;250
9516.0;88;185;236;192;275;248
9522.0;88;185;237;192;274;248
9528.0;89;185;237;191;274;248
9534.0;89;185;237;191;274;248
9540.0;91;183;239;192;272;247
9546.0;91;184;239;191;271;248
9552.0;91;184;239;192;270;248
9558.0;90;185;240;190;270;249
9564.0;90;187;241;188;269;249
9570.0;91;187;240;188;268;250
9576.0;92;187;240;188;267;250
9582.0;93;187;241;188;268;247
9588.0;93;186;242;188;268;247
9594.0;95;186;241;190;267;245
9600.0;96;187;241;188;267;245
9606.0;94;187;242;189;266;246
9612.0;94;186;243;188;266;247
9618.0;95;187;243;188;264;247
9624.0;95;187;242;188;264;248
9630.0;96;187;241;188;263;249
9636.0;96;186;241;189;262;250
9642.0;97;186;241;189;262;249
9648.0;99;186;241;189;261;248
9654.0;100;185;242;189;260;248
9660.0;101;184;242;189;260;248
9666.0;102;183;242;187;260;250
9672.0;102;183;241;187;260;251
9678.0;102;184;242;186;259;251
9684.0;102;183;243;186;258;252
9690.0;102;184;242;188;257;251
9696.0;103;182;243;188;257;251
9702.0;105;183;243;186;257;250
9708.0;104;183;244;187;256;250
9714.0;105;184;243;186;256;250
9720.0;106;184;243;185;256;250
9726.0;107;185;243;184;255;250
9732.0;107;186;243;184;255;249
9738.0;107;189;242;184;254;248
9744.0;107;189;241;185;255;247
9750.0;108;190;243;185;251;247
9756.0;109;190;243;186;249;247
9762.0;110;191;243;184;248;248
9768.0;109;192;243;185;246;249
9774.0;109;192;241;185;248;249
9780.0;108;191;242;186;248;249
9786.0;108;191;242;186;248;249
9792.0;108;190;242;187;248;249
9798.0;109;192;241;186;247;249
9804.0;109;190;241;187;248;249
9810.0;108;190;241;188;248;249
9816.0;109;190;240;188;247;250
9822.0;110;189;241;187;248;249
9828.0;110;188;242;187;248;249
9834.0;111;188;241;187;249;248
9840.0;113;188;241;186;248;248
9846.0;113;189;241;187;246;248
9852.0;113;189;241;188;246;247
9858.0;114;189;241;188;244;248
9864.0;113;189;241;189;245;247
9870.0;113;188;239;193;245;246
9876.0;111;188;240;193;246;246
9882.0;110;188;241;192;246;247
9888.0;110;187;241;193;246;247
9894.0;110;187;240;193;247;247
9900.0;110;187;241;194;246;246
9906.0;110;185;241;194;246;248
9912.0;108;186;242;193;246;249
9918.0;110;186;242;195;243;248
9924.0;109;186;242;195;244;248
9930.0;109;185;241;196;244;249
9936.0;111;182;243;196;244;248
9942.0;110;181;244;195;247;247
9948.0;112;181;241;195;246;249
9954.0;112;181;241;195;246;249
9960.0;111;181;241;196;246;249
9966.0;110;181;241;197;247;248
9972.0;110;180;241;197;248;248
9978.0;110;181;240;198;249;246
9984.0;109;180;241;198;249;247
9990.0;108;180;244;198;249;245
9996.0;108;181;242;198;249;246
10002.0;107;180;242;199;250;246
10008.0;107;182;242;197;251;245
10014.0;107;183;243;197;251;243
10020.0;108;183;244;197;250;242
10026.0;110;181;246;197;251;239
10032.0;112;181;245;195;251;240
10038.0;111;181;245;197;250;240
10044.0;111;181;244;197;253;238
10050.0;111;182;242;199;253;237
10056.0;111;181;243;199;253;237
10062.0;110;181;243;199;252;239
10068.0;111;183;243;199;250;238
10074.0;111;184;242;199;251;237
10080.0;111;183;243;199;252;236
10086.0;110;182;243;199;252;238
10092.0;110;182;244;200;251;237
10098.0;110;182;244;200;251;237
10104.0;111;182;244;200;252;235
10110.0;109;181;243;201;253;237
10116.0;110;181;244;201;252;236
10122.0;110;182;244;200;252;236
10128.0;110;182;245;199;254;234
10134.0;109;181;246;198;256;234
10140.0;110;180;248;196;256;234
10146.0;110;179;247;199;255;234
10152.0;109;180;247;198;255;235
10158.0;109;180;247;198;254;236
10164.0;109;179;247;197;255;237
10170.0;110;179;247;197;255;236
10176.0;110;180;246;198;254;236
10182.0;112;182;245;198;251;236
10188.0;112;182;244;198;251;237
10194.0;112;182;244;198;251;237
10200.0;112;183;244;197;252;236
10206.0;111;182;244;197;253;237
10212.0;111;181;244;199;252;237
10218.0;110;182;246;197;251;238
10224.0;111;182;246;197;252;236
10230.0;112;182;247;196;251;236
10236.0;113;182;247;198;248;236
10242.0;112;183;248;197;248;236
10248.0;112;185;247;196;248;236
10254.0;111;185;247;198;248;235
10260.0;111;184;247;198;249;235
10266.0;111;185;246;199;249;234
10272.0;113;183;246;199;249;234
10278.0;113;185;246;199;248;233
10284.0;113;185;246;197;248;235
10290.0;113;184;246;197;250;234
10296.0;115;182;246;197;249;235
10302.0;117;182;246;198;249;232
10308.0;114;182;248;197;249;234
10314.0;113;182;248;200;246;235
10320.0;111;182;247;201;247;236
10326.0;110;182;247;201;247;237
10332.0;111;182;246;200;247;238
10338.0;111;182;247;200;246;238
10344.0;111;182;247;200;245;239
10350.0;110;182;247;201;246;238
10356.0;107;183;247;201;248;238
10362.0;107;182;247;202;248;238
10368.0;106;182;248;201;249;238
10374.0;104;183;248;201;251;237
10380.0;103;183;247;202;251;238
10386.0;104;183;245;203;251;238
10392.0;104;183;245;203;251;238
10398.0;104;183;246;203;251;237
10404.0;104;184;247;202;251;236
10410.0;103;185;248;202;251;235
10416.0;105;185;248;202;250;234
10422.0;104;187;248;202;249;234
10428.0;105;185;247;203;249;235
10434.0;103;184;247;203;251;236
10440.0;103;185;246;203;252;235
10446.0;101;183;247;204;251;238
10452.0;101;184;247;206;250;236
10458.0;101;183;247;204;252;237
10464.0;100;183;246;207;252;236
10470.0;100;183;246;206;251;238
10476.0;101;180;245;207;252;239
10482.0;101;176;245;208;252;242
10488.0;98;178;244;208;252;244
10494.0;97;179;247;206;252;243
10500.0;96;179;246;206;253;244
10506.0;96;179;246;205;254;244
10512.0;98;180;245;203;255;243
10518.0;97;182;245;204;256;240
10524.0;97;182;244;204;256;241
10530.0;97;181;245;204;256;241
10536.0;97;181;245;204;257;240
10542.0;96;182;245;204;256;241
10548.0;97;182;245;204;256;240
10554.0;97;183;245;205;254;240
10560.0;99;181;243;206;255;240
10566.0;99;181;245;206;254;239
10572.0;99;182;247;203;255;238
10578.0;98;182;248;202;256;238
10584.0;98;181;247;203;256;239
10590.0;98;180;247;205;255;239
10596.0;100;180;247;204;255;238
10602.0;100;180;247;203;255;239
10608.0;99;181;249;203;254;238
10614.0;98;181;250;203;254;238
10620.0;98;182;249;203;254;238
10626.0;99;182;248;203;254;238
10632.0;99;182;248;202;255;238
10638.0;101;181;247;199;257;239
10644.0;101;180;247;198;257;241
10650.0;101;180;249;197;255;242
10656.0;101;179;249;197;255;243
10662.0;99;180;249;196;256;244
10668.0;100;178;250;197;255;244
10674.0;101;177;251;196;256;243
10680.0;101;178;250;196;256;243
10686.0;99;178;251;195;258;243
10692.0;97;179;251;196;259;242
10698.0;98;177;252;197;258;242
10704.0;98;177;253;196;259;241
10710.0;97;177;253;196;258;243
10716.0;98;177;253;196;258;242
10722.0;98;177;253;196;258;242
10728.0;97;177;253;195;258;244
10734.0;98;174;254;195;258;245
10740.0;98;175;254;195;258;244
10746.0;98;175;256;193;258;244
10752.0;99;174;257;191;258;245
10758.0;98;173;257;191;260;245
10764.0;98;175;256;191;260;244
10770.0;98;175;255;190;262;244
10776.0;100;175;254;190;261;244
10782.0;100;175;255;189;262;243
10788.0;101;176;254;188;262;243
10794.0;101;177;253;187;264;242
