#auto generated file!
12.0;291;228;240;240;264;267
18.0;292;228;238;239;264;269
24.0;293;226;238;242;262;269
30.0;290;228;239;242;264;267
36.0;290;227;240;242;265;266
42.0;287;228;241;242;265;267
48.0;285;228;241;242;267;267
54.0;283;229;241;243;267;267
60.0;282;227;241;244;269;267
66.0;281;227;241;244;270;267
72.0;280;227;241;244;269;269
78.0;279;227;242;245;268;269
84.0;277;230;242;245;267;269
90.0;278;232;242;241;267;270
96.0;279;231;240;241;267;272
102.0;280;231;241;240;267;271
108.0;282;231;240;240;267;270
114.0;282;230;240;241;268;269
120.0;280;231;241;239;269;270
126.0;277;231;241;238;270;273
132.0;278;229;241;238;270;274
138.0;280;229;241;239;269;272
144.0;278;229;241;240;268;274
150.0;277;229;243;240;267;274
156.0;277;229;243;240;267;274
162.0;276;230;242;240;268;274
168.0;276;229;243;240;267;275
174.0;276;229;242;240;267;276
180.0;277;230;242;240;265;276
186.0;276;231;241;239;265;278
192.0;274;232;241;239;266;278
198.0;272;233;241;239;266;279
204.0;271;234;241;238;266;280
210.0;272;233;243;236;266;280
216.0;272;235;243;235;266;279
222.0;271;237;242;236;265;279
228.0;270;236;242;236;266;280
234.0;268;237;243;236;265;281
240.0;267;238;243;235;265;282
246.0;267;237;244;235;265;282
252.0;265;236;247;235;265;282
258.0;263;236;248;235;266;282
264.0;263;237;247;234;266;283
270.0;262;237;247;235;266;283
276.0;263;237;247;233;265;285
282.0;264;236;247;233;266;284
288.0;262;237;246;234;267;284
294.0;259;238;246;234;271;282
300.0;258;241;244;234;271;282
306.0;256;241;246;236;271;280
312.0;254;241;248;236;272;279
318.0;253;242;247;237;271;280
324.0;252;244;248;236;272;278
330.0;249;245;248;238;271;279
336.0;247;244;247;239;272;281
342.0;245;244;246;239;274;282
348.0;244;245;245;239;274;283
354.0;244;244;246;238;275;283
360.0;241;243;248;238;277;283
366.0;238;241;248;238;280;285
372.0;236;243;249;236;280;286
378.0;236;243;249;237;280;285
384.0;234;244;247;236;283;286
390.0;235;244;246;237;283;285
396.0;234;244;247;239;282;284
402.0;234;244;247;238;283;284
408.0;234;243;247;239;282;285
414.0;232;245;247;238;284;284
420.0;232;245;247;238;285;283
426.0;231;244;247;240;285;283
432.0;232;245;247;239;285;282
438.0;234;244;248;239;283;282
444.0;233;244;248;237;285;283
450.0;232;244;250;236;282;286
456.0;230;243;249;236;283;289
462.0;228;244;248;235;286;289
468.0;227;244;248;235;286;290
474.0;225;245;249;234;287;290
480.0;227;242;251;233;289;288
486.0;228;241;251;233;289;288
492.0;226;241;251;235;287;290
498.0;225;240;250;236;288;291
504.0;224;241;248;238;288;291
510.0;225;241;247;238;288;291
516.0;224;241;247;239;288;291
522.0;223;241;247;239;289;291
528.0;223;242;247;240;289;289
534.0;222;243;247;240;288;290
540.0;222;243;247;240;289;289
546.0;223;242;249;241;288;287
552.0;220;242;251;241;288;288
558.0;220;241;252;241;287;289
564.0;218;241;254;240;288;289
570.0;219;238;252;244;289;288
576.0;218;238;254;244;289;287
582.0;216;238;255;245;289;287
588.0;216;238;254;244;290;288
594.0;217;237;254;244;288;290
600.0;218;236;254;242;288;292
606.0;216;237;254;242;288;293
612.0;216;237;255;242;287;293
618.0;215;235;257;244;286;293
624.0;214;235;257;245;287;292
630.0;214;235;258;245;288;290
636.0;213;234;259;246;288;290
642.0;214;235;259;245;288;289
648.0;210;236;259;248;289;288
654.0;210;236;259;248;290;287
660.0;206;236;260;251;290;287
666.0;205;236;260;252;289;288
672.0;208;234;261;251;289;287
678.0;208;234;260;249;290;289
684.0;208;234;260;249;290;289
690.0;207;232;262;249;292;288
696.0;207;231;262;250;292;288
702.0;208;231;261;251;292;287
708.0;208;231;260;252;293;286
714.0;208;228;261;252;295;286
720.0;207;227;262;253;295;286
726.0;206;227;263;251;295;288
732.0;204;228;265;250;294;289
738.0;203;228;266;250;295;288
744.0;202;229;267;249;295;288
750.0;202;228;268;251;293;288
756.0;202;228;268;251;294;287
762.0;201;228;268;249;297;287
768.0;201;228;270;248;297;286
774.0;201;227;272;248;297;285
780.0;201;228;272;250;294;285
786.0;200;229;272;250;297;282
792.0;201;228;274;250;296;281
798.0;202;229;273;249;296;281
804.0;201;230;274;247;296;282
810.0;201;232;273;247;295;282
816.0;198;232;272;247;296;285
822.0;199;232;273;247;294;285
828.0;196;233;273;248;294;286
834.0;195;234;273;247;295;286
840.0;192;235;273;248;296;286
846.0;191;236;273;248;298;284
852.0;191;235;275;247;299;283
858.0;193;234;274;247;299;283
864.0;192;234;274;248;297;285
870.0;192;234;274;247;298;285
876.0;193;232;274;246;298;287
882.0;191;233;273;248;298;287
888.0;189;235;270;250;298;288
894.0;188;234;270;252;298;288
900.0;188;235;271;253;295;288
906.0;188;237;271;252;295;287
912.0;188;238;271;251;294;288
918.0;188;237;272;251;294;288
924.0;186;237;273;251;294;289
930.0;185;239;273;249;294;290
936.0;185;236;273;249;296;291
942.0;184;234;275;250;294;293
948.0;184;234;275;251;293;293
954.0;184;233;274;253;293;293
960.0;182;234;271;254;294;295
966.0;183;234;271;255;293;294
972.0;184;234;270;255;293;294
978.0;185;234;269;254;293;295
984.0;185;234;269;254;293;295
990.0;185;235;269;253;293;295
996.0;186;235;266;254;292;297
1002.0;188;234;267;255;289;297
1008.0;188;235;266;255;291;295
1014.0;186;234;267;255;292;296
1020.0;187;234;267;254;292;296
1026.0;187;234;267;254;293;295
1032.0;187;235;268;254;293;293
1038.0;190;234;267;254;293;292
1044.0;190;234;267;255;293;291
1050.0;189;235;267;257;293;289
1056.0;188;236;267;257;293;289
1062.0;188;235;268;257;293;289
1068.0;188;237;268;257;292;288
1074.0;189;238;267;256;293;287
1080.0;190;237;266;255;295;287
1086.0;192;237;266;252;294;289
1092.0;193;234;265;251;296;291
1098.0;194;231;265;251;297;292
1104.0;193;229;267;251;295;295
1110.0;190;230;266;250;298;296
1116.0;189;232;264;251;298;296
1122.0;189;231;265;250;298;297
1128.0;189;232;264;248;299;298
1134.0;192;231;262;248;299;298
1140.0;193;230;262;248;298;299
1146.0;193;227;263;248;300;299
1152.0;191;227;264;248;301;299
1158.0;191;227;265;249;301;297
1164.0;191;227;265;248;302;297
1170.0;191;226;266;248;301;298
1176.0;190;225;265;249;303;298
1182.0;190;225;266;248;302;299
1188.0;189;226;267;247;302;299
1194.0;189;228;266;247;300;300
1200.0;188;228;267;247;300;300
1206.0;187;229;268;247;299;300
1212.0;188;230;268;246;299;299
1218.0;187;230;267;250;298;298
1224.0;184;230;266;250;298;302
1230.0;182;229;269;250;298;302
1236.0;182;228;269;250;298;303
1242.0;180;230;270;250;297;303
1248.0;181;231;269;250;296;303
1254.0;183;233;269;248;295;302
1260.0;182;232;270;249;294;303
1266.0;184;231;271;248;293;303
1272.0;183;231;271;249;293;303
1278.0;182;232;272;249;291;304
1284.0;181;233;272;250;293;301
1290.0;181;234;272;250;291;302
1296.0;180;234;272;250;292;302
1302.0;180;232;271;251;294;302
1308.0;179;232;272;252;294;301
1314.0;180;232;272;251;294;301
1320.0;180;232;272;251;292;303
1326.0;181;231;272;251;291;304
1332.0;180;232;273;252;291;302
1338.0;180;230;273;249;292;306
1344.0;180;230;273;249;292;306
1350.0;174;231;274;251;292;308
1356.0;172;233;272;254;291;308
1362.0;170;234;271;254;292;309
1368.0;172;235;271;253;294;305
1374.0;172;233;270;255;293;307
1380.0;171;234;270;256;293;306
1386.0;170;235;271;257;291;306
1392.0;172;235;273;256;291;303
1398.0;173;235;271;256;291;304
1404.0;172;234;271;257;290;306
1410.0;169;233;272;258;292;306
1416.0;167;234;272;259;292;306
1422.0;169;233;270;259;293;306
1428.0;170;234;269;257;295;305
1434.0;170;233;268;258;295;306
1440.0;170;233;269;257;295;306
1446.0;170;233;269;257;295;306
1452.0;170;233;268;257;295;307
1458.0;170;231;268;257;296;308
1464.0;170;230;268;258;298;306
1470.0;169;230;266;260;298;307
1476.0;169;232;265;261;296;307
1482.0;168;231;267;262;295;307
1488.0;167;231;268;260;294;310
1494.0;169;230;267;259;294;311
1500.0;169;231;267;258;294;311
1506.0;168;231;268;259;294;310
1512.0;168;231;268;259;293;311
1518.0;168;231;268;258;294;311
1524.0;166;233;270;259;293;309
1530.0;167;234;270;257;294;308
1536.0;166;234;271;255;295;309
1542.0;163;235;270;255;296;311
1548.0;164;236;270;253;296;311
1554.0;163;237;269;255;294;312
1560.0;160;238;270;254;295;313
1566.0;160;237;269;254;296;314
1572.0;160;237;268;254;297;314
1578.0;159;238;268;253;298;314
1584.0;158;238;268;254;298;314
1590.0;159;238;268;255;296;314
1596.0;158;237;268;256;295;316
1602.0;161;235;268;255;294;317
1608.0;157;234;271;256;294;318
1614.0;156;234;272;255;294;319
1620.0;157;234;272;253;293;321
1626.0;156;235;272;251;293;323
1632.0;155;235;274;251;292;323
1638.0;155;234;275;252;291;323
1644.0;155;235;274;251;292;323
1650.0;155;235;275;250;291;324
1656.0;153;237;274;252;290;324
1662.0;153;237;276;251;289;324
1668.0;154;237;277;249;289;324
1674.0;154;237;277;250;289;323
1680.0;152;237;277;252;289;323
1686.0;152;236;278;253;288;323
1692.0;152;235;278;254;289;322
1698.0;151;235;278;255;289;322
1704.0;149;235;279;255;290;322
1710.0;150;236;279;255;289;321
1716.0;149;238;277;256;290;320
1722.0;150;237;278;257;290;318
1728.0;151;237;279;258;287;318
1734.0;151;238;279;258;286;318
1740.0;147;240;279;257;287;320
1746.0;147;240;280;258;286;319
1752.0;146;240;281;258;286;319
1758.0;146;240;283;258;285;318
1764.0;147;238;283;258;285;319
1770.0;148;238;283;257;287;317
1776.0;146;238;284;258;287;317
1782.0;146;236;285;256;287;320
1788.0;144;236;286;255;289;320
1794.0;142;236;288;255;290;319
1800.0;142;237;287;255;290;319
1806.0;139;237;287;257;289;321
1812.0;140;236;287;258;288;321
1818.0;140;235;288;257;287;323
1824.0;140;235;289;257;287;322
1830.0;140;236;287;257;287;323
1836.0;139;237;288;255;290;321
1842.0;138;236;290;255;291;320
1848.0;136;237;289;255;292;321
1854.0;136;237;290;255;292;320
1860.0;135;236;290;258;292;319
1866.0;136;236;290;258;290;320
1872.0;137;236;289;258;290;320
1878.0;137;236;289;258;290;320
1884.0;137;236;290;257;291;319
1890.0;136;236;291;258;290;319
1896.0;138;233;292;257;291;319
1902.0;138;233;292;256;292;319
1908.0;138;232;291;256;293;320
1914.0;139;231;292;255;293;320
1920.0;139;231;291;255;294;320
1926.0;141;230;290;256;293;320
1932.0;144;231;290;255;290;320
1938.0;144;230;290;255;290;321
1944.0;145;230;289;256;290;320
1950.0;144;229;289;258;289;321
1956.0;145;229;289;257;290;320
1962.0;148;227;289;256;290;320
1968.0;148;228;289;255;290;320
1974.0;149;227;289;253;291;321
1980.0;148;228;289;254;290;321
1986.0;148;227;291;254;290;320
1992.0;151;226;288;254;293;318
1998.0;149;225;289;255;293;319
2004.0;149;226;289;253;295;318
2010.0;149;226;291;251;294;319
2016.0;152;226;290;250;294;318
2022.0;151;226;290;250;296;317
2028.0;152;226;289;250;297;316
2034.0;152;226;290;249;296;317
2040.0;151;227;290;250;296;316
2046.0;150;227;290;250;297;316
2052.0;149;227;290;249;298;317
2058.0;151;227;290;249;299;314
2064.0;149;225;292;249;300;315
2070.0;148;223;296;248;301;314
2076.0;148;223;296;248;301;314
2082.0;148;222;296;250;301;313
2088.0;148;222;296;250;301;313
2094.0;147;223;297;251;302;310
2100.0;148;223;298;250;301;310
2106.0;149;223;298;249;301;310
2112.0;149;223;298;248;302;310
2118.0;150;224;299;246;302;309
2124.0;149;224;298;248;302;309
2130.0;150;225;298;247;301;309
2136.0;149;225;297;248;302;309
2142.0;147;226;298;247;303;309
2148.0;147;227;297;249;302;308
2154.0;148;226;297;250;303;306
2160.0;149;226;296;251;304;304
2166.0;150;228;295;250;304;303
2172.0;149;228;296;249;305;303
2178.0;148;230;298;249;303;302
2184.0;149;230;297;247;304;303
2190.0;150;230;296;247;304;303
2196.0;151;232;297;246;302;302
2202.0;152;232;297;245;302;302
2208.0;152;233;297;244;302;302
2214.0;152;233;299;243;302;301
2220.0;151;231;299;244;303;302
2226.0;149;232;299;244;303;303
2232.0;149;232;300;242;304;303
2238.0;148;232;300;242;302;306
2244.0;150;232;301;240;302;305
2250.0;149;230;302;240;303;306
2256.0;148;231;301;240;304;306
2262.0;149;230;301;241;303;306
2268.0;150;230;302;242;302;304
2274.0;151;228;301;242;303;305
2280.0;151;229;300;241;304;305
2286.0;152;227;300;241;305;305
2292.0;152;226;302;239;305;306
2298.0;153;227;301;237;306;306
2304.0;153;226;300;237;308;306
2310.0;153;225;301;236;309;306
2316.0;153;225;301;235;310;306
2322.0;152;226;301;236;310;305
2328.0;150;228;301;236;309;306
2334.0;150;228;300;235;309;308
2340.0;151;227;299;234;310;309
2346.0;150;227;299;234;311;309
2352.0;150;227;299;234;311;309
2358.0;152;226;299;233;311;309
2364.0;151;226;300;232;312;309
2370.0;149;226;301;233;311;310
2376.0;149;224;302;233;312;310
2382.0;152;224;301;232;310;311
2388.0;152;225;301;232;310;310
2394.0;151;224;302;233;311;309
2400.0;153;223;303;233;310;308
2406.0;153;226;303;230;310;308
2412.0;153;226;303;228;312;308
2418.0;154;226;303;227;311;309
2424.0;154;226;303;227;311;309
2430.0;154;227;304;227;310;308
2436.0;154;226;304;226;310;310
2442.0;153;229;305;225;309;309
2448.0;152;229;306;226;308;309
2454.0;152;228;306;226;308;310
2460.0;151;228;308;227;306;310
2466.0;151;229;308;227;305;310
2472.0;151;230;308;226;305;310
2478.0;151;229;309;226;305;310
2484.0;152;229;310;224;304;311
2490.0;151;230;310;224;304;311
2496.0;150;231;310;225;304;310
2502.0;150;232;310;225;303;310
2508.0;150;232;311;224;303;310
2514.0;148;233;312;224;303;310
2520.0;147;233;313;223;303;311
2526.0;148;233;313;222;303;311
2532.0;148;232;314;222;302;312
2538.0;148;232;313;221;305;311
2544.0;147;232;313;221;306;311
2550.0;148;233;313;221;305;310
2556.0;149;233;313;222;303;310
2562.0;149;234;310;222;304;311
2568.0;148;236;310;222;305;309
2574.0;147;235;309;223;305;311
2580.0;150;233;307;223;306;311
2586.0;152;233;308;222;304;311
2592.0;152;233;308;221;304;312
2598.0;151;231;306;226;303;313
2604.0;150;232;306;226;303;313
2610.0;150;233;307;226;303;311
2616.0;151;233;307;226;303;310
2622.0;148;232;306;227;306;311
2628.0;148;232;307;226;307;310
2634.0;147;232;307;226;307;311
2640.0;148;230;307;228;306;311
2646.0;148;230;306;229;306;311
2652.0;150;229;304;229;307;311
2658.0;148;228;306;230;306;312
2664.0;146;229;308;229;306;312
2670.0;146;229;307;229;306;313
2676.0;146;228;308;228;307;313
2682.0;147;228;307;228;307;313
2688.0;148;228;308;228;306;312
2694.0;151;226;309;229;305;310
2700.0;149;227;306;228;309;311
2706.0;148;227;305;230;310;310
2712.0;147;226;305;230;311;311
2718.0;147;222;304;231;313;313
2724.0;146;223;305;229;314;313
2730.0;147;221;303;230;316;313
2736.0;147;222;301;232;318;310
2742.0;146;222;301;232;319;310
2748.0;146;222;301;233;319;309
2754.0;144;221;304;232;319;310
2760.0;143;219;304;233;320;311
2766.0;143;218;303;234;320;312
2772.0;144;217;303;232;322;312
2778.0;143;217;302;233;322;313
2784.0;142;217;302;233;322;314
2790.0;142;217;302;235;321;313
2796.0;142;218;300;236;320;314
2802.0;142;219;300;235;320;314
2808.0;142;219;300;235;320;314
2814.0;142;221;301;236;320;310
2820.0;140;221;301;236;321;311
2826.0;138;221;300;237;324;310
2832.0;138;223;300;235;323;311
2838.0;138;222;301;235;323;311
2844.0;140;223;300;234;323;310
2850.0;140;222;301;235;324;308
2856.0;142;222;301;234;324;307
2862.0;142;222;301;234;325;306
2868.0;141;221;301;235;325;307
2874.0;141;221;300;236;325;307
2880.0;142;219;301;235;326;307
2886.0;142;217;301;236;328;306
2892.0;143;217;302;235;327;306
2898.0;144;216;302;236;326;306
2904.0;144;216;302;235;327;306
2910.0;144;218;303;235;325;305
2916.0;145;215;304;237;325;304
2922.0;143;215;305;237;326;304
2928.0;143;215;305;236;327;304
2934.0;143;215;305;236;327;304
2940.0;142;215;304;237;327;305
2946.0;142;214;306;237;326;305
2952.0;141;216;306;237;326;304
2958.0;142;216;305;236;326;305
2964.0;142;214;307;235;326;306
2970.0;142;214;308;235;325;306
2976.0;143;213;308;235;325;306
2982.0;143;214;308;235;324;306
2988.0;143;214;310;234;323;306
2994.0;142;212;310;234;324;308
3000.0;143;211;310;234;323;309
3006.0;142;211;309;235;324;309
3012.0;143;211;308;235;324;309
3018.0;143;212;308;234;323;310
3024.0;143;214;307;233;323;310
3030.0;143;214;306;233;324;310
3036.0;143;213;306;233;324;311
3042.0;144;212;303;236;325;310
3048.0;144;211;304;237;325;309
3054.0;143;210;304;238;325;310
3060.0;143;211;303;238;326;309
3066.0;144;211;301;238;326;310
3072.0;143;211;301;239;327;309
3078.0;144;212;300;238;327;309
3084.0;143;212;300;238;327;310
3090.0;139;214;300;239;327;311
3096.0;139;213;300;239;327;312
3102.0;141;214;300;239;325;311
3108.0;141;214;300;239;325;311
3114.0;142;214;301;238;324;311
3120.0;142;215;303;235;323;312
3126.0;142;215;303;234;323;313
3132.0;140;215;305;234;323;313
3138.0;140;216;306;234;322;312
3144.0;140;218;306;234;320;312
3150.0;138;217;310;233;320;312
3156.0;139;216;310;233;321;311
3162.0;139;216;310;234;321;310
3168.0;138;216;310;233;321;312
3174.0;138;216;310;233;321;312
3180.0;137;217;310;232;322;312
3186.0;138;217;309;232;323;311
3192.0;140;217;311;231;322;309
3198.0;140;216;312;235;321;306
3204.0;141;215;312;235;321;306
3210.0;142;214;313;236;321;304
3216.0;142;215;312;236;321;304
3222.0;141;215;312;237;322;303
3228.0;141;218;313;236;320;302
3234.0;140;219;313;237;319;302
3240.0;139;219;311;238;320;303
3246.0;138;220;311;236;320;305
3252.0;138;221;312;235;319;305
3258.0;141;220;312;234;319;304
3264.0;142;221;309;235;319;304
3270.0;143;221;308;237;319;302
3276.0;143;220;308;235;322;302
3282.0;143;218;310;236;321;302
3288.0;143;218;311;235;320;303
3294.0;142;217;311;234;324;302
3300.0;143;216;309;234;324;304
3306.0;143;215;309;235;324;304
3312.0;141;215;310;236;324;304
3318.0;140;214;311;236;325;304
3324.0;141;214;311;235;324;305
3330.0;141;213;310;236;324;306
3336.0;142;212;310;236;324;306
3342.0;141;213;308;240;324;304
3348.0;143;213;309;239;325;301
3354.0;142;215;308;241;325;299
3360.0;141;216;308;240;324;301
3366.0;142;214;307;240;325;302
3372.0;142;212;310;238;326;302
3378.0;143;211;310;238;326;302
3384.0;144;211;310;238;326;301
3390.0;144;210;312;237;325;302
3396.0;146;211;311;237;324;301
3402.0;146;210;311;236;325;302
3408.0;146;209;311;237;325;302
3414.0;147;208;310;237;326;302
3420.0;146;208;310;237;327;302
3426.0;146;208;312;236;328;300
3432.0;147;208;311;236;329;299
3438.0;148;208;311;235;329;299
3444.0;151;205;311;236;329;298
3450.0;149;205;311;236;331;298
3456.0;149;205;311;236;331;298
3462.0;148;206;311;236;331;298
3468.0;148;206;311;235;333;297
3474.0;149;205;310;235;333;298
3480.0;149;207;310;234;331;299
3486.0;147;208;310;235;331;299
3492.0;148;208;310;235;331;298
3498.0;147;208;310;238;330;297
3504.0;146;209;310;238;330;297
3510.0;145;208;310;239;329;299
3516.0;145;211;310;238;327;299
3522.0;144;209;313;239;327;298
3528.0;144;208;313;240;325;300
3534.0;144;208;314;240;325;299
3540.0;145;209;313;240;325;298
3546.0;145;209;312;239;327;298
3552.0;146;210;311;239;326;298
3558.0;145;210;311;239;326;299
3564.0;149;210;311;239;325;296
3570.0;148;212;312;239;324;295
3576.0;149;212;313;238;324;294
3582.0;148;210;313;239;325;295
3588.0;149;209;312;239;325;296
3594.0;147;210;311;239;325;298
3600.0;148;209;313;237;325;298
3606.0;149;210;312;238;324;297
3612.0;150;208;313;239;323;297
3618.0;148;208;312;241;323;298
3624.0;149;208;315;240;323;295
3630.0;147;210;314;239;325;295
3636.0;147;210;313;239;326;295
3642.0;147;207;314;240;325;297
3648.0;149;207;314;238;325;297
3654.0;148;207;314;239;325;297
3660.0;148;207;313;239;326;297
3666.0;147;208;314;239;325;297
3672.0;147;209;312;239;323;300
3678.0;147;209;312;240;323;299
3684.0;147;208;313;242;322;298
3690.0;147;209;313;243;320;298
3696.0;148;206;313;243;321;299
3702.0;150;206;312;243;321;298
3708.0;148;207;312;240;322;301
3714.0;148;206;312;240;323;301
3720.0;147;206;311;239;324;303
3726.0;144;205;312;239;326;304
3732.0;144;207;312;239;325;303
3738.0;146;205;313;238;325;303
3744.0;145;204;314;240;323;304
3750.0;146;204;315;240;323;302
3756.0;144;205;315;241;324;301
3762.0;144;205;315;241;324;301
3768.0;143;205;315;242;324;301
3774.0;143;204;315;242;324;302
3780.0;142;205;315;242;324;302
3786.0;142;206;315;241;324;302
3792.0;142;206;314;242;324;302
3798.0;141;207;313;241;325;303
3804.0;141;205;314;243;325;302
3810.0;142;205;314;242;325;302
3816.0;143;204;313;242;326;302
3822.0;141;205;313;242;327;302
3828.0;142;206;314;242;325;301
3834.0;142;208;315;241;325;299
3840.0;140;210;315;243;324;298
3846.0;139;211;314;243;325;298
3852.0;139;211;314;244;325;297
3858.0;140;212;313;245;325;295
3864.0;141;212;313;245;324;295
3870.0;141;213;313;244;323;296
3876.0;141;214;312;244;323;296
3882.0;142;214;310;243;324;297
3888.0;142;214;311;243;324;296
3894.0;141;217;310;242;325;295
3900.0;142;218;308;241;325;296
3906.0;143;217;308;240;325;297
3912.0;143;217;308;240;326;296
3918.0;143;217;308;240;327;295
3924.0;143;217;308;240;328;294
3930.0;145;218;308;240;326;293
3936.0;146;217;309;238;326;294
3942.0;146;218;308;240;324;294
3948.0;148;219;309;237;323;294
3954.0;148;218;310;236;323;295
3960.0;148;218;310;235;323;296
3966.0;148;217;311;237;323;294
3972.0;147;215;312;239;324;293
3978.0;147;216;312;237;323;295
3984.0;147;215;311;238;323;296
3990.0;146;215;313;238;323;295
3996.0;146;213;314;241;321;295
4002.0;145;213;316;241;319;296
4008.0;143;212;318;242;319;296
4014.0;143;212;316;242;321;296
4020.0;145;211;316;241;321;296
4026.0;146;210;316;241;321;296
4032.0;147;210;317;239;321;296
4038.0;146;210;318;240;320;296
4044.0;146;210;319;239;319;297
4050.0;146;210;320;239;319;296
4056.0;147;209;321;240;319;294
4062.0;148;210;320;237;320;295
4068.0;146;209;319;240;319;297
4074.0;146;210;321;238;320;295
4080.0;146;209;322;237;320;296
4086.0;145;211;322;236;320;296
4092.0;148;210;322;235;320;295
4098.0;148;212;322;233;319;296
4104.0;147;214;321;234;318;296
4110.0;147;215;322;233;318;295
4116.0;149;215;319;234;318;295
4122.0;147;215;318;232;320;298
4128.0;146;215;318;233;320;298
4134.0;145;216;317;233;321;298
4140.0;146;217;315;233;321;298
4146.0;148;217;315;234;319;297
4152.0;146;218;316;234;319;297
4158.0;145;219;317;234;319;296
4164.0;145;219;317;235;317;297
4170.0;144;219;318;236;317;296
4176.0;145;218;318;237;317;295
4182.0;143;216;317;238;319;297
4188.0;141;216;317;238;319;299
4194.0;142;216;315;238;319;300
4200.0;141;216;315;239;319;300
4206.0;142;216;315;239;319;299
4212.0;142;216;315;238;319;300
4218.0;141;219;315;237;317;301
4224.0;141;219;317;236;315;302
4230.0;141;219;317;236;315;302
4236.0;141;218;318;237;315;301
4242.0;141;218;319;236;314;302
4248.0;141;219;318;236;314;302
4254.0;138;219;319;235;314;305
4260.0;140;218;319;235;313;305
4266.0;139;217;319;237;312;306
4272.0;139;216;319;238;311;307
4278.0;141;217;318;238;310;306
4284.0;142;216;318;238;310;306
4290.0;141;216;318;239;309;307
4296.0;138;219;318;238;309;308
4302.0;137;217;319;240;309;308
4308.0;135;217;321;237;310;310
4314.0;136;216;322;234;312;310
4320.0;137;215;322;236;312;308
4326.0;138;214;323;234;312;309
4332.0;137;215;322;234;313;309
4338.0;136;215;323;233;313;310
4344.0;136;213;324;231;315;311
4350.0;136;213;324;229;315;313
4356.0;135;213;324;230;316;312
4362.0;134;214;325;229;315;313
4368.0;134;212;324;229;316;315
4374.0;135;213;323;229;315;315
4380.0;135;212;324;228;315;316
4386.0;134;213;323;229;316;315
4392.0;135;213;322;228;316;316
4398.0;135;213;321;230;314;317
4404.0;134;212;321;230;316;317
4410.0;134;212;321;229;316;318
4416.0;133;212;321;230;314;320
4422.0;134;213;321;228;313;321
4428.0;130;215;323;228;312;322
4434.0;130;214;322;228;310;326
4440.0;130;213;322;227;311;327
4446.0;128;213;323;227;311;328
4452.0;129;214;322;226;310;329
4458.0;130;214;322;225;311;328
4464.0;130;214;322;224;312;328
4470.0;130;216;320;223;312;329
4476.0;129;217;321;224;311;328
4482.0;129;214;322;225;312;328
4488.0;129;214;322;226;312;327
4494.0;131;214;321;226;311;327
4500.0;131;214;320;225;311;329
4506.0;133;214;320;225;308;330
4512.0;131;215;320;225;309;330
4518.0;131;215;320;225;308;331
4524.0;133;217;319;225;307;329
4530.0;132;217;319;225;305;332
4536.0;135;214;319;224;305;333
4542.0;136;215;317;224;306;332
4548.0;137;215;317;223;306;332
4554.0;137;213;316;224;308;332
4560.0;139;211;317;224;309;330
4566.0;139;210;318;224;309;330
4572.0;138;208;320;223;309;332
4578.0;138;208;321;223;308;332
4584.0;138;207;321;224;306;334
4590.0;138;208;321;222;307;334
4596.0;138;206;321;222;308;335
4602.0;139;205;318;224;308;336
4608.0;138;206;317;223;310;336
4614.0;139;206;318;222;308;337
4620.0;138;206;319;223;307;337
4626.0;138;206;319;223;306;338
4632.0;138;207;319;222;306;338
4638.0;140;207;319;220;306;338
4644.0;139;209;318;221;305;338
4650.0;139;209;318;221;307;336
4656.0;139;207;317;223;307;337
4662.0;137;207;317;224;307;338
4668.0;136;206;318;225;308;337
4674.0;134;205;316;226;309;340
4680.0;134;203;317;226;310;340
4686.0;134;203;317;226;309;341
4692.0;134;203;317;227;309;340
4698.0;133;204;318;226;309;340
4704.0;133;204;317;227;308;341
4710.0;131;205;318;226;308;342
4716.0;131;205;318;224;310;342
4722.0;131;204;318;223;312;342
4728.0;130;205;318;224;312;341
4734.0;129;204;319;222;313;343
4740.0;128;206;319;222;312;343
4746.0;127;206;321;222;311;343
4752.0;127;206;321;221;311;344
4758.0;128;205;320;221;310;346
4764.0;127;204;320;221;310;348
4770.0;124;204;321;221;311;349
4776.0;124;205;321;221;311;348
4782.0;125;203;321;222;310;349
4788.0;124;205;321;221;309;350
4794.0;124;206;320;220;310;350
4800.0;125;203;320;218;313;351
4806.0;126;202;319;218;313;352
4812.0;127;202;318;218;312;353
4818.0;128;202;316;218;313;353
4824.0;128;202;318;218;313;351
4830.0;127;201;319;218;314;351
4836.0;127;202;320;218;314;349
4842.0;128;202;318;217;314;351
4848.0;128;203;318;217;314;350
4854.0;129;202;319;217;315;348
4860.0;131;202;319;218;314;346
4866.0;130;202;319;219;313;347
4872.0;130;203;318;219;312;348
4878.0;131;203;318;219;312;347
4884.0;130;204;317;220;312;347
4890.0;130;204;318;219;313;346
4896.0;128;203;318;220;314;347
4902.0;128;202;319;222;314;345
4908.0;129;204;318;223;312;344
4914.0;130;203;318;221;312;346
4920.0;131;203;320;219;310;347
4926.0;132;202;320;220;311;345
4932.0;134;202;318;220;312;344
4938.0;133;202;317;221;312;345
4944.0;133;202;317;221;312;345
4950.0;134;199;319;221;312;345
4956.0;133;200;318;221;312;346
4962.0;133;199;319;221;312;346
4968.0;133;197;320;222;312;346
4974.0;132;197;320;222;312;347
4980.0;131;197;320;222;312;348
4986.0;130;197;320;221;313;349
4992.0;130;198;320;221;313;348
4998.0;131;199;320;221;313;346
5004.0;131;198;319;223;314;345
5010.0;132;198;320;222;315;343
5016.0;133;197;319;224;314;343
5022.0;134;200;321;221;312;342
5028.0;135;200;320;221;311;343
5034.0;133;200;321;222;312;342
5040.0;133;200;321;222;312;342
5046.0;135;198;318;222;313;344
5052.0;136;199;317;222;312;344
5058.0;134;200;319;223;312;342
5064.0;134;200;318;224;312;342
5070.0;133;201;319;224;311;342
5076.0;132;202;319;223;312;342
5082.0;132;200;323;223;309;343
5088.0;132;199;323;223;311;342
5094.0;131;201;324;223;312;339
5100.0;131;201;324;223;310;341
5106.0;133;200;324;224;310;339
5112.0;132;202;323;224;310;339
5118.0;132;202;324;223;311;338
5124.0;132;202;324;222;311;339
5130.0;132;201;323;223;311;340
5136.0;129;202;324;224;312;339
5142.0;128;202;325;225;313;337
5148.0;129;200;326;227;312;336
5154.0;128;200;325;228;310;339
5160.0;128;200;324;229;310;339
5166.0;127;200;323;228;313;339
5172.0;126;202;322;228;313;339
5178.0;127;201;322;227;313;340
5184.0;129;199;322;226;314;340
5190.0;130;200;322;224;312;342
5196.0;128;201;323;224;313;341
5202.0;128;201;323;223;314;341
5208.0;127;202;325;224;312;340
5214.0;130;201;324;224;312;339
5220.0;130;201;324;224;313;338
5226.0;129;201;325;224;314;337
5232.0;128;200;325;225;315;337
5238.0;129;197;325;226;315;338
5244.0;131;196;325;225;315;338
5250.0;131;194;326;225;314;340
5256.0;133;193;324;225;314;341
5262.0;134;193;325;224;313;341
5268.0;134;193;328;223;311;341
5274.0;134;194;327;224;311;340
5280.0;134;194;327;224;312;339
5286.0;134;191;328;223;312;342
5292.0;134;192;328;223;311;342
5298.0;134;192;326;223;312;343
5304.0;133;195;326;222;312;342
5310.0;131;195;327;223;312;342
5316.0;131;194;328;223;313;341
5322.0;131;194;329;223;312;341
5328.0;131;196;328;222;312;341
5334.0;132;196;327;222;312;341
5340.0;128;196;327;222;314;343
5346.0;128;194;327;224;314;343
5352.0;129;193;327;223;315;343
5358.0;130;189;328;225;315;343
5364.0;131;191;328;226;311;343
5370.0;132;191;328;226;311;342
5376.0;132;190;330;226;313;339
5382.0;133;190;330;226;312;339
5388.0;133;191;329;226;311;340
5394.0;132;192;328;227;310;341
5400.0;134;192;327;225;309;343
5406.0;133;192;327;225;309;344
5412.0;133;194;327;224;309;343
5418.0;134;194;327;224;308;343
5424.0;134;194;327;224;309;342
5430.0;133;194;326;225;309;343
5436.0;133;193;327;225;309;343
5442.0;134;193;327;225;310;341
5448.0;135;194;327;225;312;337
5454.0;134;194;327;224;313;338
5460.0;131;194;327;223;317;338
5466.0;130;195;325;225;317;338
5472.0;131;197;323;223;317;339
5478.0;131;198;323;223;316;339
5484.0;131;199;323;223;316;338
5490.0;131;200;324;223;316;336
5496.0;131;203;325;221;316;334
5502.0;129;203;325;224;316;333
5508.0;129;204;324;225;315;333
5514.0;129;205;325;226;315;330
5520.0;129;207;324;226;316;328
5526.0;132;205;326;224;317;326
5532.0;132;204;325;226;317;326
5538.0;131;204;325;226;317;327
5544.0;128;205;325;226;317;329
5550.0;128;207;326;225;317;327
5556.0;126;206;327;225;317;329
5562.0;124;208;328;223;317;330
5568.0;124;207;329;224;317;329
5574.0;125;208;328;224;317;328
5580.0;126;209;327;224;317;327
5586.0;124;209;327;226;317;327
5592.0;124;209;326;225;317;329
5598.0;125;208;325;225;317;330
5604.0;125;208;325;225;316;331
5610.0;124;207;328;225;315;331
5616.0;124;207;328;224;316;331
5622.0;124;208;328;224;315;331
5628.0;124;209;329;224;314;330
5634.0;125;208;329;223;315;330
5640.0;124;211;328;224;316;327
5646.0;124;211;327;223;316;329
5652.0;124;211;328;223;316;328
5658.0;124;211;328;222;316;329
5664.0;125;212;328;221;315;329
5670.0;125;214;327;220;314;330
5676.0;126;215;327;218;314;330
5682.0;124;217;327;217;314;331
5688.0;125;218;327;215;314;331
5694.0;125;219;327;215;313;331
5700.0;125;220;328;216;313;328
5706.0;126;219;328;215;314;328
5712.0;125;220;328;214;315;328
5718.0;122;220;329;215;315;329
5724.0;122;221;329;214;315;329
5730.0;123;221;329;214;314;329
5736.0;124;221;328;215;313;329
5742.0;124;222;328;214;315;327
5748.0;125;222;329;214;315;325
5754.0;125;222;329;213;314;327
5760.0;125;222;327;214;314;328
5766.0;125;222;327;213;314;329
5772.0;125;222;325;215;314;329
5778.0;125;223;325;215;312;330
5784.0;125;223;324;215;312;331
5790.0;125;223;325;215;312;330
5796.0;126;225;325;214;312;328
5802.0;127;224;325;213;314;327
5808.0;128;222;325;213;314;328
5814.0;129;223;325;213;313;327
5820.0;129;223;324;214;313;327
5826.0;129;223;324;214;313;327
5832.0;127;227;325;214;310;327
5838.0;128;228;324;215;308;327
5844.0;131;227;325;214;308;325
5850.0;132;227;325;214;308;324
5856.0;132;227;326;213;308;324
5862.0;129;226;327;212;311;325
5868.0;130;225;327;213;311;324
5874.0;130;221;330;214;311;324
5880.0;130;220;332;215;311;322
5886.0;133;220;329;214;310;324
5892.0;132;221;329;214;310;324
5898.0;135;218;327;213;310;327
5904.0;134;217;328;214;310;327
5910.0;134;217;328;213;312;326
5916.0;134;217;327;212;314;326
5922.0;134;218;327;213;314;324
5928.0;133;218;326;214;314;325
5934.0;132;217;325;213;317;326
5940.0;132;216;325;214;317;326
5946.0;133;215;325;215;316;326
5952.0;133;214;325;217;316;325
5958.0;133;214;324;219;314;326
5964.0;132;215;325;218;313;327
5970.0;131;215;326;216;314;328
5976.0;132;216;326;215;314;327
5982.0;133;215;324;217;314;327
5988.0;132;215;322;217;313;331
5994.0;132;213;323;218;313;331
6000.0;131;213;322;220;313;331
6006.0;131;213;322;220;314;330
6012.0;132;213;322;220;313;330
6018.0;132;213;321;220;314;330
6024.0;130;214;322;219;314;331
6030.0;130;214;322;218;315;331
6036.0;128;214;322;217;316;333
6042.0;127;214;322;217;317;333
6048.0;127;215;321;216;317;334
6054.0;125;215;320;216;319;335
6060.0;126;215;321;215;319;334
6066.0;128;215;321;213;318;335
6072.0;126;216;325;212;317;334
6078.0;126;216;325;212;317;334
6084.0;126;216;324;212;317;335
6090.0;126;215;322;213;317;337
6096.0;125;214;321;217;317;336
6102.0;125;215;321;217;316;336
6108.0;124;216;321;216;317;336
6114.0;124;217;321;215;317;336
6120.0;125;215;322;214;317;337
6126.0;125;215;324;212;318;336
6132.0;125;215;324;211;319;336
6138.0;127;216;323;209;319;336
6144.0;126;218;322;206;320;338
6150.0;125;218;322;207;320;338
6156.0;125;218;321;207;321;338
6162.0;124;217;322;207;321;339
6168.0;125;217;322;206;321;339
6174.0;125;216;324;205;322;338
6180.0;126;216;324;203;322;339
6186.0;126;215;324;203;322;340
6192.0;124;214;325;206;321;340
6198.0;124;213;327;206;321;339
6204.0;126;213;327;204;321;339
6210.0;127;212;326;204;321;340
6216.0;127;212;326;204;320;341
6222.0;128;213;326;204;320;339
6228.0;128;212;328;204;319;339
6234.0;128;215;328;203;318;338
6240.0;127;216;328;203;318;338
6246.0;127;218;326;204;318;337
6252.0;127;218;327;204;318;336
6258.0;127;218;327;204;318;336
6264.0;126;219;327;204;317;337
6270.0;127;219;326;204;318;336
6276.0;128;219;327;205;316;335
6282.0;129;219;326;205;317;334
6288.0;128;217;326;207;319;333
6294.0;128;216;326;207;320;333
6300.0;128;217;326;206;320;333
6306.0;128;216;325;206;319;336
6312.0;128;218;324;207;318;335
6318.0;128;217;324;206;318;337
6324.0;127;217;325;205;321;335
6330.0;127;217;326;204;321;335
6336.0;125;217;328;204;321;335
6342.0;124;219;326;205;322;334
6348.0;124;219;326;205;323;333
6354.0;124;218;325;206;325;332
6360.0;125;218;325;203;325;334
6366.0;125;218;325;203;325;334
6372.0;126;218;325;203;326;332
6378.0;127;219;323;204;326;331
6384.0;129;217;323;204;325;332
6390.0;127;218;324;204;326;331
6396.0;127;220;324;204;326;329
6402.0;127;219;323;203;329;329
6408.0;127;219;326;202;329;327
6414.0;126;218;327;202;330;327
6420.0;127;216;328;204;328;327
6426.0;127;216;326;205;329;327
6432.0;127;217;326;202;330;328
6438.0;126;218;327;203;329;327
6444.0;125;217;327;204;330;327
6450.0;125;216;327;205;330;327
6456.0;128;214;327;206;330;325
6462.0;128;215;325;205;330;327
6468.0;129;213;325;206;330;327
6474.0;126;215;326;206;329;328
6480.0;126;215;328;205;328;328
6486.0;126;215;327;207;327;328
6492.0;126;216;326;208;325;329
6498.0;127;214;325;209;327;328
6504.0;126;214;325;209;328;328
6510.0;124;215;325;209;329;328
6516.0;124;216;325;209;329;327
6522.0;124;217;324;209;329;327
6528.0;123;216;325;210;327;329
6534.0;124;216;326;211;324;329
6540.0;124;218;326;208;325;329
6546.0;124;218;327;207;324;330
6552.0;125;219;327;206;324;329
6558.0;126;219;329;204;324;328
6564.0;126;221;327;204;324;328
6570.0;126;221;327;205;323;328
6576.0;125;221;327;206;323;328
6582.0;124;222;327;204;323;330
6588.0;124;222;328;204;323;329
6594.0;125;222;328;205;322;328
6600.0;126;222;327;205;322;328
6606.0;126;222;329;205;322;326
6612.0;129;221;328;205;321;326
6618.0;129;220;330;205;320;326
6624.0;129;220;331;205;320;325
6630.0;129;221;331;204;321;324
6636.0;129;219;332;204;321;325
6642.0;129;219;332;203;321;326
6648.0;129;219;332;203;321;326
6654.0;130;218;331;203;321;327
6660.0;130;218;330;204;321;327
6666.0;130;217;330;205;321;327
6672.0;132;218;331;202;319;328
6678.0;130;219;331;202;319;329
6684.0;131;219;330;203;318;329
6690.0;132;218;330;203;318;329
6696.0;132;218;331;203;318;328
6702.0;133;216;331;204;318;328
6708.0;135;215;330;205;317;328
6714.0;135;216;330;206;317;326
6720.0;134;215;330;206;319;326
6726.0;135;217;329;205;318;326
6732.0;134;217;328;205;320;326
6738.0;134;217;328;206;320;325
6744.0;134;218;327;206;320;325
6750.0;136;216;327;207;320;324
6756.0;137;216;328;207;319;323
6762.0;136;218;328;207;318;323
6768.0;136;218;328;207;319;322
6774.0;135;219;328;208;319;321
6780.0;135;219;329;208;319;320
6786.0;135;219;329;207;319;321
6792.0;135;220;329;208;317;321
6798.0;135;220;330;208;317;320
6804.0;135;221;329;208;317;320
6810.0;133;223;328;209;317;320
6816.0;132;223;329;210;316;320
6822.0;133;223;329;209;316;320
6828.0;134;223;330;208;315;320
6834.0;135;221;331;208;315;320
6840.0;136;220;330;209;316;319
6846.0;138;220;329;210;317;316
6852.0;138;220;328;210;318;316
6858.0;139;218;330;208;316;319
6864.0;140;219;329;208;316;318
6870.0;139;219;328;208;317;319
6876.0;137;221;327;208;316;321
6882.0;137;222;326;210;315;320
6888.0;135;224;326;210;316;319
6894.0;135;224;326;209;317;319
6900.0;133;224;326;210;318;319
6906.0;133;223;327;210;317;320
6912.0;135;223;325;212;317;318
6918.0;135;222;326;212;317;318
6924.0;135;222;326;213;317;317
6930.0;136;223;326;214;315;316
6936.0;137;222;326;214;317;314
6942.0;136;222;328;214;316;314
6948.0;136;222;328;213;317;314
6954.0;136;222;327;213;319;313
6960.0;138;223;327;212;317;313
6966.0;138;221;328;212;317;314
6972.0;138;223;328;210;317;314
6978.0;139;224;328;209;317;313
6984.0;139;224;329;209;317;312
6990.0;139;224;330;209;316;312
6996.0;137;226;329;208;314;316
7002.0;137;226;329;208;315;315
7008.0;138;225;328;209;315;315
7014.0;137;225;327;210;316;315
7020.0;136;226;327;211;315;315
7026.0;134;226;328;211;315;316
7032.0;133;226;328;211;315;317
7038.0;133;226;328;212;315;316
7044.0;134;227;328;212;314;315
7050.0;134;227;328;212;314;315
7056.0;135;226;328;212;313;316
7062.0;134;227;328;211;314;316
7068.0;135;226;329;211;314;315
7074.0;133;227;331;212;314;313
7080.0;133;227;330;213;314;313
7086.0;136;226;327;214;314;313
7092.0;137;227;324;214;315;313
7098.0;137;227;324;214;314;314
7104.0;137;224;324;216;316;313
7110.0;138;223;326;214;314;315
7116.0;136;222;327;216;314;315
7122.0;136;223;327;216;316;312
7128.0;136;223;327;216;316;312
7134.0;136;224;326;216;316;312
7140.0;136;223;326;215;316;314
7146.0;136;222;328;215;315;314
7152.0;135;222;328;216;315;314
7158.0;135;222;327;215;316;315
7164.0;137;221;326;216;318;312
7170.0;138;223;328;215;315;311
7176.0;137;223;327;215;317;311
7182.0;136;224;327;215;317;311
7188.0;135;227;326;214;316;312
7194.0;134;228;325;213;318;312
7200.0;134;228;325;213;319;311
7206.0;132;228;326;213;320;311
7212.0;134;228;322;214;321;311
7218.0;134;227;321;215;321;312
7224.0;134;226;321;215;322;312
7230.0;133;228;322;214;322;311
7236.0;133;227;322;215;322;311
7242.0;132;228;322;214;323;311
7248.0;133;228;322;214;322;311
7254.0;132;228;322;214;322;312
7260.0;134;226;322;213;323;312
7266.0;134;225;322;214;322;313
7272.0;135;226;321;213;322;313
7278.0;134;226;322;212;323;313
7284.0;133;226;323;212;324;312
7290.0;132;226;323;212;324;313
7296.0;133;226;321;212;325;313
7302.0;133;227;321;213;325;311
7308.0;131;228;321;213;324;313
7314.0;132;228;319;213;324;314
7320.0;133;229;319;211;327;311
7326.0;133;228;319;209;328;313
7332.0;134;228;318;209;329;312
7338.0;136;227;318;207;329;313
7344.0;136;228;318;208;329;311
7350.0;136;228;318;207;330;311
7356.0;135;228;318;207;331;311
7362.0;137;228;316;206;332;311
7368.0;134;227;317;208;333;311
7374.0;134;227;317;209;333;310
7380.0;134;227;317;208;333;311
7386.0;136;225;316;208;334;311
7392.0;136;222;317;210;333;312
7398.0;135;222;317;210;333;313
7404.0;134;222;317;210;333;314
7410.0;133;224;317;209;331;316
7416.0;132;223;318;208;331;318
7422.0;131;223;318;210;329;319
7428.0;130;223;319;211;328;319
7434.0;129;223;320;210;330;318
7440.0;129;221;321;211;330;318
7446.0;130;220;321;209;331;319
7452.0;131;220;320;208;331;320
7458.0;132;220;321;207;331;319
7464.0;132;219;321;207;332;319
7470.0;129;220;324;206;331;320
7476.0;130;220;323;207;330;320
7482.0;130;220;323;207;330;320
7488.0;128;220;326;206;331;319
7494.0;128;220;326;207;331;318
7500.0;128;220;326;207;331;318
7506.0;128;218;326;207;332;319
7512.0;128;216;327;207;333;319
7518.0;129;215;326;207;333;320
7524.0;128;216;327;205;333;321
7530.0;128;215;329;206;332;320
7536.0;130;217;327;207;331;318
7542.0;128;220;328;206;331;317
7548.0;129;220;330;205;329;317
7554.0;131;221;328;204;329;317
7560.0;130;222;328;204;327;319
7566.0;130;222;327;204;327;320
7572.0;129;221;326;205;328;321
7578.0;129;220;327;205;329;320
7584.0;128;220;327;204;331;320
7590.0;130;218;327;205;330;320
7596.0;130;215;327;208;329;321
7602.0;129;215;327;209;328;322
7608.0;129;214;329;209;328;321
7614.0;128;215;329;209;327;322
7620.0;130;215;327;210;327;321
7626.0;130;215;328;208;327;322
7632.0;130;215;327;208;327;323
7638.0;130;214;328;209;327;322
7644.0;131;214;327;210;326;322
7650.0;130;214;327;212;324;323
7656.0;131;215;326;212;325;321
7662.0;131;215;326;212;324;322
7668.0;131;216;326;212;323;322
7674.0;131;216;327;211;324;321
7680.0;132;216;327;211;324;320
7686.0;134;216;324;210;326;320
7692.0;136;214;324;209;326;321
7698.0;137;213;323;209;327;321
7704.0;136;213;324;209;326;322
7710.0;136;214;324;210;325;321
7716.0;136;214;324;209;325;322
7722.0;134;215;325;209;325;322
7728.0;134;215;325;209;325;322
7734.0;134;215;324;209;326;322
7740.0;133;215;325;210;326;321
7746.0;133;215;324;211;327;320
7752.0;134;215;324;212;326;319
7758.0;134;215;323;212;328;318
7764.0;133;215;324;212;328;318
7770.0;133;216;323;214;326;318
7776.0;133;218;323;213;325;318
7782.0;132;218;323;213;326;318
7788.0;134;218;323;214;325;316
7794.0;135;218;322;214;324;317
7800.0;135;219;322;215;322;317
7806.0;137;220;321;215;320;317
7812.0;137;219;322;214;320;318
7818.0;137;215;323;214;322;319
7824.0;137;215;323;215;320;320
7830.0;139;214;322;216;319;320
7836.0;139;214;322;216;319;320
7842.0;139;214;322;216;319;320
7848.0;137;214;323;215;320;321
7854.0;135;215;323;214;319;324
7860.0;135;216;323;213;319;324
7866.0;134;216;323;214;318;325
7872.0;135;215;324;214;318;324
7878.0;135;216;324;213;318;324
7884.0;136;214;323;214;319;324
7890.0;135;214;324;214;319;324
7896.0;137;212;324;214;319;324
7902.0;136;214;324;214;318;324
7908.0;136;213;323;215;317;326
7914.0;136;213;322;214;319;326
7920.0;135;213;321;215;320;326
7926.0;136;213;320;215;321;325
7932.0;135;213;320;215;322;325
7938.0;135;211;320;218;322;324
7944.0;135;211;319;218;323;324
7950.0;136;211;320;218;322;323
7956.0;136;212;319;218;322;323
7962.0;136;213;319;217;323;322
7968.0;137;213;319;218;323;320
7974.0;139;214;318;219;321;319
7980.0;141;214;317;221;319;318
7986.0;142;213;318;221;318;318
7992.0;143;212;318;221;318;318
7998.0;145;212;317;220;318;318
8004.0;145;212;318;220;318;317
8010.0;145;211;320;220;317;317
8016.0;146;212;320;219;317;316
8022.0;146;212;320;218;317;317
8028.0;146;212;320;219;316;317
8034.0;146;212;320;218;316;318
8040.0;145;212;319;218;318;318
8046.0;146;211;317;219;319;318
8052.0;147;212;317;218;319;317
8058.0;146;211;317;217;318;321
8064.0;146;211;317;217;318;321
8070.0;146;211;318;217;319;319
8076.0;148;211;317;218;318;318
8082.0;148;210;317;218;319;318
8088.0;148;209;317;219;319;318
8094.0;145;210;318;218;320;319
8100.0;144;211;319;218;320;318
8106.0;145;211;317;218;318;321
8112.0;147;209;316;217;319;322
8118.0;147;208;317;217;320;321
8124.0;147;208;319;216;321;319
8130.0;144;210;321;217;320;318
8136.0;143;210;321;218;320;318
8142.0;142;210;320;219;321;318
8148.0;141;209;322;218;322;318
8154.0;144;208;320;219;321;318
8160.0;144;208;320;219;321;318
8166.0;146;208;320;219;320;317
8172.0;147;209;319;217;321;317
8178.0;146;209;319;217;321;318
8184.0;149;210;321;215;320;315
8190.0;148;211;319;217;321;314
8196.0;148;211;319;218;320;314
8202.0;148;210;320;218;320;314
8208.0;147;210;322;217;321;313
8214.0;146;210;323;217;320;314
8220.0;144;210;324;218;320;314
8226.0;145;210;324;218;320;313
8232.0;144;210;325;217;321;313
8238.0;141;212;326;218;321;312
8244.0;139;212;328;218;322;311
8250.0;139;213;329;219;320;310
8256.0;137;215;328;219;321;310
8262.0;138;216;328;219;319;310
8268.0;137;218;325;220;320;310
8274.0;136;218;327;218;320;311
8280.0;136;219;327;218;320;310
8286.0;136;218;328;218;320;310
8292.0;135;216;329;218;322;310
8298.0;133;217;329;219;323;309
8304.0;132;217;329;220;323;309
8310.0;131;217;329;222;324;307
8316.0;133;217;326;223;324;307
8322.0;134;216;326;224;323;307
8328.0;134;216;326;224;323;307
8334.0;135;217;324;223;323;308
8340.0;136;217;324;224;322;307
8346.0;137;218;323;224;320;308
8352.0;136;218;323;224;321;308
8358.0;135;219;325;224;320;307
8364.0;135;220;324;225;320;306
8370.0;135;221;323;223;321;307
8376.0;135;222;323;223;322;305
8382.0;137;221;323;223;321;305
8388.0;139;221;323;223;320;304
8394.0;139;222;324;222;320;303
8400.0;140;222;325;222;320;301
8406.0;140;221;323;224;321;301
8412.0;140;220;323;224;321;302
8418.0;142;219;323;223;321;302
8424.0;141;219;323;225;321;301
8430.0;141;219;324;225;320;301
8436.0;141;219;323;225;321;301
8442.0;140;220;321;227;320;302
8448.0;140;222;320;225;320;303
8454.0;140;222;319;224;323;302
8460.0;143;223;317;223;325;299
8466.0;143;223;317;223;325;299
8472.0;143;223;319;222;324;299
8478.0;143;223;318;222;326;298
8484.0;143;223;317;222;326;299
8490.0;141;225;317;222;325;300
8496.0;141;224;318;221;326;300
8502.0;138;222;320;222;327;301
8508.0;138;220;319;222;328;303
8514.0;137;222;319;222;327;303
8520.0;137;223;319;221;329;301
8526.0;138;224;319;220;328;301
8532.0;138;224;319;220;328;301
8538.0;137;225;318;219;329;302
8544.0;137;226;318;218;329;302
8550.0;137;227;320;217;329;300
8556.0;138;226;319;218;329;300
8562.0;139;227;317;219;327;301
8568.0;139;227;316;219;328;301
8574.0;138;228;316;219;328;301
8580.0;138;225;317;220;329;301
8586.0;138;225;317;218;330;302
8592.0;138;224;318;217;331;302
8598.0;139;223;319;216;331;302
8604.0;138;224;318;216;332;302
8610.0;138;223;318;217;333;301
8616.0;138;223;318;216;333;302
8622.0;138;223;318;216;333;302
8628.0;138;223;318;216;332;303
8634.0;139;222;317;215;333;304
8640.0;139;223;317;214;334;303
8646.0;138;223;320;214;334;301
8652.0;138;224;319;214;335;300
8658.0;138;222;319;216;335;300
8664.0;138;219;319;217;336;301
8670.0;137;220;320;215;336;302
8676.0;138;220;320;214;337;301
8682.0;135;220;320;215;338;302
8688.0;135;218;320;214;338;305
8694.0;136;218;318;213;338;307
8700.0;136;217;318;213;337;309
8706.0;137;217;318;213;336;309
8712.0;137;218;318;211;336;310
8718.0;137;218;318;212;336;309
8724.0;137;218;318;212;337;308
8730.0;135;217;316;212;337;313
8736.0;134;217;315;213;338;313
8742.0;134;218;315;214;337;312
8748.0;132;218;316;213;338;313
8754.0;133;217;316;212;339;313
8760.0;132;216;317;213;339;313
8766.0;132;216;317;215;336;314
8772.0;132;214;317;215;337;315
8778.0;132;215;319;214;337;313
8784.0;131;215;318;214;340;312
8790.0;131;215;320;213;341;310
8796.0;134;212;319;212;341;312
8802.0;134;211;320;212;340;313
8808.0;134;211;320;212;339;314
8814.0;133;212;319;211;340;315
8820.0;131;212;318;214;340;315
8826.0;130;212;320;214;340;314
8832.0;132;211;318;215;338;316
8838.0;130;214;316;215;339;316
8844.0;130;213;315;215;340;317
8850.0;130;214;315;215;339;317
8856.0;130;211;314;217;339;319
8862.0;131;211;314;217;339;318
8868.0;134;210;311;216;341;318
8874.0;134;210;311;215;341;319
8880.0;134;209;313;217;340;317
8886.0;135;207;313;218;340;317
8892.0;134;208;315;218;337;318
8898.0;134;208;317;218;335;318
8904.0;133;208;316;220;336;317
8910.0;133;206;318;218;336;319
8916.0;134;205;318;220;334;319
8922.0;136;204;317;221;333;319
8928.0;137;203;317;220;333;320
8934.0;136;203;318;219;334;320
8940.0;136;202;317;221;335;319
8946.0;135;203;318;220;334;320
8952.0;135;203;317;220;334;321
8958.0;135;201;320;220;334;320
8964.0;135;200;321;219;333;322
8970.0;134;199;321;217;333;326
8976.0;133;199;321;218;333;326
8982.0;133;198;321;218;333;327
8988.0;132;198;321;218;334;327
8994.0;131;200;321;218;334;326
9000.0;131;199;322;219;334;325
9006.0;131;200;322;217;335;325
9012.0;131;199;322;217;335;326
9018.0;131;199;322;217;336;325
9024.0;131;199;322;217;336;325
9030.0;131;198;322;218;336;325
9036.0;132;196;323;218;336;325
9042.0;132;195;323;219;336;325
9048.0;134;197;322;218;336;323
9054.0;134;197;321;217;338;323
9060.0;134;197;321;216;340;322
9066.0;134;197;321;217;339;322
9072.0;134;197;322;215;340;322
9078.0;132;197;323;216;340;322
9084.0;133;197;323;216;339;322
9090.0;133;199;322;214;340;322
9096.0;130;199;323;215;341;322
9102.0;130;199;323;215;341;322
9108.0;130;199;322;214;342;323
9114.0;129;202;321;213;341;324
9120.0;129;203;321;213;340;324
9126.0;130;204;320;212;341;323
9132.0;131;204;320;211;341;323
9138.0;130;204;322;210;342;322
9144.0;129;203;322;211;343;322
9150.0;129;203;320;211;344;323
9156.0;129;203;320;211;344;323
9162.0;128;203;318;212;344;325
9168.0;128;204;318;212;343;325
9174.0;128;204;319;212;343;324
9180.0;130;205;318;210;343;324
9186.0;130;205;318;210;343;324
9192.0;131;202;319;210;343;325
9198.0;131;202;320;210;343;324
9204.0;132;203;317;210;345;323
9210.0;131;203;318;209;346;323
9216.0;131;204;316;210;347;322
9222.0;131;205;315;210;347;322
9228.0;131;205;315;210;347;322
9234.0;130;205;315;211;347;322
9240.0;131;204;314;211;348;322
9246.0;132;205;312;209;350;322
9252.0;130;206;312;210;350;322
9258.0;131;207;311;210;349;322
9264.0;132;206;309;211;349;323
9270.0;133;205;311;209;350;322
9276.0;134;205;311;209;349;322
9282.0;135;205;310;210;349;321
9288.0;134;205;311;210;349;321
9294.0;134;204;312;209;349;322
9300.0;134;203;314;209;347;323
9306.0;132;202;313;210;350;323
9312.0;131;202;312;210;350;325
9318.0;128;202;311;213;350;326
9324.0;129;201;313;212;349;326
9330.0;130;200;313;212;348;327
9336.0;131;199;316;210;349;325
9342.0;130;199;318;210;349;324
9348.0;131;198;317;210;349;325
9354.0;132;199;316;209;348;326
9360.0;133;198;317;210;347;325
9366.0;133;199;317;210;347;324
9372.0;132;199;318;210;347;324
9378.0;132;199;318;211;346;324
9384.0;132;200;317;210;346;325
9390.0;131;199;318;209;347;326
9396.0;131;198;319;210;345;327
9402.0;130;199;319;210;345;327
9408.0;132;198;317;210;345;328
9414.0;130;198;318;210;347;327
9420.0;132;196;319;208;346;329
9426.0;131;196;320;207;347;329
9432.0;131;198;318;207;347;329
9438.0;131;199;318;207;347;328
9444.0;131;200;318;204;346;331
9450.0;131;201;317;204;345;332
9456.0;132;200;316;205;345;332
9462.0;134;199;314;206;345;332
9468.0;135;198;314;206;345;332
9474.0;134;199;312;206;346;333
9480.0;135;198;310;206;346;335
9486.0;134;197;310;206;348;335
9492.0;133;199;309;206;348;335
9498.0;131;199;308;208;348;336
9504.0;129;199;308;209;349;336
9510.0;130;199;308;208;349;336
9516.0;128;201;307;208;350;336
9522.0;127;201;307;207;351;337
9528.0;127;200;307;207;350;339
9534.0;127;200;307;208;349;339
9540.0;126;200;305;210;350;339
9546.0;126;200;306;210;350;338
9552.0;127;200;306;210;350;337
9558.0;126;202;305;211;349;337
9564.0;126;203;305;212;349;335
9570.0;126;203;306;212;349;334
9576.0;125;203;307;212;350;333
9582.0;123;205;306;212;351;333
9588.0;124;206;304;213;351;332
9594.0;124;205;302;214;354;331
9600.0;123;205;302;215;355;330
9606.0;124;205;301;215;355;330
9612.0;124;205;301;213;356;331
9618.0;124;205;301;213;357;330
9624.0;124;205;301;213;357;330
9630.0;123;203;303;213;358;330
9636.0;123;202;303;213;359;330
9642.0;123;203;304;213;359;328
9648.0;122;203;301;215;361;328
9654.0;121;203;301;215;362;328
9660.0;124;203;298;216;361;328
9666.0;124;203;298;216;361;328
9672.0;123;204;297;217;360;329
9678.0;123;205;298;216;358;330
9684.0;123;205;298;216;359;329
9690.0;123;206;298;215;358;330
9696.0;122;209;298;214;357;330
9702.0;119;210;300;215;356;330
9708.0;119;209;300;214;356;332
9714.0;119;208;303;212;355;333
9720.0;120;208;303;211;356;332
9726.0;119;209;303;210;357;332
9732.0;119;210;302;210;357;332
9738.0;119;210;303;211;355;332
9744.0;120;209;303;210;355;333
9750.0;119;207;304;209;357;334
9756.0;120;207;303;209;357;334
9762.0;120;208;303;210;355;334
9768.0;117;210;303;210;356;334
9774.0;117;211;302;212;355;333
9780.0;117;210;303;214;354;332
9786.0;119;211;304;214;352;330
9792.0;118;209;304;215;353;331
9798.0;118;210;305;213;353;331
9804.0;119;210;305;211;353;332
9810.0;119;210;306;212;351;332
9816.0;119;209;308;212;350;332
9822.0;119;209;308;212;350;332
9828.0;120;208;308;212;349;333
9834.0;122;207;309;210;349;333
9840.0;121;208;308;211;349;333
9846.0;121;208;306;212;350;333
9852.0;121;209;306;212;350;332
9858.0;124;208;305;211;349;333
9864.0;126;208;305;211;349;331
9870.0;126;207;305;212;348;332
9876.0;126;208;304;213;346;333
9882.0;126;209;304;212;345;334
9888.0;126;208;306;212;344;334
9894.0;127;207;307;212;343;334
9900.0;128;208;306;207;346;335
9906.0;128;208;305;207;346;336
9912.0;129;208;304;208;345;336
9918.0;129;209;305;208;345;334
9924.0;129;209;303;210;345;334
9930.0;130;210;304;207;345;334
9936.0;132;209;304;205;346;334
9942.0;131;209;306;205;346;333
9948.0;131;208;306;205;347;333
9954.0;132;210;305;204;346;333
9960.0;131;210;306;204;345;334
9966.0;129;210;308;205;344;334
9972.0;131;209;307;204;345;334
9978.0;131;209;307;204;343;336
9984.0;130;206;306;205;345;338
9990.0;131;206;306;205;345;337
9996.0;131;206;307;204;345;337
10002.0;130;208;308;203;343;338
10008.0;130;208;308;203;342;339
10014.0;131;208;307;203;342;339
10020.0;131;207;308;206;340;338
10026.0;131;207;307;205;342;338
10032.0;131;206;307;206;342;338
10038.0;130;205;309;206;341;339
10044.0;129;206;308;207;341;339
10050.0;129;205;307;209;343;337
10056.0;129;205;308;210;343;335
10062.0;128;205;309;210;343;335
10068.0;128;205;309;211;341;336
10074.0;129;204;308;212;341;336
10080.0;131;204;306;212;341;336
10086.0;131;204;305;213;342;335
10092.0;130;205;306;213;341;335
10098.0;131;205;306;212;342;334
10104.0;132;204;306;213;342;333
10110.0;133;203;305;216;341;332
10116.0;132;204;306;215;341;332
10122.0;133;205;304;215;341;332
10128.0;133;204;303;216;341;333
10134.0;132;204;303;218;341;332
10140.0;131;206;303;217;341;332
10146.0;130;208;304;218;338;332
10152.0;129;208;306;219;338;330
10158.0;128;208;307;217;337;333
10164.0;129;207;306;218;336;334
10170.0;127;207;305;218;337;336
10176.0;126;209;305;218;335;337
10182.0;123;210;305;220;334;338
10188.0;122;212;304;220;334;338
10194.0;121;212;304;218;335;340
10200.0;122;212;304;218;334;340
10206.0;120;211;305;220;335;339
10212.0;120;210;304;221;334;341
10218.0;121;210;304;222;333;340
10224.0;122;208;305;220;334;341
10230.0;122;209;305;221;333;340
10236.0;121;210;305;219;336;339
10242.0;121;210;305;219;335;340
10248.0;121;210;305;220;335;339
10254.0;121;209;304;221;335;340
10260.0;122;208;304;222;336;338
10266.0;126;206;303;222;336;337
10272.0;127;205;303;221;336;338
10278.0;126;206;304;220;336;338
10284.0;126;205;305;220;337;337
10290.0;127;205;306;220;337;335
10296.0;127;204;306;220;340;333
10302.0;128;203;304;221;340;334
10308.0;126;203;305;220;342;334
10314.0;126;204;303;220;342;335
10320.0;127;204;302;220;342;335
10326.0;126;203;302;219;342;338
10332.0;126;203;304;218;343;336
10338.0;125;202;305;218;345;335
10344.0;127;202;306;219;343;333
10350.0;127;204;306;219;342;332
10356.0;127;204;305;220;342;332
10362.0;128;203;304;221;343;331
10368.0;126;203;304;222;343;332
10374.0;126;203;303;222;343;333
10380.0;128;203;303;222;342;332
10386.0;128;203;303;222;343;331
10392.0;128;202;304;224;341;331
10398.0;127;203;305;223;341;331
10404.0;127;203;304;224;341;331
10410.0;127;203;304;222;343;331
10416.0;128;202;304;220;345;331
10422.0;127;202;304;220;346;331
10428.0;127;203;304;220;346;330
10434.0;126;204;303;221;346;330
10440.0;126;204;304;221;344;331
10446.0;125;207;302;221;344;331
10452.0;125;207;300;222;345;331
10458.0;128;208;300;222;344;328
10464.0;127;208;300;221;345;329
10470.0;126;210;302;219;345;328
10476.0;124;211;301;219;345;330
10482.0;126;212;301;216;345;330
10488.0;126;210;302;217;345;330
10494.0;127;211;302;217;344;329
10500.0;126;213;302;215;345;329
10506.0;125;212;301;218;344;330
10512.0;124;212;299;220;344;331
10518.0;124;213;299;218;345;331
10524.0;123;212;300;218;346;331
10530.0;123;212;300;218;346;331
10536.0;123;212;302;217;345;331
10542.0;125;212;301;217;344;331
10548.0;125;213;301;217;342;332
10554.0;125;213;302;217;341;332
10560.0;125;212;302;218;339;334
10566.0;124;211;302;219;341;333
10572.0;123;208;303;222;341;333
10578.0;125;208;303;222;338;334
10584.0;125;207;303;224;337;334
10590.0;127;208;302;222;337;334
10596.0;127;208;302;221;337;335
10602.0;128;209;301;221;337;334
10608.0;129;209;300;221;338;333
10614.0;130;208;300;222;338;332
10620.0;129;207;302;223;337;332
10626.0;128;206;302;223;336;335
10632.0;128;205;302;223;336;336
10638.0;128;204;303;223;336;336
10644.0;128;205;304;221;337;335
10650.0;127;205;306;221;336;335
10656.0;128;205;306;222;336;333
10662.0;128;204;307;222;337;332
10668.0;128;204;306;222;337;333
10674.0;129;204;307;222;337;331
10680.0;128;203;308;220;339;332
10686.0;129;201;308;221;338;333
10692.0;129;201;306;221;340;333
10698.0;130;202;306;220;339;333
10704.0;131;202;307;219;338;333
10710.0;130;202;308;219;339;332
10716.0;129;204;309;218;340;330
10722.0;129;203;311;218;339;330
10728.0;129;204;312;218;339;328
10734.0;130;204;310;218;339;329
10740.0;131;205;312;215;339;328
10746.0;131;204;313;217;338;327
10752.0;132;203;314;216;337;328
10758.0;130;203;315;217;337;328
10764.0;129;202;318;215;338;328
10770.0;130;201;318;215;338;328
10776.0;131;202;316;215;338;328
10782.0;131;202;316;214;338;329
10788.0;132;203;314;217;336;328
10794.0;131;204;315;215;338;327
