#auto generated file!
12.0;150;142;152;151;150;173
18.0;149;142;153;150;150;174
24.0;149;142;155;149;149;174
30.0;149;142;153;151;148;175
36.0;149;142;153;149;149;176
42.0;148;143;154;149;148;176
48.0;148;142;154;149;148;177
54.0;147;142;155;148;148;178
60.0;147;143;155;148;147;178
66.0;147;143;156;148;146;178
72.0;148;143;155;147;146;179
78.0;149;144;155;147;144;179
84.0;148;146;155;147;144;178
90.0;148;146;155;147;144;178
96.0;148;145;156;145;145;179
102.0;148;145;156;145;145;179
108.0;148;145;155;145;145;180
114.0;148;145;155;145;146;179
120.0;150;143;155;145;146;179
126.0;150;143;154;145;146;180
132.0;150;143;154;144;145;182
138.0;149;144;154;144;145;182
144.0;149;141;154;144;145;185
150.0;149;142;155;144;144;184
156.0;149;141;155;144;144;185
162.0;146;142;156;144;144;186
168.0;146;142;156;145;141;188
174.0;145;142;155;145;142;189
180.0;145;142;154;146;142;189
186.0;145;142;154;146;142;189
192.0;145;142;154;144;144;189
198.0;147;141;154;144;144;188
204.0;147;141;154;144;145;187
210.0;146;141;152;146;147;186
216.0;146;142;152;145;147;186
222.0;144;142;152;146;148;186
228.0;142;143;152;145;150;186
234.0;142;142;151;146;151;186
240.0;143;141;150;146;151;187
246.0;143;143;150;144;152;186
252.0;142;141;150;146;152;187
258.0;141;142;151;147;150;187
264.0;140;142;152;146;151;187
270.0;140;143;152;146;151;186
276.0;139;143;153;146;151;186
282.0;139;144;153;143;152;187
288.0;139;144;153;143;152;187
294.0;139;142;153;143;152;189
300.0;137;142;153;145;152;189
306.0;137;141;153;145;152;190
312.0;138;140;152;146;152;190
318.0;140;139;151;146;153;189
324.0;141;138;151;146;155;187
330.0;141;138;150;146;155;188
336.0;141;138;152;144;156;187
342.0;140;139;152;145;156;186
348.0;139;137;154;145;156;187
354.0;135;137;156;150;154;186
360.0;135;137;158;150;152;186
366.0;136;135;158;150;153;186
372.0;135;136;157;151;154;185
378.0;136;135;159;148;155;185
384.0;137;136;159;148;155;183
390.0;136;136;160;148;155;183
396.0;134;135;161;149;153;186
402.0;134;135;162;148;153;186
408.0;133;135;162;148;154;186
414.0;135;135;161;149;153;185
420.0;135;136;161;148;153;185
426.0;135;137;160;148;153;185
432.0;133;137;159;148;154;187
438.0;133;137;159;148;154;187
444.0;133;137;159;148;154;187
450.0;134;136;159;148;154;187
456.0;134;136;160;148;154;186
462.0;134;136;160;148;154;186
468.0;136;135;162;147;153;185
474.0;134;134;162;147;155;186
480.0;134;135;161;148;155;185
486.0;133;136;161;148;155;185
492.0;132;136;161;150;154;185
498.0;131;137;161;150;154;185
504.0;130;137;162;150;153;186
510.0;129;135;163;149;157;185
516.0;129;135;163;149;157;185
522.0;128;136;163;149;158;184
528.0;128;137;163;148;157;185
534.0;126;137;162;148;161;184
540.0;125;137;162;148;161;185
546.0;125;137;162;147;162;185
552.0;124;138;161;147;162;186
558.0;126;139;160;145;161;187
564.0;126;139;159;145;162;187
570.0;126;139;159;145;162;187
576.0;126;138;158;146;162;188
582.0;126;139;158;145;161;189
588.0;127;139;157;145;161;189
594.0;124;139;159;145;162;189
600.0;121;143;160;144;161;189
606.0;121;144;159;144;161;189
612.0;121;143;159;144;161;190
618.0;121;143;160;143;161;190
624.0;121;141;161;144;161;190
630.0;120;143;161;144;161;189
636.0;118;142;162;144;162;190
642.0;118;142;163;143;163;189
648.0;117;143;162;144;164;188
654.0;116;143;162;144;165;188
660.0;116;143;162;144;165;188
666.0;116;142;163;142;166;189
672.0;116;142;163;142;165;190
678.0;116;141;164;141;164;192
684.0;116;141;164;141;164;192
690.0;114;141;164;141;166;192
696.0;113;141;166;140;166;192
702.0;114;142;166;139;166;191
708.0;114;143;165;139;166;191
714.0;115;144;168;136;165;190
720.0;114;144;169;136;166;189
726.0;113;144;169;137;166;189
732.0;110;146;170;137;167;188
738.0;111;146;170;137;167;187
744.0;111;146;170;138;165;188
750.0;111;147;168;138;165;189
756.0;110;147;168;139;166;188
762.0;109;148;168;139;166;188
768.0;109;147;169;139;166;188
774.0;108;147;169;140;167;187
780.0;105;147;171;140;167;188
786.0;105;148;170;140;167;188
792.0;106;147;170;141;166;188
798.0;105;149;171;140;164;189
804.0;105;149;171;140;164;189
810.0;104;148;171;141;164;190
816.0;104;148;172;139;164;191
822.0;104;149;172;139;163;191
828.0;106;148;172;138;163;191
834.0;106;149;172;138;164;189
840.0;105;151;171;139;164;188
846.0;104;152;171;139;164;188
852.0;105;153;170;139;163;188
858.0;105;153;171;139;163;187
864.0;105;153;171;139;163;187
870.0;105;152;171;139;163;188
876.0;105;152;171;138;163;189
882.0;104;152;171;139;163;189
888.0;103;151;172;139;163;190
894.0;103;151;172;140;162;190
900.0;103;149;173;139;163;191
906.0;103;149;172;139;163;192
912.0;102;149;172;139;164;192
918.0;102;149;174;138;163;192
924.0;103;148;174;138;163;192
930.0;104;148;176;137;162;191
936.0;104;147;178;137;162;190
942.0;104;146;177;138;163;190
948.0;104;146;177;138;163;190
954.0;104;146;177;138;162;191
960.0;104;147;177;138;162;190
966.0;106;147;177;138;161;189
972.0;105;148;177;138;162;188
978.0;106;147;176;139;162;188
984.0;108;145;176;138;162;189
990.0;107;144;176;138;163;190
996.0;107;144;175;138;164;190
1002.0;106;144;176;138;165;189
1008.0;107;144;176;138;165;188
1014.0;108;145;177;137;164;187
1020.0;108;145;177;138;163;187
1026.0;107;144;179;137;163;188
1032.0;105;144;179;138;164;188
1038.0;106;145;178;136;165;188
1044.0;106;145;178;136;165;188
1050.0;106;145;178;135;165;189
1056.0;105;147;177;136;164;189
1062.0;107;148;177;136;164;186
1068.0;108;148;177;137;164;184
1074.0;108;147;177;137;164;185
1080.0;108;147;177;137;164;185
1086.0;108;147;177;137;164;185
1092.0;108;146;177;137;165;185
1098.0;108;147;177;137;165;184
1104.0;108;147;177;137;165;184
1110.0;107;147;176;137;166;185
1116.0;107;147;176;137;166;185
1122.0;106;146;176;138;166;186
1128.0;107;147;175;138;166;185
1134.0;107;147;174;139;167;184
1140.0;106;148;173;139;167;185
1146.0;106;149;172;138;168;185
1152.0;106;148;173;136;169;186
1158.0;106;148;173;136;169;186
1164.0;106;148;173;136;169;186
1170.0;106;148;173;136;169;186
1176.0;106;149;172;136;169;186
1182.0;107;148;172;135;169;187
1188.0;107;148;173;134;169;187
1194.0;109;149;174;132;168;186
1200.0;109;150;175;131;168;185
1206.0;107;149;176;132;168;186
1212.0;107;148;177;134;169;183
1218.0;105;149;178;134;169;183
1224.0;106;149;178;132;170;183
1230.0;106;150;180;132;169;181
1236.0;106;149;180;133;170;180
1242.0;107;148;180;134;170;179
1248.0;107;148;181;134;170;178
1254.0;106;148;181;134;170;179
1260.0;107;150;181;133;170;177
1266.0;107;150;181;134;169;177
1272.0;107;150;181;133;170;177
1278.0;106;150;181;132;171;178
1284.0;106;150;182;131;171;178
1290.0;107;151;181;131;171;177
1296.0;108;150;181;130;171;178
1302.0;108;150;180;130;172;178
1308.0;108;149;180;130;173;178
1314.0;108;148;179;131;175;177
1320.0;111;145;179;131;175;177
1326.0;111;144;179;132;175;177
1332.0;112;142;179;133;175;177
1338.0;113;143;179;132;175;176
1344.0;112;143;180;133;175;175
1350.0;112;142;180;133;176;175
1356.0;111;141;181;134;176;175
1362.0;111;141;181;133;176;176
1368.0;110;142;181;133;176;176
1374.0;110;141;181;136;174;176
1380.0;110;141;181;136;174;176
1386.0;110;141;181;136;174;176
1392.0;109;142;181;135;175;176
1398.0;109;143;180;135;175;176
1404.0;109;143;180;135;175;176
1410.0;109;143;180;135;175;176
1416.0;108;143;180;135;176;176
1422.0;108;143;181;134;176;176
1428.0;107;143;182;135;176;175
1434.0;105;145;181;136;176;175
1440.0;105;145;181;136;176;175
1446.0;104;145;183;136;176;174
1452.0;103;143;183;139;175;175
1458.0;102;142;182;139;178;175
1464.0;101;144;181;138;179;175
1470.0;100;144;182;137;180;175
1476.0;100;143;181;138;180;176
1482.0;99;143;181;138;180;177
1488.0;97;143;183;136;182;177
1494.0;97;143;183;137;181;177
1500.0;97;144;182;137;180;178
1506.0;98;145;184;135;179;177
1512.0;98;145;182;136;179;178
1518.0;99;146;182;136;178;177
1524.0;99;145;181;134;179;180
1530.0;99;145;181;134;179;180
1536.0;99;144;181;135;179;180
1542.0;101;144;181;136;178;178
1548.0;100;144;180;138;178;178
1554.0;98;144;180;138;178;180
1560.0;99;143;180;138;178;180
1566.0;99;145;181;137;177;179
1572.0;99;144;180;138;178;179
1578.0;97;144;181;138;178;180
1584.0;98;144;180;137;179;180
1590.0;98;144;179;137;178;182
1596.0;98;144;180;136;178;182
1602.0;98;142;181;135;179;183
1608.0;98;143;181;135;179;182
1614.0;98;142;180;135;179;184
1620.0;99;141;181;136;176;185
1626.0;98;142;181;136;176;185
1632.0;99;142;181;137;175;184
1638.0;99;143;180;135;177;184
1644.0;99;142;180;136;177;184
1650.0;98;142;180;137;177;184
1656.0;98;142;180;137;177;184
1662.0;98;142;180;138;177;183
1668.0;97;143;180;139;177;182
1674.0;98;145;181;138;176;180
1680.0;98;145;181;137;175;182
1686.0;99;144;181;136;175;183
1692.0;100;144;180;136;174;184
1698.0;100;143;181;135;175;184
1704.0;99;143;181;134;176;185
1710.0;99;144;182;134;175;184
1716.0;99;144;183;134;174;184
1722.0;99;143;184;134;174;184
1728.0;97;143;184;135;175;184
1734.0;97;142;184;136;175;184
1740.0;98;143;182;136;175;184
1746.0;98;144;182;136;174;184
1752.0;97;143;183;135;174;186
1758.0;97;144;183;135;174;185
1764.0;96;143;184;136;175;184
1770.0;95;142;187;134;177;183
1776.0;95;142;187;134;177;183
1782.0;95;142;188;134;176;183
1788.0;95;143;188;134;176;182
1794.0;96;142;188;135;176;181
1800.0;96;142;188;135;176;181
1806.0;96;142;187;135;177;181
1812.0;97;142;187;135;177;180
1818.0;97;142;187;135;178;179
1824.0;98;142;187;134;179;178
1830.0;97;143;186;135;179;178
1836.0;98;143;186;135;179;177
1842.0;96;142;186;136;180;178
1848.0;97;143;186;134;180;178
1854.0;96;144;186;134;180;178
1860.0;96;144;186;134;180;178
1866.0;96;144;186;134;180;178
1872.0;97;143;185;135;179;179
1878.0;96;144;186;136;178;178
1884.0;96;144;187;136;178;177
1890.0;95;144;188;136;178;177
1896.0;96;145;188;135;177;177
1902.0;97;145;187;135;177;177
1908.0;97;145;187;134;178;177
1914.0;97;145;187;134;178;177
1920.0;98;145;186;135;177;177
1926.0;98;144;187;135;176;178
1932.0;98;144;188;133;177;178
1938.0;97;144;189;134;176;178
1944.0;99;144;189;131;177;178
1950.0;98;144;191;130;178;177
1956.0;98;144;191;130;178;177
1962.0;99;143;191;130;179;176
1968.0;99;141;193;130;180;175
1974.0;98;141;194;130;178;177
1980.0;99;142;193;130;178;176
1986.0;99;142;193;131;177;176
1992.0;99;142;193;132;177;175
1998.0;99;142;193;132;177;175
2004.0;101;142;193;131;176;175
2010.0;102;141;193;131;176;175
2016.0;101;141;193;132;177;174
2022.0;101;141;193;132;177;174
2028.0;101;142;193;132;176;174
2034.0;101;142;193;132;176;174
2040.0;101;143;192;133;175;174
2046.0;101;142;192;134;175;174
2052.0;102;142;190;135;175;174
2058.0;102;142;189;135;175;175
2064.0;101;142;189;136;176;174
2070.0;100;143;187;136;178;174
2076.0;100;143;188;135;178;174
2082.0;100;143;188;135;178;174
2088.0;100;144;188;135;177;174
2094.0;100;143;188;135;177;175
2100.0;101;142;188;135;177;175
2106.0;100;143;187;135;178;175
2112.0;99;143;189;133;179;175
2118.0;100;143;189;133;177;176
2124.0;100;143;189;134;176;176
2130.0;99;142;188;136;177;176
2136.0;99;141;189;136;177;176
2142.0;98;143;190;137;176;174
2148.0;98;142;190;137;175;176
2154.0;99;141;190;136;175;177
2160.0;100;140;190;136;175;177
2166.0;100;140;188;136;177;177
2172.0;100;142;188;137;175;176
2178.0;100;143;188;135;176;176
2184.0;100;144;188;136;174;176
2190.0;100;144;187;136;174;177
2196.0;101;144;187;136;173;177
2202.0;102;146;185;136;172;177
2208.0;100;147;185;136;172;178
2214.0;100;147;185;136;172;178
2220.0;100;146;186;136;173;177
2226.0;100;146;186;136;173;177
2232.0;100;146;187;135;173;177
2238.0;100;146;186;136;174;176
2244.0;99;146;186;136;176;175
2250.0;99;146;186;136;176;175
2256.0;98;146;188;134;176;176
2262.0;99;147;187;134;175;176
2268.0;99;148;187;133;175;176
2274.0;99;148;187;132;176;176
2280.0;99;148;186;132;176;177
2286.0;98;148;186;132;176;178
2292.0;98;147;185;133;177;178
2298.0;98;146;185;132;177;180
2304.0;98;146;185;132;177;180
2310.0;99;145;185;132;177;180
2316.0;99;145;185;132;177;180
2322.0;100;145;185;131;176;181
2328.0;100;145;183;131;176;183
2334.0;100;144;184;130;176;184
2340.0;100;144;184;130;176;184
2346.0;101;145;184;130;174;184
2352.0;100;146;185;129;174;184
2358.0;100;146;185;130;172;185
2364.0;101;144;185;130;173;185
2370.0;101;145;184;131;173;184
2376.0;101;144;184;131;173;185
2382.0;101;142;184;130;175;186
2388.0;100;142;184;130;176;186
2394.0;100;142;183;130;176;187
2400.0;99;142;183;131;177;186
2406.0;99;142;183;131;177;186
2412.0;99;141;184;130;179;185
2418.0;99;139;184;131;179;186
2424.0;98;138;185;133;178;186
2430.0;97;138;184;133;180;186
2436.0;95;137;184;134;182;186
2442.0;95;137;184;134;182;186
2448.0;95;136;183;135;183;186
2454.0;96;136;183;134;183;186
2460.0;96;136;182;134;184;186
2466.0;96;136;182;133;184;187
2472.0;96;138;180;134;185;185
2478.0;95;139;179;133;186;186
2484.0;94;139;179;134;187;185
2490.0;96;137;179;135;187;184
2496.0;96;138;179;135;186;184
2502.0;96;138;179;135;186;184
2508.0;94;138;180;136;187;183
2514.0;94;137;180;136;188;183
2520.0;94;138;180;135;188;183
2526.0;94;139;182;135;187;181
2532.0;95;138;181;135;188;181
2538.0;94;137;182;135;189;181
2544.0;94;138;182;134;188;182
2550.0;95;138;182;134;188;181
2556.0;94;138;182;135;188;181
2562.0;94;138;181;135;188;182
2568.0;94;138;181;135;188;182
2574.0;92;138;181;136;189;182
2580.0;92;138;181;137;188;182
2586.0;91;138;181;137;190;181
2592.0;90;137;181;138;190;182
2598.0;90;137;181;138;190;182
2604.0;90;137;181;138;190;182
2610.0;92;135;181;137;190;183
2616.0;90;134;184;136;190;184
2622.0;89;135;186;137;189;182
2628.0;90;135;187;137;188;181
2634.0;91;136;186;137;188;180
2640.0;92;134;186;138;188;180
2646.0;91;136;185;138;188;180
2652.0;90;138;185;138;189;178
2658.0;89;138;185;138;191;177
2664.0;89;138;183;138;192;178
2670.0;91;138;183;138;190;178
2676.0;92;138;183;137;190;178
2682.0;92;138;184;137;189;178
2688.0;92;137;184;138;189;178
2694.0;91;138;184;138;188;179
2700.0;92;137;185;136;189;179
2706.0;94;135;185;135;190;179
2712.0;96;133;186;134;191;178
2718.0;96;134;186;134;191;177
2724.0;96;133;187;133;191;178
2730.0;95;133;187;134;192;177
2736.0;94;132;186;136;193;177
2742.0;94;132;186;136;193;177
2748.0;94;132;186;136;193;177
2754.0;93;133;185;136;193;178
2760.0;93;132;186;136;193;178
2766.0;93;133;186;135;193;178
2772.0;94;133;185;134;194;178
2778.0;97;133;185;132;193;178
2784.0;97;133;185;132;193;178
2790.0;96;132;185;133;193;179
2796.0;96;131;185;133;194;179
2802.0;96;131;185;133;194;179
2808.0;96;130;186;134;193;179
2814.0;96;129;187;133;193;180
2820.0;96;129;188;132;193;180
2826.0;96;129;188;132;193;180
2832.0;97;129;187;132;192;181
2838.0;98;128;187;131;192;182
2844.0;99;129;188;129;192;181
2850.0;97;129;189;130;192;181
2856.0;99;128;191;130;192;178
2862.0;99;128;190;132;192;177
2868.0;98;128;190;133;193;176
2874.0;97;129;190;134;193;175
2880.0;98;128;190;134;193;175
2886.0;99;127;190;135;192;175
2892.0;97;127;191;135;192;176
2898.0;95;130;190;133;191;179
2904.0;93;130;190;134;191;180
2910.0;94;130;190;134;191;179
2916.0;93;129;191;134;192;179
2922.0;94;128;191;135;193;177
2928.0;92;129;191;136;193;177
2934.0;92;130;190;136;193;177
2940.0;94;131;187;136;193;177
2946.0;94;132;187;136;191;178
2952.0;95;132;187;135;191;178
2958.0;94;132;187;136;191;178
2964.0;94;131;188;135;192;178
2970.0;94;131;188;135;192;178
2976.0;94;131;188;135;193;177
2982.0;94;131;189;134;193;177
2988.0;94;132;190;134;192;176
2994.0;94;132;189;135;192;176
3000.0;94;132;189;135;192;176
3006.0;94;133;189;134;192;176
3012.0;94;133;190;134;192;175
3018.0;94;133;190;134;192;175
3024.0;93;134;190;135;191;175
3030.0;92;134;190;135;191;176
3036.0;92;134;190;135;191;176
3042.0;93;133;193;133;191;175
3048.0;93;133;192;134;191;175
3054.0;92;133;192;134;191;176
3060.0;93;132;192;134;191;176
3066.0;93;131;192;135;191;176
3072.0;94;130;192;135;192;175
3078.0;94;134;193;133;191;173
3084.0;94;134;194;133;192;171
3090.0;95;134;194;131;194;170
3096.0;94;134;194;131;194;171
3102.0;94;135;195;130;194;170
3108.0;94;135;195;130;193;171
3114.0;94;135;195;130;193;171
3120.0;94;134;195;130;194;171
3126.0;95;134;194;132;193;170
3132.0;94;135;196;133;190;170
3138.0;95;134;197;132;190;170
3144.0;96;134;197;132;189;170
3150.0;96;134;195;131;191;171
3156.0;96;134;195;130;191;172
3162.0;96;133;195;131;191;172
3168.0;96;133;196;130;190;173
3174.0;96;133;196;131;189;173
3180.0;96;133;196;131;189;173
3186.0;95;132;195;132;190;174
3192.0;95;132;195;132;189;175
3198.0;95;131;195;132;189;176
3204.0;95;131;195;132;189;176
3210.0;95;131;194;133;189;176
3216.0;95;132;194;132;189;176
3222.0;95;131;193;132;190;177
3228.0;94;132;193;132;190;177
3234.0;94;133;192;132;190;177
3240.0;94;133;191;132;190;178
3246.0;95;133;191;131;190;178
3252.0;96;133;190;130;191;178
3258.0;97;133;190;130;191;177
3264.0;96;134;190;129;191;178
3270.0;96;134;190;129;191;178
3276.0;96;132;192;128;192;178
3282.0;97;131;192;128;192;178
3288.0;94;132;192;127;193;180
3294.0;94;132;192;128;192;180
3300.0;95;132;191;128;192;180
3306.0;94;133;192;126;192;181
3312.0;94;133;190;126;192;183
3318.0;93;133;189;126;193;184
3324.0;92;133;189;126;193;185
3330.0;94;132;189;125;193;185
3336.0;93;132;190;126;193;184
3342.0;93;133;189;126;193;184
3348.0;93;134;189;125;190;187
3354.0;93;134;189;125;190;187
3360.0;93;133;190;125;190;187
3366.0;95;133;191;121;190;188
3372.0;94;134;192;121;190;187
3378.0;95;134;191;121;190;187
3384.0;95;135;190;121;190;187
3390.0;95;136;190;121;189;187
3396.0;95;137;188;122;188;188
3402.0;95;136;189;122;188;188
3408.0;97;136;187;123;189;186
3414.0;98;134;189;124;187;186
3420.0;98;134;189;125;187;185
3426.0;99;133;189;125;188;184
3432.0;99;134;187;127;187;184
3438.0;100;133;188;126;187;184
3444.0;99;132;189;126;188;184
3450.0;99;132;189;126;189;183
3456.0;98;132;190;126;189;183
3462.0;98;132;190;129;187;182
3468.0;98;132;191;128;187;182
3474.0;97;132;191;129;187;182
3480.0;97;132;192;129;187;181
3486.0;99;132;192;128;187;180
3492.0;99;132;192;128;187;180
3498.0;98;132;192;129;187;180
3504.0;98;132;192;129;187;180
3510.0;98;132;191;129;187;181
3516.0;97;135;189;129;186;182
3522.0;96;136;189;127;187;183
3528.0;97;136;187;128;188;182
3534.0;96;137;185;129;188;183
3540.0;97;135;185;131;187;183
3546.0;97;135;185;131;187;183
3552.0;97;135;185;131;187;183
3558.0;97;135;185;131;187;183
3564.0;98;134;185;131;186;184
3570.0;98;134;185;131;188;182
3576.0;98;134;184;132;188;182
3582.0;99;133;183;133;188;182
3588.0;98;133;183;135;187;182
3594.0;97;133;183;135;188;182
3600.0;97;133;183;134;189;182
3606.0;98;132;183;134;188;183
3612.0;98;132;183;134;188;183
3618.0;98;132;182;135;188;183
3624.0;98;133;182;134;188;183
3630.0;98;133;182;134;188;183
3636.0;98;133;182;134;188;183
3642.0;98;133;182;135;188;182
3648.0;98;134;182;135;188;181
3654.0;98;134;183;135;188;180
3660.0;99;133;183;135;187;181
3666.0;102;133;184;133;186;180
3672.0;102;134;184;134;186;178
3678.0;101;134;184;134;186;179
3684.0;102;135;183;133;186;179
3690.0;101;136;183;133;187;178
3696.0;103;133;183;134;187;178
3702.0;101;136;183;135;185;178
3708.0;101;136;183;134;186;178
3714.0;101;136;181;134;187;179
3720.0;101;136;181;134;187;179
3726.0;101;136;181;134;187;179
3732.0;101;136;180;133;189;179
3738.0;100;138;180;131;189;180
3744.0;100;139;180;131;189;179
3750.0;98;140;180;131;189;180
3756.0;98;140;180;131;189;180
3762.0;98;139;181;131;189;180
3768.0;99;138;180;131;190;180
3774.0;98;139;180;132;189;180
3780.0;99;140;179;132;187;181
3786.0;99;141;178;132;187;181
3792.0;98;141;179;132;187;181
3798.0;101;141;177;132;186;181
3804.0;102;141;177;132;186;180
3810.0;101;142;177;133;185;180
3816.0;102;143;177;133;184;179
3822.0;102;144;177;133;184;178
3828.0;101;145;176;134;183;179
3834.0;101;145;175;132;186;179
3840.0;101;146;173;133;186;179
3846.0;102;146;173;132;186;179
3852.0;103;147;172;131;186;179
3858.0;103;147;172;132;186;178
3864.0;101;147;172;132;187;179
3870.0;102;147;172;131;188;178
3876.0;102;146;173;131;188;178
3882.0;101;146;173;131;188;179
3888.0;100;146;173;131;189;179
3894.0;101;145;173;132;188;179
3900.0;103;144;171;131;189;180
3906.0;103;144;171;132;188;180
3912.0;103;144;171;132;188;180
3918.0;103;145;171;132;187;180
3924.0;103;146;172;131;186;180
3930.0;102;145;172;131;187;181
3936.0;102;145;173;132;185;181
3942.0;101;146;172;131;185;183
3948.0;101;144;173;130;186;184
3954.0;101;144;173;130;186;184
3960.0;101;144;173;129;187;184
3966.0;100;145;173;129;187;184
3972.0;100;143;172;130;190;183
3978.0;99;143;173;131;188;184
3984.0;100;143;172;131;188;184
3990.0;101;143;174;130;188;182
3996.0;101;143;174;130;189;181
4002.0;102;144;173;131;187;181
4008.0;101;143;172;132;188;182
4014.0;101;142;171;133;189;182
4020.0;101;143;171;133;189;181
4026.0;100;143;170;132;191;182
4032.0;97;144;170;133;192;182
4038.0;97;144;170;133;192;182
4044.0;97;144;170;133;192;182
4050.0;95;146;171;135;191;180
4056.0;95;146;171;134;192;180
4062.0;95;147;171;133;192;180
4068.0;95;147;171;132;193;180
4074.0;95;147;171;131;194;180
4080.0;96;145;169;132;194;182
4086.0;97;146;169;132;194;180
4092.0;97;146;169;133;194;179
4098.0;95;146;169;132;195;181
4104.0;95;148;168;132;194;181
4110.0;95;148;168;132;194;181
4116.0;94;149;168;133;194;180
4122.0;93;150;168;132;194;181
4128.0;93;150;167;133;195;180
4134.0;94;149;167;133;196;179
4140.0;93;150;168;132;196;179
4146.0;93;151;168;129;196;181
4152.0;93;152;168;129;196;180
4158.0;94;152;168;127;196;181
4164.0;94;150;168;128;197;181
4170.0;93;152;168;127;199;179
4176.0;92;152;167;127;201;179
4182.0;91;152;167;126;201;181
4188.0;91;153;167;126;200;181
4194.0;91;153;167;126;200;181
4200.0;91;153;166;126;201;181
4206.0;91;154;166;126;200;181
4212.0;88;155;167;126;201;181
4218.0;88;155;168;125;201;181
4224.0;87;155;169;125;201;181
4230.0;87;156;169;125;200;181
4236.0;87;156;169;125;201;180
4242.0;88;156;169;125;201;179
4248.0;88;157;169;125;201;178
4254.0;86;159;169;125;201;178
4260.0;86;159;168;125;203;177
4266.0;86;160;167;125;203;177
4272.0;89;161;166;123;201;178
4278.0;89;161;166;122;201;179
4284.0;90;161;166;121;201;179
4290.0;91;161;165;121;201;179
4296.0;90;160;164;123;203;178
4302.0;90;160;164;123;203;178
4308.0;92;158;164;123;203;178
4314.0;92;158;164;123;203;178
4320.0;92;157;164;124;203;178
4326.0;92;156;164;125;203;178
4332.0;92;156;164;125;203;178
4338.0;93;155;164;126;203;177
4344.0;94;155;164;126;202;177
4350.0;94;156;163;126;202;177
4356.0;95;156;162;126;202;177
4362.0;95;156;162;127;202;176
4368.0;95;156;162;128;201;176
4374.0;95;156;162;128;200;177
4380.0;95;155;162;128;201;177
4386.0;96;155;163;127;200;177
4392.0;96;155;162;129;199;177
4398.0;96;154;162;129;200;177
4404.0;96;156;162;130;199;175
4410.0;96;157;161;132;199;173
4416.0;95;157;160;133;200;173
4422.0;95;157;160;133;201;172
4428.0;95;158;159;133;201;172
4434.0;96;157;159;133;200;173
4440.0;97;156;159;133;200;173
4446.0;98;156;158;133;200;173
4452.0;98;154;160;133;200;173
4458.0;98;154;160;133;200;173
4464.0;98;154;160;133;200;173
4470.0;97;154;162;132;200;173
4476.0;97;154;161;132;200;174
4482.0;97;154;161;131;200;175
4488.0;97;155;161;130;200;175
4494.0;97;155;161;130;200;175
4500.0;97;155;161;130;200;175
4506.0;98;154;162;129;200;175
4512.0;97;154;162;129;200;176
4518.0;97;153;162;130;200;176
4524.0;97;151;163;130;201;176
4530.0;97;151;163;130;201;176
4536.0;96;152;163;130;201;176
4542.0;95;152;163;131;201;176
4548.0;94;151;165;130;201;177
4554.0;95;151;164;132;200;176
4560.0;95;153;163;132;200;175
4566.0;95;152;163;134;199;175
4572.0;94;151;165;134;199;175
4578.0;93;152;165;135;198;175
4584.0;93;152;164;135;198;176
4590.0;93;149;164;136;200;176
4596.0;93;148;165;136;200;176
4602.0;93;150;164;134;200;177
4608.0;93;149;164;134;200;178
4614.0;93;149;164;133;200;179
4620.0;93;149;165;133;200;178
4626.0;93;149;165;133;200;178
4632.0;93;149;164;133;200;179
4638.0;93;148;165;133;199;180
4644.0;93;148;165;132;199;181
4650.0;95;148;165;132;199;179
4656.0;94;148;165;132;200;179
4662.0;96;148;166;131;198;179
4668.0;96;148;166;132;198;178
4674.0;96;147;168;131;198;178
4680.0;97;147;165;131;198;180
4686.0;97;147;165;131;198;180
4692.0;98;146;165;130;198;181
4698.0;97;146;166;128;200;181
4704.0;97;146;167;126;201;181
4710.0;97;146;167;126;201;181
4716.0;97;147;166;127;200;181
4722.0;98;145;165;127;201;182
4728.0;98;146;166;127;201;180
4734.0;96;146;167;129;201;179
4740.0;96;147;168;129;199;179
4746.0;96;147;168;131;198;178
4752.0;96;148;168;130;198;178
4758.0;95;148;169;130;198;178
4764.0;97;147;169;130;198;177
4770.0;96;148;169;130;198;177
4776.0;95;150;168;129;199;177
4782.0;94;151;167;129;200;177
4788.0;93;151;168;129;200;177
4794.0;94;151;167;129;200;177
4800.0;95;151;166;129;200;177
4806.0;95;151;166;129;200;177
4812.0;95;151;166;129;200;177
4818.0;95;150;168;129;200;176
4824.0;94;149;169;131;199;176
4830.0;95;149;169;129;199;177
4836.0;95;149;169;128;200;177
4842.0;95;150;169;128;200;176
4848.0;94;150;169;128;200;177
4854.0;94;149;169;128;201;177
4860.0;94;148;168;130;202;176
4866.0;95;148;167;131;202;175
4872.0;96;147;167;131;202;175
4878.0;96;147;168;131;202;174
4884.0;96;147;168;131;201;175
4890.0;97;147;168;131;201;174
4896.0;98;147;167;131;202;173
4902.0;96;147;168;130;203;174
4908.0;96;146;168;130;203;175
4914.0;96;146;168;130;204;174
4920.0;96;145;168;132;204;173
4926.0;96;144;169;133;203;173
4932.0;94;148;168;132;203;173
4938.0;93;147;168;133;203;174
4944.0;91;148;168;133;203;175
4950.0;90;148;169;133;203;175
4956.0;90;148;169;133;203;175
4962.0;88;147;170;136;202;175
4968.0;88;147;169;136;203;175
4974.0;88;147;169;136;204;174
4980.0;89;147;168;135;205;174
4986.0;89;147;168;134;206;174
4992.0;90;145;168;134;208;173
4998.0;91;145;168;133;208;173
5004.0;90;145;169;133;208;173
5010.0;90;145;170;132;209;172
5016.0;89;145;170;132;210;172
5022.0;87;146;170;131;211;173
5028.0;86;146;170;132;211;173
5034.0;86;146;170;132;210;174
5040.0;86;146;170;132;210;174
5046.0;86;146;170;132;210;174
5052.0;86;146;170;132;210;174
5058.0;87;147;170;131;209;174
5064.0;87;147;170;131;209;174
5070.0;87;147;170;131;209;174
5076.0;86;147;171;131;207;176
5082.0;87;145;171;131;208;176
5088.0;87;145;171;131;208;176
5094.0;87;144;173;131;208;175
5100.0;87;145;173;130;207;176
5106.0;86;146;174;129;206;177
5112.0;86;144;176;129;207;176
5118.0;86;143;177;129;207;176
5124.0;84;143;176;129;208;178
5130.0;84;143;177;128;208;178
5136.0;83;144;176;129;208;178
5142.0;83;145;174;128;210;178
5148.0;83;144;174;128;209;180
5154.0;84;143;174;129;209;179
5160.0;83;144;175;129;208;179
5166.0;83;143;176;129;209;178
5172.0;83;145;174;129;209;178
5178.0;83;145;174;129;209;178
5184.0;83;145;174;128;209;179
5190.0;83;145;175;127;210;178
5196.0;84;145;173;126;211;179
5202.0;84;146;173;127;210;178
5208.0;85;146;173;127;210;177
5214.0;86;146;175;127;207;177
5220.0;87;147;175;127;206;176
5226.0;87;146;175;126;206;178
5232.0;87;146;175;126;206;178
5238.0;87;148;175;126;205;177
5244.0;86;147;176;127;204;178
5250.0;86;147;176;127;204;178
5256.0;86;147;176;126;205;178
5262.0;85;148;176;127;205;177
5268.0;85;148;176;126;206;177
5274.0;86;148;174;127;206;177
5280.0;87;147;173;128;206;177
5286.0;86;148;171;129;207;177
5292.0;86;149;170;129;205;179
5298.0;88;149;171;128;204;178
5304.0;89;148;171;128;204;178
5310.0;89;147;171;128;204;179
5316.0;89;148;171;129;202;179
5322.0;90;147;171;129;202;179
5328.0;90;147;171;129;202;179
5334.0;90;148;170;128;203;179
5340.0;91;148;169;128;203;179
5346.0;90;148;169;130;202;179
5352.0;90;149;169;129;202;179
5358.0;91;149;169;129;201;179
5364.0;91;149;168;129;201;180
5370.0;93;150;166;129;200;180
5376.0;94;149;165;129;201;180
5382.0;94;150;165;129;201;179
5388.0;94;148;166;129;202;179
5394.0;95;148;166;130;200;179
5400.0;95;148;166;131;200;178
5406.0;94;148;166;133;199;178
5412.0;93;148;166;133;201;177
5418.0;93;148;166;133;200;178
5424.0;92;149;166;134;199;178
5430.0;91;148;165;134;201;179
5436.0;88;148;163;135;201;183
5442.0;88;148;163;135;201;183
5448.0;87;147;164;135;202;183
5454.0;88;147;163;135;202;183
5460.0;88;147;163;134;201;185
5466.0;90;146;164;134;199;185
5472.0;90;147;163;133;200;185
5478.0;89;146;163;134;201;185
5484.0;88;147;163;134;200;186
5490.0;89;147;163;133;200;186
5496.0;89;147;163;132;199;188
5502.0;89;148;163;132;199;187
5508.0;90;149;162;133;198;186
5514.0;90;149;163;132;198;186
5520.0;90;149;163;133;197;186
5526.0;91;149;163;132;196;187
5532.0;91;149;162;132;196;188
5538.0;91;149;162;133;196;187
5544.0;90;150;161;134;197;186
5550.0;90;149;162;134;197;186
5556.0;90;151;162;134;195;186
5562.0;90;153;161;135;194;185
5568.0;88;154;162;134;194;186
5574.0;87;154;165;133;195;184
5580.0;87;153;165;134;195;184
5586.0;87;153;166;133;195;184
5592.0;87;153;166;133;196;183
5598.0;87;152;165;133;198;183
5604.0;88;150;165;133;198;184
5610.0;87;150;166;133;198;184
5616.0;87;149;166;133;198;185
5622.0;87;151;166;133;198;183
5628.0;87;151;167;134;197;182
5634.0;88;152;166;133;198;181
5640.0;88;153;166;133;197;181
5646.0;88;152;166;134;197;181
5652.0;87;152;166;134;197;182
5658.0;87;151;166;134;197;183
5664.0;88;151;165;134;197;183
5670.0;87;150;165;133;201;182
5676.0;87;150;167;133;200;181
5682.0;87;150;167;133;200;181
5688.0;89;149;166;132;201;181
5694.0;89;150;166;131;201;181
5700.0;91;149;165;131;201;181
5706.0;91;148;165;130;203;181
5712.0;91;148;165;130;203;181
5718.0;91;152;162;129;203;181
5724.0;90;152;162;130;203;181
5730.0;91;152;162;129;203;181
5736.0;91;151;163;130;203;180
5742.0;90;151;164;130;204;179
5748.0;90;150;165;131;204;178
5754.0;90;149;166;130;204;179
5760.0;91;149;166;130;204;178
5766.0;92;148;166;130;204;178
5772.0;93;148;166;131;203;177
5778.0;94;148;166;132;201;177
5784.0;94;149;166;130;201;178
5790.0;94;149;167;129;201;178
5796.0;94;149;167;128;201;179
5802.0;95;148;167;127;201;180
5808.0;93;149;166;127;202;181
5814.0;93;150;166;125;202;182
5820.0;93;151;167;125;201;181
5826.0;93;152;168;125;199;181
5832.0;94;152;167;125;198;182
5838.0;95;152;166;125;198;182
5844.0;95;152;166;126;198;181
5850.0;95;152;165;126;198;182
5856.0;96;152;165;126;197;182
5862.0;97;153;164;124;197;183
5868.0;97;151;164;126;197;183
5874.0;99;151;163;125;197;183
5880.0;99;151;163;126;197;182
5886.0;99;151;165;126;196;181
5892.0;100;151;165;126;196;180
5898.0;100;152;163;127;195;181
5904.0;99;152;164;128;196;179
5910.0;99;152;164;128;196;179
5916.0;99;151;165;128;196;179
5922.0;100;151;164;129;196;178
5928.0;100;150;164;129;197;178
5934.0;101;150;164;130;196;177
5940.0;101;150;164;130;196;177
5946.0;100;151;164;129;197;177
5952.0;100;150;164;130;197;177
5958.0;99;149;164;133;197;176
5964.0;99;147;165;132;197;178
5970.0;98;147;164;132;197;180
5976.0;99;146;164;133;196;180
5982.0;100;146;164;134;194;180
5988.0;98;146;164;134;195;181
5994.0;99;147;163;133;195;181
6000.0;100;146;163;133;195;181
6006.0;97;146;164;135;194;182
6012.0;97;147;164;135;193;182
6018.0;93;149;165;135;194;182
6024.0;95;149;163;135;194;182
6030.0;94;148;164;135;195;182
6036.0;93;148;165;137;195;180
6042.0;95;148;165;136;195;179
6048.0;95;149;163;136;196;179
6054.0;95;147;164;136;196;180
6060.0;95;147;165;136;195;180
6066.0;94;148;163;139;194;180
6072.0;97;148;163;136;194;180
6078.0;95;147;163;136;194;183
6084.0;96;147;162;136;194;183
6090.0;96;146;162;136;194;184
6096.0;96;146;162;136;194;184
6102.0;96;146;162;135;195;184
6108.0;97;145;162;135;195;184
6114.0;97;144;163;135;195;184
6120.0;96;146;163;133;195;185
6126.0;96;145;164;133;194;186
6132.0;96;145;165;133;194;185
6138.0;96;147;165;133;192;185
6144.0;97;147;165;133;192;184
6150.0;97;148;165;132;192;184
6156.0;99;147;165;131;191;185
6162.0;98;147;166;131;191;185
6168.0;98;146;166;131;190;187
6174.0;97;145;166;131;190;189
6180.0;97;145;166;129;190;191
6186.0;97;143;165;131;191;191
6192.0;97;145;165;130;190;191
6198.0;98;145;165;130;189;191
6204.0;98;145;165;130;189;191
6210.0;98;145;167;130;188;190
6216.0;100;147;166;130;187;188
6222.0;99;147;169;129;186;188
6228.0;99;146;170;130;185;188
6234.0;99;145;171;130;185;188
6240.0;99;144;171;130;186;188
6246.0;98;144;171;130;188;187
6252.0;98;145;173;128;188;186
6258.0;97;147;172;128;187;187
6264.0;99;147;172;127;186;187
6270.0;98;147;172;128;187;186
6276.0;98;147;172;128;187;186
6282.0;97;147;173;127;187;187
6288.0;97;148;173;126;187;187
6294.0;95;150;173;127;186;187
6300.0;95;149;174;127;186;187
6306.0;93;150;175;127;186;187
6312.0;92;150;175;128;185;188
6318.0;91;151;175;128;184;189
6324.0;90;151;175;129;184;189
6330.0;91;151;175;129;183;189
6336.0;91;151;175;129;183;189
6342.0;91;152;173;130;183;189
6348.0;91;152;173;131;181;190
6354.0;91;152;173;131;181;190
6360.0;91;152;174;130;181;190
6366.0;88;153;175;129;181;192
6372.0;88;153;176;129;180;192
6378.0;88;153;176;130;179;192
6384.0;90;153;176;129;178;192
6390.0;90;153;176;131;178;190
6396.0;89;154;176;131;178;190
6402.0;87;152;178;131;179;191
6408.0;86;152;180;131;179;190
6414.0;86;152;180;132;178;190
6420.0;86;152;179;132;179;190
6426.0;86;151;180;133;179;189
6432.0;86;149;181;134;178;190
6438.0;85;149;181;134;178;191
6444.0;84;149;182;134;178;191
6450.0;84;149;186;134;176;189
6456.0;84;149;186;134;176;189
6462.0;84;149;186;134;176;189
6468.0;83;149;187;133;176;190
6474.0;82;149;188;133;176;190
6480.0;82;149;188;133;176;190
6486.0;82;149;187;133;176;191
6492.0;81;150;187;134;176;190
6498.0;79;150;186;134;177;192
6504.0;78;150;186;134;178;192
6510.0;78;150;186;134;178;192
6516.0;77;152;186;132;178;193
6522.0;77;151;187;132;178;193
6528.0;77;150;187;131;179;194
6534.0;78;149;187;131;178;195
6540.0;78;149;187;131;178;195
6546.0;78;149;187;131;177;196
6552.0;78;149;188;131;177;195
6558.0;79;148;188;131;176;196
6564.0;79;148;188;131;176;196
6570.0;78;149;189;131;176;195
6576.0;78;148;190;131;176;195
6582.0;78;147;190;130;178;195
6588.0;78;147;190;129;179;195
6594.0;78;148;188;130;179;195
6600.0;78;147;188;130;179;196
6606.0;78;147;189;130;180;194
6612.0;80;146;188;131;180;193
6618.0;80;146;188;131;180;193
6624.0;80;146;188;131;180;193
6630.0;78;146;188;131;181;194
6636.0;78;146;188;130;182;194
6642.0;78;145;189;130;182;194
6648.0;79;145;189;129;184;192
6654.0;79;144;188;129;186;192
6660.0;79;144;188;130;185;192
6666.0;79;144;188;130;185;192
6672.0;78;144;188;131;185;192
6678.0;78;144;189;131;184;192
6684.0;78;144;189;131;184;192
6690.0;78;144;188;130;185;193
6696.0;78;144;188;131;183;194
6702.0;78;144;188;131;182;195
6708.0;78;144;189;130;182;195
6714.0;77;144;189;130;183;195
6720.0;77;142;189;131;184;195
6726.0;77;142;188;133;183;195
6732.0;78;143;187;133;182;195
6738.0;81;141;187;133;181;195
6744.0;81;141;187;132;181;196
6750.0;81;141;187;133;181;195
6756.0;82;141;187;133;181;194
6762.0;83;141;186;134;181;193
6768.0;83;141;186;135;180;193
6774.0;81;141;187;135;182;192
6780.0;81;142;186;135;182;192
6786.0;81;144;186;135;180;192
6792.0;81;146;185;134;180;192
6798.0;81;146;185;134;180;192
6804.0;81;146;184;135;180;192
6810.0;81;146;185;135;179;192
6816.0;82;146;186;134;179;191
6822.0;82;146;186;134;179;191
6828.0;83;146;185;134;179;191
6834.0;83;147;185;133;179;191
6840.0;82;147;184;134;179;192
6846.0;83;146;184;134;180;191
6852.0;83;145;184;135;180;191
6858.0;81;148;183;135;180;191
6864.0;83;149;183;134;179;190
6870.0;84;149;183;133;179;190
6876.0;83;150;184;132;179;190
6882.0;83;150;184;132;179;190
6888.0;83;151;185;130;179;190
6894.0;83;151;185;130;179;190
6900.0;83;150;185;130;179;191
6906.0;82;149;185;129;180;193
6912.0;83;148;186;128;180;193
6918.0;84;148;187;127;180;192
6924.0;85;147;187;128;180;191
6930.0;86;147;187;128;179;191
6936.0;86;147;187;128;179;191
6942.0;86;147;187;128;180;190
6948.0;85;147;187;127;181;191
6954.0;85;147;187;126;181;192
6960.0;84;147;189;126;181;191
6966.0;84;147;189;126;181;191
6972.0;85;148;189;125;180;191
6978.0;84;147;190;125;180;192
6984.0;85;147;190;125;178;193
6990.0;85;147;191;124;178;193
6996.0;86;147;191;125;178;191
7002.0;86;147;191;125;179;190
7008.0;86;147;190;127;178;190
7014.0;86;145;191;127;179;190
7020.0;86;144;191;128;179;190
7026.0;86;145;192;127;179;189
7032.0;86;145;192;127;179;189
7038.0;87;145;191;127;179;189
7044.0;87;147;191;127;178;188
7050.0;87;146;192;127;178;188
7056.0;86;146;192;126;179;189
7062.0;86;146;192;126;179;189
7068.0;86;147;192;126;178;189
7074.0;86;147;192;126;178;189
7080.0;85;147;191;126;179;190
7086.0;85;148;190;126;179;190
7092.0;84;147;192;125;179;191
7098.0;83;147;192;125;179;192
7104.0;84;149;190;124;178;193
7110.0;83;150;189;123;178;195
7116.0;82;148;188;124;180;196
7122.0;80;151;187;124;180;196
7128.0;81;150;187;126;179;195
7134.0;81;150;188;126;178;195
7140.0;82;148;188;127;178;195
7146.0;82;148;188;127;178;195
7152.0;82;147;187;127;179;196
7158.0;83;144;189;128;179;195
7164.0;83;144;189;128;179;195
7170.0;82;144;189;128;180;195
7176.0;83;144;191;125;180;195
7182.0;83;144;191;123;182;195
7188.0;83;145;191;123;182;194
7194.0;83;145;191;123;181;195
7200.0;83;144;191;123;181;196
7206.0;83;144;190;124;180;197
7212.0;83;143;190;124;180;198
7218.0;84;143;189;124;180;198
7224.0;84;142;190;124;181;197
7230.0;83;143;189;124;182;197
7236.0;83;144;190;122;182;197
7242.0;83;145;189;122;182;197
7248.0;83;145;189;122;182;197
7254.0;84;146;190;121;181;196
7260.0;84;146;190;121;181;196
7266.0;85;147;188;121;180;197
7272.0;86;147;188;121;180;196
7278.0;86;147;188;121;180;196
7284.0;85;146;187;123;180;197
7290.0;85;146;188;123;179;197
7296.0;85;146;187;123;179;198
7302.0;86;145;185;124;180;198
7308.0;86;144;185;124;180;199
7314.0;87;144;187;123;178;199
7320.0;86;144;186;123;179;200
7326.0;87;143;186;124;179;199
7332.0;87;143;186;124;179;199
7338.0;87;143;187;125;178;198
7344.0;88;143;187;125;177;198
7350.0;88;143;187;126;177;197
7356.0;88;142;187;125;179;197
7362.0;88;140;187;127;179;197
7368.0;86;140;188;127;181;196
7374.0;87;140;186;127;181;197
7380.0;86;140;186;127;181;198
7386.0;86;141;186;126;181;198
7392.0;86;141;186;126;181;198
7398.0;86;140;185;127;181;199
7404.0;85;141;185;127;181;199
7410.0;85;142;184;128;180;199
7416.0;86;141;185;128;180;198
7422.0;86;141;184;128;182;197
7428.0;86;141;184;128;182;197
7434.0;86;141;184;128;183;196
7440.0;86;140;185;128;182;197
7446.0;85;141;185;128;182;197
7452.0;85;142;185;126;181;199
7458.0;86;143;184;124;181;200
7464.0;86;143;183;124;181;201
7470.0;87;144;182;123;183;199
7476.0;88;143;182;122;183;200
7482.0;88;144;183;123;182;198
7488.0;88;144;183;123;182;198
7494.0;88;145;183;123;181;198
7500.0;88;145;182;123;181;199
7506.0;88;145;180;124;182;199
7512.0;88;144;180;124;181;201
7518.0;87;145;181;123;182;200
7524.0;86;145;181;123;182;201
7530.0;87;145;180;123;181;202
7536.0;86;145;180;124;181;202
7542.0;86;145;180;125;180;202
7548.0;84;144;180;126;181;203
7554.0;84;143;181;127;182;201
7560.0;85;144;181;125;181;202
7566.0;85;144;181;125;181;202
7572.0;86;144;179;125;182;202
7578.0;85;144;179;125;183;202
7584.0;86;143;180;126;182;201
7590.0;85;145;180;125;183;200
7596.0;85;145;180;125;183;200
7602.0;86;145;180;125;182;200
7608.0;86;145;181;124;182;200
7614.0;86;143;183;123;184;199
7620.0;86;143;183;124;183;199
7626.0;86;143;183;124;183;199
7632.0;86;143;183;125;183;198
7638.0;85;143;183;127;183;197
7644.0;85;143;183;127;183;197
7650.0;85;142;182;127;183;199
7656.0;85;141;182;127;182;201
7662.0;84;142;181;127;183;201
7668.0;83;142;182;128;183;200
7674.0;84;142;183;127;181;201
7680.0;84;142;183;127;181;201
7686.0;83;141;185;126;180;203
7692.0;83;141;186;126;180;202
7698.0;83;140;186;125;181;203
7704.0;83;140;186;126;181;202
7710.0;83;140;185;126;182;202
7716.0;84;140;184;126;182;202
7722.0;84;141;183;126;183;201
7728.0;84;141;184;125;182;202
7734.0;85;142;181;125;183;202
7740.0;84;142;182;125;184;201
7746.0;84;142;181;125;184;202
7752.0;85;141;180;126;183;203
7758.0;85;141;180;126;183;203
7764.0;84;142;180;126;182;204
7770.0;82;142;180;127;183;204
7776.0;83;141;180;127;183;204
7782.0;83;141;181;126;183;204
7788.0;84;140;180;127;183;204
7794.0;83;139;180;127;183;206
7800.0;84;139;179;127;183;206
7806.0;84;140;179;126;182;207
7812.0;85;139;181;125;182;206
7818.0;84;140;180;125;183;206
7824.0;85;140;179;125;183;206
7830.0;85;139;180;125;183;206
7836.0;85;139;180;126;183;205
7842.0;85;140;180;125;183;205
7848.0;85;141;178;125;184;205
7854.0;85;141;178;125;184;205
7860.0;84;141;178;125;184;206
7866.0;84;141;179;124;184;206
7872.0;83;142;178;124;184;207
7878.0;83;142;177;124;184;208
7884.0;83;143;177;124;183;208
7890.0;82;144;178;125;180;209
7896.0;82;143;178;126;180;209
7902.0;82;143;178;125;180;210
7908.0;82;143;178;125;180;210
7914.0;82;143;178;125;180;210
7920.0;83;142;179;125;181;208
7926.0;82;142;177;127;181;209
7932.0;81;144;176;126;181;210
7938.0;82;145;174;126;180;211
7944.0;83;145;174;125;180;211
7950.0;83;145;173;125;180;212
7956.0;81;144;175;126;180;212
7962.0;82;144;175;125;180;212
7968.0;84;144;175;124;179;212
7974.0;85;143;175;124;179;212
7980.0;85;143;175;124;179;212
7986.0;85;143;175;124;179;212
7992.0;85;143;175;123;178;214
7998.0;85;142;175;124;177;215
8004.0;85;142;175;124;177;215
8010.0;86;143;174;123;176;216
8016.0;86;143;174;123;176;216
8022.0;87;143;174;122;177;215
8028.0;87;143;173;123;177;215
8034.0;85;143;173;123;177;217
8040.0;82;145;173;124;177;217
8046.0;82;145;172;124;177;218
8052.0;82;145;172;124;177;218
8058.0;83;145;170;123;178;219
8064.0;83;145;170;123;178;219
8070.0;85;147;169;122;176;219
8076.0;84;147;169;123;176;219
8082.0;84;147;169;123;176;219
8088.0;82;148;170;120;177;221
8094.0;82;147;170;120;178;221
8100.0;82;147;169;120;179;221
8106.0;83;147;169;120;179;220
8112.0;84;147;169;119;178;221
8118.0;84;148;170;119;177;220
8124.0;83;147;170;120;178;220
8130.0;83;148;170;120;178;219
8136.0;82;149;171;119;178;219
8142.0;82;151;171;118;178;218
8148.0;82;151;171;119;177;218
8154.0;82;152;171;119;178;216
8160.0;82;151;172;119;179;215
8166.0;81;151;171;119;180;216
8172.0;81;151;170;119;180;217
8178.0;81;151;171;119;180;216
8184.0;80;150;172;118;180;218
8190.0;81;150;171;119;180;217
8196.0;82;150;170;119;180;217
8202.0;82;149;170;119;181;217
8208.0;82;148;170;120;181;217
8214.0;80;148;170;120;183;217
8220.0;80;148;170;120;183;217
8226.0;81;148;169;120;183;217
8232.0;81;148;169;121;183;216
8238.0;82;149;168;121;182;216
8244.0;83;150;170;120;180;215
8250.0;83;151;170;120;181;213
8256.0;82;150;170;120;183;213
8262.0;82;151;170;120;183;212
8268.0;82;151;170;119;183;213
8274.0;83;151;169;119;183;213
8280.0;83;151;168;120;183;213
8286.0;84;151;168;119;182;214
8292.0;84;151;167;119;182;215
8298.0;84;150;167;120;181;216
8304.0;82;151;168;120;181;216
8310.0;83;152;168;122;181;212
8316.0;82;152;169;122;179;214
8322.0;82;152;169;122;179;214
8328.0;83;153;171;121;178;212
8334.0;84;153;171;120;178;212
8340.0;83;152;172;120;179;212
8346.0;83;152;172;121;178;212
8352.0;84;150;173;121;176;214
8358.0;83;150;173;121;176;215
8364.0;82;151;173;119;178;215
8370.0;83;151;173;118;179;214
8376.0;83;151;172;118;181;213
8382.0;84;151;171;118;182;212
8388.0;84;151;171;119;181;212
8394.0;84;151;171;119;181;212
8400.0;82;151;171;118;182;214
8406.0;82;152;170;118;181;215
8412.0;83;151;170;120;180;214
8418.0;83;152;168;120;182;213
8424.0;84;151;169;120;182;212
8430.0;85;150;170;119;182;212
8436.0;85;150;170;120;182;211
8442.0;85;150;170;121;181;211
8448.0;85;150;170;121;181;211
8454.0;85;151;171;120;180;211
8460.0;85;150;170;120;181;212
8466.0;86;150;169;121;182;210
8472.0;87;151;167;121;182;210
8478.0;86;152;167;121;183;209
8484.0;86;152;167;122;182;209
8490.0;86;152;166;122;183;209
8496.0;86;152;165;123;184;208
8502.0;86;153;165;123;183;208
8508.0;86;153;166;122;184;207
8514.0;85;150;167;125;184;207
8520.0;87;148;168;126;183;206
8526.0;87;147;169;126;183;206
8532.0;88;146;168;127;181;208
8538.0;88;146;167;126;183;208
8544.0;88;146;166;126;184;208
8550.0;88;146;166;126;184;208
8556.0;88;146;165;127;184;208
8562.0;88;147;165;126;184;208
8568.0;87;147;166;127;184;207
8574.0;87;147;166;127;184;207
8580.0;87;147;166;127;184;207
8586.0;88;147;164;127;184;208
8592.0;88;148;164;126;184;208
8598.0;88;147;164;127;184;208
8604.0;89;147;164;127;184;207
8610.0;89;147;164;127;184;207
8616.0;89;146;164;127;185;207
8622.0;90;146;164;125;185;208
8628.0;90;146;165;126;183;208
8634.0;90;145;165;126;184;208
8640.0;89;146;167;126;182;208
8646.0;87;147;168;126;182;208
8652.0;86;148;169;125;182;208
8658.0;86;148;169;125;182;208
8664.0;86;149;169;124;182;208
8670.0;86;149;169;124;182;208
8676.0;86;148;168;125;183;208
8682.0;86;148;169;126;183;206
8688.0;85;149;168;126;184;206
8694.0;86;151;168;126;181;206
8700.0;86;151;168;126;180;207
8706.0;86;152;169;126;179;206
8712.0;84;152;170;126;179;207
8718.0;86;152;170;126;177;207
8724.0;86;153;169;128;177;205
8730.0;86;154;168;128;177;205
8736.0;87;153;168;128;177;205
8742.0;88;152;168;128;177;205
8748.0;88;151;169;126;178;206
8754.0;88;151;169;126;178;206
8760.0;88;151;168;127;177;207
8766.0;88;152;168;126;177;207
8772.0;89;153;166;126;176;208
8778.0;89;153;166;126;176;208
8784.0;90;152;167;125;176;208
8790.0;89;151;168;125;176;209
8796.0;89;151;168;126;176;208
8802.0;87;150;168;126;177;210
8808.0;87;150;168;127;177;209
8814.0;87;150;167;127;177;210
8820.0;87;150;168;127;177;209
8826.0;86;151;167;127;178;209
8832.0;86;151;168;128;177;208
8838.0;86;151;168;128;178;207
8844.0;86;153;167;128;177;207
8850.0;86;152;168;128;176;208
8856.0;85;152;168;129;179;205
8862.0;85;152;169;130;178;204
8868.0;84;151;171;129;179;204
8874.0;85;150;170;129;178;206
8880.0;85;149;172;128;177;207
8886.0;84;150;172;130;176;206
8892.0;83;149;172;132;176;206
8898.0;82;149;172;132;177;206
8904.0;82;148;172;132;178;206
8910.0;82;147;172;133;177;207
8916.0;81;147;172;133;178;207
8922.0;82;148;173;131;177;207
8928.0;81;148;173;132;177;207
8934.0;83;147;173;132;176;207
8940.0;85;147;172;131;176;207
8946.0;85;147;172;131;175;208
8952.0;85;147;173;131;175;207
8958.0;84;147;175;131;175;206
8964.0;83;147;176;131;175;206
8970.0;82;147;177;131;175;206
8976.0;81;147;177;132;175;206
8982.0;80;145;179;133;175;206
8988.0;79;145;179;134;175;206
8994.0;79;144;179;134;175;207
9000.0;79;144;179;134;175;207
9006.0;79;145;178;136;174;206
9012.0;78;144;178;137;174;207
9018.0;78;144;178;137;174;207
9024.0;78;145;176;138;174;207
9030.0;78;145;176;138;174;207
9036.0;77;145;176;138;174;208
9042.0;76;146;176;138;174;208
9048.0;76;145;176;138;175;208
9054.0;76;144;176;139;175;208
9060.0;76;144;176;139;175;208
9066.0;76;144;177;138;175;208
9072.0;78;144;177;136;175;208
9078.0;78;144;178;137;174;207
9084.0;77;145;179;135;174;208
9090.0;79;143;179;135;174;208
9096.0;79;142;180;136;174;207
9102.0;79;141;181;136;174;207
9108.0;77;141;180;137;176;207
9114.0;77;141;180;137;176;207
9120.0;77;141;181;137;176;206
9126.0;78;141;181;136;176;206
9132.0;78;141;181;136;176;206
9138.0;79;141;181;135;176;206
9144.0;79;141;181;136;175;206
9150.0;78;140;182;137;175;206
9156.0;78;141;182;137;173;207
9162.0;79;141;181;135;175;207
9168.0;80;140;181;135;176;206
9174.0;80;141;181;134;177;205
9180.0;80;140;181;135;177;205
9186.0;79;140;181;135;178;205
9192.0;78;141;180;136;178;205
9198.0;79;141;181;134;178;205
9204.0;79;141;181;133;178;206
9210.0;79;140;181;134;178;206
9216.0;80;142;180;133;177;206
9222.0;81;143;179;132;176;207
9228.0;81;143;178;131;178;207
9234.0;81;143;178;131;178;207
9240.0;81;143;178;131;178;207
9246.0;80;142;178;132;180;206
9252.0;80;142;178;132;179;207
9258.0;80;142;178;132;179;207
9264.0;81;143;178;132;178;206
9270.0;79;143;179;133;178;206
9276.0;80;143;179;133;179;204
9282.0;80;141;179;132;181;205
9288.0;81;141;179;132;179;206
9294.0;83;140;178;132;179;206
9300.0;83;140;179;132;178;206
9306.0;83;140;178;133;178;206
9312.0;83;140;178;133;178;206
9318.0;84;141;179;133;176;205
9324.0;83;141;177;133;178;206
9330.0;82;141;176;134;178;207
9336.0;82;142;176;132;180;206
9342.0;81;142;178;131;180;206
9348.0;81;141;178;132;179;207
9354.0;82;141;178;131;179;207
9360.0;82;142;179;128;179;208
9366.0;83;140;179;129;179;208
9372.0;82;142;178;129;179;208
9378.0;82;142;177;130;179;208
9384.0;82;141;177;131;179;208
9390.0;82;141;177;131;179;208
9396.0;82;141;177;131;178;209
9402.0;82;140;177;131;178;210
9408.0;84;139;175;132;178;210
9414.0;84;139;175;132;177;211
9420.0;85;140;174;131;177;211
9426.0;85;140;174;131;177;211
9432.0;87;137;175;131;177;211
9438.0;87;136;175;131;178;211
9444.0;87;135;174;133;178;211
9450.0;86;135;174;133;179;211
9456.0;87;136;172;133;178;212
9462.0;86;136;172;133;179;212
9468.0;86;136;173;133;179;211
9474.0;85;136;173;134;179;211
9480.0;85;137;173;133;179;211
9486.0;86;136;173;133;179;211
9492.0;86;135;173;132;181;211
9498.0;85;137;173;132;181;210
9504.0;85;136;173;132;180;212
9510.0;85;135;175;132;180;211
9516.0;85;134;175;131;180;213
9522.0;84;134;175;131;180;214
9528.0;83;133;175;130;182;215
9534.0;82;133;175;130;183;215
9540.0;82;134;175;130;183;214
9546.0;81;134;176;130;184;213
9552.0;81;135;176;129;184;213
9558.0;80;136;176;129;185;212
9564.0;79;135;176;130;186;212
9570.0;78;136;177;130;185;212
9576.0;79;135;177;131;185;211
9582.0;79;135;177;131;185;211
9588.0;79;135;176;133;185;210
9594.0;79;135;174;133;187;210
9600.0;79;134;175;133;187;210
9606.0;79;134;175;133;185;212
9612.0;81;133;175;133;184;212
9618.0;81;132;176;133;184;212
9624.0;83;132;175;132;185;211
9630.0;83;131;175;132;186;211
9636.0;82;132;175;133;185;211
9642.0;82;132;175;133;185;211
9648.0;82;131;175;133;186;211
9654.0;83;131;174;132;186;212
9660.0;86;131;174;130;185;212
9666.0;87;130;173;131;185;212
9672.0;86;130;174;132;184;212
9678.0;85;130;174;132;183;214
9684.0;85;130;173;132;184;214
9690.0;84;131;173;132;184;214
9696.0;84;132;173;132;183;214
9702.0;84;133;172;132;183;214
9708.0;83;134;172;132;184;213
9714.0;83;134;171;133;184;213
9720.0;82;134;170;131;185;216
9726.0;82;135;170;130;185;216
9732.0;82;136;171;129;185;215
9738.0;82;136;170;129;185;216
9744.0;82;135;170;130;185;216
9750.0;82;136;170;131;184;215
9756.0;82;136;170;132;183;215
9762.0;83;136;170;132;183;214
9768.0;83;137;170;132;182;214
9774.0;83;137;171;131;182;214
9780.0;85;137;171;130;181;214
9786.0;84;137;169;131;181;216
9792.0;86;138;170;129;180;215
9798.0;87;137;169;129;181;215
9804.0;88;137;168;129;182;214
9810.0;86;137;170;127;184;214
9816.0;86;137;170;127;184;214
9822.0;86;138;170;127;183;214
9828.0;87;137;171;126;184;213
9834.0;87;136;171;127;184;213
9840.0;88;136;171;126;184;213
9846.0;87;138;171;125;185;212
9852.0;87;138;171;125;185;212
9858.0;89;137;171;125;183;213
9864.0;90;137;171;125;182;213
9870.0;89;138;169;125;183;214
9876.0;88;138;168;125;184;215
9882.0;87;138;169;124;184;216
9888.0;87;137;170;124;184;216
9894.0;87;136;173;124;182;216
9900.0;86;135;174;126;181;216
9906.0;85;135;174;128;181;215
9912.0;87;136;173;127;181;214
9918.0;87;136;173;127;181;214
9924.0;87;136;173;127;181;214
9930.0;86;135;174;127;181;215
9936.0;86;135;174;127;181;215
9942.0;86;135;173;127;182;215
9948.0;86;133;174;127;183;215
9954.0;86;133;176;128;182;213
9960.0;87;133;176;128;182;212
9966.0;86;132;176;129;183;212
9972.0;86;134;177;128;182;211
9978.0;86;134;176;128;182;212
9984.0;86;134;176;127;183;212
9990.0;84;136;176;127;184;211
9996.0;83;136;176;126;185;212
10002.0;83;135;176;126;186;212
10008.0;82;134;176;126;186;214
10014.0;82;135;175;126;187;213
10020.0;82;134;175;126;187;214
10026.0;82;134;175;126;187;214
10032.0;83;135;175;125;186;214
10038.0;83;135;176;125;186;213
10044.0;82;136;176;125;186;213
10050.0;81;136;176;126;187;212
10056.0;81;136;177;127;186;211
10062.0;80;137;176;127;186;212
10068.0;80;137;176;127;186;212
10074.0;81;137;175;127;186;212
10080.0;82;138;175;126;185;212
10086.0;82;138;175;126;185;212
10092.0;82;137;175;126;186;212
10098.0;82;137;176;127;185;211
10104.0;82;138;176;127;185;210
10110.0;82;138;176;128;186;208
10116.0;82;137;177;127;186;209
10122.0;81;137;176;128;188;208
10128.0;82;137;176;127;187;209
10134.0;82;136;176;127;187;210
10140.0;83;135;176;127;187;210
10146.0;83;134;177;126;188;210
10152.0;83;134;176;126;190;209
10158.0;83;135;176;125;190;209
10164.0;83;135;175;126;190;209
10170.0;83;135;174;127;190;209
10176.0;82;135;175;128;192;206
10182.0;82;135;175;128;192;206
10188.0;82;136;175;127;192;206
10194.0;83;136;174;127;192;206
10200.0;83;136;174;127;192;206
10206.0;82;137;174;126;192;207
10212.0;82;138;173;125;190;210
10218.0;82;138;172;125;191;210
10224.0;82;138;172;126;190;210
10230.0;82;138;172;126;190;210
10236.0;82;139;172;126;190;209
10242.0;82;139;172;126;190;209
10248.0;80;140;173;125;192;208
10254.0;79;140;173;125;192;209
10260.0;81;139;173;123;193;209
10266.0;80;140;173;123;195;207
10272.0;80;140;173;124;194;207
10278.0;80;140;172;126;194;206
10284.0;79;140;171;127;194;207
10290.0;80;140;172;126;193;207
10296.0;80;141;172;125;193;207
10302.0;79;142;172;124;194;207
10308.0;79;141;173;125;194;206
10314.0;79;141;172;127;193;206
10320.0;79;141;172;128;193;205
10326.0;79;142;172;128;193;204
10332.0;80;141;172;127;193;205
10338.0;80;142;172;127;192;205
10344.0;80;142;174;127;191;204
10350.0;80;142;174;128;191;203
10356.0;80;142;174;128;191;203
10362.0;80;142;174;128;191;203
10368.0;81;141;173;129;191;203
10374.0;80;141;172;129;192;204
10380.0;80;142;172;128;192;204
10386.0;80;140;173;128;193;204
10392.0;81;139;172;129;193;204
10398.0;80;139;172;129;193;205
10404.0;80;139;173;128;193;205
10410.0;80;139;173;127;194;205
10416.0;79;139;174;126;194;206
10422.0;81;140;172;125;195;205
10428.0;81;140;172;125;195;205
10434.0;81;141;172;124;195;205
10440.0;82;141;172;124;195;204
10446.0;81;142;169;125;196;205
10452.0;79;141;170;127;196;205
10458.0;77;141;171;128;197;204
10464.0;76;141;171;128;198;204
10470.0;76;140;172;127;197;206
10476.0;75;139;173;128;196;207
10482.0;75;139;174;128;195;207
10488.0;74;140;174;128;195;207
10494.0;73;140;176;127;195;207
10500.0;72;140;174;128;197;207
10506.0;72;140;174;128;196;208
10512.0;72;139;173;129;197;208
10518.0;72;139;173;131;196;207
10524.0;72;139;172;131;197;207
10530.0;74;139;172;130;198;205
10536.0;74;139;172;129;198;206
10542.0;74;140;172;127;198;207
10548.0;74;139;172;128;198;207
10554.0;74;139;172;128;198;207
10560.0;74;137;173;127;200;207
10566.0;75;138;173;127;199;206
10572.0;75;138;173;127;199;206
10578.0;73;139;173;129;200;204
10584.0;73;139;173;128;200;205
10590.0;73;139;171;128;201;206
10596.0;73;139;170;129;201;206
10602.0;75;140;170;129;200;204
10608.0;75;140;170;129;198;206
10614.0;74;140;169;130;199;206
10620.0;76;140;167;130;199;206
10626.0;76;140;167;130;199;206
10632.0;76;140;167;131;198;206
10638.0;76;140;168;131;198;205
10644.0;77;141;167;131;198;204
10650.0;77;141;167;132;198;203
10656.0;77;140;167;132;198;204
10662.0;77;140;167;132;198;204
10668.0;78;140;167;132;198;203
10674.0;78;140;167;131;198;204
10680.0;77;139;168;131;199;204
10686.0;77;140;169;131;198;203
10692.0;77;140;169;130;198;204
10698.0;77;139;170;130;198;204
10704.0;76;139;170;132;198;203
10710.0;76;139;170;133;198;202
10716.0;78;139;170;133;197;201
10722.0;79;139;170;133;196;201
10728.0;79;139;169;134;196;201
10734.0;79;139;169;133;197;201
10740.0;79;139;169;134;196;201
10746.0;79;140;169;134;196;200
10752.0;78;140;170;135;195;200
10758.0;78;140;170;135;194;201
10764.0;78;139;170;135;194;202
10770.0;78;139;170;135;194;202
10776.0;78;139;169;135;194;203
10782.0;79;139;169;134;194;203
10788.0;79;139;168;134;195;203
10794.0;82;136;169;133;195;203
