#auto generated file!
12.0;208;181;209;198;219;209
18.0;208;181;210;199;217;209
24.0;208;181;213;198;216;208
30.0;207;178;214;198;219;208
36.0;205;177;215;199;219;209
42.0;204;177;215;199;220;209
48.0;204;178;215;200;220;207
54.0;204;179;215;200;220;206
60.0;203;178;215;201;220;207
66.0;203;179;215;201;220;206
72.0;204;178;215;201;220;206
78.0;203;179;215;200;219;208
84.0;201;179;215;201;219;209
90.0;201;179;215;201;217;211
96.0;202;177;213;200;219;213
102.0;203;177;212;201;218;213
108.0;204;177;212;201;218;212
114.0;204;176;211;200;219;214
120.0;202;176;212;203;217;214
126.0;202;174;212;203;218;215
132.0;201;176;211;203;218;215
138.0;202;176;210;203;218;215
144.0;203;176;210;203;217;215
150.0;201;177;211;202;219;214
156.0;200;178;211;202;219;214
162.0;200;178;210;202;218;216
168.0;201;177;211;201;217;217
174.0;202;177;214;201;216;214
180.0;201;181;211;200;215;216
186.0;201;182;211;200;215;215
192.0;196;183;209;203;217;216
198.0;195;184;210;203;217;215
204.0;195;184;211;204;217;213
210.0;194;183;212;205;218;212
216.0;194;184;212;205;218;211
222.0;192;186;210;205;218;213
228.0;191;187;211;204;218;213
234.0;188;186;210;204;223;213
240.0;187;187;210;203;223;214
246.0;186;186;209;204;224;215
252.0;184;187;209;203;226;215
258.0;184;187;210;202;226;215
264.0;184;187;211;201;227;214
270.0;184;187;211;200;227;215
276.0;183;186;212;200;228;215
282.0;182;188;213;200;226;215
288.0;180;188;214;201;226;215
294.0;180;188;214;201;226;215
300.0;180;188;214;201;226;215
306.0;179;190;214;201;226;214
312.0;179;190;216;202;226;211
318.0;177;190;216;203;225;213
324.0;176;188;216;203;226;215
330.0;176;188;215;205;225;215
336.0;176;187;215;205;225;216
342.0;176;186;215;205;225;217
348.0;177;186;216;204;224;217
354.0;174;186;218;205;223;218
360.0;173;185;219;206;222;219
366.0;173;183;220;205;223;220
372.0;173;183;221;204;223;220
378.0;171;184;222;204;223;220
384.0;168;186;224;204;223;219
390.0;168;186;224;205;222;219
396.0;166;186;225;206;222;219
402.0;167;186;223;206;221;221
408.0;166;186;222;206;223;221
414.0;165;187;222;205;222;223
420.0;164;189;226;202;221;222
426.0;165;189;226;201;221;222
432.0;165;191;226;200;221;221
438.0;165;191;226;200;221;221
444.0;164;191;227;200;222;220
450.0;162;192;227;201;221;221
456.0;162;192;228;201;221;220
462.0;163;192;228;201;220;220
468.0;163;192;228;201;220;220
474.0;162;192;228;201;221;220
480.0;160;194;229;200;221;220
486.0;160;192;228;201;221;222
492.0;161;192;229;201;220;221
498.0;160;193;229;201;220;221
504.0;160;192;229;200;221;222
510.0;159;190;231;200;221;223
516.0;156;191;232;199;222;224
522.0;155;191;232;201;222;223
528.0;156;191;232;201;222;222
534.0;155;191;231;201;223;223
540.0;154;191;231;201;223;224
546.0;155;190;232;201;222;224
552.0;154;191;232;202;221;224
558.0;154;191;231;201;223;224
564.0;155;193;231;200;222;223
570.0;156;193;230;200;222;223
576.0;155;193;230;199;224;223
582.0;156;193;230;199;224;222
588.0;156;193;229;198;225;223
594.0;156;193;228;198;226;223
600.0;155;191;230;197;226;225
606.0;155;192;230;196;226;225
612.0;155;191;229;195;227;227
618.0;154;191;230;194;229;226
624.0;154;192;229;194;230;225
630.0;154;192;229;194;231;224
636.0;154;193;228;194;231;224
642.0;153;193;228;195;231;224
648.0;153;193;227;195;231;225
654.0;154;192;225;196;232;225
660.0;156;192;225;195;232;224
666.0;157;192;226;195;230;224
672.0;157;194;224;196;231;222
678.0;157;195;225;196;231;220
684.0;158;194;224;197;230;221
690.0;157;195;224;197;230;221
696.0;157;195;224;197;230;221
702.0;156;195;225;195;230;223
708.0;156;194;225;194;232;223
714.0;156;194;227;194;231;222
720.0;156;195;227;195;231;220
726.0;155;195;226;196;231;221
732.0;154;193;225;200;232;220
738.0;154;192;225;200;234;219
744.0;154;192;225;200;233;220
750.0;153;192;225;200;235;219
756.0;154;192;223;201;235;219
762.0;154;192;223;200;236;219
768.0;152;193;223;200;237;219
774.0;152;193;223;200;237;219
780.0;149;192;222;202;239;220
786.0;149;192;222;202;239;220
792.0;151;191;222;202;237;221
798.0;152;191;221;203;237;220
804.0;152;191;223;200;237;221
810.0;150;190;223;201;239;221
816.0;149;190;223;201;240;221
822.0;150;190;223;200;240;221
828.0;150;191;225;200;238;220
834.0;150;192;224;200;239;219
840.0;149;191;225;199;239;221
846.0;149;192;225;199;239;220
852.0;149;192;224;201;238;220
858.0;148;192;223;203;237;221
864.0;148;192;223;204;237;220
870.0;147;194;224;203;237;219
876.0;147;195;224;203;236;219
882.0;148;195;224;203;236;218
888.0;147;196;225;202;235;219
894.0;144;196;225;204;235;220
900.0;144;196;225;206;233;220
906.0;144;196;225;206;233;220
912.0;144;196;225;206;233;220
918.0;143;195;225;206;233;222
924.0;143;195;226;203;234;223
930.0;143;195;228;202;234;222
936.0;141;195;228;202;234;224
942.0;142;194;229;202;232;225
948.0;141;194;229;202;233;225
954.0;141;194;230;202;232;225
960.0;142;194;231;200;232;225
966.0;140;193;232;201;231;227
972.0;140;195;232;200;230;227
978.0;140;195;231;200;231;227
984.0;141;195;230;200;231;227
990.0;141;195;230;201;229;228
996.0;141;195;229;201;230;228
1002.0;141;195;228;201;229;230
1008.0;143;196;229;199;226;231
1014.0;143;196;230;199;226;230
1020.0;141;195;231;200;227;230
1026.0;140;195;231;200;227;231
1032.0;141;193;232;202;226;230
1038.0;141;193;232;200;228;230
1044.0;143;193;230;200;228;230
1050.0;143;192;229;199;230;231
1056.0;142;192;230;198;231;231
1062.0;144;192;229;198;230;231
1068.0;144;192;229;198;230;231
1074.0;144;194;230;195;230;231
1080.0;144;194;231;196;228;231
1086.0;144;194;230;197;229;230
1092.0;145;192;231;198;229;229
1098.0;143;194;232;198;229;228
1104.0;143;193;232;199;229;228
1110.0;143;192;234;200;227;228
1116.0;143;190;233;200;228;230
1122.0;142;190;233;200;228;231
1128.0;142;191;233;199;228;231
1134.0;142;191;233;199;228;231
1140.0;139;190;235;200;228;232
1146.0;140;189;235;200;228;232
1152.0;138;191;236;199;226;234
1158.0;138;191;236;199;226;234
1164.0;137;190;239;199;224;235
1170.0;136;190;239;199;224;236
1176.0;136;189;239;199;224;237
1182.0;135;192;237;198;225;237
1188.0;135;193;237;197;225;237
1194.0;134;194;237;197;224;238
1200.0;134;194;236;198;224;238
1206.0;134;194;235;198;225;238
1212.0;132;194;237;198;226;237
1218.0;132;194;238;196;227;237
1224.0;134;193;238;196;227;236
1230.0;134;193;238;195;227;237
1236.0;131;197;237;194;227;238
1242.0;133;198;234;194;226;239
1248.0;131;199;234;195;226;239
1254.0;132;199;235;194;225;239
1260.0;132;198;235;194;225;240
1266.0;132;198;236;194;224;240
1272.0;132;195;237;196;225;239
1278.0;130;196;238;197;223;240
1284.0;130;195;237;197;225;240
1290.0;130;194;237;197;226;240
1296.0;128;195;238;198;227;238
1302.0;128;194;238;198;226;240
1308.0;129;194;236;198;227;240
1314.0;129;195;236;196;229;239
1320.0;131;194;235;197;229;238
1326.0;132;194;235;197;229;237
1332.0;133;194;235;197;229;236
1338.0;133;193;235;197;229;237
1344.0;135;193;235;197;227;237
1350.0;134;192;234;198;228;238
1356.0;135;190;236;198;227;238
1362.0;134;190;237;200;225;238
1368.0;130;193;237;199;226;239
1374.0;130;194;238;200;224;238
1380.0;129;194;238;201;224;238
1386.0;127;193;240;202;225;237
1392.0;127;191;240;203;225;238
1398.0;127;190;241;203;226;237
1404.0;127;189;242;203;226;237
1410.0;126;189;243;203;226;237
1416.0;127;189;242;203;226;237
1422.0;126;190;242;203;226;237
1428.0;125;191;242;203;225;238
1434.0;125;191;243;203;226;236
1440.0;125;191;243;205;227;233
1446.0;125;191;243;205;227;233
1452.0;124;191;244;205;227;233
1458.0;123;189;245;206;228;233
1464.0;123;189;245;206;228;233
1470.0;123;190;245;206;227;233
1476.0;122;188;247;206;227;234
1482.0;122;188;247;206;227;234
1488.0;120;188;246;208;226;236
1494.0;121;186;244;209;227;237
1500.0;121;185;244;210;227;237
1506.0;120;185;243;211;227;238
1512.0;121;185;242;210;228;238
1518.0;120;186;240;211;228;239
1524.0;118;185;240;213;229;239
1530.0;117;185;241;213;229;239
1536.0;115;186;243;212;230;238
1542.0;115;185;244;210;230;240
1548.0;115;186;243;210;230;240
1554.0;116;184;243;212;229;240
1560.0;114;185;242;211;231;241
1566.0;115;183;241;211;233;241
1572.0;115;182;243;210;233;241
1578.0;115;183;243;210;231;242
1584.0;115;182;244;209;231;243
1590.0;115;181;243;209;233;243
1596.0;114;181;242;210;233;244
1602.0;114;181;241;211;233;244
1608.0;114;181;241;211;233;244
1614.0;114;181;241;211;233;244
1620.0;115;181;239;212;233;244
1626.0;114;180;240;212;233;245
1632.0;114;180;239;212;233;246
1638.0;114;181;239;211;234;245
1644.0;112;181;240;211;234;246
1650.0;109;182;240;211;236;246
1656.0;109;181;239;212;237;246
1662.0;109;182;239;211;238;245
1668.0;111;183;238;210;238;244
1674.0;112;183;237;210;237;245
1680.0;111;183;236;208;240;246
1686.0;111;183;236;208;240;246
1692.0;111;183;237;206;241;246
1698.0;112;182;237;205;240;248
1704.0;113;179;237;205;243;247
1710.0;113;179;239;204;243;246
1716.0;113;178;239;203;243;248
1722.0;113;177;239;203;243;249
1728.0;112;176;239;203;244;250
1734.0;111;176;240;203;244;250
1740.0;113;176;238;202;244;251
1746.0;113;175;238;203;244;251
1752.0;112;175;238;202;245;252
1758.0;112;174;238;203;246;251
1764.0;111;174;238;204;246;251
1770.0;110;173;239;204;246;252
1776.0;109;174;240;205;244;252
1782.0;109;175;242;203;243;252
1788.0;109;176;241;203;244;251
1794.0;109;174;243;202;245;251
1800.0;110;174;243;199;245;253
1806.0;111;175;242;199;242;255
1812.0;111;177;243;201;240;252
1818.0;111;176;244;201;241;251
1824.0;110;176;244;201;243;250
1830.0;110;178;241;201;243;251
1836.0;109;178;241;201;244;251
1842.0;109;178;241;201;244;251
1848.0;109;178;241;201;244;251
1854.0;109;178;242;200;244;251
1860.0;109;180;242;198;244;251
1866.0;109;178;243;198;244;252
1872.0;109;178;242;198;244;253
1878.0;109;178;242;198;244;253
1884.0;109;179;242;197;243;254
1890.0;108;179;244;196;243;254
1896.0;107;179;244;195;244;255
1902.0;108;179;244;195;242;256
1908.0;110;180;243;193;241;257
1914.0;109;179;244;191;243;258
1920.0;108;180;242;192;244;258
1926.0;109;180;243;189;245;258
1932.0;109;181;244;189;243;258
1938.0;109;182;244;189;243;257
1944.0;108;182;244;190;242;258
1950.0;109;180;245;192;242;256
1956.0;108;180;247;191;243;255
1962.0;108;179;247;191;244;255
1968.0;107;181;245;193;244;254
1974.0;109;180;244;193;244;254
1980.0;110;180;243;194;244;253
1986.0;110;179;242;195;245;253
1992.0;109;178;244;196;244;253
1998.0;108;179;243;197;245;252
2004.0;107;180;241;197;247;252
2010.0;107;182;239;197;247;252
2016.0;107;183;240;196;246;252
2022.0;108;185;240;195;245;251
2028.0;109;184;241;194;245;251
2034.0;107;187;242;193;246;249
2040.0;106;186;245;194;247;246
2046.0;106;185;245;194;249;245
2052.0;107;187;244;192;249;245
2058.0;107;187;244;192;249;245
2064.0;108;189;244;192;247;244
2070.0;108;188;246;193;247;242
2076.0;108;188;245;193;248;242
2082.0;107;189;245;193;248;242
2088.0;106;189;246;194;246;243
2094.0;107;189;247;193;245;243
2100.0;107;189;247;192;245;244
2106.0;107;189;247;191;247;243
2112.0;106;188;248;192;248;242
2118.0;106;189;248;192;248;241
2124.0;106;189;249;192;247;241
2130.0;106;189;250;192;246;241
2136.0;106;188;250;191;248;241
2142.0;104;189;249;190;250;242
2148.0;103;189;249;190;250;243
2154.0;105;188;249;189;250;243
2160.0;104;186;249;190;251;244
2166.0;104;186;249;190;251;244
2172.0;103;186;250;191;251;243
2178.0;103;185;249;194;250;243
2184.0;103;185;249;193;251;243
2190.0;103;186;248;192;251;244
2196.0;104;187;247;192;250;244
2202.0;102;187;246;194;249;246
2208.0;102;188;246;193;249;246
2214.0;102;188;246;193;249;246
2220.0;101;188;245;194;249;247
2226.0;100;186;246;195;248;249
2232.0;99;185;247;194;249;250
2238.0;98;184;247;195;249;251
2244.0;98;184;247;197;248;250
2250.0;98;185;247;198;247;249
2256.0;99;186;248;196;245;250
2262.0;97;187;249;194;245;252
2268.0;98;186;248;194;245;253
2274.0;98;185;248;193;244;256
2280.0;97;187;249;191;244;256
2286.0;96;186;249;192;244;257
2292.0;96;185;249;192;245;257
2298.0;96;185;249;192;245;257
2304.0;97;185;249;191;245;257
2310.0;95;185;251;189;246;258
2316.0;95;185;251;189;246;258
2322.0;96;186;249;189;246;258
2328.0;96;185;250;190;246;257
2334.0;96;185;250;190;245;258
2340.0;96;185;250;190;245;258
2346.0;97;184;249;190;245;259
2352.0;97;184;250;190;245;258
2358.0;97;185;250;190;245;257
2364.0;96;186;250;190;245;257
2370.0;98;188;250;188;244;256
2376.0;97;189;250;188;244;256
2382.0;97;188;251;187;244;257
2388.0;96;188;253;187;244;256
2394.0;96;188;253;186;243;258
2400.0;94;190;251;187;245;257
2406.0;93;190;251;187;245;258
2412.0;93;190;251;188;244;258
2418.0;93;190;251;188;245;257
2424.0;93;188;252;189;246;256
2430.0;93;189;251;188;247;256
2436.0;94;189;252;188;245;256
2442.0;95;190;253;186;243;257
2448.0;95;188;254;186;244;257
2454.0;95;188;253;186;244;258
2460.0;95;188;253;186;245;257
2466.0;97;189;252;186;244;256
2472.0;97;189;252;187;245;254
2478.0;97;190;252;187;244;254
2484.0;97;190;254;187;244;252
2490.0;98;191;254;186;245;250
2496.0;98;190;254;187;245;250
2502.0;98;191;254;186;244;251
2508.0;98;191;254;186;244;251
2514.0;99;191;255;184;242;253
2520.0;98;192;255;184;243;252
2526.0;98;192;255;184;242;253
2532.0;98;192;255;184;242;253
2538.0;99;192;253;184;243;253
2544.0;100;190;253;184;244;253
2550.0;101;190;253;184;243;253
2556.0;101;190;253;182;243;255
2562.0;100;191;254;183;243;253
2568.0;100;191;252;184;243;254
2574.0;100;191;252;184;243;254
2580.0;100;190;252;186;243;253
2586.0;99;190;252;186;243;254
2592.0;99;191;252;185;245;252
2598.0;98;191;252;184;245;254
2604.0;98;190;253;183;246;254
2610.0;99;191;254;182;246;252
2616.0;99;191;254;181;246;253
2622.0;97;191;256;180;247;253
2628.0;97;191;256;181;246;253
2634.0;97;191;255;181;246;254
2640.0;97;191;255;180;247;254
2646.0;97;191;254;179;248;255
2652.0;97;191;254;179;248;255
2658.0;97;190;253;178;249;257
2664.0;97;190;253;179;248;257
2670.0;97;191;252;179;250;255
2676.0;96;191;253;179;251;254
2682.0;96;190;255;178;252;253
2688.0;96;190;255;178;252;253
2694.0;96;189;255;178;252;254
2700.0;96;188;255;178;253;254
2706.0;97;188;253;179;253;254
2712.0;97;188;253;179;254;253
2718.0;97;190;252;178;255;252
2724.0;97;189;252;180;255;251
2730.0;97;188;252;180;254;253
2736.0;96;189;252;180;254;253
2742.0;97;188;252;180;254;253
2748.0;96;187;253;180;254;254
2754.0;95;187;253;182;254;253
2760.0;95;187;255;181;253;253
2766.0;97;185;256;178;253;255
2772.0;98;185;256;179;253;253
2778.0;97;184;257;179;253;254
2784.0;98;183;256;180;253;254
2790.0;99;183;256;180;252;254
2796.0;99;184;257;177;253;254
2802.0;99;184;255;177;253;256
2808.0;99;184;255;178;253;255
2814.0;99;184;256;178;252;255
2820.0;99;187;255;178;251;254
2826.0;99;188;255;177;251;254
2832.0;99;189;255;177;249;255
2838.0;99;189;256;177;249;254
2844.0;99;189;257;177;246;256
2850.0;101;188;256;177;245;257
2856.0;101;188;255;179;245;256
2862.0;100;188;255;181;246;254
2868.0;100;188;255;181;246;254
2874.0;100;188;255;181;246;254
2880.0;102;188;254;181;247;252
2886.0;101;188;255;181;247;252
2892.0;102;188;255;181;247;251
2898.0;103;188;253;180;248;252
2904.0;103;188;252;179;249;253
2910.0;101;189;250;180;250;254
2916.0;101;187;251;181;249;255
2922.0;100;187;251;181;250;255
2928.0;101;186;251;180;250;256
2934.0;101;186;250;180;250;257
2940.0;98;186;253;180;249;258
2946.0;98;186;252;183;246;259
2952.0;97;187;252;185;244;259
2958.0;97;187;252;185;244;259
2964.0;99;185;253;185;244;258
2970.0;100;185;252;186;244;257
2976.0;102;185;252;185;244;256
2982.0;102;187;250;187;244;254
2988.0;102;187;250;187;244;254
2994.0;101;188;249;187;245;254
3000.0;101;188;249;186;245;255
3006.0;101;188;250;186;244;255
3012.0;100;188;251;186;244;255
3018.0;101;186;250;186;245;256
3024.0;101;186;251;185;245;256
3030.0;102;185;252;185;245;255
3036.0;104;185;252;184;245;254
3042.0;102;185;253;183;245;256
3048.0;102;184;252;184;246;256
3054.0;102;184;252;184;246;256
3060.0;101;184;254;183;246;256
3066.0;101;185;255;183;244;256
3072.0;100;184;256;184;244;256
3078.0;100;184;255;184;244;257
3084.0;100;185;257;181;245;256
3090.0;100;185;257;181;244;257
3096.0;99;186;257;180;245;257
3102.0;99;186;257;180;245;257
3108.0;99;185;258;180;245;257
3114.0;100;184;257;182;245;256
3120.0;101;182;257;182;245;257
3126.0;103;184;257;179;245;256
3132.0;101;184;257;179;246;257
3138.0;101;183;257;179;247;257
3144.0;102;181;259;179;246;257
3150.0;103;182;260;179;244;256
3156.0;103;182;260;179;244;256
3162.0;101;182;260;180;245;256
3168.0;101;180;262;180;245;256
3174.0;100;182;260;181;245;256
3180.0;99;182;261;181;245;256
3186.0;99;182;261;180;245;257
3192.0;100;182;260;180;246;256
3198.0;100;181;261;180;245;257
3204.0;101;183;260;181;244;255
3210.0;102;184;260;179;244;255
3216.0;103;184;259;177;246;255
3222.0;103;184;259;177;246;255
3228.0;102;184;257;178;248;255
3234.0;103;184;257;178;248;254
3240.0;104;183;256;178;248;255
3246.0;104;183;255;179;248;255
3252.0;103;182;256;179;248;256
3258.0;103;181;256;179;247;258
3264.0;103;183;256;178;247;257
3270.0;103;182;256;178;247;258
3276.0;102;182;256;178;247;259
3282.0;103;180;255;178;248;260
3288.0;103;180;256;178;249;258
3294.0;103;179;258;179;247;258
3300.0;103;178;260;179;247;257
3306.0;102;178;260;179;248;257
3312.0;102;178;260;179;248;257
3318.0;103;179;258;177;249;258
3324.0;104;179;258;177;249;257
3330.0;105;178;258;178;248;257
3336.0;105;178;258;177;248;258
3342.0;104;178;258;178;248;258
3348.0;105;178;257;179;247;258
3354.0;105;178;258;177;247;259
3360.0;106;178;258;177;247;258
3366.0;109;177;258;179;245;256
3372.0;109;176;260;179;244;256
3378.0;110;176;259;179;244;256
3384.0;109;175;260;179;244;257
3390.0;107;174;260;180;246;257
3396.0;107;173;259;181;248;256
3402.0;106;172;259;182;249;256
3408.0;107;171;258;182;249;257
3414.0;106;170;258;182;250;258
3420.0;107;169;258;182;250;258
3426.0;107;169;258;182;249;259
3432.0;107;168;259;183;249;258
3438.0;106;169;256;185;251;257
3444.0;105;169;256;186;251;257
3450.0;103;170;257;186;253;255
3456.0;103;169;257;187;253;255
3462.0;103;169;258;187;254;253
3468.0;103;169;257;188;254;253
3474.0;104;169;256;188;252;255
3480.0;104;169;256;188;252;255
3486.0;102;167;256;189;253;257
3492.0;101;168;255;190;251;259
3498.0;102;168;255;190;251;258
3504.0;101;170;256;188;251;258
3510.0;100;170;258;187;251;258
3516.0;98;169;260;187;251;259
3522.0;98;169;259;186;252;260
3528.0;99;169;259;185;252;260
3534.0;100;168;259;185;252;260
3540.0;100;168;261;185;250;260
3546.0;100;166;262;184;250;262
3552.0;101;166;262;184;248;263
3558.0;101;167;261;183;249;263
3564.0;101;167;261;183;249;263
3570.0;101;166;260;184;248;265
3576.0;100;167;260;184;247;266
3582.0;101;167;261;183;247;265
3588.0;100;168;261;184;246;265
3594.0;101;168;261;184;246;264
3600.0;101;167;261;185;246;264
3606.0;101;167;260;186;246;264
3612.0;102;168;260;186;244;264
3618.0;102;170;260;186;243;263
3624.0;101;170;261;185;244;263
3630.0;101;171;261;184;245;262
3636.0;101;170;261;184;246;262
3642.0;101;170;262;185;245;261
3648.0;101;169;262;184;246;262
3654.0;102;167;264;184;245;262
3660.0;101;167;264;186;244;262
3666.0;101;167;264;186;243;263
3672.0;104;167;263;185;243;262
3678.0;104;168;264;184;241;263
3684.0;104;169;265;183;242;261
3690.0;103;169;264;183;243;262
3696.0;103;170;263;183;244;261
3702.0;104;170;265;182;244;259
3708.0;106;170;267;179;243;259
3714.0;105;170;268;178;243;260
3720.0;108;170;266;178;244;258
3726.0;109;170;266;176;246;257
3732.0;110;170;265;176;246;257
3738.0;109;170;266;175;247;257
3744.0;110;169;267;174;247;257
3750.0;108;170;267;174;247;258
3756.0;107;169;267;175;248;258
3762.0;107;169;267;177;247;257
3768.0;108;169;267;177;246;257
3774.0;108;169;266;178;246;257
3780.0;109;169;266;176;246;258
3786.0;110;169;265;176;246;258
3792.0;110;171;265;176;244;258
3798.0;109;172;265;177;244;257
3804.0;108;173;265;177;244;257
3810.0;108;173;265;177;244;257
3816.0;108;173;264;177;244;258
3822.0;107;172;266;177;244;258
3828.0;107;172;266;177;243;259
3834.0;106;172;266;177;242;261
3840.0;106;172;265;176;243;262
3846.0;105;173;267;176;242;261
3852.0;105;173;267;177;242;260
3858.0;104;172;267;178;242;261
3864.0;104;171;268;178;242;261
3870.0;105;171;267;178;243;260
3876.0;105;171;266;178;244;260
3882.0;105;171;266;178;244;260
3888.0;103;171;268;179;244;259
3894.0;102;171;268;179;244;260
3900.0;101;170;267;181;244;261
3906.0;102;169;267;181;244;261
3912.0;104;168;267;180;244;261
3918.0;105;167;264;179;246;263
3924.0;105;167;265;178;247;262
3930.0;105;168;265;177;247;262
3936.0;105;169;263;177;248;262
3942.0;104;169;263;178;248;262
3948.0;103;169;264;178;247;263
3954.0;103;168;263;178;247;265
3960.0;103;168;262;179;248;264
3966.0;104;169;261;180;247;263
3972.0;106;169;261;180;245;263
3978.0;107;168;260;179;245;265
3984.0;106;166;261;179;245;267
3990.0;106;168;261;177;245;267
3996.0;106;167;261;177;245;268
4002.0;106;168;261;177;244;268
4008.0;106;170;259;177;244;268
4014.0;106;170;259;177;244;268
4020.0;106;171;259;176;245;267
4026.0;105;172;260;175;244;268
4032.0;105;172;259;176;245;267
4038.0;105;171;259;176;246;267
4044.0;105;171;258;177;246;267
4050.0;107;171;258;177;243;268
4056.0;105;171;258;178;244;268
4062.0;105;172;257;179;243;268
4068.0;105;171;255;180;245;268
4074.0;109;173;254;178;244;266
4080.0;109;176;255;177;241;266
4086.0;109;178;254;176;241;266
4092.0;108;178;254;175;244;265
4098.0;108;175;254;176;244;267
4104.0;108;174;255;176;244;267
4110.0;110;170;256;176;245;267
4116.0;110;170;258;176;245;265
4122.0;110;169;259;176;245;265
4128.0;110;168;259;176;245;266
4134.0;108;168;256;177;245;270
4140.0;108;168;256;177;245;270
4146.0;108;169;256;177;245;269
4152.0;108;168;256;176;245;271
4158.0;108;169;255;176;245;271
4164.0;108;169;256;176;244;271
4170.0;109;169;256;176;244;270
4176.0;107;170;255;176;245;271
4182.0;107;170;254;176;246;271
4188.0;107;171;254;176;246;270
4194.0;106;171;254;177;245;271
4200.0;107;171;255;179;243;269
4206.0;106;170;256;180;243;269
4212.0;107;171;258;179;243;266
4218.0;105;173;258;178;242;268
4224.0;104;171;258;178;243;270
4230.0;104;171;258;180;242;269
4236.0;103;171;258;180;243;269
4242.0;104;173;257;178;243;269
4248.0;104;172;257;178;243;270
4254.0;103;172;257;178;244;270
4260.0;102;172;257;178;243;272
4266.0;102;173;257;178;242;272
4272.0;102;173;256;179;242;272
4278.0;102;174;256;179;241;272
4284.0;103;173;254;179;242;273
4290.0;104;173;255;179;240;273
4296.0;103;172;257;179;240;273
4302.0;103;174;257;179;238;273
4308.0;103;175;256;178;238;274
4314.0;104;175;255;177;239;274
4320.0;103;175;256;178;239;273
4326.0;103;176;256;178;240;271
4332.0;104;176;254;178;241;271
4338.0;106;176;254;177;242;269
4344.0;106;175;254;177;244;268
4350.0;106;173;255;177;244;269
4356.0;106;175;253;178;244;268
4362.0;106;174;253;178;245;268
4368.0;103;174;254;178;246;269
4374.0;102;174;255;179;246;268
4380.0;101;175;257;178;246;267
4386.0;103;175;256;178;245;267
4392.0;104;174;255;178;245;268
4398.0;103;174;255;178;246;268
4404.0;101;174;256;180;245;268
4410.0;101;174;255;181;244;269
4416.0;101;172;256;181;245;269
4422.0;100;171;256;183;245;269
4428.0;98;172;255;184;246;269
4434.0;98;172;254;184;247;269
4440.0;98;173;257;180;247;269
4446.0;100;171;257;179;247;270
4452.0;101;171;256;179;246;271
4458.0;100;172;257;181;243;271
4464.0;100;172;256;181;243;272
4470.0;99;171;257;179;244;274
4476.0;99;170;258;179;244;274
4482.0;99;171;258;179;244;273
4488.0;98;171;260;178;244;273
4494.0;97;170;261;178;244;274
4500.0;96;170;261;178;245;274
4506.0;97;169;262;178;244;274
4512.0;97;169;264;178;243;273
4518.0;97;170;264;178;242;273
4524.0;97;170;265;178;242;272
4530.0;97;170;265;179;241;272
4536.0;98;169;265;179;241;272
4542.0;98;169;267;179;239;272
4548.0;99;170;269;179;236;271
4554.0;99;170;270;181;235;269
4560.0;100;169;270;181;235;269
4566.0;100;169;270;181;235;269
4572.0;100;169;268;184;234;269
4578.0;99;169;269;183;235;269
4584.0;99;168;269;183;235;270
4590.0;99;168;269;183;234;271
4596.0;99;170;269;182;234;270
4602.0;99;171;270;183;231;270
4608.0;98;172;270;181;231;272
4614.0;98;172;269;181;231;273
4620.0;98;172;269;182;231;272
4626.0;98;171;268;183;232;272
4632.0;98;170;269;183;232;272
4638.0;99;169;267;184;233;272
4644.0;99;168;267;184;233;273
4650.0;99;168;267;184;234;272
4656.0;100;167;266;184;234;273
4662.0;100;166;267;184;234;273
4668.0;99;166;267;183;234;275
4674.0;99;167;268;182;233;275
4680.0;100;166;269;182;234;273
4686.0;100;166;269;182;234;273
4692.0;101;167;267;182;234;273
4698.0;100;167;267;182;234;274
4704.0;99;167;265;184;234;275
4710.0;100;165;265;186;232;276
4716.0;99;166;265;187;231;276
4722.0;99;166;265;187;231;276
4728.0;99;167;265;186;230;277
4734.0;100;167;266;185;230;276
4740.0;100;165;266;186;229;278
4746.0;103;165;265;185;229;277
4752.0;103;165;266;183;229;278
4758.0;102;164;266;182;231;279
4764.0;101;165;266;182;232;278
4770.0;102;166;267;182;229;278
4776.0;103;166;267;182;228;278
4782.0;102;166;267;185;228;276
4788.0;101;168;268;183;227;277
4794.0;100;169;269;182;227;277
4800.0;100;169;269;180;228;278
4806.0;100;169;269;180;228;278
4812.0;99;169;269;181;229;277
4818.0;99;171;268;181;228;277
4824.0;99;167;270;180;229;279
4830.0;99;166;269;180;231;279
4836.0;99;166;270;180;230;279
4842.0;98;167;271;180;230;278
4848.0;96;168;271;182;229;278
4854.0;97;168;272;181;229;277
4860.0;97;170;272;180;228;277
4866.0;97;170;272;180;229;276
4872.0;97;170;273;180;229;275
4878.0;96;169;273;181;230;275
4884.0;98;169;273;180;230;274
4890.0;98;169;273;179;231;274
4896.0;98;168;272;179;231;276
4902.0;98;168;272;180;231;275
4908.0;97;169;271;178;232;277
4914.0;98;169;271;178;231;277
4920.0;98;169;272;176;230;279
4926.0;98;169;270;177;231;279
4932.0;98;170;270;177;232;277
4938.0;99;170;270;177;233;275
4944.0;98;170;272;176;232;276
4950.0;99;172;272;175;231;275
4956.0;99;174;272;175;230;274
4962.0;100;173;272;175;230;274
4968.0;99;176;273;175;229;272
4974.0;99;176;272;176;230;271
4980.0;98;175;274;177;229;271
4986.0;99;176;273;176;229;271
4992.0;99;176;274;177;227;271
4998.0;99;177;275;177;227;269
5004.0;98;176;275;178;227;270
5010.0;97;176;275;180;227;269
5016.0;97;175;275;179;229;269
5022.0;97;174;276;179;229;269
5028.0;99;173;275;180;229;268
5034.0;99;175;276;180;230;264
5040.0;99;175;276;181;228;265
5046.0;97;175;278;181;228;265
5052.0;98;175;279;181;227;264
5058.0;99;175;277;182;227;264
5064.0;99;175;277;184;227;262
5070.0;98;175;279;184;226;262
5076.0;100;174;279;184;225;262
5082.0;100;174;282;183;222;263
5088.0;98;174;282;184;222;264
5094.0;100;174;280;184;222;264
5100.0;102;173;280;183;222;264
5106.0;101;173;282;182;223;263
5112.0;101;175;282;181;222;263
5118.0;101;176;283;181;221;262
5124.0;101;177;281;180;222;263
5130.0;100;177;282;180;222;263
5136.0;100;176;280;180;224;264
5142.0;98;179;279;180;224;264
5148.0;99;179;280;181;221;264
5154.0;100;179;282;181;221;261
5160.0;100;181;282;181;220;260
5166.0;99;181;282;182;220;260
5172.0;99;180;284;181;220;260
5178.0;99;179;284;180;221;261
5184.0;98;179;285;180;222;260
5190.0;97;180;285;180;222;260
5196.0;96;180;286;180;221;261
5202.0;97;179;287;180;221;260
5208.0;96;179;287;181;221;260
5214.0;97;177;288;181;222;259
5220.0;98;177;289;180;223;257
5226.0;99;175;287;182;225;256
5232.0;98;175;288;183;224;256
5238.0;99;175;288;182;223;257
5244.0;100;175;288;181;223;257
5250.0;99;178;288;180;222;257
5256.0;100;178;289;177;222;258
5262.0;99;178;289;177;223;258
5268.0;99;179;289;178;224;255
5274.0;99;179;290;177;224;255
5280.0;100;180;288;176;224;256
5286.0;98;181;287;178;225;255
5292.0;98;181;287;178;225;255
5298.0;99;182;285;178;223;257
5304.0;101;182;282;178;223;258
5310.0;101;181;282;178;224;258
5316.0;101;179;282;179;225;258
5322.0;100;179;283;178;225;259
5328.0;100;179;284;179;224;258
5334.0;99;181;284;179;224;257
5340.0;99;181;284;180;224;256
5346.0;98;181;285;180;225;255
5352.0;98;181;285;181;224;255
5358.0;97;182;285;182;223;255
5364.0;97;182;285;182;223;255
5370.0;96;180;286;182;224;256
5376.0;95;182;284;180;227;256
5382.0;97;181;284;179;228;255
5388.0;98;180;287;178;227;254
5394.0;98;180;287;178;226;255
5400.0;96;180;288;178;227;255
5406.0;96;181;288;178;227;254
5412.0;97;182;288;177;227;253
5418.0;98;182;286;176;228;254
5424.0;98;181;287;176;227;255
5430.0;99;181;287;174;228;255
5436.0;101;180;287;172;229;255
5442.0;101;180;287;172;228;256
5448.0;100;180;287;172;228;257
5454.0;99;180;287;173;229;256
5460.0;99;180;287;172;229;257
5466.0;100;179;287;172;229;257
5472.0;101;180;286;171;229;257
5478.0;102;180;286;170;229;257
5484.0;102;180;285;172;228;257
5490.0;102;180;286;172;227;257
5496.0;102;182;285;171;227;257
5502.0;102;182;285;171;227;257
5508.0;102;181;286;170;227;258
5514.0;101;181;286;171;226;259
5520.0;103;180;286;171;225;259
5526.0;103;180;286;171;225;259
5532.0;102;181;285;174;225;257
5538.0;101;182;285;174;225;257
5544.0;99;183;286;174;225;257
5550.0;99;185;285;173;225;257
5556.0;98;185;287;172;225;257
5562.0;97;186;287;172;226;256
5568.0;97;186;285;173;226;257
5574.0;98;186;285;172;226;257
5580.0;100;186;282;172;226;258
5586.0;99;186;281;173;227;258
5592.0;99;185;281;174;227;258
5598.0;98;185;281;174;227;259
5604.0;97;185;281;173;229;259
5610.0;98;185;280;172;230;259
5616.0;96;185;281;173;230;259
5622.0;96;185;281;173;231;258
5628.0;96;184;281;173;233;257
5634.0;96;185;281;173;232;257
5640.0;97;185;282;170;233;257
5646.0;97;186;280;173;231;257
5652.0;97;186;280;175;230;256
5658.0;98;185;280;176;231;254
5664.0;97;186;278;175;234;254
5670.0;98;186;279;175;232;254
5676.0;98;185;278;175;234;254
5682.0;100;181;279;175;234;255
5688.0;101;182;279;175;234;253
5694.0;100;182;280;174;234;254
5700.0;100;183;280;174;234;253
5706.0;99;182;280;173;236;254
5712.0;100;182;280;172;235;255
5718.0;101;182;280;171;235;255
5724.0;101;182;279;171;235;256
5730.0;100;181;279;171;236;257
5736.0;100;181;278;171;236;258
5742.0;101;181;278;172;236;256
5748.0;101;182;279;171;235;256
5754.0;101;181;278;172;236;256
5760.0;101;181;279;172;234;257
5766.0;100;181;278;172;236;257
5772.0;100;182;277;173;237;255
5778.0;100;182;277;173;237;255
5784.0;101;181;278;174;236;254
5790.0;100;181;278;172;237;256
5796.0;100;181;278;171;238;256
5802.0;101;181;278;171;237;256
5808.0;101;182;278;171;236;256
5814.0;101;181;278;172;236;256
5820.0;102;179;279;173;235;256
5826.0;102;180;278;171;237;256
5832.0;103;183;277;168;238;255
5838.0;103;183;277;167;239;255
5844.0;104;182;276;167;240;255
5850.0;105;182;277;166;240;254
5856.0;106;182;277;166;240;253
5862.0;104;183;275;167;239;256
5868.0;105;183;275;167;239;255
5874.0;104;182;276;167;240;255
5880.0;105;183;276;169;239;252
5886.0;106;182;276;169;239;252
5892.0;105;181;278;169;240;251
5898.0;105;182;277;167;241;252
5904.0;104;184;276;167;241;252
5910.0;105;183;276;166;242;252
5916.0;104;183;279;166;241;251
5922.0;105;181;279;168;240;251
5928.0;104;181;280;168;240;251
5934.0;104;185;279;168;238;250
5940.0;102;185;279;169;238;251
5946.0;100;185;279;170;238;252
5952.0;100;184;279;170;238;253
5958.0;99;183;278;172;240;252
5964.0;100;183;278;172;239;252
5970.0;100;183;278;172;239;252
5976.0;101;183;277;172;239;252
5982.0;99;184;277;173;240;251
5988.0;98;184;279;172;241;250
5994.0;97;184;278;173;242;250
6000.0;97;184;279;172;242;250
6006.0;97;183;279;172;242;251
6012.0;98;183;277;173;242;251
6018.0;98;182;279;172;242;251
6024.0;99;182;277;171;242;253
6030.0;98;184;278;170;240;254
6036.0;97;184;278;170;241;254
6042.0;96;184;278;168;242;256
6048.0;95;183;278;168;243;257
6054.0;97;183;277;167;242;258
6060.0;95;182;278;166;245;258
6066.0;95;181;278;166;246;258
6072.0;96;181;279;165;246;257
6078.0;96;180;277;167;247;257
6084.0;98;181;275;167;248;255
6090.0;97;181;277;167;247;255
6096.0;97;181;277;167;247;255
6102.0;97;181;276;168;247;255
6108.0;98;180;275;166;247;258
6114.0;98;180;275;166;248;257
6120.0;98;181;275;166;247;257
6126.0;100;180;274;165;249;256
6132.0;101;181;274;164;249;255
6138.0;101;183;275;163;250;252
6144.0;102;183;275;162;251;251
6150.0;103;184;274;161;251;251
6156.0;102;184;274;162;251;251
6162.0;101;185;273;161;252;252
6168.0;101;185;273;161;252;252
6174.0;101;184;272;161;252;254
6180.0;101;184;273;160;252;254
6186.0;100;184;274;160;254;252
6192.0;98;185;273;160;255;253
6198.0;99;184;273;161;254;253
6204.0;99;184;273;160;254;254
6210.0;98;183;274;161;253;255
6216.0;98;183;275;160;253;255
6222.0;99;181;277;159;253;255
6228.0;98;182;277;160;252;255
6234.0;98;182;278;159;252;255
6240.0;100;181;276;159;253;255
6246.0;99;182;276;159;253;255
6252.0;97;183;278;159;252;255
6258.0;98;183;278;158;250;257
6264.0;99;183;278;157;250;257
6270.0;98;183;278;159;247;259
6276.0;96;185;279;158;247;259
6282.0;96;184;281;159;245;259
6288.0;97;183;281;159;245;259
6294.0;97;183;281;158;246;259
6300.0;98;183;281;158;245;259
6306.0;99;183;280;158;244;260
6312.0;99;181;281;159;244;260
6318.0;99;180;282;159;244;260
6324.0;98;180;282;160;244;260
6330.0;98;179;281;162;244;260
6336.0;100;178;281;161;244;260
6342.0;100;178;283;163;243;257
6348.0;99;179;282;163;243;258
6354.0;98;180;283;162;242;259
6360.0;99;179;283;162;243;258
6366.0;100;179;281;163;243;258
6372.0;100;179;282;163;242;258
6378.0;100;178;282;164;242;258
6384.0;97;179;282;166;242;258
6390.0;97;180;282;164;243;258
6396.0;98;181;282;164;242;257
6402.0;100;182;282;164;241;255
6408.0;100;181;282;164;241;256
6414.0;101;181;281;163;242;256
6420.0;100;181;280;162;242;259
6426.0;100;182;280;162;240;260
6432.0;99;183;279;160;241;262
6438.0;100;185;279;159;241;260
6444.0;98;184;279;162;241;260
6450.0;98;184;279;161;241;261
6456.0;97;184;278;162;241;262
6462.0;99;184;279;161;240;261
6468.0;99;185;278;162;240;260
6474.0;97;187;277;162;240;261
6480.0;97;187;276;162;242;260
6486.0;96;187;276;162;243;260
6492.0;96;188;276;163;241;260
6498.0;96;191;276;161;241;259
6504.0;96;191;275;161;241;260
6510.0;96;191;274;162;242;259
6516.0;96;192;274;163;240;259
6522.0;96;190;275;164;239;260
6528.0;95;190;275;165;239;260
6534.0;95;189;275;166;240;259
6540.0;96;191;274;165;240;258
6546.0;97;191;273;166;239;258
6552.0;97;191;273;166;239;258
6558.0;97;191;272;167;239;258
6564.0;98;191;269;169;239;258
6570.0;97;190;270;170;238;259
6576.0;95;190;270;171;238;260
6582.0;95;190;270;170;238;261
6588.0;95;190;269;170;238;262
6594.0;95;191;269;169;238;262
6600.0;95;191;268;171;237;262
6606.0;93;192;270;170;237;262
6612.0;93;192;271;170;235;263
6618.0;93;190;271;170;235;265
6624.0;93;189;271;171;235;265
6630.0;92;190;271;171;236;264
6636.0;93;190;269;172;236;264
6642.0;93;189;268;173;237;264
6648.0;94;190;266;173;238;263
6654.0;93;192;266;173;237;263
6660.0;93;193;264;172;239;263
6666.0;93;193;263;173;239;263
6672.0;94;191;265;172;239;263
6678.0;92;192;266;173;240;261
6684.0;92;192;265;173;240;262
6690.0;91;192;266;172;240;263
6696.0;91;193;265;172;240;263
6702.0;90;193;267;171;240;263
6708.0;87;195;268;171;242;261
6714.0;88;195;268;171;242;260
6720.0;88;195;268;171;242;260
6726.0;88;194;267;171;243;261
6732.0;88;194;267;172;242;261
6738.0;87;195;267;172;242;261
6744.0;84;196;266;174;243;261
6750.0;84;196;265;175;244;260
6756.0;83;196;267;176;244;258
6762.0;83;195;266;176;245;259
6768.0;83;194;265;176;246;260
6774.0;84;192;266;176;247;259
6780.0;84;192;265;177;247;259
6786.0;83;192;265;178;247;259
6792.0;83;193;266;177;248;257
6798.0;85;192;267;176;248;256
6804.0;85;192;267;176;248;256
6810.0;85;192;264;178;249;256
6816.0;85;192;262;179;250;256
6822.0;85;192;262;180;249;256
6828.0;87;190;261;181;251;254
6834.0;88;191;261;180;251;253
6840.0;88;192;261;180;251;252
6846.0;89;193;262;180;249;251
6852.0;89;193;262;180;250;250
6858.0;88;192;263;181;249;251
6864.0;89;193;262;181;248;251
6870.0;90;193;262;182;247;250
6876.0;89;194;262;183;246;250
6882.0;89;193;262;183;247;250
6888.0;88;193;262;183;248;250
6894.0;88;192;261;184;250;249
6900.0;88;193;262;184;249;248
6906.0;88;193;263;183;250;247
6912.0;88;193;263;183;250;247
6918.0;89;191;261;184;251;248
6924.0;89;191;261;184;251;248
6930.0;89;192;261;184;250;248
6936.0;89;188;262;185;251;249
6942.0;89;190;262;184;251;248
6948.0;91;189;262;184;251;247
6954.0;91;186;261;185;252;249
6960.0;89;186;262;186;253;248
6966.0;88;186;264;185;253;248
6972.0;88;186;262;184;254;250
6978.0;87;188;262;183;253;251
6984.0;87;188;262;183;253;251
6990.0;87;188;260;186;252;251
6996.0;87;188;259;186;253;251
7002.0;89;188;260;186;252;249
7008.0;89;187;259;186;254;249
7014.0;90;188;260;185;254;247
7020.0;90;189;258;185;255;247
7026.0;89;189;259;184;255;248
7032.0;89;189;257;184;256;249
7038.0;91;188;257;184;256;248
7044.0;90;188;259;185;256;246
7050.0;89;188;259;185;257;246
7056.0;88;190;260;184;258;244
7062.0;89;189;260;184;257;245
7068.0;88;189;259;185;257;246
7074.0;88;189;258;186;258;245
7080.0;88;187;259;186;259;245
7086.0;87;187;259;188;258;245
7092.0;87;188;257;187;259;246
7098.0;87;189;255;186;261;246
7104.0;86;188;256;187;260;247
7110.0;85;188;257;188;260;246
7116.0;85;188;256;188;261;246
7122.0;83;188;257;187;263;246
7128.0;84;187;256;188;263;246
7134.0;84;187;256;188;264;245
7140.0;88;185;257;189;262;243
7146.0;88;186;256;188;262;244
7152.0;88;188;255;187;262;244
7158.0;89;188;255;186;262;244
7164.0;89;188;255;185;262;245
7170.0;92;188;257;181;260;246
7176.0;92;187;259;180;259;247
7182.0;92;186;260;180;259;247
7188.0;92;185;260;181;258;248
7194.0;91;185;259;182;259;248
7200.0;91;188;260;181;259;245
7206.0;93;188;259;180;258;246
7212.0;93;187;259;181;257;247
7218.0;95;187;259;180;256;247
7224.0;95;188;258;179;257;247
7230.0;96;187;258;179;257;247
7236.0;95;188;257;178;259;247
7242.0;96;188;257;178;259;246
7248.0;96;188;258;177;259;246
7254.0;96;188;258;177;258;247
7260.0;96;188;258;178;258;246
7266.0;98;188;258;178;258;244
7272.0;98;187;259;177;259;244
7278.0;100;188;258;176;259;243
7284.0;99;187;260;176;260;242
7290.0;99;188;258;176;261;242
7296.0;100;188;257;176;261;242
7302.0;101;189;258;175;260;241
7308.0;101;189;259;176;260;239
7314.0;101;190;257;176;260;240
7320.0;100;190;258;176;260;240
7326.0;100;190;258;176;260;240
7332.0;100;190;257;177;259;241
7338.0;100;189;258;178;258;241
7344.0;100;189;257;179;257;242
7350.0;101;192;256;176;256;243
7356.0;100;190;256;177;256;245
7362.0;100;191;256;176;255;246
7368.0;99;191;258;175;254;247
7374.0;100;193;258;172;254;247
7380.0;100;193;257;172;254;248
7386.0;100;192;259;171;254;248
7392.0;100;193;258;171;254;248
7398.0;99;193;262;170;253;247
7404.0;100;193;261;171;252;247
7410.0;101;192;261;171;252;247
7416.0;101;192;262;171;251;247
7422.0;101;192;262;171;251;247
7428.0;101;192;262;170;252;247
7434.0;101;191;262;170;253;247
7440.0;101;191;262;169;253;248
7446.0;101;190;262;169;254;248
7452.0;100;189;262;169;255;249
7458.0;101;187;262;170;255;249
7464.0;101;187;262;170;255;249
7470.0;101;186;262;170;255;250
7476.0;103;186;263;170;254;248
7482.0;103;185;264;168;255;249
7488.0;103;185;264;168;255;249
7494.0;103;186;263;167;255;250
7500.0;103;186;263;168;253;251
7506.0;103;186;263;168;253;251
7512.0;103;187;264;167;253;250
7518.0;103;186;263;169;251;252
7524.0;102;185;263;170;251;253
7530.0;101;187;264;168;250;254
7536.0;101;188;264;168;250;253
7542.0;101;188;264;168;249;254
7548.0;101;187;263;169;249;255
7554.0;97;188;264;170;250;255
7560.0;98;189;265;168;249;255
7566.0;98;192;263;169;248;254
7572.0;96;190;263;169;249;257
7578.0;96;189;264;169;250;256
7584.0;96;189;264;169;250;256
7590.0;96;189;264;169;250;256
7596.0;96;191;265;166;249;257
7602.0;97;191;263;166;249;258
7608.0;97;191;261;167;249;259
7614.0;96;191;261;169;249;258
7620.0;96;189;261;170;250;258
7626.0;96;190;261;171;249;257
7632.0;96;190;260;172;250;256
7638.0;96;190;262;170;249;257
7644.0;96;190;262;170;247;259
7650.0;95;189;261;171;250;258
7656.0;95;189;261;171;250;258
7662.0;96;190;260;171;250;257
7668.0;96;189;259;171;252;257
7674.0;96;188;260;171;252;257
7680.0;95;187;261;171;251;259
7686.0;95;186;262;171;251;259
7692.0;92;187;262;171;250;262
7698.0;92;187;262;171;250;262
7704.0;92;187;261;170;251;263
7710.0;92;187;259;170;252;264
7716.0;91;186;261;168;254;264
7722.0;91;186;261;168;254;264
7728.0;93;186;261;167;253;264
7734.0;92;186;261;168;253;264
7740.0;93;184;260;169;254;264
7746.0;92;185;261;168;253;265
7752.0;94;185;261;168;253;263
7758.0;93;185;260;169;254;263
7764.0;93;185;260;169;254;263
7770.0;93;185;260;169;255;262
7776.0;91;185;262;169;256;261
7782.0;90;186;263;169;255;261
7788.0;87;187;264;170;255;261
7794.0;87;188;262;169;256;262
7800.0;86;189;262;168;257;262
7806.0;86;188;262;169;257;262
7812.0;86;187;264;169;258;260
7818.0;86;187;265;168;257;261
7824.0;86;187;266;170;255;260
7830.0;85;187;264;172;255;261
7836.0;86;186;263;172;255;262
7842.0;86;185;263;172;257;261
7848.0;86;185;263;172;257;261
7854.0;87;184;262;172;257;262
7860.0;86;186;262;172;256;262
7866.0;87;188;261;172;256;260
7872.0;86;188;262;172;256;260
7878.0;84;188;262;171;258;261
7884.0;84;188;261;170;258;263
7890.0;85;189;262;169;257;262
7896.0;86;189;262;169;256;262
7902.0;86;189;261;169;256;263
7908.0;85;189;261;169;257;263
7914.0;82;191;262;171;256;262
7920.0;81;192;261;172;255;263
7926.0;81;193;261;173;253;263
7932.0;82;192;262;172;252;264
7938.0;82;193;261;171;253;264
7944.0;82;194;260;170;253;265
7950.0;83;194;260;168;253;266
7956.0;83;195;260;167;253;266
7962.0;82;195;260;168;252;267
7968.0;83;195;261;167;252;266
7974.0;84;195;261;168;251;265
7980.0;85;195;260;168;251;265
7986.0;85;195;260;169;251;264
7992.0;86;195;261;168;251;263
7998.0;87;195;259;168;252;263
8004.0;87;194;261;165;253;264
8010.0;88;193;261;166;253;263
8016.0;88;193;263;166;253;261
8022.0;88;193;264;166;251;262
8028.0;89;193;262;164;252;264
8034.0;91;192;263;163;252;263
8040.0;90;192;264;162;252;264
8046.0;92;192;263;162;251;264
8052.0;93;192;261;162;253;263
8058.0;92;194;260;161;253;264
8064.0;91;195;260;161;251;266
8070.0;92;195;259;162;250;266
8076.0;92;195;259;162;250;266
8082.0;92;196;259;162;250;265
8088.0;93;196;257;162;251;265
8094.0;94;195;258;161;251;265
8100.0;95;196;257;160;251;265
8106.0;95;195;255;159;251;269
8112.0;95;195;254;160;253;267
8118.0;95;195;254;160;254;266
8124.0;95;195;253;161;254;266
8130.0;96;194;252;159;256;267
8136.0;97;193;253;158;256;267
8142.0;97;193;253;158;256;267
8148.0;98;194;253;156;256;267
8154.0;99;194;252;158;255;266
8160.0;99;194;252;158;254;267
8166.0;100;194;250;158;254;268
8172.0;101;193;250;160;254;266
8178.0;100;193;250;160;254;267
8184.0;100;193;250;159;254;268
8190.0;100;193;249;158;255;269
8196.0;100;194;250;158;254;268
8202.0;100;194;247;159;255;269
8208.0;100;193;248;160;255;268
8214.0;102;191;249;161;255;266
8220.0;102;191;250;161;255;265
8226.0;100;192;251;161;256;264
8232.0;100;194;251;161;254;264
8238.0;99;196;251;161;253;264
8244.0;99;196;250;162;254;263
8250.0;99;200;248;159;255;263
8256.0;99;199;250;159;255;262
8262.0;98;198;251;159;255;263
8268.0;98;196;253;158;256;263
8274.0;98;196;253;158;256;263
8280.0;98;196;252;157;255;266
8286.0;100;197;251;157;253;266
8292.0;101;196;253;159;251;264
8298.0;102;196;253;160;250;263
8304.0;101;196;254;160;249;264
8310.0;101;194;254;161;249;265
8316.0;102;194;253;161;249;265
8322.0;102;193;253;160;251;265
8328.0;101;194;253;162;248;266
8334.0;102;193;253;160;249;267
8340.0;99;194;252;161;250;268
8346.0;99;194;253;161;250;267
8352.0;100;194;252;160;250;268
8358.0;99;194;252;160;250;269
8364.0;98;196;251;158;252;269
8370.0;97;196;251;159;252;269
8376.0;98;197;251;159;251;268
8382.0;99;196;251;158;251;269
8388.0;100;197;250;158;250;269
8394.0;99;199;249;157;249;271
8400.0;100;200;248;157;249;270
8406.0;99;200;249;157;249;270
8412.0;100;200;248;158;250;268
8418.0;100;201;247;160;249;267
8424.0;99;201;247;162;246;269
8430.0;99;199;247;162;246;271
8436.0;99;198;245;163;248;271
8442.0;98;198;246;163;247;272
8448.0;97;197;248;163;246;273
8454.0;97;196;248;163;247;273
8460.0;97;196;248;163;246;274
8466.0;97;196;247;164;246;274
8472.0;97;195;247;165;247;273
8478.0;97;195;247;166;248;271
8484.0;97;194;247;167;248;271
8490.0;97;194;247;165;250;271
8496.0;97;194;246;165;250;272
8502.0;97;193;245;165;252;272
8508.0;97;194;245;164;252;272
8514.0;97;194;244;164;253;272
8520.0;97;194;243;164;254;272
8526.0;98;192;243;166;253;272
8532.0;96;191;243;166;255;273
8538.0;95;191;243;169;254;272
8544.0;96;191;243;168;254;272
8550.0;97;192;242;167;253;273
8556.0;98;191;243;167;251;274
8562.0;99;189;243;169;249;275
8568.0;99;189;243;169;249;275
8574.0;99;188;243;169;250;275
8580.0;100;189;244;170;249;272
8586.0;99;189;245;169;250;272
8592.0;99;189;245;169;251;271
8598.0;99;188;247;168;252;270
8604.0;99;189;247;168;251;270
8610.0;99;189;246;168;251;271
8616.0;99;189;245;168;252;271
8622.0;100;190;244;168;251;271
8628.0;100;189;245;168;251;271
8634.0;100;188;245;168;252;271
8640.0;102;186;245;168;252;271
8646.0;104;183;246;169;251;271
8652.0;104;183;245;169;251;272
8658.0;107;183;244;167;251;272
8664.0;107;184;244;166;252;271
8670.0;108;183;245;166;249;273
8676.0;108;184;242;169;249;272
8682.0;106;185;243;168;250;272
8688.0;106;185;242;168;250;273
8694.0;105;185;242;168;251;273
8700.0;105;186;242;169;249;273
8706.0;105;187;242;168;249;273
8712.0;106;189;241;167;248;273
8718.0;107;189;241;165;249;273
8724.0;106;188;241;165;249;275
8730.0;107;187;242;164;249;275
8736.0;107;185;241;164;251;276
8742.0;107;185;241;164;254;273
8748.0;106;184;241;165;254;274
8754.0;105;183;242;165;254;275
8760.0;105;184;242;165;254;274
8766.0;105;184;244;165;253;273
8772.0;105;183;246;164;253;273
8778.0;103;183;248;164;253;273
8784.0;102;183;249;164;253;273
8790.0;101;181;251;167;251;273
8796.0;101;180;251;170;250;272
8802.0;102;180;251;169;250;272
8808.0;102;181;250;169;250;272
8814.0;103;181;250;168;249;273
8820.0;103;181;250;169;249;272
8826.0;104;183;249;168;249;271
8832.0;103;184;249;167;250;271
8838.0;104;185;248;168;248;271
8844.0;104;186;248;168;248;270
8850.0;103;187;248;168;248;270
8856.0;106;186;249;166;247;270
8862.0;109;186;248;166;246;269
8868.0;109;185;248;166;246;270
8874.0;109;185;249;165;246;270
8880.0;109;185;249;164;246;271
8886.0;109;184;250;165;245;271
8892.0;110;183;250;165;245;271
8898.0;111;184;250;164;245;270
8904.0;109;182;251;168;245;269
8910.0;110;182;250;169;242;271
8916.0;109;183;250;169;241;272
8922.0;108;184;250;168;242;272
8928.0;108;184;251;167;242;272
8934.0;109;183;252;166;242;272
8940.0;107;183;252;167;241;274
8946.0;108;182;253;165;242;274
8952.0;108;184;252;163;243;274
8958.0;110;184;252;160;243;275
8964.0;110;185;250;158;245;276
8970.0;111;184;250;158;245;276
8976.0;111;182;251;159;244;277
8982.0;111;181;252;159;245;276
8988.0;110;182;252;158;246;276
8994.0;110;181;250;157;247;279
9000.0;111;181;250;157;247;278
9006.0;111;181;249;157;248;278
9012.0;110;182;252;154;248;278
9018.0;110;180;251;154;249;280
9024.0;109;180;251;154;249;281
9030.0;109;179;251;156;249;280
9036.0;109;179;251;155;249;281
9042.0;109;179;250;155;250;281
9048.0;109;178;250;156;250;281
9054.0;108;178;250;157;250;281
9060.0;108;178;251;157;250;280
9066.0;108;178;251;157;249;281
9072.0;108;177;252;157;249;281
9078.0;107;177;253;156;250;281
9084.0;107;177;253;157;248;282
9090.0;109;177;254;158;247;279
9096.0;109;178;251;159;248;279
9102.0;109;178;250;159;248;280
9108.0;109;178;250;160;248;279
9114.0;109;180;249;160;247;279
9120.0;109;179;249;161;247;279
9126.0;108;180;248;162;248;278
9132.0;108;179;249;163;247;278
9138.0;108;178;248;165;247;278
9144.0;108;178;247;165;248;278
9150.0;109;178;247;165;248;277
9156.0;109;179;247;165;247;277
9162.0;110;178;248;165;246;277
9168.0;109;178;249;165;246;277
9174.0;109;179;250;164;246;276
9180.0;109;180;249;164;247;275
9186.0;110;179;252;161;246;276
9192.0;109;179;251;162;246;277
9198.0;109;179;251;161;247;277
9204.0;108;178;252;161;247;278
9210.0;106;178;252;163;247;278
9216.0;106;177;252;163;247;279
9222.0;105;179;253;164;245;278
9228.0;105;180;252;162;246;279
9234.0;104;181;252;162;246;279
9240.0;103;181;251;163;246;280
9246.0;103;180;251;164;246;280
9252.0;102;180;251;165;246;280
9258.0;100;180;250;166;246;282
9264.0;98;181;253;167;246;279
9270.0;98;181;253;166;246;280
9276.0;97;180;253;168;246;280
9282.0;97;181;253;169;243;281
9288.0;98;181;252;170;241;282
9294.0;99;182;251;169;241;282
9300.0;99;182;250;170;241;282
9306.0;99;182;249;170;241;283
9312.0;98;183;248;168;243;284
9318.0;98;185;247;167;243;284
9324.0;98;185;247;167;243;284
9330.0;97;184;246;169;242;286
9336.0;97;185;247;169;241;285
9342.0;95;186;247;169;242;285
9348.0;96;184;248;170;242;284
9354.0;95;185;248;170;242;284
9360.0;94;185;248;172;241;284
9366.0;96;184;249;171;241;283
9372.0;97;184;248;171;241;283
9378.0;98;184;248;172;241;281
9384.0;98;184;247;172;242;281
9390.0;99;184;249;173;239;280
9396.0;99;185;248;173;239;280
9402.0;98;185;248;173;240;280
9408.0;98;185;248;173;239;281
9414.0;97;185;248;173;239;282
9420.0;96;186;248;173;239;282
9426.0;94;186;249;173;241;281
9432.0;94;186;248;175;240;281
9438.0;92;185;251;175;241;280
9444.0;92;184;253;175;239;281
9450.0;92;184;253;175;239;281
9456.0;92;184;254;175;239;280
9462.0;91;182;257;175;239;280
9468.0;91;182;257;174;239;281
9474.0;91;181;257;173;241;281
9480.0;92;182;257;174;240;279
9486.0;92;182;257;174;240;279
9492.0;93;183;257;172;239;280
9498.0;94;183;258;171;238;280
9504.0;93;185;258;171;239;278
9510.0;93;186;259;170;238;278
9516.0;94;186;257;170;238;279
9522.0;94;187;259;171;236;277
9528.0;94;187;259;171;237;276
9534.0;94;187;259;171;238;275
9540.0;94;187;260;171;239;273
9546.0;94;187;259;171;240;273
9552.0;95;187;259;171;239;273
9558.0;97;187;259;169;238;274
9564.0;97;187;259;169;238;274
9570.0;97;187;259;168;238;275
9576.0;97;189;257;169;237;275
9582.0;97;189;256;169;237;276
9588.0;98;188;256;168;238;276
9594.0;99;186;256;170;236;277
9600.0;100;186;255;170;236;277
9606.0;99;185;255;170;238;277
9612.0;99;185;255;170;237;278
9618.0;99;186;255;169;237;278
9624.0;99;187;254;169;237;278
9630.0;99;187;253;171;236;278
9636.0;99;189;253;171;237;275
9642.0;100;189;253;170;237;275
9648.0;101;189;252;171;235;276
9654.0;102;189;252;171;235;275
9660.0;102;189;251;171;238;273
9666.0;99;191;251;170;238;275
9672.0;99;192;251;170;238;274
9678.0;99;191;252;171;238;273
9684.0;99;191;252;170;238;274
9690.0;99;190;253;171;238;273
9696.0;98;190;253;172;237;274
9702.0;98;191;253;171;237;274
9708.0;98;191;253;171;237;274
9714.0;97;190;254;170;237;276
9720.0;97;191;252;171;237;276
9726.0;96;192;252;172;237;275
9732.0;97;192;251;172;236;276
9738.0;97;192;251;172;237;275
9744.0;97;191;250;175;236;275
9750.0;97;192;250;175;235;275
9756.0;95;191;252;176;235;275
9762.0;96;192;252;175;235;274
9768.0;95;191;253;175;234;276
9774.0;96;190;253;175;234;276
9780.0;96;190;253;175;234;276
9786.0;96;189;252;175;234;278
9792.0;98;189;253;174;234;276
9798.0;98;190;252;174;233;277
9804.0;99;188;252;174;233;278
9810.0;99;188;251;174;233;279
9816.0;99;188;251;174;232;280
9822.0;99;188;251;174;232;280
9828.0;100;188;250;175;232;279
9834.0;100;190;249;175;232;278
9840.0;100;190;248;176;232;278
9846.0;100;189;248;174;233;280
9852.0;100;190;248;173;234;279
9858.0;100;191;248;173;233;279
9864.0;101;191;248;172;233;279
9870.0;102;191;248;172;233;278
9876.0;101;192;247;171;235;278
9882.0;101;191;248;171;236;277
9888.0;100;191;249;171;236;277
9894.0;100;191;248;171;237;277
9900.0;100;192;247;172;237;276
9906.0;100;192;249;172;235;276
9912.0;99;191;251;171;236;276
9918.0;99;192;251;170;236;276
9924.0;99;192;251;172;235;275
9930.0;99;192;251;171;236;275
9936.0;101;190;252;172;237;272
9942.0;101;190;252;172;237;272
9948.0;101;190;253;172;237;271
9954.0;101;190;253;172;237;271
9960.0;101;190;251;172;237;273
9966.0;102;190;249;174;238;271
9972.0;102;190;250;174;238;270
9978.0;102;189;251;174;237;271
9984.0;102;189;251;173;238;271
9990.0;103;186;252;175;239;269
9996.0;103;186;252;175;239;269
10002.0;103;187;252;175;238;269
10008.0;103;187;252;175;239;268
10014.0;100;187;254;175;240;268
10020.0;100;187;254;176;239;268
10026.0;100;188;254;174;240;268
10032.0;101;188;253;175;239;268
10038.0;101;188;253;175;239;268
10044.0;102;187;253;175;238;269
10050.0;103;186;252;175;238;270
10056.0;103;187;251;175;237;271
10062.0;104;186;252;174;239;269
10068.0;103;187;252;173;241;268
10074.0;105;186;252;173;242;266
10080.0;106;185;252;173;241;267
10086.0;107;185;252;172;241;267
10092.0;107;184;250;173;242;268
10098.0;107;183;248;175;243;268
10104.0;106;183;247;175;243;270
10110.0;108;183;245;175;243;270
10116.0;109;182;245;175;243;270
10122.0;109;182;244;176;244;269
10128.0;109;183;244;176;244;268
10134.0;108;184;243;177;244;268
10140.0;107;183;242;179;245;268
10146.0;106;184;243;178;246;267
10152.0;107;184;243;177;246;267
10158.0;107;185;243;176;246;267
10164.0;107;185;242;176;246;268
10170.0;108;184;242;176;245;269
10176.0;107;185;242;175;246;269
10182.0;107;185;243;173;245;271
10188.0;107;185;243;174;244;271
10194.0;107;186;241;174;245;271
10200.0;107;186;241;174;245;271
10206.0;107;187;241;173;245;271
10212.0;108;186;241;173;245;271
10218.0;108;185;242;173;245;271
10224.0;108;185;243;172;245;271
10230.0;108;184;243;171;246;272
10236.0;108;184;243;171;246;272
10242.0;105;185;242;171;249;272
10248.0;105;185;243;171;248;272
10254.0;106;184;243;171;248;272
10260.0;106;185;244;171;247;271
10266.0;106;185;244;170;248;271
10272.0;105;185;244;171;248;271
10278.0;106;182;245;170;250;271
10284.0;105;182;244;170;250;273
10290.0;104;181;244;171;251;273
10296.0;103;180;246;172;250;273
10302.0;105;181;246;173;248;271
10308.0;106;181;247;172;247;271
10314.0;107;181;248;172;244;272
10320.0;106;181;248;173;243;273
10326.0;106;181;248;172;244;273
10332.0;105;182;248;172;244;273
10338.0;105;182;247;174;243;273
10344.0;107;181;245;174;245;272
10350.0;106;182;245;175;245;271
10356.0;106;182;245;174;246;271
10362.0;105;182;246;175;245;271
10368.0;105;183;245;175;245;271
10374.0;103;181;245;178;246;271
10380.0;102;181;245;179;246;271
10386.0;102;181;244;178;247;272
10392.0;100;181;244;178;247;274
10398.0;99;182;244;178;247;274
10404.0;99;182;244;178;247;274
10410.0;99;182;244;178;248;273
10416.0;98;182;243;178;247;276
10422.0;99;183;243;178;247;274
10428.0;98;185;242;178;247;274
10434.0;98;186;240;178;247;275
10440.0;97;186;242;178;245;276
10446.0;98;187;242;179;246;272
10452.0;100;186;242;179;245;272
10458.0;100;186;242;179;245;272
10464.0;101;185;243;179;244;272
10470.0;103;184;243;179;244;271
10476.0;103;183;244;177;244;273
10482.0;104;184;244;176;243;273
10488.0;104;184;244;176;243;273
10494.0;104;183;246;176;243;272
10500.0;106;182;246;176;245;269
10506.0;106;182;245;177;245;269
10512.0;106;182;245;177;245;269
10518.0;107;182;243;175;247;270
10524.0;107;182;243;174;248;270
10530.0;107;182;244;174;246;271
10536.0;106;182;245;174;246;271
10542.0;106;183;245;172;246;272
10548.0;106;183;246;171;247;271
10554.0;104;181;247;172;248;272
10560.0;103;182;245;173;248;273
10566.0;103;182;246;172;248;273
10572.0;105;182;245;171;248;273
10578.0;103;182;248;172;246;273
10584.0;102;182;250;172;246;272
10590.0;103;181;249;174;244;273
10596.0;103;181;249;174;244;273
10602.0;103;180;249;173;244;275
10608.0;103;180;250;173;244;274
10614.0;105;178;248;172;247;274
10620.0;105;177;249;172;247;274
10626.0;106;177;250;171;246;274
10632.0;107;177;250;169;247;274
10638.0;107;177;251;169;246;274
10644.0;107;177;251;170;246;273
10650.0;105;178;252;170;246;273
10656.0;104;177;254;169;247;273
10662.0;105;176;253;169;247;274
10668.0;105;175;254;170;245;275
10674.0;103;176;254;169;246;276
10680.0;102;176;254;169;247;276
10686.0;103;176;254;168;247;276
10692.0;103;176;254;167;248;276
10698.0;104;176;254;167;248;275
10704.0;104;174;253;167;251;275
10710.0;105;174;253;167;251;274
10716.0;103;174;254;167;252;274
10722.0;103;174;254;167;252;274
10728.0;104;172;253;167;253;275
10734.0;104;171;252;167;254;276
10740.0;106;172;251;168;251;276
10746.0;106;172;251;168;251;276
10752.0;107;172;251;169;249;276
10758.0;107;171;251;170;250;275
10764.0;106;171;252;170;250;275
10770.0;107;171;253;169;249;275
10776.0;106;170;255;170;248;275
10782.0;107;170;253;171;246;277
10788.0;107;170;254;170;247;276
10794.0;107;170;254;170;247;276
