#auto generated file!
12.0;101;104;90;111;98;108
18.0;100;104;90;112;98;108
24.0;100;104;90;112;98;108
30.0;99;104;90;113;98;108
36.0;98;103;91;113;98;109
42.0;97;105;91;113;98;108
48.0;96;105;90;114;99;108
54.0;95;105;89;114;100;109
60.0;93;105;90;114;100;110
66.0;93;105;90;114;100;110
72.0;93;104;90;113;101;111
78.0;93;104;91;113;100;111
84.0;93;104;91;113;100;111
90.0;93;103;91;114;100;111
96.0;93;103;91;114;100;111
102.0;94;103;91;113;100;111
108.0;93;103;91;113;99;113
114.0;93;103;92;112;99;113
120.0;92;103;92;112;100;113
126.0;91;102;93;111;102;113
132.0;91;102;93;111;103;112
138.0;90;103;93;111;103;112
144.0;90;103;94;110;103;112
150.0;91;104;94;109;103;111
156.0;91;104;94;110;102;111
162.0;91;105;94;110;102;110
168.0;90;106;93;111;102;110
174.0;91;106;93;110;102;110
180.0;90;106;92;112;102;110
186.0;90;106;91;112;102;111
192.0;90;107;91;111;102;111
198.0;90;108;91;111;100;112
204.0;91;108;90;111;100;112
210.0;89;109;91;111;100;112
216.0;88;109;91;111;100;113
222.0;88;109;91;111;101;112
228.0;88;108;92;111;101;112
234.0;88;107;91;114;100;112
240.0;88;107;92;113;101;111
246.0;89;107;92;112;101;111
252.0;90;106;93;112;99;112
258.0;87;106;93;113;98;115
264.0;85;106;94;114;98;115
270.0;86;106;94;113;98;115
276.0;85;106;93;113;98;117
282.0;85;107;93;113;98;116
288.0;85;107;93;113;98;116
294.0;85;107;93;113;98;116
300.0;85;106;94;114;98;115
306.0;85;104;95;115;99;114
312.0;84;103;95;115;100;115
318.0;83;103;95;116;99;116
324.0;82;103;96;116;100;115
330.0;82;103;96;116;100;115
336.0;83;104;96;116;100;113
342.0;83;103;98;114;100;114
348.0;83;104;99;112;100;114
354.0;83;104;98;112;101;114
360.0;82;104;98;112;100;116
366.0;82;104;98;113;100;115
372.0;80;104;98;113;100;117
378.0;81;103;98;113;100;117
384.0;82;102;98;113;100;117
390.0;81;102;98;114;100;117
396.0;80;102;99;115;100;116
402.0;79;102;100;115;99;117
408.0;80;101;101;115;99;116
414.0;80;102;100;115;99;116
420.0;80;102;100;115;99;116
426.0;80;101;100;115;100;116
432.0;80;101;100;115;100;116
438.0;80;101;100;115;100;116
444.0;80;101;100;115;99;117
450.0;80;101;100;116;98;117
456.0;81;101;100;115;97;118
462.0;81;101;101;114;97;118
468.0;80;101;102;114;97;118
474.0;80;101;102;114;97;118
480.0;80;101;101;114;97;119
486.0;81;100;101;115;97;118
492.0;81;100;100;116;97;118
498.0;80;102;99;115;98;118
504.0;80;102;99;114;98;119
510.0;78;102;99;116;98;119
516.0;78;102;99;116;98;119
522.0;77;102;99;117;98;119
528.0;77;102;99;117;98;119
534.0;77;102;99;117;98;119
540.0;77;102;99;116;98;120
546.0;77;102;100;115;98;120
552.0;78;102;100;115;98;119
558.0;77;102;101;115;98;119
564.0;77;103;101;114;98;119
570.0;77;103;100;114;98;120
576.0;76;104;100;113;100;119
582.0;75;105;100;114;100;118
588.0;77;105;99;113;99;119
594.0;77;105;99;113;99;119
600.0;77;104;100;113;100;118
606.0;77;105;99;113;100;118
612.0;77;105;99;113;100;118
618.0;76;105;99;112;101;119
624.0;74;105;101;112;100;120
630.0;73;105;102;113;99;120
636.0;73;105;102;114;99;119
642.0;73;105;102;114;99;119
648.0;74;106;102;114;98;118
654.0;73;106;103;114;98;118
660.0;73;106;103;114;98;118
666.0;74;105;104;114;98;117
672.0;74;104;104;114;98;118
678.0;74;103;105;114;98;118
684.0;75;103;105;113;99;117
690.0;74;104;105;113;99;117
696.0;75;104;104;112;99;118
702.0;75;105;104;112;98;118
708.0;74;104;105;112;98;119
714.0;73;104;105;112;100;118
720.0;73;104;105;112;99;119
726.0;73;104;105;112;99;119
732.0;73;103;105;113;99;119
738.0;74;103;104;112;99;120
744.0;75;104;102;112;98;121
750.0;74;104;102;112;99;121
756.0;73;104;102;112;100;121
762.0;74;103;102;112;100;121
768.0;74;104;102;111;100;121
774.0;74;104;102;111;101;120
780.0;75;105;100;110;102;120
786.0;76;105;100;110;102;119
792.0;75;105;101;111;101;119
798.0;75;104;100;111;103;119
804.0;75;104;99;111;104;119
810.0;75;103;100;111;103;120
816.0;74;103;100;110;104;121
822.0;75;103;100;109;104;121
828.0;75;103;99;110;104;121
834.0;75;103;99;111;104;120
840.0;75;103;99;111;104;120
846.0;75;103;99;111;104;120
852.0;75;102;99;111;105;120
858.0;74;102;99;111;105;121
864.0;76;101;99;111;105;120
870.0;76;102;99;110;105;120
876.0;76;102;99;108;106;121
882.0;76;102;99;109;105;121
888.0;76;102;99;109;105;121
894.0;76;102;99;110;104;121
900.0;76;101;100;110;104;121
906.0;75;102;101;110;104;120
912.0;76;102;100;110;106;118
918.0;75;102;99;111;107;118
924.0;75;102;99;111;107;118
930.0;75;102;99;111;107;118
936.0;75;102;99;111;107;118
942.0;75;102;99;111;107;118
948.0;75;101;100;111;106;119
954.0;75;101;101;111;106;118
960.0;74;101;101;112;106;118
966.0;73;101;101;112;106;119
972.0;74;102;101;112;105;118
978.0;74;101;102;112;106;117
984.0;74;101;102;112;106;117
990.0;74;102;102;111;106;117
996.0;74;103;102;112;104;117
1002.0;74;102;102;112;105;117
1008.0;74;102;102;112;105;117
1014.0;74;102;102;112;105;117
1020.0;74;102;102;112;105;117
1026.0;75;101;102;112;106;116
1032.0;75;101;102;111;106;117
1038.0;76;100;103;110;106;117
1044.0;76;100;103;110;106;117
1050.0;75;100;103;111;106;117
1056.0;75;100;103;111;105;118
1062.0;75;100;103;111;105;118
1068.0;75;99;103;111;106;118
1074.0;74;99;102;112;105;120
1080.0;74;99;103;111;105;120
1086.0;74;99;102;112;105;120
1092.0;74;99;102;112;105;120
1098.0;74;99;102;112;105;120
1104.0;75;99;103;111;105;119
1110.0;75;98;104;112;105;118
1116.0;75;98;104;112;105;118
1122.0;75;98;104;112;104;119
1128.0;75;98;104;113;104;118
1134.0;75;99;105;113;102;118
1140.0;74;99;105;113;102;119
1146.0;73;100;105;113;102;119
1152.0;73;99;105;114;102;119
1158.0;73;99;104;114;103;119
1164.0;73;100;103;114;103;119
1170.0;73;100;102;116;102;119
1176.0;72;101;103;115;102;119
1182.0;72;101;104;115;101;119
1188.0;72;101;104;115;101;119
1194.0;72;101;104;115;101;119
1200.0;72;101;104;115;101;119
1206.0;72;101;104;115;101;119
1212.0;71;101;104;116;101;119
1218.0;71;101;103;117;102;118
1224.0;71;100;105;116;103;117
1230.0;71;99;104;117;103;118
1236.0;71;99;104;117;104;117
1242.0;71;100;104;117;103;117
1248.0;71;101;104;116;103;117
1254.0;72;100;105;116;103;116
1260.0;73;100;106;113;104;116
1266.0;73;100;106;114;104;115
1272.0;73;99;106;114;104;116
1278.0;74;99;105;114;102;118
1284.0;74;98;106;114;102;118
1290.0;74;98;107;113;102;118
1296.0;75;98;107;112;103;117
1302.0;75;98;107;112;103;117
1308.0;74;99;108;111;102;118
1314.0;76;98;107;111;102;118
1320.0;76;98;107;111;102;118
1326.0;76;97;108;111;102;118
1332.0;76;98;108;110;102;118
1338.0;75;99;108;109;103;118
1344.0;75;99;108;109;103;118
1350.0;74;99;108;110;103;118
1356.0;74;99;107;111;103;118
1362.0;73;99;108;112;103;117
1368.0;73;99;109;112;102;117
1374.0;73;99;110;111;102;117
1380.0;73;98;109;110;103;119
1386.0;73;98;108;111;104;118
1392.0;73;98;108;112;104;117
1398.0;73;99;106;111;105;118
1404.0;73;99;106;111;105;118
1410.0;72;99;107;111;107;116
1416.0;72;99;105;112;108;116
1422.0;72;99;105;112;108;116
1428.0;74;99;105;110;107;117
1434.0;74;100;105;109;106;118
1440.0;74;100;106;109;105;118
1446.0;74;100;105;110;105;118
1452.0;74;100;105;110;105;118
1458.0;73;100;104;111;105;119
1464.0;73;98;103;114;105;119
1470.0;73;99;102;114;105;119
1476.0;74;98;103;113;105;119
1482.0;74;98;103;113;105;119
1488.0;74;98;104;113;105;118
1494.0;73;98;104;114;105;118
1500.0;73;98;104;114;105;118
1506.0;73;98;104;113;106;118
1512.0;73;98;103;114;106;118
1518.0;73;98;104;112;107;118
1524.0;73;98;104;112;107;118
1530.0;73;99;104;111;108;117
1536.0;73;99;104;111;108;117
1542.0;72;99;105;110;108;118
1548.0;73;97;105;110;108;119
1554.0;73;97;105;110;109;118
1560.0;73;96;105;111;109;118
1566.0;73;97;104;111;109;118
1572.0;73;96;105;112;108;118
1578.0;72;96;105;113;108;118
1584.0;74;96;105;111;107;119
1590.0;75;96;105;110;108;118
1596.0;73;97;105;110;108;119
1602.0;73;97;106;110;108;118
1608.0;72;97;106;111;108;118
1614.0;72;97;106;111;108;118
1620.0;72;97;106;111;108;118
1626.0;72;97;106;111;108;118
1632.0;72;97;106;111;108;118
1638.0;72;97;107;110;108;118
1644.0;72;97;108;109;108;118
1650.0;72;97;108;111;107;117
1656.0;72;96;108;112;107;117
1662.0;73;96;107;113;107;116
1668.0;72;96;108;113;106;117
1674.0;72;96;111;113;103;117
1680.0;72;96;111;113;103;117
1686.0;71;96;111;113;103;118
1692.0;71;97;110;113;103;118
1698.0;72;97;109;113;102;119
1704.0;70;97;109;113;104;119
1710.0;70;97;109;113;104;119
1716.0;69;98;109;114;103;119
1722.0;69;98;108;115;103;119
1728.0;68;101;107;116;102;118
1734.0;68;100;108;117;102;117
1740.0;68;100;108;117;102;117
1746.0;67;100;107;117;103;118
1752.0;67;100;107;117;103;118
1758.0;67;101;107;117;103;117
1764.0;66;101;107;117;104;117
1770.0;67;101;106;117;104;117
1776.0;68;98;106;117;106;117
1782.0;68;98;106;117;106;117
1788.0;68;98;106;117;106;117
1794.0;67;98;106;115;108;118
1800.0;67;97;106;115;107;120
1806.0;67;97;106;116;107;119
1812.0;67;96;106;117;107;119
1818.0;67;96;106;117;107;119
1824.0;65;97;106;117;108;119
1830.0;65;98;106;117;107;119
1836.0;66;97;106;118;106;119
1842.0;68;96;106;119;105;118
1848.0;67;96;106;119;105;119
1854.0;67;96;105;119;105;120
1860.0;67;95;106;118;106;120
1866.0;67;95;105;119;106;120
1872.0;68;95;105;119;106;119
1878.0;68;95;106;119;105;119
1884.0;69;93;104;121;105;120
1890.0;69;93;104;121;105;120
1896.0;69;93;104;120;106;120
1902.0;69;93;103;120;106;121
1908.0;69;93;102;119;106;123
1914.0;69;94;102;118;106;123
1920.0;69;94;102;118;106;123
1926.0;69;93;103;119;105;123
1932.0;69;93;103;119;105;123
1938.0;69;93;103;118;105;124
1944.0;68;93;103;119;106;123
1950.0;68;93;103;119;106;123
1956.0;68;93;104;118;106;123
1962.0;69;93;104;118;106;122
1968.0;69;93;104;118;106;122
1974.0;69;93;104;118;106;122
1980.0;67;92;105;118;108;122
1986.0;67;91;106;119;108;121
1992.0;67;91;106;119;108;121
1998.0;66;91;106;119;108;122
2004.0;65;92;106;119;108;122
2010.0;66;91;106;119;108;122
2016.0;67;91;106;119;107;122
2022.0;66;92;106;119;107;122
2028.0;66;92;105;120;107;122
2034.0;65;91;106;120;107;123
2040.0;65;91;106;120;107;123
2046.0;64;91;105;120;109;123
2052.0;64;91;105;120;109;123
2058.0;64;91;105;120;110;122
2064.0;65;91;105;120;109;122
2070.0;65;91;105;121;108;122
2076.0;65;91;105;121;108;122
2082.0;65;90;106;120;108;123
2088.0;64;92;106;120;108;122
2094.0;65;92;106;120;107;122
2100.0;65;92;106;120;107;122
2106.0;65;95;104;120;107;121
2112.0;64;95;104;121;106;122
2118.0;64;95;104;121;106;122
2124.0;64;96;102;121;107;122
2130.0;64;96;102;121;107;122
2136.0;65;95;101;122;106;123
2142.0;65;94;101;122;106;124
2148.0;65;95;101;122;105;124
2154.0;65;95;101;122;105;124
2160.0;65;95;101;121;106;124
2166.0;65;95;101;121;106;124
2172.0;65;94;101;121;106;125
2178.0;66;93;100;121;106;126
2184.0;66;92;101;121;106;126
2190.0;66;92;101;120;106;127
2196.0;66;92;101;119;106;128
2202.0;66;93;101;119;105;128
2208.0;66;93;101;119;105;128
2214.0;65;93;102;119;105;128
2220.0;64;94;104;119;103;128
2226.0;64;94;104;119;103;128
2232.0;64;94;104;119;103;128
2238.0;64;95;104;119;103;127
2244.0;64;96;104;118;103;127
2250.0;65;96;104;117;103;127
2256.0;65;96;104;116;103;128
2262.0;65;96;104;116;103;128
2268.0;67;96;103;114;103;129
2274.0;68;95;103;114;103;129
2280.0;68;94;103;114;104;129
2286.0;67;95;103;114;104;129
2292.0;66;96;103;114;104;129
2298.0;67;97;102;114;103;129
2304.0;67;96;102;115;103;129
2310.0;67;96;103;115;102;129
2316.0;68;94;103;115;103;129
2322.0;68;95;103;115;104;127
2328.0;68;94;103;116;104;127
2334.0;69;94;103;116;104;126
2340.0;69;93;102;117;106;125
2346.0;69;93;103;117;106;124
2352.0;69;93;104;116;106;124
2358.0;69;93;104;115;107;124
2364.0;70;93;104;114;108;123
2370.0;70;93;104;114;108;123
2376.0;70;93;104;114;107;124
2382.0;70;94;105;113;106;124
2388.0;70;94;106;111;106;125
2394.0;70;94;106;111;106;125
2400.0;68;92;107;114;106;125
2406.0;68;92;107;114;106;125
2412.0;68;93;107;114;105;125
2418.0;68;93;107;113;105;126
2424.0;68;93;107;113;105;126
2430.0;69;92;107;113;105;126
2436.0;70;91;107;113;105;126
2442.0;70;91;107;113;105;126
2448.0;70;91;107;114;105;125
2454.0;70;91;107;114;105;125
2460.0;70;90;107;115;106;124
2466.0;70;89;106;116;106;125
2472.0;70;88;107;116;106;125
2478.0;68;87;107;116;106;128
2484.0;67;88;106;116;108;127
2490.0;65;90;105;116;109;127
2496.0;65;90;104;116;109;128
2502.0;65;90;102;117;110;128
2508.0;65;90;102;117;110;128
2514.0;65;91;102;117;110;127
2520.0;65;91;102;117;110;127
2526.0;65;90;102;117;111;127
2532.0;65;90;102;117;109;129
2538.0;65;90;101;117;110;129
2544.0;65;91;101;116;110;129
2550.0;64;91;101;115;111;130
2556.0;64;92;102;114;111;129
2562.0;64;91;102;114;111;130
2568.0;64;92;102;113;112;129
2574.0;64;90;104;113;112;129
2580.0;65;89;103;114;112;129
2586.0;65;89;104;113;112;129
2592.0;66;90;103;113;112;128
2598.0;66;90;103;113;112;128
2604.0;66;90;103;113;112;128
2610.0;66;90;104;112;112;128
2616.0;67;90;103;112;112;128
2622.0;66;90;103;112;112;129
2628.0;66;90;103;112;113;128
2634.0;64;89;104;112;114;129
2640.0;64;88;104;113;114;129
2646.0;64;87;105;113;114;129
2652.0;64;87;104;113;114;130
2658.0;64;87;103;114;113;131
2664.0;64;87;103;115;113;130
2670.0;64;88;104;114;112;130
2676.0;65;88;103;114;112;130
2682.0;65;88;103;115;112;129
2688.0;64;88;103;115;113;129
2694.0;63;88;103;116;113;129
2700.0;63;89;102;116;113;129
2706.0;63;89;102;116;113;129
2712.0;63;89;102;115;113;130
2718.0;63;89;102;116;112;130
2724.0;63;89;102;116;112;130
2730.0;63;89;102;116;112;130
2736.0;64;89;101;116;112;130
2742.0;64;91;101;114;112;130
2748.0;65;91;101;113;112;130
2754.0;65;92;101;112;111;131
2760.0;64;91;101;112;113;131
2766.0;64;91;101;112;114;130
2772.0;64;91;101;112;115;129
2778.0;64;91;102;112;115;128
2784.0;64;91;102;112;114;129
2790.0;64;91;102;112;114;129
2796.0;64;91;102;112;114;129
2802.0;64;91;102;112;114;129
2808.0;63;91;102;112;114;130
2814.0;63;90;102;113;114;130
2820.0;62;90;102;113;115;130
2826.0;61;91;103;114;115;128
2832.0;61;90;103;114;115;129
2838.0;61;92;103;114;114;128
2844.0;61;92;103;115;114;127
2850.0;61;93;103;115;114;126
2856.0;62;92;103;115;114;126
2862.0;63;91;103;115;114;126
2868.0;62;91;103;115;115;126
2874.0;62;92;103;115;115;125
2880.0;62;91;103;116;115;125
2886.0;62;91;103;116;115;125
2892.0;62;91;102;118;114;125
2898.0;62;91;101;119;114;125
2904.0;62;91;99;120;115;125
2910.0;63;91;100;119;115;124
2916.0;63;90;100;119;116;124
2922.0;64;90;99;119;116;124
2928.0;64;90;98;119;116;125
2934.0;63;90;98;119;116;126
2940.0;62;89;99;120;117;125
2946.0;62;89;99;119;118;125
2952.0;62;89;98;119;119;125
2958.0;62;89;97;119;120;125
2964.0;62;88;96;119;121;126
2970.0;61;89;96;119;122;125
2976.0;61;89;95;118;123;126
2982.0;63;90;95;117;123;124
2988.0;63;91;95;116;122;125
2994.0;63;90;95;116;122;126
3000.0;62;90;96;117;122;125
3006.0;62;89;96;118;122;125
3012.0;62;89;96;118;122;125
3018.0;64;89;96;118;121;124
3024.0;62;89;97;118;122;124
3030.0;63;88;96;120;122;123
3036.0;63;87;96;121;122;123
3042.0;63;87;96;120;122;124
3048.0;63;86;96;120;123;124
3054.0;63;86;96;119;123;125
3060.0;62;86;97;118;124;125
3066.0;62;85;98;118;124;125
3072.0;62;85;98;118;124;125
3078.0;62;85;98;119;123;125
3084.0;62;85;98;119;123;125
3090.0;61;84;99;120;123;125
3096.0;61;85;100;120;121;125
3102.0;61;85;100;120;121;125
3108.0;62;85;100;119;121;125
3114.0;62;86;101;119;120;124
3120.0;62;86;102;118;120;124
3126.0;62;86;103;117;119;125
3132.0;61;87;104;116;119;125
3138.0;64;88;103;114;119;124
3144.0;63;89;103;114;119;124
3150.0;64;90;101;113;119;125
3156.0;64;90;101;113;119;125
3162.0;64;91;100;113;119;125
3168.0;64;91;100;113;119;125
3174.0;65;91;100;113;118;125
3180.0;66;90;101;113;118;124
3186.0;66;89;101;113;119;124
3192.0;66;89;101;113;119;124
3198.0;66;89;102;113;119;123
3204.0;65;89;103;113;119;123
3210.0;65;89;103;113;120;122
3216.0;64;89;103;112;121;123
3222.0;64;88;103;113;120;124
3228.0;64;88;103;112;120;125
3234.0;64;88;103;112;120;125
3240.0;64;88;103;112;119;126
3246.0;64;88;104;112;118;126
3252.0;64;88;104;111;119;126
3258.0;64;89;104;111;118;126
3264.0;63;87;104;111;120;127
3270.0;63;87;104;111;120;127
3276.0;62;88;104;111;120;127
3282.0;62;88;103;111;120;128
3288.0;63;87;103;110;121;128
3294.0;64;87;103;110;121;127
3300.0;64;86;104;110;121;127
3306.0;64;86;104;110;121;127
3312.0;63;86;104;109;122;128
3318.0;64;87;102;108;122;129
3324.0;63;87;102;109;122;129
3330.0;63;87;102;109;122;129
3336.0;63;87;102;109;122;129
3342.0;63;87;102;109;123;128
3348.0;62;87;104;109;122;128
3354.0;62;88;104;109;121;128
3360.0;62;88;104;109;121;128
3366.0;59;89;105;109;122;128
3372.0;59;87;106;110;124;126
3378.0;58;87;108;110;123;126
3384.0;58;87;108;110;123;126
3390.0;58;87;109;109;123;126
3396.0;58;87;109;109;123;126
3402.0;58;87;109;109;123;126
3408.0;58;87;108;109;124;126
3414.0;58;87;109;108;124;126
3420.0;58;87;109;108;124;126
3426.0;58;87;109;108;124;126
3432.0;59;87;109;107;124;126
3438.0;59;88;109;106;124;126
3444.0;59;88;109;106;124;126
3450.0;59;89;109;106;124;125
3456.0;59;89;109;105;124;126
3462.0;59;90;110;105;123;125
3468.0;59;90;110;105;123;125
3474.0;60;89;110;105;123;125
3480.0;59;88;111;105;124;125
3486.0;58;88;112;104;125;125
3492.0;58;88;112;104;125;125
3498.0;58;88;112;104;125;125
3504.0;58;88;113;104;124;125
3510.0;59;88;113;102;125;125
3516.0;59;89;113;102;125;124
3522.0;59;89;113;102;125;124
3528.0;59;89;113;102;125;124
3534.0;58;90;112;102;125;125
3540.0;58;90;112;102;125;125
3546.0;58;91;112;101;125;125
3552.0;57;91;114;101;125;124
3558.0;57;91;114;101;125;124
3564.0;57;91;115;101;124;124
3570.0;57;91;115;101;123;125
3576.0;57;92;115;100;122;126
3582.0;57;92;116;100;121;126
3588.0;57;92;116;100;121;126
3594.0;57;92;116;99;122;126
3600.0;57;92;115;99;122;127
3606.0;56;93;115;98;122;128
3612.0;56;93;115;98;122;128
3618.0;56;94;114;97;123;128
3624.0;56;94;114;96;124;128
3630.0;55;93;114;96;125;129
3636.0;55;93;114;96;125;129
3642.0;55;93;114;96;125;129
3648.0;55;93;115;95;125;129
3654.0;55;93;115;95;125;129
3660.0;54;93;113;95;127;130
3666.0;54;93;113;95;127;130
3672.0;55;94;114;92;127;130
3678.0;55;94;114;92;127;130
3684.0;55;94;114;92;127;130
3690.0;55;94;114;92;127;130
3696.0;55;95;114;92;126;130
3702.0;55;96;114;90;127;130
3708.0;57;96;113;89;126;131
3714.0;57;96;113;89;126;131
3720.0;57;96;113;89;126;131
3726.0;58;95;113;89;126;131
3732.0;58;95;113;89;126;131
3738.0;58;95;113;89;126;131
3744.0;57;96;113;89;126;131
3750.0;57;98;111;89;126;131
3756.0;57;98;111;89;126;131
3762.0;57;98;111;89;126;131
3768.0;57;98;111;90;126;130
3774.0;58;99;109;91;125;130
3780.0;59;98;109;91;125;130
3786.0;58;100;110;91;124;129
3792.0;58;101;109;91;124;129
3798.0;57;102;109;92;124;128
3804.0;58;101;108;92;125;128
3810.0;58;101;108;92;125;128
3816.0;57;103;107;93;126;126
3822.0;57;102;108;93;126;126
3828.0;57;102;108;93;126;126
3834.0;57;101;109;94;126;125
3840.0;55;102;108;94;126;127
3846.0;56;101;108;93;127;127
3852.0;55;101;108;93;127;128
3858.0;55;101;108;93;128;127
3864.0;54;101;108;94;128;127
3870.0;56;101;108;94;127;126
3876.0;55;103;108;94;126;126
3882.0;55;103;108;94;126;126
3888.0;55;102;109;95;125;126
3894.0;55;102;109;95;125;126
3900.0;54;102;110;95;125;126
3906.0;53;102;111;95;125;126
3912.0;52;101;111;95;127;126
3918.0;51;102;111;95;127;126
3924.0;51;102;111;95;127;126
3930.0;51;102;111;95;127;126
3936.0;50;103;111;96;127;125
3942.0;50;103;111;96;127;125
3948.0;49;101;110;97;129;126
3954.0;50;100;109;99;129;125
3960.0;50;100;109;99;129;125
3966.0;50;99;110;99;129;125
3972.0;49;100;110;100;128;125
3978.0;50;102;110;100;126;124
3984.0;51;103;110;100;126;122
3990.0;53;103;109;98;127;122
3996.0;53;103;109;98;127;122
4002.0;53;104;108;98;127;122
4008.0;53;103;109;98;127;122
4014.0;53;104;108;98;127;122
4020.0;54;104;107;98;127;122
4026.0;53;104;106;98;129;122
4032.0;53;103;107;98;129;122
4038.0;53;103;107;98;129;122
4044.0;54;104;106;98;129;121
4050.0;54;104;106;97;129;122
4056.0;54;104;106;97;129;122
4062.0;54;103;105;97;130;123
4068.0;53;104;105;96;129;125
4074.0;53;104;105;96;129;125
4080.0;54;104;104;96;130;124
4086.0;54;104;105;95;130;124
4092.0;54;106;106;94;129;123
4098.0;54;106;106;94;129;123
4104.0;54;106;106;94;129;123
4110.0;55;107;105;93;128;124
4116.0;55;108;105;92;128;124
4122.0;55;108;104;92;128;125
4128.0;55;108;104;92;128;125
4134.0;54;109;105;91;126;127
4140.0;54;109;105;91;126;127
4146.0;53;110;105;91;126;127
4152.0;54;109;105;92;125;127
4158.0;54;109;105;91;125;128
4164.0;54;109;105;91;126;127
4170.0;55;108;105;90;126;128
4176.0;55;108;104;90;127;128
4182.0;55;107;104;91;127;128
4188.0;55;108;103;91;127;128
4194.0;55;107;103;92;127;128
4200.0;54;107;103;92;127;129
4206.0;54;107;103;92;127;129
4212.0;54;106;103;93;127;129
4218.0;54;106;103;94;126;129
4224.0;54;107;103;94;126;128
4230.0;56;107;104;94;124;127
4236.0;55;107;105;94;125;126
4242.0;55;107;105;94;125;126
4248.0;56;107;105;94;125;125
4254.0;56;107;105;94;125;125
4260.0;56;108;105;94;125;124
4266.0;55;110;105;93;125;124
4272.0;55;111;106;93;124;123
4278.0;55;112;106;92;124;123
4284.0;55;111;107;93;123;123
4290.0;55;111;107;93;122;124
4296.0;55;111;107;93;122;124
4302.0;55;111;107;93;122;124
4308.0;55;111;107;93;122;124
4314.0;54;111;107;93;123;124
4320.0;55;111;108;92;123;123
4326.0;55;111;108;92;123;123
4332.0;55;112;106;92;123;124
4338.0;55;112;106;92;123;124
4344.0;55;113;105;92;123;124
4350.0;54;113;104;92;125;124
4356.0;54;115;105;91;123;124
4362.0;55;115;105;91;123;123
4368.0;54;116;105;91;122;124
4374.0;54;115;106;90;123;124
4380.0;55;115;106;90;122;124
4386.0;55;114;106;91;122;124
4392.0;55;114;106;91;122;124
4398.0;55;114;107;91;121;124
4404.0;55;114;107;91;121;124
4410.0;56;114;106;91;121;124
4416.0;55;114;105;91;122;125
4422.0;55;114;106;90;122;125
4428.0;56;114;106;90;121;125
4434.0;56;114;107;90;120;125
4440.0;57;114;108;90;119;124
4446.0;59;114;108;90;117;124
4452.0;59;114;108;90;117;124
4458.0;59;114;108;90;117;124
4464.0;61;113;108;90;116;124
4470.0;60;113;108;90;117;124
4476.0;60;113;109;90;116;124
4482.0;60;112;110;90;115;125
4488.0;61;111;110;90;115;125
4494.0;62;110;110;90;115;125
4500.0;61;110;110;90;116;125
4506.0;61;109;110;90;116;126
4512.0;61;109;112;89;116;125
4518.0;61;110;112;88;115;126
4524.0;60;111;111;87;116;127
4530.0;60;111;111;88;115;127
4536.0;59;111;111;89;115;127
4542.0;58;111;111;91;115;126
4548.0;58;111;111;91;115;126
4554.0;58;110;110;92;115;127
4560.0;58;110;110;92;115;127
4566.0;56;110;110;92;116;128
4572.0;56;110;110;92;116;128
4578.0;57;110;110;91;116;128
4584.0;57;111;111;91;116;126
4590.0;57;112;111;91;115;126
4596.0;57;112;111;91;116;125
4602.0;56;111;110;93;116;126
4608.0;56;112;110;93;115;126
4614.0;56;112;110;93;115;126
4620.0;55;112;110;93;116;126
4626.0;55;113;109;93;117;125
4632.0;55;113;108;93;117;126
4638.0;55;113;108;93;117;126
4644.0;55;112;108;93;118;126
4650.0;56;111;109;92;118;126
4656.0;55;111;110;91;119;126
4662.0;55;112;110;90;119;126
4668.0;55;113;108;90;120;126
4674.0;56;112;109;90;119;126
4680.0;56;112;109;90;120;125
4686.0;57;111;109;89;121;125
4692.0;57;111;110;89;121;124
4698.0;58;111;108;89;122;124
4704.0;58;111;108;89;122;124
4710.0;57;111;107;89;123;125
4716.0;58;111;106;89;123;125
4722.0;57;110;105;89;125;126
4728.0;56;110;105;89;127;125
4734.0;55;111;105;89;127;125
4740.0;56;111;105;88;127;125
4746.0;55;112;106;87;127;125
4752.0;52;113;108;88;127;124
4758.0;52;114;107;88;127;124
4764.0;51;115;107;87;128;124
4770.0;51;114;106;87;129;125
4776.0;53;112;106;87;129;125
4782.0;52;112;106;87;129;126
4788.0;52;112;106;87;129;126
4794.0;52;113;106;87;129;125
4800.0;52;113;106;87;129;125
4806.0;52;113;106;88;128;125
4812.0;52;113;106;88;128;125
4818.0;52;112;107;88;128;125
4824.0;52;111;108;89;128;124
4830.0;53;110;108;89;128;124
4836.0;53;109;109;89;128;124
4842.0;53;109;109;89;128;124
4848.0;53;108;108;90;128;125
4854.0;53;108;108;90;128;125
4860.0;53;108;108;89;129;125
4866.0;53;107;108;89;130;125
4872.0;53;107;108;89;130;125
4878.0;54;107;109;87;129;126
4884.0;54;107;109;87;129;126
4890.0;55;107;108;87;129;126
4896.0;55;107;108;88;128;126
4902.0;56;107;108;88;128;125
4908.0;56;108;107;88;128;125
4914.0;56;107;107;88;128;126
4920.0;56;108;106;88;128;126
4926.0;56;108;106;88;128;126
4932.0;56;108;106;88;128;126
4938.0;56;108;106;88;128;126
4944.0;56;108;104;90;128;126
4950.0;55;109;104;89;128;127
4956.0;55;111;103;89;126;128
4962.0;55;111;103;89;126;128
4968.0;56;108;103;89;128;128
4974.0;56;107;104;89;127;129
4980.0;57;106;104;90;127;128
4986.0;56;106;104;91;127;128
4992.0;56;106;103;91;128;128
4998.0;56;106;104;90;128;128
5004.0;56;106;104;90;128;128
5010.0;57;105;104;90;128;128
5016.0;57;105;104;90;128;128
5022.0;55;105;104;93;127;128
5028.0;57;104;103;93;126;129
5034.0;57;104;103;93;126;129
5040.0;57;104;104;92;125;130
5046.0;57;103;104;92;124;132
5052.0;58;103;105;91;124;131
5058.0;58;103;105;91;124;131
5064.0;58;102;106;91;124;131
5070.0;58;102;106;91;124;131
5076.0;59;103;107;91;122;130
5082.0;60;103;107;90;122;130
5088.0;59;103;107;90;122;131
5094.0;59;104;106;90;122;131
5100.0;59;104;106;90;122;131
5106.0;58;104;106;90;123;131
5112.0;56;105;107;89;123;132
5118.0;56;106;107;89;124;130
5124.0;58;106;107;88;123;130
5130.0;58;105;108;89;122;130
5136.0;58;106;108;89;122;129
5142.0;58;105;108;90;122;129
5148.0;59;104;108;90;122;129
5154.0;59;103;108;90;122;130
5160.0;59;103;108;90;122;130
5166.0;59;103;109;88;124;129
5172.0;59;103;109;89;124;128
5178.0;58;103;109;88;125;129
5184.0;58;103;109;89;125;128
5190.0;58;103;109;89;125;128
5196.0;58;103;109;88;126;128
5202.0;58;103;109;88;125;129
5208.0;61;101;110;86;125;129
5214.0;61;101;110;86;126;128
5220.0;62;101;110;86;125;128
5226.0;62;100;110;86;125;129
5232.0;63;99;111;85;126;128
5238.0;63;98;111;85;127;128
5244.0;63;98;111;85;127;128
5250.0;63;99;110;84;128;128
5256.0;64;98;112;83;128;127
5262.0;64;98;112;83;128;127
5268.0;64;98;112;83;128;127
5274.0;65;97;112;83;128;127
5280.0;65;95;113;84;128;127
5286.0;66;95;113;83;128;127
5292.0;66;95;113;82;128;128
5298.0;66;95;113;82;128;128
5304.0;67;95;113;82;127;128
5310.0;67;95;115;81;127;127
5316.0;68;94;116;80;127;127
5322.0;69;94;116;80;127;126
5328.0;70;94;117;79;127;125
5334.0;70;94;117;78;128;125
5340.0;70;95;116;78;128;125
5346.0;69;95;117;78;128;125
5352.0;68;95;117;78;129;125
5358.0;68;95;117;78;129;125
5364.0;68;96;117;77;130;124
5370.0;68;96;118;75;130;125
5376.0;68;95;118;75;130;126
5382.0;68;95;119;74;130;126
5388.0;69;94;118;74;129;128
5394.0;69;94;118;74;129;128
5400.0;69;93;118;74;129;129
5406.0;69;93;118;74;129;129
5412.0;69;94;118;74;128;129
5418.0;68;95;118;75;127;129
5424.0;69;94;118;74;126;131
5430.0;71;93;117;73;127;131
5436.0;71;93;117;73;127;131
5442.0;71;92;118;73;127;131
5448.0;71;92;118;73;128;130
5454.0;71;92;118;73;128;130
5460.0;72;92;118;73;128;129
5466.0;72;92;118;74;128;128
5472.0;72;92;117;75;128;128
5478.0;72;91;117;75;130;127
5484.0;72;90;117;76;130;127
5490.0;72;89;117;76;130;128
5496.0;71;89;117;76;131;128
5502.0;70;87;117;77;132;129
5508.0;69;88;117;77;132;129
5514.0;70;89;117;77;130;129
5520.0;69;89;116;78;131;129
5526.0;69;89;116;78;132;128
5532.0;68;89;116;78;133;128
5538.0;68;89;116;78;133;128
5544.0;68;89;116;79;132;128
5550.0;68;90;117;79;132;126
5556.0;69;90;116;79;132;126
5562.0;69;90;116;79;132;126
5568.0;69;89;115;80;133;126
5574.0;70;89;114;80;132;127
5580.0;70;89;113;80;133;127
5586.0;70;88;113;80;134;127
5592.0;70;88;114;80;134;126
5598.0;70;87;114;80;135;126
5604.0;70;87;114;80;135;126
5610.0;68;88;115;80;135;126
5616.0;67;88;116;80;135;126
5622.0;66;88;116;81;135;126
5628.0;66;87;115;82;135;127
5634.0;67;86;115;82;135;127
5640.0;68;85;115;82;135;127
5646.0;66;85;115;82;136;128
5652.0;65;86;115;83;135;128
5658.0;65;85;116;83;136;127
5664.0;67;84;117;82;135;127
5670.0;67;83;117;82;135;128
5676.0;66;83;117;82;135;129
5682.0;66;84;117;81;135;129
5688.0;66;84;116;82;135;129
5694.0;67;84;116;82;134;129
5700.0;67;83;117;82;134;129
5706.0;67;83;117;82;134;129
5712.0;67;83;117;82;133;130
5718.0;68;83;117;82;131;131
5724.0;68;83;117;82;131;131
5730.0;69;82;118;81;131;131
5736.0;69;82;118;82;131;130
5742.0;69;81;119;82;131;130
5748.0;69;81;119;82;130;131
5754.0;70;81;120;80;131;130
5760.0;70;82;120;80;131;129
5766.0;70;82;119;80;131;130
5772.0;72;82;118;79;131;130
5778.0;72;82;118;79;131;130
5784.0;72;82;118;78;131;131
5790.0;72;82;118;78;131;131
5796.0;71;82;118;79;131;131
5802.0;69;82;118;80;131;132
5808.0;69;82;118;80;131;132
5814.0;68;83;118;80;131;132
5820.0;68;83;119;81;130;131
5826.0;68;83;119;81;130;131
5832.0;67;83;120;79;131;132
5838.0;66;83;121;79;132;131
5844.0;68;82;120;79;132;131
5850.0;67;83;120;79;132;131
5856.0;67;84;120;78;132;131
5862.0;66;83;119;78;134;132
5868.0;66;83;118;78;135;132
5874.0;66;83;119;76;134;134
5880.0;66;83;119;76;134;134
5886.0;66;83;120;76;134;133
5892.0;65;83;120;77;134;133
5898.0;65;83;120;77;135;132
5904.0;65;83;119;78;135;132
5910.0;65;83;119;78;135;132
5916.0;64;83;119;78;136;132
5922.0;64;83;119;78;136;132
5928.0;64;82;119;78;137;132
5934.0;65;81;119;79;137;131
5940.0;65;81;119;79;137;131
5946.0;65;81;119;80;137;130
5952.0;67;80;119;79;138;129
5958.0;67;80;121;79;138;127
5964.0;67;80;120;80;138;127
5970.0;67;80;120;80;138;127
5976.0;66;81;119;80;139;127
5982.0;65;81;119;81;139;127
5988.0;66;81;119;80;139;127
5994.0;66;80;118;81;140;127
6000.0;66;80;118;81;140;127
6006.0;66;80;118;81;140;127
6012.0;66;80;118;81;140;127
6018.0;65;80;119;81;140;127
6024.0;65;81;118;81;140;127
6030.0;66;81;120;80;138;127
6036.0;66;80;120;80;139;127
6042.0;66;81;120;79;140;126
6048.0;65;80;120;79;140;128
6054.0;65;80;120;79;140;128
6060.0;66;80;119;79;140;128
6066.0;67;82;118;79;140;126
6072.0;67;80;117;82;141;125
6078.0;67;80;117;82;141;125
6084.0;67;80;117;83;140;125
6090.0;67;80;117;83;140;125
6096.0;67;80;117;83;140;125
6102.0;66;81;117;83;140;125
6108.0;66;80;117;84;139;126
6114.0;66;80;118;84;138;126
6120.0;66;78;118;84;138;128
6126.0;66;78;118;84;138;128
6132.0;66;78;118;85;138;127
6138.0;65;79;118;85;137;128
6144.0;65;79;118;85;137;128
6150.0;64;80;120;85;136;127
6156.0;62;80;121;86;136;127
6162.0;64;81;119;85;137;126
6168.0;64;81;119;85;137;126
6174.0;64;81;120;85;137;125
6180.0;64;81;120;86;136;125
6186.0;64;81;119;86;137;125
6192.0;65;82;119;87;134;125
6198.0;65;81;119;87;135;125
6204.0;66;81;119;87;136;123
6210.0;66;81;119;87;136;123
6216.0;67;80;119;87;136;123
6222.0;67;80;119;86;137;123
6228.0;68;80;118;85;138;123
6234.0;67;80;118;87;137;123
6240.0;67;80;117;88;137;123
6246.0;66;81;117;88;136;124
6252.0;66;81;117;88;136;124
6258.0;65;81;117;88;136;125
6264.0;65;81;118;88;135;125
6270.0;66;80;118;88;135;125
6276.0;67;79;119;88;134;125
6282.0;67;79;118;89;135;124
6288.0;67;78;116;89;137;125
6294.0;67;77;116;89;137;126
6300.0;67;77;116;90;137;125
6306.0;67;78;116;90;137;124
6312.0;67;78;116;89;138;124
6318.0;67;78;118;88;137;124
6324.0;67;78;118;88;137;124
6330.0;66;78;120;88;138;122
6336.0;66;78;120;88;138;122
6342.0;66;79;120;88;137;122
6348.0;66;79;120;88;137;122
6354.0;66;79;121;87;137;122
6360.0;66;80;121;87;136;122
6366.0;64;79;122;87;136;124
6372.0;64;79;122;87;136;124
6378.0;63;79;122;88;136;124
6384.0;63;79;123;88;135;124
6390.0;63;79;123;88;135;124
6396.0;63;79;123;88;135;124
6402.0;63;81;121;89;135;123
6408.0;62;82;121;89;135;123
6414.0;62;80;122;89;136;123
6420.0;61;80;121;89;138;123
6426.0;62;79;121;90;137;123
6432.0;62;79;121;90;137;123
6438.0;62;80;120;91;137;122
6444.0;63;80;121;90;137;121
6450.0;64;80;121;90;137;120
6456.0;64;80;121;90;137;120
6462.0;64;80;121;90;138;119
6468.0;64;80;121;90;139;118
6474.0;63;79;121;90;140;119
6480.0;63;79;121;90;140;119
6486.0;63;79;121;90;140;119
6492.0;64;79;122;90;138;119
6498.0;64;78;123;90;138;119
6504.0;64;78;123;90;139;118
6510.0;63;79;123;91;138;118
6516.0;63;79;123;91;138;118
6522.0;62;79;123;91;138;119
6528.0;62;80;122;92;137;119
6534.0;61;81;123;93;136;118
6540.0;61;81;123;92;137;118
6546.0;63;81;121;92;137;118
6552.0;63;81;121;91;138;118
6558.0;63;81;121;91;138;118
6564.0;62;82;122;91;138;117
6570.0;62;82;122;91;138;117
6576.0;63;82;121;91;138;117
6582.0;62;82;121;92;137;118
6588.0;62;82;121;92;137;118
6594.0;62;84;120;92;137;117
6600.0;61;84;120;92;137;118
6606.0;60;83;118;94;139;118
6612.0;60;83;118;93;139;119
6618.0;61;83;118;93;139;118
6624.0;61;83;118;93;138;119
6630.0;60;83;118;94;138;119
6636.0;60;83;118;94;138;119
6642.0;60;82;118;95;138;119
6648.0;59;82;119;96;137;119
6654.0;58;82;119;96;137;120
6660.0;57;82;119;97;137;120
6666.0;57;82;120;97;136;120
6672.0;57;81;121;97;136;120
6678.0;57;80;121;98;136;120
6684.0;57;79;121;98;136;121
6690.0;57;77;123;98;136;121
6696.0;58;78;123;97;135;121
6702.0;58;78;123;98;134;121
6708.0;58;77;123;99;134;121
6714.0;59;78;123;98;133;121
6720.0;59;78;123;98;133;121
6726.0;59;78;123;98;133;121
6732.0;59;79;122;98;134;120
6738.0;59;79;122;97;134;121
6744.0;59;79;122;97;134;121
6750.0;59;78;123;96;135;121
6756.0;59;78;124;96;134;121
6762.0;58;78;124;96;134;122
6768.0;58;78;123;97;134;122
6774.0;58;78;122;97;134;123
6780.0;58;78;121;98;133;124
6786.0;57;79;120;98;133;125
6792.0;56;80;120;97;134;125
6798.0;56;80;121;96;134;125
6804.0;57;81;121;95;134;124
6810.0;59;81;120;96;134;122
6816.0;59;81;120;96;134;122
6822.0;59;81;120;96;134;122
6828.0;59;80;121;96;134;122
6834.0;59;80;121;96;134;122
6840.0;58;80;122;96;134;122
6846.0;58;80;122;96;134;122
6852.0;58;81;122;95;134;122
6858.0;59;81;122;97;134;119
6864.0;58;81;122;97;134;120
6870.0;59;80;122;97;134;120
6876.0;58;80;123;97;134;120
6882.0;58;80;122;97;135;120
6888.0;58;80;121;97;136;120
6894.0;60;80;121;93;137;121
6900.0;59;78;121;93;138;123
6906.0;61;77;121;92;138;123
6912.0;62;77;121;91;138;123
6918.0;63;77;121;90;138;123
6924.0;62;77;122;90;137;124
6930.0;61;77;122;90;137;125
6936.0;61;78;122;89;137;125
6942.0;61;78;122;89;137;125
6948.0;62;76;122;90;137;125
6954.0;62;76;123;91;137;123
6960.0;62;76;123;91;136;124
6966.0;61;75;122;90;139;125
6972.0;62;74;124;88;138;126
6978.0;62;74;125;87;138;126
6984.0;62;74;126;86;138;126
6990.0;61;75;126;86;138;126
6996.0;61;75;126;86;138;126
7002.0;62;75;126;85;138;126
7008.0;62;75;125;86;138;126
7014.0;62;74;125;86;139;126
7020.0;62;74;124;87;139;126
7026.0;62;75;124;86;139;126
7032.0;62;75;123;87;139;126
7038.0;62;74;123;88;139;126
7044.0;61;74;124;88;139;126
7050.0;61;74;124;88;138;127
7056.0;63;74;125;88;135;127
7062.0;63;73;125;88;136;127
7068.0;62;74;125;89;136;126
7074.0;62;74;125;89;136;126
7080.0;62;74;125;89;135;127
7086.0;62;74;124;89;135;128
7092.0;62;73;124;90;135;128
7098.0;63;72;124;89;135;129
7104.0;63;72;124;89;135;129
7110.0;64;72;124;90;133;129
7116.0;64;72;124;90;132;130
7122.0;65;73;124;89;131;130
7128.0;66;73;124;89;130;130
7134.0;66;73;124;88;131;130
7140.0;66;73;124;88;131;130
7146.0;66;73;124;88;131;130
7152.0;66;73;123;88;132;130
7158.0;66;73;123;88;132;130
7164.0;66;73;123;88;132;130
7170.0;66;73;123;88;132;130
7176.0;65;72;122;89;133;131
7182.0;64;72;123;88;134;131
7188.0;64;72;122;88;134;132
7194.0;64;72;121;89;134;132
7200.0;64;72;121;89;134;132
7206.0;63;73;121;88;134;133
7212.0;63;74;122;88;134;131
7218.0;63;74;122;88;134;131
7224.0;63;75;123;86;134;131
7230.0;63;75;123;86;134;131
7236.0;64;76;123;85;133;131
7242.0;64;78;123;85;133;129
7248.0;64;78;123;86;133;128
7254.0;64;78;123;86;133;128
7260.0;63;79;123;85;135;127
7266.0;63;77;125;86;134;127
7272.0;63;77;126;85;135;126
7278.0;64;76;126;84;136;126
7284.0;66;76;126;84;134;126
7290.0;68;76;125;84;133;126
7296.0;70;75;124;84;133;126
7302.0;70;75;123;85;133;126
7308.0;70;75;123;84;132;128
7314.0;70;75;123;82;134;128
7320.0;70;75;123;82;134;128
7326.0;69;76;123;81;135;128
7332.0;69;76;123;81;135;128
7338.0;68;76;123;81;135;129
7344.0;68;76;124;80;135;129
7350.0;68;76;124;80;135;129
7356.0;68;76;124;79;136;129
7362.0;68;76;124;80;137;127
7368.0;69;76;124;79;137;127
7374.0;69;76;124;79;137;127
7380.0;69;75;125;79;138;126
7386.0;69;77;124;79;138;125
7392.0;70;76;124;79;138;125
7398.0;70;76;124;78;139;125
7404.0;69;76;124;78;140;125
7410.0;69;76;124;78;140;125
7416.0;69;76;123;78;140;126
7422.0;69;76;122;78;139;128
7428.0;69;76;122;78;139;128
7434.0;70;77;122;78;137;128
7440.0;68;78;122;78;137;129
7446.0;68;78;122;77;138;129
7452.0;68;78;121;78;138;129
7458.0;69;78;121;77;138;129
7464.0;69;78;121;77;138;129
7470.0;69;78;121;77;138;129
7476.0;69;78;121;76;138;130
7482.0;70;77;118;76;139;132
7488.0;69;77;118;76;139;133
7494.0;69;77;118;76;139;133
7500.0;69;77;118;76;139;133
7506.0;70;77;118;76;138;133
7512.0;70;76;118;76;139;133
7518.0;70;76;118;75;140;133
7524.0;69;76;117;75;141;134
7530.0;69;76;117;75;141;134
7536.0;68;76;119;74;141;134
7542.0;66;75;120;75;142;134
7548.0;66;76;122;73;141;134
7554.0;66;75;122;72;141;136
7560.0;67;75;122;72;140;136
7566.0;67;75;123;72;139;136
7572.0;68;75;123;72;138;136
7578.0;68;74;124;72;138;136
7584.0;66;76;125;73;138;134
7590.0;65;77;125;72;138;135
7596.0;65;77;125;72;138;135
7602.0;65;77;125;72;138;135
7608.0;65;77;125;72;138;135
7614.0;65;77;125;72;138;135
7620.0;65;77;126;71;138;135
7626.0;65;77;126;71;138;135
7632.0;65;77;126;71;138;135
7638.0;65;77;126;71;137;136
7644.0;65;77;127;70;137;136
7650.0;63;77;127;71;137;137
7656.0;63;77;127;71;137;137
7662.0;63;77;127;70;138;137
7668.0;63;78;127;70;137;137
7674.0;62;78;128;70;138;136
7680.0;62;79;125;71;139;136
7686.0;62;80;124;72;138;136
7692.0;62;79;123;73;138;137
7698.0;62;79;123;73;139;136
7704.0;62;79;123;73;139;136
7710.0;62;79;123;73;139;136
7716.0;62;79;123;73;140;135
7722.0;61;80;123;73;141;134
7728.0;61;80;123;75;140;133
7734.0;61;79;123;74;140;135
7740.0;60;79;123;74;140;136
7746.0;60;79;122;74;141;136
7752.0;62;78;122;74;140;136
7758.0;62;79;121;74;140;136
7764.0;62;78;122;74;140;136
7770.0;63;78;122;73;140;136
7776.0;63;78;122;73;140;136
7782.0;62;78;123;73;139;137
7788.0;62;78;123;73;138;138
7794.0;61;78;123;74;138;138
7800.0;61;78;123;74;138;138
7806.0;62;78;122;74;138;138
7812.0;62;78;122;75;137;138
7818.0;62;78;122;75;137;138
7824.0;62;78;122;75;137;138
7830.0;61;78;122;75;137;139
7836.0;61;79;122;75;136;139
7842.0;60;80;122;76;135;139
7848.0;60;80;122;76;135;139
7854.0;59;79;123;76;136;139
7860.0;59;79;123;76;136;139
7866.0;58;79;124;76;136;139
7872.0;58;79;124;74;137;140
7878.0;58;79;124;74;137;140
7884.0;58;79;124;74;137;140
7890.0;58;79;125;74;136;140
7896.0;57;80;125;74;138;138
7902.0;58;80;125;74;138;137
7908.0;58;80;125;74;138;137
7914.0;58;80;125;74;138;137
7920.0;58;80;125;74;138;137
7926.0;57;81;124;74;139;137
7932.0;57;82;125;73;139;136
7938.0;57;82;125;73;139;136
7944.0;57;82;125;73;139;136
7950.0;57;82;125;73;139;136
7956.0;59;82;125;73;138;135
7962.0;60;81;125;73;138;135
7968.0;61;81;125;72;138;135
7974.0;61;81;125;72;138;135
7980.0;61;81;122;74;138;136
7986.0;61;81;122;74;138;136
7992.0;61;81;122;74;138;136
7998.0;61;81;123;74;139;134
8004.0;62;82;122;75;138;133
8010.0;62;82;123;75;138;132
8016.0;63;82;122;75;139;131
8022.0;63;82;122;75;139;131
8028.0;64;83;121;75;138;131
8034.0;64;83;121;75;138;131
8040.0;64;83;121;75;138;131
8046.0;64;83;121;75;137;132
8052.0;64;82;120;75;137;134
8058.0;64;82;121;74;137;134
8064.0;64;82;122;73;136;135
8070.0;64;82;122;73;136;135
8076.0;65;82;122;73;136;134
8082.0;66;83;122;73;136;132
8088.0;65;83;122;73;137;132
8094.0;64;83;122;73;138;132
8100.0;62;83;123;73;138;133
8106.0;62;84;123;73;138;132
8112.0;61;84;123;73;139;132
8118.0;61;84;123;73;139;132
8124.0;61;83;122;73;140;133
8130.0;61;84;122;72;139;134
8136.0;61;84;122;72;139;134
8142.0;61;84;122;72;139;134
8148.0;60;84;122;72;139;135
8154.0;59;84;123;73;138;135
8160.0;59;84;123;74;138;134
8166.0;60;84;122;74;138;134
8172.0;59;85;123;73;138;134
8178.0;59;85;123;74;137;134
8184.0;60;83;124;74;137;134
8190.0;61;84;123;73;137;134
8196.0;60;85;123;72;138;134
8202.0;60;84;123;72;138;135
8208.0;60;84;123;72;138;135
8214.0;60;84;123;72;138;135
8220.0;59;86;123;73;137;134
8226.0;58;85;123;73;138;135
8232.0;58;85;123;73;139;134
8238.0;58;86;124;72;138;134
8244.0;58;86;122;73;139;134
8250.0;59;84;123;73;139;134
8256.0;59;84;123;74;138;134
8262.0;59;84;123;74;139;133
8268.0;59;84;123;74;139;133
8274.0;59;84;123;74;139;133
8280.0;59;83;123;74;139;134
8286.0;58;84;123;73;140;134
8292.0;58;86;121;73;140;134
8298.0;58;86;121;73;140;134
8304.0;58;86;121;73;140;134
8310.0;58;86;121;73;140;134
8316.0;60;85;121;72;140;134
8322.0;61;86;122;69;140;134
8328.0;61;86;122;69;141;133
8334.0;62;86;122;69;140;133
8340.0;62;86;123;69;140;132
8346.0;62;85;124;69;140;132
8352.0;61;85;124;69;141;132
8358.0;60;85;124;70;141;132
8364.0;60;86;123;70;141;132
8370.0;59;85;124;71;141;132
8376.0;58;85;124;72;141;132
8382.0;57;86;124;73;140;132
8388.0;58;86;124;73;140;131
8394.0;59;86;123;73;140;131
8400.0;59;86;123;73;140;131
8406.0;59;88;123;72;139;131
8412.0;59;88;123;72;139;131
8418.0;59;90;123;71;139;130
8424.0;60;90;123;70;139;130
8430.0;59;88;123;70;142;130
8436.0;59;88;123;70;142;130
8442.0;59;89;123;71;141;129
8448.0;60;88;123;71;142;128
8454.0;61;88;122;71;142;128
8460.0;61;88;121;71;142;129
8466.0;62;88;121;71;142;128
8472.0;62;88;121;72;141;128
8478.0;62;88;120;72;142;128
8484.0;62;89;120;72;141;128
8490.0;62;88;120;72;142;128
8496.0;61;89;120;73;141;128
8502.0;61;89;120;73;141;128
8508.0;62;89;120;74;140;127
8514.0;62;89;120;74;140;127
8520.0;62;89;120;74;140;127
8526.0;62;91;120;74;140;125
8532.0;62;91;120;74;140;125
8538.0;63;91;120;74;139;125
8544.0;63;91;121;73;139;125
8550.0;63;91;121;73;138;126
8556.0;63;91;121;72;139;126
8562.0;63;91;121;72;139;126
8568.0;63;89;122;72;140;126
8574.0;63;89;122;71;140;127
8580.0;63;89;122;71;140;127
8586.0;63;88;122;71;141;127
8592.0;63;89;122;71;140;127
8598.0;63;89;122;71;141;126
8604.0;63;89;121;71;142;126
8610.0;62;89;121;71;143;126
8616.0;61;89;121;73;142;126
8622.0;60;89;120;73;142;128
8628.0;60;89;121;74;143;125
8634.0;58;89;123;73;143;126
8640.0;59;89;123;73;143;125
8646.0;59;89;123;73;143;125
8652.0;59;89;123;73;143;125
8658.0;58;88;125;73;142;126
8664.0;57;88;124;74;142;127
8670.0;57;88;124;74;143;126
8676.0;56;87;124;76;143;126
8682.0;56;87;124;76;143;126
8688.0;56;87;124;76;142;127
8694.0;56;87;125;76;141;127
8700.0;56;88;125;76;141;126
8706.0;57;87;125;76;141;126
8712.0;57;87;124;76;142;126
8718.0;57;86;123;76;142;128
8724.0;58;86;123;76;141;128
8730.0;57;86;123;77;141;128
8736.0;57;87;121;77;142;128
8742.0;56;87;122;77;142;128
8748.0;56;87;122;77;142;128
8754.0;56;86;122;77;143;128
8760.0;55;87;122;76;143;129
8766.0;55;87;122;76;144;128
8772.0;55;87;122;77;143;128
8778.0;55;87;122;77;142;129
8784.0;54;87;122;78;142;129
8790.0;54;87;122;78;142;129
8796.0;54;87;121;78;143;129
8802.0;54;87;121;78;143;129
8808.0;54;87;121;78;143;129
8814.0;54;88;121;78;142;129
8820.0;54;88;121;78;142;129
8826.0;53;87;123;78;142;129
8832.0;53;87;123;78;142;129
8838.0;52;88;123;78;142;129
8844.0;52;88;123;79;142;128
8850.0;52;89;123;77;142;129
8856.0;52;88;123;77;142;130
8862.0;53;87;122;78;142;130
8868.0;53;87;122;78;142;130
8874.0;52;87;123;79;142;129
8880.0;52;87;123;79;142;129
8886.0;52;86;125;81;142;126
8892.0;52;86;125;81;142;126
8898.0;50;87;126;82;142;125
8904.0;50;86;126;82;142;126
8910.0;49;86;126;82;142;127
8916.0;49;86;127;82;142;126
8922.0;49;85;127;82;141;128
8928.0;50;85;126;83;140;128
8934.0;51;86;123;85;140;127
8940.0;52;86;123;84;140;127
8946.0;52;86;123;84;140;127
8952.0;51;87;123;84;140;127
8958.0;51;87;123;85;139;127
8964.0;51;89;123;83;139;127
8970.0;52;89;122;82;140;127
8976.0;51;90;122;82;140;127
8982.0;51;90;123;83;139;126
8988.0;51;90;123;82;140;126
8994.0;51;90;123;82;140;126
9000.0;50;89;125;83;140;125
9006.0;49;89;125;83;140;126
9012.0;49;89;124;82;141;127
9018.0;49;89;124;82;141;127
9024.0;49;89;124;82;142;126
9030.0;49;89;124;82;142;126
9036.0;49;88;125;82;142;126
9042.0;48;89;124;81;142;128
9048.0;48;89;123;81;142;129
9054.0;48;90;123;79;143;129
9060.0;48;91;122;80;143;128
9066.0;48;91;122;80;143;128
9072.0;47;93;122;79;143;128
9078.0;47;92;122;79;143;129
9084.0;47;91;123;79;143;129
9090.0;47;90;123;79;143;130
9096.0;47;90;123;79;143;130
9102.0;46;90;123;79;143;131
9108.0;47;90;124;77;143;131
9114.0;47;90;124;78;143;130
9120.0;46;91;124;78;143;130
9126.0;46;91;124;78;143;130
9132.0;46;91;124;77;144;130
9138.0;46;91;124;76;144;131
9144.0;47;90;123;76;145;131
9150.0;47;90;123;76;145;131
9156.0;47;91;123;76;145;130
9162.0;47;91;122;76;145;131
9168.0;47;92;122;76;144;131
9174.0;47;92;122;76;144;131
9180.0;46;93;122;76;144;131
9186.0;46;93;122;76;144;131
9192.0;47;91;122;77;143;132
9198.0;48;91;122;77;143;131
9204.0;48;91;122;79;143;129
9210.0;49;91;122;79;143;128
9216.0;49;91;124;80;142;126
9222.0;48;91;124;80;143;126
9228.0;47;92;123;82;143;125
9234.0;46;92;124;81;143;126
9240.0;45;92;125;83;142;125
9246.0;44;91;125;84;143;125
9252.0;44;91;125;84;143;125
9258.0;44;89;127;83;144;125
9264.0;44;89;127;83;144;125
9270.0;44;89;128;83;143;125
9276.0;44;89;129;83;142;125
9282.0;44;89;129;83;142;125
9288.0;43;89;130;83;142;125
9294.0;44;88;130;83;142;125
9300.0;44;88;129;84;142;125
9306.0;43;88;129;84;142;126
9312.0;43;89;129;85;141;125
9318.0;43;89;129;85;141;125
9324.0;43;89;130;84;141;125
9330.0;41;91;129;85;141;125
9336.0;42;90;128;85;140;127
9342.0;42;90;128;85;140;127
9348.0;42;90;128;85;140;127
9354.0;42;90;128;84;140;128
9360.0;42;90;128;84;140;128
9366.0;43;90;128;84;139;128
9372.0;43;90;128;84;139;128
9378.0;43;90;128;83;140;128
9384.0;44;89;128;81;141;129
9390.0;44;89;127;81;141;130
9396.0;43;89;127;82;141;130
9402.0;43;89;127;81;141;131
9408.0;41;89;127;81;141;133
9414.0;41;88;128;81;141;133
9420.0;42;87;128;81;141;133
9426.0;42;87;128;81;141;133
9432.0;44;86;128;81;140;133
9438.0;43;87;128;82;139;133
9444.0;44;86;127;82;140;133
9450.0;44;85;127;83;139;134
9456.0;44;85;128;83;139;133
9462.0;43;85;129;83;139;133
9468.0;43;85;129;83;140;132
9474.0;42;85;130;84;140;131
9480.0;42;86;130;84;140;130
9486.0;43;86;129;85;140;129
9492.0;41;88;130;86;139;128
9498.0;41;88;130;86;139;128
9504.0;41;88;131;86;139;127
9510.0;41;88;130;86;140;127
9516.0;42;88;130;86;140;126
9522.0;42;89;130;86;140;125
9528.0;41;89;131;86;140;125
9534.0;41;89;131;86;140;125
9540.0;41;88;132;86;140;125
9546.0;41;89;132;85;140;125
9552.0;41;89;132;84;140;126
9558.0;40;89;133;84;140;126
9564.0;40;90;133;82;140;127
9570.0;40;90;134;81;140;127
9576.0;40;90;134;81;140;127
9582.0;39;91;134;80;141;127
9588.0;39;91;134;80;141;127
9594.0;38;92;134;81;140;127
9600.0;38;92;134;81;140;127
9606.0;39;92;134;81;140;126
9612.0;39;92;134;80;140;127
9618.0;39;93;134;80;141;125
9624.0;39;92;133;81;142;125
9630.0;39;92;133;81;142;125
9636.0;38;92;133;82;142;125
9642.0;38;92;133;82;142;125
9648.0;37;92;133;83;142;125
9654.0;37;92;133;83;142;125
9660.0;37;92;133;83;142;125
9666.0;37;92;133;82;143;125
9672.0;37;92;133;82;143;125
9678.0;38;94;133;81;142;124
9684.0;37;96;133;81;142;123
9690.0;36;96;133;81;142;124
9696.0;36;96;133;81;142;124
9702.0;35;96;134;81;141;125
9708.0;35;96;134;81;141;125
9714.0;35;94;134;81;142;126
9720.0;35;94;133;82;142;126
9726.0;37;95;132;81;141;126
9732.0;36;94;133;80;142;127
9738.0;36;94;133;80;142;127
9744.0;36;94;133;81;142;126
9750.0;37;94;132;81;142;126
9756.0;37;94;132;80;143;126
9762.0;36;94;132;80;144;126
9768.0;36;94;133;80;144;125
9774.0;37;94;133;80;146;122
9780.0;38;94;133;81;144;122
9786.0;38;94;133;81;144;122
9792.0;38;94;133;82;144;121
9798.0;41;95;131;82;143;120
9804.0;42;94;131;82;143;120
9810.0;42;96;131;82;141;120
9816.0;43;97;129;82;142;119
9822.0;43;97;129;82;142;119
9828.0;43;97;128;82;142;120
9834.0;44;97;128;82;141;120
9840.0;43;96;130;82;142;119
9846.0;43;96;131;82;141;119
9852.0;43;94;133;82;141;119
9858.0;44;94;132;82;141;119
9864.0;44;94;132;83;140;119
9870.0;44;93;132;83;141;119
9876.0;45;93;132;83;140;119
9882.0;44;92;132;84;141;119
9888.0;44;91;132;86;141;118
9894.0;46;91;132;85;140;118
9900.0;45;91;132;85;140;119
9906.0;45;90;133;84;141;119
9912.0;47;90;132;83;141;119
9918.0;48;91;133;83;140;117
9924.0;48;89;133;84;140;118
9930.0;48;89;133;84;140;118
9936.0;48;87;134;85;139;119
9942.0;48;87;134;84;140;119
9948.0;48;87;134;84;140;119
9954.0;48;87;134;84;140;119
9960.0;48;87;134;83;140;120
9966.0;48;87;134;83;140;120
9972.0;47;88;134;83;140;120
9978.0;47;88;134;83;140;120
9984.0;47;89;134;84;140;118
9990.0;46;89;135;84;140;118
9996.0;45;89;135;84;140;119
10002.0;45;89;135;84;140;119
10008.0;46;88;136;84;139;119
10014.0;46;89;136;84;138;119
10020.0;46;89;136;85;138;118
10026.0;47;89;136;85;137;118
10032.0;47;89;137;85;136;118
10038.0;47;89;137;85;136;118
10044.0;48;88;136;85;137;118
10050.0;47;87;136;86;137;119
10056.0;45;87;137;87;137;119
10062.0;43;87;137;88;137;120
10068.0;44;87;135;89;138;119
10074.0;44;87;135;89;139;118
10080.0;43;88;136;87;140;118
10086.0;43;88;136;87;140;118
10092.0;44;88;136;86;140;118
10098.0;43;88;136;87;140;118
10104.0;42;88;136;88;140;118
10110.0;43;87;137;87;140;118
10116.0;44;86;137;87;141;117
10122.0;44;86;137;87;141;117
10128.0;43;86;137;87;142;117
10134.0;44;87;137;86;141;117
10140.0;44;86;137;86;142;117
10146.0;44;86;137;86;142;117
10152.0;44;87;137;85;142;117
10158.0;45;87;137;84;142;117
10164.0;44;86;136;84;144;118
10170.0;44;86;136;84;144;118
10176.0;44;86;136;84;144;118
10182.0;45;86;137;84;143;117
10188.0;44;85;137;86;143;117
10194.0;45;84;137;85;143;118
10200.0;46;84;137;84;144;117
10206.0;46;84;138;84;144;116
10212.0;45;84;139;84;144;116
10218.0;46;85;139;84;142;116
10224.0;46;85;139;84;142;116
10230.0;46;85;139;84;141;117
10236.0;46;85;139;84;141;117
10242.0;47;84;139;84;142;116
10248.0;49;83;139;85;141;115
10254.0;50;83;138;85;141;115
10260.0;50;83;138;85;141;115
10266.0;49;84;138;85;141;115
10272.0;49;84;138;85;141;115
10278.0;50;84;138;86;140;114
10284.0;50;83;139;85;140;115
10290.0;50;82;139;85;141;115
10296.0;51;82;139;87;138;115
10302.0;51;82;139;87;138;115
10308.0;51;82;140;86;138;115
10314.0;52;82;140;84;138;116
10320.0;51;82;140;84;138;117
10326.0;52;82;139;84;138;117
10332.0;52;81;140;84;138;117
10338.0;52;83;140;84;137;116
10344.0;52;83;140;84;137;116
10350.0;52;83;140;84;137;116
10356.0;52;83;140;84;137;116
10362.0;52;83;140;84;137;116
10368.0;53;83;139;84;137;116
10374.0;53;81;139;84;138;117
10380.0;54;80;139;84;138;117
10386.0;54;80;139;82;138;119
10392.0;54;78;139;83;139;119
10398.0;53;79;139;83;139;119
10404.0;53;79;139;82;139;120
10410.0;52;79;139;83;139;120
10416.0;52;80;139;84;139;118
10422.0;52;81;139;85;138;117
10428.0;52;81;139;85;138;117
10434.0;52;82;139;83;139;117
10440.0;52;82;139;83;139;117
10446.0;51;82;140;83;138;118
10452.0;52;82;140;84;137;117
10458.0;52;81;141;84;137;117
10464.0;53;79;141;85;137;117
10470.0;54;79;141;85;137;116
10476.0;55;78;141;88;133;117
10482.0;54;77;142;89;133;117
10488.0;52;77;144;89;133;117
10494.0;51;77;143;88;134;119
10500.0;51;76;143;87;135;120
10506.0;49;76;143;88;135;121
10512.0;48;77;143;88;136;120
10518.0;48;76;144;87;137;120
10524.0;48;76;144;87;137;120
10530.0;49;75;143;88;137;120
10536.0;48;76;143;88;137;120
10542.0;48;76;143;88;137;120
10548.0;48;76;143;88;137;120
10554.0;49;76;143;88;136;120
10560.0;49;76;142;89;136;120
10566.0;50;75;142;89;136;120
10572.0;49;76;143;89;136;119
10578.0;49;76;142;89;136;120
10584.0;50;76;140;90;136;120
10590.0;50;77;140;91;135;119
10596.0;50;78;140;90;135;119
10602.0;51;77;140;90;135;119
10608.0;51;76;140;90;135;120
10614.0;51;77;140;89;135;120
10620.0;51;77;140;88;136;120
10626.0;51;77;140;88;136;120
10632.0;51;77;140;88;137;119
10638.0;52;77;141;88;136;118
10644.0;53;77;140;88;136;118
10650.0;53;78;139;90;136;116
10656.0;52;78;138;90;136;118
10662.0;52;79;139;90;135;117
10668.0;52;79;139;90;135;117
10674.0;50;81;139;90;135;117
10680.0;50;81;138;89;136;118
10686.0;50;81;138;89;136;118
10692.0;50;80;137;90;137;118
10698.0;50;80;137;90;137;118
10704.0;50;80;137;90;137;118
10710.0;50;80;136;91;137;118
10716.0;50;81;136;90;136;119
10722.0;50;80;135;91;136;120
10728.0;51;81;134;90;136;120
10734.0;51;81;134;90;136;120
10740.0;52;81;134;90;134;121
10746.0;52;81;133;90;135;121
10752.0;53;80;133;91;134;121
10758.0;52;81;134;91;133;121
10764.0;51;81;135;90;132;123
10770.0;51;80;135;90;133;123
10776.0;51;79;136;89;134;123
10782.0;50;79;136;89;134;124
10788.0;50;79;135;90;134;124
10794.0;50;79;135;90;134;124
